L 11/08/2022 - 07:28:13: SourceMod error session started
L 11/08/2022 - 07:28:13: Info (map "de_mirage") (file "/badfupo/server1/csgo/addons/sourcemod/logs/errors_20221108.log")
L 11/08/2022 - 07:28:13: [SM] Exception reported: Array index out-of-bounds (index 64, limit 55)
L 11/08/2022 - 07:28:13: [SM] Blaming: weapon_restrict.smx
L 11/08/2022 - 07:28:13: [SM] Call stack trace:
L 11/08/2022 - 07:28:13: [SM]   [1] Line 202, restrictinc/events.sp::CS_OnBuyCommand
L 11/08/2022 - 07:28:13: [SM] Exception reported: Array index out-of-bounds (index 64, limit 55)
L 11/08/2022 - 07:28:13: [SM] Blaming: weapon_restrict.smx
L 11/08/2022 - 07:28:13: [SM] Call stack trace:
L 11/08/2022 - 07:28:13: [SM]   [1] Line 202, restrictinc/events.sp::CS_OnBuyCommand
L 11/08/2022 - 07:36:36: Error log file session closed.
L 11/08/2022 - 07:36:59: SourceMod error session started
L 11/08/2022 - 07:36:59: Info (map "de_mirage") (file "/badfupo/server1/csgo/addons/sourcemod/logs/errors_20221108.log")
L 11/08/2022 - 07:36:59: [SM] Exception reported: Array index out-of-bounds (index 64, limit 55)
L 11/08/2022 - 07:36:59: [SM] Blaming: weapon_restrict.smx
L 11/08/2022 - 07:36:59: [SM] Call stack trace:
L 11/08/2022 - 07:36:59: [SM]   [1] Line 202, restrictinc/events.sp::CS_OnBuyCommand
L 11/08/2022 - 07:37:00: [SM] Exception reported: Array index out-of-bounds (index 64, limit 55)
L 11/08/2022 - 07:37:00: [SM] Blaming: weapon_restrict.smx
L 11/08/2022 - 07:37:00: [SM] Call stack trace:
L 11/08/2022 - 07:37:00: [SM]   [1] Line 202, restrictinc/events.sp::CS_OnBuyCommand
L 11/08/2022 - 08:09:47: Error log file session closed.
L 11/08/2022 - 10:46:51: SourceMod error session started
L 11/08/2022 - 10:46:51: Info (map "de_mirage") (file "/badfupo/server1/csgo/addons/sourcemod/logs/errors_20221108.log")
L 11/08/2022 - 10:46:51: [warmod.smx] Plug-in tEasyFTP.smx required to auto upload demos
L 11/08/2022 - 11:08:33: Error log file session closed.
L 11/08/2022 - 13:13:34: SourceMod error session started
L 11/08/2022 - 13:13:34: Info (map "de_mirage") (file "/badfupo/server1/csgo/addons/sourcemod/logs/errors_20221108.log")
L 11/08/2022 - 13:13:34: [SM] Exception reported: Array index out-of-bounds (index 64, limit 55)
L 11/08/2022 - 13:13:34: [SM] Blaming: weapon_restrict.smx
L 11/08/2022 - 13:13:34: [SM] Call stack trace:
L 11/08/2022 - 13:13:34: [SM]   [1] Line 202, restrictinc/events.sp::CS_OnBuyCommand
L 11/08/2022 - 13:26:48: [levelsranks.smx] SQL_Callback Error (7921): Lost connection to MySQL server during query
L 11/08/2022 - 13:41:24: Error log file session closed.
L 11/08/2022 - 14:03:50: SourceMod error session started
L 11/08/2022 - 14:03:50: Info (map "de_mirage") (file "/badfupo/server1/csgo/addons/sourcemod/logs/errors_20221108.log")
L 11/08/2022 - 14:03:50: [SM] Exception reported: Array index out-of-bounds (index 64, limit 55)
L 11/08/2022 - 14:03:50: [SM] Blaming: weapon_restrict.smx
L 11/08/2022 - 14:03:50: [SM] Call stack trace:
L 11/08/2022 - 14:03:50: [SM]   [1] Line 202, restrictinc/events.sp::CS_OnBuyCommand
L 11/08/2022 - 14:06:26: [SM] Exception reported: Array index out-of-bounds (index 64, limit 55)
L 11/08/2022 - 14:06:26: [SM] Blaming: weapon_restrict.smx
L 11/08/2022 - 14:06:26: [SM] Call stack trace:
L 11/08/2022 - 14:06:26: [SM]   [1] Line 202, restrictinc/events.sp::CS_OnBuyCommand
L 11/08/2022 - 14:07:05: [SM] Exception reported: Array index out-of-bounds (index 64, limit 55)
L 11/08/2022 - 14:07:05: [SM] Blaming: weapon_restrict.smx
L 11/08/2022 - 14:07:05: [SM] Call stack trace:
L 11/08/2022 - 14:07:05: [SM]   [1] Line 202, restrictinc/events.sp::CS_OnBuyCommand
L 11/08/2022 - 14:11:32: [SM] Exception reported: Array index out-of-bounds (index 64, limit 55)
L 11/08/2022 - 14:11:32: [SM] Blaming: weapon_restrict.smx
L 11/08/2022 - 14:11:32: [SM] Call stack trace:
L 11/08/2022 - 14:11:32: [SM]   [1] Line 202, restrictinc/events.sp::CS_OnBuyCommand
L 11/08/2022 - 14:12:00: [SM] Exception reported: Array index out-of-bounds (index 64, limit 55)
L 11/08/2022 - 14:12:00: [SM] Blaming: weapon_restrict.smx
L 11/08/2022 - 14:12:00: [SM] Call stack trace:
L 11/08/2022 - 14:12:00: [SM]   [1] Line 202, restrictinc/events.sp::CS_OnBuyCommand
L 11/08/2022 - 14:12:31: [SM] Exception reported: Array index out-of-bounds (index 64, limit 55)
L 11/08/2022 - 14:12:31: [SM] Blaming: weapon_restrict.smx
L 11/08/2022 - 14:12:31: [SM] Call stack trace:
L 11/08/2022 - 14:12:31: [SM]   [1] Line 202, restrictinc/events.sp::CS_OnBuyCommand
L 11/08/2022 - 14:12:52: [SM] Exception reported: Array index out-of-bounds (index 64, limit 55)
L 11/08/2022 - 14:12:52: [SM] Blaming: weapon_restrict.smx
L 11/08/2022 - 14:12:52: [SM] Call stack trace:
L 11/08/2022 - 14:12:52: [SM]   [1] Line 202, restrictinc/events.sp::CS_OnBuyCommand
L 11/08/2022 - 14:13:38: [SM] Exception reported: Array index out-of-bounds (index 64, limit 55)
L 11/08/2022 - 14:13:38: [SM] Blaming: weapon_restrict.smx
L 11/08/2022 - 14:13:38: [SM] Call stack trace:
L 11/08/2022 - 14:13:38: [SM]   [1] Line 202, restrictinc/events.sp::CS_OnBuyCommand
L 11/08/2022 - 14:13:53: [SM] Exception reported: Array index out-of-bounds (index 64, limit 55)
L 11/08/2022 - 14:13:53: [SM] Blaming: weapon_restrict.smx
L 11/08/2022 - 14:13:53: [SM] Call stack trace:
L 11/08/2022 - 14:13:53: [SM]   [1] Line 202, restrictinc/events.sp::CS_OnBuyCommand
L 11/08/2022 - 14:14:28: [SM] Exception reported: Array index out-of-bounds (index 64, limit 55)
L 11/08/2022 - 14:14:28: [SM] Blaming: weapon_restrict.smx
L 11/08/2022 - 14:14:28: [SM] Call stack trace:
L 11/08/2022 - 14:14:28: [SM]   [1] Line 202, restrictinc/events.sp::CS_OnBuyCommand
L 11/08/2022 - 14:14:52: [SM] Exception reported: Array index out-of-bounds (index 64, limit 55)
L 11/08/2022 - 14:14:52: [SM] Blaming: weapon_restrict.smx
L 11/08/2022 - 14:14:52: [SM] Call stack trace:
L 11/08/2022 - 14:14:52: [SM]   [1] Line 202, restrictinc/events.sp::CS_OnBuyCommand
L 11/08/2022 - 14:15:23: [SM] Exception reported: Array index out-of-bounds (index 64, limit 55)
L 11/08/2022 - 14:15:23: [SM] Blaming: weapon_restrict.smx
L 11/08/2022 - 14:15:23: [SM] Call stack trace:
L 11/08/2022 - 14:15:23: [SM]   [1] Line 202, restrictinc/events.sp::CS_OnBuyCommand
L 11/08/2022 - 14:15:41: [SM] Exception reported: Array index out-of-bounds (index 64, limit 55)
L 11/08/2022 - 14:15:41: [SM] Blaming: weapon_restrict.smx
L 11/08/2022 - 14:15:41: [SM] Call stack trace:
L 11/08/2022 - 14:15:41: [SM]   [1] Line 202, restrictinc/events.sp::CS_OnBuyCommand
L 11/08/2022 - 14:15:56: [SM] Exception reported: Array index out-of-bounds (index 64, limit 55)
L 11/08/2022 - 14:15:56: [SM] Blaming: weapon_restrict.smx
L 11/08/2022 - 14:15:56: [SM] Call stack trace:
L 11/08/2022 - 14:15:56: [SM]   [1] Line 202, restrictinc/events.sp::CS_OnBuyCommand
L 11/08/2022 - 14:16:07: [SM] Exception reported: Array index out-of-bounds (index 64, limit 55)
L 11/08/2022 - 14:16:07: [SM] Blaming: weapon_restrict.smx
L 11/08/2022 - 14:16:07: [SM] Call stack trace:
L 11/08/2022 - 14:16:07: [SM]   [1] Line 202, restrictinc/events.sp::CS_OnBuyCommand
L 11/08/2022 - 14:16:22: [SM] Exception reported: Array index out-of-bounds (index 64, limit 55)
L 11/08/2022 - 14:16:22: [SM] Blaming: weapon_restrict.smx
L 11/08/2022 - 14:16:22: [SM] Call stack trace:
L 11/08/2022 - 14:16:22: [SM]   [1] Line 202, restrictinc/events.sp::CS_OnBuyCommand
L 11/08/2022 - 14:16:36: [SM] Exception reported: Array index out-of-bounds (index 64, limit 55)
L 11/08/2022 - 14:16:36: [SM] Blaming: weapon_restrict.smx
L 11/08/2022 - 14:16:36: [SM] Call stack trace:
L 11/08/2022 - 14:16:36: [SM]   [1] Line 202, restrictinc/events.sp::CS_OnBuyCommand
L 11/08/2022 - 14:16:41: [SM] Exception reported: Array index out-of-bounds (index 64, limit 55)
L 11/08/2022 - 14:16:41: [SM] Blaming: weapon_restrict.smx
L 11/08/2022 - 14:16:41: [SM] Call stack trace:
L 11/08/2022 - 14:16:41: [SM]   [1] Line 202, restrictinc/events.sp::CS_OnBuyCommand
L 11/08/2022 - 14:16:46: [SM] Exception reported: Array index out-of-bounds (index 64, limit 55)
L 11/08/2022 - 14:16:46: [SM] Blaming: weapon_restrict.smx
L 11/08/2022 - 14:16:46: [SM] Call stack trace:
L 11/08/2022 - 14:16:46: [SM]   [1] Line 202, restrictinc/events.sp::CS_OnBuyCommand
L 11/08/2022 - 14:16:51: [SM] Exception reported: Array index out-of-bounds (index 64, limit 55)
L 11/08/2022 - 14:16:51: [SM] Blaming: weapon_restrict.smx
L 11/08/2022 - 14:16:51: [SM] Call stack trace:
L 11/08/2022 - 14:16:51: [SM]   [1] Line 202, restrictinc/events.sp::CS_OnBuyCommand
L 11/08/2022 - 14:16:55: [SM] Exception reported: Array index out-of-bounds (index 64, limit 55)
L 11/08/2022 - 14:16:55: [SM] Blaming: weapon_restrict.smx
L 11/08/2022 - 14:16:55: [SM] Call stack trace:
L 11/08/2022 - 14:16:55: [SM]   [1] Line 202, restrictinc/events.sp::CS_OnBuyCommand
L 11/08/2022 - 14:17:00: [SM] Exception reported: Array index out-of-bounds (index 64, limit 55)
L 11/08/2022 - 14:17:00: [SM] Blaming: weapon_restrict.smx
L 11/08/2022 - 14:17:00: [SM] Call stack trace:
L 11/08/2022 - 14:17:00: [SM]   [1] Line 202, restrictinc/events.sp::CS_OnBuyCommand
L 11/08/2022 - 14:17:06: [SM] Exception reported: Array index out-of-bounds (index 64, limit 55)
L 11/08/2022 - 14:17:06: [SM] Blaming: weapon_restrict.smx
L 11/08/2022 - 14:17:06: [SM] Call stack trace:
L 11/08/2022 - 14:17:06: [SM]   [1] Line 202, restrictinc/events.sp::CS_OnBuyCommand
L 11/08/2022 - 14:17:14: [SM] Exception reported: Array index out-of-bounds (index 64, limit 55)
L 11/08/2022 - 14:17:14: [SM] Blaming: weapon_restrict.smx
L 11/08/2022 - 14:17:14: [SM] Call stack trace:
L 11/08/2022 - 14:17:14: [SM]   [1] Line 202, restrictinc/events.sp::CS_OnBuyCommand
L 11/08/2022 - 14:17:30: [SM] Exception reported: Array index out-of-bounds (index 64, limit 55)
L 11/08/2022 - 14:17:30: [SM] Blaming: weapon_restrict.smx
L 11/08/2022 - 14:17:30: [SM] Call stack trace:
L 11/08/2022 - 14:17:30: [SM]   [1] Line 202, restrictinc/events.sp::CS_OnBuyCommand
L 11/08/2022 - 14:18:29: [SM] Exception reported: Array index out-of-bounds (index 64, limit 55)
L 11/08/2022 - 14:18:29: [SM] Blaming: weapon_restrict.smx
L 11/08/2022 - 14:18:29: [SM] Call stack trace:
L 11/08/2022 - 14:18:29: [SM]   [1] Line 202, restrictinc/events.sp::CS_OnBuyCommand
L 11/08/2022 - 14:19:50: [SM] Exception reported: Array index out-of-bounds (index 64, limit 55)
L 11/08/2022 - 14:19:50: [SM] Blaming: weapon_restrict.smx
L 11/08/2022 - 14:19:50: [SM] Call stack trace:
L 11/08/2022 - 14:19:50: [SM]   [1] Line 202, restrictinc/events.sp::CS_OnBuyCommand
L 11/08/2022 - 14:20:43: [SM] Exception reported: Array index out-of-bounds (index 64, limit 55)
L 11/08/2022 - 14:20:43: [SM] Blaming: weapon_restrict.smx
L 11/08/2022 - 14:20:43: [SM] Call stack trace:
L 11/08/2022 - 14:20:43: [SM]   [1] Line 202, restrictinc/events.sp::CS_OnBuyCommand
L 11/08/2022 - 14:20:57: [SM] Exception reported: Array index out-of-bounds (index 64, limit 55)
L 11/08/2022 - 14:20:57: [SM] Blaming: weapon_restrict.smx
L 11/08/2022 - 14:20:57: [SM] Call stack trace:
L 11/08/2022 - 14:20:57: [SM]   [1] Line 202, restrictinc/events.sp::CS_OnBuyCommand
L 11/08/2022 - 14:21:11: [SM] Exception reported: Array index out-of-bounds (index 64, limit 55)
L 11/08/2022 - 14:21:11: [SM] Blaming: weapon_restrict.smx
L 11/08/2022 - 14:21:11: [SM] Call stack trace:
L 11/08/2022 - 14:21:11: [SM]   [1] Line 202, restrictinc/events.sp::CS_OnBuyCommand
L 11/08/2022 - 14:21:20: [SM] Exception reported: Array index out-of-bounds (index 64, limit 55)
L 11/08/2022 - 14:21:20: [SM] Blaming: weapon_restrict.smx
L 11/08/2022 - 14:21:20: [SM] Call stack trace:
L 11/08/2022 - 14:21:20: [SM]   [1] Line 202, restrictinc/events.sp::CS_OnBuyCommand
L 11/08/2022 - 14:21:25: [SM] Exception reported: Array index out-of-bounds (index 64, limit 55)
L 11/08/2022 - 14:21:25: [SM] Blaming: weapon_restrict.smx
L 11/08/2022 - 14:21:25: [SM] Call stack trace:
L 11/08/2022 - 14:21:25: [SM]   [1] Line 202, restrictinc/events.sp::CS_OnBuyCommand
L 11/08/2022 - 14:21:31: [SM] Exception reported: Array index out-of-bounds (index 64, limit 55)
L 11/08/2022 - 14:21:31: [SM] Blaming: weapon_restrict.smx
L 11/08/2022 - 14:21:31: [SM] Call stack trace:
L 11/08/2022 - 14:21:31: [SM]   [1] Line 202, restrictinc/events.sp::CS_OnBuyCommand
L 11/08/2022 - 14:21:41: [SM] Exception reported: Array index out-of-bounds (index 64, limit 55)
L 11/08/2022 - 14:21:41: [SM] Blaming: weapon_restrict.smx
L 11/08/2022 - 14:21:41: [SM] Call stack trace:
L 11/08/2022 - 14:21:41: [SM]   [1] Line 202, restrictinc/events.sp::CS_OnBuyCommand
L 11/08/2022 - 14:21:46: [SM] Exception reported: Array index out-of-bounds (index 64, limit 55)
L 11/08/2022 - 14:21:46: [SM] Blaming: weapon_restrict.smx
L 11/08/2022 - 14:21:46: [SM] Call stack trace:
L 11/08/2022 - 14:21:46: [SM]   [1] Line 202, restrictinc/events.sp::CS_OnBuyCommand
L 11/08/2022 - 14:21:54: [SM] Exception reported: Array index out-of-bounds (index 64, limit 55)
L 11/08/2022 - 14:21:54: [SM] Blaming: weapon_restrict.smx
L 11/08/2022 - 14:21:54: [SM] Call stack trace:
L 11/08/2022 - 14:21:54: [SM]   [1] Line 202, restrictinc/events.sp::CS_OnBuyCommand
L 11/08/2022 - 14:22:02: [SM] Exception reported: Array index out-of-bounds (index 64, limit 55)
L 11/08/2022 - 14:22:02: [SM] Blaming: weapon_restrict.smx
L 11/08/2022 - 14:22:02: [SM] Call stack trace:
L 11/08/2022 - 14:22:02: [SM]   [1] Line 202, restrictinc/events.sp::CS_OnBuyCommand
L 11/08/2022 - 14:22:06: [SM] Exception reported: Array index out-of-bounds (index 64, limit 55)
L 11/08/2022 - 14:22:06: [SM] Blaming: weapon_restrict.smx
L 11/08/2022 - 14:22:06: [SM] Call stack trace:
L 11/08/2022 - 14:22:06: [SM]   [1] Line 202, restrictinc/events.sp::CS_OnBuyCommand
L 11/08/2022 - 14:22:11: [SM] Exception reported: Array index out-of-bounds (index 64, limit 55)
L 11/08/2022 - 14:22:11: [SM] Blaming: weapon_restrict.smx
L 11/08/2022 - 14:22:11: [SM] Call stack trace:
L 11/08/2022 - 14:22:11: [SM]   [1] Line 202, restrictinc/events.sp::CS_OnBuyCommand
L 11/08/2022 - 14:22:15: [SM] Exception reported: Array index out-of-bounds (index 64, limit 55)
L 11/08/2022 - 14:22:15: [SM] Blaming: weapon_restrict.smx
L 11/08/2022 - 14:22:15: [SM] Call stack trace:
L 11/08/2022 - 14:22:15: [SM]   [1] Line 202, restrictinc/events.sp::CS_OnBuyCommand
L 11/08/2022 - 14:22:22: [SM] Exception reported: Array index out-of-bounds (index 64, limit 55)
L 11/08/2022 - 14:22:22: [SM] Blaming: weapon_restrict.smx
L 11/08/2022 - 14:22:22: [SM] Call stack trace:
L 11/08/2022 - 14:22:22: [SM]   [1] Line 202, restrictinc/events.sp::CS_OnBuyCommand
L 11/08/2022 - 14:22:27: [SM] Exception reported: Array index out-of-bounds (index 64, limit 55)
L 11/08/2022 - 14:22:27: [SM] Blaming: weapon_restrict.smx
L 11/08/2022 - 14:22:27: [SM] Call stack trace:
L 11/08/2022 - 14:22:27: [SM]   [1] Line 202, restrictinc/events.sp::CS_OnBuyCommand
L 11/08/2022 - 14:22:30: [SM] Exception reported: Array index out-of-bounds (index 64, limit 55)
L 11/08/2022 - 14:22:30: [SM] Blaming: weapon_restrict.smx
L 11/08/2022 - 14:22:30: [SM] Call stack trace:
L 11/08/2022 - 14:22:30: [SM]   [1] Line 202, restrictinc/events.sp::CS_OnBuyCommand
L 11/08/2022 - 14:22:34: [SM] Exception reported: Array index out-of-bounds (index 64, limit 55)
L 11/08/2022 - 14:22:34: [SM] Blaming: weapon_restrict.smx
L 11/08/2022 - 14:22:34: [SM] Call stack trace:
L 11/08/2022 - 14:22:34: [SM]   [1] Line 202, restrictinc/events.sp::CS_OnBuyCommand
L 11/08/2022 - 14:22:40: [SM] Exception reported: Array index out-of-bounds (index 64, limit 55)
L 11/08/2022 - 14:22:40: [SM] Blaming: weapon_restrict.smx
L 11/08/2022 - 14:22:40: [SM] Call stack trace:
L 11/08/2022 - 14:22:40: [SM]   [1] Line 202, restrictinc/events.sp::CS_OnBuyCommand
L 11/08/2022 - 14:22:44: [SM] Exception reported: Array index out-of-bounds (index 64, limit 55)
L 11/08/2022 - 14:22:44: [SM] Blaming: weapon_restrict.smx
L 11/08/2022 - 14:22:44: [SM] Call stack trace:
L 11/08/2022 - 14:22:44: [SM]   [1] Line 202, restrictinc/events.sp::CS_OnBuyCommand
L 11/08/2022 - 14:22:50: [SM] Exception reported: Array index out-of-bounds (index 64, limit 55)
L 11/08/2022 - 14:22:50: [SM] Blaming: weapon_restrict.smx
L 11/08/2022 - 14:22:50: [SM] Call stack trace:
L 11/08/2022 - 14:22:50: [SM]   [1] Line 202, restrictinc/events.sp::CS_OnBuyCommand
L 11/08/2022 - 14:22:55: [SM] Exception reported: Array index out-of-bounds (index 64, limit 55)
L 11/08/2022 - 14:22:55: [SM] Blaming: weapon_restrict.smx
L 11/08/2022 - 14:22:55: [SM] Call stack trace:
L 11/08/2022 - 14:22:55: [SM]   [1] Line 202, restrictinc/events.sp::CS_OnBuyCommand
L 11/08/2022 - 14:23:17: [SM] Exception reported: Array index out-of-bounds (index 64, limit 55)
L 11/08/2022 - 14:23:17: [SM] Blaming: weapon_restrict.smx
L 11/08/2022 - 14:23:17: [SM] Call stack trace:
L 11/08/2022 - 14:23:17: [SM]   [1] Line 202, restrictinc/events.sp::CS_OnBuyCommand
L 11/08/2022 - 14:23:26: [SM] Exception reported: Array index out-of-bounds (index 64, limit 55)
L 11/08/2022 - 14:23:26: [SM] Blaming: weapon_restrict.smx
L 11/08/2022 - 14:23:26: [SM] Call stack trace:
L 11/08/2022 - 14:23:26: [SM]   [1] Line 202, restrictinc/events.sp::CS_OnBuyCommand
L 11/08/2022 - 14:23:55: [SM] Exception reported: Array index out-of-bounds (index 64, limit 55)
L 11/08/2022 - 14:23:55: [SM] Blaming: weapon_restrict.smx
L 11/08/2022 - 14:23:55: [SM] Call stack trace:
L 11/08/2022 - 14:23:55: [SM]   [1] Line 202, restrictinc/events.sp::CS_OnBuyCommand
L 11/08/2022 - 14:24:02: [SM] Exception reported: Array index out-of-bounds (index 64, limit 55)
L 11/08/2022 - 14:24:02: [SM] Blaming: weapon_restrict.smx
L 11/08/2022 - 14:24:02: [SM] Call stack trace:
L 11/08/2022 - 14:24:02: [SM]   [1] Line 202, restrictinc/events.sp::CS_OnBuyCommand
L 11/08/2022 - 14:24:08: [SM] Exception reported: Array index out-of-bounds (index 64, limit 55)
L 11/08/2022 - 14:24:08: [SM] Blaming: weapon_restrict.smx
L 11/08/2022 - 14:24:08: [SM] Call stack trace:
L 11/08/2022 - 14:24:08: [SM]   [1] Line 202, restrictinc/events.sp::CS_OnBuyCommand
L 11/08/2022 - 14:24:14: [SM] Exception reported: Array index out-of-bounds (index 64, limit 55)
L 11/08/2022 - 14:24:14: [SM] Blaming: weapon_restrict.smx
L 11/08/2022 - 14:24:14: [SM] Call stack trace:
L 11/08/2022 - 14:24:14: [SM]   [1] Line 202, restrictinc/events.sp::CS_OnBuyCommand
L 11/08/2022 - 14:24:17: [SM] Exception reported: Array index out-of-bounds (index 64, limit 55)
L 11/08/2022 - 14:24:17: [SM] Blaming: weapon_restrict.smx
L 11/08/2022 - 14:24:17: [SM] Call stack trace:
L 11/08/2022 - 14:24:17: [SM]   [1] Line 202, restrictinc/events.sp::CS_OnBuyCommand
L 11/08/2022 - 14:24:18: [SM] Exception reported: Array index out-of-bounds (index 64, limit 55)
L 11/08/2022 - 14:24:18: [SM] Blaming: weapon_restrict.smx
L 11/08/2022 - 14:24:18: [SM] Call stack trace:
L 11/08/2022 - 14:24:18: [SM]   [1] Line 202, restrictinc/events.sp::CS_OnBuyCommand
L 11/08/2022 - 14:24:22: [SM] Exception reported: Array index out-of-bounds (index 64, limit 55)
L 11/08/2022 - 14:24:22: [SM] Blaming: weapon_restrict.smx
L 11/08/2022 - 14:24:22: [SM] Call stack trace:
L 11/08/2022 - 14:24:22: [SM]   [1] Line 202, restrictinc/events.sp::CS_OnBuyCommand
L 11/08/2022 - 14:24:24: [SM] Exception reported: Array index out-of-bounds (index 64, limit 55)
L 11/08/2022 - 14:24:24: [SM] Blaming: weapon_restrict.smx
L 11/08/2022 - 14:24:24: [SM] Call stack trace:
L 11/08/2022 - 14:24:24: [SM]   [1] Line 202, restrictinc/events.sp::CS_OnBuyCommand
L 11/08/2022 - 14:24:28: [SM] Exception reported: Array index out-of-bounds (index 64, limit 55)
L 11/08/2022 - 14:24:28: [SM] Blaming: weapon_restrict.smx
L 11/08/2022 - 14:24:28: [SM] Call stack trace:
L 11/08/2022 - 14:24:28: [SM]   [1] Line 202, restrictinc/events.sp::CS_OnBuyCommand
L 11/08/2022 - 14:24:34: [SM] Exception reported: Array index out-of-bounds (index 64, limit 55)
L 11/08/2022 - 14:24:34: [SM] Blaming: weapon_restrict.smx
L 11/08/2022 - 14:24:34: [SM] Call stack trace:
L 11/08/2022 - 14:24:34: [SM]   [1] Line 202, restrictinc/events.sp::CS_OnBuyCommand
L 11/08/2022 - 14:24:40: [SM] Exception reported: Array index out-of-bounds (index 64, limit 55)
L 11/08/2022 - 14:24:40: [SM] Blaming: weapon_restrict.smx
L 11/08/2022 - 14:24:40: [SM] Call stack trace:
L 11/08/2022 - 14:24:40: [SM]   [1] Line 202, restrictinc/events.sp::CS_OnBuyCommand
L 11/08/2022 - 14:24:42: [SM] Exception reported: Array index out-of-bounds (index 64, limit 55)
L 11/08/2022 - 14:24:42: [SM] Blaming: weapon_restrict.smx
L 11/08/2022 - 14:24:42: [SM] Call stack trace:
L 11/08/2022 - 14:24:42: [SM]   [1] Line 202, restrictinc/events.sp::CS_OnBuyCommand
L 11/08/2022 - 14:24:44: [SM] Exception reported: Array index out-of-bounds (index 64, limit 55)
L 11/08/2022 - 14:24:44: [SM] Blaming: weapon_restrict.smx
L 11/08/2022 - 14:24:44: [SM] Call stack trace:
L 11/08/2022 - 14:24:44: [SM]   [1] Line 202, restrictinc/events.sp::CS_OnBuyCommand
L 11/08/2022 - 14:24:58: [SM] Exception reported: Array index out-of-bounds (index 64, limit 55)
L 11/08/2022 - 14:24:58: [SM] Blaming: weapon_restrict.smx
L 11/08/2022 - 14:24:58: [SM] Call stack trace:
L 11/08/2022 - 14:24:58: [SM]   [1] Line 202, restrictinc/events.sp::CS_OnBuyCommand
L 11/08/2022 - 14:25:06: [SM] Exception reported: Array index out-of-bounds (index 64, limit 55)
L 11/08/2022 - 14:25:06: [SM] Blaming: weapon_restrict.smx
L 11/08/2022 - 14:25:06: [SM] Call stack trace:
L 11/08/2022 - 14:25:06: [SM]   [1] Line 202, restrictinc/events.sp::CS_OnBuyCommand
L 11/08/2022 - 14:25:16: [SM] Exception reported: Array index out-of-bounds (index 64, limit 55)
L 11/08/2022 - 14:25:16: [SM] Blaming: weapon_restrict.smx
L 11/08/2022 - 14:25:16: [SM] Call stack trace:
L 11/08/2022 - 14:25:16: [SM]   [1] Line 202, restrictinc/events.sp::CS_OnBuyCommand
L 11/08/2022 - 14:25:34: [SM] Exception reported: Array index out-of-bounds (index 64, limit 55)
L 11/08/2022 - 14:25:34: [SM] Blaming: weapon_restrict.smx
L 11/08/2022 - 14:25:34: [SM] Call stack trace:
L 11/08/2022 - 14:25:34: [SM]   [1] Line 202, restrictinc/events.sp::CS_OnBuyCommand
L 11/08/2022 - 14:25:59: [SM] Exception reported: Array index out-of-bounds (index 64, limit 55)
L 11/08/2022 - 14:25:59: [SM] Blaming: weapon_restrict.smx
L 11/08/2022 - 14:25:59: [SM] Call stack trace:
L 11/08/2022 - 14:25:59: [SM]   [1] Line 202, restrictinc/events.sp::CS_OnBuyCommand
L 11/08/2022 - 14:25:59: [SM] Exception reported: Array index out-of-bounds (index 64, limit 55)
L 11/08/2022 - 14:25:59: [SM] Blaming: weapon_restrict.smx
L 11/08/2022 - 14:25:59: [SM] Call stack trace:
L 11/08/2022 - 14:25:59: [SM]   [1] Line 202, restrictinc/events.sp::CS_OnBuyCommand
L 11/08/2022 - 14:26:15: [SM] Exception reported: Array index out-of-bounds (index 64, limit 55)
L 11/08/2022 - 14:26:15: [SM] Blaming: weapon_restrict.smx
L 11/08/2022 - 14:26:15: [SM] Call stack trace:
L 11/08/2022 - 14:26:15: [SM]   [1] Line 202, restrictinc/events.sp::CS_OnBuyCommand
L 11/08/2022 - 14:26:24: [SM] Exception reported: Array index out-of-bounds (index 64, limit 55)
L 11/08/2022 - 14:26:24: [SM] Blaming: weapon_restrict.smx
L 11/08/2022 - 14:26:24: [SM] Call stack trace:
L 11/08/2022 - 14:26:24: [SM]   [1] Line 202, restrictinc/events.sp::CS_OnBuyCommand
L 11/08/2022 - 14:26:26: [SM] Exception reported: Array index out-of-bounds (index 64, limit 55)
L 11/08/2022 - 14:26:26: [SM] Blaming: weapon_restrict.smx
L 11/08/2022 - 14:26:26: [SM] Call stack trace:
L 11/08/2022 - 14:26:26: [SM]   [1] Line 202, restrictinc/events.sp::CS_OnBuyCommand
L 11/08/2022 - 14:26:32: [SM] Exception reported: Array index out-of-bounds (index 64, limit 55)
L 11/08/2022 - 14:26:32: [SM] Blaming: weapon_restrict.smx
L 11/08/2022 - 14:26:32: [SM] Call stack trace:
L 11/08/2022 - 14:26:32: [SM]   [1] Line 202, restrictinc/events.sp::CS_OnBuyCommand
L 11/08/2022 - 14:26:45: [SM] Exception reported: Array index out-of-bounds (index 64, limit 55)
L 11/08/2022 - 14:26:45: [SM] Blaming: weapon_restrict.smx
L 11/08/2022 - 14:26:45: [SM] Call stack trace:
L 11/08/2022 - 14:26:45: [SM]   [1] Line 202, restrictinc/events.sp::CS_OnBuyCommand
L 11/08/2022 - 14:26:55: [SM] Exception reported: Array index out-of-bounds (index 64, limit 55)
L 11/08/2022 - 14:26:55: [SM] Blaming: weapon_restrict.smx
L 11/08/2022 - 14:26:55: [SM] Call stack trace:
L 11/08/2022 - 14:26:55: [SM]   [1] Line 202, restrictinc/events.sp::CS_OnBuyCommand
L 11/08/2022 - 14:26:57: [SM] Exception reported: Array index out-of-bounds (index 64, limit 55)
L 11/08/2022 - 14:26:57: [SM] Blaming: weapon_restrict.smx
L 11/08/2022 - 14:26:57: [SM] Call stack trace:
L 11/08/2022 - 14:26:57: [SM]   [1] Line 202, restrictinc/events.sp::CS_OnBuyCommand
L 11/08/2022 - 14:27:32: [SM] Exception reported: Array index out-of-bounds (index 64, limit 55)
L 11/08/2022 - 14:27:32: [SM] Blaming: weapon_restrict.smx
L 11/08/2022 - 14:27:32: [SM] Call stack trace:
L 11/08/2022 - 14:27:32: [SM]   [1] Line 202, restrictinc/events.sp::CS_OnBuyCommand
L 11/08/2022 - 14:27:46: [SM] Exception reported: Array index out-of-bounds (index 64, limit 55)
L 11/08/2022 - 14:27:46: [SM] Blaming: weapon_restrict.smx
L 11/08/2022 - 14:27:46: [SM] Call stack trace:
L 11/08/2022 - 14:27:46: [SM]   [1] Line 202, restrictinc/events.sp::CS_OnBuyCommand
L 11/08/2022 - 14:28:01: [SM] Exception reported: Array index out-of-bounds (index 64, limit 55)
L 11/08/2022 - 14:28:01: [SM] Blaming: weapon_restrict.smx
L 11/08/2022 - 14:28:01: [SM] Call stack trace:
L 11/08/2022 - 14:28:01: [SM]   [1] Line 202, restrictinc/events.sp::CS_OnBuyCommand
L 11/08/2022 - 14:28:11: [SM] Exception reported: Array index out-of-bounds (index 64, limit 55)
L 11/08/2022 - 14:28:11: [SM] Blaming: weapon_restrict.smx
L 11/08/2022 - 14:28:11: [SM] Call stack trace:
L 11/08/2022 - 14:28:11: [SM]   [1] Line 202, restrictinc/events.sp::CS_OnBuyCommand
L 11/08/2022 - 14:28:35: [SM] Exception reported: Array index out-of-bounds (index 64, limit 55)
L 11/08/2022 - 14:28:35: [SM] Blaming: weapon_restrict.smx
L 11/08/2022 - 14:28:35: [SM] Call stack trace:
L 11/08/2022 - 14:28:35: [SM]   [1] Line 202, restrictinc/events.sp::CS_OnBuyCommand
L 11/08/2022 - 14:28:48: [SM] Exception reported: Array index out-of-bounds (index 64, limit 55)
L 11/08/2022 - 14:28:48: [SM] Blaming: weapon_restrict.smx
L 11/08/2022 - 14:28:48: [SM] Call stack trace:
L 11/08/2022 - 14:28:48: [SM]   [1] Line 202, restrictinc/events.sp::CS_OnBuyCommand
L 11/08/2022 - 14:29:01: [SM] Exception reported: Array index out-of-bounds (index 64, limit 55)
L 11/08/2022 - 14:29:01: [SM] Blaming: weapon_restrict.smx
L 11/08/2022 - 14:29:01: [SM] Call stack trace:
L 11/08/2022 - 14:29:01: [SM]   [1] Line 202, restrictinc/events.sp::CS_OnBuyCommand
L 11/08/2022 - 14:29:13: [SM] Exception reported: Array index out-of-bounds (index 64, limit 55)
L 11/08/2022 - 14:29:13: [SM] Blaming: weapon_restrict.smx
L 11/08/2022 - 14:29:13: [SM] Call stack trace:
L 11/08/2022 - 14:29:13: [SM]   [1] Line 202, restrictinc/events.sp::CS_OnBuyCommand
L 11/08/2022 - 14:29:36: [SM] Exception reported: Array index out-of-bounds (index 64, limit 55)
L 11/08/2022 - 14:29:36: [SM] Blaming: weapon_restrict.smx
L 11/08/2022 - 14:29:36: [SM] Call stack trace:
L 11/08/2022 - 14:29:36: [SM]   [1] Line 202, restrictinc/events.sp::CS_OnBuyCommand
L 11/08/2022 - 14:58:26: [SM] Exception reported: Array index out-of-bounds (index 64, limit 55)
L 11/08/2022 - 14:58:26: [SM] Blaming: weapon_restrict.smx
L 11/08/2022 - 14:58:26: [SM] Call stack trace:
L 11/08/2022 - 14:58:26: [SM]   [1] Line 202, restrictinc/events.sp::CS_OnBuyCommand
L 11/08/2022 - 15:52:40: [SM] Exception reported: Array index out-of-bounds (index 64, limit 55)
L 11/08/2022 - 15:52:40: [SM] Blaming: weapon_restrict.smx
L 11/08/2022 - 15:52:40: [SM] Call stack trace:
L 11/08/2022 - 15:52:40: [SM]   [1] Line 202, restrictinc/events.sp::CS_OnBuyCommand
L 11/08/2022 - 17:20:05: [SM] Exception reported: Array index out-of-bounds (index 64, limit 55)
L 11/08/2022 - 17:20:05: [SM] Blaming: weapon_restrict.smx
L 11/08/2022 - 17:20:05: [SM] Call stack trace:
L 11/08/2022 - 17:20:05: [SM]   [1] Line 202, restrictinc/events.sp::CS_OnBuyCommand
L 11/08/2022 - 17:20:13: [SM] Exception reported: Array index out-of-bounds (index 64, limit 55)
L 11/08/2022 - 17:20:13: [SM] Blaming: weapon_restrict.smx
L 11/08/2022 - 17:20:13: [SM] Call stack trace:
L 11/08/2022 - 17:20:13: [SM]   [1] Line 202, restrictinc/events.sp::CS_OnBuyCommand
L 11/08/2022 - 17:20:32: [SM] Exception reported: Array index out-of-bounds (index 64, limit 55)
L 11/08/2022 - 17:20:32: [SM] Blaming: weapon_restrict.smx
L 11/08/2022 - 17:20:32: [SM] Call stack trace:
L 11/08/2022 - 17:20:32: [SM]   [1] Line 202, restrictinc/events.sp::CS_OnBuyCommand
L 11/08/2022 - 17:20:40: [SM] Exception reported: Array index out-of-bounds (index 64, limit 55)
L 11/08/2022 - 17:20:40: [SM] Blaming: weapon_restrict.smx
L 11/08/2022 - 17:20:40: [SM] Call stack trace:
L 11/08/2022 - 17:20:40: [SM]   [1] Line 202, restrictinc/events.sp::CS_OnBuyCommand
L 11/08/2022 - 17:21:02: [SM] Exception reported: Array index out-of-bounds (index 64, limit 55)
L 11/08/2022 - 17:21:02: [SM] Blaming: weapon_restrict.smx
L 11/08/2022 - 17:21:02: [SM] Call stack trace:
L 11/08/2022 - 17:21:02: [SM]   [1] Line 202, restrictinc/events.sp::CS_OnBuyCommand
L 11/08/2022 - 17:21:17: [SM] Exception reported: Array index out-of-bounds (index 64, limit 55)
L 11/08/2022 - 17:21:17: [SM] Blaming: weapon_restrict.smx
L 11/08/2022 - 17:21:17: [SM] Call stack trace:
L 11/08/2022 - 17:21:17: [SM]   [1] Line 202, restrictinc/events.sp::CS_OnBuyCommand
L 11/08/2022 - 17:21:35: [SM] Exception reported: Array index out-of-bounds (index 64, limit 55)
L 11/08/2022 - 17:21:35: [SM] Blaming: weapon_restrict.smx
L 11/08/2022 - 17:21:35: [SM] Call stack trace:
L 11/08/2022 - 17:21:35: [SM]   [1] Line 202, restrictinc/events.sp::CS_OnBuyCommand
L 11/08/2022 - 17:23:07: [SM] Exception reported: Array index out-of-bounds (index 64, limit 55)
L 11/08/2022 - 17:23:07: [SM] Blaming: weapon_restrict.smx
L 11/08/2022 - 17:23:07: [SM] Call stack trace:
L 11/08/2022 - 17:23:07: [SM]   [1] Line 202, restrictinc/events.sp::CS_OnBuyCommand
L 11/08/2022 - 17:23:26: [SM] Exception reported: Array index out-of-bounds (index 64, limit 55)
L 11/08/2022 - 17:23:26: [SM] Blaming: weapon_restrict.smx
L 11/08/2022 - 17:23:26: [SM] Call stack trace:
L 11/08/2022 - 17:23:26: [SM]   [1] Line 202, restrictinc/events.sp::CS_OnBuyCommand
L 11/08/2022 - 17:25:40: [SM] Exception reported: Array index out-of-bounds (index 64, limit 55)
L 11/08/2022 - 17:25:40: [SM] Blaming: weapon_restrict.smx
L 11/08/2022 - 17:25:40: [SM] Call stack trace:
L 11/08/2022 - 17:25:40: [SM]   [1] Line 202, restrictinc/events.sp::CS_OnBuyCommand
L 11/08/2022 - 17:25:51: [SM] Exception reported: Array index out-of-bounds (index 64, limit 55)
L 11/08/2022 - 17:25:51: [SM] Blaming: weapon_restrict.smx
L 11/08/2022 - 17:25:51: [SM] Call stack trace:
L 11/08/2022 - 17:25:51: [SM]   [1] Line 202, restrictinc/events.sp::CS_OnBuyCommand
L 11/08/2022 - 17:26:00: [SM] Exception reported: Array index out-of-bounds (index 64, limit 55)
L 11/08/2022 - 17:26:00: [SM] Blaming: weapon_restrict.smx
L 11/08/2022 - 17:26:00: [SM] Call stack trace:
L 11/08/2022 - 17:26:00: [SM]   [1] Line 202, restrictinc/events.sp::CS_OnBuyCommand
L 11/08/2022 - 18:07:07: Error log file session closed.
L 11/08/2022 - 18:07:30: SourceMod error session started
L 11/08/2022 - 18:07:30: Info (map "de_mirage") (file "/badfupo/server1/csgo/addons/sourcemod/logs/errors_20221108.log")
L 11/08/2022 - 18:07:30: [SM] Exception reported: Array index out-of-bounds (index 64, limit 55)
L 11/08/2022 - 18:07:30: [SM] Blaming: weapon_restrict.smx
L 11/08/2022 - 18:07:30: [SM] Call stack trace:
L 11/08/2022 - 18:07:30: [SM]   [1] Line 202, restrictinc/events.sp::CS_OnBuyCommand
L 11/08/2022 - 18:10:58: Error log file session closed.
L 11/08/2022 - 18:37:11: SourceMod error session started
L 11/08/2022 - 18:37:11: Info (map "de_mirage") (file "/badfupo/server1/csgo/addons/sourcemod/logs/errors_20221108.log")
L 11/08/2022 - 18:37:11: [SM] Exception reported: Array index out-of-bounds (index 64, limit 55)
L 11/08/2022 - 18:37:11: [SM] Blaming: weapon_restrict.smx
L 11/08/2022 - 18:37:11: [SM] Call stack trace:
L 11/08/2022 - 18:37:11: [SM]   [1] Line 202, restrictinc/events.sp::CS_OnBuyCommand
L 11/08/2022 - 18:37:18: [SM] Exception reported: Array index out-of-bounds (index 64, limit 55)
L 11/08/2022 - 18:37:18: [SM] Blaming: weapon_restrict.smx
L 11/08/2022 - 18:37:18: [SM] Call stack trace:
L 11/08/2022 - 18:37:18: [SM]   [1] Line 202, restrictinc/events.sp::CS_OnBuyCommand
L 11/08/2022 - 18:37:24: [SM] Exception reported: Array index out-of-bounds (index 64, limit 55)
L 11/08/2022 - 18:37:24: [SM] Blaming: weapon_restrict.smx
L 11/08/2022 - 18:37:24: [SM] Call stack trace:
L 11/08/2022 - 18:37:24: [SM]   [1] Line 202, restrictinc/events.sp::CS_OnBuyCommand
L 11/08/2022 - 18:37:30: [SM] Exception reported: Array index out-of-bounds (index 64, limit 55)
L 11/08/2022 - 18:37:30: [SM] Blaming: weapon_restrict.smx
L 11/08/2022 - 18:37:30: [SM] Call stack trace:
L 11/08/2022 - 18:37:30: [SM]   [1] Line 202, restrictinc/events.sp::CS_OnBuyCommand
L 11/08/2022 - 18:37:37: [SM] Exception reported: Array index out-of-bounds (index 64, limit 55)
L 11/08/2022 - 18:37:37: [SM] Blaming: weapon_restrict.smx
L 11/08/2022 - 18:37:37: [SM] Call stack trace:
L 11/08/2022 - 18:37:37: [SM]   [1] Line 202, restrictinc/events.sp::CS_OnBuyCommand
L 11/08/2022 - 18:52:31: [SM] Exception reported: Array index out-of-bounds (index 64, limit 55)
L 11/08/2022 - 18:52:31: [SM] Blaming: weapon_restrict.smx
L 11/08/2022 - 18:52:31: [SM] Call stack trace:
L 11/08/2022 - 18:52:31: [SM]   [1] Line 202, restrictinc/events.sp::CS_OnBuyCommand
L 11/08/2022 - 18:53:49: [SM] Exception reported: Array index out-of-bounds (index 64, limit 55)
L 11/08/2022 - 18:53:49: [SM] Blaming: weapon_restrict.smx
L 11/08/2022 - 18:53:49: [SM] Call stack trace:
L 11/08/2022 - 18:53:49: [SM]   [1] Line 202, restrictinc/events.sp::CS_OnBuyCommand
L 11/08/2022 - 21:51:49: Error log file session closed.
