L 10/29/2022 - 04:27:43: SourceMod error session started
L 10/29/2022 - 04:27:43: Info (map "de_dust2") (file "/badfupo/server1/csgo/addons/sourcemod/logs/errors_20221029.log")
L 10/29/2022 - 04:27:43: [SM] Exception reported: Array index out-of-bounds (index 64, limit 55)
L 10/29/2022 - 04:27:44: [SM] Blaming: weapon_restrict.smx
L 10/29/2022 - 04:27:44: [SM] Call stack trace:
L 10/29/2022 - 04:27:44: [SM]   [1] Line 202, restrictinc/events.sp::CS_OnBuyCommand
L 10/29/2022 - 04:27:44: [SM] Exception reported: Array index out-of-bounds (index 64, limit 55)
L 10/29/2022 - 04:27:44: [SM] Blaming: weapon_restrict.smx
L 10/29/2022 - 04:27:44: [SM] Call stack trace:
L 10/29/2022 - 04:27:44: [SM]   [1] Line 202, restrictinc/events.sp::CS_OnBuyCommand
L 10/29/2022 - 04:28:20: [SM] Exception reported: Array index out-of-bounds (index 64, limit 55)
L 10/29/2022 - 04:28:20: [SM] Blaming: weapon_restrict.smx
L 10/29/2022 - 04:28:20: [SM] Call stack trace:
L 10/29/2022 - 04:28:20: [SM]   [1] Line 202, restrictinc/events.sp::CS_OnBuyCommand
L 10/29/2022 - 04:28:53: [SM] Exception reported: Array index out-of-bounds (index 64, limit 55)
L 10/29/2022 - 04:28:53: [SM] Blaming: weapon_restrict.smx
L 10/29/2022 - 04:28:53: [SM] Call stack trace:
L 10/29/2022 - 04:28:53: [SM]   [1] Line 202, restrictinc/events.sp::CS_OnBuyCommand
L 10/29/2022 - 04:29:12: [SM] Exception reported: Array index out-of-bounds (index 64, limit 55)
L 10/29/2022 - 04:29:12: [SM] Blaming: weapon_restrict.smx
L 10/29/2022 - 04:29:12: [SM] Call stack trace:
L 10/29/2022 - 04:29:12: [SM]   [1] Line 202, restrictinc/events.sp::CS_OnBuyCommand
L 10/29/2022 - 04:29:54: [SM] Exception reported: Array index out-of-bounds (index 64, limit 55)
L 10/29/2022 - 04:29:54: [SM] Blaming: weapon_restrict.smx
L 10/29/2022 - 04:29:54: [SM] Call stack trace:
L 10/29/2022 - 04:29:54: [SM]   [1] Line 202, restrictinc/events.sp::CS_OnBuyCommand
L 10/29/2022 - 04:41:58: [SM] Exception reported: Array index out-of-bounds (index 64, limit 55)
L 10/29/2022 - 04:41:58: [SM] Blaming: weapon_restrict.smx
L 10/29/2022 - 04:41:58: [SM] Call stack trace:
L 10/29/2022 - 04:41:58: [SM]   [1] Line 202, restrictinc/events.sp::CS_OnBuyCommand
L 10/29/2022 - 04:48:22: [SM] Exception reported: Array index out-of-bounds (index 64, limit 55)
L 10/29/2022 - 04:48:22: [SM] Blaming: weapon_restrict.smx
L 10/29/2022 - 04:48:22: [SM] Call stack trace:
L 10/29/2022 - 04:48:22: [SM]   [1] Line 202, restrictinc/events.sp::CS_OnBuyCommand
L 10/29/2022 - 04:49:00: [SM] Exception reported: Array index out-of-bounds (index 64, limit 55)
L 10/29/2022 - 04:49:00: [SM] Blaming: weapon_restrict.smx
L 10/29/2022 - 04:49:00: [SM] Call stack trace:
L 10/29/2022 - 04:49:00: [SM]   [1] Line 202, restrictinc/events.sp::CS_OnBuyCommand
L 10/29/2022 - 04:49:50: [SM] Exception reported: Array index out-of-bounds (index 64, limit 55)
L 10/29/2022 - 04:49:50: [SM] Blaming: weapon_restrict.smx
L 10/29/2022 - 04:49:50: [SM] Call stack trace:
L 10/29/2022 - 04:49:50: [SM]   [1] Line 202, restrictinc/events.sp::CS_OnBuyCommand
L 10/29/2022 - 04:50:45: [SM] Exception reported: Array index out-of-bounds (index 64, limit 55)
L 10/29/2022 - 04:50:45: [SM] Blaming: weapon_restrict.smx
L 10/29/2022 - 04:50:45: [SM] Call stack trace:
L 10/29/2022 - 04:50:45: [SM]   [1] Line 202, restrictinc/events.sp::CS_OnBuyCommand
L 10/29/2022 - 04:51:38: [SM] Exception reported: Array index out-of-bounds (index 64, limit 55)
L 10/29/2022 - 04:51:38: [SM] Blaming: weapon_restrict.smx
L 10/29/2022 - 04:51:38: [SM] Call stack trace:
L 10/29/2022 - 04:51:38: [SM]   [1] Line 202, restrictinc/events.sp::CS_OnBuyCommand
L 10/29/2022 - 04:51:49: [SM] Exception reported: Array index out-of-bounds (index 64, limit 55)
L 10/29/2022 - 04:51:49: [SM] Blaming: weapon_restrict.smx
L 10/29/2022 - 04:51:49: [SM] Call stack trace:
L 10/29/2022 - 04:51:49: [SM]   [1] Line 202, restrictinc/events.sp::CS_OnBuyCommand
L 10/29/2022 - 04:52:00: [SM] Exception reported: Array index out-of-bounds (index 64, limit 55)
L 10/29/2022 - 04:52:00: [SM] Blaming: weapon_restrict.smx
L 10/29/2022 - 04:52:00: [SM] Call stack trace:
L 10/29/2022 - 04:52:00: [SM]   [1] Line 202, restrictinc/events.sp::CS_OnBuyCommand
L 10/29/2022 - 04:52:58: [SM] Exception reported: Array index out-of-bounds (index 64, limit 55)
L 10/29/2022 - 04:52:58: [SM] Blaming: weapon_restrict.smx
L 10/29/2022 - 04:52:58: [SM] Call stack trace:
L 10/29/2022 - 04:52:58: [SM]   [1] Line 202, restrictinc/events.sp::CS_OnBuyCommand
L 10/29/2022 - 04:53:24: [SM] Exception reported: Array index out-of-bounds (index 64, limit 55)
L 10/29/2022 - 04:53:24: [SM] Blaming: weapon_restrict.smx
L 10/29/2022 - 04:53:24: [SM] Call stack trace:
L 10/29/2022 - 04:53:24: [SM]   [1] Line 202, restrictinc/events.sp::CS_OnBuyCommand
L 10/29/2022 - 04:53:36: [SM] Exception reported: Array index out-of-bounds (index 64, limit 55)
L 10/29/2022 - 04:53:36: [SM] Blaming: weapon_restrict.smx
L 10/29/2022 - 04:53:36: [SM] Call stack trace:
L 10/29/2022 - 04:53:36: [SM]   [1] Line 202, restrictinc/events.sp::CS_OnBuyCommand
L 10/29/2022 - 04:54:02: [SM] Exception reported: Array index out-of-bounds (index 64, limit 55)
L 10/29/2022 - 04:54:02: [SM] Blaming: weapon_restrict.smx
L 10/29/2022 - 04:54:02: [SM] Call stack trace:
L 10/29/2022 - 04:54:02: [SM]   [1] Line 202, restrictinc/events.sp::CS_OnBuyCommand
L 10/29/2022 - 04:54:14: [SM] Exception reported: Array index out-of-bounds (index 64, limit 55)
L 10/29/2022 - 04:54:14: [SM] Blaming: weapon_restrict.smx
L 10/29/2022 - 04:54:14: [SM] Call stack trace:
L 10/29/2022 - 04:54:14: [SM]   [1] Line 202, restrictinc/events.sp::CS_OnBuyCommand
L 10/29/2022 - 04:54:24: [SM] Exception reported: Array index out-of-bounds (index 64, limit 55)
L 10/29/2022 - 04:54:24: [SM] Blaming: weapon_restrict.smx
L 10/29/2022 - 04:54:24: [SM] Call stack trace:
L 10/29/2022 - 04:54:24: [SM]   [1] Line 202, restrictinc/events.sp::CS_OnBuyCommand
L 10/29/2022 - 04:54:50: [SM] Exception reported: Array index out-of-bounds (index 64, limit 55)
L 10/29/2022 - 04:54:50: [SM] Blaming: weapon_restrict.smx
L 10/29/2022 - 04:54:50: [SM] Call stack trace:
L 10/29/2022 - 04:54:50: [SM]   [1] Line 202, restrictinc/events.sp::CS_OnBuyCommand
L 10/29/2022 - 04:54:58: [SM] Exception reported: Array index out-of-bounds (index 64, limit 55)
L 10/29/2022 - 04:54:58: [SM] Blaming: weapon_restrict.smx
L 10/29/2022 - 04:54:58: [SM] Call stack trace:
L 10/29/2022 - 04:54:58: [SM]   [1] Line 202, restrictinc/events.sp::CS_OnBuyCommand
L 10/29/2022 - 04:55:09: [SM] Exception reported: Array index out-of-bounds (index 64, limit 55)
L 10/29/2022 - 04:55:09: [SM] Blaming: weapon_restrict.smx
L 10/29/2022 - 04:55:09: [SM] Call stack trace:
L 10/29/2022 - 04:55:09: [SM]   [1] Line 202, restrictinc/events.sp::CS_OnBuyCommand
L 10/29/2022 - 04:55:22: [SM] Exception reported: Array index out-of-bounds (index 64, limit 55)
L 10/29/2022 - 04:55:22: [SM] Blaming: weapon_restrict.smx
L 10/29/2022 - 04:55:22: [SM] Call stack trace:
L 10/29/2022 - 04:55:22: [SM]   [1] Line 202, restrictinc/events.sp::CS_OnBuyCommand
L 10/29/2022 - 04:55:43: [SM] Exception reported: Array index out-of-bounds (index 64, limit 55)
L 10/29/2022 - 04:55:43: [SM] Blaming: weapon_restrict.smx
L 10/29/2022 - 04:55:43: [SM] Call stack trace:
L 10/29/2022 - 04:55:43: [SM]   [1] Line 202, restrictinc/events.sp::CS_OnBuyCommand
L 10/29/2022 - 04:56:00: [SM] Exception reported: Array index out-of-bounds (index 64, limit 55)
L 10/29/2022 - 04:56:00: [SM] Blaming: weapon_restrict.smx
L 10/29/2022 - 04:56:00: [SM] Call stack trace:
L 10/29/2022 - 04:56:00: [SM]   [1] Line 202, restrictinc/events.sp::CS_OnBuyCommand
L 10/29/2022 - 04:56:05: [SM] Exception reported: Array index out-of-bounds (index 64, limit 55)
L 10/29/2022 - 04:56:05: [SM] Blaming: weapon_restrict.smx
L 10/29/2022 - 04:56:05: [SM] Call stack trace:
L 10/29/2022 - 04:56:05: [SM]   [1] Line 202, restrictinc/events.sp::CS_OnBuyCommand
L 10/29/2022 - 04:57:24: [SM] Exception reported: Array index out-of-bounds (index 64, limit 55)
L 10/29/2022 - 04:57:24: [SM] Blaming: weapon_restrict.smx
L 10/29/2022 - 04:57:24: [SM] Call stack trace:
L 10/29/2022 - 04:57:24: [SM]   [1] Line 202, restrictinc/events.sp::CS_OnBuyCommand
L 10/29/2022 - 04:58:23: [SM] Exception reported: Array index out-of-bounds (index 64, limit 55)
L 10/29/2022 - 04:58:23: [SM] Blaming: weapon_restrict.smx
L 10/29/2022 - 04:58:23: [SM] Call stack trace:
L 10/29/2022 - 04:58:23: [SM]   [1] Line 202, restrictinc/events.sp::CS_OnBuyCommand
L 10/29/2022 - 04:59:06: [SM] Exception reported: Array index out-of-bounds (index 64, limit 55)
L 10/29/2022 - 04:59:06: [SM] Blaming: weapon_restrict.smx
L 10/29/2022 - 04:59:06: [SM] Call stack trace:
L 10/29/2022 - 04:59:06: [SM]   [1] Line 202, restrictinc/events.sp::CS_OnBuyCommand
L 10/29/2022 - 04:59:25: [SM] Exception reported: Array index out-of-bounds (index 64, limit 55)
L 10/29/2022 - 04:59:25: [SM] Blaming: weapon_restrict.smx
L 10/29/2022 - 04:59:25: [SM] Call stack trace:
L 10/29/2022 - 04:59:25: [SM]   [1] Line 202, restrictinc/events.sp::CS_OnBuyCommand
L 10/29/2022 - 04:59:41: [SM] Exception reported: Array index out-of-bounds (index 64, limit 55)
L 10/29/2022 - 04:59:41: [SM] Blaming: weapon_restrict.smx
L 10/29/2022 - 04:59:41: [SM] Call stack trace:
L 10/29/2022 - 04:59:41: [SM]   [1] Line 202, restrictinc/events.sp::CS_OnBuyCommand
L 10/29/2022 - 05:00:32: [SM] Exception reported: Array index out-of-bounds (index 64, limit 55)
L 10/29/2022 - 05:00:32: [SM] Blaming: weapon_restrict.smx
L 10/29/2022 - 05:00:32: [SM] Call stack trace:
L 10/29/2022 - 05:00:32: [SM]   [1] Line 202, restrictinc/events.sp::CS_OnBuyCommand
L 10/29/2022 - 05:01:14: [SM] Exception reported: Array index out-of-bounds (index 64, limit 55)
L 10/29/2022 - 05:01:14: [SM] Blaming: weapon_restrict.smx
L 10/29/2022 - 05:01:14: [SM] Call stack trace:
L 10/29/2022 - 05:01:14: [SM]   [1] Line 202, restrictinc/events.sp::CS_OnBuyCommand
L 10/29/2022 - 05:01:30: [SM] Exception reported: Array index out-of-bounds (index 64, limit 55)
L 10/29/2022 - 05:01:30: [SM] Blaming: weapon_restrict.smx
L 10/29/2022 - 05:01:30: [SM] Call stack trace:
L 10/29/2022 - 05:01:30: [SM]   [1] Line 202, restrictinc/events.sp::CS_OnBuyCommand
L 10/29/2022 - 05:01:57: [SM] Exception reported: Array index out-of-bounds (index 64, limit 55)
L 10/29/2022 - 05:01:57: [SM] Blaming: weapon_restrict.smx
L 10/29/2022 - 05:01:57: [SM] Call stack trace:
L 10/29/2022 - 05:01:57: [SM]   [1] Line 202, restrictinc/events.sp::CS_OnBuyCommand
L 10/29/2022 - 05:02:12: [SM] Exception reported: Array index out-of-bounds (index 64, limit 55)
L 10/29/2022 - 05:02:12: [SM] Blaming: weapon_restrict.smx
L 10/29/2022 - 05:02:12: [SM] Call stack trace:
L 10/29/2022 - 05:02:12: [SM]   [1] Line 202, restrictinc/events.sp::CS_OnBuyCommand
L 10/29/2022 - 05:02:26: [SM] Exception reported: Array index out-of-bounds (index 64, limit 55)
L 10/29/2022 - 05:02:26: [SM] Blaming: weapon_restrict.smx
L 10/29/2022 - 05:02:26: [SM] Call stack trace:
L 10/29/2022 - 05:02:26: [SM]   [1] Line 202, restrictinc/events.sp::CS_OnBuyCommand
L 10/29/2022 - 05:03:22: [SM] Exception reported: Array index out-of-bounds (index 64, limit 55)
L 10/29/2022 - 05:03:22: [SM] Blaming: weapon_restrict.smx
L 10/29/2022 - 05:03:22: [SM] Call stack trace:
L 10/29/2022 - 05:03:22: [SM]   [1] Line 202, restrictinc/events.sp::CS_OnBuyCommand
L 10/29/2022 - 05:03:56: [SM] Exception reported: Array index out-of-bounds (index 64, limit 55)
L 10/29/2022 - 05:03:56: [SM] Blaming: weapon_restrict.smx
L 10/29/2022 - 05:03:56: [SM] Call stack trace:
L 10/29/2022 - 05:03:56: [SM]   [1] Line 202, restrictinc/events.sp::CS_OnBuyCommand
L 10/29/2022 - 05:04:19: [SM] Exception reported: Array index out-of-bounds (index 64, limit 55)
L 10/29/2022 - 05:04:19: [SM] Blaming: weapon_restrict.smx
L 10/29/2022 - 05:04:19: [SM] Call stack trace:
L 10/29/2022 - 05:04:19: [SM]   [1] Line 202, restrictinc/events.sp::CS_OnBuyCommand
L 10/29/2022 - 05:34:23: [SM] Exception reported: Array index out-of-bounds (index 64, limit 55)
L 10/29/2022 - 05:34:23: [SM] Blaming: weapon_restrict.smx
L 10/29/2022 - 05:34:23: [SM] Call stack trace:
L 10/29/2022 - 05:34:23: [SM]   [1] Line 202, restrictinc/events.sp::CS_OnBuyCommand
L 10/29/2022 - 05:34:34: [SM] Exception reported: Array index out-of-bounds (index 64, limit 55)
L 10/29/2022 - 05:34:34: [SM] Blaming: weapon_restrict.smx
L 10/29/2022 - 05:34:34: [SM] Call stack trace:
L 10/29/2022 - 05:34:34: [SM]   [1] Line 202, restrictinc/events.sp::CS_OnBuyCommand
L 10/29/2022 - 05:34:51: [SM] Exception reported: Array index out-of-bounds (index 64, limit 55)
L 10/29/2022 - 05:34:51: [SM] Blaming: weapon_restrict.smx
L 10/29/2022 - 05:34:51: [SM] Call stack trace:
L 10/29/2022 - 05:34:51: [SM]   [1] Line 202, restrictinc/events.sp::CS_OnBuyCommand
L 10/29/2022 - 05:35:14: [SM] Exception reported: Array index out-of-bounds (index 64, limit 55)
L 10/29/2022 - 05:35:14: [SM] Blaming: weapon_restrict.smx
L 10/29/2022 - 05:35:14: [SM] Call stack trace:
L 10/29/2022 - 05:35:14: [SM]   [1] Line 202, restrictinc/events.sp::CS_OnBuyCommand
L 10/29/2022 - 05:35:42: [SM] Exception reported: Array index out-of-bounds (index 64, limit 55)
L 10/29/2022 - 05:35:42: [SM] Blaming: weapon_restrict.smx
L 10/29/2022 - 05:35:42: [SM] Call stack trace:
L 10/29/2022 - 05:35:42: [SM]   [1] Line 202, restrictinc/events.sp::CS_OnBuyCommand
L 10/29/2022 - 05:36:22: [SM] Exception reported: Array index out-of-bounds (index 64, limit 55)
L 10/29/2022 - 05:36:22: [SM] Blaming: weapon_restrict.smx
L 10/29/2022 - 05:36:22: [SM] Call stack trace:
L 10/29/2022 - 05:36:22: [SM]   [1] Line 202, restrictinc/events.sp::CS_OnBuyCommand
L 10/29/2022 - 05:36:44: [SM] Exception reported: Array index out-of-bounds (index 64, limit 55)
L 10/29/2022 - 05:36:44: [SM] Blaming: weapon_restrict.smx
L 10/29/2022 - 05:36:44: [SM] Call stack trace:
L 10/29/2022 - 05:36:44: [SM]   [1] Line 202, restrictinc/events.sp::CS_OnBuyCommand
L 10/29/2022 - 05:37:11: [SM] Exception reported: Array index out-of-bounds (index 64, limit 55)
L 10/29/2022 - 05:37:11: [SM] Blaming: weapon_restrict.smx
L 10/29/2022 - 05:37:11: [SM] Call stack trace:
L 10/29/2022 - 05:37:11: [SM]   [1] Line 202, restrictinc/events.sp::CS_OnBuyCommand
L 10/29/2022 - 05:37:32: [SM] Exception reported: Array index out-of-bounds (index 64, limit 55)
L 10/29/2022 - 05:37:32: [SM] Blaming: weapon_restrict.smx
L 10/29/2022 - 05:37:32: [SM] Call stack trace:
L 10/29/2022 - 05:37:32: [SM]   [1] Line 202, restrictinc/events.sp::CS_OnBuyCommand
L 10/29/2022 - 05:37:46: [SM] Exception reported: Array index out-of-bounds (index 64, limit 55)
L 10/29/2022 - 05:37:46: [SM] Blaming: weapon_restrict.smx
L 10/29/2022 - 05:37:46: [SM] Call stack trace:
L 10/29/2022 - 05:37:46: [SM]   [1] Line 202, restrictinc/events.sp::CS_OnBuyCommand
L 10/29/2022 - 05:37:55: [SM] Exception reported: Array index out-of-bounds (index 64, limit 55)
L 10/29/2022 - 05:37:55: [SM] Blaming: weapon_restrict.smx
L 10/29/2022 - 05:37:55: [SM] Call stack trace:
L 10/29/2022 - 05:37:55: [SM]   [1] Line 202, restrictinc/events.sp::CS_OnBuyCommand
L 10/29/2022 - 05:38:07: [SM] Exception reported: Array index out-of-bounds (index 64, limit 55)
L 10/29/2022 - 05:38:07: [SM] Blaming: weapon_restrict.smx
L 10/29/2022 - 05:38:07: [SM] Call stack trace:
L 10/29/2022 - 05:38:07: [SM]   [1] Line 202, restrictinc/events.sp::CS_OnBuyCommand
L 10/29/2022 - 05:38:10: [SM] Exception reported: Array index out-of-bounds (index 64, limit 55)
L 10/29/2022 - 05:38:10: [SM] Blaming: weapon_restrict.smx
L 10/29/2022 - 05:38:10: [SM] Call stack trace:
L 10/29/2022 - 05:38:10: [SM]   [1] Line 202, restrictinc/events.sp::CS_OnBuyCommand
L 10/29/2022 - 05:38:20: [SM] Exception reported: Array index out-of-bounds (index 64, limit 55)
L 10/29/2022 - 05:38:20: [SM] Blaming: weapon_restrict.smx
L 10/29/2022 - 05:38:20: [SM] Call stack trace:
L 10/29/2022 - 05:38:20: [SM]   [1] Line 202, restrictinc/events.sp::CS_OnBuyCommand
L 10/29/2022 - 05:38:26: [SM] Exception reported: Array index out-of-bounds (index 64, limit 55)
L 10/29/2022 - 05:38:26: [SM] Blaming: weapon_restrict.smx
L 10/29/2022 - 05:38:26: [SM] Call stack trace:
L 10/29/2022 - 05:38:26: [SM]   [1] Line 202, restrictinc/events.sp::CS_OnBuyCommand
L 10/29/2022 - 05:38:29: [SM] Exception reported: Array index out-of-bounds (index 64, limit 55)
L 10/29/2022 - 05:38:29: [SM] Blaming: weapon_restrict.smx
L 10/29/2022 - 05:38:29: [SM] Call stack trace:
L 10/29/2022 - 05:38:29: [SM]   [1] Line 202, restrictinc/events.sp::CS_OnBuyCommand
L 10/29/2022 - 05:38:33: [SM] Exception reported: Array index out-of-bounds (index 64, limit 55)
L 10/29/2022 - 05:38:33: [SM] Blaming: weapon_restrict.smx
L 10/29/2022 - 05:38:33: [SM] Call stack trace:
L 10/29/2022 - 05:38:33: [SM]   [1] Line 202, restrictinc/events.sp::CS_OnBuyCommand
L 10/29/2022 - 05:38:35: [SM] Exception reported: Array index out-of-bounds (index 64, limit 55)
L 10/29/2022 - 05:38:35: [SM] Blaming: weapon_restrict.smx
L 10/29/2022 - 05:38:35: [SM] Call stack trace:
L 10/29/2022 - 05:38:35: [SM]   [1] Line 202, restrictinc/events.sp::CS_OnBuyCommand
L 10/29/2022 - 05:38:37: [SM] Exception reported: Array index out-of-bounds (index 64, limit 55)
L 10/29/2022 - 05:38:37: [SM] Blaming: weapon_restrict.smx
L 10/29/2022 - 05:38:37: [SM] Call stack trace:
L 10/29/2022 - 05:38:37: [SM]   [1] Line 202, restrictinc/events.sp::CS_OnBuyCommand
L 10/29/2022 - 05:39:04: [SM] Exception reported: Array index out-of-bounds (index 64, limit 55)
L 10/29/2022 - 05:39:04: [SM] Blaming: weapon_restrict.smx
L 10/29/2022 - 05:39:04: [SM] Call stack trace:
L 10/29/2022 - 05:39:04: [SM]   [1] Line 202, restrictinc/events.sp::CS_OnBuyCommand
L 10/29/2022 - 05:39:44: [SM] Exception reported: Array index out-of-bounds (index 64, limit 55)
L 10/29/2022 - 05:39:44: [SM] Blaming: weapon_restrict.smx
L 10/29/2022 - 05:39:44: [SM] Call stack trace:
L 10/29/2022 - 05:39:44: [SM]   [1] Line 202, restrictinc/events.sp::CS_OnBuyCommand
L 10/29/2022 - 05:40:06: [SM] Exception reported: Array index out-of-bounds (index 64, limit 55)
L 10/29/2022 - 05:40:06: [SM] Blaming: weapon_restrict.smx
L 10/29/2022 - 05:40:06: [SM] Call stack trace:
L 10/29/2022 - 05:40:06: [SM]   [1] Line 202, restrictinc/events.sp::CS_OnBuyCommand
L 10/29/2022 - 05:41:07: [SM] Exception reported: Array index out-of-bounds (index 64, limit 55)
L 10/29/2022 - 05:41:07: [SM] Blaming: weapon_restrict.smx
L 10/29/2022 - 05:41:07: [SM] Call stack trace:
L 10/29/2022 - 05:41:07: [SM]   [1] Line 202, restrictinc/events.sp::CS_OnBuyCommand
L 10/29/2022 - 05:42:03: [SM] Exception reported: Array index out-of-bounds (index 63, limit 55)
L 10/29/2022 - 05:42:03: [SM] Blaming: weapon_restrict.smx
L 10/29/2022 - 05:42:03: [SM] Call stack trace:
L 10/29/2022 - 05:42:03: [SM]   [1] Line 202, restrictinc/events.sp::CS_OnBuyCommand
L 10/29/2022 - 05:42:12: [SM] Exception reported: Array index out-of-bounds (index 63, limit 55)
L 10/29/2022 - 05:42:12: [SM] Blaming: weapon_restrict.smx
L 10/29/2022 - 05:42:12: [SM] Call stack trace:
L 10/29/2022 - 05:42:12: [SM]   [1] Line 202, restrictinc/events.sp::CS_OnBuyCommand
L 10/29/2022 - 05:42:36: [SM] Exception reported: Array index out-of-bounds (index 63, limit 55)
L 10/29/2022 - 05:42:36: [SM] Blaming: weapon_restrict.smx
L 10/29/2022 - 05:42:36: [SM] Call stack trace:
L 10/29/2022 - 05:42:36: [SM]   [1] Line 202, restrictinc/events.sp::CS_OnBuyCommand
L 10/29/2022 - 05:42:45: [SM] Exception reported: Array index out-of-bounds (index 63, limit 55)
L 10/29/2022 - 05:42:45: [SM] Blaming: weapon_restrict.smx
L 10/29/2022 - 05:42:45: [SM] Call stack trace:
L 10/29/2022 - 05:42:45: [SM]   [1] Line 202, restrictinc/events.sp::CS_OnBuyCommand
L 10/29/2022 - 05:43:05: [SM] Exception reported: Array index out-of-bounds (index 63, limit 55)
L 10/29/2022 - 05:43:05: [SM] Blaming: weapon_restrict.smx
L 10/29/2022 - 05:43:05: [SM] Call stack trace:
L 10/29/2022 - 05:43:05: [SM]   [1] Line 202, restrictinc/events.sp::CS_OnBuyCommand
L 10/29/2022 - 05:46:09: [SM] Exception reported: Array index out-of-bounds (index 64, limit 55)
L 10/29/2022 - 05:46:09: [SM] Blaming: weapon_restrict.smx
L 10/29/2022 - 05:46:09: [SM] Call stack trace:
L 10/29/2022 - 05:46:09: [SM]   [1] Line 202, restrictinc/events.sp::CS_OnBuyCommand
L 10/29/2022 - 05:46:54: [SM] Exception reported: Array index out-of-bounds (index 64, limit 55)
L 10/29/2022 - 05:46:54: [SM] Blaming: weapon_restrict.smx
L 10/29/2022 - 05:46:54: [SM] Call stack trace:
L 10/29/2022 - 05:46:54: [SM]   [1] Line 202, restrictinc/events.sp::CS_OnBuyCommand
L 10/29/2022 - 05:47:33: [SM] Exception reported: Array index out-of-bounds (index 64, limit 55)
L 10/29/2022 - 05:47:33: [SM] Blaming: weapon_restrict.smx
L 10/29/2022 - 05:47:33: [SM] Call stack trace:
L 10/29/2022 - 05:47:33: [SM]   [1] Line 202, restrictinc/events.sp::CS_OnBuyCommand
L 10/29/2022 - 05:48:58: [SM] Exception reported: Array index out-of-bounds (index 64, limit 55)
L 10/29/2022 - 05:48:58: [SM] Blaming: weapon_restrict.smx
L 10/29/2022 - 05:48:58: [SM] Call stack trace:
L 10/29/2022 - 05:48:58: [SM]   [1] Line 202, restrictinc/events.sp::CS_OnBuyCommand
L 10/29/2022 - 05:49:14: [SM] Exception reported: Array index out-of-bounds (index 64, limit 55)
L 10/29/2022 - 05:49:14: [SM] Blaming: weapon_restrict.smx
L 10/29/2022 - 05:49:14: [SM] Call stack trace:
L 10/29/2022 - 05:49:14: [SM]   [1] Line 202, restrictinc/events.sp::CS_OnBuyCommand
L 10/29/2022 - 05:49:31: [SM] Exception reported: Array index out-of-bounds (index 64, limit 55)
L 10/29/2022 - 05:49:31: [SM] Blaming: weapon_restrict.smx
L 10/29/2022 - 05:49:31: [SM] Call stack trace:
L 10/29/2022 - 05:49:31: [SM]   [1] Line 202, restrictinc/events.sp::CS_OnBuyCommand
L 10/29/2022 - 05:49:48: [SM] Exception reported: Array index out-of-bounds (index 64, limit 55)
L 10/29/2022 - 05:49:48: [SM] Blaming: weapon_restrict.smx
L 10/29/2022 - 05:49:48: [SM] Call stack trace:
L 10/29/2022 - 05:49:48: [SM]   [1] Line 202, restrictinc/events.sp::CS_OnBuyCommand
L 10/29/2022 - 05:50:57: [SM] Exception reported: Array index out-of-bounds (index 64, limit 55)
L 10/29/2022 - 05:50:57: [SM] Blaming: weapon_restrict.smx
L 10/29/2022 - 05:50:57: [SM] Call stack trace:
L 10/29/2022 - 05:50:57: [SM]   [1] Line 202, restrictinc/events.sp::CS_OnBuyCommand
L 10/29/2022 - 05:51:28: [SM] Exception reported: Array index out-of-bounds (index 64, limit 55)
L 10/29/2022 - 05:51:28: [SM] Blaming: weapon_restrict.smx
L 10/29/2022 - 05:51:28: [SM] Call stack trace:
L 10/29/2022 - 05:51:28: [SM]   [1] Line 202, restrictinc/events.sp::CS_OnBuyCommand
L 10/29/2022 - 05:52:32: [SM] Exception reported: Array index out-of-bounds (index 64, limit 55)
L 10/29/2022 - 05:52:32: [SM] Blaming: weapon_restrict.smx
L 10/29/2022 - 05:52:32: [SM] Call stack trace:
L 10/29/2022 - 05:52:32: [SM]   [1] Line 202, restrictinc/events.sp::CS_OnBuyCommand
L 10/29/2022 - 05:52:37: [SM] Exception reported: Array index out-of-bounds (index 63, limit 55)
L 10/29/2022 - 05:52:37: [SM] Blaming: weapon_restrict.smx
L 10/29/2022 - 05:52:37: [SM] Call stack trace:
L 10/29/2022 - 05:52:37: [SM]   [1] Line 202, restrictinc/events.sp::CS_OnBuyCommand
L 10/29/2022 - 05:53:03: [SM] Exception reported: Array index out-of-bounds (index 64, limit 55)
L 10/29/2022 - 05:53:03: [SM] Blaming: weapon_restrict.smx
L 10/29/2022 - 05:53:03: [SM] Call stack trace:
L 10/29/2022 - 05:53:03: [SM]   [1] Line 202, restrictinc/events.sp::CS_OnBuyCommand
L 10/29/2022 - 05:53:28: [SM] Exception reported: Array index out-of-bounds (index 64, limit 55)
L 10/29/2022 - 05:53:28: [SM] Blaming: weapon_restrict.smx
L 10/29/2022 - 05:53:28: [SM] Call stack trace:
L 10/29/2022 - 05:53:28: [SM]   [1] Line 202, restrictinc/events.sp::CS_OnBuyCommand
L 10/29/2022 - 05:53:58: [SM] Exception reported: Array index out-of-bounds (index 64, limit 55)
L 10/29/2022 - 05:53:58: [SM] Blaming: weapon_restrict.smx
L 10/29/2022 - 05:53:58: [SM] Call stack trace:
L 10/29/2022 - 05:53:58: [SM]   [1] Line 202, restrictinc/events.sp::CS_OnBuyCommand
L 10/29/2022 - 05:58:31: [SM] Exception reported: Array index out-of-bounds (index 64, limit 55)
L 10/29/2022 - 05:58:31: [SM] Blaming: weapon_restrict.smx
L 10/29/2022 - 05:58:31: [SM] Call stack trace:
L 10/29/2022 - 05:58:31: [SM]   [1] Line 202, restrictinc/events.sp::CS_OnBuyCommand
L 10/29/2022 - 06:37:54: Error log file session closed.
L 10/29/2022 - 07:57:52: SourceMod error session started
L 10/29/2022 - 07:57:52: Info (map "de_dust2") (file "/badfupo/server1/csgo/addons/sourcemod/logs/errors_20221029.log")
L 10/29/2022 - 07:57:52: [SM] Exception reported: Array index out-of-bounds (index 64, limit 55)
L 10/29/2022 - 07:57:52: [SM] Blaming: weapon_restrict.smx
L 10/29/2022 - 07:57:52: [SM] Call stack trace:
L 10/29/2022 - 07:57:52: [SM]   [1] Line 202, restrictinc/events.sp::CS_OnBuyCommand
L 10/29/2022 - 07:58:14: [SM] Exception reported: Array index out-of-bounds (index 64, limit 55)
L 10/29/2022 - 07:58:14: [SM] Blaming: weapon_restrict.smx
L 10/29/2022 - 07:58:14: [SM] Call stack trace:
L 10/29/2022 - 07:58:14: [SM]   [1] Line 202, restrictinc/events.sp::CS_OnBuyCommand
L 10/29/2022 - 07:58:50: [SM] Exception reported: Array index out-of-bounds (index 64, limit 55)
L 10/29/2022 - 07:58:50: [SM] Blaming: weapon_restrict.smx
L 10/29/2022 - 07:58:50: [SM] Call stack trace:
L 10/29/2022 - 07:58:50: [SM]   [1] Line 202, restrictinc/events.sp::CS_OnBuyCommand
L 10/29/2022 - 07:59:08: [SM] Exception reported: Array index out-of-bounds (index 64, limit 55)
L 10/29/2022 - 07:59:08: [SM] Blaming: weapon_restrict.smx
L 10/29/2022 - 07:59:08: [SM] Call stack trace:
L 10/29/2022 - 07:59:08: [SM]   [1] Line 202, restrictinc/events.sp::CS_OnBuyCommand
L 10/29/2022 - 07:59:50: [SM] Exception reported: Array index out-of-bounds (index 64, limit 55)
L 10/29/2022 - 07:59:50: [SM] Blaming: weapon_restrict.smx
L 10/29/2022 - 07:59:50: [SM] Call stack trace:
L 10/29/2022 - 07:59:50: [SM]   [1] Line 202, restrictinc/events.sp::CS_OnBuyCommand
L 10/29/2022 - 08:09:21: [SM] Exception reported: Array index out-of-bounds (index 64, limit 55)
L 10/29/2022 - 08:09:21: [SM] Blaming: weapon_restrict.smx
L 10/29/2022 - 08:09:21: [SM] Call stack trace:
L 10/29/2022 - 08:09:21: [SM]   [1] Line 202, restrictinc/events.sp::CS_OnBuyCommand
L 10/29/2022 - 08:10:32: [SM] Exception reported: Array index out-of-bounds (index 64, limit 55)
L 10/29/2022 - 08:10:32: [SM] Blaming: weapon_restrict.smx
L 10/29/2022 - 08:10:32: [SM] Call stack trace:
L 10/29/2022 - 08:10:32: [SM]   [1] Line 202, restrictinc/events.sp::CS_OnBuyCommand
L 10/29/2022 - 08:10:49: [SM] Exception reported: Array index out-of-bounds (index 64, limit 55)
L 10/29/2022 - 08:10:49: [SM] Blaming: weapon_restrict.smx
L 10/29/2022 - 08:10:49: [SM] Call stack trace:
L 10/29/2022 - 08:10:49: [SM]   [1] Line 202, restrictinc/events.sp::CS_OnBuyCommand
L 10/29/2022 - 08:11:18: [SM] Exception reported: Array index out-of-bounds (index 64, limit 55)
L 10/29/2022 - 08:11:18: [SM] Blaming: weapon_restrict.smx
L 10/29/2022 - 08:11:18: [SM] Call stack trace:
L 10/29/2022 - 08:11:18: [SM]   [1] Line 202, restrictinc/events.sp::CS_OnBuyCommand
L 10/29/2022 - 08:11:33: [SM] Exception reported: Array index out-of-bounds (index 64, limit 55)
L 10/29/2022 - 08:11:33: [SM] Blaming: weapon_restrict.smx
L 10/29/2022 - 08:11:33: [SM] Call stack trace:
L 10/29/2022 - 08:11:33: [SM]   [1] Line 202, restrictinc/events.sp::CS_OnBuyCommand
L 10/29/2022 - 08:12:17: [SM] Exception reported: Array index out-of-bounds (index 64, limit 55)
L 10/29/2022 - 08:12:17: [SM] Blaming: weapon_restrict.smx
L 10/29/2022 - 08:12:17: [SM] Call stack trace:
L 10/29/2022 - 08:12:17: [SM]   [1] Line 202, restrictinc/events.sp::CS_OnBuyCommand
L 10/29/2022 - 08:12:37: [SM] Exception reported: Array index out-of-bounds (index 64, limit 55)
L 10/29/2022 - 08:12:37: [SM] Blaming: weapon_restrict.smx
L 10/29/2022 - 08:12:37: [SM] Call stack trace:
L 10/29/2022 - 08:12:37: [SM]   [1] Line 202, restrictinc/events.sp::CS_OnBuyCommand
L 10/29/2022 - 08:14:11: [SM] Exception reported: Array index out-of-bounds (index 64, limit 55)
L 10/29/2022 - 08:14:11: [SM] Blaming: weapon_restrict.smx
L 10/29/2022 - 08:14:11: [SM] Call stack trace:
L 10/29/2022 - 08:14:11: [SM]   [1] Line 202, restrictinc/events.sp::CS_OnBuyCommand
L 10/29/2022 - 08:14:55: [SM] Exception reported: Array index out-of-bounds (index 64, limit 55)
L 10/29/2022 - 08:14:55: [SM] Blaming: weapon_restrict.smx
L 10/29/2022 - 08:14:55: [SM] Call stack trace:
L 10/29/2022 - 08:14:55: [SM]   [1] Line 202, restrictinc/events.sp::CS_OnBuyCommand
L 10/29/2022 - 08:15:07: [SM] Exception reported: Array index out-of-bounds (index 64, limit 55)
L 10/29/2022 - 08:15:07: [SM] Blaming: weapon_restrict.smx
L 10/29/2022 - 08:15:07: [SM] Call stack trace:
L 10/29/2022 - 08:15:07: [SM]   [1] Line 202, restrictinc/events.sp::CS_OnBuyCommand
L 10/29/2022 - 08:15:21: [SM] Exception reported: Array index out-of-bounds (index 64, limit 55)
L 10/29/2022 - 08:15:21: [SM] Blaming: weapon_restrict.smx
L 10/29/2022 - 08:15:21: [SM] Call stack trace:
L 10/29/2022 - 08:15:21: [SM]   [1] Line 202, restrictinc/events.sp::CS_OnBuyCommand
L 10/29/2022 - 08:15:39: [SM] Exception reported: Array index out-of-bounds (index 64, limit 55)
L 10/29/2022 - 08:15:39: [SM] Blaming: weapon_restrict.smx
L 10/29/2022 - 08:15:39: [SM] Call stack trace:
L 10/29/2022 - 08:15:39: [SM]   [1] Line 202, restrictinc/events.sp::CS_OnBuyCommand
L 10/29/2022 - 08:15:43: [SM] Exception reported: Array index out-of-bounds (index 64, limit 55)
L 10/29/2022 - 08:15:43: [SM] Blaming: weapon_restrict.smx
L 10/29/2022 - 08:15:43: [SM] Call stack trace:
L 10/29/2022 - 08:15:43: [SM]   [1] Line 202, restrictinc/events.sp::CS_OnBuyCommand
L 10/29/2022 - 08:23:26: [SM] Exception reported: Array index out-of-bounds (index 64, limit 55)
L 10/29/2022 - 08:23:26: [SM] Blaming: weapon_restrict.smx
L 10/29/2022 - 08:23:26: [SM] Call stack trace:
L 10/29/2022 - 08:23:26: [SM]   [1] Line 202, restrictinc/events.sp::CS_OnBuyCommand
L 10/29/2022 - 08:23:43: [SM] Exception reported: Array index out-of-bounds (index 64, limit 55)
L 10/29/2022 - 08:23:43: [SM] Blaming: weapon_restrict.smx
L 10/29/2022 - 08:23:43: [SM] Call stack trace:
L 10/29/2022 - 08:23:43: [SM]   [1] Line 202, restrictinc/events.sp::CS_OnBuyCommand
L 10/29/2022 - 08:41:26: [SM] Exception reported: Array index out-of-bounds (index 64, limit 55)
L 10/29/2022 - 08:41:26: [SM] Blaming: weapon_restrict.smx
L 10/29/2022 - 08:41:26: [SM] Call stack trace:
L 10/29/2022 - 08:41:26: [SM]   [1] Line 202, restrictinc/events.sp::CS_OnBuyCommand
L 10/29/2022 - 08:54:49: [SM] Exception reported: Array index out-of-bounds (index 64, limit 55)
L 10/29/2022 - 08:54:49: [SM] Blaming: weapon_restrict.smx
L 10/29/2022 - 08:54:49: [SM] Call stack trace:
L 10/29/2022 - 08:54:49: [SM]   [1] Line 202, restrictinc/events.sp::CS_OnBuyCommand
L 10/29/2022 - 09:03:16: [SM] Exception reported: Array index out-of-bounds (index 64, limit 55)
L 10/29/2022 - 09:03:16: [SM] Blaming: weapon_restrict.smx
L 10/29/2022 - 09:03:16: [SM] Call stack trace:
L 10/29/2022 - 09:03:16: [SM]   [1] Line 202, restrictinc/events.sp::CS_OnBuyCommand
L 10/29/2022 - 09:03:16: [SM] Exception reported: Array index out-of-bounds (index 64, limit 55)
L 10/29/2022 - 09:03:16: [SM] Blaming: weapon_restrict.smx
L 10/29/2022 - 09:03:16: [SM] Call stack trace:
L 10/29/2022 - 09:03:16: [SM]   [1] Line 202, restrictinc/events.sp::CS_OnBuyCommand
L 10/29/2022 - 09:04:15: [SM] Exception reported: Array index out-of-bounds (index 64, limit 55)
L 10/29/2022 - 09:04:15: [SM] Blaming: weapon_restrict.smx
L 10/29/2022 - 09:04:15: [SM] Call stack trace:
L 10/29/2022 - 09:04:15: [SM]   [1] Line 202, restrictinc/events.sp::CS_OnBuyCommand
L 10/29/2022 - 09:05:22: [warmod.smx] Plug-in tEasyFTP.smx required to auto upload demos
L 10/29/2022 - 09:05:51: Error log file session closed.
L 10/29/2022 - 09:06:21: SourceMod error session started
L 10/29/2022 - 09:06:21: Info (map "de_dust2") (file "/badfupo/server1/csgo/addons/sourcemod/logs/errors_20221029.log")
L 10/29/2022 - 09:06:21: [SM] Exception reported: Array index out-of-bounds (index 64, limit 55)
L 10/29/2022 - 09:06:21: [SM] Blaming: weapon_restrict.smx
L 10/29/2022 - 09:06:21: [SM] Call stack trace:
L 10/29/2022 - 09:06:21: [SM]   [1] Line 202, restrictinc/events.sp::CS_OnBuyCommand
L 10/29/2022 - 09:07:19: [SM] Exception reported: Array index out-of-bounds (index 64, limit 55)
L 10/29/2022 - 09:07:19: [SM] Blaming: weapon_restrict.smx
L 10/29/2022 - 09:07:19: [SM] Call stack trace:
L 10/29/2022 - 09:07:19: [SM]   [1] Line 202, restrictinc/events.sp::CS_OnBuyCommand
L 10/29/2022 - 09:07:24: [SM] Exception reported: Array index out-of-bounds (index 64, limit 55)
L 10/29/2022 - 09:07:24: [SM] Blaming: weapon_restrict.smx
L 10/29/2022 - 09:07:24: [SM] Call stack trace:
L 10/29/2022 - 09:07:24: [SM]   [1] Line 202, restrictinc/events.sp::CS_OnBuyCommand
L 10/29/2022 - 09:07:34: [SM] Exception reported: Array index out-of-bounds (index 64, limit 55)
L 10/29/2022 - 09:07:34: [SM] Blaming: weapon_restrict.smx
L 10/29/2022 - 09:07:34: [SM] Call stack trace:
L 10/29/2022 - 09:07:34: [SM]   [1] Line 202, restrictinc/events.sp::CS_OnBuyCommand
L 10/29/2022 - 09:07:36: [SM] Exception reported: Array index out-of-bounds (index 64, limit 55)
L 10/29/2022 - 09:07:36: [SM] Blaming: weapon_restrict.smx
L 10/29/2022 - 09:07:36: [SM] Call stack trace:
L 10/29/2022 - 09:07:36: [SM]   [1] Line 202, restrictinc/events.sp::CS_OnBuyCommand
L 10/29/2022 - 09:07:38: [SM] Exception reported: Array index out-of-bounds (index 64, limit 55)
L 10/29/2022 - 09:07:38: [SM] Blaming: weapon_restrict.smx
L 10/29/2022 - 09:07:38: [SM] Call stack trace:
L 10/29/2022 - 09:07:38: [SM]   [1] Line 202, restrictinc/events.sp::CS_OnBuyCommand
L 10/29/2022 - 09:07:42: [SM] Exception reported: Array index out-of-bounds (index 64, limit 55)
L 10/29/2022 - 09:07:42: [SM] Blaming: weapon_restrict.smx
L 10/29/2022 - 09:07:42: [SM] Call stack trace:
L 10/29/2022 - 09:07:42: [SM]   [1] Line 202, restrictinc/events.sp::CS_OnBuyCommand
L 10/29/2022 - 09:07:45: [SM] Exception reported: Array index out-of-bounds (index 64, limit 55)
L 10/29/2022 - 09:07:45: [SM] Blaming: weapon_restrict.smx
L 10/29/2022 - 09:07:45: [SM] Call stack trace:
L 10/29/2022 - 09:07:45: [SM]   [1] Line 202, restrictinc/events.sp::CS_OnBuyCommand
L 10/29/2022 - 09:08:07: [SM] Exception reported: Array index out-of-bounds (index 64, limit 55)
L 10/29/2022 - 09:08:07: [SM] Blaming: weapon_restrict.smx
L 10/29/2022 - 09:08:07: [SM] Call stack trace:
L 10/29/2022 - 09:08:07: [SM]   [1] Line 202, restrictinc/events.sp::CS_OnBuyCommand
L 10/29/2022 - 09:08:18: [SM] Exception reported: Array index out-of-bounds (index 64, limit 55)
L 10/29/2022 - 09:08:18: [SM] Blaming: weapon_restrict.smx
L 10/29/2022 - 09:08:18: [SM] Call stack trace:
L 10/29/2022 - 09:08:18: [SM]   [1] Line 202, restrictinc/events.sp::CS_OnBuyCommand
L 10/29/2022 - 09:08:24: [SM] Exception reported: Array index out-of-bounds (index 64, limit 55)
L 10/29/2022 - 09:08:24: [SM] Blaming: weapon_restrict.smx
L 10/29/2022 - 09:08:24: [SM] Call stack trace:
L 10/29/2022 - 09:08:24: [SM]   [1] Line 202, restrictinc/events.sp::CS_OnBuyCommand
L 10/29/2022 - 09:08:32: [SM] Exception reported: Array index out-of-bounds (index 64, limit 55)
L 10/29/2022 - 09:08:32: [SM] Blaming: weapon_restrict.smx
L 10/29/2022 - 09:08:32: [SM] Call stack trace:
L 10/29/2022 - 09:08:32: [SM]   [1] Line 202, restrictinc/events.sp::CS_OnBuyCommand
L 10/29/2022 - 09:09:23: [SM] Exception reported: Array index out-of-bounds (index 64, limit 55)
L 10/29/2022 - 09:09:23: [SM] Blaming: weapon_restrict.smx
L 10/29/2022 - 09:09:23: [SM] Call stack trace:
L 10/29/2022 - 09:09:23: [SM]   [1] Line 202, restrictinc/events.sp::CS_OnBuyCommand
L 10/29/2022 - 09:15:29: Error log file session closed.
L 10/29/2022 - 10:07:21: SourceMod error session started
L 10/29/2022 - 10:07:21: Info (map "de_dust2") (file "/badfupo/server1/csgo/addons/sourcemod/logs/errors_20221029.log")
L 10/29/2022 - 10:07:21: [warmod.smx] Plug-in tEasyFTP.smx required to auto upload demos
L 10/29/2022 - 10:07:50: Error log file session closed.
L 10/29/2022 - 11:51:15: SourceMod error session started
L 10/29/2022 - 11:51:15: Info (map "de_dust2") (file "/badfupo/server1/csgo/addons/sourcemod/logs/errors_20221029.log")
L 10/29/2022 - 11:51:15: [SM] Exception reported: Array index out-of-bounds (index 64, limit 55)
L 10/29/2022 - 11:51:15: [SM] Blaming: weapon_restrict.smx
L 10/29/2022 - 11:51:15: [SM] Call stack trace:
L 10/29/2022 - 11:51:15: [SM]   [1] Line 202, restrictinc/events.sp::CS_OnBuyCommand
L 10/29/2022 - 11:54:35: Error log file session closed.
L 10/29/2022 - 12:31:31: SourceMod error session started
L 10/29/2022 - 12:31:31: Info (map "de_dust2") (file "/badfupo/server1/csgo/addons/sourcemod/logs/errors_20221029.log")
L 10/29/2022 - 12:31:31: [SM] Exception reported: Array index out-of-bounds (index 64, limit 55)
L 10/29/2022 - 12:31:31: [SM] Blaming: weapon_restrict.smx
L 10/29/2022 - 12:31:31: [SM] Call stack trace:
L 10/29/2022 - 12:31:31: [SM]   [1] Line 202, restrictinc/events.sp::CS_OnBuyCommand
L 10/29/2022 - 12:31:31: [SM] Exception reported: Array index out-of-bounds (index 64, limit 55)
L 10/29/2022 - 12:31:31: [SM] Blaming: weapon_restrict.smx
L 10/29/2022 - 12:31:31: [SM] Call stack trace:
L 10/29/2022 - 12:31:31: [SM]   [1] Line 202, restrictinc/events.sp::CS_OnBuyCommand
L 10/29/2022 - 12:35:41: Error log file session closed.
L 10/29/2022 - 13:51:27: SourceMod error session started
L 10/29/2022 - 13:51:27: Info (map "de_dust2") (file "/badfupo/server1/csgo/addons/sourcemod/logs/errors_20221029.log")
L 10/29/2022 - 13:51:27: [SM] Exception reported: Array index out-of-bounds (index 63, limit 55)
L 10/29/2022 - 13:51:27: [SM] Blaming: weapon_restrict.smx
L 10/29/2022 - 13:51:27: [SM] Call stack trace:
L 10/29/2022 - 13:51:27: [SM]   [1] Line 202, restrictinc/events.sp::CS_OnBuyCommand
L 10/29/2022 - 14:03:44: [SM] Exception reported: Array index out-of-bounds (index 64, limit 55)
L 10/29/2022 - 14:03:44: [SM] Blaming: weapon_restrict.smx
L 10/29/2022 - 14:03:44: [SM] Call stack trace:
L 10/29/2022 - 14:03:44: [SM]   [1] Line 202, restrictinc/events.sp::CS_OnBuyCommand
L 10/29/2022 - 14:09:02: [SM] Exception reported: Array index out-of-bounds (index 63, limit 55)
L 10/29/2022 - 14:09:02: [SM] Blaming: weapon_restrict.smx
L 10/29/2022 - 14:09:02: [SM] Call stack trace:
L 10/29/2022 - 14:09:02: [SM]   [1] Line 202, restrictinc/events.sp::CS_OnBuyCommand
L 10/29/2022 - 14:32:31: [SM] Exception reported: Array index out-of-bounds (index 64, limit 55)
L 10/29/2022 - 14:32:31: [SM] Blaming: weapon_restrict.smx
L 10/29/2022 - 14:32:31: [SM] Call stack trace:
L 10/29/2022 - 14:32:31: [SM]   [1] Line 202, restrictinc/events.sp::CS_OnBuyCommand
L 10/29/2022 - 14:32:50: [SM] Exception reported: Array index out-of-bounds (index 64, limit 55)
L 10/29/2022 - 14:32:50: [SM] Blaming: weapon_restrict.smx
L 10/29/2022 - 14:32:50: [SM] Call stack trace:
L 10/29/2022 - 14:32:50: [SM]   [1] Line 202, restrictinc/events.sp::CS_OnBuyCommand
L 10/29/2022 - 14:50:22: Error log file session closed.
