L 09/24/2022 - 14:43:27: SourceMod error session started
L 09/24/2022 - 14:43:27: Info (map "de_inferno") (file "/badfupo/server1/csgo/addons/sourcemod/logs/errors_20220924.log")
L 09/24/2022 - 14:43:27: [warmod.smx] Plug-in tEasyFTP.smx required to auto upload demos
L 09/24/2022 - 14:43:54: Error log file session closed.
L 09/24/2022 - 14:45:13: SourceMod error session started
L 09/24/2022 - 14:45:13: Info (map "de_mirage") (file "/badfupo/server1/csgo/addons/sourcemod/logs/errors_20220924.log")
L 09/24/2022 - 14:45:13: [SM] Exception reported: Array index out-of-bounds (index 64, limit 55)
L 09/24/2022 - 14:45:13: [SM] Blaming: weapon_restrict.smx
L 09/24/2022 - 14:45:13: [SM] Call stack trace:
L 09/24/2022 - 14:45:13: [SM]   [1] Line 202, restrictinc/events.sp::CS_OnBuyCommand
L 09/24/2022 - 14:52:09: [SM] Exception reported: Array index out-of-bounds (index 64, limit 55)
L 09/24/2022 - 14:52:09: [SM] Blaming: weapon_restrict.smx
L 09/24/2022 - 14:52:09: [SM] Call stack trace:
L 09/24/2022 - 14:52:09: [SM]   [1] Line 202, restrictinc/events.sp::CS_OnBuyCommand
L 09/24/2022 - 14:53:05: [SM] Exception reported: Array index out-of-bounds (index 64, limit 55)
L 09/24/2022 - 14:53:05: [SM] Blaming: weapon_restrict.smx
L 09/24/2022 - 14:53:05: [SM] Call stack trace:
L 09/24/2022 - 14:53:05: [SM]   [1] Line 202, restrictinc/events.sp::CS_OnBuyCommand
L 09/24/2022 - 14:57:03: [warmod.smx] Plug-in tEasyFTP.smx required to auto upload demos
L 09/24/2022 - 14:57:33: Error log file session closed.
L 09/24/2022 - 19:54:55: SourceMod error session started
L 09/24/2022 - 19:54:55: Info (map "de_nuke") (file "/badfupo/server1/csgo/addons/sourcemod/logs/errors_20220924.log")
L 09/24/2022 - 19:54:55: [SM] Exception reported: Array index out-of-bounds (index 64, limit 55)
L 09/24/2022 - 19:54:55: [SM] Blaming: weapon_restrict.smx
L 09/24/2022 - 19:54:55: [SM] Call stack trace:
L 09/24/2022 - 19:54:55: [SM]   [1] Line 202, restrictinc/events.sp::CS_OnBuyCommand
L 09/25/2022 - 01:21:17: Error log file session closed.
