L 09/14/2022 - 04:35:24: SourceMod error session started
L 09/14/2022 - 04:35:24: Info (map "de_mirage") (file "/badfupo/server1/csgo/addons/sourcemod/logs/errors_20220914.log")
L 09/14/2022 - 04:35:24: [SM] Exception reported: Array index out-of-bounds (index 64, limit 55)
L 09/14/2022 - 04:35:24: [SM] Blaming: weapon_restrict.smx
L 09/14/2022 - 04:35:24: [SM] Call stack trace:
L 09/14/2022 - 04:35:24: [SM]   [1] Line 202, restrictinc/events.sp::CS_OnBuyCommand
L 09/14/2022 - 04:35:25: [SM] Exception reported: Array index out-of-bounds (index 64, limit 55)
L 09/14/2022 - 04:35:25: [SM] Blaming: weapon_restrict.smx
L 09/14/2022 - 04:35:25: [SM] Call stack trace:
L 09/14/2022 - 04:35:25: [SM]   [1] Line 202, restrictinc/events.sp::CS_OnBuyCommand
L 09/14/2022 - 04:40:51: [SM] Exception reported: Array index out-of-bounds (index 64, limit 55)
L 09/14/2022 - 04:40:51: [SM] Blaming: weapon_restrict.smx
L 09/14/2022 - 04:40:51: [SM] Call stack trace:
L 09/14/2022 - 04:40:51: [SM]   [1] Line 202, restrictinc/events.sp::CS_OnBuyCommand
L 09/14/2022 - 04:42:10: [warmod.smx] Plug-in tEasyFTP.smx required to auto upload demos
L 09/14/2022 - 04:42:35: Error log file session closed.
L 09/14/2022 - 04:43:54: SourceMod error session started
L 09/14/2022 - 04:43:54: Info (map "de_inferno") (file "/badfupo/server1/csgo/addons/sourcemod/logs/errors_20220914.log")
L 09/14/2022 - 04:43:54: [SM] Exception reported: Array index out-of-bounds (index 64, limit 55)
L 09/14/2022 - 04:43:54: [SM] Blaming: weapon_restrict.smx
L 09/14/2022 - 04:43:54: [SM] Call stack trace:
L 09/14/2022 - 04:43:54: [SM]   [1] Line 202, restrictinc/events.sp::CS_OnBuyCommand
L 09/14/2022 - 04:43:55: [SM] Exception reported: Array index out-of-bounds (index 64, limit 55)
L 09/14/2022 - 04:43:55: [SM] Blaming: weapon_restrict.smx
L 09/14/2022 - 04:43:55: [SM] Call stack trace:
L 09/14/2022 - 04:43:55: [SM]   [1] Line 202, restrictinc/events.sp::CS_OnBuyCommand
L 09/14/2022 - 05:03:05: Error log file session closed.
L 09/14/2022 - 09:31:28: SourceMod error session started
L 09/14/2022 - 09:31:28: Info (map "de_inferno") (file "/badfupo/server1/csgo/addons/sourcemod/logs/errors_20220914.log")
L 09/14/2022 - 09:31:28: [SM] Exception reported: Array index out-of-bounds (index 64, limit 55)
L 09/14/2022 - 09:31:28: [SM] Blaming: weapon_restrict.smx
L 09/14/2022 - 09:31:28: [SM] Call stack trace:
L 09/14/2022 - 09:31:28: [SM]   [1] Line 202, restrictinc/events.sp::CS_OnBuyCommand
L 09/14/2022 - 09:51:44: [SM] Exception reported: Array index out-of-bounds (index 64, limit 55)
L 09/14/2022 - 09:51:44: [SM] Blaming: weapon_restrict.smx
L 09/14/2022 - 09:51:44: [SM] Call stack trace:
L 09/14/2022 - 09:51:44: [SM]   [1] Line 202, restrictinc/events.sp::CS_OnBuyCommand
L 09/14/2022 - 09:52:17: [SM] Exception reported: Array index out-of-bounds (index 64, limit 55)
L 09/14/2022 - 09:52:17: [SM] Blaming: weapon_restrict.smx
L 09/14/2022 - 09:52:17: [SM] Call stack trace:
L 09/14/2022 - 09:52:17: [SM]   [1] Line 202, restrictinc/events.sp::CS_OnBuyCommand
L 09/14/2022 - 09:52:37: [SM] Exception reported: Array index out-of-bounds (index 64, limit 55)
L 09/14/2022 - 09:52:37: [SM] Blaming: weapon_restrict.smx
L 09/14/2022 - 09:52:37: [SM] Call stack trace:
L 09/14/2022 - 09:52:37: [SM]   [1] Line 202, restrictinc/events.sp::CS_OnBuyCommand
L 09/14/2022 - 09:53:08: [SM] Exception reported: Array index out-of-bounds (index 64, limit 55)
L 09/14/2022 - 09:53:08: [SM] Blaming: weapon_restrict.smx
L 09/14/2022 - 09:53:08: [SM] Call stack trace:
L 09/14/2022 - 09:53:08: [SM]   [1] Line 202, restrictinc/events.sp::CS_OnBuyCommand
L 09/14/2022 - 09:53:33: [SM] Exception reported: Array index out-of-bounds (index 64, limit 55)
L 09/14/2022 - 09:53:33: [SM] Blaming: weapon_restrict.smx
L 09/14/2022 - 09:53:33: [SM] Call stack trace:
L 09/14/2022 - 09:53:33: [SM]   [1] Line 202, restrictinc/events.sp::CS_OnBuyCommand
L 09/14/2022 - 09:53:59: [SM] Exception reported: Array index out-of-bounds (index 64, limit 55)
L 09/14/2022 - 09:53:59: [SM] Blaming: weapon_restrict.smx
L 09/14/2022 - 09:53:59: [SM] Call stack trace:
L 09/14/2022 - 09:53:59: [SM]   [1] Line 202, restrictinc/events.sp::CS_OnBuyCommand
L 09/14/2022 - 09:55:33: [SM] Exception reported: Array index out-of-bounds (index 64, limit 55)
L 09/14/2022 - 09:55:33: [SM] Blaming: weapon_restrict.smx
L 09/14/2022 - 09:55:33: [SM] Call stack trace:
L 09/14/2022 - 09:55:33: [SM]   [1] Line 202, restrictinc/events.sp::CS_OnBuyCommand
L 09/14/2022 - 09:55:52: [SM] Exception reported: Array index out-of-bounds (index 64, limit 55)
L 09/14/2022 - 09:55:52: [SM] Blaming: weapon_restrict.smx
L 09/14/2022 - 09:55:52: [SM] Call stack trace:
L 09/14/2022 - 09:55:52: [SM]   [1] Line 202, restrictinc/events.sp::CS_OnBuyCommand
L 09/14/2022 - 09:56:08: [SM] Exception reported: Array index out-of-bounds (index 64, limit 55)
L 09/14/2022 - 09:56:08: [SM] Blaming: weapon_restrict.smx
L 09/14/2022 - 09:56:08: [SM] Call stack trace:
L 09/14/2022 - 09:56:08: [SM]   [1] Line 202, restrictinc/events.sp::CS_OnBuyCommand
L 09/14/2022 - 09:56:20: [SM] Exception reported: Array index out-of-bounds (index 64, limit 55)
L 09/14/2022 - 09:56:20: [SM] Blaming: weapon_restrict.smx
L 09/14/2022 - 09:56:20: [SM] Call stack trace:
L 09/14/2022 - 09:56:20: [SM]   [1] Line 202, restrictinc/events.sp::CS_OnBuyCommand
L 09/14/2022 - 09:56:59: [SM] Exception reported: Array index out-of-bounds (index 64, limit 55)
L 09/14/2022 - 09:56:59: [SM] Blaming: weapon_restrict.smx
L 09/14/2022 - 09:56:59: [SM] Call stack trace:
L 09/14/2022 - 09:56:59: [SM]   [1] Line 202, restrictinc/events.sp::CS_OnBuyCommand
L 09/14/2022 - 09:57:03: [SM] Exception reported: Array index out-of-bounds (index 64, limit 55)
L 09/14/2022 - 09:57:03: [SM] Blaming: weapon_restrict.smx
L 09/14/2022 - 09:57:03: [SM] Call stack trace:
L 09/14/2022 - 09:57:03: [SM]   [1] Line 202, restrictinc/events.sp::CS_OnBuyCommand
L 09/14/2022 - 09:57:16: [SM] Exception reported: Array index out-of-bounds (index 64, limit 55)
L 09/14/2022 - 09:57:16: [SM] Blaming: weapon_restrict.smx
L 09/14/2022 - 09:57:16: [SM] Call stack trace:
L 09/14/2022 - 09:57:16: [SM]   [1] Line 202, restrictinc/events.sp::CS_OnBuyCommand
L 09/14/2022 - 09:57:43: [SM] Exception reported: Array index out-of-bounds (index 64, limit 55)
L 09/14/2022 - 09:57:43: [SM] Blaming: weapon_restrict.smx
L 09/14/2022 - 09:57:43: [SM] Call stack trace:
L 09/14/2022 - 09:57:43: [SM]   [1] Line 202, restrictinc/events.sp::CS_OnBuyCommand
L 09/14/2022 - 09:57:50: [SM] Exception reported: Array index out-of-bounds (index 64, limit 55)
L 09/14/2022 - 09:57:50: [SM] Blaming: weapon_restrict.smx
L 09/14/2022 - 09:57:50: [SM] Call stack trace:
L 09/14/2022 - 09:57:50: [SM]   [1] Line 202, restrictinc/events.sp::CS_OnBuyCommand
L 09/14/2022 - 09:57:57: [SM] Exception reported: Array index out-of-bounds (index 64, limit 55)
L 09/14/2022 - 09:57:57: [SM] Blaming: weapon_restrict.smx
L 09/14/2022 - 09:57:57: [SM] Call stack trace:
L 09/14/2022 - 09:57:57: [SM]   [1] Line 202, restrictinc/events.sp::CS_OnBuyCommand
L 09/14/2022 - 09:58:25: [SM] Exception reported: Array index out-of-bounds (index 64, limit 55)
L 09/14/2022 - 09:58:25: [SM] Blaming: weapon_restrict.smx
L 09/14/2022 - 09:58:25: [SM] Call stack trace:
L 09/14/2022 - 09:58:25: [SM]   [1] Line 202, restrictinc/events.sp::CS_OnBuyCommand
L 09/14/2022 - 09:58:32: [SM] Exception reported: Array index out-of-bounds (index 64, limit 55)
L 09/14/2022 - 09:58:32: [SM] Blaming: weapon_restrict.smx
L 09/14/2022 - 09:58:32: [SM] Call stack trace:
L 09/14/2022 - 09:58:32: [SM]   [1] Line 202, restrictinc/events.sp::CS_OnBuyCommand
L 09/14/2022 - 09:59:04: [SM] Exception reported: Array index out-of-bounds (index 64, limit 55)
L 09/14/2022 - 09:59:04: [SM] Blaming: weapon_restrict.smx
L 09/14/2022 - 09:59:04: [SM] Call stack trace:
L 09/14/2022 - 09:59:04: [SM]   [1] Line 202, restrictinc/events.sp::CS_OnBuyCommand
L 09/14/2022 - 09:59:33: [SM] Exception reported: Array index out-of-bounds (index 64, limit 55)
L 09/14/2022 - 09:59:33: [SM] Blaming: weapon_restrict.smx
L 09/14/2022 - 09:59:33: [SM] Call stack trace:
L 09/14/2022 - 09:59:33: [SM]   [1] Line 202, restrictinc/events.sp::CS_OnBuyCommand
L 09/14/2022 - 09:59:55: [SM] Exception reported: Array index out-of-bounds (index 64, limit 55)
L 09/14/2022 - 09:59:55: [SM] Blaming: weapon_restrict.smx
L 09/14/2022 - 09:59:55: [SM] Call stack trace:
L 09/14/2022 - 09:59:55: [SM]   [1] Line 202, restrictinc/events.sp::CS_OnBuyCommand
L 09/14/2022 - 10:00:06: [SM] Exception reported: Array index out-of-bounds (index 64, limit 55)
L 09/14/2022 - 10:00:06: [SM] Blaming: weapon_restrict.smx
L 09/14/2022 - 10:00:06: [SM] Call stack trace:
L 09/14/2022 - 10:00:06: [SM]   [1] Line 202, restrictinc/events.sp::CS_OnBuyCommand
L 09/14/2022 - 10:00:12: [SM] Exception reported: Array index out-of-bounds (index 64, limit 55)
L 09/14/2022 - 10:00:12: [SM] Blaming: weapon_restrict.smx
L 09/14/2022 - 10:00:12: [SM] Call stack trace:
L 09/14/2022 - 10:00:12: [SM]   [1] Line 202, restrictinc/events.sp::CS_OnBuyCommand
L 09/14/2022 - 10:00:22: [SM] Exception reported: Array index out-of-bounds (index 64, limit 55)
L 09/14/2022 - 10:00:22: [SM] Blaming: weapon_restrict.smx
L 09/14/2022 - 10:00:22: [SM] Call stack trace:
L 09/14/2022 - 10:00:22: [SM]   [1] Line 202, restrictinc/events.sp::CS_OnBuyCommand
L 09/14/2022 - 10:00:37: [SM] Exception reported: Array index out-of-bounds (index 64, limit 55)
L 09/14/2022 - 10:00:37: [SM] Blaming: weapon_restrict.smx
L 09/14/2022 - 10:00:37: [SM] Call stack trace:
L 09/14/2022 - 10:00:37: [SM]   [1] Line 202, restrictinc/events.sp::CS_OnBuyCommand
L 09/14/2022 - 10:00:51: [SM] Exception reported: Array index out-of-bounds (index 64, limit 55)
L 09/14/2022 - 10:00:51: [SM] Blaming: weapon_restrict.smx
L 09/14/2022 - 10:00:51: [SM] Call stack trace:
L 09/14/2022 - 10:00:51: [SM]   [1] Line 202, restrictinc/events.sp::CS_OnBuyCommand
L 09/14/2022 - 10:01:19: [SM] Exception reported: Array index out-of-bounds (index 64, limit 55)
L 09/14/2022 - 10:01:19: [SM] Blaming: weapon_restrict.smx
L 09/14/2022 - 10:01:19: [SM] Call stack trace:
L 09/14/2022 - 10:01:19: [SM]   [1] Line 202, restrictinc/events.sp::CS_OnBuyCommand
L 09/14/2022 - 10:01:24: [SM] Exception reported: Array index out-of-bounds (index 64, limit 55)
L 09/14/2022 - 10:01:24: [SM] Blaming: weapon_restrict.smx
L 09/14/2022 - 10:01:24: [SM] Call stack trace:
L 09/14/2022 - 10:01:24: [SM]   [1] Line 202, restrictinc/events.sp::CS_OnBuyCommand
L 09/14/2022 - 10:01:40: [SM] Exception reported: Array index out-of-bounds (index 64, limit 55)
L 09/14/2022 - 10:01:40: [SM] Blaming: weapon_restrict.smx
L 09/14/2022 - 10:01:40: [SM] Call stack trace:
L 09/14/2022 - 10:01:40: [SM]   [1] Line 202, restrictinc/events.sp::CS_OnBuyCommand
L 09/14/2022 - 10:16:42: [SM] Exception reported: Array index out-of-bounds (index 64, limit 55)
L 09/14/2022 - 10:16:42: [SM] Blaming: weapon_restrict.smx
L 09/14/2022 - 10:16:42: [SM] Call stack trace:
L 09/14/2022 - 10:16:42: [SM]   [1] Line 202, restrictinc/events.sp::CS_OnBuyCommand
L 09/14/2022 - 10:17:28: [SM] Exception reported: Array index out-of-bounds (index 64, limit 55)
L 09/14/2022 - 10:17:28: [SM] Blaming: weapon_restrict.smx
L 09/14/2022 - 10:17:28: [SM] Call stack trace:
L 09/14/2022 - 10:17:28: [SM]   [1] Line 202, restrictinc/events.sp::CS_OnBuyCommand
L 09/14/2022 - 10:21:27: [SM] Exception reported: Array index out-of-bounds (index 64, limit 55)
L 09/14/2022 - 10:21:27: [SM] Blaming: weapon_restrict.smx
L 09/14/2022 - 10:21:27: [SM] Call stack trace:
L 09/14/2022 - 10:21:27: [SM]   [1] Line 202, restrictinc/events.sp::CS_OnBuyCommand
L 09/14/2022 - 10:32:07: [SM] Exception reported: Array index out-of-bounds (index 64, limit 55)
L 09/14/2022 - 10:32:07: [SM] Blaming: weapon_restrict.smx
L 09/14/2022 - 10:32:07: [SM] Call stack trace:
L 09/14/2022 - 10:32:07: [SM]   [1] Line 202, restrictinc/events.sp::CS_OnBuyCommand
L 09/14/2022 - 10:33:36: [SM] Exception reported: Array index out-of-bounds (index 64, limit 55)
L 09/14/2022 - 10:33:36: [SM] Blaming: weapon_restrict.smx
L 09/14/2022 - 10:33:36: [SM] Call stack trace:
L 09/14/2022 - 10:33:36: [SM]   [1] Line 202, restrictinc/events.sp::CS_OnBuyCommand
L 09/14/2022 - 10:34:20: [SM] Exception reported: Array index out-of-bounds (index 64, limit 55)
L 09/14/2022 - 10:34:20: [SM] Blaming: weapon_restrict.smx
L 09/14/2022 - 10:34:20: [SM] Call stack trace:
L 09/14/2022 - 10:34:20: [SM]   [1] Line 202, restrictinc/events.sp::CS_OnBuyCommand
L 09/14/2022 - 10:34:38: [SM] Exception reported: Array index out-of-bounds (index 64, limit 55)
L 09/14/2022 - 10:34:38: [SM] Blaming: weapon_restrict.smx
L 09/14/2022 - 10:34:38: [SM] Call stack trace:
L 09/14/2022 - 10:34:38: [SM]   [1] Line 202, restrictinc/events.sp::CS_OnBuyCommand
L 09/14/2022 - 10:34:40: [SM] Exception reported: Array index out-of-bounds (index 64, limit 55)
L 09/14/2022 - 10:34:40: [SM] Blaming: weapon_restrict.smx
L 09/14/2022 - 10:34:40: [SM] Call stack trace:
L 09/14/2022 - 10:34:40: [SM]   [1] Line 202, restrictinc/events.sp::CS_OnBuyCommand
L 09/14/2022 - 10:34:41: [SM] Exception reported: Array index out-of-bounds (index 64, limit 55)
L 09/14/2022 - 10:34:41: [SM] Blaming: weapon_restrict.smx
L 09/14/2022 - 10:34:41: [SM] Call stack trace:
L 09/14/2022 - 10:34:41: [SM]   [1] Line 202, restrictinc/events.sp::CS_OnBuyCommand
L 09/14/2022 - 10:34:42: [SM] Exception reported: Array index out-of-bounds (index 64, limit 55)
L 09/14/2022 - 10:34:42: [SM] Blaming: weapon_restrict.smx
L 09/14/2022 - 10:34:42: [SM] Call stack trace:
L 09/14/2022 - 10:34:42: [SM]   [1] Line 202, restrictinc/events.sp::CS_OnBuyCommand
L 09/14/2022 - 10:34:42: [SM] Exception reported: Array index out-of-bounds (index 64, limit 55)
L 09/14/2022 - 10:34:42: [SM] Blaming: weapon_restrict.smx
L 09/14/2022 - 10:34:42: [SM] Call stack trace:
L 09/14/2022 - 10:34:42: [SM]   [1] Line 202, restrictinc/events.sp::CS_OnBuyCommand
L 09/14/2022 - 10:34:44: [SM] Exception reported: Array index out-of-bounds (index 64, limit 55)
L 09/14/2022 - 10:34:44: [SM] Blaming: weapon_restrict.smx
L 09/14/2022 - 10:34:44: [SM] Call stack trace:
L 09/14/2022 - 10:34:44: [SM]   [1] Line 202, restrictinc/events.sp::CS_OnBuyCommand
L 09/14/2022 - 10:36:49: [SM] Exception reported: Array index out-of-bounds (index 64, limit 55)
L 09/14/2022 - 10:36:49: [SM] Blaming: weapon_restrict.smx
L 09/14/2022 - 10:36:49: [SM] Call stack trace:
L 09/14/2022 - 10:36:49: [SM]   [1] Line 202, restrictinc/events.sp::CS_OnBuyCommand
L 09/14/2022 - 10:37:28: [SM] Exception reported: Array index out-of-bounds (index 64, limit 55)
L 09/14/2022 - 10:37:28: [SM] Blaming: weapon_restrict.smx
L 09/14/2022 - 10:37:28: [SM] Call stack trace:
L 09/14/2022 - 10:37:28: [SM]   [1] Line 202, restrictinc/events.sp::CS_OnBuyCommand
L 09/14/2022 - 10:42:53: [SM] Exception reported: Array index out-of-bounds (index 64, limit 55)
L 09/14/2022 - 10:42:53: [SM] Blaming: weapon_restrict.smx
L 09/14/2022 - 10:42:53: [SM] Call stack trace:
L 09/14/2022 - 10:42:53: [SM]   [1] Line 202, restrictinc/events.sp::CS_OnBuyCommand
L 09/14/2022 - 10:49:13: [warmod.smx] Plug-in tEasyFTP.smx required to auto upload demos
L 09/14/2022 - 10:49:38: Error log file session closed.
L 09/14/2022 - 10:50:19: SourceMod error session started
L 09/14/2022 - 10:50:19: Info (map "de_mirage") (file "/badfupo/server1/csgo/addons/sourcemod/logs/errors_20220914.log")
L 09/14/2022 - 10:50:19: [SM] Exception reported: Array index out-of-bounds (index 64, limit 55)
L 09/14/2022 - 10:50:19: [SM] Blaming: weapon_restrict.smx
L 09/14/2022 - 10:50:19: [SM] Call stack trace:
L 09/14/2022 - 10:50:19: [SM]   [1] Line 202, restrictinc/events.sp::CS_OnBuyCommand
L 09/14/2022 - 11:00:24: [SM] Exception reported: Array index out-of-bounds (index 64, limit 55)
L 09/14/2022 - 11:00:24: [SM] Blaming: weapon_restrict.smx
L 09/14/2022 - 11:00:24: [SM] Call stack trace:
L 09/14/2022 - 11:00:24: [SM]   [1] Line 202, restrictinc/events.sp::CS_OnBuyCommand
L 09/14/2022 - 11:05:47: [warmod.smx] Plug-in tEasyFTP.smx required to auto upload demos
L 09/14/2022 - 11:06:16: [SM] Exception reported: Array index out-of-bounds (index 64, limit 55)
L 09/14/2022 - 11:06:16: [SM] Blaming: weapon_restrict.smx
L 09/14/2022 - 11:06:16: [SM] Call stack trace:
L 09/14/2022 - 11:06:16: [SM]   [1] Line 202, restrictinc/events.sp::CS_OnBuyCommand
L 09/14/2022 - 11:06:30: [SM] Exception reported: Array index out-of-bounds (index 64, limit 55)
L 09/14/2022 - 11:06:30: [SM] Blaming: weapon_restrict.smx
L 09/14/2022 - 11:06:30: [SM] Call stack trace:
L 09/14/2022 - 11:06:30: [SM]   [1] Line 202, restrictinc/events.sp::CS_OnBuyCommand
L 09/14/2022 - 11:06:33: [SM] Exception reported: Array index out-of-bounds (index 64, limit 55)
L 09/14/2022 - 11:06:33: [SM] Blaming: weapon_restrict.smx
L 09/14/2022 - 11:06:33: [SM] Call stack trace:
L 09/14/2022 - 11:06:33: [SM]   [1] Line 202, restrictinc/events.sp::CS_OnBuyCommand
L 09/14/2022 - 11:15:31: [SM] Exception reported: Array index out-of-bounds (index 64, limit 55)
L 09/14/2022 - 11:15:31: [SM] Blaming: weapon_restrict.smx
L 09/14/2022 - 11:15:31: [SM] Call stack trace:
L 09/14/2022 - 11:15:31: [SM]   [1] Line 202, restrictinc/events.sp::CS_OnBuyCommand
L 09/14/2022 - 11:18:30: [SM] Exception reported: Array index out-of-bounds (index 64, limit 55)
L 09/14/2022 - 11:18:30: [SM] Blaming: weapon_restrict.smx
L 09/14/2022 - 11:18:30: [SM] Call stack trace:
L 09/14/2022 - 11:18:30: [SM]   [1] Line 202, restrictinc/events.sp::CS_OnBuyCommand
L 09/14/2022 - 11:22:58: [warmod.smx] Plug-in tEasyFTP.smx required to auto upload demos
L 09/14/2022 - 11:55:58: Error log file session closed.
L 09/14/2022 - 14:14:42: SourceMod error session started
L 09/14/2022 - 14:14:42: Info (map "de_mirage") (file "/badfupo/server1/csgo/addons/sourcemod/logs/errors_20220914.log")
L 09/14/2022 - 14:14:42: [SM] Exception reported: Array index out-of-bounds (index 64, limit 55)
L 09/14/2022 - 14:14:42: [SM] Blaming: weapon_restrict.smx
L 09/14/2022 - 14:14:42: [SM] Call stack trace:
L 09/14/2022 - 14:14:42: [SM]   [1] Line 202, restrictinc/events.sp::CS_OnBuyCommand
L 09/14/2022 - 14:28:22: Error log file session closed.
