L 11/19/2022 - 09:11:32: SourceMod error session started
L 11/19/2022 - 09:11:32: Info (map "de_mirage") (file "/csgoserver/server1/csgo/addons/sourcemod/logs/errors_20221119.log")
L 11/19/2022 - 09:11:32: [nextmap.smx] FATAL: Cannot load map cycle. Nextmap not loaded.
L 11/19/2022 - 09:11:32: [SM] Exception reported: Mapcycle Not Found
L 11/19/2022 - 09:11:32: [SM] Blaming: nextmap.smx
L 11/19/2022 - 09:11:32: [SM] Call stack trace:
L 11/19/2022 - 09:11:32: [SM]   [0] SetFailState
L 11/19/2022 - 09:11:32: [SM]   [1] Line 142, /home/builds/sourcemod/debian9-1.11/build/plugins/nextmap.sp::FindAndSetNextMap
L 11/19/2022 - 09:11:32: [SM]   [2] Line 112, /home/builds/sourcemod/debian9-1.11/build/plugins/nextmap.sp::OnConfigsExecuted
L 11/19/2022 - 09:20:25: [SM] Exception reported: Array index out-of-bounds (index 64, limit 55)
L 11/19/2022 - 09:20:25: [SM] Blaming: weapon_restrict.smx
L 11/19/2022 - 09:20:25: [SM] Call stack trace:
L 11/19/2022 - 09:20:25: [SM]   [1] Line 202, restrictinc/events.sp::CS_OnBuyCommand
L 11/19/2022 - 09:21:10: [SM] Exception reported: Array index out-of-bounds (index 64, limit 55)
L 11/19/2022 - 09:21:10: [SM] Blaming: weapon_restrict.smx
L 11/19/2022 - 09:21:10: [SM] Call stack trace:
L 11/19/2022 - 09:21:10: [SM]   [1] Line 202, restrictinc/events.sp::CS_OnBuyCommand
L 11/19/2022 - 09:21:38: [warmod.smx] Plug-in tEasyFTP.smx required to auto upload demos
L 11/19/2022 - 10:00:02: Error log file session closed.
L 11/19/2022 - 10:03:46: SourceMod error session started
L 11/19/2022 - 10:03:46: Info (map "de_mirage") (file "/csgoserver/server1/csgo/addons/sourcemod/logs/errors_20221119.log")
L 11/19/2022 - 10:03:46: [warmod.smx] Plug-in tEasyFTP.smx required to auto upload demos
L 11/19/2022 - 10:05:55: [SM] Exception reported: Array index out-of-bounds (index 64, limit 55)
L 11/19/2022 - 10:05:55: [SM] Blaming: weapon_restrict.smx
L 11/19/2022 - 10:05:55: [SM] Call stack trace:
L 11/19/2022 - 10:05:55: [SM]   [1] Line 202, restrictinc/events.sp::CS_OnBuyCommand
L 11/19/2022 - 10:16:21: [SM] Exception reported: Array index out-of-bounds (index 64, limit 55)
L 11/19/2022 - 10:16:21: [SM] Blaming: weapon_restrict.smx
L 11/19/2022 - 10:16:21: [SM] Call stack trace:
L 11/19/2022 - 10:16:21: [SM]   [1] Line 202, restrictinc/events.sp::CS_OnBuyCommand
L 11/19/2022 - 10:24:57: [SM] Exception reported: Array index out-of-bounds (index 64, limit 55)
L 11/19/2022 - 10:24:57: [SM] Blaming: weapon_restrict.smx
L 11/19/2022 - 10:24:57: [SM] Call stack trace:
L 11/19/2022 - 10:24:57: [SM]   [1] Line 202, restrictinc/events.sp::CS_OnBuyCommand
L 11/19/2022 - 10:25:51: Error log file session closed.
L 11/19/2022 - 10:38:00: SourceMod error session started
L 11/19/2022 - 10:38:00: Info (map "de_mirage") (file "/csgoserver/server1/csgo/addons/sourcemod/logs/errors_20221119.log")
L 11/19/2022 - 10:38:00: [SM] Exception reported: Array index out-of-bounds (index 64, limit 55)
L 11/19/2022 - 10:38:00: [SM] Blaming: weapon_restrict.smx
L 11/19/2022 - 10:38:00: [SM] Call stack trace:
L 11/19/2022 - 10:38:00: [SM]   [1] Line 202, restrictinc/events.sp::CS_OnBuyCommand
L 11/19/2022 - 10:40:53: Error log file session closed.
L 11/19/2022 - 10:41:20: SourceMod error session started
L 11/19/2022 - 10:41:20: Info (map "de_bank") (file "/csgoserver/server1/csgo/addons/sourcemod/logs/errors_20221119.log")
L 11/19/2022 - 10:41:20: [SM] Exception reported: Array index out-of-bounds (index 64, limit 55)
L 11/19/2022 - 10:41:20: [SM] Blaming: weapon_restrict.smx
L 11/19/2022 - 10:41:20: [SM] Call stack trace:
L 11/19/2022 - 10:41:20: [SM]   [1] Line 202, restrictinc/events.sp::CS_OnBuyCommand
L 11/19/2022 - 10:43:15: [SM] Exception reported: Array index out-of-bounds (index 64, limit 55)
L 11/19/2022 - 10:43:15: [SM] Blaming: weapon_restrict.smx
L 11/19/2022 - 10:43:15: [SM] Call stack trace:
L 11/19/2022 - 10:43:15: [SM]   [1] Line 202, restrictinc/events.sp::CS_OnBuyCommand
L 11/19/2022 - 10:43:20: [SM] Exception reported: Array index out-of-bounds (index 64, limit 55)
L 11/19/2022 - 10:43:20: [SM] Blaming: weapon_restrict.smx
L 11/19/2022 - 10:43:20: [SM] Call stack trace:
L 11/19/2022 - 10:43:20: [SM]   [1] Line 202, restrictinc/events.sp::CS_OnBuyCommand
L 11/19/2022 - 10:43:32: [SM] Exception reported: Array index out-of-bounds (index 64, limit 55)
L 11/19/2022 - 10:43:32: [SM] Blaming: weapon_restrict.smx
L 11/19/2022 - 10:43:32: [SM] Call stack trace:
L 11/19/2022 - 10:43:32: [SM]   [1] Line 202, restrictinc/events.sp::CS_OnBuyCommand
L 11/19/2022 - 10:43:34: [SM] Exception reported: Array index out-of-bounds (index 64, limit 55)
L 11/19/2022 - 10:43:34: [SM] Blaming: weapon_restrict.smx
L 11/19/2022 - 10:43:34: [SM] Call stack trace:
L 11/19/2022 - 10:43:34: [SM]   [1] Line 202, restrictinc/events.sp::CS_OnBuyCommand
L 11/19/2022 - 10:44:40: [SM] Exception reported: Array index out-of-bounds (index 64, limit 55)
L 11/19/2022 - 10:44:40: [SM] Blaming: weapon_restrict.smx
L 11/19/2022 - 10:44:40: [SM] Call stack trace:
L 11/19/2022 - 10:44:40: [SM]   [1] Line 202, restrictinc/events.sp::CS_OnBuyCommand
L 11/19/2022 - 10:44:45: [SM] Exception reported: Array index out-of-bounds (index 64, limit 55)
L 11/19/2022 - 10:44:45: [SM] Blaming: weapon_restrict.smx
L 11/19/2022 - 10:44:45: [SM] Call stack trace:
L 11/19/2022 - 10:44:45: [SM]   [1] Line 202, restrictinc/events.sp::CS_OnBuyCommand
L 11/19/2022 - 10:46:00: [SM] Exception reported: Array index out-of-bounds (index 64, limit 55)
L 11/19/2022 - 10:46:00: [SM] Blaming: weapon_restrict.smx
L 11/19/2022 - 10:46:00: [SM] Call stack trace:
L 11/19/2022 - 10:46:00: [SM]   [1] Line 202, restrictinc/events.sp::CS_OnBuyCommand
L 11/19/2022 - 10:51:59: [SM] Exception reported: Array index out-of-bounds (index 64, limit 55)
L 11/19/2022 - 10:51:59: [SM] Blaming: weapon_restrict.smx
L 11/19/2022 - 10:51:59: [SM] Call stack trace:
L 11/19/2022 - 10:51:59: [SM]   [1] Line 202, restrictinc/events.sp::CS_OnBuyCommand
L 11/19/2022 - 10:52:01: [SM] Exception reported: Array index out-of-bounds (index 64, limit 55)
L 11/19/2022 - 10:52:01: [SM] Blaming: weapon_restrict.smx
L 11/19/2022 - 10:52:01: [SM] Call stack trace:
L 11/19/2022 - 10:52:01: [SM]   [1] Line 202, restrictinc/events.sp::CS_OnBuyCommand
L 11/19/2022 - 11:16:25: Error log file session closed.
L 11/19/2022 - 11:30:40: SourceMod error session started
L 11/19/2022 - 11:30:40: Info (map "de_mirage") (file "/csgoserver/server1/csgo/addons/sourcemod/logs/errors_20221119.log")
L 11/19/2022 - 11:30:40: [SM] Exception reported: Array index out-of-bounds (index 64, limit 55)
L 11/19/2022 - 11:30:40: [SM] Blaming: weapon_restrict.smx
L 11/19/2022 - 11:30:40: [SM] Call stack trace:
L 11/19/2022 - 11:30:40: [SM]   [1] Line 202, restrictinc/events.sp::CS_OnBuyCommand
L 11/19/2022 - 11:38:44: [admin-flatfile.smx] Error(s) detected parsing addons/sourcemod/configs/admins_simple.ini
L 11/19/2022 - 11:38:44: [admin-flatfile.smx]  (line 51) Invalid flag detected: x
L 11/19/2022 - 11:44:04: [SM] Exception reported: Array index out-of-bounds (index 64, limit 55)
L 11/19/2022 - 11:44:04: [SM] Blaming: weapon_restrict.smx
L 11/19/2022 - 11:44:04: [SM] Call stack trace:
L 11/19/2022 - 11:44:04: [SM]   [1] Line 202, restrictinc/events.sp::CS_OnBuyCommand
L 11/19/2022 - 11:46:14: Error log file session closed.
L 11/19/2022 - 11:46:14: SourceMod error session started
L 11/19/2022 - 11:46:14: Info (map "de_overpass") (file "/csgoserver/server1/csgo/addons/sourcemod/logs/errors_20221119.log")
L 11/19/2022 - 11:46:14: [admin-flatfile.smx] Error(s) detected parsing addons/sourcemod/configs/admins_simple.ini
L 11/19/2022 - 11:46:14: [admin-flatfile.smx]  (line 51) Invalid flag detected: x
L 11/19/2022 - 11:52:31: Error log file session closed.
L 11/19/2022 - 11:52:31: SourceMod error session started
L 11/19/2022 - 11:52:31: Info (map "de_mirage") (file "/csgoserver/server1/csgo/addons/sourcemod/logs/errors_20221119.log")
L 11/19/2022 - 11:52:31: [admin-flatfile.smx] Error(s) detected parsing addons/sourcemod/configs/admins_simple.ini
L 11/19/2022 - 11:52:31: [admin-flatfile.smx]  (line 57) Invalid flag detected: x
L 11/19/2022 - 11:59:37: [SM] Exception reported: Array index out-of-bounds (index 64, limit 55)
L 11/19/2022 - 11:59:37: [SM] Blaming: weapon_restrict.smx
L 11/19/2022 - 11:59:37: [SM] Call stack trace:
L 11/19/2022 - 11:59:37: [SM]   [1] Line 202, restrictinc/events.sp::CS_OnBuyCommand
L 11/19/2022 - 12:12:08: [SM] Exception reported: Array index out-of-bounds (index 64, limit 55)
L 11/19/2022 - 12:12:08: [SM] Blaming: weapon_restrict.smx
L 11/19/2022 - 12:12:08: [SM] Call stack trace:
L 11/19/2022 - 12:12:08: [SM]   [1] Line 202, restrictinc/events.sp::CS_OnBuyCommand
L 11/19/2022 - 12:21:41: Error log file session closed.
L 11/19/2022 - 12:21:41: SourceMod error session started
L 11/19/2022 - 12:21:41: Info (map "de_mirage") (file "/csgoserver/server1/csgo/addons/sourcemod/logs/errors_20221119.log")
L 11/19/2022 - 12:21:41: [admin-flatfile.smx] Error(s) detected parsing addons/sourcemod/configs/admins_simple.ini
L 11/19/2022 - 12:21:41: [admin-flatfile.smx]  (line 57) Invalid flag detected: x
L 11/19/2022 - 12:27:16: Error log file session closed.
L 11/19/2022 - 12:27:16: SourceMod error session started
L 11/19/2022 - 12:27:16: Info (map "de_shortnuke") (file "/csgoserver/server1/csgo/addons/sourcemod/logs/errors_20221119.log")
L 11/19/2022 - 12:27:16: [admin-flatfile.smx] Error(s) detected parsing addons/sourcemod/configs/admins_simple.ini
L 11/19/2022 - 12:27:16: [admin-flatfile.smx]  (line 57) Invalid flag detected: x
L 11/19/2022 - 12:29:07: [SM] Exception reported: Array index out-of-bounds (index 64, limit 55)
L 11/19/2022 - 12:29:07: [SM] Blaming: weapon_restrict.smx
L 11/19/2022 - 12:29:07: [SM] Call stack trace:
L 11/19/2022 - 12:29:07: [SM]   [1] Line 202, restrictinc/events.sp::CS_OnBuyCommand
L 11/19/2022 - 12:37:37: [SM] Exception reported: Array index out-of-bounds (index 64, limit 55)
L 11/19/2022 - 12:37:37: [SM] Blaming: weapon_restrict.smx
L 11/19/2022 - 12:37:37: [SM] Call stack trace:
L 11/19/2022 - 12:37:37: [SM]   [1] Line 202, restrictinc/events.sp::CS_OnBuyCommand
L 11/19/2022 - 12:37:38: [SM] Exception reported: Array index out-of-bounds (index 64, limit 55)
L 11/19/2022 - 12:37:39: [SM] Blaming: weapon_restrict.smx
L 11/19/2022 - 12:37:39: [SM] Call stack trace:
L 11/19/2022 - 12:37:39: [SM]   [1] Line 202, restrictinc/events.sp::CS_OnBuyCommand
L 11/19/2022 - 13:04:29: Error log file session closed.
L 11/19/2022 - 13:04:29: SourceMod error session started
L 11/19/2022 - 13:04:29: Info (map "de_shortnuke") (file "/csgoserver/server1/csgo/addons/sourcemod/logs/errors_20221119.log")
L 11/19/2022 - 13:04:29: [admin-flatfile.smx] Error(s) detected parsing addons/sourcemod/configs/admins_simple.ini
L 11/19/2022 - 13:04:29: [admin-flatfile.smx]  (line 57) Invalid flag detected: x
L 11/19/2022 - 13:15:31: [SM] Exception reported: Array index out-of-bounds (index 64, limit 55)
L 11/19/2022 - 13:15:31: [SM] Blaming: weapon_restrict.smx
L 11/19/2022 - 13:15:31: [SM] Call stack trace:
L 11/19/2022 - 13:15:31: [SM]   [1] Line 202, restrictinc/events.sp::CS_OnBuyCommand
L 11/19/2022 - 13:15:33: [SM] Exception reported: Array index out-of-bounds (index 64, limit 55)
L 11/19/2022 - 13:15:33: [SM] Blaming: weapon_restrict.smx
L 11/19/2022 - 13:15:33: [SM] Call stack trace:
L 11/19/2022 - 13:15:33: [SM]   [1] Line 202, restrictinc/events.sp::CS_OnBuyCommand
L 11/19/2022 - 13:15:34: [SM] Exception reported: Array index out-of-bounds (index 64, limit 55)
L 11/19/2022 - 13:15:34: [SM] Blaming: weapon_restrict.smx
L 11/19/2022 - 13:15:34: [SM] Call stack trace:
L 11/19/2022 - 13:15:34: [SM]   [1] Line 202, restrictinc/events.sp::CS_OnBuyCommand
L 11/19/2022 - 13:16:40: [SM] Exception reported: Array index out-of-bounds (index 64, limit 55)
L 11/19/2022 - 13:16:40: [SM] Blaming: weapon_restrict.smx
L 11/19/2022 - 13:16:40: [SM] Call stack trace:
L 11/19/2022 - 13:16:40: [SM]   [1] Line 202, restrictinc/events.sp::CS_OnBuyCommand
L 11/19/2022 - 13:29:21: [SM] Exception reported: Array index out-of-bounds (index 64, limit 55)
L 11/19/2022 - 13:29:21: [SM] Blaming: weapon_restrict.smx
L 11/19/2022 - 13:29:21: [SM] Call stack trace:
L 11/19/2022 - 13:29:21: [SM]   [1] Line 202, restrictinc/events.sp::CS_OnBuyCommand
L 11/19/2022 - 13:29:23: [SM] Exception reported: Array index out-of-bounds (index 64, limit 55)
L 11/19/2022 - 13:29:23: [SM] Blaming: weapon_restrict.smx
L 11/19/2022 - 13:29:23: [SM] Call stack trace:
L 11/19/2022 - 13:29:23: [SM]   [1] Line 202, restrictinc/events.sp::CS_OnBuyCommand
L 11/19/2022 - 13:29:28: [SM] Exception reported: Array index out-of-bounds (index 64, limit 55)
L 11/19/2022 - 13:29:28: [SM] Blaming: weapon_restrict.smx
L 11/19/2022 - 13:29:28: [SM] Call stack trace:
L 11/19/2022 - 13:29:28: [SM]   [1] Line 202, restrictinc/events.sp::CS_OnBuyCommand
L 11/19/2022 - 13:31:42: [SM] Exception reported: Array index out-of-bounds (index 64, limit 55)
L 11/19/2022 - 13:31:42: [SM] Blaming: weapon_restrict.smx
L 11/19/2022 - 13:31:42: [SM] Call stack trace:
L 11/19/2022 - 13:31:42: [SM]   [1] Line 202, restrictinc/events.sp::CS_OnBuyCommand
L 11/19/2022 - 14:19:35: Error log file session closed.
L 11/19/2022 - 14:19:35: SourceMod error session started
L 11/19/2022 - 14:19:35: Info (map "de_shortnuke") (file "/csgoserver/server1/csgo/addons/sourcemod/logs/errors_20221119.log")
L 11/19/2022 - 14:19:35: [admin-flatfile.smx] Error(s) detected parsing addons/sourcemod/configs/admins_simple.ini
L 11/19/2022 - 14:19:35: [admin-flatfile.smx]  (line 57) Invalid flag detected: x
L 11/19/2022 - 14:20:04: Error log file session closed.
L 11/19/2022 - 14:20:04: SourceMod error session started
L 11/19/2022 - 14:20:04: Info (map "de_mirage") (file "/csgoserver/server1/csgo/addons/sourcemod/logs/errors_20221119.log")
L 11/19/2022 - 14:20:04: [admin-flatfile.smx] Error(s) detected parsing addons/sourcemod/configs/admins_simple.ini
L 11/19/2022 - 14:20:04: [admin-flatfile.smx]  (line 57) Invalid flag detected: x
L 11/19/2022 - 14:21:42: Error log file session closed.
L 11/19/2022 - 14:21:42: SourceMod error session started
L 11/19/2022 - 14:21:42: Info (map "de_mirage") (file "/csgoserver/server1/csgo/addons/sourcemod/logs/errors_20221119.log")
L 11/19/2022 - 14:21:42: [admin-flatfile.smx] Error(s) detected parsing addons/sourcemod/configs/admins_simple.ini
L 11/19/2022 - 14:21:42: [admin-flatfile.smx]  (line 57) Invalid flag detected: x
L 11/19/2022 - 14:25:11: Error log file session closed.
L 11/19/2022 - 14:25:11: SourceMod error session started
L 11/19/2022 - 14:25:11: Info (map "de_mirage") (file "/csgoserver/server1/csgo/addons/sourcemod/logs/errors_20221119.log")
L 11/19/2022 - 14:25:11: [admin-flatfile.smx] Error(s) detected parsing addons/sourcemod/configs/admins_simple.ini
L 11/19/2022 - 14:25:11: [admin-flatfile.smx]  (line 57) Invalid flag detected: x
L 11/19/2022 - 14:26:04: Error log file session closed.
L 11/19/2022 - 14:26:04: SourceMod error session started
L 11/19/2022 - 14:26:04: Info (map "de_mirage") (file "/csgoserver/server1/csgo/addons/sourcemod/logs/errors_20221119.log")
L 11/19/2022 - 14:26:04: [admin-flatfile.smx] Error(s) detected parsing addons/sourcemod/configs/admins_simple.ini
L 11/19/2022 - 14:26:04: [admin-flatfile.smx]  (line 57) Invalid flag detected: x
L 11/19/2022 - 14:26:59: Error log file session closed.
L 11/19/2022 - 14:26:59: SourceMod error session started
L 11/19/2022 - 14:26:59: Info (map "de_mirage") (file "/csgoserver/server1/csgo/addons/sourcemod/logs/errors_20221119.log")
L 11/19/2022 - 14:26:59: [admin-flatfile.smx] Error(s) detected parsing addons/sourcemod/configs/admins_simple.ini
L 11/19/2022 - 14:26:59: [admin-flatfile.smx]  (line 57) Invalid flag detected: x
L 11/19/2022 - 14:27:18: [admin-flatfile.smx] Error(s) detected parsing addons/sourcemod/configs/admins_simple.ini
L 11/19/2022 - 14:27:18: [admin-flatfile.smx]  (line 57) Invalid flag detected: x
L 11/19/2022 - 14:28:11: [admin-flatfile.smx] Error(s) detected parsing addons/sourcemod/configs/admins_simple.ini
L 11/19/2022 - 14:28:11: [admin-flatfile.smx]  (line 57) Invalid flag detected: x
L 11/19/2022 - 14:29:19: Error log file session closed.
L 11/19/2022 - 14:29:19: SourceMod error session started
L 11/19/2022 - 14:29:19: Info (map "de_vertigo") (file "/csgoserver/server1/csgo/addons/sourcemod/logs/errors_20221119.log")
L 11/19/2022 - 14:29:19: [admin-flatfile.smx] Error(s) detected parsing addons/sourcemod/configs/admins_simple.ini
L 11/19/2022 - 14:29:19: [admin-flatfile.smx]  (line 57) Invalid flag detected: x
L 11/19/2022 - 14:29:49: Error log file session closed.
L 11/19/2022 - 14:29:49: SourceMod error session started
L 11/19/2022 - 14:29:49: Info (map "de_mirage") (file "/csgoserver/server1/csgo/addons/sourcemod/logs/errors_20221119.log")
L 11/19/2022 - 14:29:49: [admin-flatfile.smx] Error(s) detected parsing addons/sourcemod/configs/admins_simple.ini
L 11/19/2022 - 14:29:49: [admin-flatfile.smx]  (line 57) Invalid flag detected: x
L 11/19/2022 - 14:31:20: [SM] Exception reported: Array index out-of-bounds (index 64, limit 55)
L 11/19/2022 - 14:31:20: [SM] Blaming: weapon_restrict.smx
L 11/19/2022 - 14:31:20: [SM] Call stack trace:
L 11/19/2022 - 14:31:20: [SM]   [1] Line 202, restrictinc/events.sp::CS_OnBuyCommand
L 11/19/2022 - 14:43:00: [SM] Exception reported: Array index out-of-bounds (index 64, limit 55)
L 11/19/2022 - 14:43:00: [SM] Blaming: weapon_restrict.smx
L 11/19/2022 - 14:43:00: [SM] Call stack trace:
L 11/19/2022 - 14:43:00: [SM]   [1] Line 202, restrictinc/events.sp::CS_OnBuyCommand
L 11/19/2022 - 14:56:22: Error log file session closed.
L 11/19/2022 - 14:56:22: SourceMod error session started
L 11/19/2022 - 14:56:22: Info (map "de_mirage") (file "/csgoserver/server1/csgo/addons/sourcemod/logs/errors_20221119.log")
L 11/19/2022 - 14:56:22: [admin-flatfile.smx] Error(s) detected parsing addons/sourcemod/configs/admins_simple.ini
L 11/19/2022 - 14:56:22: [admin-flatfile.smx]  (line 57) Invalid flag detected: x
L 11/19/2022 - 15:10:46: [SM] Exception reported: Array index out-of-bounds (index 64, limit 55)
L 11/19/2022 - 15:10:46: [SM] Blaming: weapon_restrict.smx
L 11/19/2022 - 15:10:46: [SM] Call stack trace:
L 11/19/2022 - 15:10:46: [SM]   [1] Line 202, restrictinc/events.sp::CS_OnBuyCommand
L 11/19/2022 - 15:41:58: Error log file session closed.
L 11/19/2022 - 15:41:58: SourceMod error session started
L 11/19/2022 - 15:41:58: Info (map "de_mirage") (file "/csgoserver/server1/csgo/addons/sourcemod/logs/errors_20221119.log")
L 11/19/2022 - 15:41:58: [admin-flatfile.smx] Error(s) detected parsing addons/sourcemod/configs/admins_simple.ini
L 11/19/2022 - 15:41:58: [admin-flatfile.smx]  (line 57) Invalid flag detected: x
L 11/19/2022 - 16:04:56: Error log file session closed.
L 11/19/2022 - 16:04:56: SourceMod error session started
L 11/19/2022 - 16:04:56: Info (map "de_mirage") (file "/csgoserver/server1/csgo/addons/sourcemod/logs/errors_20221119.log")
L 11/19/2022 - 16:04:56: [admin-flatfile.smx] Error(s) detected parsing addons/sourcemod/configs/admins_simple.ini
L 11/19/2022 - 16:04:56: [admin-flatfile.smx]  (line 57) Invalid flag detected: x
L 11/19/2022 - 16:18:33: [SM] Exception reported: Array index out-of-bounds (index 64, limit 55)
L 11/19/2022 - 16:18:33: [SM] Blaming: weapon_restrict.smx
L 11/19/2022 - 16:18:33: [SM] Call stack trace:
L 11/19/2022 - 16:18:33: [SM]   [1] Line 202, restrictinc/events.sp::CS_OnBuyCommand
L 11/19/2022 - 16:22:18: [SM] Exception reported: Array index out-of-bounds (index 64, limit 55)
L 11/19/2022 - 16:22:18: [SM] Blaming: weapon_restrict.smx
L 11/19/2022 - 16:22:18: [SM] Call stack trace:
L 11/19/2022 - 16:22:18: [SM]   [1] Line 202, restrictinc/events.sp::CS_OnBuyCommand
L 11/19/2022 - 16:36:40: [SM] Exception reported: Array index out-of-bounds (index 64, limit 55)
L 11/19/2022 - 16:36:40: [SM] Blaming: weapon_restrict.smx
L 11/19/2022 - 16:36:40: [SM] Call stack trace:
L 11/19/2022 - 16:36:40: [SM]   [1] Line 202, restrictinc/events.sp::CS_OnBuyCommand
L 11/19/2022 - 16:36:42: [SM] Exception reported: Array index out-of-bounds (index 64, limit 55)
L 11/19/2022 - 16:36:42: [SM] Blaming: weapon_restrict.smx
L 11/19/2022 - 16:36:42: [SM] Call stack trace:
L 11/19/2022 - 16:36:42: [SM]   [1] Line 202, restrictinc/events.sp::CS_OnBuyCommand
L 11/19/2022 - 16:36:48: [SM] Exception reported: Array index out-of-bounds (index 64, limit 55)
L 11/19/2022 - 16:36:48: [SM] Blaming: weapon_restrict.smx
L 11/19/2022 - 16:36:48: [SM] Call stack trace:
L 11/19/2022 - 16:36:48: [SM]   [1] Line 202, restrictinc/events.sp::CS_OnBuyCommand
L 11/19/2022 - 16:37:13: [SM] Exception reported: Array index out-of-bounds (index 64, limit 55)
L 11/19/2022 - 16:37:13: [SM] Blaming: weapon_restrict.smx
L 11/19/2022 - 16:37:13: [SM] Call stack trace:
L 11/19/2022 - 16:37:13: [SM]   [1] Line 202, restrictinc/events.sp::CS_OnBuyCommand
L 11/19/2022 - 16:37:14: [SM] Exception reported: Array index out-of-bounds (index 64, limit 55)
L 11/19/2022 - 16:37:14: [SM] Blaming: weapon_restrict.smx
L 11/19/2022 - 16:37:14: [SM] Call stack trace:
L 11/19/2022 - 16:37:14: [SM]   [1] Line 202, restrictinc/events.sp::CS_OnBuyCommand
L 11/19/2022 - 16:40:08: [SM] Exception reported: Array index out-of-bounds (index 64, limit 55)
L 11/19/2022 - 16:40:08: [SM] Blaming: weapon_restrict.smx
L 11/19/2022 - 16:40:08: [SM] Call stack trace:
L 11/19/2022 - 16:40:08: [SM]   [1] Line 202, restrictinc/events.sp::CS_OnBuyCommand
L 11/19/2022 - 16:41:07: [SM] Exception reported: Array index out-of-bounds (index 64, limit 55)
L 11/19/2022 - 16:41:07: [SM] Blaming: weapon_restrict.smx
L 11/19/2022 - 16:41:07: [SM] Call stack trace:
L 11/19/2022 - 16:41:07: [SM]   [1] Line 202, restrictinc/events.sp::CS_OnBuyCommand
L 11/19/2022 - 16:42:39: [SM] Exception reported: Array index out-of-bounds (index 64, limit 55)
L 11/19/2022 - 16:42:39: [SM] Blaming: weapon_restrict.smx
L 11/19/2022 - 16:42:39: [SM] Call stack trace:
L 11/19/2022 - 16:42:39: [SM]   [1] Line 202, restrictinc/events.sp::CS_OnBuyCommand
L 11/19/2022 - 16:42:46: [SM] Exception reported: Array index out-of-bounds (index 64, limit 55)
L 11/19/2022 - 16:42:46: [SM] Blaming: weapon_restrict.smx
L 11/19/2022 - 16:42:46: [SM] Call stack trace:
L 11/19/2022 - 16:42:46: [SM]   [1] Line 202, restrictinc/events.sp::CS_OnBuyCommand
L 11/19/2022 - 16:42:52: [SM] Exception reported: Array index out-of-bounds (index 64, limit 55)
L 11/19/2022 - 16:42:52: [SM] Blaming: weapon_restrict.smx
L 11/19/2022 - 16:42:52: [SM] Call stack trace:
L 11/19/2022 - 16:42:52: [SM]   [1] Line 202, restrictinc/events.sp::CS_OnBuyCommand
L 11/19/2022 - 16:42:54: [SM] Exception reported: Array index out-of-bounds (index 64, limit 55)
L 11/19/2022 - 16:42:54: [SM] Blaming: weapon_restrict.smx
L 11/19/2022 - 16:42:54: [SM] Call stack trace:
L 11/19/2022 - 16:42:54: [SM]   [1] Line 202, restrictinc/events.sp::CS_OnBuyCommand
L 11/19/2022 - 16:43:38: [SM] Exception reported: Array index out-of-bounds (index 64, limit 55)
L 11/19/2022 - 16:43:38: [SM] Blaming: weapon_restrict.smx
L 11/19/2022 - 16:43:38: [SM] Call stack trace:
L 11/19/2022 - 16:43:38: [SM]   [1] Line 202, restrictinc/events.sp::CS_OnBuyCommand
L 11/19/2022 - 16:44:01: [SM] Exception reported: Array index out-of-bounds (index 64, limit 55)
L 11/19/2022 - 16:44:01: [SM] Blaming: weapon_restrict.smx
L 11/19/2022 - 16:44:01: [SM] Call stack trace:
L 11/19/2022 - 16:44:01: [SM]   [1] Line 202, restrictinc/events.sp::CS_OnBuyCommand
L 11/19/2022 - 16:44:43: [SM] Exception reported: Array index out-of-bounds (index 64, limit 55)
L 11/19/2022 - 16:44:43: [SM] Blaming: weapon_restrict.smx
L 11/19/2022 - 16:44:43: [SM] Call stack trace:
L 11/19/2022 - 16:44:43: [SM]   [1] Line 202, restrictinc/events.sp::CS_OnBuyCommand
L 11/19/2022 - 16:46:08: [SM] Exception reported: Array index out-of-bounds (index 64, limit 55)
L 11/19/2022 - 16:46:08: [SM] Blaming: weapon_restrict.smx
L 11/19/2022 - 16:46:08: [SM] Call stack trace:
L 11/19/2022 - 16:46:08: [SM]   [1] Line 202, restrictinc/events.sp::CS_OnBuyCommand
L 11/19/2022 - 16:47:48: Error log file session closed.
L 11/19/2022 - 16:47:48: SourceMod error session started
L 11/19/2022 - 16:47:48: Info (map "de_shortnuke") (file "/csgoserver/server1/csgo/addons/sourcemod/logs/errors_20221119.log")
L 11/19/2022 - 16:47:48: [admin-flatfile.smx] Error(s) detected parsing addons/sourcemod/configs/admins_simple.ini
L 11/19/2022 - 16:47:48: [admin-flatfile.smx]  (line 57) Invalid flag detected: x
L 11/19/2022 - 16:48:16: [SM] Exception reported: Array index out-of-bounds (index 64, limit 55)
L 11/19/2022 - 16:48:16: [SM] Blaming: weapon_restrict.smx
L 11/19/2022 - 16:48:16: [SM] Call stack trace:
L 11/19/2022 - 16:48:16: [SM]   [1] Line 202, restrictinc/events.sp::CS_OnBuyCommand
L 11/19/2022 - 16:48:31: [SM] Exception reported: Array index out-of-bounds (index 64, limit 55)
L 11/19/2022 - 16:48:31: [SM] Blaming: weapon_restrict.smx
L 11/19/2022 - 16:48:31: [SM] Call stack trace:
L 11/19/2022 - 16:48:31: [SM]   [1] Line 202, restrictinc/events.sp::CS_OnBuyCommand
L 11/19/2022 - 16:53:15: Error log file session closed.
L 11/19/2022 - 16:53:15: SourceMod error session started
L 11/19/2022 - 16:53:15: Info (map "de_mirage") (file "/csgoserver/server1/csgo/addons/sourcemod/logs/errors_20221119.log")
L 11/19/2022 - 16:53:15: [admin-flatfile.smx] Error(s) detected parsing addons/sourcemod/configs/admins_simple.ini
L 11/19/2022 - 16:53:15: [admin-flatfile.smx]  (line 57) Invalid flag detected: x
L 11/19/2022 - 17:25:57: [SM] Exception reported: Array index out-of-bounds (index 64, limit 55)
L 11/19/2022 - 17:25:57: [SM] Blaming: weapon_restrict.smx
L 11/19/2022 - 17:25:57: [SM] Call stack trace:
L 11/19/2022 - 17:25:57: [SM]   [1] Line 202, restrictinc/events.sp::CS_OnBuyCommand
L 11/19/2022 - 17:32:19: [SM] Exception reported: Array index out-of-bounds (index 64, limit 55)
L 11/19/2022 - 17:32:19: [SM] Blaming: weapon_restrict.smx
L 11/19/2022 - 17:32:19: [SM] Call stack trace:
L 11/19/2022 - 17:32:19: [SM]   [1] Line 202, restrictinc/events.sp::CS_OnBuyCommand
L 11/19/2022 - 17:34:02: [SM] Exception reported: Array index out-of-bounds (index 64, limit 55)
L 11/19/2022 - 17:34:02: [SM] Blaming: weapon_restrict.smx
L 11/19/2022 - 17:34:02: [SM] Call stack trace:
L 11/19/2022 - 17:34:02: [SM]   [1] Line 202, restrictinc/events.sp::CS_OnBuyCommand
L 11/19/2022 - 17:35:27: [SM] Exception reported: Array index out-of-bounds (index 64, limit 55)
L 11/19/2022 - 17:35:27: [SM] Blaming: weapon_restrict.smx
L 11/19/2022 - 17:35:27: [SM] Call stack trace:
L 11/19/2022 - 17:35:27: [SM]   [1] Line 202, restrictinc/events.sp::CS_OnBuyCommand
L 11/19/2022 - 17:38:06: [SM] Exception reported: Array index out-of-bounds (index 64, limit 55)
L 11/19/2022 - 17:38:06: [SM] Blaming: weapon_restrict.smx
L 11/19/2022 - 17:38:06: [SM] Call stack trace:
L 11/19/2022 - 17:38:06: [SM]   [1] Line 202, restrictinc/events.sp::CS_OnBuyCommand
L 11/19/2022 - 17:39:04: [SM] Exception reported: Array index out-of-bounds (index 64, limit 55)
L 11/19/2022 - 17:39:04: [SM] Blaming: weapon_restrict.smx
L 11/19/2022 - 17:39:04: [SM] Call stack trace:
L 11/19/2022 - 17:39:04: [SM]   [1] Line 202, restrictinc/events.sp::CS_OnBuyCommand
L 11/19/2022 - 17:47:51: [SM] Exception reported: Array index out-of-bounds (index 64, limit 55)
L 11/19/2022 - 17:47:51: [SM] Blaming: weapon_restrict.smx
L 11/19/2022 - 17:47:51: [SM] Call stack trace:
L 11/19/2022 - 17:47:51: [SM]   [1] Line 202, restrictinc/events.sp::CS_OnBuyCommand
L 11/19/2022 - 17:48:48: [SM] Exception reported: Array index out-of-bounds (index 64, limit 55)
L 11/19/2022 - 17:48:48: [SM] Blaming: weapon_restrict.smx
L 11/19/2022 - 17:48:48: [SM] Call stack trace:
L 11/19/2022 - 17:48:48: [SM]   [1] Line 202, restrictinc/events.sp::CS_OnBuyCommand
L 11/19/2022 - 17:48:49: [SM] Exception reported: Array index out-of-bounds (index 64, limit 55)
L 11/19/2022 - 17:48:49: [SM] Blaming: weapon_restrict.smx
L 11/19/2022 - 17:48:49: [SM] Call stack trace:
L 11/19/2022 - 17:48:49: [SM]   [1] Line 202, restrictinc/events.sp::CS_OnBuyCommand
L 11/19/2022 - 17:49:35: [SM] Exception reported: Array index out-of-bounds (index 64, limit 55)
L 11/19/2022 - 17:49:35: [SM] Blaming: weapon_restrict.smx
L 11/19/2022 - 17:49:35: [SM] Call stack trace:
L 11/19/2022 - 17:49:35: [SM]   [1] Line 202, restrictinc/events.sp::CS_OnBuyCommand
L 11/20/2022 - 19:32:14: Error log file session closed.
