L 11/15/2022 - 14:31:16: SourceMod error session started
L 11/15/2022 - 14:31:16: Info (map "de_vertigo") (file "/csgoserver/server1/csgo/addons/sourcemod/logs/errors_20221115.log")
L 11/15/2022 - 14:31:16: [SM] Exception reported: Array index out-of-bounds (index 64, limit 55)
L 11/15/2022 - 14:31:16: [SM] Blaming: weapon_restrict.smx
L 11/15/2022 - 14:31:16: [SM] Call stack trace:
L 11/15/2022 - 14:31:16: [SM]   [1] Line 202, restrictinc/events.sp::CS_OnBuyCommand
L 11/15/2022 - 14:32:58: [SM] Exception reported: Array index out-of-bounds (index 64, limit 55)
L 11/15/2022 - 14:32:58: [SM] Blaming: weapon_restrict.smx
L 11/15/2022 - 14:32:58: [SM] Call stack trace:
L 11/15/2022 - 14:32:58: [SM]   [1] Line 202, restrictinc/events.sp::CS_OnBuyCommand
L 11/15/2022 - 14:34:34: [SM] Exception reported: Array index out-of-bounds (index 64, limit 55)
L 11/15/2022 - 14:34:34: [SM] Blaming: weapon_restrict.smx
L 11/15/2022 - 14:34:34: [SM] Call stack trace:
L 11/15/2022 - 14:34:34: [SM]   [1] Line 202, restrictinc/events.sp::CS_OnBuyCommand
L 11/15/2022 - 14:40:53: [SM] Exception reported: Array index out-of-bounds (index 64, limit 55)
L 11/15/2022 - 14:40:53: [SM] Blaming: weapon_restrict.smx
L 11/15/2022 - 14:40:53: [SM] Call stack trace:
L 11/15/2022 - 14:40:53: [SM]   [1] Line 202, restrictinc/events.sp::CS_OnBuyCommand
L 11/15/2022 - 14:47:34: [warmod.smx] Plug-in tEasyFTP.smx required to auto upload demos
L 11/15/2022 - 14:58:49: Error log file session closed.
L 11/15/2022 - 15:08:40: SourceMod error session started
L 11/15/2022 - 15:08:40: Info (map "de_mirage") (file "/csgoserver/server1/csgo/addons/sourcemod/logs/errors_20221115.log")
L 11/15/2022 - 15:08:40: [nextmap.smx] FATAL: Cannot load map cycle. Nextmap not loaded.
L 11/15/2022 - 15:08:40: [SM] Exception reported: Mapcycle Not Found
L 11/15/2022 - 15:08:40: [SM] Blaming: nextmap.smx
L 11/15/2022 - 15:08:40: [SM] Call stack trace:
L 11/15/2022 - 15:08:40: [SM]   [0] SetFailState
L 11/15/2022 - 15:08:40: [SM]   [1] Line 142, /home/builds/sourcemod/debian9-1.11/build/plugins/nextmap.sp::FindAndSetNextMap
L 11/15/2022 - 15:08:40: [SM]   [2] Line 112, /home/builds/sourcemod/debian9-1.11/build/plugins/nextmap.sp::OnConfigsExecuted
L 11/15/2022 - 15:09:58: [SM] Exception reported: Array index out-of-bounds (index 64, limit 55)
L 11/15/2022 - 15:09:58: [SM] Blaming: weapon_restrict.smx
L 11/15/2022 - 15:09:58: [SM] Call stack trace:
L 11/15/2022 - 15:09:58: [SM]   [1] Line 202, restrictinc/events.sp::CS_OnBuyCommand
L 11/15/2022 - 15:19:40: Error log file session closed.
L 11/15/2022 - 15:19:42: SourceMod error session started
L 11/15/2022 - 15:19:42: Info (map "de_vertigo") (file "/csgoserver/server1/csgo/addons/sourcemod/logs/errors_20221115.log")
L 11/15/2022 - 15:19:42: [nextmap.smx] FATAL: Cannot load map cycle. Nextmap not loaded.
L 11/15/2022 - 15:19:42: [SM] Exception reported: Mapcycle Not Found
L 11/15/2022 - 15:19:42: [SM] Blaming: nextmap.smx
L 11/15/2022 - 15:19:42: [SM] Call stack trace:
L 11/15/2022 - 15:19:42: [SM]   [0] SetFailState
L 11/15/2022 - 15:19:42: [SM]   [1] Line 142, /home/builds/sourcemod/debian9-1.11/build/plugins/nextmap.sp::FindAndSetNextMap
L 11/15/2022 - 15:19:42: [SM]   [2] Line 112, /home/builds/sourcemod/debian9-1.11/build/plugins/nextmap.sp::OnConfigsExecuted
L 11/15/2022 - 15:21:33: Error log file session closed.
L 11/15/2022 - 15:21:35: SourceMod error session started
L 11/15/2022 - 15:21:35: Info (map "de_train") (file "/csgoserver/server1/csgo/addons/sourcemod/logs/errors_20221115.log")
L 11/15/2022 - 15:21:35: [nextmap.smx] FATAL: Cannot load map cycle. Nextmap not loaded.
L 11/15/2022 - 15:21:35: [SM] Exception reported: Mapcycle Not Found
L 11/15/2022 - 15:21:35: [SM] Blaming: nextmap.smx
L 11/15/2022 - 15:21:35: [SM] Call stack trace:
L 11/15/2022 - 15:21:35: [SM]   [0] SetFailState
L 11/15/2022 - 15:21:35: [SM]   [1] Line 142, /home/builds/sourcemod/debian9-1.11/build/plugins/nextmap.sp::FindAndSetNextMap
L 11/15/2022 - 15:21:35: [SM]   [2] Line 112, /home/builds/sourcemod/debian9-1.11/build/plugins/nextmap.sp::OnConfigsExecuted
L 11/15/2022 - 15:26:56: [SM] Exception reported: Array index out-of-bounds (index 64, limit 55)
L 11/15/2022 - 15:26:56: [SM] Blaming: weapon_restrict.smx
L 11/15/2022 - 15:26:56: [SM] Call stack trace:
L 11/15/2022 - 15:26:56: [SM]   [1] Line 202, restrictinc/events.sp::CS_OnBuyCommand
L 11/15/2022 - 15:28:18: [SM] Exception reported: Array index out-of-bounds (index 64, limit 55)
L 11/15/2022 - 15:28:18: [SM] Blaming: weapon_restrict.smx
L 11/15/2022 - 15:28:18: [SM] Call stack trace:
L 11/15/2022 - 15:28:18: [SM]   [1] Line 202, restrictinc/events.sp::CS_OnBuyCommand
L 11/15/2022 - 15:28:19: [SM] Exception reported: Array index out-of-bounds (index 64, limit 55)
L 11/15/2022 - 15:28:19: [SM] Blaming: weapon_restrict.smx
L 11/15/2022 - 15:28:19: [SM] Call stack trace:
L 11/15/2022 - 15:28:19: [SM]   [1] Line 202, restrictinc/events.sp::CS_OnBuyCommand
L 11/15/2022 - 15:28:21: [SM] Exception reported: Array index out-of-bounds (index 64, limit 55)
L 11/15/2022 - 15:28:21: [SM] Blaming: weapon_restrict.smx
L 11/15/2022 - 15:28:21: [SM] Call stack trace:
L 11/15/2022 - 15:28:21: [SM]   [1] Line 202, restrictinc/events.sp::CS_OnBuyCommand
L 11/15/2022 - 15:31:49: [SM] Exception reported: Array index out-of-bounds (index 64, limit 55)
L 11/15/2022 - 15:31:49: [SM] Blaming: weapon_restrict.smx
L 11/15/2022 - 15:31:49: [SM] Call stack trace:
L 11/15/2022 - 15:31:49: [SM]   [1] Line 202, restrictinc/events.sp::CS_OnBuyCommand
L 11/15/2022 - 15:34:44: [SM] Exception reported: Array index out-of-bounds (index 64, limit 55)
L 11/15/2022 - 15:34:44: [SM] Blaming: weapon_restrict.smx
L 11/15/2022 - 15:34:44: [SM] Call stack trace:
L 11/15/2022 - 15:34:44: [SM]   [1] Line 202, restrictinc/events.sp::CS_OnBuyCommand
L 11/15/2022 - 15:36:27: [SM] Exception reported: Array index out-of-bounds (index 64, limit 55)
L 11/15/2022 - 15:36:27: [SM] Blaming: weapon_restrict.smx
L 11/15/2022 - 15:36:27: [SM] Call stack trace:
L 11/15/2022 - 15:36:27: [SM]   [1] Line 202, restrictinc/events.sp::CS_OnBuyCommand
L 11/15/2022 - 15:36:32: [SM] Exception reported: Array index out-of-bounds (index 64, limit 55)
L 11/15/2022 - 15:36:32: [SM] Blaming: weapon_restrict.smx
L 11/15/2022 - 15:36:32: [SM] Call stack trace:
L 11/15/2022 - 15:36:32: [SM]   [1] Line 202, restrictinc/events.sp::CS_OnBuyCommand
L 11/15/2022 - 15:43:37: [warmod.smx] Plug-in tEasyFTP.smx required to auto upload demos
L 11/15/2022 - 15:43:47: Error log file session closed.
L 11/15/2022 - 15:45:51: SourceMod error session started
L 11/15/2022 - 15:45:51: Info (map "de_mirage") (file "/csgoserver/server1/csgo/addons/sourcemod/logs/errors_20221115.log")
L 11/15/2022 - 15:45:51: [SM] Exception reported: Array index out-of-bounds (index 64, limit 55)
L 11/15/2022 - 15:45:51: [SM] Blaming: weapon_restrict.smx
L 11/15/2022 - 15:45:51: [SM] Call stack trace:
L 11/15/2022 - 15:45:51: [SM]   [1] Line 202, restrictinc/events.sp::CS_OnBuyCommand
L 11/15/2022 - 15:54:25: [SM] Exception reported: Array index out-of-bounds (index 64, limit 55)
L 11/15/2022 - 15:54:25: [SM] Blaming: weapon_restrict.smx
L 11/15/2022 - 15:54:25: [SM] Call stack trace:
L 11/15/2022 - 15:54:25: [SM]   [1] Line 202, restrictinc/events.sp::CS_OnBuyCommand
L 11/15/2022 - 15:54:25: [SM] Exception reported: Array index out-of-bounds (index 64, limit 55)
L 11/15/2022 - 15:54:25: [SM] Blaming: weapon_restrict.smx
L 11/15/2022 - 15:54:25: [SM] Call stack trace:
L 11/15/2022 - 15:54:25: [SM]   [1] Line 202, restrictinc/events.sp::CS_OnBuyCommand
L 11/15/2022 - 15:58:20: [warmod.smx] Plug-in tEasyFTP.smx required to auto upload demos
L 11/15/2022 - 17:06:18: Error log file session closed.
L 11/15/2022 - 20:08:57: SourceMod error session started
L 11/15/2022 - 20:08:57: Info (map "de_mirage") (file "/csgoserver/server1/csgo/addons/sourcemod/logs/errors_20221115.log")
L 11/15/2022 - 20:08:57: [SM] Exception reported: Array index out-of-bounds (index 64, limit 55)
L 11/15/2022 - 20:08:57: [SM] Blaming: weapon_restrict.smx
L 11/15/2022 - 20:08:57: [SM] Call stack trace:
L 11/15/2022 - 20:08:57: [SM]   [1] Line 202, restrictinc/events.sp::CS_OnBuyCommand
L 11/15/2022 - 20:15:29: Error log file session closed.
L 11/15/2022 - 20:15:42: SourceMod error session started
L 11/15/2022 - 20:15:42: Info (map "de_mirage") (file "/csgoserver/server1/csgo/addons/sourcemod/logs/errors_20221115.log")
L 11/15/2022 - 20:15:42: [SM] Exception reported: Array index out-of-bounds (index 64, limit 55)
L 11/15/2022 - 20:15:42: [SM] Blaming: weapon_restrict.smx
L 11/15/2022 - 20:15:42: [SM] Call stack trace:
L 11/15/2022 - 20:15:42: [SM]   [1] Line 202, restrictinc/events.sp::CS_OnBuyCommand
L 11/15/2022 - 20:15:43: [SM] Exception reported: Array index out-of-bounds (index 64, limit 55)
L 11/15/2022 - 20:15:43: [SM] Blaming: weapon_restrict.smx
L 11/15/2022 - 20:15:43: [SM] Call stack trace:
L 11/15/2022 - 20:15:43: [SM]   [1] Line 202, restrictinc/events.sp::CS_OnBuyCommand
L 11/15/2022 - 21:02:12: [SM] Exception reported: Array index out-of-bounds (index 64, limit 55)
L 11/15/2022 - 21:02:12: [SM] Blaming: weapon_restrict.smx
L 11/15/2022 - 21:02:12: [SM] Call stack trace:
L 11/15/2022 - 21:02:12: [SM]   [1] Line 202, restrictinc/events.sp::CS_OnBuyCommand
L 11/15/2022 - 21:02:22: [SM] Exception reported: Array index out-of-bounds (index 64, limit 55)
L 11/15/2022 - 21:02:22: [SM] Blaming: weapon_restrict.smx
L 11/15/2022 - 21:02:22: [SM] Call stack trace:
L 11/15/2022 - 21:02:22: [SM]   [1] Line 202, restrictinc/events.sp::CS_OnBuyCommand
L 11/15/2022 - 21:03:06: [SM] Exception reported: Array index out-of-bounds (index 64, limit 55)
L 11/15/2022 - 21:03:06: [SM] Blaming: weapon_restrict.smx
L 11/15/2022 - 21:03:06: [SM] Call stack trace:
L 11/15/2022 - 21:03:06: [SM]   [1] Line 202, restrictinc/events.sp::CS_OnBuyCommand
L 11/15/2022 - 21:11:37: [SM] Exception reported: Array index out-of-bounds (index 64, limit 55)
L 11/15/2022 - 21:11:37: [SM] Blaming: weapon_restrict.smx
L 11/15/2022 - 21:11:37: [SM] Call stack trace:
L 11/15/2022 - 21:11:37: [SM]   [1] Line 202, restrictinc/events.sp::CS_OnBuyCommand
L 11/15/2022 - 21:12:03: [warmod.smx] Plug-in tEasyFTP.smx required to auto upload demos
L 11/15/2022 - 21:14:08: [SM] Exception reported: Array index out-of-bounds (index 64, limit 55)
L 11/15/2022 - 21:14:08: [SM] Blaming: weapon_restrict.smx
L 11/15/2022 - 21:14:08: [SM] Call stack trace:
L 11/15/2022 - 21:14:08: [SM]   [1] Line 202, restrictinc/events.sp::CS_OnBuyCommand
L 11/15/2022 - 21:30:39: [SM] Exception reported: Array index out-of-bounds (index 64, limit 55)
L 11/15/2022 - 21:30:39: [SM] Blaming: weapon_restrict.smx
L 11/15/2022 - 21:30:39: [SM] Call stack trace:
L 11/15/2022 - 21:30:39: [SM]   [1] Line 202, restrictinc/events.sp::CS_OnBuyCommand
L 11/15/2022 - 21:32:06: [SM] Exception reported: Array index out-of-bounds (index 64, limit 55)
L 11/15/2022 - 21:32:06: [SM] Blaming: weapon_restrict.smx
L 11/15/2022 - 21:32:06: [SM] Call stack trace:
L 11/15/2022 - 21:32:06: [SM]   [1] Line 202, restrictinc/events.sp::CS_OnBuyCommand
L 11/15/2022 - 21:45:14: Error log file session closed.
