L 08/13/2022 - 02:29:32: SourceMod error session started
L 08/13/2022 - 02:29:32: Info (map "de_mirage") (file "/home/csgo/csgo/addons/sourcemod/logs/errors_20220813.log")
L 08/13/2022 - 02:29:32: [SM] Fatal error encountered parsing translation file "movecommands.phrases.txt"
L 08/13/2022 - 02:29:32: [SM] Error (line 0, column 0): Stream failed to open
L 08/13/2022 - 02:30:49: Error log file session closed.
L 08/13/2022 - 02:30:49: SourceMod error session started
L 08/13/2022 - 02:30:49: Info (map "de_mirage") (file "/home/csgo/csgo/addons/sourcemod/logs/errors_20220813.log")
L 08/13/2022 - 02:30:49: [SM] Fatal error encountered parsing translation file "movecommands.phrases.txt"
L 08/13/2022 - 02:30:49: [SM] Error (line 0, column 0): Stream failed to open
L 08/13/2022 - 02:31:24: [c5_pug.smx] GOTV demo could not be recorded since tv_enable is not set to 1
L 08/13/2022 - 02:31:27: [SM] Exception reported: Array index out-of-bounds (index 64, limit 55)
L 08/13/2022 - 02:31:27: [SM] Blaming: weapon_restrict.smx
L 08/13/2022 - 02:31:27: [SM] Call stack trace:
L 08/13/2022 - 02:31:27: [SM]   [1] Line 202, restrictinc/events.sp::CS_OnBuyCommand
L 08/13/2022 - 02:31:30: [SM] Exception reported: Array index out-of-bounds (index 64, limit 55)
L 08/13/2022 - 02:31:30: [SM] Blaming: weapon_restrict.smx
L 08/13/2022 - 02:31:30: [SM] Call stack trace:
L 08/13/2022 - 02:31:30: [SM]   [1] Line 202, restrictinc/events.sp::CS_OnBuyCommand
L 08/13/2022 - 02:32:04: [SM] Exception reported: Array index out-of-bounds (index 64, limit 55)
L 08/13/2022 - 02:32:04: [SM] Blaming: weapon_restrict.smx
L 08/13/2022 - 02:32:04: [SM] Call stack trace:
L 08/13/2022 - 02:32:04: [SM]   [1] Line 202, restrictinc/events.sp::CS_OnBuyCommand
L 08/13/2022 - 02:32:06: [SM] Exception reported: Array index out-of-bounds (index 64, limit 55)
L 08/13/2022 - 02:32:06: [SM] Blaming: weapon_restrict.smx
L 08/13/2022 - 02:32:06: [SM] Call stack trace:
L 08/13/2022 - 02:32:06: [SM]   [1] Line 202, restrictinc/events.sp::CS_OnBuyCommand
L 08/13/2022 - 02:46:49: [SM] Exception reported: Array index out-of-bounds (index 64, limit 55)
L 08/13/2022 - 02:46:49: [SM] Blaming: weapon_restrict.smx
L 08/13/2022 - 02:46:49: [SM] Call stack trace:
L 08/13/2022 - 02:46:49: [SM]   [1] Line 202, restrictinc/events.sp::CS_OnBuyCommand
L 08/13/2022 - 02:49:26: [SM] Exception reported: Array index out-of-bounds (index 64, limit 55)
L 08/13/2022 - 02:49:26: [SM] Blaming: weapon_restrict.smx
L 08/13/2022 - 02:49:26: [SM] Call stack trace:
L 08/13/2022 - 02:49:26: [SM]   [1] Line 202, restrictinc/events.sp::CS_OnBuyCommand
L 08/13/2022 - 02:49:27: [SM] Exception reported: Array index out-of-bounds (index 64, limit 55)
L 08/13/2022 - 02:49:27: [SM] Blaming: weapon_restrict.smx
L 08/13/2022 - 02:49:27: [SM] Call stack trace:
L 08/13/2022 - 02:49:27: [SM]   [1] Line 202, restrictinc/events.sp::CS_OnBuyCommand
L 08/13/2022 - 02:54:28: [SM] Exception reported: Array index out-of-bounds (index 64, limit 55)
L 08/13/2022 - 02:54:28: [SM] Blaming: weapon_restrict.smx
L 08/13/2022 - 02:54:28: [SM] Call stack trace:
L 08/13/2022 - 02:54:28: [SM]   [1] Line 202, restrictinc/events.sp::CS_OnBuyCommand
L 08/13/2022 - 10:57:44: Error log file session closed.
L 08/13/2022 - 10:57:44: SourceMod error session started
L 08/13/2022 - 10:57:44: Info (map "de_mirage") (file "/home/csgo/csgo/addons/sourcemod/logs/errors_20220813.log")
L 08/13/2022 - 10:57:44: [SM] Fatal error encountered parsing translation file "movecommands.phrases.txt"
L 08/13/2022 - 10:57:44: [SM] Error (line 0, column 0): Stream failed to open
L 08/13/2022 - 16:24:15: Error log file session closed.
L 08/13/2022 - 16:24:15: SourceMod error session started
L 08/13/2022 - 16:24:15: Info (map "de_mirage") (file "/home/csgo/csgo/addons/sourcemod/logs/errors_20220813.log")
L 08/13/2022 - 16:24:15: [SM] Fatal error encountered parsing translation file "movecommands.phrases.txt"
L 08/13/2022 - 16:24:15: [SM] Error (line 0, column 0): Stream failed to open
L 08/13/2022 - 16:30:10: [SM] Exception reported: Language phrase "MessageTag" not found (arg 6)
L 08/13/2022 - 16:30:10: [SM] Blaming: movecommands.smx
L 08/13/2022 - 16:30:10: [SM] Call stack trace:
L 08/13/2022 - 16:30:10: [SM]   [0] Format
L 08/13/2022 - 16:30:10: [SM]   [1] Line 69, movecommands.sp::OnPluginStart
L 08/13/2022 - 16:30:10: [SM] Unable to load plugin "movecommands.smx": Error detected in plugin startup (see error logs)
L 08/13/2022 - 16:38:21: [c5_pug.smx] GOTV demo could not be recorded since tv_enable is not set to 1
L 08/13/2022 - 16:38:45: Error log file session closed.
L 08/13/2022 - 16:38:45: SourceMod error session started
L 08/13/2022 - 16:38:45: Info (map "de_shortnuke") (file "/home/csgo/csgo/addons/sourcemod/logs/errors_20220813.log")
L 08/13/2022 - 16:38:45: [SM] Fatal error encountered parsing translation file "movecommands.phrases.txt"
L 08/13/2022 - 16:38:45: [SM] Error (line 0, column 0): Stream failed to open
L 08/13/2022 - 16:39:34: [c5_pug.smx] GOTV demo could not be recorded since tv_enable is not set to 1
L 08/13/2022 - 16:45:34: [SM] Exception reported: Array index out-of-bounds (index 64, limit 55)
L 08/13/2022 - 16:45:34: [SM] Blaming: weapon_restrict.smx
L 08/13/2022 - 16:45:34: [SM] Call stack trace:
L 08/13/2022 - 16:45:34: [SM]   [1] Line 202, restrictinc/events.sp::CS_OnBuyCommand
L 08/13/2022 - 16:47:04: [SM] Exception reported: Array index out-of-bounds (index 64, limit 55)
L 08/13/2022 - 16:47:04: [SM] Blaming: weapon_restrict.smx
L 08/13/2022 - 16:47:04: [SM] Call stack trace:
L 08/13/2022 - 16:47:04: [SM]   [1] Line 202, restrictinc/events.sp::CS_OnBuyCommand
L 08/13/2022 - 16:48:55: Error log file session closed.
L 08/13/2022 - 16:48:55: SourceMod error session started
L 08/13/2022 - 16:48:55: Info (map "de_mirage") (file "/home/csgo/csgo/addons/sourcemod/logs/errors_20220813.log")
L 08/13/2022 - 16:48:55: [SM] Fatal error encountered parsing translation file "movecommands.phrases.txt"
L 08/13/2022 - 16:48:55: [SM] Error (line 0, column 0): Stream failed to open
L 08/13/2022 - 16:50:33: Error log file session closed.
L 08/13/2022 - 16:50:33: SourceMod error session started
L 08/13/2022 - 16:50:33: Info (map "de_mirage") (file "/home/csgo/csgo/addons/sourcemod/logs/errors_20220813.log")
L 08/13/2022 - 16:50:33: [SM] Fatal error encountered parsing translation file "movecommands.phrases.txt"
L 08/13/2022 - 16:50:33: [SM] Error (line 0, column 0): Stream failed to open
L 08/13/2022 - 16:51:05: [c5_pug.smx] GOTV demo could not be recorded since tv_enable is not set to 1
L 08/13/2022 - 16:52:48: [SM] Exception reported: Array index out-of-bounds (index 64, limit 55)
L 08/13/2022 - 16:52:48: [SM] Blaming: weapon_restrict.smx
L 08/13/2022 - 16:52:48: [SM] Call stack trace:
L 08/13/2022 - 16:52:48: [SM]   [1] Line 202, restrictinc/events.sp::CS_OnBuyCommand
L 08/13/2022 - 16:52:57: [SM] Exception reported: Array index out-of-bounds (index 64, limit 55)
L 08/13/2022 - 16:52:57: [SM] Blaming: weapon_restrict.smx
L 08/13/2022 - 16:52:57: [SM] Call stack trace:
L 08/13/2022 - 16:52:57: [SM]   [1] Line 202, restrictinc/events.sp::CS_OnBuyCommand
L 08/13/2022 - 17:00:45: [SM] Exception reported: Array index out-of-bounds (index 64, limit 55)
L 08/13/2022 - 17:00:45: [SM] Blaming: weapon_restrict.smx
L 08/13/2022 - 17:00:45: [SM] Call stack trace:
L 08/13/2022 - 17:00:45: [SM]   [1] Line 202, restrictinc/events.sp::CS_OnBuyCommand
L 08/13/2022 - 17:12:45: [SM] Exception reported: Array index out-of-bounds (index 64, limit 55)
L 08/13/2022 - 17:12:45: [SM] Blaming: weapon_restrict.smx
L 08/13/2022 - 17:12:45: [SM] Call stack trace:
L 08/13/2022 - 17:12:45: [SM]   [1] Line 202, restrictinc/events.sp::CS_OnBuyCommand
L 08/13/2022 - 17:21:24: [SM] Exception reported: Array index out-of-bounds (index 64, limit 55)
L 08/13/2022 - 17:21:24: [SM] Blaming: weapon_restrict.smx
L 08/13/2022 - 17:21:24: [SM] Call stack trace:
L 08/13/2022 - 17:21:24: [SM]   [1] Line 202, restrictinc/events.sp::CS_OnBuyCommand
L 08/13/2022 - 17:21:33: [SM] Exception reported: Array index out-of-bounds (index 64, limit 55)
L 08/13/2022 - 17:21:33: [SM] Blaming: weapon_restrict.smx
L 08/13/2022 - 17:21:33: [SM] Call stack trace:
L 08/13/2022 - 17:21:33: [SM]   [1] Line 202, restrictinc/events.sp::CS_OnBuyCommand
L 08/13/2022 - 17:21:40: [SM] Exception reported: Array index out-of-bounds (index 64, limit 55)
L 08/13/2022 - 17:21:40: [SM] Blaming: weapon_restrict.smx
L 08/13/2022 - 17:21:40: [SM] Call stack trace:
L 08/13/2022 - 17:21:40: [SM]   [1] Line 202, restrictinc/events.sp::CS_OnBuyCommand
L 08/13/2022 - 17:21:49: [SM] Exception reported: Array index out-of-bounds (index 64, limit 55)
L 08/13/2022 - 17:21:49: [SM] Blaming: weapon_restrict.smx
L 08/13/2022 - 17:21:49: [SM] Call stack trace:
L 08/13/2022 - 17:21:49: [SM]   [1] Line 202, restrictinc/events.sp::CS_OnBuyCommand
L 08/13/2022 - 17:21:55: [SM] Exception reported: Array index out-of-bounds (index 64, limit 55)
L 08/13/2022 - 17:21:55: [SM] Blaming: weapon_restrict.smx
L 08/13/2022 - 17:21:55: [SM] Call stack trace:
L 08/13/2022 - 17:21:55: [SM]   [1] Line 202, restrictinc/events.sp::CS_OnBuyCommand
L 08/13/2022 - 17:22:18: [SM] Exception reported: Array index out-of-bounds (index 64, limit 55)
L 08/13/2022 - 17:22:18: [SM] Blaming: weapon_restrict.smx
L 08/13/2022 - 17:22:18: [SM] Call stack trace:
L 08/13/2022 - 17:22:18: [SM]   [1] Line 202, restrictinc/events.sp::CS_OnBuyCommand
L 08/13/2022 - 17:22:27: [SM] Exception reported: Array index out-of-bounds (index 64, limit 55)
L 08/13/2022 - 17:22:27: [SM] Blaming: weapon_restrict.smx
L 08/13/2022 - 17:22:27: [SM] Call stack trace:
L 08/13/2022 - 17:22:27: [SM]   [1] Line 202, restrictinc/events.sp::CS_OnBuyCommand
L 08/13/2022 - 17:22:34: [SM] Exception reported: Array index out-of-bounds (index 64, limit 55)
L 08/13/2022 - 17:22:34: [SM] Blaming: weapon_restrict.smx
L 08/13/2022 - 17:22:34: [SM] Call stack trace:
L 08/13/2022 - 17:22:34: [SM]   [1] Line 202, restrictinc/events.sp::CS_OnBuyCommand
L 08/13/2022 - 17:24:16: [SM] Exception reported: Array index out-of-bounds (index 64, limit 55)
L 08/13/2022 - 17:24:16: [SM] Blaming: weapon_restrict.smx
L 08/13/2022 - 17:24:16: [SM] Call stack trace:
L 08/13/2022 - 17:24:16: [SM]   [1] Line 202, restrictinc/events.sp::CS_OnBuyCommand
L 08/13/2022 - 17:28:47: Error log file session closed.
L 08/13/2022 - 17:28:47: SourceMod error session started
L 08/13/2022 - 17:28:47: Info (map "de_vertigo") (file "/home/csgo/csgo/addons/sourcemod/logs/errors_20220813.log")
L 08/13/2022 - 17:28:47: [SM] Fatal error encountered parsing translation file "movecommands.phrases.txt"
L 08/13/2022 - 17:28:47: [SM] Error (line 0, column 0): Stream failed to open
L 08/13/2022 - 17:29:53: [c5_pug.smx] GOTV demo could not be recorded since tv_enable is not set to 1
L 08/13/2022 - 17:32:40: [SM] Exception reported: Array index out-of-bounds (index 64, limit 55)
L 08/13/2022 - 17:32:40: [SM] Blaming: weapon_restrict.smx
L 08/13/2022 - 17:32:40: [SM] Call stack trace:
L 08/13/2022 - 17:32:40: [SM]   [1] Line 202, restrictinc/events.sp::CS_OnBuyCommand
L 08/13/2022 - 17:32:42: [SM] Exception reported: Array index out-of-bounds (index 64, limit 55)
L 08/13/2022 - 17:32:42: [SM] Blaming: weapon_restrict.smx
L 08/13/2022 - 17:32:42: [SM] Call stack trace:
L 08/13/2022 - 17:32:42: [SM]   [1] Line 202, restrictinc/events.sp::CS_OnBuyCommand
L 08/13/2022 - 17:40:36: [SM] Exception reported: Array index out-of-bounds (index 64, limit 55)
L 08/13/2022 - 17:40:36: [SM] Blaming: weapon_restrict.smx
L 08/13/2022 - 17:40:36: [SM] Call stack trace:
L 08/13/2022 - 17:40:36: [SM]   [1] Line 202, restrictinc/events.sp::CS_OnBuyCommand
L 08/13/2022 - 17:42:59: [SM] Exception reported: Array index out-of-bounds (index 64, limit 55)
L 08/13/2022 - 17:42:59: [SM] Blaming: weapon_restrict.smx
L 08/13/2022 - 17:42:59: [SM] Call stack trace:
L 08/13/2022 - 17:42:59: [SM]   [1] Line 202, restrictinc/events.sp::CS_OnBuyCommand
L 08/13/2022 - 17:51:22: [SM] Exception reported: Array index out-of-bounds (index 64, limit 55)
L 08/13/2022 - 17:51:22: [SM] Blaming: weapon_restrict.smx
L 08/13/2022 - 17:51:22: [SM] Call stack trace:
L 08/13/2022 - 17:51:22: [SM]   [1] Line 202, restrictinc/events.sp::CS_OnBuyCommand
L 08/13/2022 - 17:59:34: Error log file session closed.
L 08/13/2022 - 17:59:34: SourceMod error session started
L 08/13/2022 - 17:59:34: Info (map "de_overpass") (file "/home/csgo/csgo/addons/sourcemod/logs/errors_20220813.log")
L 08/13/2022 - 17:59:34: [SM] Fatal error encountered parsing translation file "movecommands.phrases.txt"
L 08/13/2022 - 17:59:34: [SM] Error (line 0, column 0): Stream failed to open
L 08/13/2022 - 18:05:36: [c5_pug.smx] GOTV demo could not be recorded since tv_enable is not set to 1
L 08/13/2022 - 18:06:14: [SM] Exception reported: Array index out-of-bounds (index 64, limit 55)
L 08/13/2022 - 18:06:14: [SM] Blaming: weapon_restrict.smx
L 08/13/2022 - 18:06:14: [SM] Call stack trace:
L 08/13/2022 - 18:06:14: [SM]   [1] Line 202, restrictinc/events.sp::CS_OnBuyCommand
L 08/13/2022 - 18:06:52: [SM] Exception reported: Array index out-of-bounds (index 64, limit 55)
L 08/13/2022 - 18:06:52: [SM] Blaming: weapon_restrict.smx
L 08/13/2022 - 18:06:52: [SM] Call stack trace:
L 08/13/2022 - 18:06:52: [SM]   [1] Line 202, restrictinc/events.sp::CS_OnBuyCommand
L 08/13/2022 - 18:12:19: [SM] Exception reported: Array index out-of-bounds (index 64, limit 55)
L 08/13/2022 - 18:12:19: [SM] Blaming: weapon_restrict.smx
L 08/13/2022 - 18:12:19: [SM] Call stack trace:
L 08/13/2022 - 18:12:19: [SM]   [1] Line 202, restrictinc/events.sp::CS_OnBuyCommand
L 08/13/2022 - 18:12:23: [SM] Exception reported: Array index out-of-bounds (index 64, limit 55)
L 08/13/2022 - 18:12:23: [SM] Blaming: weapon_restrict.smx
L 08/13/2022 - 18:12:23: [SM] Call stack trace:
L 08/13/2022 - 18:12:23: [SM]   [1] Line 202, restrictinc/events.sp::CS_OnBuyCommand
L 08/13/2022 - 18:17:23: Error log file session closed.
L 08/13/2022 - 18:17:23: SourceMod error session started
L 08/13/2022 - 18:17:23: Info (map "training1") (file "/home/csgo/csgo/addons/sourcemod/logs/errors_20220813.log")
L 08/13/2022 - 18:17:23: [SM] Fatal error encountered parsing translation file "movecommands.phrases.txt"
L 08/13/2022 - 18:17:23: [SM] Error (line 0, column 0): Stream failed to open
L 08/13/2022 - 19:04:51: Error log file session closed.
L 08/13/2022 - 19:04:51: SourceMod error session started
L 08/13/2022 - 19:04:51: Info (map "training1") (file "/home/csgo/csgo/addons/sourcemod/logs/errors_20220813.log")
L 08/13/2022 - 19:04:51: [SM] Fatal error encountered parsing translation file "movecommands.phrases.txt"
L 08/13/2022 - 19:04:51: [SM] Error (line 0, column 0): Stream failed to open
L 08/13/2022 - 19:05:19: [SM] Exception reported: Client 2 is not in game
L 08/13/2022 - 19:05:19: [SM] Blaming: c5_pug_voteend.smx
L 08/13/2022 - 19:05:19: [SM] Call stack trace:
L 08/13/2022 - 19:05:19: [SM]   [0] GetClientTeam
L 08/13/2022 - 19:05:19: [SM]   [1] Line 56, F:\Code\sourcepawn\addons\sourcemod\scripting\c5_pug_voteend.sp::OnClientDisconnect
L 08/13/2022 - 19:05:19: Error log file session closed.
L 08/13/2022 - 19:05:19: SourceMod error session started
L 08/13/2022 - 19:05:19: Info (map "de_overpass") (file "/home/csgo/csgo/addons/sourcemod/logs/errors_20220813.log")
L 08/13/2022 - 19:05:19: [SM] Fatal error encountered parsing translation file "movecommands.phrases.txt"
L 08/13/2022 - 19:05:19: [SM] Error (line 0, column 0): Stream failed to open
L 08/13/2022 - 19:09:21: [SM] Exception reported: Client 3 is not in game
L 08/13/2022 - 19:09:21: [SM] Blaming: c5_pug_voteend.smx
L 08/13/2022 - 19:09:21: [SM] Call stack trace:
L 08/13/2022 - 19:09:21: [SM]   [0] GetClientTeam
L 08/13/2022 - 19:09:21: [SM]   [1] Line 56, F:\Code\sourcepawn\addons\sourcemod\scripting\c5_pug_voteend.sp::OnClientDisconnect
L 08/13/2022 - 22:03:54: Error log file session closed.
L 08/13/2022 - 22:03:54: SourceMod error session started
L 08/13/2022 - 22:03:54: Info (map "de_overpass") (file "/home/csgo/csgo/addons/sourcemod/logs/errors_20220813.log")
L 08/13/2022 - 22:03:54: [SM] Fatal error encountered parsing translation file "movecommands.phrases.txt"
L 08/13/2022 - 22:03:54: [SM] Error (line 0, column 0): Stream failed to open
L 08/13/2022 - 22:09:25: Error log file session closed.
L 08/13/2022 - 22:09:25: SourceMod error session started
L 08/13/2022 - 22:09:25: Info (map "de_overpass") (file "/home/csgo/csgo/addons/sourcemod/logs/errors_20220813.log")
L 08/13/2022 - 22:09:25: [SM] Fatal error encountered parsing translation file "movecommands.phrases.txt"
L 08/13/2022 - 22:09:25: [SM] Error (line 0, column 0): Stream failed to open
L 08/13/2022 - 22:09:43: [SM] Exception reported: Array index out-of-bounds (index 64, limit 55)
L 08/13/2022 - 22:09:43: [SM] Blaming: weapon_restrict.smx
L 08/13/2022 - 22:09:43: [SM] Call stack trace:
L 08/13/2022 - 22:09:43: [SM]   [1] Line 202, restrictinc/events.sp::CS_OnBuyCommand
L 08/13/2022 - 22:09:43: [SM] Exception reported: Array index out-of-bounds (index 64, limit 55)
L 08/13/2022 - 22:09:43: [SM] Blaming: weapon_restrict.smx
L 08/13/2022 - 22:09:43: [SM] Call stack trace:
L 08/13/2022 - 22:09:43: [SM]   [1] Line 202, restrictinc/events.sp::CS_OnBuyCommand
L 08/13/2022 - 22:15:38: Error log file session closed.
L 08/13/2022 - 22:15:38: SourceMod error session started
L 08/13/2022 - 22:15:38: Info (map "de_mirage") (file "/home/csgo/csgo/addons/sourcemod/logs/errors_20220813.log")
L 08/13/2022 - 22:15:38: [SM] Fatal error encountered parsing translation file "movecommands.phrases.txt"
L 08/13/2022 - 22:15:38: [SM] Error (line 0, column 0): Stream failed to open
L 08/13/2022 - 22:16:10: [c5_pug.smx] GOTV demo could not be recorded since tv_enable is not set to 1
L 08/13/2022 - 22:18:03: Error log file session closed.
L 08/13/2022 - 22:18:03: SourceMod error session started
L 08/13/2022 - 22:18:03: Info (map "de_dust2") (file "/home/csgo/csgo/addons/sourcemod/logs/errors_20220813.log")
L 08/13/2022 - 22:18:03: [SM] Fatal error encountered parsing translation file "movecommands.phrases.txt"
L 08/13/2022 - 22:18:03: [SM] Error (line 0, column 0): Stream failed to open
L 08/13/2022 - 22:18:40: [c5_pug.smx] GOTV demo could not be recorded since tv_enable is not set to 1
L 08/13/2022 - 22:19:30: [SM] Exception reported: Array index out-of-bounds (index 64, limit 55)
L 08/13/2022 - 22:19:30: [SM] Blaming: weapon_restrict.smx
L 08/13/2022 - 22:19:30: [SM] Call stack trace:
L 08/13/2022 - 22:19:30: [SM]   [1] Line 202, restrictinc/events.sp::CS_OnBuyCommand
L 08/13/2022 - 22:19:32: [SM] Exception reported: Array index out-of-bounds (index 64, limit 55)
L 08/13/2022 - 22:19:32: [SM] Blaming: weapon_restrict.smx
L 08/13/2022 - 22:19:32: [SM] Call stack trace:
L 08/13/2022 - 22:19:32: [SM]   [1] Line 202, restrictinc/events.sp::CS_OnBuyCommand
L 08/13/2022 - 22:30:07: [SM] Exception reported: Array index out-of-bounds (index 64, limit 55)
L 08/13/2022 - 22:30:07: [SM] Blaming: weapon_restrict.smx
L 08/13/2022 - 22:30:07: [SM] Call stack trace:
L 08/13/2022 - 22:30:07: [SM]   [1] Line 202, restrictinc/events.sp::CS_OnBuyCommand
L 08/14/2022 - 08:37:02: Error log file session closed.
