L 08/29/2022 - 07:04:09: SourceMod error session started
L 08/29/2022 - 07:04:09: Info (map "de_mirage") (file "/home/csgo/csgo/addons/sourcemod/logs/errors_20220829.log")
L 08/29/2022 - 07:04:09: [SM] Exception reported: Array index out-of-bounds (index 64, limit 55)
L 08/29/2022 - 07:04:09: [SM] Blaming: weapon_restrict.smx
L 08/29/2022 - 07:04:09: [SM] Call stack trace:
L 08/29/2022 - 07:04:09: [SM]   [1] Line 202, restrictinc/events.sp::CS_OnBuyCommand
L 08/29/2022 - 07:17:28: [SM] Exception reported: Array index out-of-bounds (index 64, limit 55)
L 08/29/2022 - 07:17:28: [SM] Blaming: weapon_restrict.smx
L 08/29/2022 - 07:17:28: [SM] Call stack trace:
L 08/29/2022 - 07:17:28: [SM]   [1] Line 202, restrictinc/events.sp::CS_OnBuyCommand
L 08/29/2022 - 07:17:35: [SM] Exception reported: Array index out-of-bounds (index 64, limit 55)
L 08/29/2022 - 07:17:35: [SM] Blaming: weapon_restrict.smx
L 08/29/2022 - 07:17:35: [SM] Call stack trace:
L 08/29/2022 - 07:17:35: [SM]   [1] Line 202, restrictinc/events.sp::CS_OnBuyCommand
L 08/29/2022 - 07:20:25: [SM] Exception reported: Array index out-of-bounds (index 64, limit 55)
L 08/29/2022 - 07:20:25: [SM] Blaming: weapon_restrict.smx
L 08/29/2022 - 07:20:25: [SM] Call stack trace:
L 08/29/2022 - 07:20:25: [SM]   [1] Line 202, restrictinc/events.sp::CS_OnBuyCommand
L 08/29/2022 - 09:06:51: Error log file session closed.
L 08/29/2022 - 11:16:19: SourceMod error session started
L 08/29/2022 - 11:16:19: Info (map "de_mirage") (file "/home/csgo/csgo/addons/sourcemod/logs/errors_20220829.log")
L 08/29/2022 - 11:16:19: [SM] Exception reported: Array index out-of-bounds (index 64, limit 55)
L 08/29/2022 - 11:16:19: [SM] Blaming: weapon_restrict.smx
L 08/29/2022 - 11:16:19: [SM] Call stack trace:
L 08/29/2022 - 11:16:19: [SM]   [1] Line 202, restrictinc/events.sp::CS_OnBuyCommand
L 08/29/2022 - 11:16:24: [SM] Exception reported: Array index out-of-bounds (index 64, limit 55)
L 08/29/2022 - 11:16:24: [SM] Blaming: weapon_restrict.smx
L 08/29/2022 - 11:16:24: [SM] Call stack trace:
L 08/29/2022 - 11:16:24: [SM]   [1] Line 202, restrictinc/events.sp::CS_OnBuyCommand
L 08/29/2022 - 11:16:26: [SM] Exception reported: Array index out-of-bounds (index 64, limit 55)
L 08/29/2022 - 11:16:26: [SM] Blaming: weapon_restrict.smx
L 08/29/2022 - 11:16:26: [SM] Call stack trace:
L 08/29/2022 - 11:16:26: [SM]   [1] Line 202, restrictinc/events.sp::CS_OnBuyCommand
L 08/29/2022 - 11:30:46: [SM] Exception reported: Array index out-of-bounds (index 64, limit 55)
L 08/29/2022 - 11:30:46: [SM] Blaming: weapon_restrict.smx
L 08/29/2022 - 11:30:46: [SM] Call stack trace:
L 08/29/2022 - 11:30:46: [SM]   [1] Line 202, restrictinc/events.sp::CS_OnBuyCommand
L 08/29/2022 - 11:30:52: [SM] Exception reported: Array index out-of-bounds (index 64, limit 55)
L 08/29/2022 - 11:30:52: [SM] Blaming: weapon_restrict.smx
L 08/29/2022 - 11:30:52: [SM] Call stack trace:
L 08/29/2022 - 11:30:52: [SM]   [1] Line 202, restrictinc/events.sp::CS_OnBuyCommand
L 08/29/2022 - 12:43:46: Error log file session closed.
L 08/29/2022 - 12:46:23: SourceMod error session started
L 08/29/2022 - 12:46:23: Info (map "de_mirage") (file "/home/csgo/csgo/addons/sourcemod/logs/errors_20220829.log")
L 08/29/2022 - 12:46:23: [SM] Exception reported: Array index out-of-bounds (index 64, limit 55)
L 08/29/2022 - 12:46:23: [SM] Blaming: weapon_restrict.smx
L 08/29/2022 - 12:46:23: [SM] Call stack trace:
L 08/29/2022 - 12:46:23: [SM]   [1] Line 202, restrictinc/events.sp::CS_OnBuyCommand
L 08/29/2022 - 12:46:27: [SM] Exception reported: Array index out-of-bounds (index 64, limit 55)
L 08/29/2022 - 12:46:27: [SM] Blaming: weapon_restrict.smx
L 08/29/2022 - 12:46:27: [SM] Call stack trace:
L 08/29/2022 - 12:46:27: [SM]   [1] Line 202, restrictinc/events.sp::CS_OnBuyCommand
L 08/29/2022 - 13:21:57: Error log file session closed.
L 08/29/2022 - 16:36:01: SourceMod error session started
L 08/29/2022 - 16:36:01: Info (map "de_mirage") (file "/home/csgo/csgo/addons/sourcemod/logs/errors_20220829.log")
L 08/29/2022 - 16:36:01: [SM] Exception reported: Array index out-of-bounds (index 64, limit 55)
L 08/29/2022 - 16:36:01: [SM] Blaming: weapon_restrict.smx
L 08/29/2022 - 16:36:01: [SM] Call stack trace:
L 08/29/2022 - 16:36:01: [SM]   [1] Line 202, restrictinc/events.sp::CS_OnBuyCommand
L 08/29/2022 - 17:17:27: Error log file session closed.
L 08/29/2022 - 19:46:56: SourceMod error session started
L 08/29/2022 - 19:46:56: Info (map "de_mirage") (file "/home/csgo/csgo/addons/sourcemod/logs/errors_20220829.log")
L 08/29/2022 - 19:46:56: [SM] Exception reported: Array index out-of-bounds (index 64, limit 55)
L 08/29/2022 - 19:46:56: [SM] Blaming: weapon_restrict.smx
L 08/29/2022 - 19:46:56: [SM] Call stack trace:
L 08/29/2022 - 19:46:56: [SM]   [1] Line 202, restrictinc/events.sp::CS_OnBuyCommand
L 08/29/2022 - 19:46:56: [SM] Exception reported: Array index out-of-bounds (index 64, limit 55)
L 08/29/2022 - 19:46:56: [SM] Blaming: weapon_restrict.smx
L 08/29/2022 - 19:46:56: [SM] Call stack trace:
L 08/29/2022 - 19:46:56: [SM]   [1] Line 202, restrictinc/events.sp::CS_OnBuyCommand
L 08/29/2022 - 19:48:51: [SM] Exception reported: Array index out-of-bounds (index 64, limit 55)
L 08/29/2022 - 19:48:51: [SM] Blaming: weapon_restrict.smx
L 08/29/2022 - 19:48:51: [SM] Call stack trace:
L 08/29/2022 - 19:48:51: [SM]   [1] Line 202, restrictinc/events.sp::CS_OnBuyCommand
L 08/29/2022 - 19:49:03: [SM] Exception reported: Array index out-of-bounds (index 64, limit 55)
L 08/29/2022 - 19:49:03: [SM] Blaming: weapon_restrict.smx
L 08/29/2022 - 19:49:03: [SM] Call stack trace:
L 08/29/2022 - 19:49:03: [SM]   [1] Line 202, restrictinc/events.sp::CS_OnBuyCommand
L 08/29/2022 - 19:49:08: [SM] Exception reported: Array index out-of-bounds (index 64, limit 55)
L 08/29/2022 - 19:49:08: [SM] Blaming: weapon_restrict.smx
L 08/29/2022 - 19:49:08: [SM] Call stack trace:
L 08/29/2022 - 19:49:08: [SM]   [1] Line 202, restrictinc/events.sp::CS_OnBuyCommand
L 08/29/2022 - 20:18:57: Error log file session closed.
L 08/29/2022 - 21:13:32: SourceMod error session started
L 08/29/2022 - 21:13:32: Info (map "de_mirage") (file "/home/csgo/csgo/addons/sourcemod/logs/errors_20220829.log")
L 08/29/2022 - 21:13:32: [SM] Exception reported: Array index out-of-bounds (index 64, limit 55)
L 08/29/2022 - 21:13:32: [SM] Blaming: weapon_restrict.smx
L 08/29/2022 - 21:13:32: [SM] Call stack trace:
L 08/29/2022 - 21:13:32: [SM]   [1] Line 202, restrictinc/events.sp::CS_OnBuyCommand
L 08/29/2022 - 21:13:32: [SM] Exception reported: Array index out-of-bounds (index 64, limit 55)
L 08/29/2022 - 21:13:32: [SM] Blaming: weapon_restrict.smx
L 08/29/2022 - 21:13:32: [SM] Call stack trace:
L 08/29/2022 - 21:13:32: [SM]   [1] Line 202, restrictinc/events.sp::CS_OnBuyCommand
L 08/29/2022 - 21:15:27: [SM] Exception reported: Array index out-of-bounds (index 64, limit 55)
L 08/29/2022 - 21:15:27: [SM] Blaming: weapon_restrict.smx
L 08/29/2022 - 21:15:27: [SM] Call stack trace:
L 08/29/2022 - 21:15:27: [SM]   [1] Line 202, restrictinc/events.sp::CS_OnBuyCommand
L 08/29/2022 - 21:18:21: [SM] Exception reported: Array index out-of-bounds (index 64, limit 55)
L 08/29/2022 - 21:18:21: [SM] Blaming: weapon_restrict.smx
L 08/29/2022 - 21:18:21: [SM] Call stack trace:
L 08/29/2022 - 21:18:21: [SM]   [1] Line 202, restrictinc/events.sp::CS_OnBuyCommand
L 08/29/2022 - 21:21:09: [SM] Exception reported: Array index out-of-bounds (index 64, limit 55)
L 08/29/2022 - 21:21:09: [SM] Blaming: weapon_restrict.smx
L 08/29/2022 - 21:21:09: [SM] Call stack trace:
L 08/29/2022 - 21:21:09: [SM]   [1] Line 202, restrictinc/events.sp::CS_OnBuyCommand
L 08/29/2022 - 21:22:02: [SM] Exception reported: Array index out-of-bounds (index 64, limit 55)
L 08/29/2022 - 21:22:02: [SM] Blaming: weapon_restrict.smx
L 08/29/2022 - 21:22:02: [SM] Call stack trace:
L 08/29/2022 - 21:22:02: [SM]   [1] Line 202, restrictinc/events.sp::CS_OnBuyCommand
L 08/29/2022 - 21:25:13: [SM] Exception reported: Array index out-of-bounds (index 64, limit 55)
L 08/29/2022 - 21:25:13: [SM] Blaming: weapon_restrict.smx
L 08/29/2022 - 21:25:13: [SM] Call stack trace:
L 08/29/2022 - 21:25:13: [SM]   [1] Line 202, restrictinc/events.sp::CS_OnBuyCommand
L 08/29/2022 - 21:25:56: [warmod.smx] Plug-in tEasyFTP.smx required to auto upload demos
L 08/29/2022 - 21:26:25: [SM] Exception reported: Array index out-of-bounds (index 64, limit 55)
L 08/29/2022 - 21:26:25: [SM] Blaming: weapon_restrict.smx
L 08/29/2022 - 21:26:25: [SM] Call stack trace:
L 08/29/2022 - 21:26:25: [SM]   [1] Line 202, restrictinc/events.sp::CS_OnBuyCommand
L 08/29/2022 - 21:27:16: [SM] Exception reported: Array index out-of-bounds (index 64, limit 55)
L 08/29/2022 - 21:27:16: [SM] Blaming: weapon_restrict.smx
L 08/29/2022 - 21:27:16: [SM] Call stack trace:
L 08/29/2022 - 21:27:16: [SM]   [1] Line 202, restrictinc/events.sp::CS_OnBuyCommand
L 08/29/2022 - 21:28:30: [SM] Exception reported: Array index out-of-bounds (index 64, limit 55)
L 08/29/2022 - 21:28:30: [SM] Blaming: weapon_restrict.smx
L 08/29/2022 - 21:28:30: [SM] Call stack trace:
L 08/29/2022 - 21:28:30: [SM]   [1] Line 202, restrictinc/events.sp::CS_OnBuyCommand
L 08/29/2022 - 21:30:46: [SM] Exception reported: Array index out-of-bounds (index 64, limit 55)
L 08/29/2022 - 21:30:46: [SM] Blaming: weapon_restrict.smx
L 08/29/2022 - 21:30:46: [SM] Call stack trace:
L 08/29/2022 - 21:30:46: [SM]   [1] Line 202, restrictinc/events.sp::CS_OnBuyCommand
L 08/29/2022 - 21:33:50: [SM] Exception reported: Array index out-of-bounds (index 64, limit 55)
L 08/29/2022 - 21:33:50: [SM] Blaming: weapon_restrict.smx
L 08/29/2022 - 21:33:50: [SM] Call stack trace:
L 08/29/2022 - 21:33:50: [SM]   [1] Line 202, restrictinc/events.sp::CS_OnBuyCommand
L 08/29/2022 - 21:33:56: [SM] Exception reported: Array index out-of-bounds (index 64, limit 55)
L 08/29/2022 - 21:33:56: [SM] Blaming: weapon_restrict.smx
L 08/29/2022 - 21:33:56: [SM] Call stack trace:
L 08/29/2022 - 21:33:56: [SM]   [1] Line 202, restrictinc/events.sp::CS_OnBuyCommand
L 08/29/2022 - 21:34:24: [SM] Exception reported: Array index out-of-bounds (index 64, limit 55)
L 08/29/2022 - 21:34:24: [SM] Blaming: weapon_restrict.smx
L 08/29/2022 - 21:34:24: [SM] Call stack trace:
L 08/29/2022 - 21:34:24: [SM]   [1] Line 202, restrictinc/events.sp::CS_OnBuyCommand
L 08/29/2022 - 21:36:17: [SM] Exception reported: Array index out-of-bounds (index 64, limit 55)
L 08/29/2022 - 21:36:17: [SM] Blaming: weapon_restrict.smx
L 08/29/2022 - 21:36:17: [SM] Call stack trace:
L 08/29/2022 - 21:36:17: [SM]   [1] Line 202, restrictinc/events.sp::CS_OnBuyCommand
L 08/29/2022 - 21:37:00: [SM] Exception reported: Array index out-of-bounds (index 64, limit 55)
L 08/29/2022 - 21:37:00: [SM] Blaming: weapon_restrict.smx
L 08/29/2022 - 21:37:00: [SM] Call stack trace:
L 08/29/2022 - 21:37:00: [SM]   [1] Line 202, restrictinc/events.sp::CS_OnBuyCommand
L 08/29/2022 - 21:37:35: [SM] Exception reported: Array index out-of-bounds (index 64, limit 55)
L 08/29/2022 - 21:37:35: [SM] Blaming: weapon_restrict.smx
L 08/29/2022 - 21:37:35: [SM] Call stack trace:
L 08/29/2022 - 21:37:35: [SM]   [1] Line 202, restrictinc/events.sp::CS_OnBuyCommand
L 08/29/2022 - 21:38:05: [SM] Exception reported: Array index out-of-bounds (index 64, limit 55)
L 08/29/2022 - 21:38:05: [SM] Blaming: weapon_restrict.smx
L 08/29/2022 - 21:38:05: [SM] Call stack trace:
L 08/29/2022 - 21:38:05: [SM]   [1] Line 202, restrictinc/events.sp::CS_OnBuyCommand
L 08/29/2022 - 21:39:08: [SM] Exception reported: Array index out-of-bounds (index 64, limit 55)
L 08/29/2022 - 21:39:08: [SM] Blaming: weapon_restrict.smx
L 08/29/2022 - 21:39:08: [SM] Call stack trace:
L 08/29/2022 - 21:39:08: [SM]   [1] Line 202, restrictinc/events.sp::CS_OnBuyCommand
L 08/29/2022 - 21:40:12: [SM] Exception reported: Array index out-of-bounds (index 64, limit 55)
L 08/29/2022 - 21:40:12: [SM] Blaming: weapon_restrict.smx
L 08/29/2022 - 21:40:12: [SM] Call stack trace:
L 08/29/2022 - 21:40:12: [SM]   [1] Line 202, restrictinc/events.sp::CS_OnBuyCommand
L 08/29/2022 - 21:42:35: [SM] Exception reported: Array index out-of-bounds (index 64, limit 55)
L 08/29/2022 - 21:42:35: [SM] Blaming: weapon_restrict.smx
L 08/29/2022 - 21:42:35: [SM] Call stack trace:
L 08/29/2022 - 21:42:35: [SM]   [1] Line 202, restrictinc/events.sp::CS_OnBuyCommand
L 08/29/2022 - 21:55:45: Error log file session closed.
L 08/29/2022 - 21:56:07: SourceMod error session started
L 08/29/2022 - 21:56:07: Info (map "de_mirage") (file "/home/csgo/csgo/addons/sourcemod/logs/errors_20220829.log")
L 08/29/2022 - 21:56:07: [SM] Exception reported: Array index out-of-bounds (index 64, limit 55)
L 08/29/2022 - 21:56:07: [SM] Blaming: weapon_restrict.smx
L 08/29/2022 - 21:56:07: [SM] Call stack trace:
L 08/29/2022 - 21:56:07: [SM]   [1] Line 202, restrictinc/events.sp::CS_OnBuyCommand
L 08/29/2022 - 21:56:07: [SM] Exception reported: Array index out-of-bounds (index 64, limit 55)
L 08/29/2022 - 21:56:07: [SM] Blaming: weapon_restrict.smx
L 08/29/2022 - 21:56:07: [SM] Call stack trace:
L 08/29/2022 - 21:56:07: [SM]   [1] Line 202, restrictinc/events.sp::CS_OnBuyCommand
L 08/29/2022 - 22:27:04: Error log file session closed.
L 08/29/2022 - 22:27:26: SourceMod error session started
L 08/29/2022 - 22:27:26: Info (map "de_mirage") (file "/home/csgo/csgo/addons/sourcemod/logs/errors_20220829.log")
L 08/29/2022 - 22:27:26: [SM] Exception reported: Array index out-of-bounds (index 64, limit 55)
L 08/29/2022 - 22:27:26: [SM] Blaming: weapon_restrict.smx
L 08/29/2022 - 22:27:26: [SM] Call stack trace:
L 08/29/2022 - 22:27:26: [SM]   [1] Line 202, restrictinc/events.sp::CS_OnBuyCommand
L 08/29/2022 - 22:27:27: [SM] Exception reported: Array index out-of-bounds (index 64, limit 55)
L 08/29/2022 - 22:27:27: [SM] Blaming: weapon_restrict.smx
L 08/29/2022 - 22:27:27: [SM] Call stack trace:
L 08/29/2022 - 22:27:27: [SM]   [1] Line 202, restrictinc/events.sp::CS_OnBuyCommand
L 08/29/2022 - 23:09:34: Error log file session closed.
