L 11/11/2022 - 01:51:31: SourceMod error session started
L 11/11/2022 - 01:51:31: Info (map "de_mirage") (file "/badfupo/server1/csgo/addons/sourcemod/logs/errors_20221111.log")
L 11/11/2022 - 01:51:31: [SM] Exception reported: Array index out-of-bounds (index 64, limit 55)
L 11/11/2022 - 01:51:31: [SM] Blaming: weapon_restrict.smx
L 11/11/2022 - 01:51:31: [SM] Call stack trace:
L 11/11/2022 - 01:51:31: [SM]   [1] Line 202, restrictinc/events.sp::CS_OnBuyCommand
L 11/11/2022 - 02:05:37: [SM] Exception reported: Array index out-of-bounds (index 64, limit 55)
L 11/11/2022 - 02:05:37: [SM] Blaming: weapon_restrict.smx
L 11/11/2022 - 02:05:37: [SM] Call stack trace:
L 11/11/2022 - 02:05:37: [SM]   [1] Line 202, restrictinc/events.sp::CS_OnBuyCommand
L 11/11/2022 - 02:28:16: [SM] Exception reported: Array index out-of-bounds (index 64, limit 55)
L 11/11/2022 - 02:28:16: [SM] Blaming: weapon_restrict.smx
L 11/11/2022 - 02:28:16: [SM] Call stack trace:
L 11/11/2022 - 02:28:16: [SM]   [1] Line 202, restrictinc/events.sp::CS_OnBuyCommand
L 11/11/2022 - 02:28:29: [SM] Exception reported: Array index out-of-bounds (index 64, limit 55)
L 11/11/2022 - 02:28:29: [SM] Blaming: weapon_restrict.smx
L 11/11/2022 - 02:28:29: [SM] Call stack trace:
L 11/11/2022 - 02:28:29: [SM]   [1] Line 202, restrictinc/events.sp::CS_OnBuyCommand
L 11/11/2022 - 02:31:23: [SM] Exception reported: Array index out-of-bounds (index 64, limit 55)
L 11/11/2022 - 02:31:23: [SM] Blaming: weapon_restrict.smx
L 11/11/2022 - 02:31:23: [SM] Call stack trace:
L 11/11/2022 - 02:31:23: [SM]   [1] Line 202, restrictinc/events.sp::CS_OnBuyCommand
L 11/11/2022 - 02:34:21: [SM] Exception reported: Array index out-of-bounds (index 64, limit 55)
L 11/11/2022 - 02:34:21: [SM] Blaming: weapon_restrict.smx
L 11/11/2022 - 02:34:21: [SM] Call stack trace:
L 11/11/2022 - 02:34:21: [SM]   [1] Line 202, restrictinc/events.sp::CS_OnBuyCommand
L 11/11/2022 - 02:37:03: [SM] Exception reported: Array index out-of-bounds (index 64, limit 55)
L 11/11/2022 - 02:37:03: [SM] Blaming: weapon_restrict.smx
L 11/11/2022 - 02:37:03: [SM] Call stack trace:
L 11/11/2022 - 02:37:03: [SM]   [1] Line 202, restrictinc/events.sp::CS_OnBuyCommand
L 11/11/2022 - 02:37:49: [warmod.smx] Plug-in tEasyFTP.smx required to auto upload demos
L 11/11/2022 - 02:38:32: [SM] Exception reported: Array index out-of-bounds (index 64, limit 55)
L 11/11/2022 - 02:38:32: [SM] Blaming: weapon_restrict.smx
L 11/11/2022 - 02:38:32: [SM] Call stack trace:
L 11/11/2022 - 02:38:32: [SM]   [1] Line 202, restrictinc/events.sp::CS_OnBuyCommand
L 11/11/2022 - 02:38:50: [SM] Exception reported: Array index out-of-bounds (index 64, limit 55)
L 11/11/2022 - 02:38:50: [SM] Blaming: weapon_restrict.smx
L 11/11/2022 - 02:38:50: [SM] Call stack trace:
L 11/11/2022 - 02:38:50: [SM]   [1] Line 202, restrictinc/events.sp::CS_OnBuyCommand
L 11/11/2022 - 02:42:06: [SM] Exception reported: Array index out-of-bounds (index 64, limit 55)
L 11/11/2022 - 02:42:06: [SM] Blaming: weapon_restrict.smx
L 11/11/2022 - 02:42:06: [SM] Call stack trace:
L 11/11/2022 - 02:42:06: [SM]   [1] Line 202, restrictinc/events.sp::CS_OnBuyCommand
L 11/11/2022 - 02:42:45: [SM] Exception reported: Array index out-of-bounds (index 64, limit 55)
L 11/11/2022 - 02:42:45: [SM] Blaming: weapon_restrict.smx
L 11/11/2022 - 02:42:45: [SM] Call stack trace:
L 11/11/2022 - 02:42:45: [SM]   [1] Line 202, restrictinc/events.sp::CS_OnBuyCommand
L 11/11/2022 - 02:43:40: [SM] Exception reported: Array index out-of-bounds (index 64, limit 55)
L 11/11/2022 - 02:43:40: [SM] Blaming: weapon_restrict.smx
L 11/11/2022 - 02:43:40: [SM] Call stack trace:
L 11/11/2022 - 02:43:40: [SM]   [1] Line 202, restrictinc/events.sp::CS_OnBuyCommand
L 11/11/2022 - 02:46:58: [SM] Exception reported: Array index out-of-bounds (index 64, limit 55)
L 11/11/2022 - 02:46:58: [SM] Blaming: weapon_restrict.smx
L 11/11/2022 - 02:46:58: [SM] Call stack trace:
L 11/11/2022 - 02:46:58: [SM]   [1] Line 202, restrictinc/events.sp::CS_OnBuyCommand
L 11/11/2022 - 02:47:02: [SM] Exception reported: Array index out-of-bounds (index 64, limit 55)
L 11/11/2022 - 02:47:02: [SM] Blaming: weapon_restrict.smx
L 11/11/2022 - 02:47:02: [SM] Call stack trace:
L 11/11/2022 - 02:47:02: [SM]   [1] Line 202, restrictinc/events.sp::CS_OnBuyCommand
L 11/11/2022 - 02:47:47: [warmod.smx] Plug-in tEasyFTP.smx required to auto upload demos
L 11/11/2022 - 02:48:19: [SM] Exception reported: Array index out-of-bounds (index 64, limit 55)
L 11/11/2022 - 02:48:19: [SM] Blaming: weapon_restrict.smx
L 11/11/2022 - 02:48:19: [SM] Call stack trace:
L 11/11/2022 - 02:48:19: [SM]   [1] Line 202, restrictinc/events.sp::CS_OnBuyCommand
L 11/11/2022 - 02:48:22: [SM] Exception reported: Array index out-of-bounds (index 64, limit 55)
L 11/11/2022 - 02:48:22: [SM] Blaming: weapon_restrict.smx
L 11/11/2022 - 02:48:22: [SM] Call stack trace:
L 11/11/2022 - 02:48:22: [SM]   [1] Line 202, restrictinc/events.sp::CS_OnBuyCommand
L 11/11/2022 - 02:48:37: [SM] Exception reported: Array index out-of-bounds (index 64, limit 55)
L 11/11/2022 - 02:48:37: [SM] Blaming: weapon_restrict.smx
L 11/11/2022 - 02:48:37: [SM] Call stack trace:
L 11/11/2022 - 02:48:37: [SM]   [1] Line 202, restrictinc/events.sp::CS_OnBuyCommand
L 11/11/2022 - 02:50:27: [SM] Exception reported: Array index out-of-bounds (index 64, limit 55)
L 11/11/2022 - 02:50:27: [SM] Blaming: weapon_restrict.smx
L 11/11/2022 - 02:50:27: [SM] Call stack trace:
L 11/11/2022 - 02:50:27: [SM]   [1] Line 202, restrictinc/events.sp::CS_OnBuyCommand
L 11/11/2022 - 02:50:37: [SM] Exception reported: Array index out-of-bounds (index 64, limit 55)
L 11/11/2022 - 02:50:37: [SM] Blaming: weapon_restrict.smx
L 11/11/2022 - 02:50:37: [SM] Call stack trace:
L 11/11/2022 - 02:50:37: [SM]   [1] Line 202, restrictinc/events.sp::CS_OnBuyCommand
L 11/11/2022 - 02:50:53: [SM] Exception reported: Array index out-of-bounds (index 64, limit 55)
L 11/11/2022 - 02:50:53: [SM] Blaming: weapon_restrict.smx
L 11/11/2022 - 02:50:53: [SM] Call stack trace:
L 11/11/2022 - 02:50:53: [SM]   [1] Line 202, restrictinc/events.sp::CS_OnBuyCommand
L 11/11/2022 - 02:51:40: [SM] Exception reported: Array index out-of-bounds (index 64, limit 55)
L 11/11/2022 - 02:51:40: [SM] Blaming: weapon_restrict.smx
L 11/11/2022 - 02:51:40: [SM] Call stack trace:
L 11/11/2022 - 02:51:40: [SM]   [1] Line 202, restrictinc/events.sp::CS_OnBuyCommand
L 11/11/2022 - 02:52:55: [SM] Exception reported: Array index out-of-bounds (index 64, limit 55)
L 11/11/2022 - 02:52:55: [SM] Blaming: weapon_restrict.smx
L 11/11/2022 - 02:52:55: [SM] Call stack trace:
L 11/11/2022 - 02:52:55: [SM]   [1] Line 202, restrictinc/events.sp::CS_OnBuyCommand
L 11/11/2022 - 02:54:22: [SM] Exception reported: Array index out-of-bounds (index 64, limit 55)
L 11/11/2022 - 02:54:22: [SM] Blaming: weapon_restrict.smx
L 11/11/2022 - 02:54:22: [SM] Call stack trace:
L 11/11/2022 - 02:54:22: [SM]   [1] Line 202, restrictinc/events.sp::CS_OnBuyCommand
L 11/11/2022 - 02:55:34: [SM] Exception reported: Array index out-of-bounds (index 64, limit 55)
L 11/11/2022 - 02:55:34: [SM] Blaming: weapon_restrict.smx
L 11/11/2022 - 02:55:34: [SM] Call stack trace:
L 11/11/2022 - 02:55:34: [SM]   [1] Line 202, restrictinc/events.sp::CS_OnBuyCommand
L 11/11/2022 - 02:55:35: [SM] Exception reported: Array index out-of-bounds (index 64, limit 55)
L 11/11/2022 - 02:55:35: [SM] Blaming: weapon_restrict.smx
L 11/11/2022 - 02:55:35: [SM] Call stack trace:
L 11/11/2022 - 02:55:35: [SM]   [1] Line 202, restrictinc/events.sp::CS_OnBuyCommand
L 11/11/2022 - 02:55:36: [SM] Exception reported: Array index out-of-bounds (index 64, limit 55)
L 11/11/2022 - 02:55:36: [SM] Blaming: weapon_restrict.smx
L 11/11/2022 - 02:55:36: [SM] Call stack trace:
L 11/11/2022 - 02:55:36: [SM]   [1] Line 202, restrictinc/events.sp::CS_OnBuyCommand
L 11/11/2022 - 02:55:38: [SM] Exception reported: Array index out-of-bounds (index 64, limit 55)
L 11/11/2022 - 02:55:38: [SM] Blaming: weapon_restrict.smx
L 11/11/2022 - 02:55:38: [SM] Call stack trace:
L 11/11/2022 - 02:55:38: [SM]   [1] Line 202, restrictinc/events.sp::CS_OnBuyCommand
L 11/11/2022 - 02:55:40: [SM] Exception reported: Array index out-of-bounds (index 64, limit 55)
L 11/11/2022 - 02:55:40: [SM] Blaming: weapon_restrict.smx
L 11/11/2022 - 02:55:40: [SM] Call stack trace:
L 11/11/2022 - 02:55:40: [SM]   [1] Line 202, restrictinc/events.sp::CS_OnBuyCommand
L 11/11/2022 - 02:55:45: [SM] Exception reported: Array index out-of-bounds (index 64, limit 55)
L 11/11/2022 - 02:55:45: [SM] Blaming: weapon_restrict.smx
L 11/11/2022 - 02:55:45: [SM] Call stack trace:
L 11/11/2022 - 02:55:45: [SM]   [1] Line 202, restrictinc/events.sp::CS_OnBuyCommand
L 11/11/2022 - 02:59:17: [SM] Exception reported: Array index out-of-bounds (index 64, limit 55)
L 11/11/2022 - 02:59:17: [SM] Blaming: weapon_restrict.smx
L 11/11/2022 - 02:59:17: [SM] Call stack trace:
L 11/11/2022 - 02:59:17: [SM]   [1] Line 202, restrictinc/events.sp::CS_OnBuyCommand
L 11/11/2022 - 03:07:46: [warmod.smx] Plug-in tEasyFTP.smx required to auto upload demos
L 11/11/2022 - 03:08:26: [SM] Exception reported: Array index out-of-bounds (index 64, limit 55)
L 11/11/2022 - 03:08:26: [SM] Blaming: weapon_restrict.smx
L 11/11/2022 - 03:08:26: [SM] Call stack trace:
L 11/11/2022 - 03:08:26: [SM]   [1] Line 202, restrictinc/events.sp::CS_OnBuyCommand
L 11/11/2022 - 03:16:53: Error log file session closed.
L 11/11/2022 - 03:17:08: SourceMod error session started
L 11/11/2022 - 03:17:08: Info (map "de_mirage") (file "/badfupo/server1/csgo/addons/sourcemod/logs/errors_20221111.log")
L 11/11/2022 - 03:17:08: [SM] Exception reported: Array index out-of-bounds (index 64, limit 55)
L 11/11/2022 - 03:17:08: [SM] Blaming: weapon_restrict.smx
L 11/11/2022 - 03:17:08: [SM] Call stack trace:
L 11/11/2022 - 03:17:08: [SM]   [1] Line 202, restrictinc/events.sp::CS_OnBuyCommand
L 11/11/2022 - 03:22:21: Error log file session closed.
L 11/11/2022 - 03:57:15: SourceMod error session started
L 11/11/2022 - 03:57:15: Info (map "de_mirage") (file "/badfupo/server1/csgo/addons/sourcemod/logs/errors_20221111.log")
L 11/11/2022 - 03:57:15: [SM] Exception reported: Array index out-of-bounds (index 63, limit 55)
L 11/11/2022 - 03:57:15: [SM] Blaming: weapon_restrict.smx
L 11/11/2022 - 03:57:15: [SM] Call stack trace:
L 11/11/2022 - 03:57:15: [SM]   [1] Line 202, restrictinc/events.sp::CS_OnBuyCommand
L 11/11/2022 - 03:57:16: [SM] Exception reported: Array index out-of-bounds (index 63, limit 55)
L 11/11/2022 - 03:57:16: [SM] Blaming: weapon_restrict.smx
L 11/11/2022 - 03:57:16: [SM] Call stack trace:
L 11/11/2022 - 03:57:16: [SM]   [1] Line 202, restrictinc/events.sp::CS_OnBuyCommand
L 11/11/2022 - 03:57:23: [SM] Exception reported: Array index out-of-bounds (index 63, limit 55)
L 11/11/2022 - 03:57:23: [SM] Blaming: weapon_restrict.smx
L 11/11/2022 - 03:57:23: [SM] Call stack trace:
L 11/11/2022 - 03:57:23: [SM]   [1] Line 202, restrictinc/events.sp::CS_OnBuyCommand
L 11/11/2022 - 03:57:24: [SM] Exception reported: Array index out-of-bounds (index 63, limit 55)
L 11/11/2022 - 03:57:24: [SM] Blaming: weapon_restrict.smx
L 11/11/2022 - 03:57:24: [SM] Call stack trace:
L 11/11/2022 - 03:57:24: [SM]   [1] Line 202, restrictinc/events.sp::CS_OnBuyCommand
L 11/11/2022 - 03:57:25: [SM] Exception reported: Array index out-of-bounds (index 63, limit 55)
L 11/11/2022 - 03:57:25: [SM] Blaming: weapon_restrict.smx
L 11/11/2022 - 03:57:25: [SM] Call stack trace:
L 11/11/2022 - 03:57:25: [SM]   [1] Line 202, restrictinc/events.sp::CS_OnBuyCommand
L 11/11/2022 - 03:57:44: [SM] Exception reported: Array index out-of-bounds (index 64, limit 55)
L 11/11/2022 - 03:57:44: [SM] Blaming: weapon_restrict.smx
L 11/11/2022 - 03:57:44: [SM] Call stack trace:
L 11/11/2022 - 03:57:44: [SM]   [1] Line 202, restrictinc/events.sp::CS_OnBuyCommand
L 11/11/2022 - 04:01:10: [SM] Exception reported: Array index out-of-bounds (index 63, limit 55)
L 11/11/2022 - 04:01:10: [SM] Blaming: weapon_restrict.smx
L 11/11/2022 - 04:01:10: [SM] Call stack trace:
L 11/11/2022 - 04:01:10: [SM]   [1] Line 202, restrictinc/events.sp::CS_OnBuyCommand
L 11/11/2022 - 04:01:47: [SM] Exception reported: Array index out-of-bounds (index 64, limit 55)
L 11/11/2022 - 04:01:47: [SM] Blaming: weapon_restrict.smx
L 11/11/2022 - 04:01:47: [SM] Call stack trace:
L 11/11/2022 - 04:01:47: [SM]   [1] Line 202, restrictinc/events.sp::CS_OnBuyCommand
L 11/11/2022 - 04:05:01: [SM] Exception reported: Array index out-of-bounds (index 64, limit 55)
L 11/11/2022 - 04:05:01: [SM] Blaming: weapon_restrict.smx
L 11/11/2022 - 04:05:01: [SM] Call stack trace:
L 11/11/2022 - 04:05:01: [SM]   [1] Line 202, restrictinc/events.sp::CS_OnBuyCommand
L 11/11/2022 - 04:07:01: Error log file session closed.
L 11/11/2022 - 04:07:38: SourceMod error session started
L 11/11/2022 - 04:07:38: Info (map "de_mirage") (file "/badfupo/server1/csgo/addons/sourcemod/logs/errors_20221111.log")
L 11/11/2022 - 04:07:38: [SM] Exception reported: Array index out-of-bounds (index 64, limit 55)
L 11/11/2022 - 04:07:38: [SM] Blaming: weapon_restrict.smx
L 11/11/2022 - 04:07:38: [SM] Call stack trace:
L 11/11/2022 - 04:07:38: [SM]   [1] Line 202, restrictinc/events.sp::CS_OnBuyCommand
L 11/11/2022 - 04:07:39: [SM] Exception reported: Array index out-of-bounds (index 64, limit 55)
L 11/11/2022 - 04:07:39: [SM] Blaming: weapon_restrict.smx
L 11/11/2022 - 04:07:39: [SM] Call stack trace:
L 11/11/2022 - 04:07:39: [SM]   [1] Line 202, restrictinc/events.sp::CS_OnBuyCommand
L 11/11/2022 - 04:10:07: [SM] Exception reported: Array index out-of-bounds (index 64, limit 55)
L 11/11/2022 - 04:10:07: [SM] Blaming: weapon_restrict.smx
L 11/11/2022 - 04:10:07: [SM] Call stack trace:
L 11/11/2022 - 04:10:07: [SM]   [1] Line 202, restrictinc/events.sp::CS_OnBuyCommand
L 11/11/2022 - 04:26:44: Error log file session closed.
L 11/11/2022 - 04:27:04: SourceMod error session started
L 11/11/2022 - 04:27:04: Info (map "de_mirage") (file "/badfupo/server1/csgo/addons/sourcemod/logs/errors_20221111.log")
L 11/11/2022 - 04:27:04: [SM] Exception reported: Array index out-of-bounds (index 64, limit 55)
L 11/11/2022 - 04:27:04: [SM] Blaming: weapon_restrict.smx
L 11/11/2022 - 04:27:04: [SM] Call stack trace:
L 11/11/2022 - 04:27:04: [SM]   [1] Line 202, restrictinc/events.sp::CS_OnBuyCommand
L 11/11/2022 - 04:40:33: [SM] Exception reported: Array index out-of-bounds (index 64, limit 55)
L 11/11/2022 - 04:40:33: [SM] Blaming: weapon_restrict.smx
L 11/11/2022 - 04:40:33: [SM] Call stack trace:
L 11/11/2022 - 04:40:33: [SM]   [1] Line 202, restrictinc/events.sp::CS_OnBuyCommand
L 11/11/2022 - 04:40:35: [SM] Exception reported: Array index out-of-bounds (index 64, limit 55)
L 11/11/2022 - 04:40:35: [SM] Blaming: weapon_restrict.smx
L 11/11/2022 - 04:40:35: [SM] Call stack trace:
L 11/11/2022 - 04:40:35: [SM]   [1] Line 202, restrictinc/events.sp::CS_OnBuyCommand
L 11/11/2022 - 04:40:36: [SM] Exception reported: Array index out-of-bounds (index 64, limit 55)
L 11/11/2022 - 04:40:36: [SM] Blaming: weapon_restrict.smx
L 11/11/2022 - 04:40:36: [SM] Call stack trace:
L 11/11/2022 - 04:40:36: [SM]   [1] Line 202, restrictinc/events.sp::CS_OnBuyCommand
L 11/11/2022 - 04:40:39: [SM] Exception reported: Array index out-of-bounds (index 64, limit 55)
L 11/11/2022 - 04:40:39: [SM] Blaming: weapon_restrict.smx
L 11/11/2022 - 04:40:39: [SM] Call stack trace:
L 11/11/2022 - 04:40:39: [SM]   [1] Line 202, restrictinc/events.sp::CS_OnBuyCommand
L 11/11/2022 - 04:41:33: [SM] Exception reported: Array index out-of-bounds (index 64, limit 55)
L 11/11/2022 - 04:41:33: [SM] Blaming: weapon_restrict.smx
L 11/11/2022 - 04:41:33: [SM] Call stack trace:
L 11/11/2022 - 04:41:33: [SM]   [1] Line 202, restrictinc/events.sp::CS_OnBuyCommand
L 11/11/2022 - 04:43:16: [SM] Exception reported: Array index out-of-bounds (index 64, limit 55)
L 11/11/2022 - 04:43:16: [SM] Blaming: weapon_restrict.smx
L 11/11/2022 - 04:43:16: [SM] Call stack trace:
L 11/11/2022 - 04:43:16: [SM]   [1] Line 202, restrictinc/events.sp::CS_OnBuyCommand
L 11/11/2022 - 04:44:15: [SM] Exception reported: Array index out-of-bounds (index 64, limit 55)
L 11/11/2022 - 04:44:15: [SM] Blaming: weapon_restrict.smx
L 11/11/2022 - 04:44:15: [SM] Call stack trace:
L 11/11/2022 - 04:44:15: [SM]   [1] Line 202, restrictinc/events.sp::CS_OnBuyCommand
L 11/11/2022 - 04:47:21: [SM] Exception reported: Array index out-of-bounds (index 64, limit 55)
L 11/11/2022 - 04:47:21: [SM] Blaming: weapon_restrict.smx
L 11/11/2022 - 04:47:21: [SM] Call stack trace:
L 11/11/2022 - 04:47:21: [SM]   [1] Line 202, restrictinc/events.sp::CS_OnBuyCommand
L 11/11/2022 - 04:49:19: [SM] Exception reported: Array index out-of-bounds (index 64, limit 55)
L 11/11/2022 - 04:49:19: [SM] Blaming: weapon_restrict.smx
L 11/11/2022 - 04:49:19: [SM] Call stack trace:
L 11/11/2022 - 04:49:19: [SM]   [1] Line 202, restrictinc/events.sp::CS_OnBuyCommand
L 11/11/2022 - 04:49:19: [SM] Exception reported: Array index out-of-bounds (index 64, limit 55)
L 11/11/2022 - 04:49:19: [SM] Blaming: weapon_restrict.smx
L 11/11/2022 - 04:49:19: [SM] Call stack trace:
L 11/11/2022 - 04:49:19: [SM]   [1] Line 202, restrictinc/events.sp::CS_OnBuyCommand
L 11/11/2022 - 04:50:34: [SM] Exception reported: Array index out-of-bounds (index 64, limit 55)
L 11/11/2022 - 04:50:34: [SM] Blaming: weapon_restrict.smx
L 11/11/2022 - 04:50:34: [SM] Call stack trace:
L 11/11/2022 - 04:50:34: [SM]   [1] Line 202, restrictinc/events.sp::CS_OnBuyCommand
L 11/11/2022 - 04:55:46: [warmod.smx] Plug-in tEasyFTP.smx required to auto upload demos
L 11/11/2022 - 04:56:10: Error log file session closed.
L 11/11/2022 - 04:57:57: SourceMod error session started
L 11/11/2022 - 04:57:57: Info (map "de_mirage") (file "/badfupo/server1/csgo/addons/sourcemod/logs/errors_20221111.log")
L 11/11/2022 - 04:57:57: [SM] Exception reported: Array index out-of-bounds (index 64, limit 55)
L 11/11/2022 - 04:57:57: [SM] Blaming: weapon_restrict.smx
L 11/11/2022 - 04:57:57: [SM] Call stack trace:
L 11/11/2022 - 04:57:57: [SM]   [1] Line 202, restrictinc/events.sp::CS_OnBuyCommand
L 11/11/2022 - 04:58:00: [SM] Exception reported: Array index out-of-bounds (index 64, limit 55)
L 11/11/2022 - 04:58:00: [SM] Blaming: weapon_restrict.smx
L 11/11/2022 - 04:58:00: [SM] Call stack trace:
L 11/11/2022 - 04:58:00: [SM]   [1] Line 202, restrictinc/events.sp::CS_OnBuyCommand
L 11/11/2022 - 04:58:01: [SM] Exception reported: Array index out-of-bounds (index 64, limit 55)
L 11/11/2022 - 04:58:01: [SM] Blaming: weapon_restrict.smx
L 11/11/2022 - 04:58:01: [SM] Call stack trace:
L 11/11/2022 - 04:58:01: [SM]   [1] Line 202, restrictinc/events.sp::CS_OnBuyCommand
L 11/11/2022 - 05:10:24: [warmod.smx] Plug-in tEasyFTP.smx required to auto upload demos
L 11/11/2022 - 05:10:53: Error log file session closed.
L 11/11/2022 - 05:24:22: SourceMod error session started
L 11/11/2022 - 05:24:22: Info (map "de_mirage") (file "/badfupo/server1/csgo/addons/sourcemod/logs/errors_20221111.log")
L 11/11/2022 - 05:24:22: [SM] Exception reported: Array index out-of-bounds (index 64, limit 55)
L 11/11/2022 - 05:24:22: [SM] Blaming: weapon_restrict.smx
L 11/11/2022 - 05:24:22: [SM] Call stack trace:
L 11/11/2022 - 05:24:22: [SM]   [1] Line 202, restrictinc/events.sp::CS_OnBuyCommand
L 11/11/2022 - 05:31:01: [warmod.smx] Plug-in tEasyFTP.smx required to auto upload demos
L 11/11/2022 - 05:31:25: Error log file session closed.
L 11/11/2022 - 06:37:50: SourceMod error session started
L 11/11/2022 - 06:37:50: Info (map "de_mirage") (file "/badfupo/server1/csgo/addons/sourcemod/logs/errors_20221111.log")
L 11/11/2022 - 06:37:50: [SM] Exception reported: Array index out-of-bounds (index 64, limit 55)
L 11/11/2022 - 06:37:50: [SM] Blaming: weapon_restrict.smx
L 11/11/2022 - 06:37:50: [SM] Call stack trace:
L 11/11/2022 - 06:37:50: [SM]   [1] Line 202, restrictinc/events.sp::CS_OnBuyCommand
L 11/11/2022 - 06:38:10: [SM] Exception reported: Array index out-of-bounds (index 64, limit 55)
L 11/11/2022 - 06:38:10: [SM] Blaming: weapon_restrict.smx
L 11/11/2022 - 06:38:10: [SM] Call stack trace:
L 11/11/2022 - 06:38:10: [SM]   [1] Line 202, restrictinc/events.sp::CS_OnBuyCommand
L 11/11/2022 - 06:38:26: [SM] Exception reported: Array index out-of-bounds (index 64, limit 55)
L 11/11/2022 - 06:38:26: [SM] Blaming: weapon_restrict.smx
L 11/11/2022 - 06:38:26: [SM] Call stack trace:
L 11/11/2022 - 06:38:26: [SM]   [1] Line 202, restrictinc/events.sp::CS_OnBuyCommand
L 11/11/2022 - 06:38:51: [SM] Exception reported: Array index out-of-bounds (index 64, limit 55)
L 11/11/2022 - 06:38:51: [SM] Blaming: weapon_restrict.smx
L 11/11/2022 - 06:38:51: [SM] Call stack trace:
L 11/11/2022 - 06:38:51: [SM]   [1] Line 202, restrictinc/events.sp::CS_OnBuyCommand
L 11/11/2022 - 06:39:06: [SM] Exception reported: Array index out-of-bounds (index 64, limit 55)
L 11/11/2022 - 06:39:06: [SM] Blaming: weapon_restrict.smx
L 11/11/2022 - 06:39:06: [SM] Call stack trace:
L 11/11/2022 - 06:39:06: [SM]   [1] Line 202, restrictinc/events.sp::CS_OnBuyCommand
L 11/11/2022 - 06:39:28: [SM] Exception reported: Array index out-of-bounds (index 64, limit 55)
L 11/11/2022 - 06:39:28: [SM] Blaming: weapon_restrict.smx
L 11/11/2022 - 06:39:28: [SM] Call stack trace:
L 11/11/2022 - 06:39:28: [SM]   [1] Line 202, restrictinc/events.sp::CS_OnBuyCommand
L 11/11/2022 - 06:39:36: [SM] Exception reported: Array index out-of-bounds (index 64, limit 55)
L 11/11/2022 - 06:39:36: [SM] Blaming: weapon_restrict.smx
L 11/11/2022 - 06:39:36: [SM] Call stack trace:
L 11/11/2022 - 06:39:36: [SM]   [1] Line 202, restrictinc/events.sp::CS_OnBuyCommand
L 11/11/2022 - 06:40:34: [SM] Exception reported: Array index out-of-bounds (index 64, limit 55)
L 11/11/2022 - 06:40:34: [SM] Blaming: weapon_restrict.smx
L 11/11/2022 - 06:40:34: [SM] Call stack trace:
L 11/11/2022 - 06:40:34: [SM]   [1] Line 202, restrictinc/events.sp::CS_OnBuyCommand
L 11/11/2022 - 06:40:40: [SM] Exception reported: Array index out-of-bounds (index 64, limit 55)
L 11/11/2022 - 06:40:40: [SM] Blaming: weapon_restrict.smx
L 11/11/2022 - 06:40:40: [SM] Call stack trace:
L 11/11/2022 - 06:40:40: [SM]   [1] Line 202, restrictinc/events.sp::CS_OnBuyCommand
L 11/11/2022 - 06:41:22: [SM] Exception reported: Array index out-of-bounds (index 64, limit 55)
L 11/11/2022 - 06:41:22: [SM] Blaming: weapon_restrict.smx
L 11/11/2022 - 06:41:22: [SM] Call stack trace:
L 11/11/2022 - 06:41:22: [SM]   [1] Line 202, restrictinc/events.sp::CS_OnBuyCommand
L 11/11/2022 - 06:41:47: [SM] Exception reported: Array index out-of-bounds (index 64, limit 55)
L 11/11/2022 - 06:41:47: [SM] Blaming: weapon_restrict.smx
L 11/11/2022 - 06:41:47: [SM] Call stack trace:
L 11/11/2022 - 06:41:47: [SM]   [1] Line 202, restrictinc/events.sp::CS_OnBuyCommand
L 11/11/2022 - 06:41:53: [SM] Exception reported: Array index out-of-bounds (index 64, limit 55)
L 11/11/2022 - 06:41:53: [SM] Blaming: weapon_restrict.smx
L 11/11/2022 - 06:41:53: [SM] Call stack trace:
L 11/11/2022 - 06:41:53: [SM]   [1] Line 202, restrictinc/events.sp::CS_OnBuyCommand
L 11/11/2022 - 06:42:14: [SM] Exception reported: Array index out-of-bounds (index 64, limit 55)
L 11/11/2022 - 06:42:14: [SM] Blaming: weapon_restrict.smx
L 11/11/2022 - 06:42:14: [SM] Call stack trace:
L 11/11/2022 - 06:42:14: [SM]   [1] Line 202, restrictinc/events.sp::CS_OnBuyCommand
L 11/11/2022 - 06:42:38: [SM] Exception reported: Array index out-of-bounds (index 64, limit 55)
L 11/11/2022 - 06:42:38: [SM] Blaming: weapon_restrict.smx
L 11/11/2022 - 06:42:38: [SM] Call stack trace:
L 11/11/2022 - 06:42:38: [SM]   [1] Line 202, restrictinc/events.sp::CS_OnBuyCommand
L 11/11/2022 - 06:42:47: [SM] Exception reported: Array index out-of-bounds (index 64, limit 55)
L 11/11/2022 - 06:42:47: [SM] Blaming: weapon_restrict.smx
L 11/11/2022 - 06:42:47: [SM] Call stack trace:
L 11/11/2022 - 06:42:47: [SM]   [1] Line 202, restrictinc/events.sp::CS_OnBuyCommand
L 11/11/2022 - 06:42:55: [SM] Exception reported: Array index out-of-bounds (index 64, limit 55)
L 11/11/2022 - 06:42:55: [SM] Blaming: weapon_restrict.smx
L 11/11/2022 - 06:42:55: [SM] Call stack trace:
L 11/11/2022 - 06:42:55: [SM]   [1] Line 202, restrictinc/events.sp::CS_OnBuyCommand
L 11/11/2022 - 06:43:02: [SM] Exception reported: Array index out-of-bounds (index 64, limit 55)
L 11/11/2022 - 06:43:02: [SM] Blaming: weapon_restrict.smx
L 11/11/2022 - 06:43:02: [SM] Call stack trace:
L 11/11/2022 - 06:43:02: [SM]   [1] Line 202, restrictinc/events.sp::CS_OnBuyCommand
L 11/11/2022 - 06:43:07: [SM] Exception reported: Array index out-of-bounds (index 64, limit 55)
L 11/11/2022 - 06:43:07: [SM] Blaming: weapon_restrict.smx
L 11/11/2022 - 06:43:07: [SM] Call stack trace:
L 11/11/2022 - 06:43:07: [SM]   [1] Line 202, restrictinc/events.sp::CS_OnBuyCommand
L 11/11/2022 - 06:43:20: [SM] Exception reported: Array index out-of-bounds (index 64, limit 55)
L 11/11/2022 - 06:43:20: [SM] Blaming: weapon_restrict.smx
L 11/11/2022 - 06:43:20: [SM] Call stack trace:
L 11/11/2022 - 06:43:20: [SM]   [1] Line 202, restrictinc/events.sp::CS_OnBuyCommand
L 11/11/2022 - 06:43:30: [SM] Exception reported: Array index out-of-bounds (index 64, limit 55)
L 11/11/2022 - 06:43:30: [SM] Blaming: weapon_restrict.smx
L 11/11/2022 - 06:43:30: [SM] Call stack trace:
L 11/11/2022 - 06:43:30: [SM]   [1] Line 202, restrictinc/events.sp::CS_OnBuyCommand
L 11/11/2022 - 06:43:40: [SM] Exception reported: Array index out-of-bounds (index 64, limit 55)
L 11/11/2022 - 06:43:40: [SM] Blaming: weapon_restrict.smx
L 11/11/2022 - 06:43:40: [SM] Call stack trace:
L 11/11/2022 - 06:43:40: [SM]   [1] Line 202, restrictinc/events.sp::CS_OnBuyCommand
L 11/11/2022 - 06:44:14: [SM] Exception reported: Array index out-of-bounds (index 64, limit 55)
L 11/11/2022 - 06:44:14: [SM] Blaming: weapon_restrict.smx
L 11/11/2022 - 06:44:14: [SM] Call stack trace:
L 11/11/2022 - 06:44:14: [SM]   [1] Line 202, restrictinc/events.sp::CS_OnBuyCommand
L 11/11/2022 - 06:44:23: [SM] Exception reported: Array index out-of-bounds (index 64, limit 55)
L 11/11/2022 - 06:44:23: [SM] Blaming: weapon_restrict.smx
L 11/11/2022 - 06:44:23: [SM] Call stack trace:
L 11/11/2022 - 06:44:23: [SM]   [1] Line 202, restrictinc/events.sp::CS_OnBuyCommand
L 11/11/2022 - 06:44:43: [SM] Exception reported: Array index out-of-bounds (index 64, limit 55)
L 11/11/2022 - 06:44:43: [SM] Blaming: weapon_restrict.smx
L 11/11/2022 - 06:44:43: [SM] Call stack trace:
L 11/11/2022 - 06:44:43: [SM]   [1] Line 202, restrictinc/events.sp::CS_OnBuyCommand
L 11/11/2022 - 06:44:57: [SM] Exception reported: Array index out-of-bounds (index 64, limit 55)
L 11/11/2022 - 06:44:57: [SM] Blaming: weapon_restrict.smx
L 11/11/2022 - 06:44:57: [SM] Call stack trace:
L 11/11/2022 - 06:44:57: [SM]   [1] Line 202, restrictinc/events.sp::CS_OnBuyCommand
L 11/11/2022 - 06:45:12: [SM] Exception reported: Array index out-of-bounds (index 64, limit 55)
L 11/11/2022 - 06:45:12: [SM] Blaming: weapon_restrict.smx
L 11/11/2022 - 06:45:12: [SM] Call stack trace:
L 11/11/2022 - 06:45:12: [SM]   [1] Line 202, restrictinc/events.sp::CS_OnBuyCommand
L 11/11/2022 - 06:45:24: [SM] Exception reported: Array index out-of-bounds (index 64, limit 55)
L 11/11/2022 - 06:45:24: [SM] Blaming: weapon_restrict.smx
L 11/11/2022 - 06:45:24: [SM] Call stack trace:
L 11/11/2022 - 06:45:24: [SM]   [1] Line 202, restrictinc/events.sp::CS_OnBuyCommand
L 11/11/2022 - 06:45:42: [SM] Exception reported: Array index out-of-bounds (index 64, limit 55)
L 11/11/2022 - 06:45:42: [SM] Blaming: weapon_restrict.smx
L 11/11/2022 - 06:45:42: [SM] Call stack trace:
L 11/11/2022 - 06:45:42: [SM]   [1] Line 202, restrictinc/events.sp::CS_OnBuyCommand
L 11/11/2022 - 06:46:10: [SM] Exception reported: Array index out-of-bounds (index 64, limit 55)
L 11/11/2022 - 06:46:10: [SM] Blaming: weapon_restrict.smx
L 11/11/2022 - 06:46:10: [SM] Call stack trace:
L 11/11/2022 - 06:46:10: [SM]   [1] Line 202, restrictinc/events.sp::CS_OnBuyCommand
L 11/11/2022 - 06:46:36: [SM] Exception reported: Array index out-of-bounds (index 64, limit 55)
L 11/11/2022 - 06:46:36: [SM] Blaming: weapon_restrict.smx
L 11/11/2022 - 06:46:36: [SM] Call stack trace:
L 11/11/2022 - 06:46:36: [SM]   [1] Line 202, restrictinc/events.sp::CS_OnBuyCommand
L 11/11/2022 - 06:46:54: [SM] Exception reported: Array index out-of-bounds (index 64, limit 55)
L 11/11/2022 - 06:46:54: [SM] Blaming: weapon_restrict.smx
L 11/11/2022 - 06:46:54: [SM] Call stack trace:
L 11/11/2022 - 06:46:54: [SM]   [1] Line 202, restrictinc/events.sp::CS_OnBuyCommand
L 11/11/2022 - 06:47:18: [SM] Exception reported: Array index out-of-bounds (index 64, limit 55)
L 11/11/2022 - 06:47:18: [SM] Blaming: weapon_restrict.smx
L 11/11/2022 - 06:47:18: [SM] Call stack trace:
L 11/11/2022 - 06:47:18: [SM]   [1] Line 202, restrictinc/events.sp::CS_OnBuyCommand
L 11/11/2022 - 06:47:37: [SM] Exception reported: Array index out-of-bounds (index 64, limit 55)
L 11/11/2022 - 06:47:37: [SM] Blaming: weapon_restrict.smx
L 11/11/2022 - 06:47:37: [SM] Call stack trace:
L 11/11/2022 - 06:47:37: [SM]   [1] Line 202, restrictinc/events.sp::CS_OnBuyCommand
L 11/11/2022 - 06:47:44: [SM] Exception reported: Array index out-of-bounds (index 64, limit 55)
L 11/11/2022 - 06:47:44: [SM] Blaming: weapon_restrict.smx
L 11/11/2022 - 06:47:44: [SM] Call stack trace:
L 11/11/2022 - 06:47:44: [SM]   [1] Line 202, restrictinc/events.sp::CS_OnBuyCommand
L 11/11/2022 - 06:47:49: [SM] Exception reported: Array index out-of-bounds (index 64, limit 55)
L 11/11/2022 - 06:47:49: [SM] Blaming: weapon_restrict.smx
L 11/11/2022 - 06:47:49: [SM] Call stack trace:
L 11/11/2022 - 06:47:49: [SM]   [1] Line 202, restrictinc/events.sp::CS_OnBuyCommand
L 11/11/2022 - 06:47:54: [SM] Exception reported: Array index out-of-bounds (index 64, limit 55)
L 11/11/2022 - 06:47:54: [SM] Blaming: weapon_restrict.smx
L 11/11/2022 - 06:47:54: [SM] Call stack trace:
L 11/11/2022 - 06:47:54: [SM]   [1] Line 202, restrictinc/events.sp::CS_OnBuyCommand
L 11/11/2022 - 06:48:24: [SM] Exception reported: Array index out-of-bounds (index 64, limit 55)
L 11/11/2022 - 06:48:24: [SM] Blaming: weapon_restrict.smx
L 11/11/2022 - 06:48:24: [SM] Call stack trace:
L 11/11/2022 - 06:48:24: [SM]   [1] Line 202, restrictinc/events.sp::CS_OnBuyCommand
L 11/11/2022 - 06:48:39: [SM] Exception reported: Array index out-of-bounds (index 64, limit 55)
L 11/11/2022 - 06:48:39: [SM] Blaming: weapon_restrict.smx
L 11/11/2022 - 06:48:39: [SM] Call stack trace:
L 11/11/2022 - 06:48:39: [SM]   [1] Line 202, restrictinc/events.sp::CS_OnBuyCommand
L 11/11/2022 - 06:48:46: [SM] Exception reported: Array index out-of-bounds (index 64, limit 55)
L 11/11/2022 - 06:48:46: [SM] Blaming: weapon_restrict.smx
L 11/11/2022 - 06:48:46: [SM] Call stack trace:
L 11/11/2022 - 06:48:46: [SM]   [1] Line 202, restrictinc/events.sp::CS_OnBuyCommand
L 11/11/2022 - 06:48:53: [SM] Exception reported: Array index out-of-bounds (index 64, limit 55)
L 11/11/2022 - 06:48:53: [SM] Blaming: weapon_restrict.smx
L 11/11/2022 - 06:48:53: [SM] Call stack trace:
L 11/11/2022 - 06:48:53: [SM]   [1] Line 202, restrictinc/events.sp::CS_OnBuyCommand
L 11/11/2022 - 06:53:29: Error log file session closed.
L 11/11/2022 - 06:53:52: SourceMod error session started
L 11/11/2022 - 06:53:52: Info (map "de_mirage") (file "/badfupo/server1/csgo/addons/sourcemod/logs/errors_20221111.log")
L 11/11/2022 - 06:53:52: [SM] Exception reported: Array index out-of-bounds (index 64, limit 55)
L 11/11/2022 - 06:53:52: [SM] Blaming: weapon_restrict.smx
L 11/11/2022 - 06:53:52: [SM] Call stack trace:
L 11/11/2022 - 06:53:52: [SM]   [1] Line 202, restrictinc/events.sp::CS_OnBuyCommand
L 11/11/2022 - 06:58:42: [SM] Exception reported: Array index out-of-bounds (index 64, limit 55)
L 11/11/2022 - 06:58:42: [SM] Blaming: weapon_restrict.smx
L 11/11/2022 - 06:58:42: [SM] Call stack trace:
L 11/11/2022 - 06:58:42: [SM]   [1] Line 202, restrictinc/events.sp::CS_OnBuyCommand
L 11/11/2022 - 06:59:05: [SM] Exception reported: Array index out-of-bounds (index 64, limit 55)
L 11/11/2022 - 06:59:05: [SM] Blaming: weapon_restrict.smx
L 11/11/2022 - 06:59:05: [SM] Call stack trace:
L 11/11/2022 - 06:59:05: [SM]   [1] Line 202, restrictinc/events.sp::CS_OnBuyCommand
L 11/11/2022 - 06:59:26: [SM] Exception reported: Array index out-of-bounds (index 64, limit 55)
L 11/11/2022 - 06:59:26: [SM] Blaming: weapon_restrict.smx
L 11/11/2022 - 06:59:26: [SM] Call stack trace:
L 11/11/2022 - 06:59:26: [SM]   [1] Line 202, restrictinc/events.sp::CS_OnBuyCommand
L 11/11/2022 - 06:59:42: [SM] Exception reported: Array index out-of-bounds (index 64, limit 55)
L 11/11/2022 - 06:59:42: [SM] Blaming: weapon_restrict.smx
L 11/11/2022 - 06:59:42: [SM] Call stack trace:
L 11/11/2022 - 06:59:42: [SM]   [1] Line 202, restrictinc/events.sp::CS_OnBuyCommand
L 11/11/2022 - 06:59:49: [SM] Exception reported: Array index out-of-bounds (index 64, limit 55)
L 11/11/2022 - 06:59:49: [SM] Blaming: weapon_restrict.smx
L 11/11/2022 - 06:59:49: [SM] Call stack trace:
L 11/11/2022 - 06:59:49: [SM]   [1] Line 202, restrictinc/events.sp::CS_OnBuyCommand
L 11/11/2022 - 06:59:55: [SM] Exception reported: Array index out-of-bounds (index 64, limit 55)
L 11/11/2022 - 06:59:55: [SM] Blaming: weapon_restrict.smx
L 11/11/2022 - 06:59:55: [SM] Call stack trace:
L 11/11/2022 - 06:59:55: [SM]   [1] Line 202, restrictinc/events.sp::CS_OnBuyCommand
L 11/11/2022 - 07:00:07: [SM] Exception reported: Array index out-of-bounds (index 64, limit 55)
L 11/11/2022 - 07:00:07: [SM] Blaming: weapon_restrict.smx
L 11/11/2022 - 07:00:07: [SM] Call stack trace:
L 11/11/2022 - 07:00:07: [SM]   [1] Line 202, restrictinc/events.sp::CS_OnBuyCommand
L 11/11/2022 - 07:00:56: [SM] Exception reported: Array index out-of-bounds (index 64, limit 55)
L 11/11/2022 - 07:00:56: [SM] Blaming: weapon_restrict.smx
L 11/11/2022 - 07:00:56: [SM] Call stack trace:
L 11/11/2022 - 07:00:56: [SM]   [1] Line 202, restrictinc/events.sp::CS_OnBuyCommand
L 11/11/2022 - 07:00:59: [SM] Exception reported: Array index out-of-bounds (index 64, limit 55)
L 11/11/2022 - 07:00:59: [SM] Blaming: weapon_restrict.smx
L 11/11/2022 - 07:00:59: [SM] Call stack trace:
L 11/11/2022 - 07:00:59: [SM]   [1] Line 202, restrictinc/events.sp::CS_OnBuyCommand
L 11/11/2022 - 07:00:59: [SM] Exception reported: Array index out-of-bounds (index 64, limit 55)
L 11/11/2022 - 07:00:59: [SM] Blaming: weapon_restrict.smx
L 11/11/2022 - 07:00:59: [SM] Call stack trace:
L 11/11/2022 - 07:00:59: [SM]   [1] Line 202, restrictinc/events.sp::CS_OnBuyCommand
L 11/11/2022 - 07:01:00: [SM] Exception reported: Array index out-of-bounds (index 64, limit 55)
L 11/11/2022 - 07:01:00: [SM] Blaming: weapon_restrict.smx
L 11/11/2022 - 07:01:00: [SM] Call stack trace:
L 11/11/2022 - 07:01:00: [SM]   [1] Line 202, restrictinc/events.sp::CS_OnBuyCommand
L 11/11/2022 - 07:01:20: [SM] Exception reported: Array index out-of-bounds (index 64, limit 55)
L 11/11/2022 - 07:01:20: [SM] Blaming: weapon_restrict.smx
L 11/11/2022 - 07:01:20: [SM] Call stack trace:
L 11/11/2022 - 07:01:20: [SM]   [1] Line 202, restrictinc/events.sp::CS_OnBuyCommand
L 11/11/2022 - 07:01:26: [SM] Exception reported: Array index out-of-bounds (index 64, limit 55)
L 11/11/2022 - 07:01:26: [SM] Blaming: weapon_restrict.smx
L 11/11/2022 - 07:01:26: [SM] Call stack trace:
L 11/11/2022 - 07:01:26: [SM]   [1] Line 202, restrictinc/events.sp::CS_OnBuyCommand
L 11/11/2022 - 07:01:38: [SM] Exception reported: Array index out-of-bounds (index 64, limit 55)
L 11/11/2022 - 07:01:38: [SM] Blaming: weapon_restrict.smx
L 11/11/2022 - 07:01:38: [SM] Call stack trace:
L 11/11/2022 - 07:01:38: [SM]   [1] Line 202, restrictinc/events.sp::CS_OnBuyCommand
L 11/11/2022 - 07:01:44: [SM] Exception reported: Array index out-of-bounds (index 64, limit 55)
L 11/11/2022 - 07:01:44: [SM] Blaming: weapon_restrict.smx
L 11/11/2022 - 07:01:44: [SM] Call stack trace:
L 11/11/2022 - 07:01:44: [SM]   [1] Line 202, restrictinc/events.sp::CS_OnBuyCommand
L 11/11/2022 - 07:03:03: [SM] Exception reported: Array index out-of-bounds (index 64, limit 55)
L 11/11/2022 - 07:03:03: [SM] Blaming: weapon_restrict.smx
L 11/11/2022 - 07:03:03: [SM] Call stack trace:
L 11/11/2022 - 07:03:03: [SM]   [1] Line 202, restrictinc/events.sp::CS_OnBuyCommand
L 11/11/2022 - 07:03:18: [SM] Exception reported: Array index out-of-bounds (index 64, limit 55)
L 11/11/2022 - 07:03:18: [SM] Blaming: weapon_restrict.smx
L 11/11/2022 - 07:03:18: [SM] Call stack trace:
L 11/11/2022 - 07:03:18: [SM]   [1] Line 202, restrictinc/events.sp::CS_OnBuyCommand
L 11/11/2022 - 07:03:37: [SM] Exception reported: Array index out-of-bounds (index 64, limit 55)
L 11/11/2022 - 07:03:37: [SM] Blaming: weapon_restrict.smx
L 11/11/2022 - 07:03:37: [SM] Call stack trace:
L 11/11/2022 - 07:03:37: [SM]   [1] Line 202, restrictinc/events.sp::CS_OnBuyCommand
L 11/11/2022 - 07:41:13: Error log file session closed.
L 11/11/2022 - 10:09:35: SourceMod error session started
L 11/11/2022 - 10:09:35: Info (map "de_mirage") (file "/badfupo/server1/csgo/addons/sourcemod/logs/errors_20221111.log")
L 11/11/2022 - 10:09:35: [SM] Exception reported: Array index out-of-bounds (index 64, limit 55)
L 11/11/2022 - 10:09:35: [SM] Blaming: weapon_restrict.smx
L 11/11/2022 - 10:09:35: [SM] Call stack trace:
L 11/11/2022 - 10:09:35: [SM]   [1] Line 202, restrictinc/events.sp::CS_OnBuyCommand
L 11/11/2022 - 10:10:19: [SM] Exception reported: Array index out-of-bounds (index 64, limit 55)
L 11/11/2022 - 10:10:19: [SM] Blaming: weapon_restrict.smx
L 11/11/2022 - 10:10:19: [SM] Call stack trace:
L 11/11/2022 - 10:10:19: [SM]   [1] Line 202, restrictinc/events.sp::CS_OnBuyCommand
L 11/11/2022 - 10:29:08: [SM] Exception reported: Array index out-of-bounds (index 64, limit 55)
L 11/11/2022 - 10:29:08: [SM] Blaming: weapon_restrict.smx
L 11/11/2022 - 10:29:08: [SM] Call stack trace:
L 11/11/2022 - 10:29:08: [SM]   [1] Line 202, restrictinc/events.sp::CS_OnBuyCommand
L 11/11/2022 - 10:29:24: [SM] Exception reported: Array index out-of-bounds (index 64, limit 55)
L 11/11/2022 - 10:29:24: [SM] Blaming: weapon_restrict.smx
L 11/11/2022 - 10:29:24: [SM] Call stack trace:
L 11/11/2022 - 10:29:24: [SM]   [1] Line 202, restrictinc/events.sp::CS_OnBuyCommand
L 11/11/2022 - 10:29:44: [SM] Exception reported: Array index out-of-bounds (index 64, limit 55)
L 11/11/2022 - 10:29:44: [SM] Blaming: weapon_restrict.smx
L 11/11/2022 - 10:29:44: [SM] Call stack trace:
L 11/11/2022 - 10:29:44: [SM]   [1] Line 202, restrictinc/events.sp::CS_OnBuyCommand
L 11/11/2022 - 10:30:24: [SM] Exception reported: Array index out-of-bounds (index 64, limit 55)
L 11/11/2022 - 10:30:24: [SM] Blaming: weapon_restrict.smx
L 11/11/2022 - 10:30:24: [SM] Call stack trace:
L 11/11/2022 - 10:30:24: [SM]   [1] Line 202, restrictinc/events.sp::CS_OnBuyCommand
L 11/11/2022 - 10:31:04: [SM] Exception reported: Array index out-of-bounds (index 64, limit 55)
L 11/11/2022 - 10:31:04: [SM] Blaming: weapon_restrict.smx
L 11/11/2022 - 10:31:04: [SM] Call stack trace:
L 11/11/2022 - 10:31:04: [SM]   [1] Line 202, restrictinc/events.sp::CS_OnBuyCommand
L 11/11/2022 - 10:31:13: [SM] Exception reported: Array index out-of-bounds (index 64, limit 55)
L 11/11/2022 - 10:31:13: [SM] Blaming: weapon_restrict.smx
L 11/11/2022 - 10:31:13: [SM] Call stack trace:
L 11/11/2022 - 10:31:13: [SM]   [1] Line 202, restrictinc/events.sp::CS_OnBuyCommand
L 11/11/2022 - 10:31:30: [SM] Exception reported: Array index out-of-bounds (index 64, limit 55)
L 11/11/2022 - 10:31:30: [SM] Blaming: weapon_restrict.smx
L 11/11/2022 - 10:31:30: [SM] Call stack trace:
L 11/11/2022 - 10:31:30: [SM]   [1] Line 202, restrictinc/events.sp::CS_OnBuyCommand
L 11/11/2022 - 10:31:57: [SM] Exception reported: Array index out-of-bounds (index 64, limit 55)
L 11/11/2022 - 10:31:57: [SM] Blaming: weapon_restrict.smx
L 11/11/2022 - 10:31:57: [SM] Call stack trace:
L 11/11/2022 - 10:31:57: [SM]   [1] Line 202, restrictinc/events.sp::CS_OnBuyCommand
L 11/11/2022 - 10:34:31: [SM] Exception reported: Array index out-of-bounds (index 64, limit 55)
L 11/11/2022 - 10:34:31: [SM] Blaming: weapon_restrict.smx
L 11/11/2022 - 10:34:31: [SM] Call stack trace:
L 11/11/2022 - 10:34:31: [SM]   [1] Line 202, restrictinc/events.sp::CS_OnBuyCommand
L 11/11/2022 - 10:40:57: [SM] Exception reported: Array index out-of-bounds (index 64, limit 55)
L 11/11/2022 - 10:40:57: [SM] Blaming: weapon_restrict.smx
L 11/11/2022 - 10:40:57: [SM] Call stack trace:
L 11/11/2022 - 10:40:57: [SM]   [1] Line 202, restrictinc/events.sp::CS_OnBuyCommand
L 11/11/2022 - 10:43:44: [SM] Exception reported: Array index out-of-bounds (index 64, limit 55)
L 11/11/2022 - 10:43:44: [SM] Blaming: weapon_restrict.smx
L 11/11/2022 - 10:43:44: [SM] Call stack trace:
L 11/11/2022 - 10:43:44: [SM]   [1] Line 202, restrictinc/events.sp::CS_OnBuyCommand
L 11/11/2022 - 10:44:09: [SM] Exception reported: Array index out-of-bounds (index 64, limit 55)
L 11/11/2022 - 10:44:09: [SM] Blaming: weapon_restrict.smx
L 11/11/2022 - 10:44:09: [SM] Call stack trace:
L 11/11/2022 - 10:44:09: [SM]   [1] Line 202, restrictinc/events.sp::CS_OnBuyCommand
L 11/11/2022 - 10:44:21: [SM] Exception reported: Array index out-of-bounds (index 64, limit 55)
L 11/11/2022 - 10:44:21: [SM] Blaming: weapon_restrict.smx
L 11/11/2022 - 10:44:21: [SM] Call stack trace:
L 11/11/2022 - 10:44:21: [SM]   [1] Line 202, restrictinc/events.sp::CS_OnBuyCommand
L 11/11/2022 - 11:11:43: [SM] Exception reported: Array index out-of-bounds (index 64, limit 55)
L 11/11/2022 - 11:11:43: [SM] Blaming: weapon_restrict.smx
L 11/11/2022 - 11:11:43: [SM] Call stack trace:
L 11/11/2022 - 11:11:43: [SM]   [1] Line 202, restrictinc/events.sp::CS_OnBuyCommand
L 11/11/2022 - 11:58:27: [SM] Exception reported: Array index out-of-bounds (index 64, limit 55)
L 11/11/2022 - 11:58:27: [SM] Blaming: weapon_restrict.smx
L 11/11/2022 - 11:58:27: [SM] Call stack trace:
L 11/11/2022 - 11:58:27: [SM]   [1] Line 202, restrictinc/events.sp::CS_OnBuyCommand
L 11/11/2022 - 11:58:37: [SM] Exception reported: Array index out-of-bounds (index 64, limit 55)
L 11/11/2022 - 11:58:37: [SM] Blaming: weapon_restrict.smx
L 11/11/2022 - 11:58:37: [SM] Call stack trace:
L 11/11/2022 - 11:58:37: [SM]   [1] Line 202, restrictinc/events.sp::CS_OnBuyCommand
L 11/11/2022 - 11:59:33: [SM] Exception reported: Array index out-of-bounds (index 64, limit 55)
L 11/11/2022 - 11:59:33: [SM] Blaming: weapon_restrict.smx
L 11/11/2022 - 11:59:33: [SM] Call stack trace:
L 11/11/2022 - 11:59:33: [SM]   [1] Line 202, restrictinc/events.sp::CS_OnBuyCommand
L 11/11/2022 - 11:59:56: [SM] Exception reported: Array index out-of-bounds (index 64, limit 55)
L 11/11/2022 - 11:59:56: [SM] Blaming: weapon_restrict.smx
L 11/11/2022 - 11:59:56: [SM] Call stack trace:
L 11/11/2022 - 11:59:56: [SM]   [1] Line 202, restrictinc/events.sp::CS_OnBuyCommand
L 11/11/2022 - 12:00:10: [SM] Exception reported: Array index out-of-bounds (index 64, limit 55)
L 11/11/2022 - 12:00:10: [SM] Blaming: weapon_restrict.smx
L 11/11/2022 - 12:00:10: [SM] Call stack trace:
L 11/11/2022 - 12:00:10: [SM]   [1] Line 202, restrictinc/events.sp::CS_OnBuyCommand
L 11/11/2022 - 12:01:07: [SM] Exception reported: Array index out-of-bounds (index 64, limit 55)
L 11/11/2022 - 12:01:07: [SM] Blaming: weapon_restrict.smx
L 11/11/2022 - 12:01:07: [SM] Call stack trace:
L 11/11/2022 - 12:01:07: [SM]   [1] Line 202, restrictinc/events.sp::CS_OnBuyCommand
L 11/11/2022 - 12:01:17: [SM] Exception reported: Array index out-of-bounds (index 64, limit 55)
L 11/11/2022 - 12:01:17: [SM] Blaming: weapon_restrict.smx
L 11/11/2022 - 12:01:17: [SM] Call stack trace:
L 11/11/2022 - 12:01:17: [SM]   [1] Line 202, restrictinc/events.sp::CS_OnBuyCommand
L 11/11/2022 - 12:01:37: [SM] Exception reported: Array index out-of-bounds (index 64, limit 55)
L 11/11/2022 - 12:01:37: [SM] Blaming: weapon_restrict.smx
L 11/11/2022 - 12:01:37: [SM] Call stack trace:
L 11/11/2022 - 12:01:37: [SM]   [1] Line 202, restrictinc/events.sp::CS_OnBuyCommand
L 11/11/2022 - 12:02:04: [SM] Exception reported: Array index out-of-bounds (index 64, limit 55)
L 11/11/2022 - 12:02:04: [SM] Blaming: weapon_restrict.smx
L 11/11/2022 - 12:02:04: [SM] Call stack trace:
L 11/11/2022 - 12:02:04: [SM]   [1] Line 202, restrictinc/events.sp::CS_OnBuyCommand
L 11/11/2022 - 12:02:24: [SM] Exception reported: Array index out-of-bounds (index 64, limit 55)
L 11/11/2022 - 12:02:24: [SM] Blaming: weapon_restrict.smx
L 11/11/2022 - 12:02:24: [SM] Call stack trace:
L 11/11/2022 - 12:02:24: [SM]   [1] Line 202, restrictinc/events.sp::CS_OnBuyCommand
L 11/11/2022 - 12:02:48: [SM] Exception reported: Array index out-of-bounds (index 64, limit 55)
L 11/11/2022 - 12:02:48: [SM] Blaming: weapon_restrict.smx
L 11/11/2022 - 12:02:48: [SM] Call stack trace:
L 11/11/2022 - 12:02:48: [SM]   [1] Line 202, restrictinc/events.sp::CS_OnBuyCommand
L 11/11/2022 - 12:03:11: [SM] Exception reported: Array index out-of-bounds (index 64, limit 55)
L 11/11/2022 - 12:03:11: [SM] Blaming: weapon_restrict.smx
L 11/11/2022 - 12:03:11: [SM] Call stack trace:
L 11/11/2022 - 12:03:11: [SM]   [1] Line 202, restrictinc/events.sp::CS_OnBuyCommand
L 11/11/2022 - 12:03:27: [SM] Exception reported: Array index out-of-bounds (index 64, limit 55)
L 11/11/2022 - 12:03:27: [SM] Blaming: weapon_restrict.smx
L 11/11/2022 - 12:03:27: [SM] Call stack trace:
L 11/11/2022 - 12:03:27: [SM]   [1] Line 202, restrictinc/events.sp::CS_OnBuyCommand
L 11/11/2022 - 12:03:57: [SM] Exception reported: Array index out-of-bounds (index 64, limit 55)
L 11/11/2022 - 12:03:57: [SM] Blaming: weapon_restrict.smx
L 11/11/2022 - 12:03:57: [SM] Call stack trace:
L 11/11/2022 - 12:03:57: [SM]   [1] Line 202, restrictinc/events.sp::CS_OnBuyCommand
L 11/11/2022 - 12:04:05: [SM] Exception reported: Array index out-of-bounds (index 64, limit 55)
L 11/11/2022 - 12:04:05: [SM] Blaming: weapon_restrict.smx
L 11/11/2022 - 12:04:05: [SM] Call stack trace:
L 11/11/2022 - 12:04:05: [SM]   [1] Line 202, restrictinc/events.sp::CS_OnBuyCommand
L 11/11/2022 - 12:04:10: [SM] Exception reported: Array index out-of-bounds (index 64, limit 55)
L 11/11/2022 - 12:04:10: [SM] Blaming: weapon_restrict.smx
L 11/11/2022 - 12:04:10: [SM] Call stack trace:
L 11/11/2022 - 12:04:10: [SM]   [1] Line 202, restrictinc/events.sp::CS_OnBuyCommand
L 11/11/2022 - 12:04:14: [SM] Exception reported: Array index out-of-bounds (index 64, limit 55)
L 11/11/2022 - 12:04:14: [SM] Blaming: weapon_restrict.smx
L 11/11/2022 - 12:04:14: [SM] Call stack trace:
L 11/11/2022 - 12:04:14: [SM]   [1] Line 202, restrictinc/events.sp::CS_OnBuyCommand
L 11/11/2022 - 12:04:15: [SM] Exception reported: Array index out-of-bounds (index 64, limit 55)
L 11/11/2022 - 12:04:15: [SM] Blaming: weapon_restrict.smx
L 11/11/2022 - 12:04:15: [SM] Call stack trace:
L 11/11/2022 - 12:04:15: [SM]   [1] Line 202, restrictinc/events.sp::CS_OnBuyCommand
L 11/11/2022 - 12:04:16: [SM] Exception reported: Array index out-of-bounds (index 64, limit 55)
L 11/11/2022 - 12:04:16: [SM] Blaming: weapon_restrict.smx
L 11/11/2022 - 12:04:16: [SM] Call stack trace:
L 11/11/2022 - 12:04:16: [SM]   [1] Line 202, restrictinc/events.sp::CS_OnBuyCommand
L 11/11/2022 - 12:04:16: [SM] Exception reported: Array index out-of-bounds (index 64, limit 55)
L 11/11/2022 - 12:04:16: [SM] Blaming: weapon_restrict.smx
L 11/11/2022 - 12:04:16: [SM] Call stack trace:
L 11/11/2022 - 12:04:16: [SM]   [1] Line 202, restrictinc/events.sp::CS_OnBuyCommand
L 11/11/2022 - 12:04:24: [SM] Exception reported: Array index out-of-bounds (index 64, limit 55)
L 11/11/2022 - 12:04:24: [SM] Blaming: weapon_restrict.smx
L 11/11/2022 - 12:04:24: [SM] Call stack trace:
L 11/11/2022 - 12:04:24: [SM]   [1] Line 202, restrictinc/events.sp::CS_OnBuyCommand
L 11/11/2022 - 12:04:29: [SM] Exception reported: Array index out-of-bounds (index 64, limit 55)
L 11/11/2022 - 12:04:29: [SM] Blaming: weapon_restrict.smx
L 11/11/2022 - 12:04:29: [SM] Call stack trace:
L 11/11/2022 - 12:04:29: [SM]   [1] Line 202, restrictinc/events.sp::CS_OnBuyCommand
L 11/11/2022 - 12:04:30: [SM] Exception reported: Array index out-of-bounds (index 64, limit 55)
L 11/11/2022 - 12:04:30: [SM] Blaming: weapon_restrict.smx
L 11/11/2022 - 12:04:30: [SM] Call stack trace:
L 11/11/2022 - 12:04:30: [SM]   [1] Line 202, restrictinc/events.sp::CS_OnBuyCommand
L 11/11/2022 - 12:04:52: [SM] Exception reported: Array index out-of-bounds (index 64, limit 55)
L 11/11/2022 - 12:04:52: [SM] Blaming: weapon_restrict.smx
L 11/11/2022 - 12:04:52: [SM] Call stack trace:
L 11/11/2022 - 12:04:52: [SM]   [1] Line 202, restrictinc/events.sp::CS_OnBuyCommand
L 11/11/2022 - 12:05:00: [SM] Exception reported: Array index out-of-bounds (index 64, limit 55)
L 11/11/2022 - 12:05:00: [SM] Blaming: weapon_restrict.smx
L 11/11/2022 - 12:05:00: [SM] Call stack trace:
L 11/11/2022 - 12:05:00: [SM]   [1] Line 202, restrictinc/events.sp::CS_OnBuyCommand
L 11/11/2022 - 12:05:13: [SM] Exception reported: Array index out-of-bounds (index 64, limit 55)
L 11/11/2022 - 12:05:13: [SM] Blaming: weapon_restrict.smx
L 11/11/2022 - 12:05:13: [SM] Call stack trace:
L 11/11/2022 - 12:05:13: [SM]   [1] Line 202, restrictinc/events.sp::CS_OnBuyCommand
L 11/11/2022 - 12:05:19: [SM] Exception reported: Array index out-of-bounds (index 64, limit 55)
L 11/11/2022 - 12:05:19: [SM] Blaming: weapon_restrict.smx
L 11/11/2022 - 12:05:19: [SM] Call stack trace:
L 11/11/2022 - 12:05:19: [SM]   [1] Line 202, restrictinc/events.sp::CS_OnBuyCommand
L 11/11/2022 - 12:05:25: [SM] Exception reported: Array index out-of-bounds (index 64, limit 55)
L 11/11/2022 - 12:05:25: [SM] Blaming: weapon_restrict.smx
L 11/11/2022 - 12:05:25: [SM] Call stack trace:
L 11/11/2022 - 12:05:25: [SM]   [1] Line 202, restrictinc/events.sp::CS_OnBuyCommand
L 11/11/2022 - 12:05:25: [SM] Exception reported: Array index out-of-bounds (index 64, limit 55)
L 11/11/2022 - 12:05:25: [SM] Blaming: weapon_restrict.smx
L 11/11/2022 - 12:05:25: [SM] Call stack trace:
L 11/11/2022 - 12:05:25: [SM]   [1] Line 202, restrictinc/events.sp::CS_OnBuyCommand
L 11/11/2022 - 12:05:49: [SM] Exception reported: Array index out-of-bounds (index 64, limit 55)
L 11/11/2022 - 12:05:49: [SM] Blaming: weapon_restrict.smx
L 11/11/2022 - 12:05:49: [SM] Call stack trace:
L 11/11/2022 - 12:05:49: [SM]   [1] Line 202, restrictinc/events.sp::CS_OnBuyCommand
L 11/11/2022 - 12:05:50: [SM] Exception reported: Array index out-of-bounds (index 64, limit 55)
L 11/11/2022 - 12:05:50: [SM] Blaming: weapon_restrict.smx
L 11/11/2022 - 12:05:50: [SM] Call stack trace:
L 11/11/2022 - 12:05:50: [SM]   [1] Line 202, restrictinc/events.sp::CS_OnBuyCommand
L 11/11/2022 - 12:05:58: [SM] Exception reported: Array index out-of-bounds (index 64, limit 55)
L 11/11/2022 - 12:05:58: [SM] Blaming: weapon_restrict.smx
L 11/11/2022 - 12:05:58: [SM] Call stack trace:
L 11/11/2022 - 12:05:58: [SM]   [1] Line 202, restrictinc/events.sp::CS_OnBuyCommand
L 11/11/2022 - 12:06:02: [SM] Exception reported: Array index out-of-bounds (index 64, limit 55)
L 11/11/2022 - 12:06:02: [SM] Blaming: weapon_restrict.smx
L 11/11/2022 - 12:06:02: [SM] Call stack trace:
L 11/11/2022 - 12:06:02: [SM]   [1] Line 202, restrictinc/events.sp::CS_OnBuyCommand
L 11/11/2022 - 12:06:15: [SM] Exception reported: Array index out-of-bounds (index 64, limit 55)
L 11/11/2022 - 12:06:15: [SM] Blaming: weapon_restrict.smx
L 11/11/2022 - 12:06:15: [SM] Call stack trace:
L 11/11/2022 - 12:06:15: [SM]   [1] Line 202, restrictinc/events.sp::CS_OnBuyCommand
L 11/11/2022 - 12:06:24: [SM] Exception reported: Array index out-of-bounds (index 64, limit 55)
L 11/11/2022 - 12:06:24: [SM] Blaming: weapon_restrict.smx
L 11/11/2022 - 12:06:24: [SM] Call stack trace:
L 11/11/2022 - 12:06:24: [SM]   [1] Line 202, restrictinc/events.sp::CS_OnBuyCommand
L 11/11/2022 - 12:06:27: [SM] Exception reported: Array index out-of-bounds (index 64, limit 55)
L 11/11/2022 - 12:06:27: [SM] Blaming: weapon_restrict.smx
L 11/11/2022 - 12:06:27: [SM] Call stack trace:
L 11/11/2022 - 12:06:27: [SM]   [1] Line 202, restrictinc/events.sp::CS_OnBuyCommand
L 11/11/2022 - 12:06:33: [SM] Exception reported: Array index out-of-bounds (index 64, limit 55)
L 11/11/2022 - 12:06:33: [SM] Blaming: weapon_restrict.smx
L 11/11/2022 - 12:06:33: [SM] Call stack trace:
L 11/11/2022 - 12:06:33: [SM]   [1] Line 202, restrictinc/events.sp::CS_OnBuyCommand
L 11/11/2022 - 12:06:41: [SM] Exception reported: Array index out-of-bounds (index 64, limit 55)
L 11/11/2022 - 12:06:41: [SM] Blaming: weapon_restrict.smx
L 11/11/2022 - 12:06:41: [SM] Call stack trace:
L 11/11/2022 - 12:06:41: [SM]   [1] Line 202, restrictinc/events.sp::CS_OnBuyCommand
L 11/11/2022 - 12:06:51: [SM] Exception reported: Array index out-of-bounds (index 64, limit 55)
L 11/11/2022 - 12:06:51: [SM] Blaming: weapon_restrict.smx
L 11/11/2022 - 12:06:51: [SM] Call stack trace:
L 11/11/2022 - 12:06:51: [SM]   [1] Line 202, restrictinc/events.sp::CS_OnBuyCommand
L 11/11/2022 - 12:07:07: [SM] Exception reported: Array index out-of-bounds (index 64, limit 55)
L 11/11/2022 - 12:07:07: [SM] Blaming: weapon_restrict.smx
L 11/11/2022 - 12:07:07: [SM] Call stack trace:
L 11/11/2022 - 12:07:07: [SM]   [1] Line 202, restrictinc/events.sp::CS_OnBuyCommand
L 11/11/2022 - 12:07:18: [SM] Exception reported: Array index out-of-bounds (index 64, limit 55)
L 11/11/2022 - 12:07:18: [SM] Blaming: weapon_restrict.smx
L 11/11/2022 - 12:07:18: [SM] Call stack trace:
L 11/11/2022 - 12:07:18: [SM]   [1] Line 202, restrictinc/events.sp::CS_OnBuyCommand
L 11/11/2022 - 12:07:22: [SM] Exception reported: Array index out-of-bounds (index 64, limit 55)
L 11/11/2022 - 12:07:22: [SM] Blaming: weapon_restrict.smx
L 11/11/2022 - 12:07:22: [SM] Call stack trace:
L 11/11/2022 - 12:07:22: [SM]   [1] Line 202, restrictinc/events.sp::CS_OnBuyCommand
L 11/11/2022 - 12:07:22: [SM] Exception reported: Array index out-of-bounds (index 64, limit 55)
L 11/11/2022 - 12:07:22: [SM] Blaming: weapon_restrict.smx
L 11/11/2022 - 12:07:22: [SM] Call stack trace:
L 11/11/2022 - 12:07:22: [SM]   [1] Line 202, restrictinc/events.sp::CS_OnBuyCommand
L 11/11/2022 - 12:07:33: [SM] Exception reported: Array index out-of-bounds (index 64, limit 55)
L 11/11/2022 - 12:07:33: [SM] Blaming: weapon_restrict.smx
L 11/11/2022 - 12:07:33: [SM] Call stack trace:
L 11/11/2022 - 12:07:33: [SM]   [1] Line 202, restrictinc/events.sp::CS_OnBuyCommand
L 11/11/2022 - 12:07:38: [SM] Exception reported: Array index out-of-bounds (index 64, limit 55)
L 11/11/2022 - 12:07:38: [SM] Blaming: weapon_restrict.smx
L 11/11/2022 - 12:07:38: [SM] Call stack trace:
L 11/11/2022 - 12:07:38: [SM]   [1] Line 202, restrictinc/events.sp::CS_OnBuyCommand
L 11/11/2022 - 12:07:43: [SM] Exception reported: Array index out-of-bounds (index 64, limit 55)
L 11/11/2022 - 12:07:43: [SM] Blaming: weapon_restrict.smx
L 11/11/2022 - 12:07:43: [SM] Call stack trace:
L 11/11/2022 - 12:07:43: [SM]   [1] Line 202, restrictinc/events.sp::CS_OnBuyCommand
L 11/11/2022 - 12:07:51: [SM] Exception reported: Array index out-of-bounds (index 64, limit 55)
L 11/11/2022 - 12:07:51: [SM] Blaming: weapon_restrict.smx
L 11/11/2022 - 12:07:51: [SM] Call stack trace:
L 11/11/2022 - 12:07:51: [SM]   [1] Line 202, restrictinc/events.sp::CS_OnBuyCommand
L 11/11/2022 - 12:07:58: [SM] Exception reported: Array index out-of-bounds (index 64, limit 55)
L 11/11/2022 - 12:07:58: [SM] Blaming: weapon_restrict.smx
L 11/11/2022 - 12:07:58: [SM] Call stack trace:
L 11/11/2022 - 12:07:58: [SM]   [1] Line 202, restrictinc/events.sp::CS_OnBuyCommand
L 11/11/2022 - 12:08:02: [SM] Exception reported: Array index out-of-bounds (index 64, limit 55)
L 11/11/2022 - 12:08:02: [SM] Blaming: weapon_restrict.smx
L 11/11/2022 - 12:08:02: [SM] Call stack trace:
L 11/11/2022 - 12:08:02: [SM]   [1] Line 202, restrictinc/events.sp::CS_OnBuyCommand
L 11/11/2022 - 12:08:16: [SM] Exception reported: Array index out-of-bounds (index 64, limit 55)
L 11/11/2022 - 12:08:16: [SM] Blaming: weapon_restrict.smx
L 11/11/2022 - 12:08:16: [SM] Call stack trace:
L 11/11/2022 - 12:08:16: [SM]   [1] Line 202, restrictinc/events.sp::CS_OnBuyCommand
L 11/11/2022 - 12:08:24: [SM] Exception reported: Array index out-of-bounds (index 64, limit 55)
L 11/11/2022 - 12:08:24: [SM] Blaming: weapon_restrict.smx
L 11/11/2022 - 12:08:24: [SM] Call stack trace:
L 11/11/2022 - 12:08:24: [SM]   [1] Line 202, restrictinc/events.sp::CS_OnBuyCommand
L 11/11/2022 - 12:08:26: [SM] Exception reported: Array index out-of-bounds (index 64, limit 55)
L 11/11/2022 - 12:08:26: [SM] Blaming: weapon_restrict.smx
L 11/11/2022 - 12:08:26: [SM] Call stack trace:
L 11/11/2022 - 12:08:26: [SM]   [1] Line 202, restrictinc/events.sp::CS_OnBuyCommand
L 11/11/2022 - 12:08:37: [SM] Exception reported: Array index out-of-bounds (index 64, limit 55)
L 11/11/2022 - 12:08:37: [SM] Blaming: weapon_restrict.smx
L 11/11/2022 - 12:08:37: [SM] Call stack trace:
L 11/11/2022 - 12:08:37: [SM]   [1] Line 202, restrictinc/events.sp::CS_OnBuyCommand
L 11/11/2022 - 12:08:48: [SM] Exception reported: Array index out-of-bounds (index 64, limit 55)
L 11/11/2022 - 12:08:48: [SM] Blaming: weapon_restrict.smx
L 11/11/2022 - 12:08:48: [SM] Call stack trace:
L 11/11/2022 - 12:08:48: [SM]   [1] Line 202, restrictinc/events.sp::CS_OnBuyCommand
L 11/11/2022 - 12:08:51: [SM] Exception reported: Array index out-of-bounds (index 64, limit 55)
L 11/11/2022 - 12:08:51: [SM] Blaming: weapon_restrict.smx
L 11/11/2022 - 12:08:51: [SM] Call stack trace:
L 11/11/2022 - 12:08:51: [SM]   [1] Line 202, restrictinc/events.sp::CS_OnBuyCommand
L 11/11/2022 - 12:09:33: [SM] Exception reported: Array index out-of-bounds (index 64, limit 55)
L 11/11/2022 - 12:09:33: [SM] Blaming: weapon_restrict.smx
L 11/11/2022 - 12:09:33: [SM] Call stack trace:
L 11/11/2022 - 12:09:33: [SM]   [1] Line 202, restrictinc/events.sp::CS_OnBuyCommand
L 11/11/2022 - 12:09:54: [SM] Exception reported: Array index out-of-bounds (index 64, limit 55)
L 11/11/2022 - 12:09:54: [SM] Blaming: weapon_restrict.smx
L 11/11/2022 - 12:09:54: [SM] Call stack trace:
L 11/11/2022 - 12:09:54: [SM]   [1] Line 202, restrictinc/events.sp::CS_OnBuyCommand
L 11/11/2022 - 12:10:26: [SM] Exception reported: Array index out-of-bounds (index 64, limit 55)
L 11/11/2022 - 12:10:26: [SM] Blaming: weapon_restrict.smx
L 11/11/2022 - 12:10:26: [SM] Call stack trace:
L 11/11/2022 - 12:10:26: [SM]   [1] Line 202, restrictinc/events.sp::CS_OnBuyCommand
L 11/11/2022 - 12:10:49: [SM] Exception reported: Array index out-of-bounds (index 64, limit 55)
L 11/11/2022 - 12:10:49: [SM] Blaming: weapon_restrict.smx
L 11/11/2022 - 12:10:49: [SM] Call stack trace:
L 11/11/2022 - 12:10:49: [SM]   [1] Line 202, restrictinc/events.sp::CS_OnBuyCommand
L 11/11/2022 - 12:11:09: [SM] Exception reported: Array index out-of-bounds (index 64, limit 55)
L 11/11/2022 - 12:11:09: [SM] Blaming: weapon_restrict.smx
L 11/11/2022 - 12:11:09: [SM] Call stack trace:
L 11/11/2022 - 12:11:09: [SM]   [1] Line 202, restrictinc/events.sp::CS_OnBuyCommand
L 11/11/2022 - 12:11:39: [SM] Exception reported: Array index out-of-bounds (index 64, limit 55)
L 11/11/2022 - 12:11:39: [SM] Blaming: weapon_restrict.smx
L 11/11/2022 - 12:11:39: [SM] Call stack trace:
L 11/11/2022 - 12:11:39: [SM]   [1] Line 202, restrictinc/events.sp::CS_OnBuyCommand
L 11/11/2022 - 12:12:10: [SM] Exception reported: Array index out-of-bounds (index 64, limit 55)
L 11/11/2022 - 12:12:10: [SM] Blaming: weapon_restrict.smx
L 11/11/2022 - 12:12:10: [SM] Call stack trace:
L 11/11/2022 - 12:12:10: [SM]   [1] Line 202, restrictinc/events.sp::CS_OnBuyCommand
L 11/11/2022 - 12:12:29: [SM] Exception reported: Array index out-of-bounds (index 64, limit 55)
L 11/11/2022 - 12:12:29: [SM] Blaming: weapon_restrict.smx
L 11/11/2022 - 12:12:29: [SM] Call stack trace:
L 11/11/2022 - 12:12:29: [SM]   [1] Line 202, restrictinc/events.sp::CS_OnBuyCommand
L 11/11/2022 - 12:12:51: [SM] Exception reported: Array index out-of-bounds (index 64, limit 55)
L 11/11/2022 - 12:12:51: [SM] Blaming: weapon_restrict.smx
L 11/11/2022 - 12:12:51: [SM] Call stack trace:
L 11/11/2022 - 12:12:51: [SM]   [1] Line 202, restrictinc/events.sp::CS_OnBuyCommand
L 11/11/2022 - 12:13:07: [SM] Exception reported: Array index out-of-bounds (index 64, limit 55)
L 11/11/2022 - 12:13:07: [SM] Blaming: weapon_restrict.smx
L 11/11/2022 - 12:13:07: [SM] Call stack trace:
L 11/11/2022 - 12:13:07: [SM]   [1] Line 202, restrictinc/events.sp::CS_OnBuyCommand
L 11/11/2022 - 12:13:46: [SM] Exception reported: Array index out-of-bounds (index 64, limit 55)
L 11/11/2022 - 12:13:46: [SM] Blaming: weapon_restrict.smx
L 11/11/2022 - 12:13:46: [SM] Call stack trace:
L 11/11/2022 - 12:13:46: [SM]   [1] Line 202, restrictinc/events.sp::CS_OnBuyCommand
L 11/11/2022 - 12:14:01: [SM] Exception reported: Array index out-of-bounds (index 64, limit 55)
L 11/11/2022 - 12:14:01: [SM] Blaming: weapon_restrict.smx
L 11/11/2022 - 12:14:01: [SM] Call stack trace:
L 11/11/2022 - 12:14:01: [SM]   [1] Line 202, restrictinc/events.sp::CS_OnBuyCommand
L 11/11/2022 - 12:14:22: [SM] Exception reported: Array index out-of-bounds (index 64, limit 55)
L 11/11/2022 - 12:14:22: [SM] Blaming: weapon_restrict.smx
L 11/11/2022 - 12:14:22: [SM] Call stack trace:
L 11/11/2022 - 12:14:22: [SM]   [1] Line 202, restrictinc/events.sp::CS_OnBuyCommand
L 11/11/2022 - 12:14:39: [SM] Exception reported: Array index out-of-bounds (index 64, limit 55)
L 11/11/2022 - 12:14:39: [SM] Blaming: weapon_restrict.smx
L 11/11/2022 - 12:14:39: [SM] Call stack trace:
L 11/11/2022 - 12:14:39: [SM]   [1] Line 202, restrictinc/events.sp::CS_OnBuyCommand
L 11/11/2022 - 12:15:14: [SM] Exception reported: Array index out-of-bounds (index 64, limit 55)
L 11/11/2022 - 12:15:14: [SM] Blaming: weapon_restrict.smx
L 11/11/2022 - 12:15:14: [SM] Call stack trace:
L 11/11/2022 - 12:15:14: [SM]   [1] Line 202, restrictinc/events.sp::CS_OnBuyCommand
L 11/11/2022 - 12:15:49: [SM] Exception reported: Array index out-of-bounds (index 64, limit 55)
L 11/11/2022 - 12:15:49: [SM] Blaming: weapon_restrict.smx
L 11/11/2022 - 12:15:49: [SM] Call stack trace:
L 11/11/2022 - 12:15:49: [SM]   [1] Line 202, restrictinc/events.sp::CS_OnBuyCommand
L 11/11/2022 - 12:16:22: [SM] Exception reported: Array index out-of-bounds (index 64, limit 55)
L 11/11/2022 - 12:16:22: [SM] Blaming: weapon_restrict.smx
L 11/11/2022 - 12:16:22: [SM] Call stack trace:
L 11/11/2022 - 12:16:22: [SM]   [1] Line 202, restrictinc/events.sp::CS_OnBuyCommand
L 11/11/2022 - 12:17:12: [SM] Exception reported: Array index out-of-bounds (index 64, limit 55)
L 11/11/2022 - 12:17:12: [SM] Blaming: weapon_restrict.smx
L 11/11/2022 - 12:17:12: [SM] Call stack trace:
L 11/11/2022 - 12:17:12: [SM]   [1] Line 202, restrictinc/events.sp::CS_OnBuyCommand
L 11/11/2022 - 12:17:16: [SM] Exception reported: Array index out-of-bounds (index 64, limit 55)
L 11/11/2022 - 12:17:16: [SM] Blaming: weapon_restrict.smx
L 11/11/2022 - 12:17:16: [SM] Call stack trace:
L 11/11/2022 - 12:17:16: [SM]   [1] Line 202, restrictinc/events.sp::CS_OnBuyCommand
L 11/11/2022 - 12:18:01: [SM] Exception reported: Array index out-of-bounds (index 64, limit 55)
L 11/11/2022 - 12:18:01: [SM] Blaming: weapon_restrict.smx
L 11/11/2022 - 12:18:01: [SM] Call stack trace:
L 11/11/2022 - 12:18:01: [SM]   [1] Line 202, restrictinc/events.sp::CS_OnBuyCommand
L 11/11/2022 - 12:18:01: [SM] Exception reported: Array index out-of-bounds (index 64, limit 55)
L 11/11/2022 - 12:18:01: [SM] Blaming: weapon_restrict.smx
L 11/11/2022 - 12:18:01: [SM] Call stack trace:
L 11/11/2022 - 12:18:01: [SM]   [1] Line 202, restrictinc/events.sp::CS_OnBuyCommand
L 11/11/2022 - 12:18:02: [SM] Exception reported: Array index out-of-bounds (index 64, limit 55)
L 11/11/2022 - 12:18:02: [SM] Blaming: weapon_restrict.smx
L 11/11/2022 - 12:18:02: [SM] Call stack trace:
L 11/11/2022 - 12:18:02: [SM]   [1] Line 202, restrictinc/events.sp::CS_OnBuyCommand
L 11/11/2022 - 12:25:51: [SM] Exception reported: Array index out-of-bounds (index 64, limit 55)
L 11/11/2022 - 12:25:51: [SM] Blaming: weapon_restrict.smx
L 11/11/2022 - 12:25:51: [SM] Call stack trace:
L 11/11/2022 - 12:25:51: [SM]   [1] Line 202, restrictinc/events.sp::CS_OnBuyCommand
L 11/11/2022 - 12:36:12: [SM] Exception reported: Array index out-of-bounds (index 64, limit 55)
L 11/11/2022 - 12:36:12: [SM] Blaming: weapon_restrict.smx
L 11/11/2022 - 12:36:12: [SM] Call stack trace:
L 11/11/2022 - 12:36:12: [SM]   [1] Line 202, restrictinc/events.sp::CS_OnBuyCommand
L 11/11/2022 - 12:41:01: [SM] Exception reported: Array index out-of-bounds (index 64, limit 55)
L 11/11/2022 - 12:41:01: [SM] Blaming: weapon_restrict.smx
L 11/11/2022 - 12:41:01: [SM] Call stack trace:
L 11/11/2022 - 12:41:01: [SM]   [1] Line 202, restrictinc/events.sp::CS_OnBuyCommand
L 11/11/2022 - 12:43:22: [SM] Exception reported: Array index out-of-bounds (index 64, limit 55)
L 11/11/2022 - 12:43:22: [SM] Blaming: weapon_restrict.smx
L 11/11/2022 - 12:43:22: [SM] Call stack trace:
L 11/11/2022 - 12:43:22: [SM]   [1] Line 202, restrictinc/events.sp::CS_OnBuyCommand
L 11/11/2022 - 12:43:38: [SM] Exception reported: Array index out-of-bounds (index 64, limit 55)
L 11/11/2022 - 12:43:38: [SM] Blaming: weapon_restrict.smx
L 11/11/2022 - 12:43:38: [SM] Call stack trace:
L 11/11/2022 - 12:43:38: [SM]   [1] Line 202, restrictinc/events.sp::CS_OnBuyCommand
L 11/11/2022 - 12:43:43: [SM] Exception reported: Array index out-of-bounds (index 64, limit 55)
L 11/11/2022 - 12:43:43: [SM] Blaming: weapon_restrict.smx
L 11/11/2022 - 12:43:43: [SM] Call stack trace:
L 11/11/2022 - 12:43:43: [SM]   [1] Line 202, restrictinc/events.sp::CS_OnBuyCommand
L 11/11/2022 - 12:44:01: [SM] Exception reported: Array index out-of-bounds (index 64, limit 55)
L 11/11/2022 - 12:44:01: [SM] Blaming: weapon_restrict.smx
L 11/11/2022 - 12:44:01: [SM] Call stack trace:
L 11/11/2022 - 12:44:01: [SM]   [1] Line 202, restrictinc/events.sp::CS_OnBuyCommand
L 11/11/2022 - 12:44:16: [SM] Exception reported: Array index out-of-bounds (index 64, limit 55)
L 11/11/2022 - 12:44:16: [SM] Blaming: weapon_restrict.smx
L 11/11/2022 - 12:44:16: [SM] Call stack trace:
L 11/11/2022 - 12:44:16: [SM]   [1] Line 202, restrictinc/events.sp::CS_OnBuyCommand
L 11/11/2022 - 12:45:00: [SM] Exception reported: Array index out-of-bounds (index 64, limit 55)
L 11/11/2022 - 12:45:00: [SM] Blaming: weapon_restrict.smx
L 11/11/2022 - 12:45:00: [SM] Call stack trace:
L 11/11/2022 - 12:45:00: [SM]   [1] Line 202, restrictinc/events.sp::CS_OnBuyCommand
L 11/11/2022 - 12:45:30: [SM] Exception reported: Array index out-of-bounds (index 64, limit 55)
L 11/11/2022 - 12:45:30: [SM] Blaming: weapon_restrict.smx
L 11/11/2022 - 12:45:30: [SM] Call stack trace:
L 11/11/2022 - 12:45:30: [SM]   [1] Line 202, restrictinc/events.sp::CS_OnBuyCommand
L 11/11/2022 - 12:45:48: [SM] Exception reported: Array index out-of-bounds (index 64, limit 55)
L 11/11/2022 - 12:45:48: [SM] Blaming: weapon_restrict.smx
L 11/11/2022 - 12:45:48: [SM] Call stack trace:
L 11/11/2022 - 12:45:48: [SM]   [1] Line 202, restrictinc/events.sp::CS_OnBuyCommand
L 11/11/2022 - 12:45:52: [SM] Exception reported: Array index out-of-bounds (index 64, limit 55)
L 11/11/2022 - 12:45:52: [SM] Blaming: weapon_restrict.smx
L 11/11/2022 - 12:45:52: [SM] Call stack trace:
L 11/11/2022 - 12:45:52: [SM]   [1] Line 202, restrictinc/events.sp::CS_OnBuyCommand
L 11/11/2022 - 12:45:56: [SM] Exception reported: Array index out-of-bounds (index 64, limit 55)
L 11/11/2022 - 12:45:56: [SM] Blaming: weapon_restrict.smx
L 11/11/2022 - 12:45:56: [SM] Call stack trace:
L 11/11/2022 - 12:45:56: [SM]   [1] Line 202, restrictinc/events.sp::CS_OnBuyCommand
L 11/11/2022 - 12:46:05: [SM] Exception reported: Array index out-of-bounds (index 64, limit 55)
L 11/11/2022 - 12:46:05: [SM] Blaming: weapon_restrict.smx
L 11/11/2022 - 12:46:05: [SM] Call stack trace:
L 11/11/2022 - 12:46:05: [SM]   [1] Line 202, restrictinc/events.sp::CS_OnBuyCommand
L 11/11/2022 - 12:46:10: [SM] Exception reported: Array index out-of-bounds (index 64, limit 55)
L 11/11/2022 - 12:46:10: [SM] Blaming: weapon_restrict.smx
L 11/11/2022 - 12:46:10: [SM] Call stack trace:
L 11/11/2022 - 12:46:10: [SM]   [1] Line 202, restrictinc/events.sp::CS_OnBuyCommand
L 11/11/2022 - 12:50:36: [SM] Exception reported: Array index out-of-bounds (index 64, limit 55)
L 11/11/2022 - 12:50:36: [SM] Blaming: weapon_restrict.smx
L 11/11/2022 - 12:50:36: [SM] Call stack trace:
L 11/11/2022 - 12:50:36: [SM]   [1] Line 202, restrictinc/events.sp::CS_OnBuyCommand
L 11/11/2022 - 12:53:33: [SM] Exception reported: Array index out-of-bounds (index 64, limit 55)
L 11/11/2022 - 12:53:33: [SM] Blaming: weapon_restrict.smx
L 11/11/2022 - 12:53:33: [SM] Call stack trace:
L 11/11/2022 - 12:53:33: [SM]   [1] Line 202, restrictinc/events.sp::CS_OnBuyCommand
L 11/11/2022 - 12:57:02: [SM] Exception reported: Array index out-of-bounds (index 64, limit 55)
L 11/11/2022 - 12:57:02: [SM] Blaming: weapon_restrict.smx
L 11/11/2022 - 12:57:02: [SM] Call stack trace:
L 11/11/2022 - 12:57:02: [SM]   [1] Line 202, restrictinc/events.sp::CS_OnBuyCommand
L 11/11/2022 - 13:06:30: [SM] Exception reported: Array index out-of-bounds (index 64, limit 55)
L 11/11/2022 - 13:06:30: [SM] Blaming: weapon_restrict.smx
L 11/11/2022 - 13:06:30: [SM] Call stack trace:
L 11/11/2022 - 13:06:30: [SM]   [1] Line 202, restrictinc/events.sp::CS_OnBuyCommand
L 11/11/2022 - 13:06:42: [SM] Exception reported: Array index out-of-bounds (index 64, limit 55)
L 11/11/2022 - 13:06:42: [SM] Blaming: weapon_restrict.smx
L 11/11/2022 - 13:06:42: [SM] Call stack trace:
L 11/11/2022 - 13:06:42: [SM]   [1] Line 202, restrictinc/events.sp::CS_OnBuyCommand
L 11/11/2022 - 13:09:38: [SM] Exception reported: Array index out-of-bounds (index 64, limit 55)
L 11/11/2022 - 13:09:38: [SM] Blaming: weapon_restrict.smx
L 11/11/2022 - 13:09:38: [SM] Call stack trace:
L 11/11/2022 - 13:09:38: [SM]   [1] Line 202, restrictinc/events.sp::CS_OnBuyCommand
L 11/11/2022 - 13:25:09: [SM] Exception reported: Array index out-of-bounds (index 64, limit 55)
L 11/11/2022 - 13:25:09: [SM] Blaming: weapon_restrict.smx
L 11/11/2022 - 13:25:09: [SM] Call stack trace:
L 11/11/2022 - 13:25:09: [SM]   [1] Line 202, restrictinc/events.sp::CS_OnBuyCommand
L 11/11/2022 - 13:25:15: [SM] Exception reported: Array index out-of-bounds (index 64, limit 55)
L 11/11/2022 - 13:25:15: [SM] Blaming: weapon_restrict.smx
L 11/11/2022 - 13:25:15: [SM] Call stack trace:
L 11/11/2022 - 13:25:15: [SM]   [1] Line 202, restrictinc/events.sp::CS_OnBuyCommand
L 11/11/2022 - 13:25:27: [SM] Exception reported: Array index out-of-bounds (index 64, limit 55)
L 11/11/2022 - 13:25:27: [SM] Blaming: weapon_restrict.smx
L 11/11/2022 - 13:25:27: [SM] Call stack trace:
L 11/11/2022 - 13:25:27: [SM]   [1] Line 202, restrictinc/events.sp::CS_OnBuyCommand
L 11/11/2022 - 13:27:49: [SM] Exception reported: Array index out-of-bounds (index 64, limit 55)
L 11/11/2022 - 13:27:49: [SM] Blaming: weapon_restrict.smx
L 11/11/2022 - 13:27:49: [SM] Call stack trace:
L 11/11/2022 - 13:27:49: [SM]   [1] Line 202, restrictinc/events.sp::CS_OnBuyCommand
L 11/11/2022 - 13:29:11: [SM] Exception reported: Array index out-of-bounds (index 64, limit 55)
L 11/11/2022 - 13:29:11: [SM] Blaming: weapon_restrict.smx
L 11/11/2022 - 13:29:11: [SM] Call stack trace:
L 11/11/2022 - 13:29:11: [SM]   [1] Line 202, restrictinc/events.sp::CS_OnBuyCommand
L 11/11/2022 - 13:29:11: [SM] Exception reported: Array index out-of-bounds (index 64, limit 55)
L 11/11/2022 - 13:29:11: [SM] Blaming: weapon_restrict.smx
L 11/11/2022 - 13:29:11: [SM] Call stack trace:
L 11/11/2022 - 13:29:11: [SM]   [1] Line 202, restrictinc/events.sp::CS_OnBuyCommand
L 11/11/2022 - 13:36:11: [SM] Exception reported: Array index out-of-bounds (index 64, limit 55)
L 11/11/2022 - 13:36:11: [SM] Blaming: weapon_restrict.smx
L 11/11/2022 - 13:36:11: [SM] Call stack trace:
L 11/11/2022 - 13:36:11: [SM]   [1] Line 202, restrictinc/events.sp::CS_OnBuyCommand
L 11/11/2022 - 13:46:13: [warmod.smx] Plug-in tEasyFTP.smx required to auto upload demos
L 11/11/2022 - 13:47:03: [SM] Exception reported: Array index out-of-bounds (index 64, limit 55)
L 11/11/2022 - 13:47:03: [SM] Blaming: weapon_restrict.smx
L 11/11/2022 - 13:47:03: [SM] Call stack trace:
L 11/11/2022 - 13:47:03: [SM]   [1] Line 202, restrictinc/events.sp::CS_OnBuyCommand
L 11/11/2022 - 13:47:23: [SM] Exception reported: Array index out-of-bounds (index 64, limit 55)
L 11/11/2022 - 13:47:23: [SM] Blaming: weapon_restrict.smx
L 11/11/2022 - 13:47:23: [SM] Call stack trace:
L 11/11/2022 - 13:47:23: [SM]   [1] Line 202, restrictinc/events.sp::CS_OnBuyCommand
L 11/11/2022 - 13:47:38: [SM] Exception reported: Array index out-of-bounds (index 64, limit 55)
L 11/11/2022 - 13:47:38: [SM] Blaming: weapon_restrict.smx
L 11/11/2022 - 13:47:38: [SM] Call stack trace:
L 11/11/2022 - 13:47:38: [SM]   [1] Line 202, restrictinc/events.sp::CS_OnBuyCommand
L 11/11/2022 - 13:54:41: [SM] Exception reported: Array index out-of-bounds (index 64, limit 55)
L 11/11/2022 - 13:54:41: [SM] Blaming: weapon_restrict.smx
L 11/11/2022 - 13:54:41: [SM] Call stack trace:
L 11/11/2022 - 13:54:41: [SM]   [1] Line 202, restrictinc/events.sp::CS_OnBuyCommand
L 11/11/2022 - 13:57:48: [warmod.smx] Plug-in tEasyFTP.smx required to auto upload demos
L 11/11/2022 - 13:58:19: [SM] Exception reported: Array index out-of-bounds (index 64, limit 55)
L 11/11/2022 - 13:58:19: [SM] Blaming: weapon_restrict.smx
L 11/11/2022 - 13:58:19: [SM] Call stack trace:
L 11/11/2022 - 13:58:19: [SM]   [1] Line 202, restrictinc/events.sp::CS_OnBuyCommand
L 11/11/2022 - 13:58:26: [SM] Exception reported: Array index out-of-bounds (index 64, limit 55)
L 11/11/2022 - 13:58:26: [SM] Blaming: weapon_restrict.smx
L 11/11/2022 - 13:58:26: [SM] Call stack trace:
L 11/11/2022 - 13:58:26: [SM]   [1] Line 202, restrictinc/events.sp::CS_OnBuyCommand
L 11/11/2022 - 13:59:30: [SM] Exception reported: Array index out-of-bounds (index 64, limit 55)
L 11/11/2022 - 13:59:30: [SM] Blaming: weapon_restrict.smx
L 11/11/2022 - 13:59:30: [SM] Call stack trace:
L 11/11/2022 - 13:59:30: [SM]   [1] Line 202, restrictinc/events.sp::CS_OnBuyCommand
L 11/11/2022 - 13:59:30: [SM] Exception reported: Array index out-of-bounds (index 64, limit 55)
L 11/11/2022 - 13:59:30: [SM] Blaming: weapon_restrict.smx
L 11/11/2022 - 13:59:30: [SM] Call stack trace:
L 11/11/2022 - 13:59:30: [SM]   [1] Line 202, restrictinc/events.sp::CS_OnBuyCommand
L 11/11/2022 - 13:59:33: [SM] Exception reported: Array index out-of-bounds (index 64, limit 55)
L 11/11/2022 - 13:59:33: [SM] Blaming: weapon_restrict.smx
L 11/11/2022 - 13:59:33: [SM] Call stack trace:
L 11/11/2022 - 13:59:33: [SM]   [1] Line 202, restrictinc/events.sp::CS_OnBuyCommand
L 11/11/2022 - 14:08:14: [SM] Exception reported: Array index out-of-bounds (index 64, limit 55)
L 11/11/2022 - 14:08:14: [SM] Blaming: weapon_restrict.smx
L 11/11/2022 - 14:08:14: [SM] Call stack trace:
L 11/11/2022 - 14:08:14: [SM]   [1] Line 202, restrictinc/events.sp::CS_OnBuyCommand
L 11/11/2022 - 14:08:56: [warmod.smx] Plug-in tEasyFTP.smx required to auto upload demos
L 11/11/2022 - 14:11:48: [SM] Exception reported: Array index out-of-bounds (index 64, limit 55)
L 11/11/2022 - 14:11:48: [SM] Blaming: weapon_restrict.smx
L 11/11/2022 - 14:11:48: [SM] Call stack trace:
L 11/11/2022 - 14:11:48: [SM]   [1] Line 202, restrictinc/events.sp::CS_OnBuyCommand
L 11/11/2022 - 14:17:28: [SM] Exception reported: Array index out-of-bounds (index 64, limit 55)
L 11/11/2022 - 14:17:28: [SM] Blaming: weapon_restrict.smx
L 11/11/2022 - 14:17:28: [SM] Call stack trace:
L 11/11/2022 - 14:17:28: [SM]   [1] Line 202, restrictinc/events.sp::CS_OnBuyCommand
L 11/11/2022 - 14:18:45: [SM] Exception reported: Array index out-of-bounds (index 64, limit 55)
L 11/11/2022 - 14:18:45: [SM] Blaming: weapon_restrict.smx
L 11/11/2022 - 14:18:45: [SM] Call stack trace:
L 11/11/2022 - 14:18:45: [SM]   [1] Line 202, restrictinc/events.sp::CS_OnBuyCommand
L 11/11/2022 - 14:20:12: [SM] Exception reported: Array index out-of-bounds (index 64, limit 55)
L 11/11/2022 - 14:20:12: [SM] Blaming: weapon_restrict.smx
L 11/11/2022 - 14:20:12: [SM] Call stack trace:
L 11/11/2022 - 14:20:12: [SM]   [1] Line 202, restrictinc/events.sp::CS_OnBuyCommand
L 11/11/2022 - 14:21:32: [SM] Exception reported: Array index out-of-bounds (index 64, limit 55)
L 11/11/2022 - 14:21:32: [SM] Blaming: weapon_restrict.smx
L 11/11/2022 - 14:21:32: [SM] Call stack trace:
L 11/11/2022 - 14:21:32: [SM]   [1] Line 202, restrictinc/events.sp::CS_OnBuyCommand
L 11/11/2022 - 14:29:51: [warmod.smx] Plug-in tEasyFTP.smx required to auto upload demos
L 11/11/2022 - 14:30:59: [SM] Exception reported: Array index out-of-bounds (index 64, limit 55)
L 11/11/2022 - 14:30:59: [SM] Blaming: weapon_restrict.smx
L 11/11/2022 - 14:30:59: [SM] Call stack trace:
L 11/11/2022 - 14:30:59: [SM]   [1] Line 202, restrictinc/events.sp::CS_OnBuyCommand
L 11/11/2022 - 14:40:53: [warmod.smx] Plug-in tEasyFTP.smx required to auto upload demos
L 11/11/2022 - 14:41:28: [SM] Exception reported: Array index out-of-bounds (index 64, limit 55)
L 11/11/2022 - 14:41:28: [SM] Blaming: weapon_restrict.smx
L 11/11/2022 - 14:41:28: [SM] Call stack trace:
L 11/11/2022 - 14:41:28: [SM]   [1] Line 202, restrictinc/events.sp::CS_OnBuyCommand
L 11/11/2022 - 15:07:37: [warmod.smx] Plug-in tEasyFTP.smx required to auto upload demos
L 11/11/2022 - 15:08:03: Error log file session closed.
L 11/11/2022 - 15:09:44: SourceMod error session started
L 11/11/2022 - 15:09:44: Info (map "de_mirage") (file "/badfupo/server1/csgo/addons/sourcemod/logs/errors_20221111.log")
L 11/11/2022 - 15:09:44: [SM] Exception reported: Array index out-of-bounds (index 64, limit 55)
L 11/11/2022 - 15:09:44: [SM] Blaming: weapon_restrict.smx
L 11/11/2022 - 15:09:44: [SM] Call stack trace:
L 11/11/2022 - 15:09:44: [SM]   [1] Line 202, restrictinc/events.sp::CS_OnBuyCommand
L 11/11/2022 - 15:30:20: [SM] Exception reported: Array index out-of-bounds (index 64, limit 55)
L 11/11/2022 - 15:30:20: [SM] Blaming: weapon_restrict.smx
L 11/11/2022 - 15:30:20: [SM] Call stack trace:
L 11/11/2022 - 15:30:20: [SM]   [1] Line 202, restrictinc/events.sp::CS_OnBuyCommand
L 11/11/2022 - 15:39:13: [SM] Exception reported: Array index out-of-bounds (index 64, limit 55)
L 11/11/2022 - 15:39:13: [SM] Blaming: weapon_restrict.smx
L 11/11/2022 - 15:39:13: [SM] Call stack trace:
L 11/11/2022 - 15:39:13: [SM]   [1] Line 202, restrictinc/events.sp::CS_OnBuyCommand
L 11/11/2022 - 15:43:22: [SM] Exception reported: Array index out-of-bounds (index 64, limit 55)
L 11/11/2022 - 15:43:22: [SM] Blaming: weapon_restrict.smx
L 11/11/2022 - 15:43:22: [SM] Call stack trace:
L 11/11/2022 - 15:43:22: [SM]   [1] Line 202, restrictinc/events.sp::CS_OnBuyCommand
L 11/11/2022 - 15:44:11: [SM] Exception reported: Array index out-of-bounds (index 64, limit 55)
L 11/11/2022 - 15:44:11: [SM] Blaming: weapon_restrict.smx
L 11/11/2022 - 15:44:11: [SM] Call stack trace:
L 11/11/2022 - 15:44:11: [SM]   [1] Line 202, restrictinc/events.sp::CS_OnBuyCommand
L 11/11/2022 - 15:44:37: [SM] Exception reported: Array index out-of-bounds (index 64, limit 55)
L 11/11/2022 - 15:44:37: [SM] Blaming: weapon_restrict.smx
L 11/11/2022 - 15:44:37: [SM] Call stack trace:
L 11/11/2022 - 15:44:37: [SM]   [1] Line 202, restrictinc/events.sp::CS_OnBuyCommand
L 11/11/2022 - 15:44:52: [SM] Exception reported: Array index out-of-bounds (index 64, limit 55)
L 11/11/2022 - 15:44:52: [SM] Blaming: weapon_restrict.smx
L 11/11/2022 - 15:44:52: [SM] Call stack trace:
L 11/11/2022 - 15:44:52: [SM]   [1] Line 202, restrictinc/events.sp::CS_OnBuyCommand
L 11/11/2022 - 15:59:04: [SM] Exception reported: Array index out-of-bounds (index 64, limit 55)
L 11/11/2022 - 15:59:04: [SM] Blaming: weapon_restrict.smx
L 11/11/2022 - 15:59:04: [SM] Call stack trace:
L 11/11/2022 - 15:59:04: [SM]   [1] Line 202, restrictinc/events.sp::CS_OnBuyCommand
L 11/11/2022 - 15:59:04: [SM] Exception reported: Array index out-of-bounds (index 64, limit 55)
L 11/11/2022 - 15:59:04: [SM] Blaming: weapon_restrict.smx
L 11/11/2022 - 15:59:04: [SM] Call stack trace:
L 11/11/2022 - 15:59:04: [SM]   [1] Line 202, restrictinc/events.sp::CS_OnBuyCommand
L 11/11/2022 - 15:59:04: [SM] Exception reported: Array index out-of-bounds (index 64, limit 55)
L 11/11/2022 - 15:59:04: [SM] Blaming: weapon_restrict.smx
L 11/11/2022 - 15:59:04: [SM] Call stack trace:
L 11/11/2022 - 15:59:04: [SM]   [1] Line 202, restrictinc/events.sp::CS_OnBuyCommand
L 11/11/2022 - 15:59:40: [SM] Exception reported: Array index out-of-bounds (index 64, limit 55)
L 11/11/2022 - 15:59:40: [SM] Blaming: weapon_restrict.smx
L 11/11/2022 - 15:59:40: [SM] Call stack trace:
L 11/11/2022 - 15:59:40: [SM]   [1] Line 202, restrictinc/events.sp::CS_OnBuyCommand
L 11/11/2022 - 16:01:20: [SM] Exception reported: Array index out-of-bounds (index 64, limit 55)
L 11/11/2022 - 16:01:20: [SM] Blaming: weapon_restrict.smx
L 11/11/2022 - 16:01:20: [SM] Call stack trace:
L 11/11/2022 - 16:01:20: [SM]   [1] Line 202, restrictinc/events.sp::CS_OnBuyCommand
L 11/11/2022 - 16:01:27: [SM] Exception reported: Array index out-of-bounds (index 64, limit 55)
L 11/11/2022 - 16:01:27: [SM] Blaming: weapon_restrict.smx
L 11/11/2022 - 16:01:27: [SM] Call stack trace:
L 11/11/2022 - 16:01:27: [SM]   [1] Line 202, restrictinc/events.sp::CS_OnBuyCommand
L 11/11/2022 - 16:01:34: [SM] Exception reported: Array index out-of-bounds (index 64, limit 55)
L 11/11/2022 - 16:01:34: [SM] Blaming: weapon_restrict.smx
L 11/11/2022 - 16:01:34: [SM] Call stack trace:
L 11/11/2022 - 16:01:34: [SM]   [1] Line 202, restrictinc/events.sp::CS_OnBuyCommand
L 11/11/2022 - 16:01:51: [SM] Exception reported: Array index out-of-bounds (index 64, limit 55)
L 11/11/2022 - 16:01:51: [SM] Blaming: weapon_restrict.smx
L 11/11/2022 - 16:01:51: [SM] Call stack trace:
L 11/11/2022 - 16:01:51: [SM]   [1] Line 202, restrictinc/events.sp::CS_OnBuyCommand
L 11/11/2022 - 16:02:27: [SM] Exception reported: Array index out-of-bounds (index 64, limit 55)
L 11/11/2022 - 16:02:27: [SM] Blaming: weapon_restrict.smx
L 11/11/2022 - 16:02:27: [SM] Call stack trace:
L 11/11/2022 - 16:02:27: [SM]   [1] Line 202, restrictinc/events.sp::CS_OnBuyCommand
L 11/11/2022 - 16:07:01: [SM] Exception reported: Array index out-of-bounds (index 64, limit 55)
L 11/11/2022 - 16:07:01: [SM] Blaming: weapon_restrict.smx
L 11/11/2022 - 16:07:01: [SM] Call stack trace:
L 11/11/2022 - 16:07:01: [SM]   [1] Line 202, restrictinc/events.sp::CS_OnBuyCommand
L 11/11/2022 - 16:12:10: [SM] Exception reported: Array index out-of-bounds (index 64, limit 55)
L 11/11/2022 - 16:12:10: [SM] Blaming: weapon_restrict.smx
L 11/11/2022 - 16:12:10: [SM] Call stack trace:
L 11/11/2022 - 16:12:10: [SM]   [1] Line 202, restrictinc/events.sp::CS_OnBuyCommand
L 11/11/2022 - 16:37:13: [SM] Exception reported: Array index out-of-bounds (index 64, limit 55)
L 11/11/2022 - 16:37:13: [SM] Blaming: weapon_restrict.smx
L 11/11/2022 - 16:37:13: [SM] Call stack trace:
L 11/11/2022 - 16:37:13: [SM]   [1] Line 202, restrictinc/events.sp::CS_OnBuyCommand
L 11/11/2022 - 16:40:12: [SM] Exception reported: Array index out-of-bounds (index 64, limit 55)
L 11/11/2022 - 16:40:12: [SM] Blaming: weapon_restrict.smx
L 11/11/2022 - 16:40:12: [SM] Call stack trace:
L 11/11/2022 - 16:40:12: [SM]   [1] Line 202, restrictinc/events.sp::CS_OnBuyCommand
L 11/11/2022 - 16:40:31: [SM] Exception reported: Array index out-of-bounds (index 64, limit 55)
L 11/11/2022 - 16:40:31: [SM] Blaming: weapon_restrict.smx
L 11/11/2022 - 16:40:31: [SM] Call stack trace:
L 11/11/2022 - 16:40:31: [SM]   [1] Line 202, restrictinc/events.sp::CS_OnBuyCommand
L 11/11/2022 - 16:40:53: [SM] Exception reported: Array index out-of-bounds (index 64, limit 55)
L 11/11/2022 - 16:40:53: [SM] Blaming: weapon_restrict.smx
L 11/11/2022 - 16:40:53: [SM] Call stack trace:
L 11/11/2022 - 16:40:53: [SM]   [1] Line 202, restrictinc/events.sp::CS_OnBuyCommand
L 11/11/2022 - 16:51:14: [SM] Exception reported: Array index out-of-bounds (index 64, limit 55)
L 11/11/2022 - 16:51:14: [SM] Blaming: weapon_restrict.smx
L 11/11/2022 - 16:51:14: [SM] Call stack trace:
L 11/11/2022 - 16:51:14: [SM]   [1] Line 202, restrictinc/events.sp::CS_OnBuyCommand
L 11/11/2022 - 16:51:41: [SM] Exception reported: Array index out-of-bounds (index 64, limit 55)
L 11/11/2022 - 16:51:41: [SM] Blaming: weapon_restrict.smx
L 11/11/2022 - 16:51:41: [SM] Call stack trace:
L 11/11/2022 - 16:51:41: [SM]   [1] Line 202, restrictinc/events.sp::CS_OnBuyCommand
L 11/11/2022 - 16:51:59: [SM] Exception reported: Array index out-of-bounds (index 64, limit 55)
L 11/11/2022 - 16:51:59: [SM] Blaming: weapon_restrict.smx
L 11/11/2022 - 16:51:59: [SM] Call stack trace:
L 11/11/2022 - 16:51:59: [SM]   [1] Line 202, restrictinc/events.sp::CS_OnBuyCommand
L 11/11/2022 - 16:52:44: [SM] Exception reported: Array index out-of-bounds (index 64, limit 55)
L 11/11/2022 - 16:52:44: [SM] Blaming: weapon_restrict.smx
L 11/11/2022 - 16:52:44: [SM] Call stack trace:
L 11/11/2022 - 16:52:44: [SM]   [1] Line 202, restrictinc/events.sp::CS_OnBuyCommand
L 11/11/2022 - 16:53:59: [SM] Exception reported: Array index out-of-bounds (index 64, limit 55)
L 11/11/2022 - 16:53:59: [SM] Blaming: weapon_restrict.smx
L 11/11/2022 - 16:53:59: [SM] Call stack trace:
L 11/11/2022 - 16:53:59: [SM]   [1] Line 202, restrictinc/events.sp::CS_OnBuyCommand
L 11/11/2022 - 17:13:05: [SM] Exception reported: Array index out-of-bounds (index 64, limit 55)
L 11/11/2022 - 17:13:05: [SM] Blaming: weapon_restrict.smx
L 11/11/2022 - 17:13:05: [SM] Call stack trace:
L 11/11/2022 - 17:13:05: [SM]   [1] Line 202, restrictinc/events.sp::CS_OnBuyCommand
L 11/11/2022 - 17:50:04: [SM] Exception reported: Array index out-of-bounds (index 64, limit 55)
L 11/11/2022 - 17:50:04: [SM] Blaming: weapon_restrict.smx
L 11/11/2022 - 17:50:04: [SM] Call stack trace:
L 11/11/2022 - 17:50:04: [SM]   [1] Line 202, restrictinc/events.sp::CS_OnBuyCommand
L 11/11/2022 - 17:50:38: [SM] Exception reported: Array index out-of-bounds (index 64, limit 55)
L 11/11/2022 - 17:50:38: [SM] Blaming: weapon_restrict.smx
L 11/11/2022 - 17:50:38: [SM] Call stack trace:
L 11/11/2022 - 17:50:38: [SM]   [1] Line 202, restrictinc/events.sp::CS_OnBuyCommand
L 11/11/2022 - 17:50:59: [SM] Exception reported: Array index out-of-bounds (index 64, limit 55)
L 11/11/2022 - 17:50:59: [SM] Blaming: weapon_restrict.smx
L 11/11/2022 - 17:50:59: [SM] Call stack trace:
L 11/11/2022 - 17:50:59: [SM]   [1] Line 202, restrictinc/events.sp::CS_OnBuyCommand
L 11/11/2022 - 17:51:13: [SM] Exception reported: Array index out-of-bounds (index 64, limit 55)
L 11/11/2022 - 17:51:13: [SM] Blaming: weapon_restrict.smx
L 11/11/2022 - 17:51:13: [SM] Call stack trace:
L 11/11/2022 - 17:51:13: [SM]   [1] Line 202, restrictinc/events.sp::CS_OnBuyCommand
L 11/11/2022 - 17:51:23: [SM] Exception reported: Array index out-of-bounds (index 64, limit 55)
L 11/11/2022 - 17:51:23: [SM] Blaming: weapon_restrict.smx
L 11/11/2022 - 17:51:23: [SM] Call stack trace:
L 11/11/2022 - 17:51:23: [SM]   [1] Line 202, restrictinc/events.sp::CS_OnBuyCommand
L 11/11/2022 - 18:17:43: [SM] Exception reported: Array index out-of-bounds (index 64, limit 55)
L 11/11/2022 - 18:17:43: [SM] Blaming: weapon_restrict.smx
L 11/11/2022 - 18:17:43: [SM] Call stack trace:
L 11/11/2022 - 18:17:43: [SM]   [1] Line 202, restrictinc/events.sp::CS_OnBuyCommand
L 11/11/2022 - 18:18:11: [SM] Exception reported: Array index out-of-bounds (index 64, limit 55)
L 11/11/2022 - 18:18:11: [SM] Blaming: weapon_restrict.smx
L 11/11/2022 - 18:18:11: [SM] Call stack trace:
L 11/11/2022 - 18:18:11: [SM]   [1] Line 202, restrictinc/events.sp::CS_OnBuyCommand
L 11/11/2022 - 18:18:47: [SM] Exception reported: Array index out-of-bounds (index 64, limit 55)
L 11/11/2022 - 18:18:47: [SM] Blaming: weapon_restrict.smx
L 11/11/2022 - 18:18:47: [SM] Call stack trace:
L 11/11/2022 - 18:18:47: [SM]   [1] Line 202, restrictinc/events.sp::CS_OnBuyCommand
L 11/11/2022 - 18:19:32: [SM] Exception reported: Array index out-of-bounds (index 64, limit 55)
L 11/11/2022 - 18:19:32: [SM] Blaming: weapon_restrict.smx
L 11/11/2022 - 18:19:32: [SM] Call stack trace:
L 11/11/2022 - 18:19:32: [SM]   [1] Line 202, restrictinc/events.sp::CS_OnBuyCommand
L 11/11/2022 - 18:19:46: [SM] Exception reported: Array index out-of-bounds (index 64, limit 55)
L 11/11/2022 - 18:19:46: [SM] Blaming: weapon_restrict.smx
L 11/11/2022 - 18:19:46: [SM] Call stack trace:
L 11/11/2022 - 18:19:46: [SM]   [1] Line 202, restrictinc/events.sp::CS_OnBuyCommand
L 11/11/2022 - 18:20:03: [SM] Exception reported: Array index out-of-bounds (index 64, limit 55)
L 11/11/2022 - 18:20:03: [SM] Blaming: weapon_restrict.smx
L 11/11/2022 - 18:20:03: [SM] Call stack trace:
L 11/11/2022 - 18:20:03: [SM]   [1] Line 202, restrictinc/events.sp::CS_OnBuyCommand
L 11/11/2022 - 18:20:16: [SM] Exception reported: Array index out-of-bounds (index 64, limit 55)
L 11/11/2022 - 18:20:16: [SM] Blaming: weapon_restrict.smx
L 11/11/2022 - 18:20:16: [SM] Call stack trace:
L 11/11/2022 - 18:20:16: [SM]   [1] Line 202, restrictinc/events.sp::CS_OnBuyCommand
L 11/11/2022 - 18:20:39: [SM] Exception reported: Array index out-of-bounds (index 64, limit 55)
L 11/11/2022 - 18:20:39: [SM] Blaming: weapon_restrict.smx
L 11/11/2022 - 18:20:39: [SM] Call stack trace:
L 11/11/2022 - 18:20:39: [SM]   [1] Line 202, restrictinc/events.sp::CS_OnBuyCommand
L 11/11/2022 - 18:20:52: [SM] Exception reported: Array index out-of-bounds (index 64, limit 55)
L 11/11/2022 - 18:20:52: [SM] Blaming: weapon_restrict.smx
L 11/11/2022 - 18:20:52: [SM] Call stack trace:
L 11/11/2022 - 18:20:52: [SM]   [1] Line 202, restrictinc/events.sp::CS_OnBuyCommand
L 11/11/2022 - 18:21:01: [SM] Exception reported: Array index out-of-bounds (index 64, limit 55)
L 11/11/2022 - 18:21:01: [SM] Blaming: weapon_restrict.smx
L 11/11/2022 - 18:21:01: [SM] Call stack trace:
L 11/11/2022 - 18:21:01: [SM]   [1] Line 202, restrictinc/events.sp::CS_OnBuyCommand
L 11/11/2022 - 18:21:13: [SM] Exception reported: Array index out-of-bounds (index 64, limit 55)
L 11/11/2022 - 18:21:13: [SM] Blaming: weapon_restrict.smx
L 11/11/2022 - 18:21:13: [SM] Call stack trace:
L 11/11/2022 - 18:21:13: [SM]   [1] Line 202, restrictinc/events.sp::CS_OnBuyCommand
L 11/11/2022 - 18:22:06: [SM] Exception reported: Array index out-of-bounds (index 64, limit 55)
L 11/11/2022 - 18:22:06: [SM] Blaming: weapon_restrict.smx
L 11/11/2022 - 18:22:06: [SM] Call stack trace:
L 11/11/2022 - 18:22:06: [SM]   [1] Line 202, restrictinc/events.sp::CS_OnBuyCommand
L 11/11/2022 - 18:22:48: [SM] Exception reported: Array index out-of-bounds (index 64, limit 55)
L 11/11/2022 - 18:22:48: [SM] Blaming: weapon_restrict.smx
L 11/11/2022 - 18:22:48: [SM] Call stack trace:
L 11/11/2022 - 18:22:48: [SM]   [1] Line 202, restrictinc/events.sp::CS_OnBuyCommand
L 11/11/2022 - 18:23:17: [SM] Exception reported: Array index out-of-bounds (index 64, limit 55)
L 11/11/2022 - 18:23:17: [SM] Blaming: weapon_restrict.smx
L 11/11/2022 - 18:23:17: [SM] Call stack trace:
L 11/11/2022 - 18:23:17: [SM]   [1] Line 202, restrictinc/events.sp::CS_OnBuyCommand
L 11/11/2022 - 18:24:03: [SM] Exception reported: Array index out-of-bounds (index 64, limit 55)
L 11/11/2022 - 18:24:03: [SM] Blaming: weapon_restrict.smx
L 11/11/2022 - 18:24:03: [SM] Call stack trace:
L 11/11/2022 - 18:24:03: [SM]   [1] Line 202, restrictinc/events.sp::CS_OnBuyCommand
L 11/11/2022 - 18:24:19: [SM] Exception reported: Array index out-of-bounds (index 64, limit 55)
L 11/11/2022 - 18:24:19: [SM] Blaming: weapon_restrict.smx
L 11/11/2022 - 18:24:19: [SM] Call stack trace:
L 11/11/2022 - 18:24:19: [SM]   [1] Line 202, restrictinc/events.sp::CS_OnBuyCommand
L 11/11/2022 - 18:24:42: [SM] Exception reported: Array index out-of-bounds (index 64, limit 55)
L 11/11/2022 - 18:24:42: [SM] Blaming: weapon_restrict.smx
L 11/11/2022 - 18:24:42: [SM] Call stack trace:
L 11/11/2022 - 18:24:42: [SM]   [1] Line 202, restrictinc/events.sp::CS_OnBuyCommand
L 11/11/2022 - 18:25:06: [SM] Exception reported: Array index out-of-bounds (index 64, limit 55)
L 11/11/2022 - 18:25:06: [SM] Blaming: weapon_restrict.smx
L 11/11/2022 - 18:25:06: [SM] Call stack trace:
L 11/11/2022 - 18:25:06: [SM]   [1] Line 202, restrictinc/events.sp::CS_OnBuyCommand
L 11/11/2022 - 18:25:25: [SM] Exception reported: Array index out-of-bounds (index 64, limit 55)
L 11/11/2022 - 18:25:25: [SM] Blaming: weapon_restrict.smx
L 11/11/2022 - 18:25:25: [SM] Call stack trace:
L 11/11/2022 - 18:25:25: [SM]   [1] Line 202, restrictinc/events.sp::CS_OnBuyCommand
L 11/11/2022 - 18:25:38: [SM] Exception reported: Array index out-of-bounds (index 64, limit 55)
L 11/11/2022 - 18:25:38: [SM] Blaming: weapon_restrict.smx
L 11/11/2022 - 18:25:38: [SM] Call stack trace:
L 11/11/2022 - 18:25:38: [SM]   [1] Line 202, restrictinc/events.sp::CS_OnBuyCommand
L 11/11/2022 - 18:25:47: [SM] Exception reported: Array index out-of-bounds (index 64, limit 55)
L 11/11/2022 - 18:25:47: [SM] Blaming: weapon_restrict.smx
L 11/11/2022 - 18:25:47: [SM] Call stack trace:
L 11/11/2022 - 18:25:47: [SM]   [1] Line 202, restrictinc/events.sp::CS_OnBuyCommand
L 11/11/2022 - 18:26:16: [SM] Exception reported: Array index out-of-bounds (index 64, limit 55)
L 11/11/2022 - 18:26:16: [SM] Blaming: weapon_restrict.smx
L 11/11/2022 - 18:26:16: [SM] Call stack trace:
L 11/11/2022 - 18:26:16: [SM]   [1] Line 202, restrictinc/events.sp::CS_OnBuyCommand
L 11/11/2022 - 18:26:25: [SM] Exception reported: Array index out-of-bounds (index 64, limit 55)
L 11/11/2022 - 18:26:25: [SM] Blaming: weapon_restrict.smx
L 11/11/2022 - 18:26:25: [SM] Call stack trace:
L 11/11/2022 - 18:26:25: [SM]   [1] Line 202, restrictinc/events.sp::CS_OnBuyCommand
L 11/11/2022 - 18:26:38: [SM] Exception reported: Array index out-of-bounds (index 64, limit 55)
L 11/11/2022 - 18:26:38: [SM] Blaming: weapon_restrict.smx
L 11/11/2022 - 18:26:38: [SM] Call stack trace:
L 11/11/2022 - 18:26:38: [SM]   [1] Line 202, restrictinc/events.sp::CS_OnBuyCommand
L 11/11/2022 - 18:27:13: [SM] Exception reported: Array index out-of-bounds (index 64, limit 55)
L 11/11/2022 - 18:27:13: [SM] Blaming: weapon_restrict.smx
L 11/11/2022 - 18:27:13: [SM] Call stack trace:
L 11/11/2022 - 18:27:13: [SM]   [1] Line 202, restrictinc/events.sp::CS_OnBuyCommand
L 11/11/2022 - 18:27:41: [SM] Exception reported: Array index out-of-bounds (index 64, limit 55)
L 11/11/2022 - 18:27:41: [SM] Blaming: weapon_restrict.smx
L 11/11/2022 - 18:27:41: [SM] Call stack trace:
L 11/11/2022 - 18:27:41: [SM]   [1] Line 202, restrictinc/events.sp::CS_OnBuyCommand
L 11/11/2022 - 18:27:52: [SM] Exception reported: Array index out-of-bounds (index 64, limit 55)
L 11/11/2022 - 18:27:52: [SM] Blaming: weapon_restrict.smx
L 11/11/2022 - 18:27:52: [SM] Call stack trace:
L 11/11/2022 - 18:27:52: [SM]   [1] Line 202, restrictinc/events.sp::CS_OnBuyCommand
L 11/11/2022 - 18:28:40: [SM] Exception reported: Array index out-of-bounds (index 64, limit 55)
L 11/11/2022 - 18:28:40: [SM] Blaming: weapon_restrict.smx
L 11/11/2022 - 18:28:40: [SM] Call stack trace:
L 11/11/2022 - 18:28:40: [SM]   [1] Line 202, restrictinc/events.sp::CS_OnBuyCommand
L 11/11/2022 - 18:28:49: [SM] Exception reported: Array index out-of-bounds (index 64, limit 55)
L 11/11/2022 - 18:28:49: [SM] Blaming: weapon_restrict.smx
L 11/11/2022 - 18:28:49: [SM] Call stack trace:
L 11/11/2022 - 18:28:49: [SM]   [1] Line 202, restrictinc/events.sp::CS_OnBuyCommand
L 11/11/2022 - 18:29:03: [SM] Exception reported: Array index out-of-bounds (index 64, limit 55)
L 11/11/2022 - 18:29:03: [SM] Blaming: weapon_restrict.smx
L 11/11/2022 - 18:29:03: [SM] Call stack trace:
L 11/11/2022 - 18:29:03: [SM]   [1] Line 202, restrictinc/events.sp::CS_OnBuyCommand
L 11/11/2022 - 18:40:40: [SM] Exception reported: Array index out-of-bounds (index 64, limit 55)
L 11/11/2022 - 18:40:40: [SM] Blaming: weapon_restrict.smx
L 11/11/2022 - 18:40:40: [SM] Call stack trace:
L 11/11/2022 - 18:40:40: [SM]   [1] Line 202, restrictinc/events.sp::CS_OnBuyCommand
L 11/11/2022 - 19:18:54: [SM] Exception reported: Array index out-of-bounds (index 64, limit 55)
L 11/11/2022 - 19:18:54: [SM] Blaming: weapon_restrict.smx
L 11/11/2022 - 19:18:54: [SM] Call stack trace:
L 11/11/2022 - 19:18:54: [SM]   [1] Line 202, restrictinc/events.sp::CS_OnBuyCommand
L 11/11/2022 - 20:34:06: Error log file session closed.
