L 08/07/2022 - 00:36:00: SourceMod error session started
L 08/07/2022 - 00:36:00: Info (map "de_mirage") (file "/home/csgo/csgo/addons/sourcemod/logs/errors_20220807.log")
L 08/07/2022 - 00:36:00: [SM] Fatal error encountered parsing translation file "movecommands.phrases.txt"
L 08/07/2022 - 00:36:00: [SM] Error (line 0, column 0): Stream failed to open
L 08/07/2022 - 00:50:27: [SM] Exception reported: Array index out-of-bounds (index 64, limit 55)
L 08/07/2022 - 00:50:27: [SM] Blaming: weapon_restrict.smx
L 08/07/2022 - 00:50:27: [SM] Call stack trace:
L 08/07/2022 - 00:50:27: [SM]   [1] Line 202, restrictinc/events.sp::CS_OnBuyCommand
L 08/07/2022 - 00:50:36: [c5_pug.smx] GOTV demo could not be recorded since tv_enable is not set to 1
L 08/07/2022 - 00:51:18: [SM] Exception reported: Array index out-of-bounds (index 64, limit 55)
L 08/07/2022 - 00:51:18: [SM] Blaming: weapon_restrict.smx
L 08/07/2022 - 00:51:18: [SM] Call stack trace:
L 08/07/2022 - 00:51:18: [SM]   [1] Line 202, restrictinc/events.sp::CS_OnBuyCommand
L 08/07/2022 - 00:51:19: [SM] Exception reported: Array index out-of-bounds (index 64, limit 55)
L 08/07/2022 - 00:51:19: [SM] Blaming: weapon_restrict.smx
L 08/07/2022 - 00:51:19: [SM] Call stack trace:
L 08/07/2022 - 00:51:19: [SM]   [1] Line 202, restrictinc/events.sp::CS_OnBuyCommand
L 08/07/2022 - 01:04:35: [SM] Exception reported: Array index out-of-bounds (index 64, limit 55)
L 08/07/2022 - 01:04:35: [SM] Blaming: weapon_restrict.smx
L 08/07/2022 - 01:04:35: [SM] Call stack trace:
L 08/07/2022 - 01:04:35: [SM]   [1] Line 202, restrictinc/events.sp::CS_OnBuyCommand
L 08/07/2022 - 01:04:49: [SM] Exception reported: Array index out-of-bounds (index 64, limit 55)
L 08/07/2022 - 01:04:49: [SM] Blaming: weapon_restrict.smx
L 08/07/2022 - 01:04:49: [SM] Call stack trace:
L 08/07/2022 - 01:04:49: [SM]   [1] Line 202, restrictinc/events.sp::CS_OnBuyCommand
L 08/07/2022 - 01:19:39: [SM] Exception reported: Array index out-of-bounds (index 64, limit 55)
L 08/07/2022 - 01:19:39: [SM] Blaming: weapon_restrict.smx
L 08/07/2022 - 01:19:39: [SM] Call stack trace:
L 08/07/2022 - 01:19:39: [SM]   [1] Line 202, restrictinc/events.sp::CS_OnBuyCommand
L 08/07/2022 - 01:20:12: Error log file session closed.
L 08/07/2022 - 01:20:12: SourceMod error session started
L 08/07/2022 - 01:20:12: Info (map "de_vertigo") (file "/home/csgo/csgo/addons/sourcemod/logs/errors_20220807.log")
L 08/07/2022 - 01:20:12: [SM] Fatal error encountered parsing translation file "movecommands.phrases.txt"
L 08/07/2022 - 01:20:12: [SM] Error (line 0, column 0): Stream failed to open
L 08/07/2022 - 01:22:01: [c5_pug.smx] GOTV demo could not be recorded since tv_enable is not set to 1
L 08/07/2022 - 01:22:07: [SM] Exception reported: Array index out-of-bounds (index 64, limit 55)
L 08/07/2022 - 01:22:07: [SM] Blaming: weapon_restrict.smx
L 08/07/2022 - 01:22:07: [SM] Call stack trace:
L 08/07/2022 - 01:22:07: [SM]   [1] Line 202, restrictinc/events.sp::CS_OnBuyCommand
L 08/07/2022 - 01:22:41: [SM] Exception reported: Array index out-of-bounds (index 64, limit 55)
L 08/07/2022 - 01:22:41: [SM] Blaming: weapon_restrict.smx
L 08/07/2022 - 01:22:41: [SM] Call stack trace:
L 08/07/2022 - 01:22:41: [SM]   [1] Line 202, restrictinc/events.sp::CS_OnBuyCommand
L 08/07/2022 - 01:22:44: [SM] Exception reported: Array index out-of-bounds (index 64, limit 55)
L 08/07/2022 - 01:22:44: [SM] Blaming: weapon_restrict.smx
L 08/07/2022 - 01:22:44: [SM] Call stack trace:
L 08/07/2022 - 01:22:44: [SM]   [1] Line 202, restrictinc/events.sp::CS_OnBuyCommand
L 08/07/2022 - 01:22:45: [SM] Exception reported: Array index out-of-bounds (index 64, limit 55)
L 08/07/2022 - 01:22:45: [SM] Blaming: weapon_restrict.smx
L 08/07/2022 - 01:22:45: [SM] Call stack trace:
L 08/07/2022 - 01:22:45: [SM]   [1] Line 202, restrictinc/events.sp::CS_OnBuyCommand
L 08/07/2022 - 01:27:43: [SM] Exception reported: Array index out-of-bounds (index 64, limit 55)
L 08/07/2022 - 01:27:43: [SM] Blaming: weapon_restrict.smx
L 08/07/2022 - 01:27:43: [SM] Call stack trace:
L 08/07/2022 - 01:27:43: [SM]   [1] Line 202, restrictinc/events.sp::CS_OnBuyCommand
L 08/07/2022 - 01:30:32: [SM] Exception reported: Array index out-of-bounds (index 64, limit 55)
L 08/07/2022 - 01:30:32: [SM] Blaming: weapon_restrict.smx
L 08/07/2022 - 01:30:32: [SM] Call stack trace:
L 08/07/2022 - 01:30:32: [SM]   [1] Line 202, restrictinc/events.sp::CS_OnBuyCommand
L 08/07/2022 - 01:30:33: [SM] Exception reported: Array index out-of-bounds (index 64, limit 55)
L 08/07/2022 - 01:30:33: [SM] Blaming: weapon_restrict.smx
L 08/07/2022 - 01:30:33: [SM] Call stack trace:
L 08/07/2022 - 01:30:33: [SM]   [1] Line 202, restrictinc/events.sp::CS_OnBuyCommand
L 08/07/2022 - 01:32:22: Error log file session closed.
L 08/07/2022 - 01:32:22: SourceMod error session started
L 08/07/2022 - 01:32:22: Info (map "de_shortnuke") (file "/home/csgo/csgo/addons/sourcemod/logs/errors_20220807.log")
L 08/07/2022 - 01:32:22: [SM] Fatal error encountered parsing translation file "movecommands.phrases.txt"
L 08/07/2022 - 01:32:22: [SM] Error (line 0, column 0): Stream failed to open
L 08/07/2022 - 01:54:08: Error log file session closed.
L 08/07/2022 - 01:54:08: SourceMod error session started
L 08/07/2022 - 01:54:08: Info (map "de_shortnuke") (file "/home/csgo/csgo/addons/sourcemod/logs/errors_20220807.log")
L 08/07/2022 - 01:54:08: [SM] Fatal error encountered parsing translation file "movecommands.phrases.txt"
L 08/07/2022 - 01:54:08: [SM] Error (line 0, column 0): Stream failed to open
L 08/07/2022 - 03:57:02: Error log file session closed.
L 08/07/2022 - 03:57:02: SourceMod error session started
L 08/07/2022 - 03:57:02: Info (map "de_shortnuke") (file "/home/csgo/csgo/addons/sourcemod/logs/errors_20220807.log")
L 08/07/2022 - 03:57:02: [SM] Fatal error encountered parsing translation file "movecommands.phrases.txt"
L 08/07/2022 - 03:57:02: [SM] Error (line 0, column 0): Stream failed to open
L 08/07/2022 - 03:57:53: Error log file session closed.
L 08/07/2022 - 03:57:53: SourceMod error session started
L 08/07/2022 - 03:57:53: Info (map "de_mirage") (file "/home/csgo/csgo/addons/sourcemod/logs/errors_20220807.log")
L 08/07/2022 - 03:57:53: [SM] Fatal error encountered parsing translation file "movecommands.phrases.txt"
L 08/07/2022 - 03:57:53: [SM] Error (line 0, column 0): Stream failed to open
L 08/07/2022 - 04:00:35: [c5_pug.smx] GOTV demo could not be recorded since tv_enable is not set to 1
L 08/07/2022 - 04:01:09: [SM] Exception reported: Array index out-of-bounds (index 64, limit 55)
L 08/07/2022 - 04:01:09: [SM] Blaming: weapon_restrict.smx
L 08/07/2022 - 04:01:09: [SM] Call stack trace:
L 08/07/2022 - 04:01:09: [SM]   [1] Line 202, restrictinc/events.sp::CS_OnBuyCommand
L 08/07/2022 - 04:01:12: [SM] Exception reported: Array index out-of-bounds (index 64, limit 55)
L 08/07/2022 - 04:01:12: [SM] Blaming: weapon_restrict.smx
L 08/07/2022 - 04:01:12: [SM] Call stack trace:
L 08/07/2022 - 04:01:12: [SM]   [1] Line 202, restrictinc/events.sp::CS_OnBuyCommand
L 08/07/2022 - 04:01:53: [SM] Exception reported: Array index out-of-bounds (index 64, limit 55)
L 08/07/2022 - 04:01:53: [SM] Blaming: weapon_restrict.smx
L 08/07/2022 - 04:01:53: [SM] Call stack trace:
L 08/07/2022 - 04:01:53: [SM]   [1] Line 202, restrictinc/events.sp::CS_OnBuyCommand
L 08/07/2022 - 10:48:16: Error log file session closed.
L 08/07/2022 - 10:48:16: SourceMod error session started
L 08/07/2022 - 10:48:16: Info (map "de_mirage") (file "/home/csgo/csgo/addons/sourcemod/logs/errors_20220807.log")
L 08/07/2022 - 10:48:16: [SM] Fatal error encountered parsing translation file "movecommands.phrases.txt"
L 08/07/2022 - 10:48:16: [SM] Error (line 0, column 0): Stream failed to open
L 08/07/2022 - 13:39:49: Error log file session closed.
L 08/07/2022 - 13:39:49: SourceMod error session started
L 08/07/2022 - 13:39:49: Info (map "de_mirage") (file "/home/csgo/csgo/addons/sourcemod/logs/errors_20220807.log")
L 08/07/2022 - 13:39:49: [SM] Fatal error encountered parsing translation file "movecommands.phrases.txt"
L 08/07/2022 - 13:39:49: [SM] Error (line 0, column 0): Stream failed to open
L 08/07/2022 - 14:13:05: Error log file session closed.
L 08/07/2022 - 14:13:05: SourceMod error session started
L 08/07/2022 - 14:13:05: Info (map "de_mirage") (file "/home/csgo/csgo/addons/sourcemod/logs/errors_20220807.log")
L 08/07/2022 - 14:13:05: [SM] Fatal error encountered parsing translation file "movecommands.phrases.txt"
L 08/07/2022 - 14:13:05: [SM] Error (line 0, column 0): Stream failed to open
L 08/07/2022 - 14:14:26: [c5_pug.smx] GOTV demo could not be recorded since tv_enable is not set to 1
L 08/07/2022 - 14:15:29: [SM] Exception reported: Array index out-of-bounds (index 64, limit 55)
L 08/07/2022 - 14:15:29: [SM] Blaming: weapon_restrict.smx
L 08/07/2022 - 14:15:29: [SM] Call stack trace:
L 08/07/2022 - 14:15:29: [SM]   [1] Line 202, restrictinc/events.sp::CS_OnBuyCommand
L 08/07/2022 - 14:15:34: [SM] Exception reported: Array index out-of-bounds (index 64, limit 55)
L 08/07/2022 - 14:15:34: [SM] Blaming: weapon_restrict.smx
L 08/07/2022 - 14:15:34: [SM] Call stack trace:
L 08/07/2022 - 14:15:34: [SM]   [1] Line 202, restrictinc/events.sp::CS_OnBuyCommand
L 08/07/2022 - 14:16:31: [SM] Exception reported: Array index out-of-bounds (index 64, limit 55)
L 08/07/2022 - 14:16:31: [SM] Blaming: weapon_restrict.smx
L 08/07/2022 - 14:16:31: [SM] Call stack trace:
L 08/07/2022 - 14:16:31: [SM]   [1] Line 202, restrictinc/events.sp::CS_OnBuyCommand
L 08/07/2022 - 14:27:52: [SM] Exception reported: Array index out-of-bounds (index 64, limit 55)
L 08/07/2022 - 14:27:52: [SM] Blaming: weapon_restrict.smx
L 08/07/2022 - 14:27:52: [SM] Call stack trace:
L 08/07/2022 - 14:27:52: [SM]   [1] Line 202, restrictinc/events.sp::CS_OnBuyCommand
L 08/07/2022 - 14:29:31: [SM] Exception reported: Array index out-of-bounds (index 64, limit 55)
L 08/07/2022 - 14:29:31: [SM] Blaming: weapon_restrict.smx
L 08/07/2022 - 14:29:31: [SM] Call stack trace:
L 08/07/2022 - 14:29:31: [SM]   [1] Line 202, restrictinc/events.sp::CS_OnBuyCommand
L 08/07/2022 - 14:43:17: Error log file session closed.
L 08/07/2022 - 14:43:17: SourceMod error session started
L 08/07/2022 - 14:43:17: Info (map "de_mirage") (file "/home/csgo/csgo/addons/sourcemod/logs/errors_20220807.log")
L 08/07/2022 - 14:43:17: [SM] Fatal error encountered parsing translation file "movecommands.phrases.txt"
L 08/07/2022 - 14:43:17: [SM] Error (line 0, column 0): Stream failed to open
L 08/07/2022 - 14:45:21: [SM] Exception reported: Array index out-of-bounds (index 64, limit 55)
L 08/07/2022 - 14:45:21: [SM] Blaming: weapon_restrict.smx
L 08/07/2022 - 14:45:21: [SM] Call stack trace:
L 08/07/2022 - 14:45:21: [SM]   [1] Line 202, restrictinc/events.sp::CS_OnBuyCommand
L 08/07/2022 - 14:48:34: Error log file session closed.
L 08/07/2022 - 14:48:34: SourceMod error session started
L 08/07/2022 - 14:48:34: Info (map "de_inferno") (file "/home/csgo/csgo/addons/sourcemod/logs/errors_20220807.log")
L 08/07/2022 - 14:48:34: [SM] Fatal error encountered parsing translation file "movecommands.phrases.txt"
L 08/07/2022 - 14:48:34: [SM] Error (line 0, column 0): Stream failed to open
L 08/07/2022 - 14:49:02: [SM] Exception reported: Array index out-of-bounds (index 64, limit 55)
L 08/07/2022 - 14:49:02: [SM] Blaming: weapon_restrict.smx
L 08/07/2022 - 14:49:02: [SM] Call stack trace:
L 08/07/2022 - 14:49:02: [SM]   [1] Line 202, restrictinc/events.sp::CS_OnBuyCommand
L 08/07/2022 - 14:49:33: [SM] Exception reported: Array index out-of-bounds (index 64, limit 55)
L 08/07/2022 - 14:49:33: [SM] Blaming: weapon_restrict.smx
L 08/07/2022 - 14:49:33: [SM] Call stack trace:
L 08/07/2022 - 14:49:33: [SM]   [1] Line 202, restrictinc/events.sp::CS_OnBuyCommand
L 08/07/2022 - 14:49:35: [c5_pug.smx] GOTV demo could not be recorded since tv_enable is not set to 1
L 08/07/2022 - 14:49:41: [SM] Exception reported: Array index out-of-bounds (index 64, limit 55)
L 08/07/2022 - 14:49:41: [SM] Blaming: weapon_restrict.smx
L 08/07/2022 - 14:49:41: [SM] Call stack trace:
L 08/07/2022 - 14:49:41: [SM]   [1] Line 202, restrictinc/events.sp::CS_OnBuyCommand
L 08/07/2022 - 14:50:34: [SM] Exception reported: Array index out-of-bounds (index 64, limit 55)
L 08/07/2022 - 14:50:34: [SM] Blaming: weapon_restrict.smx
L 08/07/2022 - 14:50:34: [SM] Call stack trace:
L 08/07/2022 - 14:50:34: [SM]   [1] Line 202, restrictinc/events.sp::CS_OnBuyCommand
L 08/07/2022 - 14:50:34: [SM] Exception reported: Array index out-of-bounds (index 64, limit 55)
L 08/07/2022 - 14:50:34: [SM] Blaming: weapon_restrict.smx
L 08/07/2022 - 14:50:34: [SM] Call stack trace:
L 08/07/2022 - 14:50:34: [SM]   [1] Line 202, restrictinc/events.sp::CS_OnBuyCommand
L 08/07/2022 - 14:50:41: [SM] Exception reported: Array index out-of-bounds (index 64, limit 55)
L 08/07/2022 - 14:50:41: [SM] Blaming: weapon_restrict.smx
L 08/07/2022 - 14:50:41: [SM] Call stack trace:
L 08/07/2022 - 14:50:41: [SM]   [1] Line 202, restrictinc/events.sp::CS_OnBuyCommand
L 08/07/2022 - 14:50:46: [SM] Exception reported: Array index out-of-bounds (index 64, limit 55)
L 08/07/2022 - 14:50:46: [SM] Blaming: weapon_restrict.smx
L 08/07/2022 - 14:50:46: [SM] Call stack trace:
L 08/07/2022 - 14:50:46: [SM]   [1] Line 202, restrictinc/events.sp::CS_OnBuyCommand
L 08/07/2022 - 14:57:06: [SM] Exception reported: Array index out-of-bounds (index 64, limit 55)
L 08/07/2022 - 14:57:06: [SM] Blaming: weapon_restrict.smx
L 08/07/2022 - 14:57:06: [SM] Call stack trace:
L 08/07/2022 - 14:57:06: [SM]   [1] Line 202, restrictinc/events.sp::CS_OnBuyCommand
L 08/07/2022 - 15:00:35: [SM] Exception reported: Array index out-of-bounds (index 64, limit 55)
L 08/07/2022 - 15:00:35: [SM] Blaming: weapon_restrict.smx
L 08/07/2022 - 15:00:35: [SM] Call stack trace:
L 08/07/2022 - 15:00:35: [SM]   [1] Line 202, restrictinc/events.sp::CS_OnBuyCommand
L 08/07/2022 - 15:00:38: [SM] Exception reported: Array index out-of-bounds (index 64, limit 55)
L 08/07/2022 - 15:00:38: [SM] Blaming: weapon_restrict.smx
L 08/07/2022 - 15:00:38: [SM] Call stack trace:
L 08/07/2022 - 15:00:38: [SM]   [1] Line 202, restrictinc/events.sp::CS_OnBuyCommand
L 08/07/2022 - 15:07:54: Error log file session closed.
L 08/07/2022 - 15:07:54: SourceMod error session started
L 08/07/2022 - 15:07:54: Info (map "de_mirage") (file "/home/csgo/csgo/addons/sourcemod/logs/errors_20220807.log")
L 08/07/2022 - 15:07:54: [SM] Fatal error encountered parsing translation file "movecommands.phrases.txt"
L 08/07/2022 - 15:07:54: [SM] Error (line 0, column 0): Stream failed to open
L 08/07/2022 - 15:37:47: Error log file session closed.
L 08/07/2022 - 15:37:47: SourceMod error session started
L 08/07/2022 - 15:37:47: Info (map "de_mirage") (file "/home/csgo/csgo/addons/sourcemod/logs/errors_20220807.log")
L 08/07/2022 - 15:37:47: [SM] Fatal error encountered parsing translation file "movecommands.phrases.txt"
L 08/07/2022 - 15:37:47: [SM] Error (line 0, column 0): Stream failed to open
L 08/07/2022 - 15:38:07: [SM] Exception reported: Array index out-of-bounds (index 64, limit 55)
L 08/07/2022 - 15:38:07: [SM] Blaming: weapon_restrict.smx
L 08/07/2022 - 15:38:07: [SM] Call stack trace:
L 08/07/2022 - 15:38:07: [SM]   [1] Line 202, restrictinc/events.sp::CS_OnBuyCommand
L 08/07/2022 - 15:38:08: [SM] Exception reported: Array index out-of-bounds (index 64, limit 55)
L 08/07/2022 - 15:38:08: [SM] Blaming: weapon_restrict.smx
L 08/07/2022 - 15:38:08: [SM] Call stack trace:
L 08/07/2022 - 15:38:08: [SM]   [1] Line 202, restrictinc/events.sp::CS_OnBuyCommand
L 08/07/2022 - 15:49:44: Error log file session closed.
L 08/07/2022 - 15:49:44: SourceMod error session started
L 08/07/2022 - 15:49:44: Info (map "de_mirage") (file "/home/csgo/csgo/addons/sourcemod/logs/errors_20220807.log")
L 08/07/2022 - 15:49:44: [SM] Fatal error encountered parsing translation file "movecommands.phrases.txt"
L 08/07/2022 - 15:49:44: [SM] Error (line 0, column 0): Stream failed to open
L 08/07/2022 - 15:53:03: [c5_pug.smx] GOTV demo could not be recorded since tv_enable is not set to 1
L 08/07/2022 - 15:53:53: [SM] Exception reported: Array index out-of-bounds (index 64, limit 55)
L 08/07/2022 - 15:53:53: [SM] Blaming: weapon_restrict.smx
L 08/07/2022 - 15:53:53: [SM] Call stack trace:
L 08/07/2022 - 15:53:53: [SM]   [1] Line 202, restrictinc/events.sp::CS_OnBuyCommand
L 08/07/2022 - 15:53:56: [SM] Exception reported: Array index out-of-bounds (index 64, limit 55)
L 08/07/2022 - 15:53:56: [SM] Blaming: weapon_restrict.smx
L 08/07/2022 - 15:53:56: [SM] Call stack trace:
L 08/07/2022 - 15:53:56: [SM]   [1] Line 202, restrictinc/events.sp::CS_OnBuyCommand
L 08/07/2022 - 16:08:53: [SM] Exception reported: Array index out-of-bounds (index 64, limit 55)
L 08/07/2022 - 16:08:53: [SM] Blaming: weapon_restrict.smx
L 08/07/2022 - 16:08:53: [SM] Call stack trace:
L 08/07/2022 - 16:08:53: [SM]   [1] Line 202, restrictinc/events.sp::CS_OnBuyCommand
L 08/07/2022 - 17:44:21: Error log file session closed.
L 08/07/2022 - 17:44:21: SourceMod error session started
L 08/07/2022 - 17:44:21: Info (map "de_mirage") (file "/home/csgo/csgo/addons/sourcemod/logs/errors_20220807.log")
L 08/07/2022 - 17:44:21: [SM] Fatal error encountered parsing translation file "movecommands.phrases.txt"
L 08/07/2022 - 17:44:21: [SM] Error (line 0, column 0): Stream failed to open
L 08/07/2022 - 17:58:53: [SM] Exception reported: Array index out-of-bounds (index 64, limit 55)
L 08/07/2022 - 17:58:53: [SM] Blaming: weapon_restrict.smx
L 08/07/2022 - 17:58:53: [SM] Call stack trace:
L 08/07/2022 - 17:58:53: [SM]   [1] Line 202, restrictinc/events.sp::CS_OnBuyCommand
L 08/07/2022 - 17:59:10: [SM] Exception reported: Array index out-of-bounds (index 64, limit 55)
L 08/07/2022 - 17:59:10: [SM] Blaming: weapon_restrict.smx
L 08/07/2022 - 17:59:10: [SM] Call stack trace:
L 08/07/2022 - 17:59:10: [SM]   [1] Line 202, restrictinc/events.sp::CS_OnBuyCommand
L 08/07/2022 - 18:04:33: Error log file session closed.
L 08/07/2022 - 18:04:33: SourceMod error session started
L 08/07/2022 - 18:04:33: Info (map "de_mirage") (file "/home/csgo/csgo/addons/sourcemod/logs/errors_20220807.log")
L 08/07/2022 - 18:04:33: [SM] Fatal error encountered parsing translation file "movecommands.phrases.txt"
L 08/07/2022 - 18:04:33: [SM] Error (line 0, column 0): Stream failed to open
L 08/07/2022 - 18:21:15: [c5_pug.smx] GOTV demo could not be recorded since tv_enable is not set to 1
L 08/07/2022 - 18:22:32: [SM] Exception reported: Array index out-of-bounds (index 64, limit 55)
L 08/07/2022 - 18:22:32: [SM] Blaming: weapon_restrict.smx
L 08/07/2022 - 18:22:32: [SM] Call stack trace:
L 08/07/2022 - 18:22:32: [SM]   [1] Line 202, restrictinc/events.sp::CS_OnBuyCommand
L 08/07/2022 - 18:35:10: [SM] Exception reported: Array index out-of-bounds (index 64, limit 55)
L 08/07/2022 - 18:35:10: [SM] Blaming: weapon_restrict.smx
L 08/07/2022 - 18:35:10: [SM] Call stack trace:
L 08/07/2022 - 18:35:10: [SM]   [1] Line 202, restrictinc/events.sp::CS_OnBuyCommand
L 08/07/2022 - 18:35:15: [SM] Exception reported: Array index out-of-bounds (index 64, limit 55)
L 08/07/2022 - 18:35:15: [SM] Blaming: weapon_restrict.smx
L 08/07/2022 - 18:35:15: [SM] Call stack trace:
L 08/07/2022 - 18:35:15: [SM]   [1] Line 202, restrictinc/events.sp::CS_OnBuyCommand
L 08/07/2022 - 18:44:05: [SM] Exception reported: Array index out-of-bounds (index 64, limit 55)
L 08/07/2022 - 18:44:05: [SM] Blaming: weapon_restrict.smx
L 08/07/2022 - 18:44:05: [SM] Call stack trace:
L 08/07/2022 - 18:44:05: [SM]   [1] Line 202, restrictinc/events.sp::CS_OnBuyCommand
L 08/07/2022 - 18:45:28: Error log file session closed.
L 08/07/2022 - 18:45:28: SourceMod error session started
L 08/07/2022 - 18:45:28: Info (map "de_mirage") (file "/home/csgo/csgo/addons/sourcemod/logs/errors_20220807.log")
L 08/07/2022 - 18:45:28: [SM] Fatal error encountered parsing translation file "movecommands.phrases.txt"
L 08/07/2022 - 18:45:28: [SM] Error (line 0, column 0): Stream failed to open
L 08/07/2022 - 18:49:30: [c5_pug.smx] Unexpected map type in MapSetup=0
L 08/07/2022 - 18:49:45: [c5_pug.smx] GOTV demo could not be recorded since tv_enable is not set to 1
L 08/07/2022 - 19:00:26: [SM] Exception reported: Array index out-of-bounds (index 64, limit 55)
L 08/07/2022 - 19:00:26: [SM] Blaming: weapon_restrict.smx
L 08/07/2022 - 19:00:26: [SM] Call stack trace:
L 08/07/2022 - 19:00:26: [SM]   [1] Line 202, restrictinc/events.sp::CS_OnBuyCommand
L 08/07/2022 - 19:07:35: [SM] Exception reported: Array index out-of-bounds (index 64, limit 55)
L 08/07/2022 - 19:07:35: [SM] Blaming: weapon_restrict.smx
L 08/07/2022 - 19:07:35: [SM] Call stack trace:
L 08/07/2022 - 19:07:35: [SM]   [1] Line 202, restrictinc/events.sp::CS_OnBuyCommand
L 08/07/2022 - 19:15:26: Error log file session closed.
L 08/07/2022 - 19:15:26: SourceMod error session started
L 08/07/2022 - 19:15:26: Info (map "de_inferno") (file "/home/csgo/csgo/addons/sourcemod/logs/errors_20220807.log")
L 08/07/2022 - 19:15:26: [SM] Fatal error encountered parsing translation file "movecommands.phrases.txt"
L 08/07/2022 - 19:15:26: [SM] Error (line 0, column 0): Stream failed to open
L 08/07/2022 - 19:16:05: [SM] Exception reported: Array index out-of-bounds (index 64, limit 55)
L 08/07/2022 - 19:16:05: [SM] Blaming: weapon_restrict.smx
L 08/07/2022 - 19:16:05: [SM] Call stack trace:
L 08/07/2022 - 19:16:05: [SM]   [1] Line 202, restrictinc/events.sp::CS_OnBuyCommand
L 08/07/2022 - 19:17:13: [c5_pug.smx] GOTV demo could not be recorded since tv_enable is not set to 1
L 08/07/2022 - 19:17:36: [SM] Exception reported: Array index out-of-bounds (index 64, limit 55)
L 08/07/2022 - 19:17:36: [SM] Blaming: weapon_restrict.smx
L 08/07/2022 - 19:17:36: [SM] Call stack trace:
L 08/07/2022 - 19:17:36: [SM]   [1] Line 202, restrictinc/events.sp::CS_OnBuyCommand
L 08/07/2022 - 19:30:27: [SM] Exception reported: Array index out-of-bounds (index 64, limit 55)
L 08/07/2022 - 19:30:27: [SM] Blaming: weapon_restrict.smx
L 08/07/2022 - 19:30:27: [SM] Call stack trace:
L 08/07/2022 - 19:30:27: [SM]   [1] Line 202, restrictinc/events.sp::CS_OnBuyCommand
L 08/07/2022 - 19:35:50: Error log file session closed.
L 08/07/2022 - 19:35:50: SourceMod error session started
L 08/07/2022 - 19:35:50: Info (map "de_mirage") (file "/home/csgo/csgo/addons/sourcemod/logs/errors_20220807.log")
L 08/07/2022 - 19:35:50: [SM] Fatal error encountered parsing translation file "movecommands.phrases.txt"
L 08/07/2022 - 19:35:50: [SM] Error (line 0, column 0): Stream failed to open
L 08/07/2022 - 19:37:27: [c5_pug.smx] GOTV demo could not be recorded since tv_enable is not set to 1
L 08/07/2022 - 19:38:15: [SM] Exception reported: Array index out-of-bounds (index 64, limit 55)
L 08/07/2022 - 19:38:15: [SM] Blaming: weapon_restrict.smx
L 08/07/2022 - 19:38:15: [SM] Call stack trace:
L 08/07/2022 - 19:38:15: [SM]   [1] Line 202, restrictinc/events.sp::CS_OnBuyCommand
L 08/07/2022 - 19:52:21: [SM] Exception reported: Array index out-of-bounds (index 64, limit 55)
L 08/07/2022 - 19:52:21: [SM] Blaming: weapon_restrict.smx
L 08/07/2022 - 19:52:21: [SM] Call stack trace:
L 08/07/2022 - 19:52:21: [SM]   [1] Line 202, restrictinc/events.sp::CS_OnBuyCommand
L 08/07/2022 - 20:04:50: Error log file session closed.
L 08/07/2022 - 20:04:50: SourceMod error session started
L 08/07/2022 - 20:04:50: Info (map "de_mirage") (file "/home/csgo/csgo/addons/sourcemod/logs/errors_20220807.log")
L 08/07/2022 - 20:04:50: [SM] Fatal error encountered parsing translation file "movecommands.phrases.txt"
L 08/07/2022 - 20:04:50: [SM] Error (line 0, column 0): Stream failed to open
L 08/07/2022 - 20:12:01: Error log file session closed.
L 08/07/2022 - 20:12:01: SourceMod error session started
L 08/07/2022 - 20:12:01: Info (map "de_mirage") (file "/home/csgo/csgo/addons/sourcemod/logs/errors_20220807.log")
L 08/07/2022 - 20:12:01: [SM] Fatal error encountered parsing translation file "movecommands.phrases.txt"
L 08/07/2022 - 20:12:01: [SM] Error (line 0, column 0): Stream failed to open
L 08/07/2022 - 20:13:36: [c5_pug.smx] GOTV demo could not be recorded since tv_enable is not set to 1
L 08/07/2022 - 20:15:00: Error log file session closed.
L 08/07/2022 - 20:15:00: SourceMod error session started
L 08/07/2022 - 20:15:00: Info (map "de_inferno") (file "/home/csgo/csgo/addons/sourcemod/logs/errors_20220807.log")
L 08/07/2022 - 20:15:00: [SM] Fatal error encountered parsing translation file "movecommands.phrases.txt"
L 08/07/2022 - 20:15:00: [SM] Error (line 0, column 0): Stream failed to open
L 08/07/2022 - 20:16:06: Error log file session closed.
L 08/07/2022 - 20:16:06: SourceMod error session started
L 08/07/2022 - 20:16:06: Info (map "de_inferno") (file "/home/csgo/csgo/addons/sourcemod/logs/errors_20220807.log")
L 08/07/2022 - 20:16:06: [SM] Fatal error encountered parsing translation file "movecommands.phrases.txt"
L 08/07/2022 - 20:16:06: [SM] Error (line 0, column 0): Stream failed to open
L 08/07/2022 - 20:17:00: [c5_pug.smx] GOTV demo could not be recorded since tv_enable is not set to 1
L 08/07/2022 - 20:17:47: [SM] Exception reported: Array index out-of-bounds (index 64, limit 55)
L 08/07/2022 - 20:17:47: [SM] Blaming: weapon_restrict.smx
L 08/07/2022 - 20:17:47: [SM] Call stack trace:
L 08/07/2022 - 20:17:47: [SM]   [1] Line 202, restrictinc/events.sp::CS_OnBuyCommand
L 08/07/2022 - 20:17:49: [SM] Exception reported: Array index out-of-bounds (index 64, limit 55)
L 08/07/2022 - 20:17:49: [SM] Blaming: weapon_restrict.smx
L 08/07/2022 - 20:17:49: [SM] Call stack trace:
L 08/07/2022 - 20:17:49: [SM]   [1] Line 202, restrictinc/events.sp::CS_OnBuyCommand
L 08/07/2022 - 20:17:55: [SM] Exception reported: Array index out-of-bounds (index 64, limit 55)
L 08/07/2022 - 20:17:55: [SM] Blaming: weapon_restrict.smx
L 08/07/2022 - 20:17:55: [SM] Call stack trace:
L 08/07/2022 - 20:17:55: [SM]   [1] Line 202, restrictinc/events.sp::CS_OnBuyCommand
L 08/07/2022 - 20:37:26: [SM] Exception reported: Array index out-of-bounds (index 64, limit 55)
L 08/07/2022 - 20:37:26: [SM] Blaming: weapon_restrict.smx
L 08/07/2022 - 20:37:26: [SM] Call stack trace:
L 08/07/2022 - 20:37:26: [SM]   [1] Line 202, restrictinc/events.sp::CS_OnBuyCommand
L 08/07/2022 - 20:47:32: [SM] Exception reported: Array index out-of-bounds (index 64, limit 55)
L 08/07/2022 - 20:47:32: [SM] Blaming: weapon_restrict.smx
L 08/07/2022 - 20:47:32: [SM] Call stack trace:
L 08/07/2022 - 20:47:32: [SM]   [1] Line 202, restrictinc/events.sp::CS_OnBuyCommand
L 08/07/2022 - 20:51:13: [SM] Exception reported: Array index out-of-bounds (index 64, limit 55)
L 08/07/2022 - 20:51:13: [SM] Blaming: weapon_restrict.smx
L 08/07/2022 - 20:51:13: [SM] Call stack trace:
L 08/07/2022 - 20:51:13: [SM]   [1] Line 202, restrictinc/events.sp::CS_OnBuyCommand
L 08/07/2022 - 20:56:54: Error log file session closed.
L 08/07/2022 - 20:56:54: SourceMod error session started
L 08/07/2022 - 20:56:54: Info (map "de_mirage") (file "/home/csgo/csgo/addons/sourcemod/logs/errors_20220807.log")
L 08/07/2022 - 20:56:54: [SM] Fatal error encountered parsing translation file "movecommands.phrases.txt"
L 08/07/2022 - 20:56:54: [SM] Error (line 0, column 0): Stream failed to open
L 08/07/2022 - 20:57:44: Error log file session closed.
L 08/07/2022 - 20:57:44: SourceMod error session started
L 08/07/2022 - 20:57:44: Info (map "de_vertigo") (file "/home/csgo/csgo/addons/sourcemod/logs/errors_20220807.log")
L 08/07/2022 - 20:57:44: [SM] Fatal error encountered parsing translation file "movecommands.phrases.txt"
L 08/07/2022 - 20:57:44: [SM] Error (line 0, column 0): Stream failed to open
L 08/07/2022 - 21:06:05: Error log file session closed.
L 08/07/2022 - 21:06:05: SourceMod error session started
L 08/07/2022 - 21:06:05: Info (map "de_nuke") (file "/home/csgo/csgo/addons/sourcemod/logs/errors_20220807.log")
L 08/07/2022 - 21:06:05: [SM] Fatal error encountered parsing translation file "movecommands.phrases.txt"
L 08/07/2022 - 21:06:05: [SM] Error (line 0, column 0): Stream failed to open
L 08/07/2022 - 21:06:41: Error log file session closed.
L 08/07/2022 - 21:06:41: SourceMod error session started
L 08/07/2022 - 21:06:41: Info (map "de_vertigo") (file "/home/csgo/csgo/addons/sourcemod/logs/errors_20220807.log")
L 08/07/2022 - 21:06:41: [SM] Fatal error encountered parsing translation file "movecommands.phrases.txt"
L 08/07/2022 - 21:06:41: [SM] Error (line 0, column 0): Stream failed to open
L 08/07/2022 - 21:07:55: [c5_pug.smx] GOTV demo could not be recorded since tv_enable is not set to 1
L 08/07/2022 - 21:08:56: [SM] Exception reported: Array index out-of-bounds (index 64, limit 55)
L 08/07/2022 - 21:08:56: [SM] Blaming: weapon_restrict.smx
L 08/07/2022 - 21:08:56: [SM] Call stack trace:
L 08/07/2022 - 21:08:56: [SM]   [1] Line 202, restrictinc/events.sp::CS_OnBuyCommand
L 08/07/2022 - 21:08:59: [SM] Exception reported: Array index out-of-bounds (index 64, limit 55)
L 08/07/2022 - 21:08:59: [SM] Blaming: weapon_restrict.smx
L 08/07/2022 - 21:08:59: [SM] Call stack trace:
L 08/07/2022 - 21:08:59: [SM]   [1] Line 202, restrictinc/events.sp::CS_OnBuyCommand
L 08/07/2022 - 21:09:43: [SM] Exception reported: Array index out-of-bounds (index 64, limit 55)
L 08/07/2022 - 21:09:43: [SM] Blaming: weapon_restrict.smx
L 08/07/2022 - 21:09:43: [SM] Call stack trace:
L 08/07/2022 - 21:09:43: [SM]   [1] Line 202, restrictinc/events.sp::CS_OnBuyCommand
L 08/07/2022 - 21:44:20: Error log file session closed.
L 08/07/2022 - 21:44:20: SourceMod error session started
L 08/07/2022 - 21:44:20: Info (map "de_mirage") (file "/home/csgo/csgo/addons/sourcemod/logs/errors_20220807.log")
L 08/07/2022 - 21:44:20: [SM] Fatal error encountered parsing translation file "movecommands.phrases.txt"
L 08/07/2022 - 21:44:20: [SM] Error (line 0, column 0): Stream failed to open
L 08/07/2022 - 21:45:10: [SM] Exception reported: Array index out-of-bounds (index 64, limit 55)
L 08/07/2022 - 21:45:10: [SM] Blaming: weapon_restrict.smx
L 08/07/2022 - 21:45:10: [SM] Call stack trace:
L 08/07/2022 - 21:45:10: [SM]   [1] Line 202, restrictinc/events.sp::CS_OnBuyCommand
L 08/07/2022 - 21:50:03: [c5_pug.smx] GOTV demo could not be recorded since tv_enable is not set to 1
L 08/07/2022 - 21:50:46: [SM] Exception reported: Array index out-of-bounds (index 64, limit 55)
L 08/07/2022 - 21:50:46: [SM] Blaming: weapon_restrict.smx
L 08/07/2022 - 21:50:46: [SM] Call stack trace:
L 08/07/2022 - 21:50:46: [SM]   [1] Line 202, restrictinc/events.sp::CS_OnBuyCommand
L 08/07/2022 - 22:00:27: [SM] Exception reported: Array index out-of-bounds (index 64, limit 55)
L 08/07/2022 - 22:00:27: [SM] Blaming: weapon_restrict.smx
L 08/07/2022 - 22:00:27: [SM] Call stack trace:
L 08/07/2022 - 22:00:27: [SM]   [1] Line 202, restrictinc/events.sp::CS_OnBuyCommand
L 08/07/2022 - 22:04:27: [SM] Exception reported: Array index out-of-bounds (index 64, limit 55)
L 08/07/2022 - 22:04:27: [SM] Blaming: weapon_restrict.smx
L 08/07/2022 - 22:04:27: [SM] Call stack trace:
L 08/07/2022 - 22:04:27: [SM]   [1] Line 202, restrictinc/events.sp::CS_OnBuyCommand
L 08/07/2022 - 22:23:59: [c5_pug.smx] GOTV demo could not be recorded since tv_enable is not set to 1
L 08/07/2022 - 22:24:50: [SM] Exception reported: Array index out-of-bounds (index 64, limit 55)
L 08/07/2022 - 22:24:50: [SM] Blaming: weapon_restrict.smx
L 08/07/2022 - 22:24:50: [SM] Call stack trace:
L 08/07/2022 - 22:24:50: [SM]   [1] Line 202, restrictinc/events.sp::CS_OnBuyCommand
L 08/07/2022 - 22:25:00: [SM] Exception reported: Array index out-of-bounds (index 64, limit 55)
L 08/07/2022 - 22:25:00: [SM] Blaming: weapon_restrict.smx
L 08/07/2022 - 22:25:00: [SM] Call stack trace:
L 08/07/2022 - 22:25:00: [SM]   [1] Line 202, restrictinc/events.sp::CS_OnBuyCommand
L 08/07/2022 - 22:41:52: [SM] Exception reported: Array index out-of-bounds (index 64, limit 55)
L 08/07/2022 - 22:41:52: [SM] Blaming: weapon_restrict.smx
L 08/07/2022 - 22:41:52: [SM] Call stack trace:
L 08/07/2022 - 22:41:52: [SM]   [1] Line 202, restrictinc/events.sp::CS_OnBuyCommand
L 08/07/2022 - 22:41:53: [SM] Exception reported: Array index out-of-bounds (index 64, limit 55)
L 08/07/2022 - 22:41:53: [SM] Blaming: weapon_restrict.smx
L 08/07/2022 - 22:41:53: [SM] Call stack trace:
L 08/07/2022 - 22:41:53: [SM]   [1] Line 202, restrictinc/events.sp::CS_OnBuyCommand
L 08/07/2022 - 22:48:38: [SM] Exception reported: Array index out-of-bounds (index 64, limit 55)
L 08/07/2022 - 22:48:38: [SM] Blaming: weapon_restrict.smx
L 08/07/2022 - 22:48:38: [SM] Call stack trace:
L 08/07/2022 - 22:48:38: [SM]   [1] Line 202, restrictinc/events.sp::CS_OnBuyCommand
L 08/07/2022 - 22:50:26: [SM] Exception reported: Array index out-of-bounds (index 64, limit 55)
L 08/07/2022 - 22:50:26: [SM] Blaming: weapon_restrict.smx
L 08/07/2022 - 22:50:26: [SM] Call stack trace:
L 08/07/2022 - 22:50:26: [SM]   [1] Line 202, restrictinc/events.sp::CS_OnBuyCommand
L 08/07/2022 - 22:56:24: [SM] Exception reported: Array index out-of-bounds (index 64, limit 55)
L 08/07/2022 - 22:56:24: [SM] Blaming: weapon_restrict.smx
L 08/07/2022 - 22:56:24: [SM] Call stack trace:
L 08/07/2022 - 22:56:24: [SM]   [1] Line 202, restrictinc/events.sp::CS_OnBuyCommand
L 08/07/2022 - 23:43:07: Error log file session closed.
L 08/07/2022 - 23:43:07: SourceMod error session started
L 08/07/2022 - 23:43:07: Info (map "de_mirage") (file "/home/csgo/csgo/addons/sourcemod/logs/errors_20220807.log")
L 08/07/2022 - 23:43:07: [SM] Fatal error encountered parsing translation file "movecommands.phrases.txt"
L 08/07/2022 - 23:43:07: [SM] Error (line 0, column 0): Stream failed to open
L 08/07/2022 - 23:57:52: Error log file session closed.
L 08/07/2022 - 23:57:52: SourceMod error session started
L 08/07/2022 - 23:57:52: Info (map "de_mirage") (file "/home/csgo/csgo/addons/sourcemod/logs/errors_20220807.log")
L 08/07/2022 - 23:57:52: [SM] Fatal error encountered parsing translation file "movecommands.phrases.txt"
L 08/07/2022 - 23:57:52: [SM] Error (line 0, column 0): Stream failed to open
L 08/07/2022 - 23:58:12: [SM] Exception reported: Array index out-of-bounds (index 64, limit 55)
L 08/07/2022 - 23:58:12: [SM] Blaming: weapon_restrict.smx
L 08/07/2022 - 23:58:12: [SM] Call stack trace:
L 08/07/2022 - 23:58:12: [SM]   [1] Line 202, restrictinc/events.sp::CS_OnBuyCommand
L 08/07/2022 - 23:58:12: [SM] Exception reported: Array index out-of-bounds (index 64, limit 55)
L 08/07/2022 - 23:58:12: [SM] Blaming: weapon_restrict.smx
L 08/07/2022 - 23:58:12: [SM] Call stack trace:
L 08/07/2022 - 23:58:12: [SM]   [1] Line 202, restrictinc/events.sp::CS_OnBuyCommand
L 08/07/2022 - 23:58:13: [SM] Exception reported: Array index out-of-bounds (index 64, limit 55)
L 08/07/2022 - 23:58:13: [SM] Blaming: weapon_restrict.smx
L 08/07/2022 - 23:58:13: [SM] Call stack trace:
L 08/07/2022 - 23:58:13: [SM]   [1] Line 202, restrictinc/events.sp::CS_OnBuyCommand
L 08/07/2022 - 23:58:13: [SM] Exception reported: Array index out-of-bounds (index 64, limit 55)
L 08/07/2022 - 23:58:13: [SM] Blaming: weapon_restrict.smx
L 08/07/2022 - 23:58:13: [SM] Call stack trace:
L 08/07/2022 - 23:58:13: [SM]   [1] Line 202, restrictinc/events.sp::CS_OnBuyCommand
L 08/07/2022 - 23:58:15: [SM] Exception reported: Array index out-of-bounds (index 64, limit 55)
L 08/07/2022 - 23:58:15: [SM] Blaming: weapon_restrict.smx
L 08/07/2022 - 23:58:15: [SM] Call stack trace:
L 08/07/2022 - 23:58:15: [SM]   [1] Line 202, restrictinc/events.sp::CS_OnBuyCommand
L 08/07/2022 - 23:58:16: [SM] Exception reported: Array index out-of-bounds (index 64, limit 55)
L 08/07/2022 - 23:58:16: [SM] Blaming: weapon_restrict.smx
L 08/07/2022 - 23:58:16: [SM] Call stack trace:
L 08/07/2022 - 23:58:16: [SM]   [1] Line 202, restrictinc/events.sp::CS_OnBuyCommand
L 08/07/2022 - 23:59:32: Error log file session closed.
L 08/07/2022 - 23:59:32: SourceMod error session started
L 08/07/2022 - 23:59:32: Info (map "de_mirage") (file "/home/csgo/csgo/addons/sourcemod/logs/errors_20220807.log")
L 08/07/2022 - 23:59:32: [SM] Fatal error encountered parsing translation file "movecommands.phrases.txt"
L 08/07/2022 - 23:59:32: [SM] Error (line 0, column 0): Stream failed to open
L 08/07/2022 - 23:59:42: [SM] Exception reported: Array index out-of-bounds (index 64, limit 55)
L 08/07/2022 - 23:59:42: [SM] Blaming: weapon_restrict.smx
L 08/07/2022 - 23:59:42: [SM] Call stack trace:
L 08/07/2022 - 23:59:42: [SM]   [1] Line 202, restrictinc/events.sp::CS_OnBuyCommand
L 08/07/2022 - 23:59:42: [SM] Exception reported: Array index out-of-bounds (index 64, limit 55)
L 08/07/2022 - 23:59:42: [SM] Blaming: weapon_restrict.smx
L 08/07/2022 - 23:59:42: [SM] Call stack trace:
L 08/07/2022 - 23:59:42: [SM]   [1] Line 202, restrictinc/events.sp::CS_OnBuyCommand
L 08/07/2022 - 23:59:43: [SM] Exception reported: Array index out-of-bounds (index 64, limit 55)
L 08/07/2022 - 23:59:43: [SM] Blaming: weapon_restrict.smx
L 08/07/2022 - 23:59:43: [SM] Call stack trace:
L 08/07/2022 - 23:59:43: [SM]   [1] Line 202, restrictinc/events.sp::CS_OnBuyCommand
L 08/07/2022 - 23:59:43: [SM] Exception reported: Array index out-of-bounds (index 64, limit 55)
L 08/07/2022 - 23:59:43: [SM] Blaming: weapon_restrict.smx
L 08/07/2022 - 23:59:43: [SM] Call stack trace:
L 08/07/2022 - 23:59:43: [SM]   [1] Line 202, restrictinc/events.sp::CS_OnBuyCommand
L 08/07/2022 - 23:59:45: [SM] Exception reported: Array index out-of-bounds (index 64, limit 55)
L 08/07/2022 - 23:59:45: [SM] Blaming: weapon_restrict.smx
L 08/07/2022 - 23:59:45: [SM] Call stack trace:
L 08/07/2022 - 23:59:45: [SM]   [1] Line 202, restrictinc/events.sp::CS_OnBuyCommand
L 08/07/2022 - 23:59:45: [SM] Exception reported: Array index out-of-bounds (index 64, limit 55)
L 08/07/2022 - 23:59:45: [SM] Blaming: weapon_restrict.smx
L 08/07/2022 - 23:59:45: [SM] Call stack trace:
L 08/07/2022 - 23:59:45: [SM]   [1] Line 202, restrictinc/events.sp::CS_OnBuyCommand
L 08/08/2022 - 00:00:37: Error log file session closed.
