L 10/04/2022 - 07:12:19: SourceMod error session started
L 10/04/2022 - 07:12:19: Info (map "de_mirage") (file "/badfupo/server1/csgo/addons/sourcemod/logs/errors_20221004.log")
L 10/04/2022 - 07:12:19: [SM] Exception reported: Array index out-of-bounds (index 63, limit 55)
L 10/04/2022 - 07:12:19: [SM] Blaming: weapon_restrict.smx
L 10/04/2022 - 07:12:19: [SM] Call stack trace:
L 10/04/2022 - 07:12:19: [SM]   [1] Line 202, restrictinc/events.sp::CS_OnBuyCommand
L 10/04/2022 - 07:14:08: [SM] Exception reported: Array index out-of-bounds (index 64, limit 55)
L 10/04/2022 - 07:14:08: [SM] Blaming: weapon_restrict.smx
L 10/04/2022 - 07:14:08: [SM] Call stack trace:
L 10/04/2022 - 07:14:08: [SM]   [1] Line 202, restrictinc/events.sp::CS_OnBuyCommand
L 10/04/2022 - 07:14:38: [SM] Exception reported: Array index out-of-bounds (index 64, limit 55)
L 10/04/2022 - 07:14:38: [SM] Blaming: weapon_restrict.smx
L 10/04/2022 - 07:14:38: [SM] Call stack trace:
L 10/04/2022 - 07:14:38: [SM]   [1] Line 202, restrictinc/events.sp::CS_OnBuyCommand
L 10/04/2022 - 07:14:39: [SM] Exception reported: Array index out-of-bounds (index 64, limit 55)
L 10/04/2022 - 07:14:39: [SM] Blaming: weapon_restrict.smx
L 10/04/2022 - 07:14:39: [SM] Call stack trace:
L 10/04/2022 - 07:14:39: [SM]   [1] Line 202, restrictinc/events.sp::CS_OnBuyCommand
L 10/04/2022 - 07:14:58: [SM] Exception reported: Array index out-of-bounds (index 64, limit 55)
L 10/04/2022 - 07:14:58: [SM] Blaming: weapon_restrict.smx
L 10/04/2022 - 07:14:58: [SM] Call stack trace:
L 10/04/2022 - 07:14:58: [SM]   [1] Line 202, restrictinc/events.sp::CS_OnBuyCommand
L 10/04/2022 - 07:15:43: [SM] Exception reported: Array index out-of-bounds (index 64, limit 55)
L 10/04/2022 - 07:15:43: [SM] Blaming: weapon_restrict.smx
L 10/04/2022 - 07:15:43: [SM] Call stack trace:
L 10/04/2022 - 07:15:43: [SM]   [1] Line 202, restrictinc/events.sp::CS_OnBuyCommand
L 10/04/2022 - 07:16:23: [SM] Exception reported: Array index out-of-bounds (index 64, limit 55)
L 10/04/2022 - 07:16:23: [SM] Blaming: weapon_restrict.smx
L 10/04/2022 - 07:16:23: [SM] Call stack trace:
L 10/04/2022 - 07:16:23: [SM]   [1] Line 202, restrictinc/events.sp::CS_OnBuyCommand
L 10/04/2022 - 07:16:28: [SM] Exception reported: Array index out-of-bounds (index 64, limit 55)
L 10/04/2022 - 07:16:28: [SM] Blaming: weapon_restrict.smx
L 10/04/2022 - 07:16:28: [SM] Call stack trace:
L 10/04/2022 - 07:16:28: [SM]   [1] Line 202, restrictinc/events.sp::CS_OnBuyCommand
L 10/04/2022 - 07:16:59: [SM] Exception reported: Array index out-of-bounds (index 64, limit 55)
L 10/04/2022 - 07:16:59: [SM] Blaming: weapon_restrict.smx
L 10/04/2022 - 07:16:59: [SM] Call stack trace:
L 10/04/2022 - 07:16:59: [SM]   [1] Line 202, restrictinc/events.sp::CS_OnBuyCommand
L 10/04/2022 - 07:17:50: [SM] Exception reported: Array index out-of-bounds (index 64, limit 55)
L 10/04/2022 - 07:17:50: [SM] Blaming: weapon_restrict.smx
L 10/04/2022 - 07:17:50: [SM] Call stack trace:
L 10/04/2022 - 07:17:50: [SM]   [1] Line 202, restrictinc/events.sp::CS_OnBuyCommand
L 10/04/2022 - 07:18:23: [SM] Exception reported: Array index out-of-bounds (index 64, limit 55)
L 10/04/2022 - 07:18:23: [SM] Blaming: weapon_restrict.smx
L 10/04/2022 - 07:18:23: [SM] Call stack trace:
L 10/04/2022 - 07:18:23: [SM]   [1] Line 202, restrictinc/events.sp::CS_OnBuyCommand
L 10/04/2022 - 07:18:47: [SM] Exception reported: Array index out-of-bounds (index 64, limit 55)
L 10/04/2022 - 07:18:47: [SM] Blaming: weapon_restrict.smx
L 10/04/2022 - 07:18:47: [SM] Call stack trace:
L 10/04/2022 - 07:18:47: [SM]   [1] Line 202, restrictinc/events.sp::CS_OnBuyCommand
L 10/04/2022 - 07:19:08: [SM] Exception reported: Array index out-of-bounds (index 64, limit 55)
L 10/04/2022 - 07:19:08: [SM] Blaming: weapon_restrict.smx
L 10/04/2022 - 07:19:08: [SM] Call stack trace:
L 10/04/2022 - 07:19:08: [SM]   [1] Line 202, restrictinc/events.sp::CS_OnBuyCommand
L 10/04/2022 - 07:19:13: [SM] Exception reported: Array index out-of-bounds (index 64, limit 55)
L 10/04/2022 - 07:19:13: [SM] Blaming: weapon_restrict.smx
L 10/04/2022 - 07:19:13: [SM] Call stack trace:
L 10/04/2022 - 07:19:13: [SM]   [1] Line 202, restrictinc/events.sp::CS_OnBuyCommand
L 10/04/2022 - 07:19:13: [SM] Exception reported: Array index out-of-bounds (index 64, limit 55)
L 10/04/2022 - 07:19:13: [SM] Blaming: weapon_restrict.smx
L 10/04/2022 - 07:19:13: [SM] Call stack trace:
L 10/04/2022 - 07:19:13: [SM]   [1] Line 202, restrictinc/events.sp::CS_OnBuyCommand
L 10/04/2022 - 07:19:13: [SM] Exception reported: Array index out-of-bounds (index 64, limit 55)
L 10/04/2022 - 07:19:13: [SM] Blaming: weapon_restrict.smx
L 10/04/2022 - 07:19:13: [SM] Call stack trace:
L 10/04/2022 - 07:19:13: [SM]   [1] Line 202, restrictinc/events.sp::CS_OnBuyCommand
L 10/04/2022 - 07:19:25: [SM] Exception reported: Array index out-of-bounds (index 64, limit 55)
L 10/04/2022 - 07:19:25: [SM] Blaming: weapon_restrict.smx
L 10/04/2022 - 07:19:25: [SM] Call stack trace:
L 10/04/2022 - 07:19:25: [SM]   [1] Line 202, restrictinc/events.sp::CS_OnBuyCommand
L 10/04/2022 - 07:19:38: [SM] Exception reported: Array index out-of-bounds (index 64, limit 55)
L 10/04/2022 - 07:19:38: [SM] Blaming: weapon_restrict.smx
L 10/04/2022 - 07:19:38: [SM] Call stack trace:
L 10/04/2022 - 07:19:38: [SM]   [1] Line 202, restrictinc/events.sp::CS_OnBuyCommand
L 10/04/2022 - 07:19:52: [SM] Exception reported: Array index out-of-bounds (index 64, limit 55)
L 10/04/2022 - 07:19:52: [SM] Blaming: weapon_restrict.smx
L 10/04/2022 - 07:19:52: [SM] Call stack trace:
L 10/04/2022 - 07:19:52: [SM]   [1] Line 202, restrictinc/events.sp::CS_OnBuyCommand
L 10/04/2022 - 07:20:01: [SM] Exception reported: Array index out-of-bounds (index 64, limit 55)
L 10/04/2022 - 07:20:01: [SM] Blaming: weapon_restrict.smx
L 10/04/2022 - 07:20:01: [SM] Call stack trace:
L 10/04/2022 - 07:20:01: [SM]   [1] Line 202, restrictinc/events.sp::CS_OnBuyCommand
L 10/04/2022 - 07:20:12: [SM] Exception reported: Array index out-of-bounds (index 64, limit 55)
L 10/04/2022 - 07:20:12: [SM] Blaming: weapon_restrict.smx
L 10/04/2022 - 07:20:12: [SM] Call stack trace:
L 10/04/2022 - 07:20:12: [SM]   [1] Line 202, restrictinc/events.sp::CS_OnBuyCommand
L 10/04/2022 - 07:20:23: [SM] Exception reported: Array index out-of-bounds (index 64, limit 55)
L 10/04/2022 - 07:20:23: [SM] Blaming: weapon_restrict.smx
L 10/04/2022 - 07:20:23: [SM] Call stack trace:
L 10/04/2022 - 07:20:23: [SM]   [1] Line 202, restrictinc/events.sp::CS_OnBuyCommand
L 10/04/2022 - 07:20:44: [SM] Exception reported: Array index out-of-bounds (index 64, limit 55)
L 10/04/2022 - 07:20:44: [SM] Blaming: weapon_restrict.smx
L 10/04/2022 - 07:20:44: [SM] Call stack trace:
L 10/04/2022 - 07:20:44: [SM]   [1] Line 202, restrictinc/events.sp::CS_OnBuyCommand
L 10/04/2022 - 07:20:57: [SM] Exception reported: Array index out-of-bounds (index 64, limit 55)
L 10/04/2022 - 07:20:57: [SM] Blaming: weapon_restrict.smx
L 10/04/2022 - 07:20:57: [SM] Call stack trace:
L 10/04/2022 - 07:20:57: [SM]   [1] Line 202, restrictinc/events.sp::CS_OnBuyCommand
L 10/04/2022 - 07:21:14: [SM] Exception reported: Array index out-of-bounds (index 64, limit 55)
L 10/04/2022 - 07:21:14: [SM] Blaming: weapon_restrict.smx
L 10/04/2022 - 07:21:14: [SM] Call stack trace:
L 10/04/2022 - 07:21:14: [SM]   [1] Line 202, restrictinc/events.sp::CS_OnBuyCommand
L 10/04/2022 - 07:21:20: [SM] Exception reported: Array index out-of-bounds (index 64, limit 55)
L 10/04/2022 - 07:21:20: [SM] Blaming: weapon_restrict.smx
L 10/04/2022 - 07:21:20: [SM] Call stack trace:
L 10/04/2022 - 07:21:20: [SM]   [1] Line 202, restrictinc/events.sp::CS_OnBuyCommand
L 10/04/2022 - 07:25:42: Error log file session closed.
L 10/04/2022 - 08:05:36: SourceMod error session started
L 10/04/2022 - 08:05:36: Info (map "de_mirage") (file "/badfupo/server1/csgo/addons/sourcemod/logs/errors_20221004.log")
L 10/04/2022 - 08:05:36: [warmod.smx] Plug-in tEasyFTP.smx required to auto upload demos
L 10/04/2022 - 08:06:01: Error log file session closed.
L 10/04/2022 - 08:35:05: SourceMod error session started
L 10/04/2022 - 08:35:05: Info (map "de_inferno") (file "/badfupo/server1/csgo/addons/sourcemod/logs/errors_20221004.log")
L 10/04/2022 - 08:35:05: [SM] Exception reported: Array index out-of-bounds (index 64, limit 55)
L 10/04/2022 - 08:35:05: [SM] Blaming: weapon_restrict.smx
L 10/04/2022 - 08:35:05: [SM] Call stack trace:
L 10/04/2022 - 08:35:05: [SM]   [1] Line 202, restrictinc/events.sp::CS_OnBuyCommand
L 10/04/2022 - 08:36:19: [SM] Exception reported: Array index out-of-bounds (index 64, limit 55)
L 10/04/2022 - 08:36:19: [SM] Blaming: weapon_restrict.smx
L 10/04/2022 - 08:36:19: [SM] Call stack trace:
L 10/04/2022 - 08:36:19: [SM]   [1] Line 202, restrictinc/events.sp::CS_OnBuyCommand
L 10/04/2022 - 08:36:37: [SM] Exception reported: Array index out-of-bounds (index 64, limit 55)
L 10/04/2022 - 08:36:37: [SM] Blaming: weapon_restrict.smx
L 10/04/2022 - 08:36:37: [SM] Call stack trace:
L 10/04/2022 - 08:36:37: [SM]   [1] Line 202, restrictinc/events.sp::CS_OnBuyCommand
L 10/04/2022 - 08:36:45: [SM] Exception reported: Array index out-of-bounds (index 64, limit 55)
L 10/04/2022 - 08:36:45: [SM] Blaming: weapon_restrict.smx
L 10/04/2022 - 08:36:45: [SM] Call stack trace:
L 10/04/2022 - 08:36:45: [SM]   [1] Line 202, restrictinc/events.sp::CS_OnBuyCommand
L 10/04/2022 - 08:37:08: [SM] Exception reported: Array index out-of-bounds (index 64, limit 55)
L 10/04/2022 - 08:37:08: [SM] Blaming: weapon_restrict.smx
L 10/04/2022 - 08:37:08: [SM] Call stack trace:
L 10/04/2022 - 08:37:08: [SM]   [1] Line 202, restrictinc/events.sp::CS_OnBuyCommand
L 10/04/2022 - 08:37:19: [SM] Exception reported: Array index out-of-bounds (index 64, limit 55)
L 10/04/2022 - 08:37:19: [SM] Blaming: weapon_restrict.smx
L 10/04/2022 - 08:37:19: [SM] Call stack trace:
L 10/04/2022 - 08:37:19: [SM]   [1] Line 202, restrictinc/events.sp::CS_OnBuyCommand
L 10/04/2022 - 08:38:34: [SM] Exception reported: Array index out-of-bounds (index 64, limit 55)
L 10/04/2022 - 08:38:34: [SM] Blaming: weapon_restrict.smx
L 10/04/2022 - 08:38:34: [SM] Call stack trace:
L 10/04/2022 - 08:38:34: [SM]   [1] Line 202, restrictinc/events.sp::CS_OnBuyCommand
L 10/04/2022 - 08:38:37: [SM] Exception reported: Array index out-of-bounds (index 64, limit 55)
L 10/04/2022 - 08:38:37: [SM] Blaming: weapon_restrict.smx
L 10/04/2022 - 08:38:37: [SM] Call stack trace:
L 10/04/2022 - 08:38:37: [SM]   [1] Line 202, restrictinc/events.sp::CS_OnBuyCommand
L 10/04/2022 - 08:38:59: [SM] Exception reported: Array index out-of-bounds (index 64, limit 55)
L 10/04/2022 - 08:38:59: [SM] Blaming: weapon_restrict.smx
L 10/04/2022 - 08:38:59: [SM] Call stack trace:
L 10/04/2022 - 08:38:59: [SM]   [1] Line 202, restrictinc/events.sp::CS_OnBuyCommand
L 10/04/2022 - 08:50:20: [warmod.smx] Plug-in tEasyFTP.smx required to auto upload demos
L 10/04/2022 - 08:50:45: Error log file session closed.
L 10/04/2022 - 08:52:43: SourceMod error session started
L 10/04/2022 - 08:52:43: Info (map "de_mirage") (file "/badfupo/server1/csgo/addons/sourcemod/logs/errors_20221004.log")
L 10/04/2022 - 08:52:43: [SM] Exception reported: Array index out-of-bounds (index 64, limit 55)
L 10/04/2022 - 08:52:43: [SM] Blaming: weapon_restrict.smx
L 10/04/2022 - 08:52:43: [SM] Call stack trace:
L 10/04/2022 - 08:52:43: [SM]   [1] Line 202, restrictinc/events.sp::CS_OnBuyCommand
L 10/04/2022 - 09:11:13: [warmod.smx] Plug-in tEasyFTP.smx required to auto upload demos
L 10/04/2022 - 09:11:42: Error log file session closed.
L 10/04/2022 - 11:40:54: SourceMod error session started
L 10/04/2022 - 11:40:54: Info (map "de_dust2") (file "/badfupo/server1/csgo/addons/sourcemod/logs/errors_20221004.log")
L 10/04/2022 - 11:40:54: [SM] Exception reported: Array index out-of-bounds (index 63, limit 55)
L 10/04/2022 - 11:40:54: [SM] Blaming: weapon_restrict.smx
L 10/04/2022 - 11:40:54: [SM] Call stack trace:
L 10/04/2022 - 11:40:54: [SM]   [1] Line 202, restrictinc/events.sp::CS_OnBuyCommand
L 10/04/2022 - 11:54:24: [warmod.smx] Plug-in tEasyFTP.smx required to auto upload demos
L 10/04/2022 - 11:54:49: Error log file session closed.
L 10/04/2022 - 12:04:28: SourceMod error session started
L 10/04/2022 - 12:04:28: Info (map "de_mirage") (file "/badfupo/server1/csgo/addons/sourcemod/logs/errors_20221004.log")
L 10/04/2022 - 12:04:28: [warmod.smx] Plug-in tEasyFTP.smx required to auto upload demos
L 10/04/2022 - 12:16:29: [warmod.smx] Plug-in tEasyFTP.smx required to auto upload demos
L 10/04/2022 - 12:16:58: Error log file session closed.
L 10/04/2022 - 12:26:58: SourceMod error session started
L 10/04/2022 - 12:26:58: Info (map "de_train") (file "/badfupo/server1/csgo/addons/sourcemod/logs/errors_20221004.log")
L 10/04/2022 - 12:26:58: [warmod.smx] Plug-in tEasyFTP.smx required to auto upload demos
L 10/04/2022 - 12:27:24: Error log file session closed.
L 10/04/2022 - 12:38:26: SourceMod error session started
L 10/04/2022 - 12:38:26: Info (map "de_inferno") (file "/badfupo/server1/csgo/addons/sourcemod/logs/errors_20221004.log")
L 10/04/2022 - 12:38:26: [warmod.smx] Plug-in tEasyFTP.smx required to auto upload demos
L 10/04/2022 - 12:38:54: Error log file session closed.
L 10/04/2022 - 15:17:07: SourceMod error session started
L 10/04/2022 - 15:17:07: Info (map "de_dust2") (file "/badfupo/server1/csgo/addons/sourcemod/logs/errors_20221004.log")
L 10/04/2022 - 15:17:07: [SM] Exception reported: Array index out-of-bounds (index 64, limit 55)
L 10/04/2022 - 15:17:07: [SM] Blaming: weapon_restrict.smx
L 10/04/2022 - 15:17:07: [SM] Call stack trace:
L 10/04/2022 - 15:17:07: [SM]   [1] Line 202, restrictinc/events.sp::CS_OnBuyCommand
L 10/04/2022 - 15:17:07: [SM] Exception reported: Array index out-of-bounds (index 64, limit 55)
L 10/04/2022 - 15:17:07: [SM] Blaming: weapon_restrict.smx
L 10/04/2022 - 15:17:07: [SM] Call stack trace:
L 10/04/2022 - 15:17:07: [SM]   [1] Line 202, restrictinc/events.sp::CS_OnBuyCommand
L 10/04/2022 - 15:17:08: [SM] Exception reported: Array index out-of-bounds (index 64, limit 55)
L 10/04/2022 - 15:17:08: [SM] Blaming: weapon_restrict.smx
L 10/04/2022 - 15:17:08: [SM] Call stack trace:
L 10/04/2022 - 15:17:08: [SM]   [1] Line 202, restrictinc/events.sp::CS_OnBuyCommand
L 10/04/2022 - 15:17:08: [SM] Exception reported: Array index out-of-bounds (index 64, limit 55)
L 10/04/2022 - 15:17:08: [SM] Blaming: weapon_restrict.smx
L 10/04/2022 - 15:17:08: [SM] Call stack trace:
L 10/04/2022 - 15:17:08: [SM]   [1] Line 202, restrictinc/events.sp::CS_OnBuyCommand
L 10/04/2022 - 15:17:09: [SM] Exception reported: Array index out-of-bounds (index 64, limit 55)
L 10/04/2022 - 15:17:09: [SM] Blaming: weapon_restrict.smx
L 10/04/2022 - 15:17:09: [SM] Call stack trace:
L 10/04/2022 - 15:17:09: [SM]   [1] Line 202, restrictinc/events.sp::CS_OnBuyCommand
L 10/04/2022 - 15:17:09: [SM] Exception reported: Array index out-of-bounds (index 64, limit 55)
L 10/04/2022 - 15:17:09: [SM] Blaming: weapon_restrict.smx
L 10/04/2022 - 15:17:09: [SM] Call stack trace:
L 10/04/2022 - 15:17:09: [SM]   [1] Line 202, restrictinc/events.sp::CS_OnBuyCommand
L 10/04/2022 - 15:17:10: [SM] Exception reported: Array index out-of-bounds (index 64, limit 55)
L 10/04/2022 - 15:17:10: [SM] Blaming: weapon_restrict.smx
L 10/04/2022 - 15:17:10: [SM] Call stack trace:
L 10/04/2022 - 15:17:10: [SM]   [1] Line 202, restrictinc/events.sp::CS_OnBuyCommand
L 10/04/2022 - 15:18:52: [SM] Exception reported: Array index out-of-bounds (index 64, limit 55)
L 10/04/2022 - 15:18:52: [SM] Blaming: weapon_restrict.smx
L 10/04/2022 - 15:18:52: [SM] Call stack trace:
L 10/04/2022 - 15:18:52: [SM]   [1] Line 202, restrictinc/events.sp::CS_OnBuyCommand
L 10/04/2022 - 15:19:09: [SM] Exception reported: Array index out-of-bounds (index 64, limit 55)
L 10/04/2022 - 15:19:09: [SM] Blaming: weapon_restrict.smx
L 10/04/2022 - 15:19:09: [SM] Call stack trace:
L 10/04/2022 - 15:19:09: [SM]   [1] Line 202, restrictinc/events.sp::CS_OnBuyCommand
L 10/04/2022 - 15:19:21: [SM] Exception reported: Array index out-of-bounds (index 64, limit 55)
L 10/04/2022 - 15:19:21: [SM] Blaming: weapon_restrict.smx
L 10/04/2022 - 15:19:21: [SM] Call stack trace:
L 10/04/2022 - 15:19:21: [SM]   [1] Line 202, restrictinc/events.sp::CS_OnBuyCommand
L 10/04/2022 - 15:19:31: [SM] Exception reported: Array index out-of-bounds (index 64, limit 55)
L 10/04/2022 - 15:19:31: [SM] Blaming: weapon_restrict.smx
L 10/04/2022 - 15:19:31: [SM] Call stack trace:
L 10/04/2022 - 15:19:31: [SM]   [1] Line 202, restrictinc/events.sp::CS_OnBuyCommand
L 10/04/2022 - 15:20:04: [SM] Exception reported: Array index out-of-bounds (index 64, limit 55)
L 10/04/2022 - 15:20:04: [SM] Blaming: weapon_restrict.smx
L 10/04/2022 - 15:20:04: [SM] Call stack trace:
L 10/04/2022 - 15:20:04: [SM]   [1] Line 202, restrictinc/events.sp::CS_OnBuyCommand
L 10/04/2022 - 15:20:22: [SM] Exception reported: Array index out-of-bounds (index 64, limit 55)
L 10/04/2022 - 15:20:22: [SM] Blaming: weapon_restrict.smx
L 10/04/2022 - 15:20:22: [SM] Call stack trace:
L 10/04/2022 - 15:20:22: [SM]   [1] Line 202, restrictinc/events.sp::CS_OnBuyCommand
L 10/04/2022 - 15:20:36: [SM] Exception reported: Array index out-of-bounds (index 64, limit 55)
L 10/04/2022 - 15:20:36: [SM] Blaming: weapon_restrict.smx
L 10/04/2022 - 15:20:36: [SM] Call stack trace:
L 10/04/2022 - 15:20:36: [SM]   [1] Line 202, restrictinc/events.sp::CS_OnBuyCommand
L 10/04/2022 - 15:20:53: [SM] Exception reported: Array index out-of-bounds (index 64, limit 55)
L 10/04/2022 - 15:20:53: [SM] Blaming: weapon_restrict.smx
L 10/04/2022 - 15:20:53: [SM] Call stack trace:
L 10/04/2022 - 15:20:53: [SM]   [1] Line 202, restrictinc/events.sp::CS_OnBuyCommand
L 10/04/2022 - 15:21:04: [SM] Exception reported: Array index out-of-bounds (index 64, limit 55)
L 10/04/2022 - 15:21:04: [SM] Blaming: weapon_restrict.smx
L 10/04/2022 - 15:21:04: [SM] Call stack trace:
L 10/04/2022 - 15:21:04: [SM]   [1] Line 202, restrictinc/events.sp::CS_OnBuyCommand
L 10/04/2022 - 15:21:27: [SM] Exception reported: Array index out-of-bounds (index 64, limit 55)
L 10/04/2022 - 15:21:27: [SM] Blaming: weapon_restrict.smx
L 10/04/2022 - 15:21:27: [SM] Call stack trace:
L 10/04/2022 - 15:21:27: [SM]   [1] Line 202, restrictinc/events.sp::CS_OnBuyCommand
L 10/04/2022 - 15:21:53: [SM] Exception reported: Array index out-of-bounds (index 64, limit 55)
L 10/04/2022 - 15:21:53: [SM] Blaming: weapon_restrict.smx
L 10/04/2022 - 15:21:53: [SM] Call stack trace:
L 10/04/2022 - 15:21:53: [SM]   [1] Line 202, restrictinc/events.sp::CS_OnBuyCommand
L 10/04/2022 - 15:22:07: [SM] Exception reported: Array index out-of-bounds (index 64, limit 55)
L 10/04/2022 - 15:22:07: [SM] Blaming: weapon_restrict.smx
L 10/04/2022 - 15:22:07: [SM] Call stack trace:
L 10/04/2022 - 15:22:07: [SM]   [1] Line 202, restrictinc/events.sp::CS_OnBuyCommand
L 10/04/2022 - 15:22:22: [SM] Exception reported: Array index out-of-bounds (index 64, limit 55)
L 10/04/2022 - 15:22:22: [SM] Blaming: weapon_restrict.smx
L 10/04/2022 - 15:22:22: [SM] Call stack trace:
L 10/04/2022 - 15:22:22: [SM]   [1] Line 202, restrictinc/events.sp::CS_OnBuyCommand
L 10/04/2022 - 15:22:36: [SM] Exception reported: Array index out-of-bounds (index 64, limit 55)
L 10/04/2022 - 15:22:36: [SM] Blaming: weapon_restrict.smx
L 10/04/2022 - 15:22:36: [SM] Call stack trace:
L 10/04/2022 - 15:22:36: [SM]   [1] Line 202, restrictinc/events.sp::CS_OnBuyCommand
L 10/04/2022 - 15:22:43: [SM] Exception reported: Array index out-of-bounds (index 64, limit 55)
L 10/04/2022 - 15:22:43: [SM] Blaming: weapon_restrict.smx
L 10/04/2022 - 15:22:43: [SM] Call stack trace:
L 10/04/2022 - 15:22:43: [SM]   [1] Line 202, restrictinc/events.sp::CS_OnBuyCommand
L 10/04/2022 - 15:22:56: [SM] Exception reported: Array index out-of-bounds (index 64, limit 55)
L 10/04/2022 - 15:22:56: [SM] Blaming: weapon_restrict.smx
L 10/04/2022 - 15:22:56: [SM] Call stack trace:
L 10/04/2022 - 15:22:56: [SM]   [1] Line 202, restrictinc/events.sp::CS_OnBuyCommand
L 10/04/2022 - 15:23:18: [SM] Exception reported: Array index out-of-bounds (index 64, limit 55)
L 10/04/2022 - 15:23:18: [SM] Blaming: weapon_restrict.smx
L 10/04/2022 - 15:23:18: [SM] Call stack trace:
L 10/04/2022 - 15:23:18: [SM]   [1] Line 202, restrictinc/events.sp::CS_OnBuyCommand
L 10/04/2022 - 15:24:12: [SM] Exception reported: Array index out-of-bounds (index 64, limit 55)
L 10/04/2022 - 15:24:12: [SM] Blaming: weapon_restrict.smx
L 10/04/2022 - 15:24:12: [SM] Call stack trace:
L 10/04/2022 - 15:24:12: [SM]   [1] Line 202, restrictinc/events.sp::CS_OnBuyCommand
L 10/04/2022 - 15:25:33: [SM] Exception reported: Array index out-of-bounds (index 64, limit 55)
L 10/04/2022 - 15:25:33: [SM] Blaming: weapon_restrict.smx
L 10/04/2022 - 15:25:33: [SM] Call stack trace:
L 10/04/2022 - 15:25:33: [SM]   [1] Line 202, restrictinc/events.sp::CS_OnBuyCommand
L 10/04/2022 - 15:27:01: [SM] Exception reported: Array index out-of-bounds (index 64, limit 55)
L 10/04/2022 - 15:27:01: [SM] Blaming: weapon_restrict.smx
L 10/04/2022 - 15:27:01: [SM] Call stack trace:
L 10/04/2022 - 15:27:01: [SM]   [1] Line 202, restrictinc/events.sp::CS_OnBuyCommand
L 10/04/2022 - 15:27:19: [SM] Exception reported: Array index out-of-bounds (index 64, limit 55)
L 10/04/2022 - 15:27:19: [SM] Blaming: weapon_restrict.smx
L 10/04/2022 - 15:27:19: [SM] Call stack trace:
L 10/04/2022 - 15:27:19: [SM]   [1] Line 202, restrictinc/events.sp::CS_OnBuyCommand
L 10/04/2022 - 15:27:32: [SM] Exception reported: Array index out-of-bounds (index 64, limit 55)
L 10/04/2022 - 15:27:32: [SM] Blaming: weapon_restrict.smx
L 10/04/2022 - 15:27:32: [SM] Call stack trace:
L 10/04/2022 - 15:27:32: [SM]   [1] Line 202, restrictinc/events.sp::CS_OnBuyCommand
L 10/04/2022 - 15:27:51: [SM] Exception reported: Array index out-of-bounds (index 64, limit 55)
L 10/04/2022 - 15:27:51: [SM] Blaming: weapon_restrict.smx
L 10/04/2022 - 15:27:51: [SM] Call stack trace:
L 10/04/2022 - 15:27:51: [SM]   [1] Line 202, restrictinc/events.sp::CS_OnBuyCommand
L 10/04/2022 - 15:28:11: [SM] Exception reported: Array index out-of-bounds (index 64, limit 55)
L 10/04/2022 - 15:28:11: [SM] Blaming: weapon_restrict.smx
L 10/04/2022 - 15:28:11: [SM] Call stack trace:
L 10/04/2022 - 15:28:11: [SM]   [1] Line 202, restrictinc/events.sp::CS_OnBuyCommand
L 10/04/2022 - 15:28:27: [SM] Exception reported: Array index out-of-bounds (index 64, limit 55)
L 10/04/2022 - 15:28:27: [SM] Blaming: weapon_restrict.smx
L 10/04/2022 - 15:28:27: [SM] Call stack trace:
L 10/04/2022 - 15:28:27: [SM]   [1] Line 202, restrictinc/events.sp::CS_OnBuyCommand
L 10/04/2022 - 15:28:38: [SM] Exception reported: Array index out-of-bounds (index 64, limit 55)
L 10/04/2022 - 15:28:38: [SM] Blaming: weapon_restrict.smx
L 10/04/2022 - 15:28:38: [SM] Call stack trace:
L 10/04/2022 - 15:28:38: [SM]   [1] Line 202, restrictinc/events.sp::CS_OnBuyCommand
L 10/04/2022 - 15:28:44: [SM] Exception reported: Array index out-of-bounds (index 64, limit 55)
L 10/04/2022 - 15:28:44: [SM] Blaming: weapon_restrict.smx
L 10/04/2022 - 15:28:44: [SM] Call stack trace:
L 10/04/2022 - 15:28:44: [SM]   [1] Line 202, restrictinc/events.sp::CS_OnBuyCommand
L 10/04/2022 - 15:28:52: [SM] Exception reported: Array index out-of-bounds (index 64, limit 55)
L 10/04/2022 - 15:28:52: [SM] Blaming: weapon_restrict.smx
L 10/04/2022 - 15:28:52: [SM] Call stack trace:
L 10/04/2022 - 15:28:52: [SM]   [1] Line 202, restrictinc/events.sp::CS_OnBuyCommand
L 10/04/2022 - 15:29:22: [SM] Exception reported: Array index out-of-bounds (index 64, limit 55)
L 10/04/2022 - 15:29:22: [SM] Blaming: weapon_restrict.smx
L 10/04/2022 - 15:29:22: [SM] Call stack trace:
L 10/04/2022 - 15:29:22: [SM]   [1] Line 202, restrictinc/events.sp::CS_OnBuyCommand
L 10/04/2022 - 15:29:34: [SM] Exception reported: Array index out-of-bounds (index 64, limit 55)
L 10/04/2022 - 15:29:34: [SM] Blaming: weapon_restrict.smx
L 10/04/2022 - 15:29:34: [SM] Call stack trace:
L 10/04/2022 - 15:29:34: [SM]   [1] Line 202, restrictinc/events.sp::CS_OnBuyCommand
L 10/04/2022 - 15:29:49: [SM] Exception reported: Array index out-of-bounds (index 64, limit 55)
L 10/04/2022 - 15:29:49: [SM] Blaming: weapon_restrict.smx
L 10/04/2022 - 15:29:49: [SM] Call stack trace:
L 10/04/2022 - 15:29:49: [SM]   [1] Line 202, restrictinc/events.sp::CS_OnBuyCommand
L 10/04/2022 - 15:30:21: [SM] Exception reported: Array index out-of-bounds (index 64, limit 55)
L 10/04/2022 - 15:30:21: [SM] Blaming: weapon_restrict.smx
L 10/04/2022 - 15:30:21: [SM] Call stack trace:
L 10/04/2022 - 15:30:21: [SM]   [1] Line 202, restrictinc/events.sp::CS_OnBuyCommand
L 10/04/2022 - 15:30:40: [SM] Exception reported: Array index out-of-bounds (index 64, limit 55)
L 10/04/2022 - 15:30:40: [SM] Blaming: weapon_restrict.smx
L 10/04/2022 - 15:30:40: [SM] Call stack trace:
L 10/04/2022 - 15:30:40: [SM]   [1] Line 202, restrictinc/events.sp::CS_OnBuyCommand
L 10/04/2022 - 15:31:48: [SM] Exception reported: Array index out-of-bounds (index 64, limit 55)
L 10/04/2022 - 15:31:48: [SM] Blaming: weapon_restrict.smx
L 10/04/2022 - 15:31:48: [SM] Call stack trace:
L 10/04/2022 - 15:31:48: [SM]   [1] Line 202, restrictinc/events.sp::CS_OnBuyCommand
L 10/04/2022 - 15:32:10: [SM] Exception reported: Array index out-of-bounds (index 64, limit 55)
L 10/04/2022 - 15:32:10: [SM] Blaming: weapon_restrict.smx
L 10/04/2022 - 15:32:10: [SM] Call stack trace:
L 10/04/2022 - 15:32:10: [SM]   [1] Line 202, restrictinc/events.sp::CS_OnBuyCommand
L 10/04/2022 - 15:32:25: [SM] Exception reported: Array index out-of-bounds (index 64, limit 55)
L 10/04/2022 - 15:32:25: [SM] Blaming: weapon_restrict.smx
L 10/04/2022 - 15:32:25: [SM] Call stack trace:
L 10/04/2022 - 15:32:25: [SM]   [1] Line 202, restrictinc/events.sp::CS_OnBuyCommand
L 10/04/2022 - 15:32:32: [SM] Exception reported: Array index out-of-bounds (index 64, limit 55)
L 10/04/2022 - 15:32:32: [SM] Blaming: weapon_restrict.smx
L 10/04/2022 - 15:32:32: [SM] Call stack trace:
L 10/04/2022 - 15:32:32: [SM]   [1] Line 202, restrictinc/events.sp::CS_OnBuyCommand
L 10/04/2022 - 15:32:48: [SM] Exception reported: Array index out-of-bounds (index 64, limit 55)
L 10/04/2022 - 15:32:48: [SM] Blaming: weapon_restrict.smx
L 10/04/2022 - 15:32:48: [SM] Call stack trace:
L 10/04/2022 - 15:32:48: [SM]   [1] Line 202, restrictinc/events.sp::CS_OnBuyCommand
L 10/04/2022 - 15:32:58: [SM] Exception reported: Array index out-of-bounds (index 64, limit 55)
L 10/04/2022 - 15:32:58: [SM] Blaming: weapon_restrict.smx
L 10/04/2022 - 15:32:58: [SM] Call stack trace:
L 10/04/2022 - 15:32:58: [SM]   [1] Line 202, restrictinc/events.sp::CS_OnBuyCommand
L 10/04/2022 - 15:33:13: [SM] Exception reported: Array index out-of-bounds (index 64, limit 55)
L 10/04/2022 - 15:33:13: [SM] Blaming: weapon_restrict.smx
L 10/04/2022 - 15:33:13: [SM] Call stack trace:
L 10/04/2022 - 15:33:13: [SM]   [1] Line 202, restrictinc/events.sp::CS_OnBuyCommand
L 10/04/2022 - 15:33:33: [SM] Exception reported: Array index out-of-bounds (index 64, limit 55)
L 10/04/2022 - 15:33:33: [SM] Blaming: weapon_restrict.smx
L 10/04/2022 - 15:33:33: [SM] Call stack trace:
L 10/04/2022 - 15:33:33: [SM]   [1] Line 202, restrictinc/events.sp::CS_OnBuyCommand
L 10/04/2022 - 15:33:51: [SM] Exception reported: Array index out-of-bounds (index 64, limit 55)
L 10/04/2022 - 15:33:51: [SM] Blaming: weapon_restrict.smx
L 10/04/2022 - 15:33:51: [SM] Call stack trace:
L 10/04/2022 - 15:33:51: [SM]   [1] Line 202, restrictinc/events.sp::CS_OnBuyCommand
L 10/04/2022 - 15:34:15: [SM] Exception reported: Array index out-of-bounds (index 64, limit 55)
L 10/04/2022 - 15:34:15: [SM] Blaming: weapon_restrict.smx
L 10/04/2022 - 15:34:15: [SM] Call stack trace:
L 10/04/2022 - 15:34:15: [SM]   [1] Line 202, restrictinc/events.sp::CS_OnBuyCommand
L 10/04/2022 - 15:34:47: [SM] Exception reported: Array index out-of-bounds (index 64, limit 55)
L 10/04/2022 - 15:34:47: [SM] Blaming: weapon_restrict.smx
L 10/04/2022 - 15:34:47: [SM] Call stack trace:
L 10/04/2022 - 15:34:47: [SM]   [1] Line 202, restrictinc/events.sp::CS_OnBuyCommand
L 10/04/2022 - 15:35:00: [SM] Exception reported: Array index out-of-bounds (index 64, limit 55)
L 10/04/2022 - 15:35:00: [SM] Blaming: weapon_restrict.smx
L 10/04/2022 - 15:35:00: [SM] Call stack trace:
L 10/04/2022 - 15:35:00: [SM]   [1] Line 202, restrictinc/events.sp::CS_OnBuyCommand
L 10/04/2022 - 15:35:04: [SM] Exception reported: Array index out-of-bounds (index 64, limit 55)
L 10/04/2022 - 15:35:04: [SM] Blaming: weapon_restrict.smx
L 10/04/2022 - 15:35:04: [SM] Call stack trace:
L 10/04/2022 - 15:35:04: [SM]   [1] Line 202, restrictinc/events.sp::CS_OnBuyCommand
L 10/04/2022 - 15:35:17: [SM] Exception reported: Array index out-of-bounds (index 64, limit 55)
L 10/04/2022 - 15:35:17: [SM] Blaming: weapon_restrict.smx
L 10/04/2022 - 15:35:17: [SM] Call stack trace:
L 10/04/2022 - 15:35:17: [SM]   [1] Line 202, restrictinc/events.sp::CS_OnBuyCommand
L 10/04/2022 - 15:35:24: [SM] Exception reported: Array index out-of-bounds (index 64, limit 55)
L 10/04/2022 - 15:35:24: [SM] Blaming: weapon_restrict.smx
L 10/04/2022 - 15:35:24: [SM] Call stack trace:
L 10/04/2022 - 15:35:24: [SM]   [1] Line 202, restrictinc/events.sp::CS_OnBuyCommand
L 10/04/2022 - 15:35:27: [SM] Exception reported: Array index out-of-bounds (index 64, limit 55)
L 10/04/2022 - 15:35:27: [SM] Blaming: weapon_restrict.smx
L 10/04/2022 - 15:35:27: [SM] Call stack trace:
L 10/04/2022 - 15:35:27: [SM]   [1] Line 202, restrictinc/events.sp::CS_OnBuyCommand
L 10/04/2022 - 15:35:27: [SM] Exception reported: Array index out-of-bounds (index 64, limit 55)
L 10/04/2022 - 15:35:27: [SM] Blaming: weapon_restrict.smx
L 10/04/2022 - 15:35:27: [SM] Call stack trace:
L 10/04/2022 - 15:35:27: [SM]   [1] Line 202, restrictinc/events.sp::CS_OnBuyCommand
L 10/04/2022 - 15:35:28: [SM] Exception reported: Array index out-of-bounds (index 64, limit 55)
L 10/04/2022 - 15:35:28: [SM] Blaming: weapon_restrict.smx
L 10/04/2022 - 15:35:28: [SM] Call stack trace:
L 10/04/2022 - 15:35:28: [SM]   [1] Line 202, restrictinc/events.sp::CS_OnBuyCommand
L 10/04/2022 - 15:35:29: [SM] Exception reported: Array index out-of-bounds (index 64, limit 55)
L 10/04/2022 - 15:35:29: [SM] Blaming: weapon_restrict.smx
L 10/04/2022 - 15:35:29: [SM] Call stack trace:
L 10/04/2022 - 15:35:29: [SM]   [1] Line 202, restrictinc/events.sp::CS_OnBuyCommand
L 10/04/2022 - 15:35:30: [SM] Exception reported: Array index out-of-bounds (index 64, limit 55)
L 10/04/2022 - 15:35:30: [SM] Blaming: weapon_restrict.smx
L 10/04/2022 - 15:35:30: [SM] Call stack trace:
L 10/04/2022 - 15:35:30: [SM]   [1] Line 202, restrictinc/events.sp::CS_OnBuyCommand
L 10/04/2022 - 15:35:30: [SM] Exception reported: Array index out-of-bounds (index 64, limit 55)
L 10/04/2022 - 15:35:30: [SM] Blaming: weapon_restrict.smx
L 10/04/2022 - 15:35:30: [SM] Call stack trace:
L 10/04/2022 - 15:35:30: [SM]   [1] Line 202, restrictinc/events.sp::CS_OnBuyCommand
L 10/04/2022 - 15:35:31: [SM] Exception reported: Array index out-of-bounds (index 64, limit 55)
L 10/04/2022 - 15:35:31: [SM] Blaming: weapon_restrict.smx
L 10/04/2022 - 15:35:31: [SM] Call stack trace:
L 10/04/2022 - 15:35:31: [SM]   [1] Line 202, restrictinc/events.sp::CS_OnBuyCommand
L 10/04/2022 - 15:35:32: [SM] Exception reported: Array index out-of-bounds (index 64, limit 55)
L 10/04/2022 - 15:35:32: [SM] Blaming: weapon_restrict.smx
L 10/04/2022 - 15:35:32: [SM] Call stack trace:
L 10/04/2022 - 15:35:32: [SM]   [1] Line 202, restrictinc/events.sp::CS_OnBuyCommand
L 10/04/2022 - 15:35:33: [SM] Exception reported: Array index out-of-bounds (index 64, limit 55)
L 10/04/2022 - 15:35:33: [SM] Blaming: weapon_restrict.smx
L 10/04/2022 - 15:35:33: [SM] Call stack trace:
L 10/04/2022 - 15:35:33: [SM]   [1] Line 202, restrictinc/events.sp::CS_OnBuyCommand
L 10/04/2022 - 15:35:33: [SM] Exception reported: Array index out-of-bounds (index 64, limit 55)
L 10/04/2022 - 15:35:33: [SM] Blaming: weapon_restrict.smx
L 10/04/2022 - 15:35:33: [SM] Call stack trace:
L 10/04/2022 - 15:35:33: [SM]   [1] Line 202, restrictinc/events.sp::CS_OnBuyCommand
L 10/04/2022 - 15:35:35: [SM] Exception reported: Array index out-of-bounds (index 64, limit 55)
L 10/04/2022 - 15:35:35: [SM] Blaming: weapon_restrict.smx
L 10/04/2022 - 15:35:35: [SM] Call stack trace:
L 10/04/2022 - 15:35:35: [SM]   [1] Line 202, restrictinc/events.sp::CS_OnBuyCommand
L 10/04/2022 - 15:35:35: [SM] Exception reported: Array index out-of-bounds (index 64, limit 55)
L 10/04/2022 - 15:35:35: [SM] Blaming: weapon_restrict.smx
L 10/04/2022 - 15:35:35: [SM] Call stack trace:
L 10/04/2022 - 15:35:35: [SM]   [1] Line 202, restrictinc/events.sp::CS_OnBuyCommand
L 10/04/2022 - 15:35:36: [SM] Exception reported: Array index out-of-bounds (index 64, limit 55)
L 10/04/2022 - 15:35:36: [SM] Blaming: weapon_restrict.smx
L 10/04/2022 - 15:35:36: [SM] Call stack trace:
L 10/04/2022 - 15:35:36: [SM]   [1] Line 202, restrictinc/events.sp::CS_OnBuyCommand
L 10/04/2022 - 15:35:38: [SM] Exception reported: Array index out-of-bounds (index 64, limit 55)
L 10/04/2022 - 15:35:38: [SM] Blaming: weapon_restrict.smx
L 10/04/2022 - 15:35:38: [SM] Call stack trace:
L 10/04/2022 - 15:35:38: [SM]   [1] Line 202, restrictinc/events.sp::CS_OnBuyCommand
L 10/04/2022 - 15:35:38: [SM] Exception reported: Array index out-of-bounds (index 64, limit 55)
L 10/04/2022 - 15:35:38: [SM] Blaming: weapon_restrict.smx
L 10/04/2022 - 15:35:38: [SM] Call stack trace:
L 10/04/2022 - 15:35:38: [SM]   [1] Line 202, restrictinc/events.sp::CS_OnBuyCommand
L 10/04/2022 - 15:35:41: [SM] Exception reported: Array index out-of-bounds (index 64, limit 55)
L 10/04/2022 - 15:35:41: [SM] Blaming: weapon_restrict.smx
L 10/04/2022 - 15:35:41: [SM] Call stack trace:
L 10/04/2022 - 15:35:41: [SM]   [1] Line 202, restrictinc/events.sp::CS_OnBuyCommand
L 10/04/2022 - 15:35:41: [SM] Exception reported: Array index out-of-bounds (index 64, limit 55)
L 10/04/2022 - 15:35:41: [SM] Blaming: weapon_restrict.smx
L 10/04/2022 - 15:35:41: [SM] Call stack trace:
L 10/04/2022 - 15:35:41: [SM]   [1] Line 202, restrictinc/events.sp::CS_OnBuyCommand
L 10/04/2022 - 15:35:42: [SM] Exception reported: Array index out-of-bounds (index 64, limit 55)
L 10/04/2022 - 15:35:42: [SM] Blaming: weapon_restrict.smx
L 10/04/2022 - 15:35:42: [SM] Call stack trace:
L 10/04/2022 - 15:35:42: [SM]   [1] Line 202, restrictinc/events.sp::CS_OnBuyCommand
L 10/04/2022 - 15:35:43: [SM] Exception reported: Array index out-of-bounds (index 64, limit 55)
L 10/04/2022 - 15:35:43: [SM] Blaming: weapon_restrict.smx
L 10/04/2022 - 15:35:43: [SM] Call stack trace:
L 10/04/2022 - 15:35:43: [SM]   [1] Line 202, restrictinc/events.sp::CS_OnBuyCommand
L 10/04/2022 - 15:35:44: [SM] Exception reported: Array index out-of-bounds (index 64, limit 55)
L 10/04/2022 - 15:35:44: [SM] Blaming: weapon_restrict.smx
L 10/04/2022 - 15:35:44: [SM] Call stack trace:
L 10/04/2022 - 15:35:44: [SM]   [1] Line 202, restrictinc/events.sp::CS_OnBuyCommand
L 10/04/2022 - 15:35:46: [SM] Exception reported: Array index out-of-bounds (index 64, limit 55)
L 10/04/2022 - 15:35:46: [SM] Blaming: weapon_restrict.smx
L 10/04/2022 - 15:35:46: [SM] Call stack trace:
L 10/04/2022 - 15:35:46: [SM]   [1] Line 202, restrictinc/events.sp::CS_OnBuyCommand
L 10/04/2022 - 15:35:47: [SM] Exception reported: Array index out-of-bounds (index 64, limit 55)
L 10/04/2022 - 15:35:47: [SM] Blaming: weapon_restrict.smx
L 10/04/2022 - 15:35:47: [SM] Call stack trace:
L 10/04/2022 - 15:35:47: [SM]   [1] Line 202, restrictinc/events.sp::CS_OnBuyCommand
L 10/04/2022 - 15:35:48: [SM] Exception reported: Array index out-of-bounds (index 64, limit 55)
L 10/04/2022 - 15:35:48: [SM] Blaming: weapon_restrict.smx
L 10/04/2022 - 15:35:48: [SM] Call stack trace:
L 10/04/2022 - 15:35:48: [SM]   [1] Line 202, restrictinc/events.sp::CS_OnBuyCommand
L 10/04/2022 - 15:35:49: [SM] Exception reported: Array index out-of-bounds (index 64, limit 55)
L 10/04/2022 - 15:35:49: [SM] Blaming: weapon_restrict.smx
L 10/04/2022 - 15:35:49: [SM] Call stack trace:
L 10/04/2022 - 15:35:49: [SM]   [1] Line 202, restrictinc/events.sp::CS_OnBuyCommand
L 10/04/2022 - 15:35:51: [SM] Exception reported: Array index out-of-bounds (index 64, limit 55)
L 10/04/2022 - 15:35:51: [SM] Blaming: weapon_restrict.smx
L 10/04/2022 - 15:35:51: [SM] Call stack trace:
L 10/04/2022 - 15:35:51: [SM]   [1] Line 202, restrictinc/events.sp::CS_OnBuyCommand
L 10/04/2022 - 15:35:52: [SM] Exception reported: Array index out-of-bounds (index 64, limit 55)
L 10/04/2022 - 15:35:52: [SM] Blaming: weapon_restrict.smx
L 10/04/2022 - 15:35:52: [SM] Call stack trace:
L 10/04/2022 - 15:35:52: [SM]   [1] Line 202, restrictinc/events.sp::CS_OnBuyCommand
L 10/04/2022 - 15:35:54: [SM] Exception reported: Array index out-of-bounds (index 64, limit 55)
L 10/04/2022 - 15:35:54: [SM] Blaming: weapon_restrict.smx
L 10/04/2022 - 15:35:54: [SM] Call stack trace:
L 10/04/2022 - 15:35:54: [SM]   [1] Line 202, restrictinc/events.sp::CS_OnBuyCommand
L 10/04/2022 - 15:36:01: [SM] Exception reported: Array index out-of-bounds (index 64, limit 55)
L 10/04/2022 - 15:36:01: [SM] Blaming: weapon_restrict.smx
L 10/04/2022 - 15:36:01: [SM] Call stack trace:
L 10/04/2022 - 15:36:01: [SM]   [1] Line 202, restrictinc/events.sp::CS_OnBuyCommand
L 10/04/2022 - 15:36:07: [SM] Exception reported: Array index out-of-bounds (index 64, limit 55)
L 10/04/2022 - 15:36:07: [SM] Blaming: weapon_restrict.smx
L 10/04/2022 - 15:36:07: [SM] Call stack trace:
L 10/04/2022 - 15:36:07: [SM]   [1] Line 202, restrictinc/events.sp::CS_OnBuyCommand
L 10/04/2022 - 15:36:12: [SM] Exception reported: Array index out-of-bounds (index 64, limit 55)
L 10/04/2022 - 15:36:12: [SM] Blaming: weapon_restrict.smx
L 10/04/2022 - 15:36:12: [SM] Call stack trace:
L 10/04/2022 - 15:36:12: [SM]   [1] Line 202, restrictinc/events.sp::CS_OnBuyCommand
L 10/04/2022 - 15:36:12: [SM] Exception reported: Array index out-of-bounds (index 64, limit 55)
L 10/04/2022 - 15:36:12: [SM] Blaming: weapon_restrict.smx
L 10/04/2022 - 15:36:12: [SM] Call stack trace:
L 10/04/2022 - 15:36:12: [SM]   [1] Line 202, restrictinc/events.sp::CS_OnBuyCommand
L 10/04/2022 - 15:36:27: [SM] Exception reported: Array index out-of-bounds (index 64, limit 55)
L 10/04/2022 - 15:36:27: [SM] Blaming: weapon_restrict.smx
L 10/04/2022 - 15:36:27: [SM] Call stack trace:
L 10/04/2022 - 15:36:27: [SM]   [1] Line 202, restrictinc/events.sp::CS_OnBuyCommand
L 10/04/2022 - 15:36:35: [SM] Exception reported: Array index out-of-bounds (index 64, limit 55)
L 10/04/2022 - 15:36:35: [SM] Blaming: weapon_restrict.smx
L 10/04/2022 - 15:36:35: [SM] Call stack trace:
L 10/04/2022 - 15:36:35: [SM]   [1] Line 202, restrictinc/events.sp::CS_OnBuyCommand
L 10/04/2022 - 15:36:37: [SM] Exception reported: Array index out-of-bounds (index 64, limit 55)
L 10/04/2022 - 15:36:37: [SM] Blaming: weapon_restrict.smx
L 10/04/2022 - 15:36:37: [SM] Call stack trace:
L 10/04/2022 - 15:36:37: [SM]   [1] Line 202, restrictinc/events.sp::CS_OnBuyCommand
L 10/04/2022 - 15:37:21: [SM] Exception reported: Array index out-of-bounds (index 64, limit 55)
L 10/04/2022 - 15:37:21: [SM] Blaming: weapon_restrict.smx
L 10/04/2022 - 15:37:21: [SM] Call stack trace:
L 10/04/2022 - 15:37:21: [SM]   [1] Line 202, restrictinc/events.sp::CS_OnBuyCommand
L 10/04/2022 - 15:37:41: [SM] Exception reported: Array index out-of-bounds (index 64, limit 55)
L 10/04/2022 - 15:37:41: [SM] Blaming: weapon_restrict.smx
L 10/04/2022 - 15:37:41: [SM] Call stack trace:
L 10/04/2022 - 15:37:41: [SM]   [1] Line 202, restrictinc/events.sp::CS_OnBuyCommand
L 10/04/2022 - 15:39:06: [SM] Exception reported: Array index out-of-bounds (index 64, limit 55)
L 10/04/2022 - 15:39:06: [SM] Blaming: weapon_restrict.smx
L 10/04/2022 - 15:39:06: [SM] Call stack trace:
L 10/04/2022 - 15:39:06: [SM]   [1] Line 202, restrictinc/events.sp::CS_OnBuyCommand
L 10/04/2022 - 15:39:14: [SM] Exception reported: Array index out-of-bounds (index 64, limit 55)
L 10/04/2022 - 15:39:14: [SM] Blaming: weapon_restrict.smx
L 10/04/2022 - 15:39:14: [SM] Call stack trace:
L 10/04/2022 - 15:39:14: [SM]   [1] Line 202, restrictinc/events.sp::CS_OnBuyCommand
L 10/04/2022 - 15:39:22: [SM] Exception reported: Array index out-of-bounds (index 64, limit 55)
L 10/04/2022 - 15:39:22: [SM] Blaming: weapon_restrict.smx
L 10/04/2022 - 15:39:22: [SM] Call stack trace:
L 10/04/2022 - 15:39:22: [SM]   [1] Line 202, restrictinc/events.sp::CS_OnBuyCommand
L 10/04/2022 - 15:52:44: [SM] Exception reported: Array index out-of-bounds (index 64, limit 55)
L 10/04/2022 - 15:52:44: [SM] Blaming: weapon_restrict.smx
L 10/04/2022 - 15:52:44: [SM] Call stack trace:
L 10/04/2022 - 15:52:44: [SM]   [1] Line 202, restrictinc/events.sp::CS_OnBuyCommand
L 10/04/2022 - 15:53:11: [SM] Exception reported: Array index out-of-bounds (index 64, limit 55)
L 10/04/2022 - 15:53:11: [SM] Blaming: weapon_restrict.smx
L 10/04/2022 - 15:53:11: [SM] Call stack trace:
L 10/04/2022 - 15:53:11: [SM]   [1] Line 202, restrictinc/events.sp::CS_OnBuyCommand
L 10/04/2022 - 15:54:01: [SM] Exception reported: Array index out-of-bounds (index 64, limit 55)
L 10/04/2022 - 15:54:01: [SM] Blaming: weapon_restrict.smx
L 10/04/2022 - 15:54:01: [SM] Call stack trace:
L 10/04/2022 - 15:54:01: [SM]   [1] Line 202, restrictinc/events.sp::CS_OnBuyCommand
L 10/04/2022 - 15:54:10: [SM] Exception reported: Array index out-of-bounds (index 64, limit 55)
L 10/04/2022 - 15:54:10: [SM] Blaming: weapon_restrict.smx
L 10/04/2022 - 15:54:10: [SM] Call stack trace:
L 10/04/2022 - 15:54:10: [SM]   [1] Line 202, restrictinc/events.sp::CS_OnBuyCommand
L 10/04/2022 - 15:54:16: [SM] Exception reported: Array index out-of-bounds (index 64, limit 55)
L 10/04/2022 - 15:54:16: [SM] Blaming: weapon_restrict.smx
L 10/04/2022 - 15:54:16: [SM] Call stack trace:
L 10/04/2022 - 15:54:16: [SM]   [1] Line 202, restrictinc/events.sp::CS_OnBuyCommand
L 10/04/2022 - 15:54:42: [SM] Exception reported: Array index out-of-bounds (index 64, limit 55)
L 10/04/2022 - 15:54:42: [SM] Blaming: weapon_restrict.smx
L 10/04/2022 - 15:54:42: [SM] Call stack trace:
L 10/04/2022 - 15:54:42: [SM]   [1] Line 202, restrictinc/events.sp::CS_OnBuyCommand
L 10/04/2022 - 15:55:19: [SM] Exception reported: Array index out-of-bounds (index 64, limit 55)
L 10/04/2022 - 15:55:19: [SM] Blaming: weapon_restrict.smx
L 10/04/2022 - 15:55:19: [SM] Call stack trace:
L 10/04/2022 - 15:55:19: [SM]   [1] Line 202, restrictinc/events.sp::CS_OnBuyCommand
L 10/04/2022 - 15:55:32: [SM] Exception reported: Array index out-of-bounds (index 64, limit 55)
L 10/04/2022 - 15:55:32: [SM] Blaming: weapon_restrict.smx
L 10/04/2022 - 15:55:32: [SM] Call stack trace:
L 10/04/2022 - 15:55:32: [SM]   [1] Line 202, restrictinc/events.sp::CS_OnBuyCommand
L 10/04/2022 - 15:55:42: [SM] Exception reported: Array index out-of-bounds (index 64, limit 55)
L 10/04/2022 - 15:55:42: [SM] Blaming: weapon_restrict.smx
L 10/04/2022 - 15:55:42: [SM] Call stack trace:
L 10/04/2022 - 15:55:42: [SM]   [1] Line 202, restrictinc/events.sp::CS_OnBuyCommand
L 10/04/2022 - 16:02:29: [SM] Exception reported: Array index out-of-bounds (index 64, limit 55)
L 10/04/2022 - 16:02:29: [SM] Blaming: weapon_restrict.smx
L 10/04/2022 - 16:02:29: [SM] Call stack trace:
L 10/04/2022 - 16:02:29: [SM]   [1] Line 202, restrictinc/events.sp::CS_OnBuyCommand
L 10/04/2022 - 16:02:52: [SM] Exception reported: Array index out-of-bounds (index 64, limit 55)
L 10/04/2022 - 16:02:52: [SM] Blaming: weapon_restrict.smx
L 10/04/2022 - 16:02:52: [SM] Call stack trace:
L 10/04/2022 - 16:02:52: [SM]   [1] Line 202, restrictinc/events.sp::CS_OnBuyCommand
L 10/04/2022 - 16:03:10: [SM] Exception reported: Array index out-of-bounds (index 64, limit 55)
L 10/04/2022 - 16:03:10: [SM] Blaming: weapon_restrict.smx
L 10/04/2022 - 16:03:10: [SM] Call stack trace:
L 10/04/2022 - 16:03:10: [SM]   [1] Line 202, restrictinc/events.sp::CS_OnBuyCommand
L 10/04/2022 - 16:03:15: [SM] Exception reported: Array index out-of-bounds (index 64, limit 55)
L 10/04/2022 - 16:03:15: [SM] Blaming: weapon_restrict.smx
L 10/04/2022 - 16:03:15: [SM] Call stack trace:
L 10/04/2022 - 16:03:15: [SM]   [1] Line 202, restrictinc/events.sp::CS_OnBuyCommand
L 10/04/2022 - 16:03:15: [SM] Exception reported: Array index out-of-bounds (index 64, limit 55)
L 10/04/2022 - 16:03:15: [SM] Blaming: weapon_restrict.smx
L 10/04/2022 - 16:03:15: [SM] Call stack trace:
L 10/04/2022 - 16:03:15: [SM]   [1] Line 202, restrictinc/events.sp::CS_OnBuyCommand
L 10/04/2022 - 16:03:15: [SM] Exception reported: Array index out-of-bounds (index 64, limit 55)
L 10/04/2022 - 16:03:15: [SM] Blaming: weapon_restrict.smx
L 10/04/2022 - 16:03:15: [SM] Call stack trace:
L 10/04/2022 - 16:03:15: [SM]   [1] Line 202, restrictinc/events.sp::CS_OnBuyCommand
L 10/04/2022 - 16:03:49: [SM] Exception reported: Array index out-of-bounds (index 64, limit 55)
L 10/04/2022 - 16:03:49: [SM] Blaming: weapon_restrict.smx
L 10/04/2022 - 16:03:49: [SM] Call stack trace:
L 10/04/2022 - 16:03:49: [SM]   [1] Line 202, restrictinc/events.sp::CS_OnBuyCommand
L 10/04/2022 - 16:03:49: [SM] Exception reported: Array index out-of-bounds (index 64, limit 55)
L 10/04/2022 - 16:03:49: [SM] Blaming: weapon_restrict.smx
L 10/04/2022 - 16:03:49: [SM] Call stack trace:
L 10/04/2022 - 16:03:49: [SM]   [1] Line 202, restrictinc/events.sp::CS_OnBuyCommand
L 10/04/2022 - 16:04:35: [SM] Exception reported: Array index out-of-bounds (index 64, limit 55)
L 10/04/2022 - 16:04:35: [SM] Blaming: weapon_restrict.smx
L 10/04/2022 - 16:04:35: [SM] Call stack trace:
L 10/04/2022 - 16:04:35: [SM]   [1] Line 202, restrictinc/events.sp::CS_OnBuyCommand
L 10/04/2022 - 16:05:10: [SM] Exception reported: Array index out-of-bounds (index 64, limit 55)
L 10/04/2022 - 16:05:10: [SM] Blaming: weapon_restrict.smx
L 10/04/2022 - 16:05:10: [SM] Call stack trace:
L 10/04/2022 - 16:05:10: [SM]   [1] Line 202, restrictinc/events.sp::CS_OnBuyCommand
L 10/04/2022 - 16:05:52: [SM] Exception reported: Array index out-of-bounds (index 64, limit 55)
L 10/04/2022 - 16:05:52: [SM] Blaming: weapon_restrict.smx
L 10/04/2022 - 16:05:52: [SM] Call stack trace:
L 10/04/2022 - 16:05:52: [SM]   [1] Line 202, restrictinc/events.sp::CS_OnBuyCommand
L 10/04/2022 - 16:06:12: [SM] Exception reported: Array index out-of-bounds (index 64, limit 55)
L 10/04/2022 - 16:06:12: [SM] Blaming: weapon_restrict.smx
L 10/04/2022 - 16:06:12: [SM] Call stack trace:
L 10/04/2022 - 16:06:12: [SM]   [1] Line 202, restrictinc/events.sp::CS_OnBuyCommand
L 10/04/2022 - 16:06:42: [SM] Exception reported: Array index out-of-bounds (index 64, limit 55)
L 10/04/2022 - 16:06:42: [SM] Blaming: weapon_restrict.smx
L 10/04/2022 - 16:06:42: [SM] Call stack trace:
L 10/04/2022 - 16:06:42: [SM]   [1] Line 202, restrictinc/events.sp::CS_OnBuyCommand
L 10/04/2022 - 16:06:48: [SM] Exception reported: Array index out-of-bounds (index 64, limit 55)
L 10/04/2022 - 16:06:48: [SM] Blaming: weapon_restrict.smx
L 10/04/2022 - 16:06:48: [SM] Call stack trace:
L 10/04/2022 - 16:06:48: [SM]   [1] Line 202, restrictinc/events.sp::CS_OnBuyCommand
L 10/04/2022 - 16:07:39: [SM] Exception reported: Array index out-of-bounds (index 64, limit 55)
L 10/04/2022 - 16:07:39: [SM] Blaming: weapon_restrict.smx
L 10/04/2022 - 16:07:39: [SM] Call stack trace:
L 10/04/2022 - 16:07:39: [SM]   [1] Line 202, restrictinc/events.sp::CS_OnBuyCommand
L 10/04/2022 - 16:08:39: [SM] Exception reported: Array index out-of-bounds (index 64, limit 55)
L 10/04/2022 - 16:08:39: [SM] Blaming: weapon_restrict.smx
L 10/04/2022 - 16:08:39: [SM] Call stack trace:
L 10/04/2022 - 16:08:39: [SM]   [1] Line 202, restrictinc/events.sp::CS_OnBuyCommand
L 10/04/2022 - 16:09:17: [SM] Exception reported: Array index out-of-bounds (index 64, limit 55)
L 10/04/2022 - 16:09:17: [SM] Blaming: weapon_restrict.smx
L 10/04/2022 - 16:09:17: [SM] Call stack trace:
L 10/04/2022 - 16:09:17: [SM]   [1] Line 202, restrictinc/events.sp::CS_OnBuyCommand
L 10/04/2022 - 16:10:18: [SM] Exception reported: Array index out-of-bounds (index 64, limit 55)
L 10/04/2022 - 16:10:18: [SM] Blaming: weapon_restrict.smx
L 10/04/2022 - 16:10:18: [SM] Call stack trace:
L 10/04/2022 - 16:10:18: [SM]   [1] Line 202, restrictinc/events.sp::CS_OnBuyCommand
L 10/04/2022 - 16:10:58: [SM] Exception reported: Array index out-of-bounds (index 64, limit 55)
L 10/04/2022 - 16:10:58: [SM] Blaming: weapon_restrict.smx
L 10/04/2022 - 16:10:58: [SM] Call stack trace:
L 10/04/2022 - 16:10:58: [SM]   [1] Line 202, restrictinc/events.sp::CS_OnBuyCommand
L 10/04/2022 - 16:11:19: [SM] Exception reported: Array index out-of-bounds (index 64, limit 55)
L 10/04/2022 - 16:11:19: [SM] Blaming: weapon_restrict.smx
L 10/04/2022 - 16:11:19: [SM] Call stack trace:
L 10/04/2022 - 16:11:19: [SM]   [1] Line 202, restrictinc/events.sp::CS_OnBuyCommand
L 10/04/2022 - 16:11:47: [SM] Exception reported: Array index out-of-bounds (index 64, limit 55)
L 10/04/2022 - 16:11:47: [SM] Blaming: weapon_restrict.smx
L 10/04/2022 - 16:11:47: [SM] Call stack trace:
L 10/04/2022 - 16:11:47: [SM]   [1] Line 202, restrictinc/events.sp::CS_OnBuyCommand
L 10/04/2022 - 16:12:07: [SM] Exception reported: Array index out-of-bounds (index 64, limit 55)
L 10/04/2022 - 16:12:07: [SM] Blaming: weapon_restrict.smx
L 10/04/2022 - 16:12:07: [SM] Call stack trace:
L 10/04/2022 - 16:12:07: [SM]   [1] Line 202, restrictinc/events.sp::CS_OnBuyCommand
L 10/04/2022 - 16:12:56: [SM] Exception reported: Array index out-of-bounds (index 64, limit 55)
L 10/04/2022 - 16:12:56: [SM] Blaming: weapon_restrict.smx
L 10/04/2022 - 16:12:56: [SM] Call stack trace:
L 10/04/2022 - 16:12:56: [SM]   [1] Line 202, restrictinc/events.sp::CS_OnBuyCommand
L 10/04/2022 - 16:13:26: [SM] Exception reported: Array index out-of-bounds (index 64, limit 55)
L 10/04/2022 - 16:13:26: [SM] Blaming: weapon_restrict.smx
L 10/04/2022 - 16:13:26: [SM] Call stack trace:
L 10/04/2022 - 16:13:26: [SM]   [1] Line 202, restrictinc/events.sp::CS_OnBuyCommand
L 10/04/2022 - 16:13:39: [SM] Exception reported: Array index out-of-bounds (index 64, limit 55)
L 10/04/2022 - 16:13:39: [SM] Blaming: weapon_restrict.smx
L 10/04/2022 - 16:13:39: [SM] Call stack trace:
L 10/04/2022 - 16:13:39: [SM]   [1] Line 202, restrictinc/events.sp::CS_OnBuyCommand
L 10/04/2022 - 16:17:08: [SM] Exception reported: Array index out-of-bounds (index 64, limit 55)
L 10/04/2022 - 16:17:08: [SM] Blaming: weapon_restrict.smx
L 10/04/2022 - 16:17:08: [SM] Call stack trace:
L 10/04/2022 - 16:17:08: [SM]   [1] Line 202, restrictinc/events.sp::CS_OnBuyCommand
L 10/04/2022 - 16:31:40: Error log file session closed.
