L 10/14/2022 - 10:59:54: SourceMod error session started
L 10/14/2022 - 10:59:54: Info (map "de_train") (file "/badfupo/server1/csgo/addons/sourcemod/logs/errors_20221014.log")
L 10/14/2022 - 10:59:54: [SM] Exception reported: Array index out-of-bounds (index 64, limit 55)
L 10/14/2022 - 10:59:54: [SM] Blaming: weapon_restrict.smx
L 10/14/2022 - 10:59:54: [SM] Call stack trace:
L 10/14/2022 - 10:59:54: [SM]   [1] Line 202, restrictinc/events.sp::CS_OnBuyCommand
L 10/14/2022 - 11:00:30: [SM] Exception reported: Array index out-of-bounds (index 64, limit 55)
L 10/14/2022 - 11:00:30: [SM] Blaming: weapon_restrict.smx
L 10/14/2022 - 11:00:30: [SM] Call stack trace:
L 10/14/2022 - 11:00:30: [SM]   [1] Line 202, restrictinc/events.sp::CS_OnBuyCommand
L 10/14/2022 - 11:13:58: Error log file session closed.
L 10/14/2022 - 11:26:43: SourceMod error session started
L 10/14/2022 - 11:26:43: Info (map "de_train") (file "/badfupo/server1/csgo/addons/sourcemod/logs/errors_20221014.log")
L 10/14/2022 - 11:26:43: [SM] Exception reported: Array index out-of-bounds (index 64, limit 55)
L 10/14/2022 - 11:26:43: [SM] Blaming: weapon_restrict.smx
L 10/14/2022 - 11:26:43: [SM] Call stack trace:
L 10/14/2022 - 11:26:43: [SM]   [1] Line 202, restrictinc/events.sp::CS_OnBuyCommand
L 10/14/2022 - 11:51:07: Error log file session closed.
L 10/14/2022 - 12:11:15: SourceMod error session started
L 10/14/2022 - 12:11:15: Info (map "de_train") (file "/badfupo/server1/csgo/addons/sourcemod/logs/errors_20221014.log")
L 10/14/2022 - 12:11:15: [SM] Exception reported: Array index out-of-bounds (index 64, limit 55)
L 10/14/2022 - 12:11:15: [SM] Blaming: weapon_restrict.smx
L 10/14/2022 - 12:11:15: [SM] Call stack trace:
L 10/14/2022 - 12:11:15: [SM]   [1] Line 202, restrictinc/events.sp::CS_OnBuyCommand
L 10/14/2022 - 12:11:16: [SM] Exception reported: Array index out-of-bounds (index 64, limit 55)
L 10/14/2022 - 12:11:16: [SM] Blaming: weapon_restrict.smx
L 10/14/2022 - 12:11:16: [SM] Call stack trace:
L 10/14/2022 - 12:11:16: [SM]   [1] Line 202, restrictinc/events.sp::CS_OnBuyCommand
L 10/14/2022 - 12:33:21: Error log file session closed.
L 10/14/2022 - 12:54:51: SourceMod error session started
L 10/14/2022 - 12:54:51: Info (map "de_train") (file "/badfupo/server1/csgo/addons/sourcemod/logs/errors_20221014.log")
L 10/14/2022 - 12:54:51: [SM] Exception reported: Script execution timed out
L 10/14/2022 - 12:55:09: [SM] Exception reported: Script execution timed out
L 10/14/2022 - 13:03:06: Error log file session closed.
L 10/14/2022 - 13:11:18: SourceMod error session started
L 10/14/2022 - 13:11:18: Info (map "de_train") (file "/badfupo/server1/csgo/addons/sourcemod/logs/errors_20221014.log")
L 10/14/2022 - 13:11:18: [SM] Exception reported: Array index out-of-bounds (index 64, limit 55)
L 10/14/2022 - 13:11:18: [SM] Blaming: weapon_restrict.smx
L 10/14/2022 - 13:11:18: [SM] Call stack trace:
L 10/14/2022 - 13:11:18: [SM]   [1] Line 202, restrictinc/events.sp::CS_OnBuyCommand
L 10/14/2022 - 13:11:18: [SM] Exception reported: Array index out-of-bounds (index 64, limit 55)
L 10/14/2022 - 13:11:18: [SM] Blaming: weapon_restrict.smx
L 10/14/2022 - 13:11:18: [SM] Call stack trace:
L 10/14/2022 - 13:11:18: [SM]   [1] Line 202, restrictinc/events.sp::CS_OnBuyCommand
L 10/14/2022 - 13:41:09: Error log file session closed.
L 10/14/2022 - 13:42:10: SourceMod error session started
L 10/14/2022 - 13:42:10: Info (map "de_train") (file "/badfupo/server1/csgo/addons/sourcemod/logs/errors_20221014.log")
L 10/14/2022 - 13:42:10: [SM] Exception reported: Script execution timed out
L 10/14/2022 - 13:42:10: [sbpp_admcfg.smx] Error(s) Detected Parsing addons/sourcemod/configs/sourcebans/sb_admins.cfg
L 10/14/2022 - 13:42:10: [sbpp_admcfg.smx]  (line 32) Unknown group "OP_GAME"
L 10/14/2022 - 13:42:10: [sbpp_admcfg.smx]  (line 38) Unknown group "OP_GAME"
L 10/14/2022 - 13:42:10: [sbpp_admcfg.smx]  (line 45) Unknown group "OP_GAME"
L 10/14/2022 - 13:42:10: [sbpp_admcfg.smx]  (line 51) Unknown group "OP_GAME"
L 10/14/2022 - 13:53:11: Error log file session closed.
L 10/14/2022 - 13:54:21: SourceMod error session started
L 10/14/2022 - 13:54:21: Info (map "de_train") (file "/badfupo/server1/csgo/addons/sourcemod/logs/errors_20221014.log")
L 10/14/2022 - 13:54:21: [levelsranks.smx] SQL_Callback Error (13539): Lost connection to MySQL server during query
L 10/14/2022 - 14:02:05: [SM] Exception reported: Array index out-of-bounds (index 64, limit 55)
L 10/14/2022 - 14:02:05: [SM] Blaming: weapon_restrict.smx
L 10/14/2022 - 14:02:05: [SM] Call stack trace:
L 10/14/2022 - 14:02:05: [SM]   [1] Line 202, restrictinc/events.sp::CS_OnBuyCommand
L 10/14/2022 - 14:59:29: Error log file session closed.
