L 08/30/2022 - 03:44:58: SourceMod error session started
L 08/30/2022 - 03:44:58: Info (map "de_mirage") (file "/home/csgo/csgo/addons/sourcemod/logs/errors_20220830.log")
L 08/30/2022 - 03:44:58: [SM] Exception reported: Array index out-of-bounds (index 64, limit 55)
L 08/30/2022 - 03:44:58: [SM] Blaming: weapon_restrict.smx
L 08/30/2022 - 03:44:58: [SM] Call stack trace:
L 08/30/2022 - 03:44:58: [SM]   [1] Line 202, restrictinc/events.sp::CS_OnBuyCommand
L 08/30/2022 - 03:45:12: [SM] Exception reported: Array index out-of-bounds (index 64, limit 55)
L 08/30/2022 - 03:45:12: [SM] Blaming: weapon_restrict.smx
L 08/30/2022 - 03:45:12: [SM] Call stack trace:
L 08/30/2022 - 03:45:12: [SM]   [1] Line 202, restrictinc/events.sp::CS_OnBuyCommand
L 08/30/2022 - 03:45:32: [SM] Exception reported: Array index out-of-bounds (index 64, limit 55)
L 08/30/2022 - 03:45:32: [SM] Blaming: weapon_restrict.smx
L 08/30/2022 - 03:45:32: [SM] Call stack trace:
L 08/30/2022 - 03:45:32: [SM]   [1] Line 202, restrictinc/events.sp::CS_OnBuyCommand
L 08/30/2022 - 04:33:11: Error log file session closed.
L 08/30/2022 - 07:04:21: SourceMod error session started
L 08/30/2022 - 07:04:21: Info (map "de_mirage") (file "/home/csgo/csgo/addons/sourcemod/logs/errors_20220830.log")
L 08/30/2022 - 07:04:21: [SM] Exception reported: Array index out-of-bounds (index 64, limit 55)
L 08/30/2022 - 07:04:21: [SM] Blaming: weapon_restrict.smx
L 08/30/2022 - 07:04:21: [SM] Call stack trace:
L 08/30/2022 - 07:04:21: [SM]   [1] Line 202, restrictinc/events.sp::CS_OnBuyCommand
L 08/30/2022 - 09:16:16: Error log file session closed.
L 08/30/2022 - 09:16:34: SourceMod error session started
L 08/30/2022 - 09:16:34: Info (map "de_mirage") (file "/home/csgo/csgo/addons/sourcemod/logs/errors_20220830.log")
L 08/30/2022 - 09:16:34: [SM] Exception reported: Array index out-of-bounds (index 64, limit 55)
L 08/30/2022 - 09:16:34: [SM] Blaming: weapon_restrict.smx
L 08/30/2022 - 09:16:34: [SM] Call stack trace:
L 08/30/2022 - 09:16:34: [SM]   [1] Line 202, restrictinc/events.sp::CS_OnBuyCommand
L 08/30/2022 - 09:16:34: [SM] Exception reported: Array index out-of-bounds (index 64, limit 55)
L 08/30/2022 - 09:16:34: [SM] Blaming: weapon_restrict.smx
L 08/30/2022 - 09:16:34: [SM] Call stack trace:
L 08/30/2022 - 09:16:34: [SM]   [1] Line 202, restrictinc/events.sp::CS_OnBuyCommand
L 08/30/2022 - 09:42:52: Error log file session closed.
L 08/30/2022 - 13:45:09: SourceMod error session started
L 08/30/2022 - 13:45:09: Info (map "de_mirage") (file "/home/csgo/csgo/addons/sourcemod/logs/errors_20220830.log")
L 08/30/2022 - 13:45:09: [warmod.smx] Plug-in tEasyFTP.smx required to auto upload demos
L 08/30/2022 - 14:08:41: Error log file session closed.
L 08/30/2022 - 15:21:27: SourceMod error session started
L 08/30/2022 - 15:21:27: Info (map "de_mirage") (file "/home/csgo/csgo/addons/sourcemod/logs/errors_20220830.log")
L 08/30/2022 - 15:21:27: [SM] Exception reported: Array index out-of-bounds (index 64, limit 55)
L 08/30/2022 - 15:21:27: [SM] Blaming: weapon_restrict.smx
L 08/30/2022 - 15:21:27: [SM] Call stack trace:
L 08/30/2022 - 15:21:27: [SM]   [1] Line 202, restrictinc/events.sp::CS_OnBuyCommand
L 08/30/2022 - 15:22:41: [SM] Exception reported: Array index out-of-bounds (index 64, limit 55)
L 08/30/2022 - 15:22:41: [SM] Blaming: weapon_restrict.smx
L 08/30/2022 - 15:22:41: [SM] Call stack trace:
L 08/30/2022 - 15:22:41: [SM]   [1] Line 202, restrictinc/events.sp::CS_OnBuyCommand
L 08/30/2022 - 15:22:58: [SM] Exception reported: Array index out-of-bounds (index 64, limit 55)
L 08/30/2022 - 15:22:58: [SM] Blaming: weapon_restrict.smx
L 08/30/2022 - 15:22:58: [SM] Call stack trace:
L 08/30/2022 - 15:22:58: [SM]   [1] Line 202, restrictinc/events.sp::CS_OnBuyCommand
L 08/30/2022 - 15:23:58: [SM] Exception reported: Array index out-of-bounds (index 64, limit 55)
L 08/30/2022 - 15:23:58: [SM] Blaming: weapon_restrict.smx
L 08/30/2022 - 15:23:58: [SM] Call stack trace:
L 08/30/2022 - 15:23:58: [SM]   [1] Line 202, restrictinc/events.sp::CS_OnBuyCommand
L 08/30/2022 - 15:25:58: [SM] Exception reported: Array index out-of-bounds (index 64, limit 55)
L 08/30/2022 - 15:25:58: [SM] Blaming: weapon_restrict.smx
L 08/30/2022 - 15:25:58: [SM] Call stack trace:
L 08/30/2022 - 15:25:58: [SM]   [1] Line 202, restrictinc/events.sp::CS_OnBuyCommand
L 08/30/2022 - 15:28:12: [SM] Exception reported: Array index out-of-bounds (index 64, limit 55)
L 08/30/2022 - 15:28:12: [SM] Blaming: weapon_restrict.smx
L 08/30/2022 - 15:28:12: [SM] Call stack trace:
L 08/30/2022 - 15:28:12: [SM]   [1] Line 202, restrictinc/events.sp::CS_OnBuyCommand
L 08/30/2022 - 15:39:03: [SM] Exception reported: Array index out-of-bounds (index 64, limit 55)
L 08/30/2022 - 15:39:03: [SM] Blaming: weapon_restrict.smx
L 08/30/2022 - 15:39:03: [SM] Call stack trace:
L 08/30/2022 - 15:39:03: [SM]   [1] Line 202, restrictinc/events.sp::CS_OnBuyCommand
L 08/30/2022 - 15:40:37: [SM] Exception reported: Array index out-of-bounds (index 64, limit 55)
L 08/30/2022 - 15:40:37: [SM] Blaming: weapon_restrict.smx
L 08/30/2022 - 15:40:37: [SM] Call stack trace:
L 08/30/2022 - 15:40:37: [SM]   [1] Line 202, restrictinc/events.sp::CS_OnBuyCommand
L 08/30/2022 - 15:46:26: [SM] Exception reported: Array index out-of-bounds (index 64, limit 55)
L 08/30/2022 - 15:46:26: [SM] Blaming: weapon_restrict.smx
L 08/30/2022 - 15:46:26: [SM] Call stack trace:
L 08/30/2022 - 15:46:26: [SM]   [1] Line 202, restrictinc/events.sp::CS_OnBuyCommand
L 08/30/2022 - 15:49:59: [SM] Exception reported: Array index out-of-bounds (index 64, limit 55)
L 08/30/2022 - 15:49:59: [SM] Blaming: weapon_restrict.smx
L 08/30/2022 - 15:49:59: [SM] Call stack trace:
L 08/30/2022 - 15:49:59: [SM]   [1] Line 202, restrictinc/events.sp::CS_OnBuyCommand
L 08/30/2022 - 16:03:21: Error log file session closed.
L 08/30/2022 - 21:53:32: SourceMod error session started
L 08/30/2022 - 21:53:32: Info (map "de_mirage") (file "/home/csgo/csgo/addons/sourcemod/logs/errors_20220830.log")
L 08/30/2022 - 21:53:32: [warmod.smx] Plug-in tEasyFTP.smx required to auto upload demos
L 08/30/2022 - 21:54:49: Error log file session closed.
