L 08/12/2022 - 07:24:19: SourceMod error session started
L 08/12/2022 - 07:24:19: Info (map "de_mirage") (file "/home/csgo/csgo/addons/sourcemod/logs/errors_20220812.log")
L 08/12/2022 - 07:24:19: [SM] Fatal error encountered parsing translation file "movecommands.phrases.txt"
L 08/12/2022 - 07:24:19: [SM] Error (line 0, column 0): Stream failed to open
L 08/12/2022 - 11:51:20: Error log file session closed.
L 08/12/2022 - 11:51:20: SourceMod error session started
L 08/12/2022 - 11:51:20: Info (map "de_mirage") (file "/home/csgo/csgo/addons/sourcemod/logs/errors_20220812.log")
L 08/12/2022 - 11:51:20: [SM] Fatal error encountered parsing translation file "movecommands.phrases.txt"
L 08/12/2022 - 11:51:20: [SM] Error (line 0, column 0): Stream failed to open
L 08/12/2022 - 11:58:18: Error log file session closed.
L 08/12/2022 - 11:58:18: SourceMod error session started
L 08/12/2022 - 11:58:18: Info (map "de_mirage") (file "/home/csgo/csgo/addons/sourcemod/logs/errors_20220812.log")
L 08/12/2022 - 11:58:18: [SM] Fatal error encountered parsing translation file "movecommands.phrases.txt"
L 08/12/2022 - 11:58:18: [SM] Error (line 0, column 0): Stream failed to open
L 08/12/2022 - 11:59:47: [c5_pug.smx] GOTV demo could not be recorded since tv_enable is not set to 1
L 08/12/2022 - 12:00:40: [SM] Exception reported: Array index out-of-bounds (index 64, limit 55)
L 08/12/2022 - 12:00:40: [SM] Blaming: weapon_restrict.smx
L 08/12/2022 - 12:00:40: [SM] Call stack trace:
L 08/12/2022 - 12:00:40: [SM]   [1] Line 202, restrictinc/events.sp::CS_OnBuyCommand
L 08/12/2022 - 12:15:52: [SM] Exception reported: Array index out-of-bounds (index 64, limit 55)
L 08/12/2022 - 12:15:52: [SM] Blaming: weapon_restrict.smx
L 08/12/2022 - 12:15:52: [SM] Call stack trace:
L 08/12/2022 - 12:15:52: [SM]   [1] Line 202, restrictinc/events.sp::CS_OnBuyCommand
L 08/12/2022 - 12:26:10: [c5_pug.smx] GOTV demo could not be recorded since tv_enable is not set to 1
L 08/12/2022 - 12:27:05: [SM] Exception reported: Array index out-of-bounds (index 64, limit 55)
L 08/12/2022 - 12:27:05: [SM] Blaming: weapon_restrict.smx
L 08/12/2022 - 12:27:05: [SM] Call stack trace:
L 08/12/2022 - 12:27:05: [SM]   [1] Line 202, restrictinc/events.sp::CS_OnBuyCommand
L 08/12/2022 - 12:27:11: [SM] Exception reported: Array index out-of-bounds (index 64, limit 55)
L 08/12/2022 - 12:27:11: [SM] Blaming: weapon_restrict.smx
L 08/12/2022 - 12:27:11: [SM] Call stack trace:
L 08/12/2022 - 12:27:11: [SM]   [1] Line 202, restrictinc/events.sp::CS_OnBuyCommand
L 08/12/2022 - 12:34:44: [SM] Exception reported: Array index out-of-bounds (index 64, limit 55)
L 08/12/2022 - 12:34:44: [SM] Blaming: weapon_restrict.smx
L 08/12/2022 - 12:34:44: [SM] Call stack trace:
L 08/12/2022 - 12:34:44: [SM]   [1] Line 202, restrictinc/events.sp::CS_OnBuyCommand
L 08/12/2022 - 12:34:58: [c5_pug.smx] GOTV demo could not be recorded since tv_enable is not set to 1
L 08/12/2022 - 12:35:00: [SM] Exception reported: Array index out-of-bounds (index 64, limit 55)
L 08/12/2022 - 12:35:00: [SM] Blaming: weapon_restrict.smx
L 08/12/2022 - 12:35:00: [SM] Call stack trace:
L 08/12/2022 - 12:35:00: [SM]   [1] Line 202, restrictinc/events.sp::CS_OnBuyCommand
L 08/12/2022 - 12:35:38: [SM] Exception reported: Array index out-of-bounds (index 64, limit 55)
L 08/12/2022 - 12:35:38: [SM] Blaming: weapon_restrict.smx
L 08/12/2022 - 12:35:38: [SM] Call stack trace:
L 08/12/2022 - 12:35:38: [SM]   [1] Line 202, restrictinc/events.sp::CS_OnBuyCommand
L 08/12/2022 - 12:39:18: [SM] Exception reported: Array index out-of-bounds (index 64, limit 55)
L 08/12/2022 - 12:39:18: [SM] Blaming: weapon_restrict.smx
L 08/12/2022 - 12:39:18: [SM] Call stack trace:
L 08/12/2022 - 12:39:18: [SM]   [1] Line 202, restrictinc/events.sp::CS_OnBuyCommand
L 08/12/2022 - 12:40:24: [SM] Exception reported: Array index out-of-bounds (index 64, limit 55)
L 08/12/2022 - 12:40:24: [SM] Blaming: weapon_restrict.smx
L 08/12/2022 - 12:40:24: [SM] Call stack trace:
L 08/12/2022 - 12:40:24: [SM]   [1] Line 202, restrictinc/events.sp::CS_OnBuyCommand
L 08/12/2022 - 12:43:06: [SM] Exception reported: Array index out-of-bounds (index 64, limit 55)
L 08/12/2022 - 12:43:06: [SM] Blaming: weapon_restrict.smx
L 08/12/2022 - 12:43:06: [SM] Call stack trace:
L 08/12/2022 - 12:43:06: [SM]   [1] Line 202, restrictinc/events.sp::CS_OnBuyCommand
L 08/12/2022 - 12:44:57: [SM] Exception reported: Array index out-of-bounds (index 64, limit 55)
L 08/12/2022 - 12:44:57: [SM] Blaming: weapon_restrict.smx
L 08/12/2022 - 12:44:57: [SM] Call stack trace:
L 08/12/2022 - 12:44:57: [SM]   [1] Line 202, restrictinc/events.sp::CS_OnBuyCommand
L 08/12/2022 - 12:45:33: [SM] Exception reported: Array index out-of-bounds (index 64, limit 55)
L 08/12/2022 - 12:45:33: [SM] Blaming: weapon_restrict.smx
L 08/12/2022 - 12:45:33: [SM] Call stack trace:
L 08/12/2022 - 12:45:33: [SM]   [1] Line 202, restrictinc/events.sp::CS_OnBuyCommand
L 08/12/2022 - 12:46:06: [SM] Exception reported: Array index out-of-bounds (index 64, limit 55)
L 08/12/2022 - 12:46:06: [SM] Blaming: weapon_restrict.smx
L 08/12/2022 - 12:46:06: [SM] Call stack trace:
L 08/12/2022 - 12:46:06: [SM]   [1] Line 202, restrictinc/events.sp::CS_OnBuyCommand
L 08/12/2022 - 12:48:10: [SM] Exception reported: Array index out-of-bounds (index 64, limit 55)
L 08/12/2022 - 12:48:10: [SM] Blaming: weapon_restrict.smx
L 08/12/2022 - 12:48:10: [SM] Call stack trace:
L 08/12/2022 - 12:48:10: [SM]   [1] Line 202, restrictinc/events.sp::CS_OnBuyCommand
L 08/12/2022 - 12:48:15: [SM] Exception reported: Array index out-of-bounds (index 64, limit 55)
L 08/12/2022 - 12:48:15: [SM] Blaming: weapon_restrict.smx
L 08/12/2022 - 12:48:15: [SM] Call stack trace:
L 08/12/2022 - 12:48:15: [SM]   [1] Line 202, restrictinc/events.sp::CS_OnBuyCommand
L 08/12/2022 - 12:53:33: [SM] Exception reported: Array index out-of-bounds (index 64, limit 55)
L 08/12/2022 - 12:53:33: [SM] Blaming: weapon_restrict.smx
L 08/12/2022 - 12:53:33: [SM] Call stack trace:
L 08/12/2022 - 12:53:33: [SM]   [1] Line 202, restrictinc/events.sp::CS_OnBuyCommand
L 08/12/2022 - 12:54:21: [SM] Exception reported: Array index out-of-bounds (index 64, limit 55)
L 08/12/2022 - 12:54:21: [SM] Blaming: weapon_restrict.smx
L 08/12/2022 - 12:54:21: [SM] Call stack trace:
L 08/12/2022 - 12:54:21: [SM]   [1] Line 202, restrictinc/events.sp::CS_OnBuyCommand
L 08/12/2022 - 13:21:43: Error log file session closed.
L 08/12/2022 - 13:21:43: SourceMod error session started
L 08/12/2022 - 13:21:43: Info (map "de_mirage") (file "/home/csgo/csgo/addons/sourcemod/logs/errors_20220812.log")
L 08/12/2022 - 13:21:43: [SM] Fatal error encountered parsing translation file "movecommands.phrases.txt"
L 08/12/2022 - 13:21:43: [SM] Error (line 0, column 0): Stream failed to open
L 08/12/2022 - 13:26:16: [c5_pug.smx] GOTV demo could not be recorded since tv_enable is not set to 1
L 08/12/2022 - 13:27:11: [SM] Exception reported: Array index out-of-bounds (index 64, limit 55)
L 08/12/2022 - 13:27:11: [SM] Blaming: weapon_restrict.smx
L 08/12/2022 - 13:27:11: [SM] Call stack trace:
L 08/12/2022 - 13:27:11: [SM]   [1] Line 202, restrictinc/events.sp::CS_OnBuyCommand
L 08/12/2022 - 13:41:00: [SM] Exception reported: Array index out-of-bounds (index 64, limit 55)
L 08/12/2022 - 13:41:00: [SM] Blaming: weapon_restrict.smx
L 08/12/2022 - 13:41:00: [SM] Call stack trace:
L 08/12/2022 - 13:41:00: [SM]   [1] Line 202, restrictinc/events.sp::CS_OnBuyCommand
L 08/12/2022 - 13:55:20: [c5_pug.smx] GOTV demo could not be recorded since tv_enable is not set to 1
L 08/12/2022 - 19:23:43: Error log file session closed.
L 08/12/2022 - 19:23:43: SourceMod error session started
L 08/12/2022 - 19:23:43: Info (map "de_mirage") (file "/home/csgo/csgo/addons/sourcemod/logs/errors_20220812.log")
L 08/12/2022 - 19:23:43: [SM] Fatal error encountered parsing translation file "movecommands.phrases.txt"
L 08/12/2022 - 19:23:43: [SM] Error (line 0, column 0): Stream failed to open
L 08/12/2022 - 19:25:38: [c5_pug.smx] GOTV demo could not be recorded since tv_enable is not set to 1
L 08/12/2022 - 19:26:40: [SM] Exception reported: Array index out-of-bounds (index 64, limit 55)
L 08/12/2022 - 19:26:40: [SM] Blaming: weapon_restrict.smx
L 08/12/2022 - 19:26:40: [SM] Call stack trace:
L 08/12/2022 - 19:26:40: [SM]   [1] Line 202, restrictinc/events.sp::CS_OnBuyCommand
L 08/12/2022 - 19:26:45: [SM] Exception reported: Array index out-of-bounds (index 64, limit 55)
L 08/12/2022 - 19:26:45: [SM] Blaming: weapon_restrict.smx
L 08/12/2022 - 19:26:45: [SM] Call stack trace:
L 08/12/2022 - 19:26:45: [SM]   [1] Line 202, restrictinc/events.sp::CS_OnBuyCommand
L 08/12/2022 - 19:52:11: Error log file session closed.
L 08/12/2022 - 19:52:11: SourceMod error session started
L 08/12/2022 - 19:52:11: Info (map "de_mirage") (file "/home/csgo/csgo/addons/sourcemod/logs/errors_20220812.log")
L 08/12/2022 - 19:52:11: [SM] Fatal error encountered parsing translation file "movecommands.phrases.txt"
L 08/12/2022 - 19:52:11: [SM] Error (line 0, column 0): Stream failed to open
L 08/12/2022 - 19:53:46: [SM] Exception reported: Array index out-of-bounds (index 64, limit 55)
L 08/12/2022 - 19:53:46: [SM] Blaming: weapon_restrict.smx
L 08/12/2022 - 19:53:46: [SM] Call stack trace:
L 08/12/2022 - 19:53:46: [SM]   [1] Line 202, restrictinc/events.sp::CS_OnBuyCommand
L 08/12/2022 - 19:57:27: [SM] Exception reported: Array index out-of-bounds (index 64, limit 55)
L 08/12/2022 - 19:57:27: [SM] Blaming: weapon_restrict.smx
L 08/12/2022 - 19:57:27: [SM] Call stack trace:
L 08/12/2022 - 19:57:27: [SM]   [1] Line 202, restrictinc/events.sp::CS_OnBuyCommand
L 08/12/2022 - 19:57:35: [SM] Exception reported: Array index out-of-bounds (index 64, limit 55)
L 08/12/2022 - 19:57:35: [SM] Blaming: weapon_restrict.smx
L 08/12/2022 - 19:57:35: [SM] Call stack trace:
L 08/12/2022 - 19:57:35: [SM]   [1] Line 202, restrictinc/events.sp::CS_OnBuyCommand
L 08/12/2022 - 20:07:12: [SM] Exception reported: Array index out-of-bounds (index 64, limit 55)
L 08/12/2022 - 20:07:12: [SM] Blaming: weapon_restrict.smx
L 08/12/2022 - 20:07:12: [SM] Call stack trace:
L 08/12/2022 - 20:07:12: [SM]   [1] Line 202, restrictinc/events.sp::CS_OnBuyCommand
L 08/12/2022 - 20:07:16: [SM] Exception reported: Array index out-of-bounds (index 64, limit 55)
L 08/12/2022 - 20:07:16: [SM] Blaming: weapon_restrict.smx
L 08/12/2022 - 20:07:16: [SM] Call stack trace:
L 08/12/2022 - 20:07:16: [SM]   [1] Line 202, restrictinc/events.sp::CS_OnBuyCommand
L 08/12/2022 - 20:07:22: [SM] Exception reported: Array index out-of-bounds (index 64, limit 55)
L 08/12/2022 - 20:07:22: [SM] Blaming: weapon_restrict.smx
L 08/12/2022 - 20:07:22: [SM] Call stack trace:
L 08/12/2022 - 20:07:22: [SM]   [1] Line 202, restrictinc/events.sp::CS_OnBuyCommand
L 08/12/2022 - 20:07:40: [c5_pug.smx] GOTV demo could not be recorded since tv_enable is not set to 1
L 08/12/2022 - 20:07:40: [SM] Exception reported: Array index out-of-bounds (index 64, limit 55)
L 08/12/2022 - 20:07:40: [SM] Blaming: weapon_restrict.smx
L 08/12/2022 - 20:07:40: [SM] Call stack trace:
L 08/12/2022 - 20:07:40: [SM]   [1] Line 202, restrictinc/events.sp::CS_OnBuyCommand
L 08/12/2022 - 20:10:15: [SM] Exception reported: Array index out-of-bounds (index 64, limit 55)
L 08/12/2022 - 20:10:15: [SM] Blaming: weapon_restrict.smx
L 08/12/2022 - 20:10:15: [SM] Call stack trace:
L 08/12/2022 - 20:10:15: [SM]   [1] Line 202, restrictinc/events.sp::CS_OnBuyCommand
L 08/12/2022 - 20:10:17: [SM] Exception reported: Array index out-of-bounds (index 64, limit 55)
L 08/12/2022 - 20:10:17: [SM] Blaming: weapon_restrict.smx
L 08/12/2022 - 20:10:17: [SM] Call stack trace:
L 08/12/2022 - 20:10:17: [SM]   [1] Line 202, restrictinc/events.sp::CS_OnBuyCommand
L 08/12/2022 - 20:10:18: [SM] Exception reported: Array index out-of-bounds (index 64, limit 55)
L 08/12/2022 - 20:10:18: [SM] Blaming: weapon_restrict.smx
L 08/12/2022 - 20:10:18: [SM] Call stack trace:
L 08/12/2022 - 20:10:18: [SM]   [1] Line 202, restrictinc/events.sp::CS_OnBuyCommand
L 08/12/2022 - 20:10:21: [SM] Exception reported: Array index out-of-bounds (index 64, limit 55)
L 08/12/2022 - 20:10:21: [SM] Blaming: weapon_restrict.smx
L 08/12/2022 - 20:10:21: [SM] Call stack trace:
L 08/12/2022 - 20:10:21: [SM]   [1] Line 202, restrictinc/events.sp::CS_OnBuyCommand
L 08/12/2022 - 20:10:22: [SM] Exception reported: Array index out-of-bounds (index 64, limit 55)
L 08/12/2022 - 20:10:22: [SM] Blaming: weapon_restrict.smx
L 08/12/2022 - 20:10:22: [SM] Call stack trace:
L 08/12/2022 - 20:10:22: [SM]   [1] Line 202, restrictinc/events.sp::CS_OnBuyCommand
L 08/12/2022 - 20:10:30: [SM] Exception reported: Array index out-of-bounds (index 64, limit 55)
L 08/12/2022 - 20:10:30: [SM] Blaming: weapon_restrict.smx
L 08/12/2022 - 20:10:30: [SM] Call stack trace:
L 08/12/2022 - 20:10:30: [SM]   [1] Line 202, restrictinc/events.sp::CS_OnBuyCommand
L 08/12/2022 - 20:12:36: [SM] Exception reported: Array index out-of-bounds (index 64, limit 55)
L 08/12/2022 - 20:12:36: [SM] Blaming: weapon_restrict.smx
L 08/12/2022 - 20:12:36: [SM] Call stack trace:
L 08/12/2022 - 20:12:36: [SM]   [1] Line 202, restrictinc/events.sp::CS_OnBuyCommand
L 08/12/2022 - 20:12:38: [SM] Exception reported: Array index out-of-bounds (index 64, limit 55)
L 08/12/2022 - 20:12:38: [SM] Blaming: weapon_restrict.smx
L 08/12/2022 - 20:12:38: [SM] Call stack trace:
L 08/12/2022 - 20:12:38: [SM]   [1] Line 202, restrictinc/events.sp::CS_OnBuyCommand
L 08/12/2022 - 20:12:44: [SM] Exception reported: Array index out-of-bounds (index 64, limit 55)
L 08/12/2022 - 20:12:44: [SM] Blaming: weapon_restrict.smx
L 08/12/2022 - 20:12:44: [SM] Call stack trace:
L 08/12/2022 - 20:12:44: [SM]   [1] Line 202, restrictinc/events.sp::CS_OnBuyCommand
L 08/12/2022 - 20:14:55: [SM] Exception reported: Array index out-of-bounds (index 64, limit 55)
L 08/12/2022 - 20:14:55: [SM] Blaming: weapon_restrict.smx
L 08/12/2022 - 20:14:55: [SM] Call stack trace:
L 08/12/2022 - 20:14:55: [SM]   [1] Line 202, restrictinc/events.sp::CS_OnBuyCommand
L 08/12/2022 - 20:14:57: [SM] Exception reported: Array index out-of-bounds (index 64, limit 55)
L 08/12/2022 - 20:14:57: [SM] Blaming: weapon_restrict.smx
L 08/12/2022 - 20:14:57: [SM] Call stack trace:
L 08/12/2022 - 20:14:57: [SM]   [1] Line 202, restrictinc/events.sp::CS_OnBuyCommand
L 08/12/2022 - 20:15:01: [SM] Exception reported: Array index out-of-bounds (index 64, limit 55)
L 08/12/2022 - 20:15:01: [SM] Blaming: weapon_restrict.smx
L 08/12/2022 - 20:15:01: [SM] Call stack trace:
L 08/12/2022 - 20:15:01: [SM]   [1] Line 202, restrictinc/events.sp::CS_OnBuyCommand
L 08/12/2022 - 20:17:18: [SM] Exception reported: Array index out-of-bounds (index 64, limit 55)
L 08/12/2022 - 20:17:18: [SM] Blaming: weapon_restrict.smx
L 08/12/2022 - 20:17:18: [SM] Call stack trace:
L 08/12/2022 - 20:17:18: [SM]   [1] Line 202, restrictinc/events.sp::CS_OnBuyCommand
L 08/12/2022 - 20:17:27: [SM] Exception reported: Array index out-of-bounds (index 64, limit 55)
L 08/12/2022 - 20:17:27: [SM] Blaming: weapon_restrict.smx
L 08/12/2022 - 20:17:27: [SM] Call stack trace:
L 08/12/2022 - 20:17:27: [SM]   [1] Line 202, restrictinc/events.sp::CS_OnBuyCommand
L 08/12/2022 - 20:19:18: [SM] Exception reported: Array index out-of-bounds (index 64, limit 55)
L 08/12/2022 - 20:19:18: [SM] Blaming: weapon_restrict.smx
L 08/12/2022 - 20:19:18: [SM] Call stack trace:
L 08/12/2022 - 20:19:18: [SM]   [1] Line 202, restrictinc/events.sp::CS_OnBuyCommand
L 08/12/2022 - 20:19:19: [SM] Exception reported: Array index out-of-bounds (index 64, limit 55)
L 08/12/2022 - 20:19:19: [SM] Blaming: weapon_restrict.smx
L 08/12/2022 - 20:19:19: [SM] Call stack trace:
L 08/12/2022 - 20:19:19: [SM]   [1] Line 202, restrictinc/events.sp::CS_OnBuyCommand
L 08/12/2022 - 20:21:39: [SM] Exception reported: Array index out-of-bounds (index 64, limit 55)
L 08/12/2022 - 20:21:39: [SM] Blaming: weapon_restrict.smx
L 08/12/2022 - 20:21:39: [SM] Call stack trace:
L 08/12/2022 - 20:21:39: [SM]   [1] Line 202, restrictinc/events.sp::CS_OnBuyCommand
L 08/12/2022 - 20:21:55: [SM] Exception reported: Array index out-of-bounds (index 64, limit 55)
L 08/12/2022 - 20:21:55: [SM] Blaming: weapon_restrict.smx
L 08/12/2022 - 20:21:55: [SM] Call stack trace:
L 08/12/2022 - 20:21:55: [SM]   [1] Line 202, restrictinc/events.sp::CS_OnBuyCommand
L 08/12/2022 - 20:24:43: [SM] Exception reported: Array index out-of-bounds (index 64, limit 55)
L 08/12/2022 - 20:24:43: [SM] Blaming: weapon_restrict.smx
L 08/12/2022 - 20:24:43: [SM] Call stack trace:
L 08/12/2022 - 20:24:43: [SM]   [1] Line 202, restrictinc/events.sp::CS_OnBuyCommand
L 08/12/2022 - 20:24:43: [SM] Exception reported: Array index out-of-bounds (index 64, limit 55)
L 08/12/2022 - 20:24:43: [SM] Blaming: weapon_restrict.smx
L 08/12/2022 - 20:24:43: [SM] Call stack trace:
L 08/12/2022 - 20:24:43: [SM]   [1] Line 202, restrictinc/events.sp::CS_OnBuyCommand
L 08/12/2022 - 20:26:02: [SM] Exception reported: Array index out-of-bounds (index 64, limit 55)
L 08/12/2022 - 20:26:02: [SM] Blaming: weapon_restrict.smx
L 08/12/2022 - 20:26:02: [SM] Call stack trace:
L 08/12/2022 - 20:26:02: [SM]   [1] Line 202, restrictinc/events.sp::CS_OnBuyCommand
L 08/12/2022 - 20:26:57: [SM] Exception reported: Array index out-of-bounds (index 64, limit 55)
L 08/12/2022 - 20:26:57: [SM] Blaming: weapon_restrict.smx
L 08/12/2022 - 20:26:57: [SM] Call stack trace:
L 08/12/2022 - 20:26:57: [SM]   [1] Line 202, restrictinc/events.sp::CS_OnBuyCommand
L 08/12/2022 - 20:27:01: [SM] Exception reported: Array index out-of-bounds (index 64, limit 55)
L 08/12/2022 - 20:27:01: [SM] Blaming: weapon_restrict.smx
L 08/12/2022 - 20:27:01: [SM] Call stack trace:
L 08/12/2022 - 20:27:01: [SM]   [1] Line 202, restrictinc/events.sp::CS_OnBuyCommand
L 08/12/2022 - 20:28:03: [SM] Exception reported: Array index out-of-bounds (index 64, limit 55)
L 08/12/2022 - 20:28:03: [SM] Blaming: weapon_restrict.smx
L 08/12/2022 - 20:28:03: [SM] Call stack trace:
L 08/12/2022 - 20:28:03: [SM]   [1] Line 202, restrictinc/events.sp::CS_OnBuyCommand
L 08/12/2022 - 20:31:59: [SM] Exception reported: Array index out-of-bounds (index 64, limit 55)
L 08/12/2022 - 20:31:59: [SM] Blaming: weapon_restrict.smx
L 08/12/2022 - 20:31:59: [SM] Call stack trace:
L 08/12/2022 - 20:31:59: [SM]   [1] Line 202, restrictinc/events.sp::CS_OnBuyCommand
L 08/12/2022 - 20:32:40: [SM] Exception reported: Array index out-of-bounds (index 64, limit 55)
L 08/12/2022 - 20:32:40: [SM] Blaming: weapon_restrict.smx
L 08/12/2022 - 20:32:40: [SM] Call stack trace:
L 08/12/2022 - 20:32:40: [SM]   [1] Line 202, restrictinc/events.sp::CS_OnBuyCommand
L 08/12/2022 - 20:32:42: [SM] Exception reported: Array index out-of-bounds (index 64, limit 55)
L 08/12/2022 - 20:32:42: [SM] Blaming: weapon_restrict.smx
L 08/12/2022 - 20:32:42: [SM] Call stack trace:
L 08/12/2022 - 20:32:42: [SM]   [1] Line 202, restrictinc/events.sp::CS_OnBuyCommand
L 08/12/2022 - 20:32:47: [SM] Exception reported: Array index out-of-bounds (index 64, limit 55)
L 08/12/2022 - 20:32:47: [SM] Blaming: weapon_restrict.smx
L 08/12/2022 - 20:32:47: [SM] Call stack trace:
L 08/12/2022 - 20:32:47: [SM]   [1] Line 202, restrictinc/events.sp::CS_OnBuyCommand
L 08/12/2022 - 20:36:57: [SM] Exception reported: Array index out-of-bounds (index 64, limit 55)
L 08/12/2022 - 20:36:57: [SM] Blaming: weapon_restrict.smx
L 08/12/2022 - 20:36:57: [SM] Call stack trace:
L 08/12/2022 - 20:36:57: [SM]   [1] Line 202, restrictinc/events.sp::CS_OnBuyCommand
L 08/12/2022 - 20:38:12: [SM] Exception reported: Array index out-of-bounds (index 64, limit 55)
L 08/12/2022 - 20:38:12: [SM] Blaming: weapon_restrict.smx
L 08/12/2022 - 20:38:12: [SM] Call stack trace:
L 08/12/2022 - 20:38:12: [SM]   [1] Line 202, restrictinc/events.sp::CS_OnBuyCommand
L 08/12/2022 - 20:38:35: [SM] Exception reported: Array index out-of-bounds (index 64, limit 55)
L 08/12/2022 - 20:38:35: [SM] Blaming: weapon_restrict.smx
L 08/12/2022 - 20:38:35: [SM] Call stack trace:
L 08/12/2022 - 20:38:35: [SM]   [1] Line 202, restrictinc/events.sp::CS_OnBuyCommand
L 08/12/2022 - 20:38:46: [SM] Exception reported: Array index out-of-bounds (index 64, limit 55)
L 08/12/2022 - 20:38:46: [SM] Blaming: weapon_restrict.smx
L 08/12/2022 - 20:38:46: [SM] Call stack trace:
L 08/12/2022 - 20:38:46: [SM]   [1] Line 202, restrictinc/events.sp::CS_OnBuyCommand
L 08/13/2022 - 02:29:32: Error log file session closed.
