L 09/25/2022 - 02:53:42: SourceMod error session started
L 09/25/2022 - 02:53:42: Info (map "de_mirage") (file "/badfupo/server1/csgo/addons/sourcemod/logs/errors_20220925.log")
L 09/25/2022 - 02:53:42: [SM] Exception reported: Array index out-of-bounds (index 64, limit 55)
L 09/25/2022 - 02:53:42: [SM] Blaming: weapon_restrict.smx
L 09/25/2022 - 02:53:42: [SM] Call stack trace:
L 09/25/2022 - 02:53:42: [SM]   [1] Line 202, restrictinc/events.sp::CS_OnBuyCommand
L 09/25/2022 - 02:53:42: [SM] Exception reported: Array index out-of-bounds (index 64, limit 55)
L 09/25/2022 - 02:53:42: [SM] Blaming: weapon_restrict.smx
L 09/25/2022 - 02:53:42: [SM] Call stack trace:
L 09/25/2022 - 02:53:42: [SM]   [1] Line 202, restrictinc/events.sp::CS_OnBuyCommand
L 09/25/2022 - 02:53:42: [SM] Exception reported: Array index out-of-bounds (index 64, limit 55)
L 09/25/2022 - 02:53:42: [SM] Blaming: weapon_restrict.smx
L 09/25/2022 - 02:53:42: [SM] Call stack trace:
L 09/25/2022 - 02:53:42: [SM]   [1] Line 202, restrictinc/events.sp::CS_OnBuyCommand
L 09/25/2022 - 03:09:36: [SM] Exception reported: Array index out-of-bounds (index 64, limit 55)
L 09/25/2022 - 03:09:36: [SM] Blaming: weapon_restrict.smx
L 09/25/2022 - 03:09:36: [SM] Call stack trace:
L 09/25/2022 - 03:09:36: [SM]   [1] Line 202, restrictinc/events.sp::CS_OnBuyCommand
L 09/25/2022 - 03:46:37: Error log file session closed.
L 09/25/2022 - 03:46:51: SourceMod error session started
L 09/25/2022 - 03:46:51: Info (map "de_mirage") (file "/badfupo/server1/csgo/addons/sourcemod/logs/errors_20220925.log")
L 09/25/2022 - 03:46:51: [SM] Exception reported: Array index out-of-bounds (index 64, limit 55)
L 09/25/2022 - 03:46:51: [SM] Blaming: weapon_restrict.smx
L 09/25/2022 - 03:46:51: [SM] Call stack trace:
L 09/25/2022 - 03:46:51: [SM]   [1] Line 202, restrictinc/events.sp::CS_OnBuyCommand
L 09/25/2022 - 03:46:51: [SM] Exception reported: Array index out-of-bounds (index 64, limit 55)
L 09/25/2022 - 03:46:51: [SM] Blaming: weapon_restrict.smx
L 09/25/2022 - 03:46:51: [SM] Call stack trace:
L 09/25/2022 - 03:46:51: [SM]   [1] Line 202, restrictinc/events.sp::CS_OnBuyCommand
L 09/25/2022 - 03:46:51: [SM] Exception reported: Array index out-of-bounds (index 64, limit 55)
L 09/25/2022 - 03:46:51: [SM] Blaming: weapon_restrict.smx
L 09/25/2022 - 03:46:51: [SM] Call stack trace:
L 09/25/2022 - 03:46:51: [SM]   [1] Line 202, restrictinc/events.sp::CS_OnBuyCommand
L 09/25/2022 - 03:47:10: Error log file session closed.
L 09/25/2022 - 04:06:26: SourceMod error session started
L 09/25/2022 - 04:06:26: Info (map "de_mirage") (file "/badfupo/server1/csgo/addons/sourcemod/logs/errors_20220925.log")
L 09/25/2022 - 04:06:26: [SM] Exception reported: Array index out-of-bounds (index 64, limit 55)
L 09/25/2022 - 04:06:26: [SM] Blaming: weapon_restrict.smx
L 09/25/2022 - 04:06:26: [SM] Call stack trace:
L 09/25/2022 - 04:06:26: [SM]   [1] Line 202, restrictinc/events.sp::CS_OnBuyCommand
L 09/25/2022 - 04:06:35: [SM] Exception reported: Array index out-of-bounds (index 64, limit 55)
L 09/25/2022 - 04:06:35: [SM] Blaming: weapon_restrict.smx
L 09/25/2022 - 04:06:35: [SM] Call stack trace:
L 09/25/2022 - 04:06:35: [SM]   [1] Line 202, restrictinc/events.sp::CS_OnBuyCommand
L 09/25/2022 - 04:06:43: [SM] Exception reported: Array index out-of-bounds (index 64, limit 55)
L 09/25/2022 - 04:06:43: [SM] Blaming: weapon_restrict.smx
L 09/25/2022 - 04:06:43: [SM] Call stack trace:
L 09/25/2022 - 04:06:43: [SM]   [1] Line 202, restrictinc/events.sp::CS_OnBuyCommand
L 09/25/2022 - 04:07:54: [SM] Exception reported: Array index out-of-bounds (index 64, limit 55)
L 09/25/2022 - 04:07:54: [SM] Blaming: weapon_restrict.smx
L 09/25/2022 - 04:07:54: [SM] Call stack trace:
L 09/25/2022 - 04:07:54: [SM]   [1] Line 202, restrictinc/events.sp::CS_OnBuyCommand
L 09/25/2022 - 04:08:26: [SM] Exception reported: Array index out-of-bounds (index 64, limit 55)
L 09/25/2022 - 04:08:26: [SM] Blaming: weapon_restrict.smx
L 09/25/2022 - 04:08:26: [SM] Call stack trace:
L 09/25/2022 - 04:08:26: [SM]   [1] Line 202, restrictinc/events.sp::CS_OnBuyCommand
L 09/25/2022 - 04:08:43: [SM] Exception reported: Array index out-of-bounds (index 64, limit 55)
L 09/25/2022 - 04:08:43: [SM] Blaming: weapon_restrict.smx
L 09/25/2022 - 04:08:43: [SM] Call stack trace:
L 09/25/2022 - 04:08:43: [SM]   [1] Line 202, restrictinc/events.sp::CS_OnBuyCommand
L 09/25/2022 - 04:08:53: [SM] Exception reported: Array index out-of-bounds (index 64, limit 55)
L 09/25/2022 - 04:08:53: [SM] Blaming: weapon_restrict.smx
L 09/25/2022 - 04:08:53: [SM] Call stack trace:
L 09/25/2022 - 04:08:53: [SM]   [1] Line 202, restrictinc/events.sp::CS_OnBuyCommand
L 09/25/2022 - 04:08:59: [SM] Exception reported: Array index out-of-bounds (index 64, limit 55)
L 09/25/2022 - 04:08:59: [SM] Blaming: weapon_restrict.smx
L 09/25/2022 - 04:08:59: [SM] Call stack trace:
L 09/25/2022 - 04:08:59: [SM]   [1] Line 202, restrictinc/events.sp::CS_OnBuyCommand
L 09/25/2022 - 04:09:05: [SM] Exception reported: Array index out-of-bounds (index 64, limit 55)
L 09/25/2022 - 04:09:05: [SM] Blaming: weapon_restrict.smx
L 09/25/2022 - 04:09:05: [SM] Call stack trace:
L 09/25/2022 - 04:09:05: [SM]   [1] Line 202, restrictinc/events.sp::CS_OnBuyCommand
L 09/25/2022 - 04:09:30: [SM] Exception reported: Array index out-of-bounds (index 64, limit 55)
L 09/25/2022 - 04:09:30: [SM] Blaming: weapon_restrict.smx
L 09/25/2022 - 04:09:30: [SM] Call stack trace:
L 09/25/2022 - 04:09:30: [SM]   [1] Line 202, restrictinc/events.sp::CS_OnBuyCommand
L 09/25/2022 - 04:09:39: [SM] Exception reported: Array index out-of-bounds (index 64, limit 55)
L 09/25/2022 - 04:09:39: [SM] Blaming: weapon_restrict.smx
L 09/25/2022 - 04:09:39: [SM] Call stack trace:
L 09/25/2022 - 04:09:39: [SM]   [1] Line 202, restrictinc/events.sp::CS_OnBuyCommand
L 09/25/2022 - 04:09:46: [SM] Exception reported: Array index out-of-bounds (index 64, limit 55)
L 09/25/2022 - 04:09:46: [SM] Blaming: weapon_restrict.smx
L 09/25/2022 - 04:09:46: [SM] Call stack trace:
L 09/25/2022 - 04:09:46: [SM]   [1] Line 202, restrictinc/events.sp::CS_OnBuyCommand
L 09/25/2022 - 04:09:50: [SM] Exception reported: Array index out-of-bounds (index 64, limit 55)
L 09/25/2022 - 04:09:50: [SM] Blaming: weapon_restrict.smx
L 09/25/2022 - 04:09:50: [SM] Call stack trace:
L 09/25/2022 - 04:09:50: [SM]   [1] Line 202, restrictinc/events.sp::CS_OnBuyCommand
L 09/25/2022 - 04:10:10: [SM] Exception reported: Array index out-of-bounds (index 64, limit 55)
L 09/25/2022 - 04:10:10: [SM] Blaming: weapon_restrict.smx
L 09/25/2022 - 04:10:10: [SM] Call stack trace:
L 09/25/2022 - 04:10:10: [SM]   [1] Line 202, restrictinc/events.sp::CS_OnBuyCommand
L 09/25/2022 - 04:10:17: [SM] Exception reported: Array index out-of-bounds (index 64, limit 55)
L 09/25/2022 - 04:10:17: [SM] Blaming: weapon_restrict.smx
L 09/25/2022 - 04:10:17: [SM] Call stack trace:
L 09/25/2022 - 04:10:17: [SM]   [1] Line 202, restrictinc/events.sp::CS_OnBuyCommand
L 09/25/2022 - 04:10:22: [SM] Exception reported: Array index out-of-bounds (index 64, limit 55)
L 09/25/2022 - 04:10:22: [SM] Blaming: weapon_restrict.smx
L 09/25/2022 - 04:10:22: [SM] Call stack trace:
L 09/25/2022 - 04:10:22: [SM]   [1] Line 202, restrictinc/events.sp::CS_OnBuyCommand
L 09/25/2022 - 04:10:30: [SM] Exception reported: Array index out-of-bounds (index 64, limit 55)
L 09/25/2022 - 04:10:30: [SM] Blaming: weapon_restrict.smx
L 09/25/2022 - 04:10:30: [SM] Call stack trace:
L 09/25/2022 - 04:10:30: [SM]   [1] Line 202, restrictinc/events.sp::CS_OnBuyCommand
L 09/25/2022 - 04:10:34: [SM] Exception reported: Array index out-of-bounds (index 64, limit 55)
L 09/25/2022 - 04:10:34: [SM] Blaming: weapon_restrict.smx
L 09/25/2022 - 04:10:34: [SM] Call stack trace:
L 09/25/2022 - 04:10:34: [SM]   [1] Line 202, restrictinc/events.sp::CS_OnBuyCommand
L 09/25/2022 - 04:10:40: [SM] Exception reported: Array index out-of-bounds (index 64, limit 55)
L 09/25/2022 - 04:10:40: [SM] Blaming: weapon_restrict.smx
L 09/25/2022 - 04:10:40: [SM] Call stack trace:
L 09/25/2022 - 04:10:40: [SM]   [1] Line 202, restrictinc/events.sp::CS_OnBuyCommand
L 09/25/2022 - 04:10:54: [SM] Exception reported: Array index out-of-bounds (index 64, limit 55)
L 09/25/2022 - 04:10:54: [SM] Blaming: weapon_restrict.smx
L 09/25/2022 - 04:10:54: [SM] Call stack trace:
L 09/25/2022 - 04:10:54: [SM]   [1] Line 202, restrictinc/events.sp::CS_OnBuyCommand
L 09/25/2022 - 04:11:04: [SM] Exception reported: Array index out-of-bounds (index 64, limit 55)
L 09/25/2022 - 04:11:04: [SM] Blaming: weapon_restrict.smx
L 09/25/2022 - 04:11:04: [SM] Call stack trace:
L 09/25/2022 - 04:11:04: [SM]   [1] Line 202, restrictinc/events.sp::CS_OnBuyCommand
L 09/25/2022 - 04:11:06: [SM] Exception reported: Array index out-of-bounds (index 64, limit 55)
L 09/25/2022 - 04:11:06: [SM] Blaming: weapon_restrict.smx
L 09/25/2022 - 04:11:06: [SM] Call stack trace:
L 09/25/2022 - 04:11:06: [SM]   [1] Line 202, restrictinc/events.sp::CS_OnBuyCommand
L 09/25/2022 - 04:11:17: [SM] Exception reported: Array index out-of-bounds (index 64, limit 55)
L 09/25/2022 - 04:11:17: [SM] Blaming: weapon_restrict.smx
L 09/25/2022 - 04:11:17: [SM] Call stack trace:
L 09/25/2022 - 04:11:17: [SM]   [1] Line 202, restrictinc/events.sp::CS_OnBuyCommand
L 09/25/2022 - 04:11:24: [SM] Exception reported: Array index out-of-bounds (index 64, limit 55)
L 09/25/2022 - 04:11:24: [SM] Blaming: weapon_restrict.smx
L 09/25/2022 - 04:11:24: [SM] Call stack trace:
L 09/25/2022 - 04:11:24: [SM]   [1] Line 202, restrictinc/events.sp::CS_OnBuyCommand
L 09/25/2022 - 04:11:41: [SM] Exception reported: Array index out-of-bounds (index 64, limit 55)
L 09/25/2022 - 04:11:41: [SM] Blaming: weapon_restrict.smx
L 09/25/2022 - 04:11:41: [SM] Call stack trace:
L 09/25/2022 - 04:11:41: [SM]   [1] Line 202, restrictinc/events.sp::CS_OnBuyCommand
L 09/25/2022 - 04:11:49: [SM] Exception reported: Array index out-of-bounds (index 64, limit 55)
L 09/25/2022 - 04:11:49: [SM] Blaming: weapon_restrict.smx
L 09/25/2022 - 04:11:49: [SM] Call stack trace:
L 09/25/2022 - 04:11:49: [SM]   [1] Line 202, restrictinc/events.sp::CS_OnBuyCommand
L 09/25/2022 - 04:12:08: [SM] Exception reported: Array index out-of-bounds (index 64, limit 55)
L 09/25/2022 - 04:12:08: [SM] Blaming: weapon_restrict.smx
L 09/25/2022 - 04:12:08: [SM] Call stack trace:
L 09/25/2022 - 04:12:08: [SM]   [1] Line 202, restrictinc/events.sp::CS_OnBuyCommand
L 09/25/2022 - 04:12:14: [SM] Exception reported: Array index out-of-bounds (index 64, limit 55)
L 09/25/2022 - 04:12:14: [SM] Blaming: weapon_restrict.smx
L 09/25/2022 - 04:12:14: [SM] Call stack trace:
L 09/25/2022 - 04:12:14: [SM]   [1] Line 202, restrictinc/events.sp::CS_OnBuyCommand
L 09/25/2022 - 04:12:19: [SM] Exception reported: Array index out-of-bounds (index 64, limit 55)
L 09/25/2022 - 04:12:19: [SM] Blaming: weapon_restrict.smx
L 09/25/2022 - 04:12:19: [SM] Call stack trace:
L 09/25/2022 - 04:12:19: [SM]   [1] Line 202, restrictinc/events.sp::CS_OnBuyCommand
L 09/25/2022 - 04:12:37: [SM] Exception reported: Array index out-of-bounds (index 64, limit 55)
L 09/25/2022 - 04:12:37: [SM] Blaming: weapon_restrict.smx
L 09/25/2022 - 04:12:37: [SM] Call stack trace:
L 09/25/2022 - 04:12:37: [SM]   [1] Line 202, restrictinc/events.sp::CS_OnBuyCommand
L 09/25/2022 - 04:12:57: [SM] Exception reported: Array index out-of-bounds (index 64, limit 55)
L 09/25/2022 - 04:12:57: [SM] Blaming: weapon_restrict.smx
L 09/25/2022 - 04:12:57: [SM] Call stack trace:
L 09/25/2022 - 04:12:57: [SM]   [1] Line 202, restrictinc/events.sp::CS_OnBuyCommand
L 09/25/2022 - 04:12:57: [SM] Exception reported: Array index out-of-bounds (index 64, limit 55)
L 09/25/2022 - 04:12:57: [SM] Blaming: weapon_restrict.smx
L 09/25/2022 - 04:12:57: [SM] Call stack trace:
L 09/25/2022 - 04:12:57: [SM]   [1] Line 202, restrictinc/events.sp::CS_OnBuyCommand
L 09/25/2022 - 04:12:57: [SM] Exception reported: Array index out-of-bounds (index 64, limit 55)
L 09/25/2022 - 04:12:57: [SM] Blaming: weapon_restrict.smx
L 09/25/2022 - 04:12:57: [SM] Call stack trace:
L 09/25/2022 - 04:12:57: [SM]   [1] Line 202, restrictinc/events.sp::CS_OnBuyCommand
L 09/25/2022 - 04:13:41: [SM] Exception reported: Array index out-of-bounds (index 64, limit 55)
L 09/25/2022 - 04:13:41: [SM] Blaming: weapon_restrict.smx
L 09/25/2022 - 04:13:41: [SM] Call stack trace:
L 09/25/2022 - 04:13:41: [SM]   [1] Line 202, restrictinc/events.sp::CS_OnBuyCommand
L 09/25/2022 - 04:28:18: [SM] Exception reported: Array index out-of-bounds (index 64, limit 55)
L 09/25/2022 - 04:28:18: [SM] Blaming: weapon_restrict.smx
L 09/25/2022 - 04:28:18: [SM] Call stack trace:
L 09/25/2022 - 04:28:18: [SM]   [1] Line 202, restrictinc/events.sp::CS_OnBuyCommand
L 09/25/2022 - 04:50:39: Error log file session closed.
L 09/25/2022 - 12:31:33: SourceMod error session started
L 09/25/2022 - 12:31:33: Info (map "de_mirage") (file "/badfupo/server1/csgo/addons/sourcemod/logs/errors_20220925.log")
L 09/25/2022 - 12:31:33: [warmod.smx] Plug-in tEasyFTP.smx required to auto upload demos
L 09/25/2022 - 12:32:02: Error log file session closed.
L 09/25/2022 - 12:52:54: SourceMod error session started
L 09/25/2022 - 12:52:54: Info (map "de_nuke") (file "/badfupo/server1/csgo/addons/sourcemod/logs/errors_20220925.log")
L 09/25/2022 - 12:52:54: [warmod.smx] Plug-in tEasyFTP.smx required to auto upload demos
L 09/25/2022 - 13:19:07: Error log file session closed.
