L 10/30/2022 - 02:48:28: SourceMod error session started
L 10/30/2022 - 02:48:28: Info (map "de_dust2") (file "/badfupo/server1/csgo/addons/sourcemod/logs/errors_20221030.log")
L 10/30/2022 - 02:48:28: [SM] Exception reported: Array index out-of-bounds (index 64, limit 55)
L 10/30/2022 - 02:48:28: [SM] Blaming: weapon_restrict.smx
L 10/30/2022 - 02:48:28: [SM] Call stack trace:
L 10/30/2022 - 02:48:28: [SM]   [1] Line 202, restrictinc/events.sp::CS_OnBuyCommand
L 10/30/2022 - 02:51:24: [SM] Exception reported: Array index out-of-bounds (index 64, limit 55)
L 10/30/2022 - 02:51:24: [SM] Blaming: weapon_restrict.smx
L 10/30/2022 - 02:51:24: [SM] Call stack trace:
L 10/30/2022 - 02:51:24: [SM]   [1] Line 202, restrictinc/events.sp::CS_OnBuyCommand
L 10/30/2022 - 02:52:36: [SM] Exception reported: Array index out-of-bounds (index 64, limit 55)
L 10/30/2022 - 02:52:36: [SM] Blaming: weapon_restrict.smx
L 10/30/2022 - 02:52:36: [SM] Call stack trace:
L 10/30/2022 - 02:52:36: [SM]   [1] Line 202, restrictinc/events.sp::CS_OnBuyCommand
L 10/30/2022 - 02:53:00: [SM] Exception reported: Array index out-of-bounds (index 64, limit 55)
L 10/30/2022 - 02:53:00: [SM] Blaming: weapon_restrict.smx
L 10/30/2022 - 02:53:00: [SM] Call stack trace:
L 10/30/2022 - 02:53:00: [SM]   [1] Line 202, restrictinc/events.sp::CS_OnBuyCommand
L 10/30/2022 - 02:58:40: Error log file session closed.
L 10/30/2022 - 03:30:43: SourceMod error session started
L 10/30/2022 - 03:30:43: Info (map "de_dust2") (file "/badfupo/server1/csgo/addons/sourcemod/logs/errors_20221030.log")
L 10/30/2022 - 03:30:43: [levelsranks.smx] SQL_Callback Error (11793): Lost connection to MySQL server during query
L 10/30/2022 - 03:32:44: [levelsranks.smx] SQL_TransactionFailure (1): Can't connect to MySQL server on '112.124.92.31' (4) (-1)
L 10/30/2022 - 03:33:45: [levelsranks.smx] SQL_TransactionFailure (1): Lost connection to MySQL server at 'reading authorization packet', system error: 11 (-1)
L 10/30/2022 - 03:34:51: Error log file session closed.
L 10/30/2022 - 03:34:58: SourceMod error session started
L 10/30/2022 - 03:34:58: Info (map "de_dust2") (file "/badfupo/server1/csgo/addons/sourcemod/logs/errors_20221030.log")
L 10/30/2022 - 03:34:58: [levelsranks.smx] SQL_TransactionFailure (1): Lost connection to MySQL server at 'reading authorization packet', system error: 11 (-1)
L 10/30/2022 - 03:53:28: Error log file session closed.
L 10/30/2022 - 04:53:03: SourceMod error session started
L 10/30/2022 - 04:53:03: Info (map "de_dust2") (file "/badfupo/server1/csgo/addons/sourcemod/logs/errors_20221030.log")
L 10/30/2022 - 04:53:03: [SM] Exception reported: Array index out-of-bounds (index 64, limit 55)
L 10/30/2022 - 04:53:03: [SM] Blaming: weapon_restrict.smx
L 10/30/2022 - 04:53:03: [SM] Call stack trace:
L 10/30/2022 - 04:53:03: [SM]   [1] Line 202, restrictinc/events.sp::CS_OnBuyCommand
L 10/30/2022 - 04:53:03: [SM] Exception reported: Array index out-of-bounds (index 64, limit 55)
L 10/30/2022 - 04:53:03: [SM] Blaming: weapon_restrict.smx
L 10/30/2022 - 04:53:03: [SM] Call stack trace:
L 10/30/2022 - 04:53:03: [SM]   [1] Line 202, restrictinc/events.sp::CS_OnBuyCommand
L 10/30/2022 - 05:05:33: Error log file session closed.
L 10/30/2022 - 10:12:34: SourceMod error session started
L 10/30/2022 - 10:12:34: Info (map "de_dust2") (file "/badfupo/server1/csgo/addons/sourcemod/logs/errors_20221030.log")
L 10/30/2022 - 10:12:34: [SM] Exception reported: Array index out-of-bounds (index 64, limit 55)
L 10/30/2022 - 10:12:34: [SM] Blaming: weapon_restrict.smx
L 10/30/2022 - 10:12:34: [SM] Call stack trace:
L 10/30/2022 - 10:12:34: [SM]   [1] Line 202, restrictinc/events.sp::CS_OnBuyCommand
L 10/30/2022 - 10:13:24: [SM] Exception reported: Array index out-of-bounds (index 64, limit 55)
L 10/30/2022 - 10:13:24: [SM] Blaming: weapon_restrict.smx
L 10/30/2022 - 10:13:24: [SM] Call stack trace:
L 10/30/2022 - 10:13:24: [SM]   [1] Line 202, restrictinc/events.sp::CS_OnBuyCommand
L 10/30/2022 - 10:14:41: [SM] Exception reported: Array index out-of-bounds (index 64, limit 55)
L 10/30/2022 - 10:14:41: [SM] Blaming: weapon_restrict.smx
L 10/30/2022 - 10:14:41: [SM] Call stack trace:
L 10/30/2022 - 10:14:41: [SM]   [1] Line 202, restrictinc/events.sp::CS_OnBuyCommand
L 10/30/2022 - 10:15:22: [SM] Exception reported: Array index out-of-bounds (index 64, limit 55)
L 10/30/2022 - 10:15:22: [SM] Blaming: weapon_restrict.smx
L 10/30/2022 - 10:15:22: [SM] Call stack trace:
L 10/30/2022 - 10:15:22: [SM]   [1] Line 202, restrictinc/events.sp::CS_OnBuyCommand
L 10/30/2022 - 10:36:33: [SM] Exception reported: Array index out-of-bounds (index 64, limit 55)
L 10/30/2022 - 10:36:33: [SM] Blaming: weapon_restrict.smx
L 10/30/2022 - 10:36:33: [SM] Call stack trace:
L 10/30/2022 - 10:36:33: [SM]   [1] Line 202, restrictinc/events.sp::CS_OnBuyCommand
L 10/30/2022 - 10:36:33: [SM] Exception reported: Array index out-of-bounds (index 64, limit 55)
L 10/30/2022 - 10:36:33: [SM] Blaming: weapon_restrict.smx
L 10/30/2022 - 10:36:33: [SM] Call stack trace:
L 10/30/2022 - 10:36:33: [SM]   [1] Line 202, restrictinc/events.sp::CS_OnBuyCommand
L 10/30/2022 - 10:37:35: [SM] Exception reported: Array index out-of-bounds (index 64, limit 55)
L 10/30/2022 - 10:37:35: [SM] Blaming: weapon_restrict.smx
L 10/30/2022 - 10:37:35: [SM] Call stack trace:
L 10/30/2022 - 10:37:35: [SM]   [1] Line 202, restrictinc/events.sp::CS_OnBuyCommand
L 10/30/2022 - 10:37:46: [SM] Exception reported: Array index out-of-bounds (index 64, limit 55)
L 10/30/2022 - 10:37:46: [SM] Blaming: weapon_restrict.smx
L 10/30/2022 - 10:37:46: [SM] Call stack trace:
L 10/30/2022 - 10:37:46: [SM]   [1] Line 202, restrictinc/events.sp::CS_OnBuyCommand
L 10/30/2022 - 10:39:41: [SM] Exception reported: Array index out-of-bounds (index 64, limit 55)
L 10/30/2022 - 10:39:41: [SM] Blaming: weapon_restrict.smx
L 10/30/2022 - 10:39:41: [SM] Call stack trace:
L 10/30/2022 - 10:39:41: [SM]   [1] Line 202, restrictinc/events.sp::CS_OnBuyCommand
L 10/30/2022 - 10:39:43: [SM] Exception reported: Array index out-of-bounds (index 64, limit 55)
L 10/30/2022 - 10:39:43: [SM] Blaming: weapon_restrict.smx
L 10/30/2022 - 10:39:43: [SM] Call stack trace:
L 10/30/2022 - 10:39:43: [SM]   [1] Line 202, restrictinc/events.sp::CS_OnBuyCommand
L 10/30/2022 - 10:39:45: [SM] Exception reported: Array index out-of-bounds (index 64, limit 55)
L 10/30/2022 - 10:39:45: [SM] Blaming: weapon_restrict.smx
L 10/30/2022 - 10:39:45: [SM] Call stack trace:
L 10/30/2022 - 10:39:45: [SM]   [1] Line 202, restrictinc/events.sp::CS_OnBuyCommand
L 10/30/2022 - 10:39:50: [SM] Exception reported: Array index out-of-bounds (index 64, limit 55)
L 10/30/2022 - 10:39:50: [SM] Blaming: weapon_restrict.smx
L 10/30/2022 - 10:39:50: [SM] Call stack trace:
L 10/30/2022 - 10:39:50: [SM]   [1] Line 202, restrictinc/events.sp::CS_OnBuyCommand
L 10/30/2022 - 10:39:56: [SM] Exception reported: Array index out-of-bounds (index 64, limit 55)
L 10/30/2022 - 10:39:56: [SM] Blaming: weapon_restrict.smx
L 10/30/2022 - 10:39:56: [SM] Call stack trace:
L 10/30/2022 - 10:39:56: [SM]   [1] Line 202, restrictinc/events.sp::CS_OnBuyCommand
L 10/30/2022 - 10:40:00: [SM] Exception reported: Array index out-of-bounds (index 64, limit 55)
L 10/30/2022 - 10:40:00: [SM] Blaming: weapon_restrict.smx
L 10/30/2022 - 10:40:00: [SM] Call stack trace:
L 10/30/2022 - 10:40:00: [SM]   [1] Line 202, restrictinc/events.sp::CS_OnBuyCommand
L 10/30/2022 - 10:40:06: [SM] Exception reported: Array index out-of-bounds (index 64, limit 55)
L 10/30/2022 - 10:40:06: [SM] Blaming: weapon_restrict.smx
L 10/30/2022 - 10:40:06: [SM] Call stack trace:
L 10/30/2022 - 10:40:06: [SM]   [1] Line 202, restrictinc/events.sp::CS_OnBuyCommand
L 10/30/2022 - 10:40:29: [SM] Exception reported: Array index out-of-bounds (index 64, limit 55)
L 10/30/2022 - 10:40:29: [SM] Blaming: weapon_restrict.smx
L 10/30/2022 - 10:40:29: [SM] Call stack trace:
L 10/30/2022 - 10:40:29: [SM]   [1] Line 202, restrictinc/events.sp::CS_OnBuyCommand
L 10/30/2022 - 10:40:33: [SM] Exception reported: Array index out-of-bounds (index 64, limit 55)
L 10/30/2022 - 10:40:33: [SM] Blaming: weapon_restrict.smx
L 10/30/2022 - 10:40:33: [SM] Call stack trace:
L 10/30/2022 - 10:40:33: [SM]   [1] Line 202, restrictinc/events.sp::CS_OnBuyCommand
L 10/30/2022 - 10:40:44: [SM] Exception reported: Array index out-of-bounds (index 64, limit 55)
L 10/30/2022 - 10:40:44: [SM] Blaming: weapon_restrict.smx
L 10/30/2022 - 10:40:44: [SM] Call stack trace:
L 10/30/2022 - 10:40:44: [SM]   [1] Line 202, restrictinc/events.sp::CS_OnBuyCommand
L 10/30/2022 - 10:40:51: [SM] Exception reported: Array index out-of-bounds (index 64, limit 55)
L 10/30/2022 - 10:40:51: [SM] Blaming: weapon_restrict.smx
L 10/30/2022 - 10:40:51: [SM] Call stack trace:
L 10/30/2022 - 10:40:51: [SM]   [1] Line 202, restrictinc/events.sp::CS_OnBuyCommand
L 10/30/2022 - 10:41:17: [SM] Exception reported: Array index out-of-bounds (index 64, limit 55)
L 10/30/2022 - 10:41:17: [SM] Blaming: weapon_restrict.smx
L 10/30/2022 - 10:41:17: [SM] Call stack trace:
L 10/30/2022 - 10:41:17: [SM]   [1] Line 202, restrictinc/events.sp::CS_OnBuyCommand
L 10/30/2022 - 10:42:00: [SM] Exception reported: Array index out-of-bounds (index 64, limit 55)
L 10/30/2022 - 10:42:00: [SM] Blaming: weapon_restrict.smx
L 10/30/2022 - 10:42:00: [SM] Call stack trace:
L 10/30/2022 - 10:42:00: [SM]   [1] Line 202, restrictinc/events.sp::CS_OnBuyCommand
L 10/30/2022 - 10:42:24: [SM] Exception reported: Array index out-of-bounds (index 64, limit 55)
L 10/30/2022 - 10:42:24: [SM] Blaming: weapon_restrict.smx
L 10/30/2022 - 10:42:24: [SM] Call stack trace:
L 10/30/2022 - 10:42:24: [SM]   [1] Line 202, restrictinc/events.sp::CS_OnBuyCommand
L 10/30/2022 - 10:42:29: [SM] Exception reported: Array index out-of-bounds (index 64, limit 55)
L 10/30/2022 - 10:42:29: [SM] Blaming: weapon_restrict.smx
L 10/30/2022 - 10:42:29: [SM] Call stack trace:
L 10/30/2022 - 10:42:29: [SM]   [1] Line 202, restrictinc/events.sp::CS_OnBuyCommand
L 10/30/2022 - 10:42:30: [SM] Exception reported: Array index out-of-bounds (index 64, limit 55)
L 10/30/2022 - 10:42:30: [SM] Blaming: weapon_restrict.smx
L 10/30/2022 - 10:42:30: [SM] Call stack trace:
L 10/30/2022 - 10:42:30: [SM]   [1] Line 202, restrictinc/events.sp::CS_OnBuyCommand
L 10/30/2022 - 10:42:30: [SM] Exception reported: Array index out-of-bounds (index 64, limit 55)
L 10/30/2022 - 10:42:30: [SM] Blaming: weapon_restrict.smx
L 10/30/2022 - 10:42:30: [SM] Call stack trace:
L 10/30/2022 - 10:42:30: [SM]   [1] Line 202, restrictinc/events.sp::CS_OnBuyCommand
L 10/30/2022 - 10:42:31: [SM] Exception reported: Array index out-of-bounds (index 64, limit 55)
L 10/30/2022 - 10:42:31: [SM] Blaming: weapon_restrict.smx
L 10/30/2022 - 10:42:31: [SM] Call stack trace:
L 10/30/2022 - 10:42:31: [SM]   [1] Line 202, restrictinc/events.sp::CS_OnBuyCommand
L 10/30/2022 - 10:43:24: [SM] Exception reported: Array index out-of-bounds (index 64, limit 55)
L 10/30/2022 - 10:43:24: [SM] Blaming: weapon_restrict.smx
L 10/30/2022 - 10:43:24: [SM] Call stack trace:
L 10/30/2022 - 10:43:24: [SM]   [1] Line 202, restrictinc/events.sp::CS_OnBuyCommand
L 10/30/2022 - 10:43:25: [SM] Exception reported: Array index out-of-bounds (index 64, limit 55)
L 10/30/2022 - 10:43:25: [SM] Blaming: weapon_restrict.smx
L 10/30/2022 - 10:43:25: [SM] Call stack trace:
L 10/30/2022 - 10:43:25: [SM]   [1] Line 202, restrictinc/events.sp::CS_OnBuyCommand
L 10/30/2022 - 10:44:10: [SM] Exception reported: Array index out-of-bounds (index 64, limit 55)
L 10/30/2022 - 10:44:10: [SM] Blaming: weapon_restrict.smx
L 10/30/2022 - 10:44:10: [SM] Call stack trace:
L 10/30/2022 - 10:44:10: [SM]   [1] Line 202, restrictinc/events.sp::CS_OnBuyCommand
L 10/30/2022 - 10:44:11: [SM] Exception reported: Array index out-of-bounds (index 64, limit 55)
L 10/30/2022 - 10:44:11: [SM] Blaming: weapon_restrict.smx
L 10/30/2022 - 10:44:11: [SM] Call stack trace:
L 10/30/2022 - 10:44:11: [SM]   [1] Line 202, restrictinc/events.sp::CS_OnBuyCommand
L 10/30/2022 - 10:45:02: [SM] Exception reported: Array index out-of-bounds (index 64, limit 55)
L 10/30/2022 - 10:45:02: [SM] Blaming: weapon_restrict.smx
L 10/30/2022 - 10:45:02: [SM] Call stack trace:
L 10/30/2022 - 10:45:02: [SM]   [1] Line 202, restrictinc/events.sp::CS_OnBuyCommand
L 10/30/2022 - 10:45:40: [SM] Exception reported: Array index out-of-bounds (index 64, limit 55)
L 10/30/2022 - 10:45:40: [SM] Blaming: weapon_restrict.smx
L 10/30/2022 - 10:45:40: [SM] Call stack trace:
L 10/30/2022 - 10:45:40: [SM]   [1] Line 202, restrictinc/events.sp::CS_OnBuyCommand
L 10/30/2022 - 10:46:33: [SM] Exception reported: Array index out-of-bounds (index 64, limit 55)
L 10/30/2022 - 10:46:33: [SM] Blaming: weapon_restrict.smx
L 10/30/2022 - 10:46:33: [SM] Call stack trace:
L 10/30/2022 - 10:46:33: [SM]   [1] Line 202, restrictinc/events.sp::CS_OnBuyCommand
L 10/30/2022 - 10:47:58: [SM] Exception reported: Array index out-of-bounds (index 64, limit 55)
L 10/30/2022 - 10:47:58: [SM] Blaming: weapon_restrict.smx
L 10/30/2022 - 10:47:58: [SM] Call stack trace:
L 10/30/2022 - 10:47:58: [SM]   [1] Line 202, restrictinc/events.sp::CS_OnBuyCommand
L 10/30/2022 - 10:48:36: [SM] Exception reported: Array index out-of-bounds (index 64, limit 55)
L 10/30/2022 - 10:48:36: [SM] Blaming: weapon_restrict.smx
L 10/30/2022 - 10:48:36: [SM] Call stack trace:
L 10/30/2022 - 10:48:36: [SM]   [1] Line 202, restrictinc/events.sp::CS_OnBuyCommand
L 10/30/2022 - 10:49:24: [SM] Exception reported: Array index out-of-bounds (index 64, limit 55)
L 10/30/2022 - 10:49:24: [SM] Blaming: weapon_restrict.smx
L 10/30/2022 - 10:49:24: [SM] Call stack trace:
L 10/30/2022 - 10:49:24: [SM]   [1] Line 202, restrictinc/events.sp::CS_OnBuyCommand
L 10/30/2022 - 10:50:34: [SM] Exception reported: Array index out-of-bounds (index 64, limit 55)
L 10/30/2022 - 10:50:34: [SM] Blaming: weapon_restrict.smx
L 10/30/2022 - 10:50:34: [SM] Call stack trace:
L 10/30/2022 - 10:50:34: [SM]   [1] Line 202, restrictinc/events.sp::CS_OnBuyCommand
L 10/30/2022 - 10:52:56: [SM] Exception reported: Array index out-of-bounds (index 64, limit 55)
L 10/30/2022 - 10:52:56: [SM] Blaming: weapon_restrict.smx
L 10/30/2022 - 10:52:56: [SM] Call stack trace:
L 10/30/2022 - 10:52:56: [SM]   [1] Line 202, restrictinc/events.sp::CS_OnBuyCommand
L 10/30/2022 - 10:53:48: [SM] Exception reported: Array index out-of-bounds (index 64, limit 55)
L 10/30/2022 - 10:53:48: [SM] Blaming: weapon_restrict.smx
L 10/30/2022 - 10:53:48: [SM] Call stack trace:
L 10/30/2022 - 10:53:48: [SM]   [1] Line 202, restrictinc/events.sp::CS_OnBuyCommand
L 10/30/2022 - 10:53:52: [SM] Exception reported: Array index out-of-bounds (index 64, limit 55)
L 10/30/2022 - 10:53:52: [SM] Blaming: weapon_restrict.smx
L 10/30/2022 - 10:53:52: [SM] Call stack trace:
L 10/30/2022 - 10:53:52: [SM]   [1] Line 202, restrictinc/events.sp::CS_OnBuyCommand
L 10/30/2022 - 10:54:17: [SM] Exception reported: Array index out-of-bounds (index 64, limit 55)
L 10/30/2022 - 10:54:17: [SM] Blaming: weapon_restrict.smx
L 10/30/2022 - 10:54:17: [SM] Call stack trace:
L 10/30/2022 - 10:54:17: [SM]   [1] Line 202, restrictinc/events.sp::CS_OnBuyCommand
L 10/30/2022 - 10:54:22: [SM] Exception reported: Array index out-of-bounds (index 64, limit 55)
L 10/30/2022 - 10:54:22: [SM] Blaming: weapon_restrict.smx
L 10/30/2022 - 10:54:22: [SM] Call stack trace:
L 10/30/2022 - 10:54:22: [SM]   [1] Line 202, restrictinc/events.sp::CS_OnBuyCommand
L 10/30/2022 - 11:35:34: Error log file session closed.
