L 11/21/2022 - 12:54:19: SourceMod error session started
L 11/21/2022 - 12:54:19: Info (map "de_mirage") (file "/csgoserver/server1/csgo/addons/sourcemod/logs/errors_20221121.log")
L 11/21/2022 - 12:54:19: [admin-flatfile.smx] Error(s) detected parsing addons/sourcemod/configs/admins_simple.ini
L 11/21/2022 - 12:54:19: [admin-flatfile.smx]  (line 57) Invalid flag detected: x
L 11/21/2022 - 13:41:42: Error log file session closed.
L 11/21/2022 - 13:41:42: SourceMod error session started
L 11/21/2022 - 13:41:42: Info (map "de_mirage") (file "/csgoserver/server1/csgo/addons/sourcemod/logs/errors_20221121.log")
L 11/21/2022 - 13:41:42: [admin-flatfile.smx] Error(s) detected parsing addons/sourcemod/configs/admins_simple.ini
L 11/21/2022 - 13:41:42: [admin-flatfile.smx]  (line 57) Invalid flag detected: x
L 11/21/2022 - 14:31:15: Error log file session closed.
L 11/21/2022 - 14:31:15: SourceMod error session started
L 11/21/2022 - 14:31:15: Info (map "de_mirage") (file "/csgoserver/server1/csgo/addons/sourcemod/logs/errors_20221121.log")
L 11/21/2022 - 14:31:15: [admin-flatfile.smx] Error(s) detected parsing addons/sourcemod/configs/admins_simple.ini
L 11/21/2022 - 14:31:15: [admin-flatfile.smx]  (line 57) Invalid flag detected: x
L 11/21/2022 - 14:32:53: Error log file session closed.
L 11/21/2022 - 14:32:53: SourceMod error session started
L 11/21/2022 - 14:32:53: Info (map "de_mirage") (file "/csgoserver/server1/csgo/addons/sourcemod/logs/errors_20221121.log")
L 11/21/2022 - 14:32:53: [admin-flatfile.smx] Error(s) detected parsing addons/sourcemod/configs/admins_simple.ini
L 11/21/2022 - 14:32:53: [admin-flatfile.smx]  (line 57) Invalid flag detected: x
L 11/21/2022 - 15:17:17: Error log file session closed.
L 11/21/2022 - 15:17:17: SourceMod error session started
L 11/21/2022 - 15:17:17: Info (map "de_mirage") (file "/csgoserver/server1/csgo/addons/sourcemod/logs/errors_20221121.log")
L 11/21/2022 - 15:17:17: [admin-flatfile.smx] Error(s) detected parsing addons/sourcemod/configs/admins_simple.ini
L 11/21/2022 - 15:17:17: [admin-flatfile.smx]  (line 57) Invalid flag detected: x
L 11/21/2022 - 15:25:00: [SM] Exception reported: Array index out-of-bounds (index 64, limit 55)
L 11/21/2022 - 15:25:00: [SM] Blaming: weapon_restrict.smx
L 11/21/2022 - 15:25:00: [SM] Call stack trace:
L 11/21/2022 - 15:25:00: [SM]   [1] Line 202, restrictinc/events.sp::CS_OnBuyCommand
L 11/21/2022 - 15:26:20: [SM] Exception reported: Array index out-of-bounds (index 64, limit 55)
L 11/21/2022 - 15:26:20: [SM] Blaming: weapon_restrict.smx
L 11/21/2022 - 15:26:20: [SM] Call stack trace:
L 11/21/2022 - 15:26:20: [SM]   [1] Line 202, restrictinc/events.sp::CS_OnBuyCommand
L 11/21/2022 - 15:27:22: [SM] Exception reported: Array index out-of-bounds (index 64, limit 55)
L 11/21/2022 - 15:27:22: [SM] Blaming: weapon_restrict.smx
L 11/21/2022 - 15:27:22: [SM] Call stack trace:
L 11/21/2022 - 15:27:22: [SM]   [1] Line 202, restrictinc/events.sp::CS_OnBuyCommand
L 11/21/2022 - 15:29:40: [SM] Exception reported: Array index out-of-bounds (index 64, limit 55)
L 11/21/2022 - 15:29:40: [SM] Blaming: weapon_restrict.smx
L 11/21/2022 - 15:29:40: [SM] Call stack trace:
L 11/21/2022 - 15:29:40: [SM]   [1] Line 202, restrictinc/events.sp::CS_OnBuyCommand
L 11/21/2022 - 15:30:12: [SM] Exception reported: Array index out-of-bounds (index 64, limit 55)
L 11/21/2022 - 15:30:12: [SM] Blaming: weapon_restrict.smx
L 11/21/2022 - 15:30:12: [SM] Call stack trace:
L 11/21/2022 - 15:30:12: [SM]   [1] Line 202, restrictinc/events.sp::CS_OnBuyCommand
L 11/21/2022 - 15:31:39: [SM] Exception reported: Array index out-of-bounds (index 64, limit 55)
L 11/21/2022 - 15:31:39: [SM] Blaming: weapon_restrict.smx
L 11/21/2022 - 15:31:39: [SM] Call stack trace:
L 11/21/2022 - 15:31:39: [SM]   [1] Line 202, restrictinc/events.sp::CS_OnBuyCommand
L 11/21/2022 - 15:32:19: [SM] Exception reported: Array index out-of-bounds (index 64, limit 55)
L 11/21/2022 - 15:32:19: [SM] Blaming: weapon_restrict.smx
L 11/21/2022 - 15:32:19: [SM] Call stack trace:
L 11/21/2022 - 15:32:19: [SM]   [1] Line 202, restrictinc/events.sp::CS_OnBuyCommand
L 11/21/2022 - 15:32:30: [SM] Exception reported: Array index out-of-bounds (index 64, limit 55)
L 11/21/2022 - 15:32:30: [SM] Blaming: weapon_restrict.smx
L 11/21/2022 - 15:32:30: [SM] Call stack trace:
L 11/21/2022 - 15:32:30: [SM]   [1] Line 202, restrictinc/events.sp::CS_OnBuyCommand
L 11/21/2022 - 15:32:52: [SM] Exception reported: Array index out-of-bounds (index 64, limit 55)
L 11/21/2022 - 15:32:52: [SM] Blaming: weapon_restrict.smx
L 11/21/2022 - 15:32:52: [SM] Call stack trace:
L 11/21/2022 - 15:32:52: [SM]   [1] Line 202, restrictinc/events.sp::CS_OnBuyCommand
L 11/21/2022 - 15:34:48: [SM] Exception reported: Array index out-of-bounds (index 64, limit 55)
L 11/21/2022 - 15:34:48: [SM] Blaming: weapon_restrict.smx
L 11/21/2022 - 15:34:48: [SM] Call stack trace:
L 11/21/2022 - 15:34:48: [SM]   [1] Line 202, restrictinc/events.sp::CS_OnBuyCommand
L 11/21/2022 - 15:35:21: [SM] Exception reported: Array index out-of-bounds (index 64, limit 55)
L 11/21/2022 - 15:35:21: [SM] Blaming: weapon_restrict.smx
L 11/21/2022 - 15:35:21: [SM] Call stack trace:
L 11/21/2022 - 15:35:21: [SM]   [1] Line 202, restrictinc/events.sp::CS_OnBuyCommand
L 11/21/2022 - 15:35:31: [SM] Exception reported: Array index out-of-bounds (index 64, limit 55)
L 11/21/2022 - 15:35:31: [SM] Blaming: weapon_restrict.smx
L 11/21/2022 - 15:35:31: [SM] Call stack trace:
L 11/21/2022 - 15:35:31: [SM]   [1] Line 202, restrictinc/events.sp::CS_OnBuyCommand
L 11/21/2022 - 15:35:43: [SM] Exception reported: Array index out-of-bounds (index 64, limit 55)
L 11/21/2022 - 15:35:43: [SM] Blaming: weapon_restrict.smx
L 11/21/2022 - 15:35:43: [SM] Call stack trace:
L 11/21/2022 - 15:35:43: [SM]   [1] Line 202, restrictinc/events.sp::CS_OnBuyCommand
L 11/21/2022 - 15:37:25: [SM] Exception reported: Array index out-of-bounds (index 64, limit 55)
L 11/21/2022 - 15:37:25: [SM] Blaming: weapon_restrict.smx
L 11/21/2022 - 15:37:25: [SM] Call stack trace:
L 11/21/2022 - 15:37:25: [SM]   [1] Line 202, restrictinc/events.sp::CS_OnBuyCommand
L 11/21/2022 - 15:37:55: [SM] Exception reported: Array index out-of-bounds (index 64, limit 55)
L 11/21/2022 - 15:37:55: [SM] Blaming: weapon_restrict.smx
L 11/21/2022 - 15:37:55: [SM] Call stack trace:
L 11/21/2022 - 15:37:55: [SM]   [1] Line 202, restrictinc/events.sp::CS_OnBuyCommand
L 11/21/2022 - 15:38:20: [SM] Exception reported: Array index out-of-bounds (index 64, limit 55)
L 11/21/2022 - 15:38:20: [SM] Blaming: weapon_restrict.smx
L 11/21/2022 - 15:38:20: [SM] Call stack trace:
L 11/21/2022 - 15:38:20: [SM]   [1] Line 202, restrictinc/events.sp::CS_OnBuyCommand
L 11/21/2022 - 15:39:30: [SM] Exception reported: Array index out-of-bounds (index 64, limit 55)
L 11/21/2022 - 15:39:30: [SM] Blaming: weapon_restrict.smx
L 11/21/2022 - 15:39:30: [SM] Call stack trace:
L 11/21/2022 - 15:39:30: [SM]   [1] Line 202, restrictinc/events.sp::CS_OnBuyCommand
L 11/21/2022 - 15:39:54: [SM] Exception reported: Array index out-of-bounds (index 64, limit 55)
L 11/21/2022 - 15:39:54: [SM] Blaming: weapon_restrict.smx
L 11/21/2022 - 15:39:54: [SM] Call stack trace:
L 11/21/2022 - 15:39:54: [SM]   [1] Line 202, restrictinc/events.sp::CS_OnBuyCommand
L 11/21/2022 - 15:39:58: [SM] Exception reported: Array index out-of-bounds (index 64, limit 55)
L 11/21/2022 - 15:39:58: [SM] Blaming: weapon_restrict.smx
L 11/21/2022 - 15:39:58: [SM] Call stack trace:
L 11/21/2022 - 15:39:58: [SM]   [1] Line 202, restrictinc/events.sp::CS_OnBuyCommand
L 11/21/2022 - 15:40:01: [SM] Exception reported: Array index out-of-bounds (index 64, limit 55)
L 11/21/2022 - 15:40:01: [SM] Blaming: weapon_restrict.smx
L 11/21/2022 - 15:40:01: [SM] Call stack trace:
L 11/21/2022 - 15:40:01: [SM]   [1] Line 202, restrictinc/events.sp::CS_OnBuyCommand
L 11/21/2022 - 15:44:36: [warmod.smx] Plug-in tEasyFTP.smx required to auto upload demos
L 11/21/2022 - 15:47:22: Error log file session closed.
L 11/21/2022 - 15:47:22: SourceMod error session started
L 11/21/2022 - 15:47:22: Info (map "de_inferno") (file "/csgoserver/server1/csgo/addons/sourcemod/logs/errors_20221121.log")
L 11/21/2022 - 15:47:22: [admin-flatfile.smx] Error(s) detected parsing addons/sourcemod/configs/admins_simple.ini
L 11/21/2022 - 15:47:22: [admin-flatfile.smx]  (line 57) Invalid flag detected: x
L 11/21/2022 - 15:49:10: [warmod.smx] Plug-in tEasyFTP.smx required to auto upload demos
L 11/21/2022 - 15:51:29: [SM] Exception reported: Array index out-of-bounds (index 64, limit 55)
L 11/21/2022 - 15:51:29: [SM] Blaming: weapon_restrict.smx
L 11/21/2022 - 15:51:29: [SM] Call stack trace:
L 11/21/2022 - 15:51:29: [SM]   [1] Line 202, restrictinc/events.sp::CS_OnBuyCommand
L 11/21/2022 - 15:57:56: [SM] Exception reported: Array index out-of-bounds (index 64, limit 55)
L 11/21/2022 - 15:57:56: [SM] Blaming: weapon_restrict.smx
L 11/21/2022 - 15:57:56: [SM] Call stack trace:
L 11/21/2022 - 15:57:56: [SM]   [1] Line 202, restrictinc/events.sp::CS_OnBuyCommand
L 11/21/2022 - 15:58:03: [SM] Exception reported: Array index out-of-bounds (index 64, limit 55)
L 11/21/2022 - 15:58:03: [SM] Blaming: weapon_restrict.smx
L 11/21/2022 - 15:58:03: [SM] Call stack trace:
L 11/21/2022 - 15:58:03: [SM]   [1] Line 202, restrictinc/events.sp::CS_OnBuyCommand
L 11/21/2022 - 16:03:07: [warmod.smx] Plug-in tEasyFTP.smx required to auto upload demos
L 11/21/2022 - 16:06:25: Error log file session closed.
L 11/21/2022 - 16:06:25: SourceMod error session started
L 11/21/2022 - 16:06:25: Info (map "de_inferno") (file "/csgoserver/server1/csgo/addons/sourcemod/logs/errors_20221121.log")
L 11/21/2022 - 16:06:25: [admin-flatfile.smx] Error(s) detected parsing addons/sourcemod/configs/admins_simple.ini
L 11/21/2022 - 16:06:25: [admin-flatfile.smx]  (line 57) Invalid flag detected: x
L 11/21/2022 - 16:09:02: Error log file session closed.
L 11/21/2022 - 16:09:02: SourceMod error session started
L 11/21/2022 - 16:09:02: Info (map "de_shortnuke") (file "/csgoserver/server1/csgo/addons/sourcemod/logs/errors_20221121.log")
L 11/21/2022 - 16:09:02: [admin-flatfile.smx] Error(s) detected parsing addons/sourcemod/configs/admins_simple.ini
L 11/21/2022 - 16:09:02: [admin-flatfile.smx]  (line 57) Invalid flag detected: x
L 11/21/2022 - 16:13:35: [SM] Exception reported: Array index out-of-bounds (index 64, limit 55)
L 11/21/2022 - 16:13:35: [SM] Blaming: weapon_restrict.smx
L 11/21/2022 - 16:13:35: [SM] Call stack trace:
L 11/21/2022 - 16:13:35: [SM]   [1] Line 202, restrictinc/events.sp::CS_OnBuyCommand
L 11/21/2022 - 16:24:31: [SM] Exception reported: Array index out-of-bounds (index 64, limit 55)
L 11/21/2022 - 16:24:31: [SM] Blaming: weapon_restrict.smx
L 11/21/2022 - 16:24:31: [SM] Call stack trace:
L 11/21/2022 - 16:24:31: [SM]   [1] Line 202, restrictinc/events.sp::CS_OnBuyCommand
L 11/21/2022 - 16:27:49: [SM] Exception reported: Array index out-of-bounds (index 64, limit 55)
L 11/21/2022 - 16:27:49: [SM] Blaming: weapon_restrict.smx
L 11/21/2022 - 16:27:49: [SM] Call stack trace:
L 11/21/2022 - 16:27:49: [SM]   [1] Line 202, restrictinc/events.sp::CS_OnBuyCommand
L 11/21/2022 - 16:27:56: [SM] Exception reported: Array index out-of-bounds (index 64, limit 55)
L 11/21/2022 - 16:27:56: [SM] Blaming: weapon_restrict.smx
L 11/21/2022 - 16:27:56: [SM] Call stack trace:
L 11/21/2022 - 16:27:56: [SM]   [1] Line 202, restrictinc/events.sp::CS_OnBuyCommand
L 11/21/2022 - 16:29:00: [SM] Exception reported: Array index out-of-bounds (index 64, limit 55)
L 11/21/2022 - 16:29:00: [SM] Blaming: weapon_restrict.smx
L 11/21/2022 - 16:29:00: [SM] Call stack trace:
L 11/21/2022 - 16:29:00: [SM]   [1] Line 202, restrictinc/events.sp::CS_OnBuyCommand
L 11/21/2022 - 16:29:55: [warmod.smx] Plug-in tEasyFTP.smx required to auto upload demos
L 11/21/2022 - 16:33:05: Error log file session closed.
L 11/21/2022 - 16:33:05: SourceMod error session started
L 11/21/2022 - 16:33:05: Info (map "de_cache") (file "/csgoserver/server1/csgo/addons/sourcemod/logs/errors_20221121.log")
L 11/21/2022 - 16:33:05: [admin-flatfile.smx] Error(s) detected parsing addons/sourcemod/configs/admins_simple.ini
L 11/21/2022 - 16:33:05: [admin-flatfile.smx]  (line 57) Invalid flag detected: x
L 11/21/2022 - 16:35:34: [SM] Exception reported: Array index out-of-bounds (index 64, limit 55)
L 11/21/2022 - 16:35:34: [SM] Blaming: weapon_restrict.smx
L 11/21/2022 - 16:35:34: [SM] Call stack trace:
L 11/21/2022 - 16:35:34: [SM]   [1] Line 202, restrictinc/events.sp::CS_OnBuyCommand
L 11/21/2022 - 16:35:34: [SM] Exception reported: Array index out-of-bounds (index 64, limit 55)
L 11/21/2022 - 16:35:34: [SM] Blaming: weapon_restrict.smx
L 11/21/2022 - 16:35:34: [SM] Call stack trace:
L 11/21/2022 - 16:35:34: [SM]   [1] Line 202, restrictinc/events.sp::CS_OnBuyCommand
L 11/21/2022 - 16:35:36: [SM] Exception reported: Array index out-of-bounds (index 64, limit 55)
L 11/21/2022 - 16:35:36: [SM] Blaming: weapon_restrict.smx
L 11/21/2022 - 16:35:36: [SM] Call stack trace:
L 11/21/2022 - 16:35:36: [SM]   [1] Line 202, restrictinc/events.sp::CS_OnBuyCommand
L 11/21/2022 - 16:37:10: [SM] Exception reported: Array index out-of-bounds (index 64, limit 55)
L 11/21/2022 - 16:37:10: [SM] Blaming: weapon_restrict.smx
L 11/21/2022 - 16:37:10: [SM] Call stack trace:
L 11/21/2022 - 16:37:10: [SM]   [1] Line 202, restrictinc/events.sp::CS_OnBuyCommand
L 11/21/2022 - 16:41:30: [SM] Exception reported: Array index out-of-bounds (index 64, limit 55)
L 11/21/2022 - 16:41:30: [SM] Blaming: weapon_restrict.smx
L 11/21/2022 - 16:41:30: [SM] Call stack trace:
L 11/21/2022 - 16:41:30: [SM]   [1] Line 202, restrictinc/events.sp::CS_OnBuyCommand
L 11/21/2022 - 16:45:39: [SM] Exception reported: Array index out-of-bounds (index 64, limit 55)
L 11/21/2022 - 16:45:39: [SM] Blaming: weapon_restrict.smx
L 11/21/2022 - 16:45:39: [SM] Call stack trace:
L 11/21/2022 - 16:45:39: [SM]   [1] Line 202, restrictinc/events.sp::CS_OnBuyCommand
L 11/21/2022 - 16:47:16: [SM] Exception reported: Array index out-of-bounds (index 64, limit 55)
L 11/21/2022 - 16:47:16: [SM] Blaming: weapon_restrict.smx
L 11/21/2022 - 16:47:16: [SM] Call stack trace:
L 11/21/2022 - 16:47:16: [SM]   [1] Line 202, restrictinc/events.sp::CS_OnBuyCommand
L 11/21/2022 - 16:47:22: [SM] Exception reported: Array index out-of-bounds (index 64, limit 55)
L 11/21/2022 - 16:47:22: [SM] Blaming: weapon_restrict.smx
L 11/21/2022 - 16:47:22: [SM] Call stack trace:
L 11/21/2022 - 16:47:22: [SM]   [1] Line 202, restrictinc/events.sp::CS_OnBuyCommand
L 11/21/2022 - 16:58:04: [warmod.smx] Plug-in tEasyFTP.smx required to auto upload demos
L 11/21/2022 - 16:58:50: [SM] Exception reported: Array index out-of-bounds (index 64, limit 55)
L 11/21/2022 - 16:58:50: [SM] Blaming: weapon_restrict.smx
L 11/21/2022 - 16:58:50: [SM] Call stack trace:
L 11/21/2022 - 16:58:50: [SM]   [1] Line 202, restrictinc/events.sp::CS_OnBuyCommand
L 11/21/2022 - 17:06:06: [warmod.smx] Plug-in tEasyFTP.smx required to auto upload demos
L 11/21/2022 - 17:15:50: Error log file session closed.
L 11/21/2022 - 17:15:50: SourceMod error session started
L 11/21/2022 - 17:15:50: Info (map "de_vertigo") (file "/csgoserver/server1/csgo/addons/sourcemod/logs/errors_20221121.log")
L 11/21/2022 - 17:15:50: [admin-flatfile.smx] Error(s) detected parsing addons/sourcemod/configs/admins_simple.ini
L 11/21/2022 - 17:15:50: [admin-flatfile.smx]  (line 57) Invalid flag detected: x
L 11/21/2022 - 17:16:33: [SM] Exception reported: Array index out-of-bounds (index 64, limit 55)
L 11/21/2022 - 17:16:33: [SM] Blaming: weapon_restrict.smx
L 11/21/2022 - 17:16:33: [SM] Call stack trace:
L 11/21/2022 - 17:16:33: [SM]   [1] Line 202, restrictinc/events.sp::CS_OnBuyCommand
L 11/21/2022 - 17:18:11: [SM] Exception reported: Array index out-of-bounds (index 64, limit 55)
L 11/21/2022 - 17:18:11: [SM] Blaming: weapon_restrict.smx
L 11/21/2022 - 17:18:11: [SM] Call stack trace:
L 11/21/2022 - 17:18:11: [SM]   [1] Line 202, restrictinc/events.sp::CS_OnBuyCommand
L 11/21/2022 - 17:29:32: [SM] Exception reported: Array index out-of-bounds (index 64, limit 55)
L 11/21/2022 - 17:29:32: [SM] Blaming: weapon_restrict.smx
L 11/21/2022 - 17:29:32: [SM] Call stack trace:
L 11/21/2022 - 17:29:32: [SM]   [1] Line 202, restrictinc/events.sp::CS_OnBuyCommand
L 11/21/2022 - 17:29:34: [SM] Exception reported: Array index out-of-bounds (index 64, limit 55)
L 11/21/2022 - 17:29:34: [SM] Blaming: weapon_restrict.smx
L 11/21/2022 - 17:29:34: [SM] Call stack trace:
L 11/21/2022 - 17:29:34: [SM]   [1] Line 202, restrictinc/events.sp::CS_OnBuyCommand
L 11/21/2022 - 17:30:37: [warmod.smx] Plug-in tEasyFTP.smx required to auto upload demos
L 11/21/2022 - 17:40:32: Error log file session closed.
L 11/21/2022 - 17:40:32: SourceMod error session started
L 11/21/2022 - 17:40:32: Info (map "de_vertigo") (file "/csgoserver/server1/csgo/addons/sourcemod/logs/errors_20221121.log")
L 11/21/2022 - 17:40:32: [admin-flatfile.smx] Error(s) detected parsing addons/sourcemod/configs/admins_simple.ini
L 11/21/2022 - 17:40:32: [admin-flatfile.smx]  (line 57) Invalid flag detected: x
L 11/21/2022 - 19:09:27: Error log file session closed.
L 11/21/2022 - 19:09:27: SourceMod error session started
L 11/21/2022 - 19:09:27: Info (map "de_vertigo") (file "/csgoserver/server1/csgo/addons/sourcemod/logs/errors_20221121.log")
L 11/21/2022 - 19:09:27: [admin-flatfile.smx] Error(s) detected parsing addons/sourcemod/configs/admins_simple.ini
L 11/21/2022 - 19:09:27: [admin-flatfile.smx]  (line 57) Invalid flag detected: x
L 11/21/2022 - 20:59:00: Error log file session closed.
L 11/21/2022 - 20:59:00: SourceMod error session started
L 11/21/2022 - 20:59:00: Info (map "de_vertigo") (file "/csgoserver/server1/csgo/addons/sourcemod/logs/errors_20221121.log")
L 11/21/2022 - 20:59:00: [admin-flatfile.smx] Error(s) detected parsing addons/sourcemod/configs/admins_simple.ini
L 11/21/2022 - 20:59:00: [admin-flatfile.smx]  (line 57) Invalid flag detected: x
L 11/21/2022 - 21:20:01: [SM] Exception reported: Array index out-of-bounds (index 64, limit 55)
L 11/21/2022 - 21:20:01: [SM] Blaming: weapon_restrict.smx
L 11/21/2022 - 21:20:01: [SM] Call stack trace:
L 11/21/2022 - 21:20:01: [SM]   [1] Line 202, restrictinc/events.sp::CS_OnBuyCommand
L 11/21/2022 - 21:20:18: [SM] Exception reported: Array index out-of-bounds (index 64, limit 55)
L 11/21/2022 - 21:20:18: [SM] Blaming: weapon_restrict.smx
L 11/21/2022 - 21:20:18: [SM] Call stack trace:
L 11/21/2022 - 21:20:18: [SM]   [1] Line 202, restrictinc/events.sp::CS_OnBuyCommand
L 11/21/2022 - 21:20:27: [SM] Exception reported: Array index out-of-bounds (index 64, limit 55)
L 11/21/2022 - 21:20:27: [SM] Blaming: weapon_restrict.smx
L 11/21/2022 - 21:20:27: [SM] Call stack trace:
L 11/21/2022 - 21:20:27: [SM]   [1] Line 202, restrictinc/events.sp::CS_OnBuyCommand
L 11/21/2022 - 21:20:28: [SM] Exception reported: Array index out-of-bounds (index 64, limit 55)
L 11/21/2022 - 21:20:28: [SM] Blaming: weapon_restrict.smx
L 11/21/2022 - 21:20:28: [SM] Call stack trace:
L 11/21/2022 - 21:20:28: [SM]   [1] Line 202, restrictinc/events.sp::CS_OnBuyCommand
L 11/21/2022 - 21:20:43: [SM] Exception reported: Array index out-of-bounds (index 64, limit 55)
L 11/21/2022 - 21:20:43: [SM] Blaming: weapon_restrict.smx
L 11/21/2022 - 21:20:43: [SM] Call stack trace:
L 11/21/2022 - 21:20:43: [SM]   [1] Line 202, restrictinc/events.sp::CS_OnBuyCommand
L 11/21/2022 - 21:20:46: [SM] Exception reported: Array index out-of-bounds (index 64, limit 55)
L 11/21/2022 - 21:20:46: [SM] Blaming: weapon_restrict.smx
L 11/21/2022 - 21:20:46: [SM] Call stack trace:
L 11/21/2022 - 21:20:46: [SM]   [1] Line 202, restrictinc/events.sp::CS_OnBuyCommand
L 11/21/2022 - 21:22:00: [SM] Exception reported: Array index out-of-bounds (index 64, limit 55)
L 11/21/2022 - 21:22:00: [SM] Blaming: weapon_restrict.smx
L 11/21/2022 - 21:22:00: [SM] Call stack trace:
L 11/21/2022 - 21:22:00: [SM]   [1] Line 202, restrictinc/events.sp::CS_OnBuyCommand
L 11/21/2022 - 21:22:54: [SM] Exception reported: Array index out-of-bounds (index 64, limit 55)
L 11/21/2022 - 21:22:54: [SM] Blaming: weapon_restrict.smx
L 11/21/2022 - 21:22:54: [SM] Call stack trace:
L 11/21/2022 - 21:22:54: [SM]   [1] Line 202, restrictinc/events.sp::CS_OnBuyCommand
L 11/21/2022 - 21:22:59: [SM] Exception reported: Array index out-of-bounds (index 64, limit 55)
L 11/21/2022 - 21:22:59: [SM] Blaming: weapon_restrict.smx
L 11/21/2022 - 21:22:59: [SM] Call stack trace:
L 11/21/2022 - 21:22:59: [SM]   [1] Line 202, restrictinc/events.sp::CS_OnBuyCommand
L 11/21/2022 - 21:36:25: [admin-flatfile.smx] Error(s) detected parsing addons/sourcemod/configs/admins_simple.ini
L 11/21/2022 - 21:36:25: [admin-flatfile.smx]  (line 64) Invalid flag detected: x
L 11/21/2022 - 21:40:28: Error log file session closed.
L 11/21/2022 - 21:40:28: SourceMod error session started
L 11/21/2022 - 21:40:28: Info (map "de_mirage") (file "/csgoserver/server1/csgo/addons/sourcemod/logs/errors_20221121.log")
L 11/21/2022 - 21:40:28: [admin-flatfile.smx] Error(s) detected parsing addons/sourcemod/configs/admins_simple.ini
L 11/21/2022 - 21:40:28: [admin-flatfile.smx]  (line 64) Invalid flag detected: x
L 11/21/2022 - 21:44:11: [SM] Exception reported: Client 8 is not connected
L 11/21/2022 - 21:44:11: [SM] Blaming: basecomm.smx
L 11/21/2022 - 21:44:11: [SM] Call stack trace:
L 11/21/2022 - 21:44:11: [SM]   [0] GetClientName
L 11/21/2022 - 21:44:11: [SM]   [1] Line 203, basecomm/gag.sp::MenuHandler_GagTypes
L 11/21/2022 - 21:55:51: [SM] Exception reported: Array index out-of-bounds (index 64, limit 55)
L 11/21/2022 - 21:55:51: [SM] Blaming: weapon_restrict.smx
L 11/21/2022 - 21:55:51: [SM] Call stack trace:
L 11/21/2022 - 21:55:51: [SM]   [1] Line 202, restrictinc/events.sp::CS_OnBuyCommand
L 11/21/2022 - 21:55:59: [SM] Exception reported: Array index out-of-bounds (index 64, limit 55)
L 11/21/2022 - 21:55:59: [SM] Blaming: weapon_restrict.smx
L 11/21/2022 - 21:55:59: [SM] Call stack trace:
L 11/21/2022 - 21:55:59: [SM]   [1] Line 202, restrictinc/events.sp::CS_OnBuyCommand
L 11/21/2022 - 21:56:10: [SM] Exception reported: Array index out-of-bounds (index 64, limit 55)
L 11/21/2022 - 21:56:10: [SM] Blaming: weapon_restrict.smx
L 11/21/2022 - 21:56:10: [SM] Call stack trace:
L 11/21/2022 - 21:56:10: [SM]   [1] Line 202, restrictinc/events.sp::CS_OnBuyCommand
L 11/21/2022 - 21:56:17: [SM] Exception reported: Array index out-of-bounds (index 64, limit 55)
L 11/21/2022 - 21:56:17: [SM] Blaming: weapon_restrict.smx
L 11/21/2022 - 21:56:17: [SM] Call stack trace:
L 11/21/2022 - 21:56:17: [SM]   [1] Line 202, restrictinc/events.sp::CS_OnBuyCommand
L 11/21/2022 - 21:56:34: [SM] Exception reported: Array index out-of-bounds (index 64, limit 55)
L 11/21/2022 - 21:56:34: [SM] Blaming: weapon_restrict.smx
L 11/21/2022 - 21:56:34: [SM] Call stack trace:
L 11/21/2022 - 21:56:34: [SM]   [1] Line 202, restrictinc/events.sp::CS_OnBuyCommand
L 11/21/2022 - 21:56:43: [SM] Exception reported: Array index out-of-bounds (index 64, limit 55)
L 11/21/2022 - 21:56:43: [SM] Blaming: weapon_restrict.smx
L 11/21/2022 - 21:56:43: [SM] Call stack trace:
L 11/21/2022 - 21:56:43: [SM]   [1] Line 202, restrictinc/events.sp::CS_OnBuyCommand
L 11/21/2022 - 21:56:46: [SM] Exception reported: Array index out-of-bounds (index 64, limit 55)
L 11/21/2022 - 21:56:46: [SM] Blaming: weapon_restrict.smx
L 11/21/2022 - 21:56:46: [SM] Call stack trace:
L 11/21/2022 - 21:56:46: [SM]   [1] Line 202, restrictinc/events.sp::CS_OnBuyCommand
L 11/21/2022 - 21:56:55: [SM] Exception reported: Array index out-of-bounds (index 64, limit 55)
L 11/21/2022 - 21:56:55: [SM] Blaming: weapon_restrict.smx
L 11/21/2022 - 21:56:55: [SM] Call stack trace:
L 11/21/2022 - 21:56:55: [SM]   [1] Line 202, restrictinc/events.sp::CS_OnBuyCommand
L 11/21/2022 - 21:57:07: [SM] Exception reported: Array index out-of-bounds (index 64, limit 55)
L 11/21/2022 - 21:57:07: [SM] Blaming: weapon_restrict.smx
L 11/21/2022 - 21:57:07: [SM] Call stack trace:
L 11/21/2022 - 21:57:07: [SM]   [1] Line 202, restrictinc/events.sp::CS_OnBuyCommand
L 11/21/2022 - 22:53:49: Error log file session closed.
L 11/21/2022 - 22:53:49: SourceMod error session started
L 11/21/2022 - 22:53:49: Info (map "de_mirage") (file "/csgoserver/server1/csgo/addons/sourcemod/logs/errors_20221121.log")
L 11/21/2022 - 22:53:49: [admin-flatfile.smx] Error(s) detected parsing addons/sourcemod/configs/admins_simple.ini
L 11/21/2022 - 22:53:49: [admin-flatfile.smx]  (line 64) Invalid flag detected: x
L 11/22/2022 - 12:08:04: Error log file session closed.
