L 08/06/2022 - 00:01:03: SourceMod error session started
L 08/06/2022 - 00:01:03: Info (map "de_overpass") (file "/home/csgo/csgo/addons/sourcemod/logs/errors_20220806.log")
L 08/06/2022 - 00:01:03: [SM] Exception reported: Array index out-of-bounds (index 64, limit 55)
L 08/06/2022 - 00:01:03: [SM] Blaming: weapon_restrict.smx
L 08/06/2022 - 00:01:03: [SM] Call stack trace:
L 08/06/2022 - 00:01:03: [SM]   [1] Line 202, restrictinc/events.sp::CS_OnBuyCommand
L 08/06/2022 - 00:01:10: [SM] Exception reported: Array index out-of-bounds (index 64, limit 55)
L 08/06/2022 - 00:01:10: [SM] Blaming: weapon_restrict.smx
L 08/06/2022 - 00:01:10: [SM] Call stack trace:
L 08/06/2022 - 00:01:10: [SM]   [1] Line 202, restrictinc/events.sp::CS_OnBuyCommand
L 08/06/2022 - 00:01:14: [SM] Exception reported: Array index out-of-bounds (index 64, limit 55)
L 08/06/2022 - 00:01:14: [SM] Blaming: weapon_restrict.smx
L 08/06/2022 - 00:01:14: [SM] Call stack trace:
L 08/06/2022 - 00:01:14: [SM]   [1] Line 202, restrictinc/events.sp::CS_OnBuyCommand
L 08/06/2022 - 00:01:14: [SM] Exception reported: Array index out-of-bounds (index 64, limit 55)
L 08/06/2022 - 00:01:14: [SM] Blaming: weapon_restrict.smx
L 08/06/2022 - 00:01:14: [SM] Call stack trace:
L 08/06/2022 - 00:01:14: [SM]   [1] Line 202, restrictinc/events.sp::CS_OnBuyCommand
L 08/06/2022 - 00:02:34: [SM] Exception reported: Array index out-of-bounds (index 64, limit 55)
L 08/06/2022 - 00:02:34: [SM] Blaming: weapon_restrict.smx
L 08/06/2022 - 00:02:34: [SM] Call stack trace:
L 08/06/2022 - 00:02:34: [SM]   [1] Line 202, restrictinc/events.sp::CS_OnBuyCommand
L 08/06/2022 - 00:02:37: [SM] Exception reported: Array index out-of-bounds (index 64, limit 55)
L 08/06/2022 - 00:02:37: [SM] Blaming: weapon_restrict.smx
L 08/06/2022 - 00:02:37: [SM] Call stack trace:
L 08/06/2022 - 00:02:37: [SM]   [1] Line 202, restrictinc/events.sp::CS_OnBuyCommand
L 08/06/2022 - 00:04:06: [SM] Exception reported: Array index out-of-bounds (index 64, limit 55)
L 08/06/2022 - 00:04:06: [SM] Blaming: weapon_restrict.smx
L 08/06/2022 - 00:04:06: [SM] Call stack trace:
L 08/06/2022 - 00:04:06: [SM]   [1] Line 202, restrictinc/events.sp::CS_OnBuyCommand
L 08/06/2022 - 00:04:57: [SM] Exception reported: Array index out-of-bounds (index 64, limit 55)
L 08/06/2022 - 00:04:57: [SM] Blaming: weapon_restrict.smx
L 08/06/2022 - 00:04:57: [SM] Call stack trace:
L 08/06/2022 - 00:04:57: [SM]   [1] Line 202, restrictinc/events.sp::CS_OnBuyCommand
L 08/06/2022 - 00:09:04: [SM] Exception reported: Array index out-of-bounds (index 64, limit 55)
L 08/06/2022 - 00:09:04: [SM] Blaming: weapon_restrict.smx
L 08/06/2022 - 00:09:04: [SM] Call stack trace:
L 08/06/2022 - 00:09:04: [SM]   [1] Line 202, restrictinc/events.sp::CS_OnBuyCommand
L 08/06/2022 - 00:10:23: [SM] Exception reported: Array index out-of-bounds (index 64, limit 55)
L 08/06/2022 - 00:10:23: [SM] Blaming: weapon_restrict.smx
L 08/06/2022 - 00:10:23: [SM] Call stack trace:
L 08/06/2022 - 00:10:23: [SM]   [1] Line 202, restrictinc/events.sp::CS_OnBuyCommand
L 08/06/2022 - 00:10:28: [SM] Exception reported: Array index out-of-bounds (index 64, limit 55)
L 08/06/2022 - 00:10:28: [SM] Blaming: weapon_restrict.smx
L 08/06/2022 - 00:10:28: [SM] Call stack trace:
L 08/06/2022 - 00:10:28: [SM]   [1] Line 202, restrictinc/events.sp::CS_OnBuyCommand
L 08/06/2022 - 00:12:18: [SM] Exception reported: Array index out-of-bounds (index 64, limit 55)
L 08/06/2022 - 00:12:18: [SM] Blaming: weapon_restrict.smx
L 08/06/2022 - 00:12:18: [SM] Call stack trace:
L 08/06/2022 - 00:12:18: [SM]   [1] Line 202, restrictinc/events.sp::CS_OnBuyCommand
L 08/06/2022 - 00:14:32: Error log file session closed.
L 08/06/2022 - 00:14:32: SourceMod error session started
L 08/06/2022 - 00:14:32: Info (map "de_mirage") (file "/home/csgo/csgo/addons/sourcemod/logs/errors_20220806.log")
L 08/06/2022 - 00:14:32: [SM] Fatal error encountered parsing translation file "movecommands.phrases.txt"
L 08/06/2022 - 00:14:32: [SM] Error (line 0, column 0): Stream failed to open
L 08/06/2022 - 00:59:16: Error log file session closed.
L 08/06/2022 - 00:59:16: SourceMod error session started
L 08/06/2022 - 00:59:16: Info (map "de_mirage") (file "/home/csgo/csgo/addons/sourcemod/logs/errors_20220806.log")
L 08/06/2022 - 00:59:16: [SM] Fatal error encountered parsing translation file "movecommands.phrases.txt"
L 08/06/2022 - 00:59:16: [SM] Error (line 0, column 0): Stream failed to open
L 08/06/2022 - 01:25:18: Error log file session closed.
L 08/06/2022 - 01:25:18: SourceMod error session started
L 08/06/2022 - 01:25:18: Info (map "de_mirage") (file "/home/csgo/csgo/addons/sourcemod/logs/errors_20220806.log")
L 08/06/2022 - 01:25:18: [SM] Fatal error encountered parsing translation file "movecommands.phrases.txt"
L 08/06/2022 - 01:25:18: [SM] Error (line 0, column 0): Stream failed to open
L 08/06/2022 - 01:27:13: [c5_pug.smx] GOTV demo could not be recorded since tv_enable is not set to 1
L 08/06/2022 - 01:27:59: [SM] Exception reported: Array index out-of-bounds (index 64, limit 55)
L 08/06/2022 - 01:27:59: [SM] Blaming: weapon_restrict.smx
L 08/06/2022 - 01:27:59: [SM] Call stack trace:
L 08/06/2022 - 01:27:59: [SM]   [1] Line 202, restrictinc/events.sp::CS_OnBuyCommand
L 08/06/2022 - 01:28:08: [SM] Exception reported: Array index out-of-bounds (index 64, limit 55)
L 08/06/2022 - 01:28:08: [SM] Blaming: weapon_restrict.smx
L 08/06/2022 - 01:28:08: [SM] Call stack trace:
L 08/06/2022 - 01:28:08: [SM]   [1] Line 202, restrictinc/events.sp::CS_OnBuyCommand
L 08/06/2022 - 01:28:53: [SM] Exception reported: Array index out-of-bounds (index 64, limit 55)
L 08/06/2022 - 01:28:53: [SM] Blaming: weapon_restrict.smx
L 08/06/2022 - 01:28:53: [SM] Call stack trace:
L 08/06/2022 - 01:28:53: [SM]   [1] Line 202, restrictinc/events.sp::CS_OnBuyCommand
L 08/06/2022 - 01:31:40: [SM] Exception reported: Array index out-of-bounds (index 64, limit 55)
L 08/06/2022 - 01:31:40: [SM] Blaming: weapon_restrict.smx
L 08/06/2022 - 01:31:40: [SM] Call stack trace:
L 08/06/2022 - 01:31:40: [SM]   [1] Line 202, restrictinc/events.sp::CS_OnBuyCommand
L 08/06/2022 - 01:36:15: [SM] Exception reported: Array index out-of-bounds (index 64, limit 55)
L 08/06/2022 - 01:36:15: [SM] Blaming: weapon_restrict.smx
L 08/06/2022 - 01:36:15: [SM] Call stack trace:
L 08/06/2022 - 01:36:15: [SM]   [1] Line 202, restrictinc/events.sp::CS_OnBuyCommand
L 08/06/2022 - 01:41:15: [SM] Exception reported: Array index out-of-bounds (index 64, limit 55)
L 08/06/2022 - 01:41:15: [SM] Blaming: weapon_restrict.smx
L 08/06/2022 - 01:41:15: [SM] Call stack trace:
L 08/06/2022 - 01:41:15: [SM]   [1] Line 202, restrictinc/events.sp::CS_OnBuyCommand
L 08/06/2022 - 01:44:06: [SM] Exception reported: Array index out-of-bounds (index 64, limit 55)
L 08/06/2022 - 01:44:06: [SM] Blaming: weapon_restrict.smx
L 08/06/2022 - 01:44:06: [SM] Call stack trace:
L 08/06/2022 - 01:44:06: [SM]   [1] Line 202, restrictinc/events.sp::CS_OnBuyCommand
L 08/06/2022 - 01:48:24: Error log file session closed.
L 08/06/2022 - 01:48:24: SourceMod error session started
L 08/06/2022 - 01:48:24: Info (map "de_mirage") (file "/home/csgo/csgo/addons/sourcemod/logs/errors_20220806.log")
L 08/06/2022 - 01:48:24: [SM] Fatal error encountered parsing translation file "movecommands.phrases.txt"
L 08/06/2022 - 01:48:24: [SM] Error (line 0, column 0): Stream failed to open
L 08/06/2022 - 02:24:14: Error log file session closed.
L 08/06/2022 - 02:24:14: SourceMod error session started
L 08/06/2022 - 02:24:14: Info (map "de_mirage") (file "/home/csgo/csgo/addons/sourcemod/logs/errors_20220806.log")
L 08/06/2022 - 02:24:14: [SM] Fatal error encountered parsing translation file "movecommands.phrases.txt"
L 08/06/2022 - 02:24:14: [SM] Error (line 0, column 0): Stream failed to open
L 08/06/2022 - 02:24:32: [SM] Exception reported: Array index out-of-bounds (index 64, limit 55)
L 08/06/2022 - 02:24:32: [SM] Blaming: weapon_restrict.smx
L 08/06/2022 - 02:24:32: [SM] Call stack trace:
L 08/06/2022 - 02:24:32: [SM]   [1] Line 202, restrictinc/events.sp::CS_OnBuyCommand
L 08/06/2022 - 02:31:09: [SM] Exception reported: Array index out-of-bounds (index 64, limit 55)
L 08/06/2022 - 02:31:09: [SM] Blaming: weapon_restrict.smx
L 08/06/2022 - 02:31:09: [SM] Call stack trace:
L 08/06/2022 - 02:31:09: [SM]   [1] Line 202, restrictinc/events.sp::CS_OnBuyCommand
L 08/06/2022 - 02:31:44: [SM] Exception reported: Array index out-of-bounds (index 64, limit 55)
L 08/06/2022 - 02:31:44: [SM] Blaming: weapon_restrict.smx
L 08/06/2022 - 02:31:44: [SM] Call stack trace:
L 08/06/2022 - 02:31:44: [SM]   [1] Line 202, restrictinc/events.sp::CS_OnBuyCommand
L 08/06/2022 - 02:31:56: [SM] Exception reported: Array index out-of-bounds (index 64, limit 55)
L 08/06/2022 - 02:31:56: [SM] Blaming: weapon_restrict.smx
L 08/06/2022 - 02:31:56: [SM] Call stack trace:
L 08/06/2022 - 02:31:56: [SM]   [1] Line 202, restrictinc/events.sp::CS_OnBuyCommand
L 08/06/2022 - 02:32:02: [SM] Exception reported: Array index out-of-bounds (index 64, limit 55)
L 08/06/2022 - 02:32:02: [SM] Blaming: weapon_restrict.smx
L 08/06/2022 - 02:32:02: [SM] Call stack trace:
L 08/06/2022 - 02:32:02: [SM]   [1] Line 202, restrictinc/events.sp::CS_OnBuyCommand
L 08/06/2022 - 02:32:26: [SM] Exception reported: Array index out-of-bounds (index 64, limit 55)
L 08/06/2022 - 02:32:26: [SM] Blaming: weapon_restrict.smx
L 08/06/2022 - 02:32:26: [SM] Call stack trace:
L 08/06/2022 - 02:32:26: [SM]   [1] Line 202, restrictinc/events.sp::CS_OnBuyCommand
L 08/06/2022 - 02:32:43: [SM] Exception reported: Array index out-of-bounds (index 64, limit 55)
L 08/06/2022 - 02:32:43: [SM] Blaming: weapon_restrict.smx
L 08/06/2022 - 02:32:43: [SM] Call stack trace:
L 08/06/2022 - 02:32:43: [SM]   [1] Line 202, restrictinc/events.sp::CS_OnBuyCommand
L 08/06/2022 - 02:33:27: [SM] Exception reported: Array index out-of-bounds (index 64, limit 55)
L 08/06/2022 - 02:33:27: [SM] Blaming: weapon_restrict.smx
L 08/06/2022 - 02:33:27: [SM] Call stack trace:
L 08/06/2022 - 02:33:27: [SM]   [1] Line 202, restrictinc/events.sp::CS_OnBuyCommand
L 08/06/2022 - 02:33:43: [SM] Exception reported: Array index out-of-bounds (index 64, limit 55)
L 08/06/2022 - 02:33:43: [SM] Blaming: weapon_restrict.smx
L 08/06/2022 - 02:33:43: [SM] Call stack trace:
L 08/06/2022 - 02:33:43: [SM]   [1] Line 202, restrictinc/events.sp::CS_OnBuyCommand
L 08/06/2022 - 02:34:02: [SM] Exception reported: Array index out-of-bounds (index 64, limit 55)
L 08/06/2022 - 02:34:02: [SM] Blaming: weapon_restrict.smx
L 08/06/2022 - 02:34:02: [SM] Call stack trace:
L 08/06/2022 - 02:34:02: [SM]   [1] Line 202, restrictinc/events.sp::CS_OnBuyCommand
L 08/06/2022 - 02:34:12: [SM] Exception reported: Array index out-of-bounds (index 64, limit 55)
L 08/06/2022 - 02:34:12: [SM] Blaming: weapon_restrict.smx
L 08/06/2022 - 02:34:12: [SM] Call stack trace:
L 08/06/2022 - 02:34:12: [SM]   [1] Line 202, restrictinc/events.sp::CS_OnBuyCommand
L 08/06/2022 - 02:34:25: [SM] Exception reported: Array index out-of-bounds (index 64, limit 55)
L 08/06/2022 - 02:34:25: [SM] Blaming: weapon_restrict.smx
L 08/06/2022 - 02:34:25: [SM] Call stack trace:
L 08/06/2022 - 02:34:25: [SM]   [1] Line 202, restrictinc/events.sp::CS_OnBuyCommand
L 08/06/2022 - 02:34:31: [SM] Exception reported: Array index out-of-bounds (index 64, limit 55)
L 08/06/2022 - 02:34:31: [SM] Blaming: weapon_restrict.smx
L 08/06/2022 - 02:34:31: [SM] Call stack trace:
L 08/06/2022 - 02:34:31: [SM]   [1] Line 202, restrictinc/events.sp::CS_OnBuyCommand
L 08/06/2022 - 02:35:00: [SM] Exception reported: Array index out-of-bounds (index 64, limit 55)
L 08/06/2022 - 02:35:00: [SM] Blaming: weapon_restrict.smx
L 08/06/2022 - 02:35:00: [SM] Call stack trace:
L 08/06/2022 - 02:35:00: [SM]   [1] Line 202, restrictinc/events.sp::CS_OnBuyCommand
L 08/06/2022 - 02:43:13: [SM] Exception reported: Array index out-of-bounds (index 64, limit 55)
L 08/06/2022 - 02:43:13: [SM] Blaming: weapon_restrict.smx
L 08/06/2022 - 02:43:13: [SM] Call stack trace:
L 08/06/2022 - 02:43:13: [SM]   [1] Line 202, restrictinc/events.sp::CS_OnBuyCommand
L 08/06/2022 - 02:43:41: [SM] Exception reported: Array index out-of-bounds (index 64, limit 55)
L 08/06/2022 - 02:43:41: [SM] Blaming: weapon_restrict.smx
L 08/06/2022 - 02:43:41: [SM] Call stack trace:
L 08/06/2022 - 02:43:41: [SM]   [1] Line 202, restrictinc/events.sp::CS_OnBuyCommand
L 08/06/2022 - 02:43:57: [SM] Exception reported: Array index out-of-bounds (index 64, limit 55)
L 08/06/2022 - 02:43:57: [SM] Blaming: weapon_restrict.smx
L 08/06/2022 - 02:43:57: [SM] Call stack trace:
L 08/06/2022 - 02:43:57: [SM]   [1] Line 202, restrictinc/events.sp::CS_OnBuyCommand
L 08/06/2022 - 02:44:27: [SM] Exception reported: Array index out-of-bounds (index 64, limit 55)
L 08/06/2022 - 02:44:27: [SM] Blaming: weapon_restrict.smx
L 08/06/2022 - 02:44:27: [SM] Call stack trace:
L 08/06/2022 - 02:44:27: [SM]   [1] Line 202, restrictinc/events.sp::CS_OnBuyCommand
L 08/06/2022 - 02:45:11: [SM] Exception reported: Array index out-of-bounds (index 64, limit 55)
L 08/06/2022 - 02:45:11: [SM] Blaming: weapon_restrict.smx
L 08/06/2022 - 02:45:11: [SM] Call stack trace:
L 08/06/2022 - 02:45:11: [SM]   [1] Line 202, restrictinc/events.sp::CS_OnBuyCommand
L 08/06/2022 - 02:45:22: [SM] Exception reported: Array index out-of-bounds (index 64, limit 55)
L 08/06/2022 - 02:45:22: [SM] Blaming: weapon_restrict.smx
L 08/06/2022 - 02:45:22: [SM] Call stack trace:
L 08/06/2022 - 02:45:22: [SM]   [1] Line 202, restrictinc/events.sp::CS_OnBuyCommand
L 08/06/2022 - 02:46:42: [SM] Exception reported: Array index out-of-bounds (index 64, limit 55)
L 08/06/2022 - 02:46:42: [SM] Blaming: weapon_restrict.smx
L 08/06/2022 - 02:46:42: [SM] Call stack trace:
L 08/06/2022 - 02:46:42: [SM]   [1] Line 202, restrictinc/events.sp::CS_OnBuyCommand
L 08/06/2022 - 02:47:10: [SM] Exception reported: Array index out-of-bounds (index 64, limit 55)
L 08/06/2022 - 02:47:10: [SM] Blaming: weapon_restrict.smx
L 08/06/2022 - 02:47:10: [SM] Call stack trace:
L 08/06/2022 - 02:47:10: [SM]   [1] Line 202, restrictinc/events.sp::CS_OnBuyCommand
L 08/06/2022 - 02:47:32: [SM] Exception reported: Array index out-of-bounds (index 64, limit 55)
L 08/06/2022 - 02:47:32: [SM] Blaming: weapon_restrict.smx
L 08/06/2022 - 02:47:32: [SM] Call stack trace:
L 08/06/2022 - 02:47:32: [SM]   [1] Line 202, restrictinc/events.sp::CS_OnBuyCommand
L 08/06/2022 - 02:47:50: [SM] Exception reported: Array index out-of-bounds (index 64, limit 55)
L 08/06/2022 - 02:47:50: [SM] Blaming: weapon_restrict.smx
L 08/06/2022 - 02:47:50: [SM] Call stack trace:
L 08/06/2022 - 02:47:50: [SM]   [1] Line 202, restrictinc/events.sp::CS_OnBuyCommand
L 08/06/2022 - 02:48:30: [SM] Exception reported: Array index out-of-bounds (index 64, limit 55)
L 08/06/2022 - 02:48:30: [SM] Blaming: weapon_restrict.smx
L 08/06/2022 - 02:48:30: [SM] Call stack trace:
L 08/06/2022 - 02:48:30: [SM]   [1] Line 202, restrictinc/events.sp::CS_OnBuyCommand
L 08/06/2022 - 02:48:46: [SM] Exception reported: Array index out-of-bounds (index 64, limit 55)
L 08/06/2022 - 02:48:46: [SM] Blaming: weapon_restrict.smx
L 08/06/2022 - 02:48:46: [SM] Call stack trace:
L 08/06/2022 - 02:48:46: [SM]   [1] Line 202, restrictinc/events.sp::CS_OnBuyCommand
L 08/06/2022 - 02:50:21: Error log file session closed.
L 08/06/2022 - 02:50:21: SourceMod error session started
L 08/06/2022 - 02:50:21: Info (map "gd_cbble") (file "/home/csgo/csgo/addons/sourcemod/logs/errors_20220806.log")
L 08/06/2022 - 02:50:21: [SM] Fatal error encountered parsing translation file "movecommands.phrases.txt"
L 08/06/2022 - 02:50:21: [SM] Error (line 0, column 0): Stream failed to open
L 08/06/2022 - 02:52:08: Error log file session closed.
L 08/06/2022 - 02:52:08: SourceMod error session started
L 08/06/2022 - 02:52:08: Info (map "de_vertigo") (file "/home/csgo/csgo/addons/sourcemod/logs/errors_20220806.log")
L 08/06/2022 - 02:52:08: [SM] Fatal error encountered parsing translation file "movecommands.phrases.txt"
L 08/06/2022 - 02:52:08: [SM] Error (line 0, column 0): Stream failed to open
L 08/06/2022 - 02:53:00: [c5_pug.smx] GOTV demo could not be recorded since tv_enable is not set to 1
L 08/06/2022 - 02:53:56: [SM] Exception reported: Array index out-of-bounds (index 64, limit 55)
L 08/06/2022 - 02:53:56: [SM] Blaming: weapon_restrict.smx
L 08/06/2022 - 02:53:56: [SM] Call stack trace:
L 08/06/2022 - 02:53:56: [SM]   [1] Line 202, restrictinc/events.sp::CS_OnBuyCommand
L 08/06/2022 - 02:54:06: [SM] Exception reported: Array index out-of-bounds (index 64, limit 55)
L 08/06/2022 - 02:54:06: [SM] Blaming: weapon_restrict.smx
L 08/06/2022 - 02:54:06: [SM] Call stack trace:
L 08/06/2022 - 02:54:06: [SM]   [1] Line 202, restrictinc/events.sp::CS_OnBuyCommand
L 08/06/2022 - 02:54:31: [SM] Exception reported: Array index out-of-bounds (index 64, limit 55)
L 08/06/2022 - 02:54:31: [SM] Blaming: weapon_restrict.smx
L 08/06/2022 - 02:54:31: [SM] Call stack trace:
L 08/06/2022 - 02:54:31: [SM]   [1] Line 202, restrictinc/events.sp::CS_OnBuyCommand
L 08/06/2022 - 02:55:19: [SM] Exception reported: Array index out-of-bounds (index 64, limit 55)
L 08/06/2022 - 02:55:19: [SM] Blaming: weapon_restrict.smx
L 08/06/2022 - 02:55:19: [SM] Call stack trace:
L 08/06/2022 - 02:55:19: [SM]   [1] Line 202, restrictinc/events.sp::CS_OnBuyCommand
L 08/06/2022 - 02:57:12: [SM] Exception reported: Array index out-of-bounds (index 64, limit 55)
L 08/06/2022 - 02:57:12: [SM] Blaming: weapon_restrict.smx
L 08/06/2022 - 02:57:12: [SM] Call stack trace:
L 08/06/2022 - 02:57:12: [SM]   [1] Line 202, restrictinc/events.sp::CS_OnBuyCommand
L 08/06/2022 - 02:57:53: [SM] Exception reported: Array index out-of-bounds (index 64, limit 55)
L 08/06/2022 - 02:57:53: [SM] Blaming: weapon_restrict.smx
L 08/06/2022 - 02:57:53: [SM] Call stack trace:
L 08/06/2022 - 02:57:53: [SM]   [1] Line 202, restrictinc/events.sp::CS_OnBuyCommand
L 08/06/2022 - 02:59:07: [SM] Exception reported: Array index out-of-bounds (index 64, limit 55)
L 08/06/2022 - 02:59:07: [SM] Blaming: weapon_restrict.smx
L 08/06/2022 - 02:59:07: [SM] Call stack trace:
L 08/06/2022 - 02:59:07: [SM]   [1] Line 202, restrictinc/events.sp::CS_OnBuyCommand
L 08/06/2022 - 02:59:16: [SM] Exception reported: Array index out-of-bounds (index 64, limit 55)
L 08/06/2022 - 02:59:16: [SM] Blaming: weapon_restrict.smx
L 08/06/2022 - 02:59:16: [SM] Call stack trace:
L 08/06/2022 - 02:59:16: [SM]   [1] Line 202, restrictinc/events.sp::CS_OnBuyCommand
L 08/06/2022 - 02:59:44: [SM] Exception reported: Array index out-of-bounds (index 64, limit 55)
L 08/06/2022 - 02:59:44: [SM] Blaming: weapon_restrict.smx
L 08/06/2022 - 02:59:44: [SM] Call stack trace:
L 08/06/2022 - 02:59:44: [SM]   [1] Line 202, restrictinc/events.sp::CS_OnBuyCommand
L 08/06/2022 - 03:00:18: Error log file session closed.
L 08/06/2022 - 03:00:18: SourceMod error session started
L 08/06/2022 - 03:00:18: Info (map "de_overpass") (file "/home/csgo/csgo/addons/sourcemod/logs/errors_20220806.log")
L 08/06/2022 - 03:00:18: [SM] Fatal error encountered parsing translation file "movecommands.phrases.txt"
L 08/06/2022 - 03:00:18: [SM] Error (line 0, column 0): Stream failed to open
L 08/06/2022 - 03:02:04: Error log file session closed.
L 08/06/2022 - 03:02:04: SourceMod error session started
L 08/06/2022 - 03:02:04: Info (map "de_overpass") (file "/home/csgo/csgo/addons/sourcemod/logs/errors_20220806.log")
L 08/06/2022 - 03:02:04: [SM] Fatal error encountered parsing translation file "movecommands.phrases.txt"
L 08/06/2022 - 03:02:04: [SM] Error (line 0, column 0): Stream failed to open
L 08/06/2022 - 03:02:09: [SM] Exception reported: Client 3 is not in game
L 08/06/2022 - 03:02:09: [SM] Blaming: c5_pug_voteend.smx
L 08/06/2022 - 03:02:09: [SM] Call stack trace:
L 08/06/2022 - 03:02:09: [SM]   [0] GetClientTeam
L 08/06/2022 - 03:02:09: [SM]   [1] Line 56, F:\Code\sourcepawn\addons\sourcemod\scripting\c5_pug_voteend.sp::OnClientDisconnect
L 08/06/2022 - 03:02:09: [SM] Exception reported: Client 4 is not in game
L 08/06/2022 - 03:02:09: [SM] Blaming: c5_pug_voteend.smx
L 08/06/2022 - 03:02:09: [SM] Call stack trace:
L 08/06/2022 - 03:02:09: [SM]   [0] GetClientTeam
L 08/06/2022 - 03:02:09: [SM]   [1] Line 56, F:\Code\sourcepawn\addons\sourcemod\scripting\c5_pug_voteend.sp::OnClientDisconnect
L 08/06/2022 - 03:02:10: Error log file session closed.
L 08/06/2022 - 03:02:10: SourceMod error session started
L 08/06/2022 - 03:02:10: Info (map "de_overpass") (file "/home/csgo/csgo/addons/sourcemod/logs/errors_20220806.log")
L 08/06/2022 - 03:02:10: [SM] Fatal error encountered parsing translation file "movecommands.phrases.txt"
L 08/06/2022 - 03:02:10: [SM] Error (line 0, column 0): Stream failed to open
L 08/06/2022 - 03:02:50: [c5_pug.smx] GOTV demo could not be recorded since tv_enable is not set to 1
L 08/06/2022 - 03:03:36: [SM] Exception reported: Array index out-of-bounds (index 64, limit 55)
L 08/06/2022 - 03:03:36: [SM] Blaming: weapon_restrict.smx
L 08/06/2022 - 03:03:36: [SM] Call stack trace:
L 08/06/2022 - 03:03:36: [SM]   [1] Line 202, restrictinc/events.sp::CS_OnBuyCommand
L 08/06/2022 - 03:03:42: [SM] Exception reported: Array index out-of-bounds (index 64, limit 55)
L 08/06/2022 - 03:03:42: [SM] Blaming: weapon_restrict.smx
L 08/06/2022 - 03:03:42: [SM] Call stack trace:
L 08/06/2022 - 03:03:42: [SM]   [1] Line 202, restrictinc/events.sp::CS_OnBuyCommand
L 08/06/2022 - 03:04:18: [SM] Exception reported: Array index out-of-bounds (index 64, limit 55)
L 08/06/2022 - 03:04:18: [SM] Blaming: weapon_restrict.smx
L 08/06/2022 - 03:04:18: [SM] Call stack trace:
L 08/06/2022 - 03:04:18: [SM]   [1] Line 202, restrictinc/events.sp::CS_OnBuyCommand
L 08/06/2022 - 03:09:16: [SM] Exception reported: Array index out-of-bounds (index 64, limit 55)
L 08/06/2022 - 03:09:16: [SM] Blaming: weapon_restrict.smx
L 08/06/2022 - 03:09:16: [SM] Call stack trace:
L 08/06/2022 - 03:09:16: [SM]   [1] Line 202, restrictinc/events.sp::CS_OnBuyCommand
L 08/06/2022 - 03:09:17: [SM] Exception reported: Array index out-of-bounds (index 64, limit 55)
L 08/06/2022 - 03:09:17: [SM] Blaming: weapon_restrict.smx
L 08/06/2022 - 03:09:17: [SM] Call stack trace:
L 08/06/2022 - 03:09:17: [SM]   [1] Line 202, restrictinc/events.sp::CS_OnBuyCommand
L 08/06/2022 - 03:10:45: [SM] Exception reported: Array index out-of-bounds (index 64, limit 55)
L 08/06/2022 - 03:10:45: [SM] Blaming: weapon_restrict.smx
L 08/06/2022 - 03:10:45: [SM] Call stack trace:
L 08/06/2022 - 03:10:45: [SM]   [1] Line 202, restrictinc/events.sp::CS_OnBuyCommand
L 08/06/2022 - 03:11:20: [SM] Exception reported: Array index out-of-bounds (index 64, limit 55)
L 08/06/2022 - 03:11:20: [SM] Blaming: weapon_restrict.smx
L 08/06/2022 - 03:11:20: [SM] Call stack trace:
L 08/06/2022 - 03:11:20: [SM]   [1] Line 202, restrictinc/events.sp::CS_OnBuyCommand
L 08/06/2022 - 03:11:34: [SM] Exception reported: Array index out-of-bounds (index 64, limit 55)
L 08/06/2022 - 03:11:34: [SM] Blaming: weapon_restrict.smx
L 08/06/2022 - 03:11:34: [SM] Call stack trace:
L 08/06/2022 - 03:11:34: [SM]   [1] Line 202, restrictinc/events.sp::CS_OnBuyCommand
L 08/06/2022 - 03:12:30: [SM] Exception reported: Array index out-of-bounds (index 64, limit 55)
L 08/06/2022 - 03:12:30: [SM] Blaming: weapon_restrict.smx
L 08/06/2022 - 03:12:30: [SM] Call stack trace:
L 08/06/2022 - 03:12:30: [SM]   [1] Line 202, restrictinc/events.sp::CS_OnBuyCommand
L 08/06/2022 - 03:14:52: [SM] Exception reported: Array index out-of-bounds (index 64, limit 55)
L 08/06/2022 - 03:14:52: [SM] Blaming: weapon_restrict.smx
L 08/06/2022 - 03:14:52: [SM] Call stack trace:
L 08/06/2022 - 03:14:52: [SM]   [1] Line 202, restrictinc/events.sp::CS_OnBuyCommand
L 08/06/2022 - 03:15:35: [SM] Exception reported: Array index out-of-bounds (index 64, limit 55)
L 08/06/2022 - 03:15:35: [SM] Blaming: weapon_restrict.smx
L 08/06/2022 - 03:15:35: [SM] Call stack trace:
L 08/06/2022 - 03:15:35: [SM]   [1] Line 202, restrictinc/events.sp::CS_OnBuyCommand
L 08/06/2022 - 03:16:21: [SM] Exception reported: Array index out-of-bounds (index 64, limit 55)
L 08/06/2022 - 03:16:21: [SM] Blaming: weapon_restrict.smx
L 08/06/2022 - 03:16:21: [SM] Call stack trace:
L 08/06/2022 - 03:16:21: [SM]   [1] Line 202, restrictinc/events.sp::CS_OnBuyCommand
L 08/06/2022 - 03:16:53: [SM] Exception reported: Array index out-of-bounds (index 64, limit 55)
L 08/06/2022 - 03:16:53: [SM] Blaming: weapon_restrict.smx
L 08/06/2022 - 03:16:53: [SM] Call stack trace:
L 08/06/2022 - 03:16:53: [SM]   [1] Line 202, restrictinc/events.sp::CS_OnBuyCommand
L 08/06/2022 - 03:19:30: [SM] Exception reported: Array index out-of-bounds (index 64, limit 55)
L 08/06/2022 - 03:19:30: [SM] Blaming: weapon_restrict.smx
L 08/06/2022 - 03:19:30: [SM] Call stack trace:
L 08/06/2022 - 03:19:30: [SM]   [1] Line 202, restrictinc/events.sp::CS_OnBuyCommand
L 08/06/2022 - 03:20:23: Error log file session closed.
L 08/06/2022 - 03:20:23: SourceMod error session started
L 08/06/2022 - 03:20:23: Info (map "de_shortnuke") (file "/home/csgo/csgo/addons/sourcemod/logs/errors_20220806.log")
L 08/06/2022 - 03:20:23: [SM] Fatal error encountered parsing translation file "movecommands.phrases.txt"
L 08/06/2022 - 03:20:23: [SM] Error (line 0, column 0): Stream failed to open
L 08/06/2022 - 03:20:58: [SM] Exception reported: Array index out-of-bounds (index 64, limit 55)
L 08/06/2022 - 03:20:58: [SM] Blaming: weapon_restrict.smx
L 08/06/2022 - 03:20:58: [SM] Call stack trace:
L 08/06/2022 - 03:20:58: [SM]   [1] Line 202, restrictinc/events.sp::CS_OnBuyCommand
L 08/06/2022 - 03:21:45: [SM] Exception reported: Array index out-of-bounds (index 64, limit 55)
L 08/06/2022 - 03:21:45: [SM] Blaming: weapon_restrict.smx
L 08/06/2022 - 03:21:45: [SM] Call stack trace:
L 08/06/2022 - 03:21:45: [SM]   [1] Line 202, restrictinc/events.sp::CS_OnBuyCommand
L 08/06/2022 - 03:22:07: [SM] Exception reported: Array index out-of-bounds (index 64, limit 55)
L 08/06/2022 - 03:22:07: [SM] Blaming: weapon_restrict.smx
L 08/06/2022 - 03:22:07: [SM] Call stack trace:
L 08/06/2022 - 03:22:07: [SM]   [1] Line 202, restrictinc/events.sp::CS_OnBuyCommand
L 08/06/2022 - 03:22:43: [SM] Exception reported: Array index out-of-bounds (index 64, limit 55)
L 08/06/2022 - 03:22:43: [SM] Blaming: weapon_restrict.smx
L 08/06/2022 - 03:22:43: [SM] Call stack trace:
L 08/06/2022 - 03:22:43: [SM]   [1] Line 202, restrictinc/events.sp::CS_OnBuyCommand
L 08/06/2022 - 03:23:00: [SM] Exception reported: Array index out-of-bounds (index 64, limit 55)
L 08/06/2022 - 03:23:00: [SM] Blaming: weapon_restrict.smx
L 08/06/2022 - 03:23:00: [SM] Call stack trace:
L 08/06/2022 - 03:23:00: [SM]   [1] Line 202, restrictinc/events.sp::CS_OnBuyCommand
L 08/06/2022 - 03:23:36: [c5_pug.smx] GOTV demo could not be recorded since tv_enable is not set to 1
L 08/06/2022 - 03:24:33: [SM] Exception reported: Array index out-of-bounds (index 64, limit 55)
L 08/06/2022 - 03:24:33: [SM] Blaming: weapon_restrict.smx
L 08/06/2022 - 03:24:33: [SM] Call stack trace:
L 08/06/2022 - 03:24:33: [SM]   [1] Line 202, restrictinc/events.sp::CS_OnBuyCommand
L 08/06/2022 - 03:24:42: [SM] Exception reported: Array index out-of-bounds (index 64, limit 55)
L 08/06/2022 - 03:24:42: [SM] Blaming: weapon_restrict.smx
L 08/06/2022 - 03:24:42: [SM] Call stack trace:
L 08/06/2022 - 03:24:42: [SM]   [1] Line 202, restrictinc/events.sp::CS_OnBuyCommand
L 08/06/2022 - 03:27:31: [SM] Exception reported: Array index out-of-bounds (index 64, limit 55)
L 08/06/2022 - 03:27:31: [SM] Blaming: weapon_restrict.smx
L 08/06/2022 - 03:27:31: [SM] Call stack trace:
L 08/06/2022 - 03:27:31: [SM]   [1] Line 202, restrictinc/events.sp::CS_OnBuyCommand
L 08/06/2022 - 03:29:00: [SM] Exception reported: Array index out-of-bounds (index 64, limit 55)
L 08/06/2022 - 03:29:00: [SM] Blaming: weapon_restrict.smx
L 08/06/2022 - 03:29:00: [SM] Call stack trace:
L 08/06/2022 - 03:29:00: [SM]   [1] Line 202, restrictinc/events.sp::CS_OnBuyCommand
L 08/06/2022 - 03:30:27: [SM] Exception reported: Array index out-of-bounds (index 64, limit 55)
L 08/06/2022 - 03:30:27: [SM] Blaming: weapon_restrict.smx
L 08/06/2022 - 03:30:27: [SM] Call stack trace:
L 08/06/2022 - 03:30:27: [SM]   [1] Line 202, restrictinc/events.sp::CS_OnBuyCommand
L 08/06/2022 - 03:32:28: [SM] Exception reported: Array index out-of-bounds (index 64, limit 55)
L 08/06/2022 - 03:32:28: [SM] Blaming: weapon_restrict.smx
L 08/06/2022 - 03:32:28: [SM] Call stack trace:
L 08/06/2022 - 03:32:28: [SM]   [1] Line 202, restrictinc/events.sp::CS_OnBuyCommand
L 08/06/2022 - 03:35:53: [SM] Exception reported: Array index out-of-bounds (index 64, limit 55)
L 08/06/2022 - 03:35:53: [SM] Blaming: weapon_restrict.smx
L 08/06/2022 - 03:35:53: [SM] Call stack trace:
L 08/06/2022 - 03:35:53: [SM]   [1] Line 202, restrictinc/events.sp::CS_OnBuyCommand
L 08/06/2022 - 03:36:49: [SM] Exception reported: Array index out-of-bounds (index 64, limit 55)
L 08/06/2022 - 03:36:49: [SM] Blaming: weapon_restrict.smx
L 08/06/2022 - 03:36:49: [SM] Call stack trace:
L 08/06/2022 - 03:36:49: [SM]   [1] Line 202, restrictinc/events.sp::CS_OnBuyCommand
L 08/06/2022 - 03:37:59: [SM] Exception reported: Array index out-of-bounds (index 64, limit 55)
L 08/06/2022 - 03:37:59: [SM] Blaming: weapon_restrict.smx
L 08/06/2022 - 03:37:59: [SM] Call stack trace:
L 08/06/2022 - 03:37:59: [SM]   [1] Line 202, restrictinc/events.sp::CS_OnBuyCommand
L 08/06/2022 - 03:38:38: Error log file session closed.
L 08/06/2022 - 03:38:38: SourceMod error session started
L 08/06/2022 - 03:38:38: Info (map "de_shortdust") (file "/home/csgo/csgo/addons/sourcemod/logs/errors_20220806.log")
L 08/06/2022 - 03:38:38: [SM] Fatal error encountered parsing translation file "movecommands.phrases.txt"
L 08/06/2022 - 03:38:38: [SM] Error (line 0, column 0): Stream failed to open
L 08/06/2022 - 03:40:56: [c5_pug.smx] GOTV demo could not be recorded since tv_enable is not set to 1
L 08/06/2022 - 03:41:47: [SM] Exception reported: Array index out-of-bounds (index 64, limit 55)
L 08/06/2022 - 03:41:47: [SM] Blaming: weapon_restrict.smx
L 08/06/2022 - 03:41:47: [SM] Call stack trace:
L 08/06/2022 - 03:41:47: [SM]   [1] Line 202, restrictinc/events.sp::CS_OnBuyCommand
L 08/06/2022 - 03:41:50: [SM] Exception reported: Array index out-of-bounds (index 64, limit 55)
L 08/06/2022 - 03:41:50: [SM] Blaming: weapon_restrict.smx
L 08/06/2022 - 03:41:50: [SM] Call stack trace:
L 08/06/2022 - 03:41:50: [SM]   [1] Line 202, restrictinc/events.sp::CS_OnBuyCommand
L 08/06/2022 - 03:42:35: [SM] Exception reported: Array index out-of-bounds (index 64, limit 55)
L 08/06/2022 - 03:42:35: [SM] Blaming: weapon_restrict.smx
L 08/06/2022 - 03:42:35: [SM] Call stack trace:
L 08/06/2022 - 03:42:35: [SM]   [1] Line 202, restrictinc/events.sp::CS_OnBuyCommand
L 08/06/2022 - 03:43:13: [SM] Exception reported: Array index out-of-bounds (index 64, limit 55)
L 08/06/2022 - 03:43:13: [SM] Blaming: weapon_restrict.smx
L 08/06/2022 - 03:43:13: [SM] Call stack trace:
L 08/06/2022 - 03:43:13: [SM]   [1] Line 202, restrictinc/events.sp::CS_OnBuyCommand
L 08/06/2022 - 03:48:01: [SM] Exception reported: Array index out-of-bounds (index 64, limit 55)
L 08/06/2022 - 03:48:01: [SM] Blaming: weapon_restrict.smx
L 08/06/2022 - 03:48:01: [SM] Call stack trace:
L 08/06/2022 - 03:48:01: [SM]   [1] Line 202, restrictinc/events.sp::CS_OnBuyCommand
L 08/06/2022 - 03:48:03: [SM] Exception reported: Array index out-of-bounds (index 64, limit 55)
L 08/06/2022 - 03:48:03: [SM] Blaming: weapon_restrict.smx
L 08/06/2022 - 03:48:03: [SM] Call stack trace:
L 08/06/2022 - 03:48:03: [SM]   [1] Line 202, restrictinc/events.sp::CS_OnBuyCommand
L 08/06/2022 - 03:48:27: [SM] Exception reported: Array index out-of-bounds (index 64, limit 55)
L 08/06/2022 - 03:48:27: [SM] Blaming: weapon_restrict.smx
L 08/06/2022 - 03:48:27: [SM] Call stack trace:
L 08/06/2022 - 03:48:27: [SM]   [1] Line 202, restrictinc/events.sp::CS_OnBuyCommand
L 08/06/2022 - 03:48:48: [SM] Exception reported: Array index out-of-bounds (index 64, limit 55)
L 08/06/2022 - 03:48:48: [SM] Blaming: weapon_restrict.smx
L 08/06/2022 - 03:48:48: [SM] Call stack trace:
L 08/06/2022 - 03:48:48: [SM]   [1] Line 202, restrictinc/events.sp::CS_OnBuyCommand
L 08/06/2022 - 03:51:30: [SM] Exception reported: Array index out-of-bounds (index 64, limit 55)
L 08/06/2022 - 03:51:30: [SM] Blaming: weapon_restrict.smx
L 08/06/2022 - 03:51:30: [SM] Call stack trace:
L 08/06/2022 - 03:51:30: [SM]   [1] Line 202, restrictinc/events.sp::CS_OnBuyCommand
L 08/06/2022 - 03:52:38: [SM] Exception reported: Array index out-of-bounds (index 64, limit 55)
L 08/06/2022 - 03:52:38: [SM] Blaming: weapon_restrict.smx
L 08/06/2022 - 03:52:38: [SM] Call stack trace:
L 08/06/2022 - 03:52:38: [SM]   [1] Line 202, restrictinc/events.sp::CS_OnBuyCommand
L 08/06/2022 - 03:54:06: [SM] Exception reported: Array index out-of-bounds (index 64, limit 55)
L 08/06/2022 - 03:54:06: [SM] Blaming: weapon_restrict.smx
L 08/06/2022 - 03:54:06: [SM] Call stack trace:
L 08/06/2022 - 03:54:06: [SM]   [1] Line 202, restrictinc/events.sp::CS_OnBuyCommand
L 08/06/2022 - 03:54:52: Error log file session closed.
L 08/06/2022 - 03:54:52: SourceMod error session started
L 08/06/2022 - 03:54:52: Info (map "de_inferno") (file "/home/csgo/csgo/addons/sourcemod/logs/errors_20220806.log")
L 08/06/2022 - 03:54:52: [SM] Fatal error encountered parsing translation file "movecommands.phrases.txt"
L 08/06/2022 - 03:54:52: [SM] Error (line 0, column 0): Stream failed to open
L 08/06/2022 - 03:54:55: [SM] Exception reported: Client 4 is not in game
L 08/06/2022 - 03:54:55: [SM] Blaming: c5_pug_voteend.smx
L 08/06/2022 - 03:54:55: [SM] Call stack trace:
L 08/06/2022 - 03:54:55: [SM]   [0] GetClientTeam
L 08/06/2022 - 03:54:55: [SM]   [1] Line 56, F:\Code\sourcepawn\addons\sourcemod\scripting\c5_pug_voteend.sp::OnClientDisconnect
L 08/06/2022 - 03:55:38: [SM] Exception reported: Array index out-of-bounds (index 64, limit 55)
L 08/06/2022 - 03:55:38: [SM] Blaming: weapon_restrict.smx
L 08/06/2022 - 03:55:38: [SM] Call stack trace:
L 08/06/2022 - 03:55:38: [SM]   [1] Line 202, restrictinc/events.sp::CS_OnBuyCommand
L 08/06/2022 - 03:55:52: [c5_pug.smx] GOTV demo could not be recorded since tv_enable is not set to 1
L 08/06/2022 - 03:56:20: [SM] Exception reported: Array index out-of-bounds (index 64, limit 55)
L 08/06/2022 - 03:56:20: [SM] Blaming: weapon_restrict.smx
L 08/06/2022 - 03:56:20: [SM] Call stack trace:
L 08/06/2022 - 03:56:20: [SM]   [1] Line 202, restrictinc/events.sp::CS_OnBuyCommand
L 08/06/2022 - 03:56:23: [SM] Exception reported: Array index out-of-bounds (index 64, limit 55)
L 08/06/2022 - 03:56:23: [SM] Blaming: weapon_restrict.smx
L 08/06/2022 - 03:56:23: [SM] Call stack trace:
L 08/06/2022 - 03:56:23: [SM]   [1] Line 202, restrictinc/events.sp::CS_OnBuyCommand
L 08/06/2022 - 03:57:55: [SM] Exception reported: Array index out-of-bounds (index 64, limit 55)
L 08/06/2022 - 03:57:55: [SM] Blaming: weapon_restrict.smx
L 08/06/2022 - 03:57:55: [SM] Call stack trace:
L 08/06/2022 - 03:57:55: [SM]   [1] Line 202, restrictinc/events.sp::CS_OnBuyCommand
L 08/06/2022 - 03:58:36: [SM] Exception reported: Array index out-of-bounds (index 64, limit 55)
L 08/06/2022 - 03:58:36: [SM] Blaming: weapon_restrict.smx
L 08/06/2022 - 03:58:36: [SM] Call stack trace:
L 08/06/2022 - 03:58:36: [SM]   [1] Line 202, restrictinc/events.sp::CS_OnBuyCommand
L 08/06/2022 - 04:00:53: [SM] Exception reported: Array index out-of-bounds (index 64, limit 55)
L 08/06/2022 - 04:00:53: [SM] Blaming: weapon_restrict.smx
L 08/06/2022 - 04:00:53: [SM] Call stack trace:
L 08/06/2022 - 04:00:53: [SM]   [1] Line 202, restrictinc/events.sp::CS_OnBuyCommand
L 08/06/2022 - 04:04:22: [SM] Exception reported: Array index out-of-bounds (index 64, limit 55)
L 08/06/2022 - 04:04:22: [SM] Blaming: weapon_restrict.smx
L 08/06/2022 - 04:04:22: [SM] Call stack trace:
L 08/06/2022 - 04:04:22: [SM]   [1] Line 202, restrictinc/events.sp::CS_OnBuyCommand
L 08/06/2022 - 04:04:30: [SM] Exception reported: Array index out-of-bounds (index 64, limit 55)
L 08/06/2022 - 04:04:30: [SM] Blaming: weapon_restrict.smx
L 08/06/2022 - 04:04:30: [SM] Call stack trace:
L 08/06/2022 - 04:04:30: [SM]   [1] Line 202, restrictinc/events.sp::CS_OnBuyCommand
L 08/06/2022 - 04:04:54: [SM] Exception reported: Array index out-of-bounds (index 64, limit 55)
L 08/06/2022 - 04:04:54: [SM] Blaming: weapon_restrict.smx
L 08/06/2022 - 04:04:54: [SM] Call stack trace:
L 08/06/2022 - 04:04:54: [SM]   [1] Line 202, restrictinc/events.sp::CS_OnBuyCommand
L 08/06/2022 - 07:43:59: Error log file session closed.
L 08/06/2022 - 07:43:59: SourceMod error session started
L 08/06/2022 - 07:43:59: Info (map "de_inferno") (file "/home/csgo/csgo/addons/sourcemod/logs/errors_20220806.log")
L 08/06/2022 - 07:43:59: [SM] Fatal error encountered parsing translation file "movecommands.phrases.txt"
L 08/06/2022 - 07:43:59: [SM] Error (line 0, column 0): Stream failed to open
L 08/06/2022 - 08:05:10: Error log file session closed.
L 08/06/2022 - 08:05:10: SourceMod error session started
L 08/06/2022 - 08:05:10: Info (map "de_bank") (file "/home/csgo/csgo/addons/sourcemod/logs/errors_20220806.log")
L 08/06/2022 - 08:05:10: [SM] Fatal error encountered parsing translation file "movecommands.phrases.txt"
L 08/06/2022 - 08:05:10: [SM] Error (line 0, column 0): Stream failed to open
L 08/06/2022 - 10:35:05: Error log file session closed.
L 08/06/2022 - 10:35:05: SourceMod error session started
L 08/06/2022 - 10:35:05: Info (map "de_bank") (file "/home/csgo/csgo/addons/sourcemod/logs/errors_20220806.log")
L 08/06/2022 - 10:35:05: [SM] Fatal error encountered parsing translation file "movecommands.phrases.txt"
L 08/06/2022 - 10:35:05: [SM] Error (line 0, column 0): Stream failed to open
L 08/06/2022 - 10:49:46: Error log file session closed.
L 08/06/2022 - 10:49:46: SourceMod error session started
L 08/06/2022 - 10:49:46: Info (map "de_mirage") (file "/home/csgo/csgo/addons/sourcemod/logs/errors_20220806.log")
L 08/06/2022 - 10:49:46: [SM] Fatal error encountered parsing translation file "movecommands.phrases.txt"
L 08/06/2022 - 10:49:46: [SM] Error (line 0, column 0): Stream failed to open
L 08/06/2022 - 10:55:06: Error log file session closed.
L 08/06/2022 - 10:55:06: SourceMod error session started
L 08/06/2022 - 10:55:06: Info (map "de_mirage") (file "/home/csgo/csgo/addons/sourcemod/logs/errors_20220806.log")
L 08/06/2022 - 10:55:06: [SM] Fatal error encountered parsing translation file "movecommands.phrases.txt"
L 08/06/2022 - 10:55:06: [SM] Error (line 0, column 0): Stream failed to open
L 08/06/2022 - 11:03:13: Error log file session closed.
L 08/06/2022 - 11:03:13: SourceMod error session started
L 08/06/2022 - 11:03:13: Info (map "de_mirage") (file "/home/csgo/csgo/addons/sourcemod/logs/errors_20220806.log")
L 08/06/2022 - 11:03:13: [SM] Fatal error encountered parsing translation file "movecommands.phrases.txt"
L 08/06/2022 - 11:03:13: [SM] Error (line 0, column 0): Stream failed to open
L 08/06/2022 - 11:04:48: [c5_pug.smx] GOTV demo could not be recorded since tv_enable is not set to 1
L 08/06/2022 - 11:06:01: [SM] Exception reported: Array index out-of-bounds (index 64, limit 55)
L 08/06/2022 - 11:06:01: [SM] Blaming: weapon_restrict.smx
L 08/06/2022 - 11:06:01: [SM] Call stack trace:
L 08/06/2022 - 11:06:01: [SM]   [1] Line 202, restrictinc/events.sp::CS_OnBuyCommand
L 08/06/2022 - 11:19:16: [SM] Exception reported: Array index out-of-bounds (index 64, limit 55)
L 08/06/2022 - 11:19:16: [SM] Blaming: weapon_restrict.smx
L 08/06/2022 - 11:19:16: [SM] Call stack trace:
L 08/06/2022 - 11:19:16: [SM]   [1] Line 202, restrictinc/events.sp::CS_OnBuyCommand
L 08/06/2022 - 11:19:21: [SM] Exception reported: Array index out-of-bounds (index 64, limit 55)
L 08/06/2022 - 11:19:21: [SM] Blaming: weapon_restrict.smx
L 08/06/2022 - 11:19:21: [SM] Call stack trace:
L 08/06/2022 - 11:19:21: [SM]   [1] Line 202, restrictinc/events.sp::CS_OnBuyCommand
L 08/06/2022 - 12:22:13: Error log file session closed.
L 08/06/2022 - 12:22:13: SourceMod error session started
L 08/06/2022 - 12:22:13: Info (map "de_mirage") (file "/home/csgo/csgo/addons/sourcemod/logs/errors_20220806.log")
L 08/06/2022 - 12:22:13: [SM] Fatal error encountered parsing translation file "movecommands.phrases.txt"
L 08/06/2022 - 12:22:13: [SM] Error (line 0, column 0): Stream failed to open
L 08/06/2022 - 12:44:15: Error log file session closed.
L 08/06/2022 - 12:44:15: SourceMod error session started
L 08/06/2022 - 12:44:15: Info (map "de_mirage") (file "/home/csgo/csgo/addons/sourcemod/logs/errors_20220806.log")
L 08/06/2022 - 12:44:15: [SM] Fatal error encountered parsing translation file "movecommands.phrases.txt"
L 08/06/2022 - 12:44:15: [SM] Error (line 0, column 0): Stream failed to open
L 08/06/2022 - 12:52:18: Error log file session closed.
L 08/06/2022 - 12:52:18: SourceMod error session started
L 08/06/2022 - 12:52:18: Info (map "de_mirage") (file "/home/csgo/csgo/addons/sourcemod/logs/errors_20220806.log")
L 08/06/2022 - 12:52:18: [SM] Fatal error encountered parsing translation file "movecommands.phrases.txt"
L 08/06/2022 - 12:52:18: [SM] Error (line 0, column 0): Stream failed to open
L 08/06/2022 - 12:56:10: Error log file session closed.
L 08/06/2022 - 12:56:10: SourceMod error session started
L 08/06/2022 - 12:56:10: Info (map "de_vertigo") (file "/home/csgo/csgo/addons/sourcemod/logs/errors_20220806.log")
L 08/06/2022 - 12:56:10: [SM] Fatal error encountered parsing translation file "movecommands.phrases.txt"
L 08/06/2022 - 12:56:10: [SM] Error (line 0, column 0): Stream failed to open
L 08/06/2022 - 12:58:34: [c5_pug.smx] GOTV demo could not be recorded since tv_enable is not set to 1
L 08/06/2022 - 13:00:01: [SM] Exception reported: Array index out-of-bounds (index 64, limit 55)
L 08/06/2022 - 13:00:01: [SM] Blaming: weapon_restrict.smx
L 08/06/2022 - 13:00:01: [SM] Call stack trace:
L 08/06/2022 - 13:00:01: [SM]   [1] Line 202, restrictinc/events.sp::CS_OnBuyCommand
L 08/06/2022 - 13:00:02: [SM] Exception reported: Array index out-of-bounds (index 64, limit 55)
L 08/06/2022 - 13:00:02: [SM] Blaming: weapon_restrict.smx
L 08/06/2022 - 13:00:02: [SM] Call stack trace:
L 08/06/2022 - 13:00:02: [SM]   [1] Line 202, restrictinc/events.sp::CS_OnBuyCommand
L 08/06/2022 - 13:07:08: [SM] Exception reported: Array index out-of-bounds (index 64, limit 55)
L 08/06/2022 - 13:07:08: [SM] Blaming: weapon_restrict.smx
L 08/06/2022 - 13:07:08: [SM] Call stack trace:
L 08/06/2022 - 13:07:08: [SM]   [1] Line 202, restrictinc/events.sp::CS_OnBuyCommand
L 08/06/2022 - 13:13:30: Error log file session closed.
L 08/06/2022 - 13:13:30: SourceMod error session started
L 08/06/2022 - 13:13:30: Info (map "de_shortnuke") (file "/home/csgo/csgo/addons/sourcemod/logs/errors_20220806.log")
L 08/06/2022 - 13:13:30: [SM] Fatal error encountered parsing translation file "movecommands.phrases.txt"
L 08/06/2022 - 13:13:30: [SM] Error (line 0, column 0): Stream failed to open
L 08/06/2022 - 14:04:28: Error log file session closed.
L 08/06/2022 - 14:04:28: SourceMod error session started
L 08/06/2022 - 14:04:28: Info (map "de_shortnuke") (file "/home/csgo/csgo/addons/sourcemod/logs/errors_20220806.log")
L 08/06/2022 - 14:04:28: [SM] Fatal error encountered parsing translation file "movecommands.phrases.txt"
L 08/06/2022 - 14:04:28: [SM] Error (line 0, column 0): Stream failed to open
L 08/06/2022 - 14:04:56: [SM] Exception reported: Array index out-of-bounds (index 63, limit 55)
L 08/06/2022 - 14:04:56: [SM] Blaming: weapon_restrict.smx
L 08/06/2022 - 14:04:56: [SM] Call stack trace:
L 08/06/2022 - 14:04:56: [SM]   [1] Line 202, restrictinc/events.sp::CS_OnBuyCommand
L 08/06/2022 - 14:08:44: Error log file session closed.
L 08/06/2022 - 14:08:44: SourceMod error session started
L 08/06/2022 - 14:08:44: Info (map "de_mirage") (file "/home/csgo/csgo/addons/sourcemod/logs/errors_20220806.log")
L 08/06/2022 - 14:08:44: [SM] Fatal error encountered parsing translation file "movecommands.phrases.txt"
L 08/06/2022 - 14:08:44: [SM] Error (line 0, column 0): Stream failed to open
L 08/06/2022 - 14:09:40: [c5_pug.smx] GOTV demo could not be recorded since tv_enable is not set to 1
L 08/06/2022 - 14:10:28: [SM] Exception reported: Array index out-of-bounds (index 64, limit 55)
L 08/06/2022 - 14:10:28: [SM] Blaming: weapon_restrict.smx
L 08/06/2022 - 14:10:28: [SM] Call stack trace:
L 08/06/2022 - 14:10:28: [SM]   [1] Line 202, restrictinc/events.sp::CS_OnBuyCommand
L 08/06/2022 - 14:10:28: [SM] Exception reported: Array index out-of-bounds (index 64, limit 55)
L 08/06/2022 - 14:10:28: [SM] Blaming: weapon_restrict.smx
L 08/06/2022 - 14:10:28: [SM] Call stack trace:
L 08/06/2022 - 14:10:28: [SM]   [1] Line 202, restrictinc/events.sp::CS_OnBuyCommand
L 08/06/2022 - 14:14:57: [SM] Exception reported: Array index out-of-bounds (index 63, limit 55)
L 08/06/2022 - 14:14:57: [SM] Blaming: weapon_restrict.smx
L 08/06/2022 - 14:14:57: [SM] Call stack trace:
L 08/06/2022 - 14:14:57: [SM]   [1] Line 202, restrictinc/events.sp::CS_OnBuyCommand
L 08/06/2022 - 14:18:15: [SM] Exception reported: Array index out-of-bounds (index 63, limit 55)
L 08/06/2022 - 14:18:15: [SM] Blaming: weapon_restrict.smx
L 08/06/2022 - 14:18:15: [SM] Call stack trace:
L 08/06/2022 - 14:18:15: [SM]   [1] Line 202, restrictinc/events.sp::CS_OnBuyCommand
L 08/06/2022 - 14:25:59: [SM] Exception reported: Array index out-of-bounds (index 64, limit 55)
L 08/06/2022 - 14:25:59: [SM] Blaming: weapon_restrict.smx
L 08/06/2022 - 14:25:59: [SM] Call stack trace:
L 08/06/2022 - 14:25:59: [SM]   [1] Line 202, restrictinc/events.sp::CS_OnBuyCommand
L 08/06/2022 - 14:26:53: [SM] Exception reported: Array index out-of-bounds (index 64, limit 55)
L 08/06/2022 - 14:26:53: [SM] Blaming: weapon_restrict.smx
L 08/06/2022 - 14:26:53: [SM] Call stack trace:
L 08/06/2022 - 14:26:53: [SM]   [1] Line 202, restrictinc/events.sp::CS_OnBuyCommand
L 08/06/2022 - 14:26:55: [SM] Exception reported: Array index out-of-bounds (index 64, limit 55)
L 08/06/2022 - 14:26:55: [SM] Blaming: weapon_restrict.smx
L 08/06/2022 - 14:26:55: [SM] Call stack trace:
L 08/06/2022 - 14:26:55: [SM]   [1] Line 202, restrictinc/events.sp::CS_OnBuyCommand
L 08/06/2022 - 14:27:29: [SM] Exception reported: Array index out-of-bounds (index 64, limit 55)
L 08/06/2022 - 14:27:29: [SM] Blaming: weapon_restrict.smx
L 08/06/2022 - 14:27:29: [SM] Call stack trace:
L 08/06/2022 - 14:27:29: [SM]   [1] Line 202, restrictinc/events.sp::CS_OnBuyCommand
L 08/06/2022 - 14:29:50: [SM] Exception reported: Array index out-of-bounds (index 63, limit 55)
L 08/06/2022 - 14:29:50: [SM] Blaming: weapon_restrict.smx
L 08/06/2022 - 14:29:50: [SM] Call stack trace:
L 08/06/2022 - 14:29:50: [SM]   [1] Line 202, restrictinc/events.sp::CS_OnBuyCommand
L 08/06/2022 - 14:36:15: [SM] Exception reported: Array index out-of-bounds (index 64, limit 55)
L 08/06/2022 - 14:36:15: [SM] Blaming: weapon_restrict.smx
L 08/06/2022 - 14:36:15: [SM] Call stack trace:
L 08/06/2022 - 14:36:15: [SM]   [1] Line 202, restrictinc/events.sp::CS_OnBuyCommand
L 08/06/2022 - 14:40:01: [SM] Exception reported: Array index out-of-bounds (index 64, limit 55)
L 08/06/2022 - 14:40:01: [SM] Blaming: weapon_restrict.smx
L 08/06/2022 - 14:40:01: [SM] Call stack trace:
L 08/06/2022 - 14:40:01: [SM]   [1] Line 202, restrictinc/events.sp::CS_OnBuyCommand
L 08/06/2022 - 14:41:17: Error log file session closed.
L 08/06/2022 - 14:41:17: SourceMod error session started
L 08/06/2022 - 14:41:17: Info (map "de_mirage") (file "/home/csgo/csgo/addons/sourcemod/logs/errors_20220806.log")
L 08/06/2022 - 14:41:17: [SM] Fatal error encountered parsing translation file "movecommands.phrases.txt"
L 08/06/2022 - 14:41:17: [SM] Error (line 0, column 0): Stream failed to open
L 08/06/2022 - 14:42:56: [c5_pug.smx] GOTV demo could not be recorded since tv_enable is not set to 1
L 08/06/2022 - 14:43:27: [SM] Exception reported: Array index out-of-bounds (index 64, limit 55)
L 08/06/2022 - 14:43:27: [SM] Blaming: weapon_restrict.smx
L 08/06/2022 - 14:43:27: [SM] Call stack trace:
L 08/06/2022 - 14:43:27: [SM]   [1] Line 202, restrictinc/events.sp::CS_OnBuyCommand
L 08/06/2022 - 14:43:30: [SM] Exception reported: Array index out-of-bounds (index 64, limit 55)
L 08/06/2022 - 14:43:30: [SM] Blaming: weapon_restrict.smx
L 08/06/2022 - 14:43:30: [SM] Call stack trace:
L 08/06/2022 - 14:43:30: [SM]   [1] Line 202, restrictinc/events.sp::CS_OnBuyCommand
L 08/06/2022 - 14:47:10: [SM] Exception reported: Client 11 is not in game
L 08/06/2022 - 14:47:10: [SM] Blaming: c5_pug_voteend.smx
L 08/06/2022 - 14:47:10: [SM] Call stack trace:
L 08/06/2022 - 14:47:10: [SM]   [0] GetClientTeam
L 08/06/2022 - 14:47:10: [SM]   [1] Line 56, F:\Code\sourcepawn\addons\sourcemod\scripting\c5_pug_voteend.sp::OnClientDisconnect
L 08/06/2022 - 14:57:06: [SM] Exception reported: Array index out-of-bounds (index 64, limit 55)
L 08/06/2022 - 14:57:06: [SM] Blaming: weapon_restrict.smx
L 08/06/2022 - 14:57:06: [SM] Call stack trace:
L 08/06/2022 - 14:57:06: [SM]   [1] Line 202, restrictinc/events.sp::CS_OnBuyCommand
L 08/06/2022 - 15:08:41: Error log file session closed.
L 08/06/2022 - 15:08:41: SourceMod error session started
L 08/06/2022 - 15:08:41: Info (map "de_mirage") (file "/home/csgo/csgo/addons/sourcemod/logs/errors_20220806.log")
L 08/06/2022 - 15:08:41: [SM] Fatal error encountered parsing translation file "movecommands.phrases.txt"
L 08/06/2022 - 15:08:41: [SM] Error (line 0, column 0): Stream failed to open
L 08/06/2022 - 15:11:40: [SM] Exception reported: Array index out-of-bounds (index 64, limit 55)
L 08/06/2022 - 15:11:40: [SM] Blaming: weapon_restrict.smx
L 08/06/2022 - 15:11:40: [SM] Call stack trace:
L 08/06/2022 - 15:11:40: [SM]   [1] Line 202, restrictinc/events.sp::CS_OnBuyCommand
L 08/06/2022 - 15:12:05: [SM] Exception reported: Array index out-of-bounds (index 64, limit 55)
L 08/06/2022 - 15:12:05: [SM] Blaming: weapon_restrict.smx
L 08/06/2022 - 15:12:05: [SM] Call stack trace:
L 08/06/2022 - 15:12:05: [SM]   [1] Line 202, restrictinc/events.sp::CS_OnBuyCommand
L 08/06/2022 - 15:24:19: [SM] Exception reported: Array index out-of-bounds (index 64, limit 55)
L 08/06/2022 - 15:24:19: [SM] Blaming: weapon_restrict.smx
L 08/06/2022 - 15:24:19: [SM] Call stack trace:
L 08/06/2022 - 15:24:19: [SM]   [1] Line 202, restrictinc/events.sp::CS_OnBuyCommand
L 08/06/2022 - 15:42:44: [c5_pug.smx] GOTV demo could not be recorded since tv_enable is not set to 1
L 08/06/2022 - 15:44:21: [SM] Exception reported: Array index out-of-bounds (index 64, limit 55)
L 08/06/2022 - 15:44:21: [SM] Blaming: weapon_restrict.smx
L 08/06/2022 - 15:44:21: [SM] Call stack trace:
L 08/06/2022 - 15:44:21: [SM]   [1] Line 202, restrictinc/events.sp::CS_OnBuyCommand
L 08/06/2022 - 15:44:25: [SM] Exception reported: Array index out-of-bounds (index 64, limit 55)
L 08/06/2022 - 15:44:25: [SM] Blaming: weapon_restrict.smx
L 08/06/2022 - 15:44:25: [SM] Call stack trace:
L 08/06/2022 - 15:44:25: [SM]   [1] Line 202, restrictinc/events.sp::CS_OnBuyCommand
L 08/06/2022 - 15:44:25: [SM] Exception reported: Array index out-of-bounds (index 64, limit 55)
L 08/06/2022 - 15:44:25: [SM] Blaming: weapon_restrict.smx
L 08/06/2022 - 15:44:25: [SM] Call stack trace:
L 08/06/2022 - 15:44:25: [SM]   [1] Line 202, restrictinc/events.sp::CS_OnBuyCommand
L 08/06/2022 - 15:44:26: [SM] Exception reported: Array index out-of-bounds (index 64, limit 55)
L 08/06/2022 - 15:44:26: [SM] Blaming: weapon_restrict.smx
L 08/06/2022 - 15:44:26: [SM] Call stack trace:
L 08/06/2022 - 15:44:26: [SM]   [1] Line 202, restrictinc/events.sp::CS_OnBuyCommand
L 08/06/2022 - 15:44:28: [SM] Exception reported: Array index out-of-bounds (index 64, limit 55)
L 08/06/2022 - 15:44:28: [SM] Blaming: weapon_restrict.smx
L 08/06/2022 - 15:44:28: [SM] Call stack trace:
L 08/06/2022 - 15:44:28: [SM]   [1] Line 202, restrictinc/events.sp::CS_OnBuyCommand
L 08/06/2022 - 15:44:30: [SM] Exception reported: Array index out-of-bounds (index 64, limit 55)
L 08/06/2022 - 15:44:30: [SM] Blaming: weapon_restrict.smx
L 08/06/2022 - 15:44:30: [SM] Call stack trace:
L 08/06/2022 - 15:44:30: [SM]   [1] Line 202, restrictinc/events.sp::CS_OnBuyCommand
L 08/06/2022 - 15:44:35: [SM] Exception reported: Array index out-of-bounds (index 64, limit 55)
L 08/06/2022 - 15:44:35: [SM] Blaming: weapon_restrict.smx
L 08/06/2022 - 15:44:35: [SM] Call stack trace:
L 08/06/2022 - 15:44:35: [SM]   [1] Line 202, restrictinc/events.sp::CS_OnBuyCommand
L 08/06/2022 - 15:47:15: [SM] Exception reported: Array index out-of-bounds (index 64, limit 55)
L 08/06/2022 - 15:47:15: [SM] Blaming: weapon_restrict.smx
L 08/06/2022 - 15:47:15: [SM] Call stack trace:
L 08/06/2022 - 15:47:15: [SM]   [1] Line 202, restrictinc/events.sp::CS_OnBuyCommand
L 08/06/2022 - 15:47:24: [SM] Exception reported: Array index out-of-bounds (index 64, limit 55)
L 08/06/2022 - 15:47:24: [SM] Blaming: weapon_restrict.smx
L 08/06/2022 - 15:47:24: [SM] Call stack trace:
L 08/06/2022 - 15:47:24: [SM]   [1] Line 202, restrictinc/events.sp::CS_OnBuyCommand
L 08/06/2022 - 15:48:17: [SM] Exception reported: Array index out-of-bounds (index 64, limit 55)
L 08/06/2022 - 15:48:17: [SM] Blaming: weapon_restrict.smx
L 08/06/2022 - 15:48:17: [SM] Call stack trace:
L 08/06/2022 - 15:48:17: [SM]   [1] Line 202, restrictinc/events.sp::CS_OnBuyCommand
L 08/06/2022 - 15:48:21: [SM] Exception reported: Array index out-of-bounds (index 64, limit 55)
L 08/06/2022 - 15:48:21: [SM] Blaming: weapon_restrict.smx
L 08/06/2022 - 15:48:21: [SM] Call stack trace:
L 08/06/2022 - 15:48:21: [SM]   [1] Line 202, restrictinc/events.sp::CS_OnBuyCommand
L 08/06/2022 - 15:48:26: [SM] Exception reported: Array index out-of-bounds (index 64, limit 55)
L 08/06/2022 - 15:48:26: [SM] Blaming: weapon_restrict.smx
L 08/06/2022 - 15:48:26: [SM] Call stack trace:
L 08/06/2022 - 15:48:26: [SM]   [1] Line 202, restrictinc/events.sp::CS_OnBuyCommand
L 08/06/2022 - 15:48:26: [SM] Exception reported: Array index out-of-bounds (index 64, limit 55)
L 08/06/2022 - 15:48:26: [SM] Blaming: weapon_restrict.smx
L 08/06/2022 - 15:48:26: [SM] Call stack trace:
L 08/06/2022 - 15:48:26: [SM]   [1] Line 202, restrictinc/events.sp::CS_OnBuyCommand
L 08/06/2022 - 15:49:26: [SM] Exception reported: Array index out-of-bounds (index 64, limit 55)
L 08/06/2022 - 15:49:26: [SM] Blaming: weapon_restrict.smx
L 08/06/2022 - 15:49:26: [SM] Call stack trace:
L 08/06/2022 - 15:49:26: [SM]   [1] Line 202, restrictinc/events.sp::CS_OnBuyCommand
L 08/06/2022 - 15:49:27: [SM] Exception reported: Array index out-of-bounds (index 64, limit 55)
L 08/06/2022 - 15:49:27: [SM] Blaming: weapon_restrict.smx
L 08/06/2022 - 15:49:27: [SM] Call stack trace:
L 08/06/2022 - 15:49:27: [SM]   [1] Line 202, restrictinc/events.sp::CS_OnBuyCommand
L 08/06/2022 - 15:50:46: [SM] Exception reported: Array index out-of-bounds (index 64, limit 55)
L 08/06/2022 - 15:50:46: [SM] Blaming: weapon_restrict.smx
L 08/06/2022 - 15:50:46: [SM] Call stack trace:
L 08/06/2022 - 15:50:46: [SM]   [1] Line 202, restrictinc/events.sp::CS_OnBuyCommand
L 08/06/2022 - 15:50:48: [SM] Exception reported: Array index out-of-bounds (index 64, limit 55)
L 08/06/2022 - 15:50:48: [SM] Blaming: weapon_restrict.smx
L 08/06/2022 - 15:50:48: [SM] Call stack trace:
L 08/06/2022 - 15:50:48: [SM]   [1] Line 202, restrictinc/events.sp::CS_OnBuyCommand
L 08/06/2022 - 15:51:50: [SM] Exception reported: Array index out-of-bounds (index 64, limit 55)
L 08/06/2022 - 15:51:50: [SM] Blaming: weapon_restrict.smx
L 08/06/2022 - 15:51:50: [SM] Call stack trace:
L 08/06/2022 - 15:51:50: [SM]   [1] Line 202, restrictinc/events.sp::CS_OnBuyCommand
L 08/06/2022 - 15:51:52: [SM] Exception reported: Array index out-of-bounds (index 64, limit 55)
L 08/06/2022 - 15:51:52: [SM] Blaming: weapon_restrict.smx
L 08/06/2022 - 15:51:52: [SM] Call stack trace:
L 08/06/2022 - 15:51:52: [SM]   [1] Line 202, restrictinc/events.sp::CS_OnBuyCommand
L 08/06/2022 - 15:51:59: [SM] Exception reported: Array index out-of-bounds (index 64, limit 55)
L 08/06/2022 - 15:51:59: [SM] Blaming: weapon_restrict.smx
L 08/06/2022 - 15:51:59: [SM] Call stack trace:
L 08/06/2022 - 15:51:59: [SM]   [1] Line 202, restrictinc/events.sp::CS_OnBuyCommand
L 08/06/2022 - 15:54:07: [SM] Exception reported: Array index out-of-bounds (index 64, limit 55)
L 08/06/2022 - 15:54:07: [SM] Blaming: weapon_restrict.smx
L 08/06/2022 - 15:54:07: [SM] Call stack trace:
L 08/06/2022 - 15:54:07: [SM]   [1] Line 202, restrictinc/events.sp::CS_OnBuyCommand
L 08/06/2022 - 15:54:08: [SM] Exception reported: Array index out-of-bounds (index 64, limit 55)
L 08/06/2022 - 15:54:08: [SM] Blaming: weapon_restrict.smx
L 08/06/2022 - 15:54:08: [SM] Call stack trace:
L 08/06/2022 - 15:54:08: [SM]   [1] Line 202, restrictinc/events.sp::CS_OnBuyCommand
L 08/06/2022 - 15:54:13: [SM] Exception reported: Array index out-of-bounds (index 64, limit 55)
L 08/06/2022 - 15:54:13: [SM] Blaming: weapon_restrict.smx
L 08/06/2022 - 15:54:13: [SM] Call stack trace:
L 08/06/2022 - 15:54:13: [SM]   [1] Line 202, restrictinc/events.sp::CS_OnBuyCommand
L 08/06/2022 - 15:54:21: [SM] Exception reported: Array index out-of-bounds (index 64, limit 55)
L 08/06/2022 - 15:54:21: [SM] Blaming: weapon_restrict.smx
L 08/06/2022 - 15:54:21: [SM] Call stack trace:
L 08/06/2022 - 15:54:21: [SM]   [1] Line 202, restrictinc/events.sp::CS_OnBuyCommand
L 08/06/2022 - 15:55:09: [SM] Exception reported: Array index out-of-bounds (index 64, limit 55)
L 08/06/2022 - 15:55:09: [SM] Blaming: weapon_restrict.smx
L 08/06/2022 - 15:55:09: [SM] Call stack trace:
L 08/06/2022 - 15:55:09: [SM]   [1] Line 202, restrictinc/events.sp::CS_OnBuyCommand
L 08/06/2022 - 15:55:19: [SM] Exception reported: Array index out-of-bounds (index 64, limit 55)
L 08/06/2022 - 15:55:19: [SM] Blaming: weapon_restrict.smx
L 08/06/2022 - 15:55:19: [SM] Call stack trace:
L 08/06/2022 - 15:55:19: [SM]   [1] Line 202, restrictinc/events.sp::CS_OnBuyCommand
L 08/06/2022 - 15:56:00: [SM] Exception reported: Array index out-of-bounds (index 64, limit 55)
L 08/06/2022 - 15:56:00: [SM] Blaming: weapon_restrict.smx
L 08/06/2022 - 15:56:00: [SM] Call stack trace:
L 08/06/2022 - 15:56:00: [SM]   [1] Line 202, restrictinc/events.sp::CS_OnBuyCommand
L 08/06/2022 - 15:56:03: [SM] Exception reported: Array index out-of-bounds (index 64, limit 55)
L 08/06/2022 - 15:56:03: [SM] Blaming: weapon_restrict.smx
L 08/06/2022 - 15:56:03: [SM] Call stack trace:
L 08/06/2022 - 15:56:03: [SM]   [1] Line 202, restrictinc/events.sp::CS_OnBuyCommand
L 08/06/2022 - 15:56:04: [SM] Exception reported: Array index out-of-bounds (index 64, limit 55)
L 08/06/2022 - 15:56:04: [SM] Blaming: weapon_restrict.smx
L 08/06/2022 - 15:56:04: [SM] Call stack trace:
L 08/06/2022 - 15:56:04: [SM]   [1] Line 202, restrictinc/events.sp::CS_OnBuyCommand
L 08/06/2022 - 15:58:40: [SM] Exception reported: Array index out-of-bounds (index 64, limit 55)
L 08/06/2022 - 15:58:40: [SM] Blaming: weapon_restrict.smx
L 08/06/2022 - 15:58:40: [SM] Call stack trace:
L 08/06/2022 - 15:58:40: [SM]   [1] Line 202, restrictinc/events.sp::CS_OnBuyCommand
L 08/06/2022 - 15:58:48: [SM] Exception reported: Array index out-of-bounds (index 64, limit 55)
L 08/06/2022 - 15:58:48: [SM] Blaming: weapon_restrict.smx
L 08/06/2022 - 15:58:48: [SM] Call stack trace:
L 08/06/2022 - 15:58:48: [SM]   [1] Line 202, restrictinc/events.sp::CS_OnBuyCommand
L 08/06/2022 - 16:00:21: [SM] Exception reported: Array index out-of-bounds (index 64, limit 55)
L 08/06/2022 - 16:00:21: [SM] Blaming: weapon_restrict.smx
L 08/06/2022 - 16:00:21: [SM] Call stack trace:
L 08/06/2022 - 16:00:21: [SM]   [1] Line 202, restrictinc/events.sp::CS_OnBuyCommand
L 08/06/2022 - 16:00:21: [SM] Exception reported: Array index out-of-bounds (index 64, limit 55)
L 08/06/2022 - 16:00:21: [SM] Blaming: weapon_restrict.smx
L 08/06/2022 - 16:00:21: [SM] Call stack trace:
L 08/06/2022 - 16:00:21: [SM]   [1] Line 202, restrictinc/events.sp::CS_OnBuyCommand
L 08/06/2022 - 16:00:24: [SM] Exception reported: Array index out-of-bounds (index 64, limit 55)
L 08/06/2022 - 16:00:24: [SM] Blaming: weapon_restrict.smx
L 08/06/2022 - 16:00:24: [SM] Call stack trace:
L 08/06/2022 - 16:00:24: [SM]   [1] Line 202, restrictinc/events.sp::CS_OnBuyCommand
L 08/06/2022 - 16:00:36: [SM] Exception reported: Array index out-of-bounds (index 64, limit 55)
L 08/06/2022 - 16:00:36: [SM] Blaming: weapon_restrict.smx
L 08/06/2022 - 16:00:36: [SM] Call stack trace:
L 08/06/2022 - 16:00:36: [SM]   [1] Line 202, restrictinc/events.sp::CS_OnBuyCommand
L 08/06/2022 - 16:03:36: [SM] Exception reported: Array index out-of-bounds (index 64, limit 55)
L 08/06/2022 - 16:03:36: [SM] Blaming: weapon_restrict.smx
L 08/06/2022 - 16:03:36: [SM] Call stack trace:
L 08/06/2022 - 16:03:36: [SM]   [1] Line 202, restrictinc/events.sp::CS_OnBuyCommand
L 08/06/2022 - 16:03:45: [SM] Exception reported: Array index out-of-bounds (index 64, limit 55)
L 08/06/2022 - 16:03:45: [SM] Blaming: weapon_restrict.smx
L 08/06/2022 - 16:03:45: [SM] Call stack trace:
L 08/06/2022 - 16:03:45: [SM]   [1] Line 202, restrictinc/events.sp::CS_OnBuyCommand
L 08/06/2022 - 16:05:44: [SM] Exception reported: Array index out-of-bounds (index 64, limit 55)
L 08/06/2022 - 16:05:44: [SM] Blaming: weapon_restrict.smx
L 08/06/2022 - 16:05:44: [SM] Call stack trace:
L 08/06/2022 - 16:05:44: [SM]   [1] Line 202, restrictinc/events.sp::CS_OnBuyCommand
L 08/06/2022 - 16:05:48: [SM] Exception reported: Array index out-of-bounds (index 64, limit 55)
L 08/06/2022 - 16:05:48: [SM] Blaming: weapon_restrict.smx
L 08/06/2022 - 16:05:48: [SM] Call stack trace:
L 08/06/2022 - 16:05:48: [SM]   [1] Line 202, restrictinc/events.sp::CS_OnBuyCommand
L 08/06/2022 - 16:05:51: [SM] Exception reported: Array index out-of-bounds (index 64, limit 55)
L 08/06/2022 - 16:05:51: [SM] Blaming: weapon_restrict.smx
L 08/06/2022 - 16:05:51: [SM] Call stack trace:
L 08/06/2022 - 16:05:51: [SM]   [1] Line 202, restrictinc/events.sp::CS_OnBuyCommand
L 08/06/2022 - 16:06:49: [SM] Exception reported: Array index out-of-bounds (index 64, limit 55)
L 08/06/2022 - 16:06:49: [SM] Blaming: weapon_restrict.smx
L 08/06/2022 - 16:06:49: [SM] Call stack trace:
L 08/06/2022 - 16:06:49: [SM]   [1] Line 202, restrictinc/events.sp::CS_OnBuyCommand
L 08/06/2022 - 16:09:03: [SM] Exception reported: Array index out-of-bounds (index 64, limit 55)
L 08/06/2022 - 16:09:03: [SM] Blaming: weapon_restrict.smx
L 08/06/2022 - 16:09:03: [SM] Call stack trace:
L 08/06/2022 - 16:09:03: [SM]   [1] Line 202, restrictinc/events.sp::CS_OnBuyCommand
L 08/06/2022 - 16:10:23: [SM] Exception reported: Array index out-of-bounds (index 64, limit 55)
L 08/06/2022 - 16:10:23: [SM] Blaming: weapon_restrict.smx
L 08/06/2022 - 16:10:23: [SM] Call stack trace:
L 08/06/2022 - 16:10:23: [SM]   [1] Line 202, restrictinc/events.sp::CS_OnBuyCommand
L 08/06/2022 - 16:12:06: [SM] Exception reported: Array index out-of-bounds (index 64, limit 55)
L 08/06/2022 - 16:12:06: [SM] Blaming: weapon_restrict.smx
L 08/06/2022 - 16:12:06: [SM] Call stack trace:
L 08/06/2022 - 16:12:06: [SM]   [1] Line 202, restrictinc/events.sp::CS_OnBuyCommand
L 08/06/2022 - 16:12:07: [SM] Exception reported: Array index out-of-bounds (index 64, limit 55)
L 08/06/2022 - 16:12:07: [SM] Blaming: weapon_restrict.smx
L 08/06/2022 - 16:12:07: [SM] Call stack trace:
L 08/06/2022 - 16:12:07: [SM]   [1] Line 202, restrictinc/events.sp::CS_OnBuyCommand
L 08/06/2022 - 16:14:41: [SM] Exception reported: Array index out-of-bounds (index 64, limit 55)
L 08/06/2022 - 16:14:41: [SM] Blaming: weapon_restrict.smx
L 08/06/2022 - 16:14:41: [SM] Call stack trace:
L 08/06/2022 - 16:14:41: [SM]   [1] Line 202, restrictinc/events.sp::CS_OnBuyCommand
L 08/06/2022 - 16:14:42: [SM] Exception reported: Array index out-of-bounds (index 64, limit 55)
L 08/06/2022 - 16:14:42: [SM] Blaming: weapon_restrict.smx
L 08/06/2022 - 16:14:42: [SM] Call stack trace:
L 08/06/2022 - 16:14:42: [SM]   [1] Line 202, restrictinc/events.sp::CS_OnBuyCommand
L 08/06/2022 - 16:14:44: [SM] Exception reported: Array index out-of-bounds (index 64, limit 55)
L 08/06/2022 - 16:14:44: [SM] Blaming: weapon_restrict.smx
L 08/06/2022 - 16:14:44: [SM] Call stack trace:
L 08/06/2022 - 16:14:44: [SM]   [1] Line 202, restrictinc/events.sp::CS_OnBuyCommand
L 08/06/2022 - 16:16:03: [SM] Exception reported: Array index out-of-bounds (index 64, limit 55)
L 08/06/2022 - 16:16:03: [SM] Blaming: weapon_restrict.smx
L 08/06/2022 - 16:16:03: [SM] Call stack trace:
L 08/06/2022 - 16:16:03: [SM]   [1] Line 202, restrictinc/events.sp::CS_OnBuyCommand
L 08/06/2022 - 16:16:03: [SM] Exception reported: Array index out-of-bounds (index 64, limit 55)
L 08/06/2022 - 16:16:03: [SM] Blaming: weapon_restrict.smx
L 08/06/2022 - 16:16:03: [SM] Call stack trace:
L 08/06/2022 - 16:16:03: [SM]   [1] Line 202, restrictinc/events.sp::CS_OnBuyCommand
L 08/06/2022 - 16:19:23: [SM] Exception reported: Array index out-of-bounds (index 64, limit 55)
L 08/06/2022 - 16:19:23: [SM] Blaming: weapon_restrict.smx
L 08/06/2022 - 16:19:23: [SM] Call stack trace:
L 08/06/2022 - 16:19:23: [SM]   [1] Line 202, restrictinc/events.sp::CS_OnBuyCommand
L 08/06/2022 - 16:20:12: [SM] Exception reported: Array index out-of-bounds (index 64, limit 55)
L 08/06/2022 - 16:20:12: [SM] Blaming: weapon_restrict.smx
L 08/06/2022 - 16:20:12: [SM] Call stack trace:
L 08/06/2022 - 16:20:12: [SM]   [1] Line 202, restrictinc/events.sp::CS_OnBuyCommand
L 08/06/2022 - 16:20:15: [SM] Exception reported: Array index out-of-bounds (index 64, limit 55)
L 08/06/2022 - 16:20:15: [SM] Blaming: weapon_restrict.smx
L 08/06/2022 - 16:20:15: [SM] Call stack trace:
L 08/06/2022 - 16:20:15: [SM]   [1] Line 202, restrictinc/events.sp::CS_OnBuyCommand
L 08/06/2022 - 16:21:11: Error log file session closed.
L 08/06/2022 - 16:21:11: SourceMod error session started
L 08/06/2022 - 16:21:11: Info (map "de_mirage") (file "/home/csgo/csgo/addons/sourcemod/logs/errors_20220806.log")
L 08/06/2022 - 16:21:11: [SM] Fatal error encountered parsing translation file "movecommands.phrases.txt"
L 08/06/2022 - 16:21:11: [SM] Error (line 0, column 0): Stream failed to open
L 08/06/2022 - 16:29:06: [SM] Exception reported: Invalid timer handle 69e0014c (error 1)
L 08/06/2022 - 16:29:06: [SM] Blaming: c5_pug.smx
L 08/06/2022 - 16:29:06: [SM] Call stack trace:
L 08/06/2022 - 16:29:06: [SM]   [0] KillTimer
L 08/06/2022 - 16:29:06: [SM]   [1] Line 41, c5_pug/pause.sp::StopPauseCountDown
L 08/06/2022 - 16:29:06: [SM]   [2] Line 47, c5_pug/pause.sp::UnpauseCountDown
L 08/06/2022 - 16:29:06: [SM]   [3] Line 1620, E:\Unheard\addons\sourcemod\scripting\c5_pug.sp::EndMatch
L 08/06/2022 - 16:29:06: [SM]   [4] Line 112, c5_pug/captainpickmenus.sp::GivePlayerSelectionMenu
L 08/06/2022 - 16:30:06: [SM] Exception reported: Invalid timer handle 69e0014c (error 1)
L 08/06/2022 - 16:30:06: [SM] Blaming: c5_pug.smx
L 08/06/2022 - 16:30:06: [SM] Call stack trace:
L 08/06/2022 - 16:30:06: [SM]   [0] KillTimer
L 08/06/2022 - 16:30:06: [SM]   [1] Line 41, c5_pug/pause.sp::StopPauseCountDown
L 08/06/2022 - 16:30:06: [SM]   [2] Line 47, c5_pug/pause.sp::UnpauseCountDown
L 08/06/2022 - 16:30:06: [SM]   [3] Line 1620, E:\Unheard\addons\sourcemod\scripting\c5_pug.sp::EndMatch
L 08/06/2022 - 16:30:06: [SM]   [4] Line 958, E:\Unheard\addons\sourcemod\scripting\c5_pug.sp::MatchEndHandler
L 08/06/2022 - 16:30:26: [c5_pug.smx] GOTV demo could not be recorded since tv_enable is not set to 1
L 08/06/2022 - 16:30:41: [SM] Exception reported: Invalid timer handle 69e0014c (error 1)
L 08/06/2022 - 16:30:41: [SM] Blaming: c5_pug.smx
L 08/06/2022 - 16:30:41: [SM] Call stack trace:
L 08/06/2022 - 16:30:41: [SM]   [0] KillTimer
L 08/06/2022 - 16:30:41: [SM]   [1] Line 41, c5_pug/pause.sp::StopPauseCountDown
L 08/06/2022 - 16:30:41: [SM]   [2] Line 47, c5_pug/pause.sp::UnpauseCountDown
L 08/06/2022 - 16:30:41: [SM]   [3] Line 1105, E:\Unheard\addons\sourcemod\scripting\c5_pug.sp::Command_Unpause
L 08/06/2022 - 16:30:41: [SM]   [5] FakeClientCommand
L 08/06/2022 - 16:30:41: [SM]   [6] Line 841, E:\Unheard\addons\sourcemod\scripting\c5_pug.sp::CheckChatAlias
L 08/06/2022 - 16:30:41: [SM]   [7] Line 869, E:\Unheard\addons\sourcemod\scripting\c5_pug.sp::OnClientSayCommand_Post
L 08/06/2022 - 16:30:49: Error log file session closed.
L 08/06/2022 - 16:30:49: SourceMod error session started
L 08/06/2022 - 16:30:49: Info (map "de_mirage") (file "/home/csgo/csgo/addons/sourcemod/logs/errors_20220806.log")
L 08/06/2022 - 16:30:49: [SM] Fatal error encountered parsing translation file "movecommands.phrases.txt"
L 08/06/2022 - 16:30:49: [SM] Error (line 0, column 0): Stream failed to open
L 08/06/2022 - 16:31:20: [SM] Exception reported: Array index out-of-bounds (index 64, limit 55)
L 08/06/2022 - 16:31:20: [SM] Blaming: weapon_restrict.smx
L 08/06/2022 - 16:31:20: [SM] Call stack trace:
L 08/06/2022 - 16:31:20: [SM]   [1] Line 202, restrictinc/events.sp::CS_OnBuyCommand
L 08/06/2022 - 16:31:23: [SM] Exception reported: Array index out-of-bounds (index 64, limit 55)
L 08/06/2022 - 16:31:23: [SM] Blaming: weapon_restrict.smx
L 08/06/2022 - 16:31:23: [SM] Call stack trace:
L 08/06/2022 - 16:31:23: [SM]   [1] Line 202, restrictinc/events.sp::CS_OnBuyCommand
L 08/06/2022 - 16:31:26: [SM] Exception reported: Array index out-of-bounds (index 64, limit 55)
L 08/06/2022 - 16:31:26: [SM] Blaming: weapon_restrict.smx
L 08/06/2022 - 16:31:26: [SM] Call stack trace:
L 08/06/2022 - 16:31:26: [SM]   [1] Line 202, restrictinc/events.sp::CS_OnBuyCommand
L 08/06/2022 - 16:33:31: [SM] Exception reported: Array index out-of-bounds (index 64, limit 55)
L 08/06/2022 - 16:33:31: [SM] Blaming: weapon_restrict.smx
L 08/06/2022 - 16:33:31: [SM] Call stack trace:
L 08/06/2022 - 16:33:31: [SM]   [1] Line 202, restrictinc/events.sp::CS_OnBuyCommand
L 08/06/2022 - 16:33:31: [SM] Exception reported: Array index out-of-bounds (index 64, limit 55)
L 08/06/2022 - 16:33:31: [SM] Blaming: weapon_restrict.smx
L 08/06/2022 - 16:33:31: [SM] Call stack trace:
L 08/06/2022 - 16:33:31: [SM]   [1] Line 202, restrictinc/events.sp::CS_OnBuyCommand
L 08/06/2022 - 16:36:03: [SM] Exception reported: Array index out-of-bounds (index 64, limit 55)
L 08/06/2022 - 16:36:03: [SM] Blaming: weapon_restrict.smx
L 08/06/2022 - 16:36:03: [SM] Call stack trace:
L 08/06/2022 - 16:36:03: [SM]   [1] Line 202, restrictinc/events.sp::CS_OnBuyCommand
L 08/06/2022 - 16:36:07: [SM] Exception reported: Array index out-of-bounds (index 64, limit 55)
L 08/06/2022 - 16:36:07: [SM] Blaming: weapon_restrict.smx
L 08/06/2022 - 16:36:07: [SM] Call stack trace:
L 08/06/2022 - 16:36:07: [SM]   [1] Line 202, restrictinc/events.sp::CS_OnBuyCommand
L 08/06/2022 - 16:38:18: [SM] Exception reported: Array index out-of-bounds (index 64, limit 55)
L 08/06/2022 - 16:38:18: [SM] Blaming: weapon_restrict.smx
L 08/06/2022 - 16:38:18: [SM] Call stack trace:
L 08/06/2022 - 16:38:18: [SM]   [1] Line 202, restrictinc/events.sp::CS_OnBuyCommand
L 08/06/2022 - 16:41:48: [SM] Exception reported: Array index out-of-bounds (index 64, limit 55)
L 08/06/2022 - 16:41:48: [SM] Blaming: weapon_restrict.smx
L 08/06/2022 - 16:41:48: [SM] Call stack trace:
L 08/06/2022 - 16:41:48: [SM]   [1] Line 202, restrictinc/events.sp::CS_OnBuyCommand
L 08/06/2022 - 16:46:44: [SM] Exception reported: Array index out-of-bounds (index 64, limit 55)
L 08/06/2022 - 16:46:44: [SM] Blaming: weapon_restrict.smx
L 08/06/2022 - 16:46:44: [SM] Call stack trace:
L 08/06/2022 - 16:46:44: [SM]   [1] Line 202, restrictinc/events.sp::CS_OnBuyCommand
L 08/06/2022 - 16:51:59: [SM] Exception reported: Array index out-of-bounds (index 64, limit 55)
L 08/06/2022 - 16:51:59: [SM] Blaming: weapon_restrict.smx
L 08/06/2022 - 16:51:59: [SM] Call stack trace:
L 08/06/2022 - 16:51:59: [SM]   [1] Line 202, restrictinc/events.sp::CS_OnBuyCommand
L 08/06/2022 - 16:52:03: [SM] Exception reported: Array index out-of-bounds (index 64, limit 55)
L 08/06/2022 - 16:52:03: [SM] Blaming: weapon_restrict.smx
L 08/06/2022 - 16:52:03: [SM] Call stack trace:
L 08/06/2022 - 16:52:03: [SM]   [1] Line 202, restrictinc/events.sp::CS_OnBuyCommand
L 08/06/2022 - 16:52:13: [SM] Exception reported: Array index out-of-bounds (index 64, limit 55)
L 08/06/2022 - 16:52:13: [SM] Blaming: weapon_restrict.smx
L 08/06/2022 - 16:52:13: [SM] Call stack trace:
L 08/06/2022 - 16:52:13: [SM]   [1] Line 202, restrictinc/events.sp::CS_OnBuyCommand
L 08/06/2022 - 16:54:46: [SM] Exception reported: Array index out-of-bounds (index 64, limit 55)
L 08/06/2022 - 16:54:46: [SM] Blaming: weapon_restrict.smx
L 08/06/2022 - 16:54:46: [SM] Call stack trace:
L 08/06/2022 - 16:54:46: [SM]   [1] Line 202, restrictinc/events.sp::CS_OnBuyCommand
L 08/06/2022 - 16:55:29: [SM] Exception reported: Array index out-of-bounds (index 64, limit 55)
L 08/06/2022 - 16:55:29: [SM] Blaming: weapon_restrict.smx
L 08/06/2022 - 16:55:29: [SM] Call stack trace:
L 08/06/2022 - 16:55:29: [SM]   [1] Line 202, restrictinc/events.sp::CS_OnBuyCommand
L 08/06/2022 - 17:01:35: Error log file session closed.
L 08/06/2022 - 17:01:35: SourceMod error session started
L 08/06/2022 - 17:01:35: Info (map "de_mirage") (file "/home/csgo/csgo/addons/sourcemod/logs/errors_20220806.log")
L 08/06/2022 - 17:01:35: [SM] Fatal error encountered parsing translation file "movecommands.phrases.txt"
L 08/06/2022 - 17:01:35: [SM] Error (line 0, column 0): Stream failed to open
L 08/06/2022 - 18:37:06: Error log file session closed.
L 08/06/2022 - 18:37:06: SourceMod error session started
L 08/06/2022 - 18:37:06: Info (map "de_mirage") (file "/home/csgo/csgo/addons/sourcemod/logs/errors_20220806.log")
L 08/06/2022 - 18:37:06: [SM] Fatal error encountered parsing translation file "movecommands.phrases.txt"
L 08/06/2022 - 18:37:06: [SM] Error (line 0, column 0): Stream failed to open
L 08/06/2022 - 18:50:48: Error log file session closed.
L 08/06/2022 - 18:50:48: SourceMod error session started
L 08/06/2022 - 18:50:48: Info (map "de_mirage") (file "/home/csgo/csgo/addons/sourcemod/logs/errors_20220806.log")
L 08/06/2022 - 18:50:48: [SM] Fatal error encountered parsing translation file "movecommands.phrases.txt"
L 08/06/2022 - 18:50:48: [SM] Error (line 0, column 0): Stream failed to open
L 08/06/2022 - 18:54:50: [SM] Exception reported: Array index out-of-bounds (index 64, limit 55)
L 08/06/2022 - 18:54:50: [SM] Blaming: weapon_restrict.smx
L 08/06/2022 - 18:54:50: [SM] Call stack trace:
L 08/06/2022 - 18:54:50: [SM]   [1] Line 202, restrictinc/events.sp::CS_OnBuyCommand
L 08/06/2022 - 19:00:46: [SM] Exception reported: Array index out-of-bounds (index 64, limit 55)
L 08/06/2022 - 19:00:46: [SM] Blaming: weapon_restrict.smx
L 08/06/2022 - 19:00:46: [SM] Call stack trace:
L 08/06/2022 - 19:00:46: [SM]   [1] Line 202, restrictinc/events.sp::CS_OnBuyCommand
L 08/06/2022 - 19:58:20: Error log file session closed.
L 08/06/2022 - 19:58:20: SourceMod error session started
L 08/06/2022 - 19:58:20: Info (map "de_mirage") (file "/home/csgo/csgo/addons/sourcemod/logs/errors_20220806.log")
L 08/06/2022 - 19:58:20: [SM] Fatal error encountered parsing translation file "movecommands.phrases.txt"
L 08/06/2022 - 19:58:20: [SM] Error (line 0, column 0): Stream failed to open
L 08/06/2022 - 20:15:54: [SM] Exception reported: Array index out-of-bounds (index 64, limit 55)
L 08/06/2022 - 20:15:54: [SM] Blaming: weapon_restrict.smx
L 08/06/2022 - 20:15:54: [SM] Call stack trace:
L 08/06/2022 - 20:15:54: [SM]   [1] Line 202, restrictinc/events.sp::CS_OnBuyCommand
L 08/06/2022 - 20:16:12: [SM] Exception reported: Array index out-of-bounds (index 64, limit 55)
L 08/06/2022 - 20:16:12: [SM] Blaming: weapon_restrict.smx
L 08/06/2022 - 20:16:12: [SM] Call stack trace:
L 08/06/2022 - 20:16:12: [SM]   [1] Line 202, restrictinc/events.sp::CS_OnBuyCommand
L 08/06/2022 - 20:16:16: [SM] Exception reported: Array index out-of-bounds (index 64, limit 55)
L 08/06/2022 - 20:16:16: [SM] Blaming: weapon_restrict.smx
L 08/06/2022 - 20:16:16: [SM] Call stack trace:
L 08/06/2022 - 20:16:16: [SM]   [1] Line 202, restrictinc/events.sp::CS_OnBuyCommand
L 08/06/2022 - 20:16:35: [SM] Exception reported: Array index out-of-bounds (index 64, limit 55)
L 08/06/2022 - 20:16:35: [SM] Blaming: weapon_restrict.smx
L 08/06/2022 - 20:16:35: [SM] Call stack trace:
L 08/06/2022 - 20:16:35: [SM]   [1] Line 202, restrictinc/events.sp::CS_OnBuyCommand
L 08/06/2022 - 20:16:47: [SM] Exception reported: Array index out-of-bounds (index 64, limit 55)
L 08/06/2022 - 20:16:47: [SM] Blaming: weapon_restrict.smx
L 08/06/2022 - 20:16:47: [SM] Call stack trace:
L 08/06/2022 - 20:16:47: [SM]   [1] Line 202, restrictinc/events.sp::CS_OnBuyCommand
L 08/06/2022 - 20:16:55: [SM] Exception reported: Array index out-of-bounds (index 64, limit 55)
L 08/06/2022 - 20:16:55: [SM] Blaming: weapon_restrict.smx
L 08/06/2022 - 20:16:55: [SM] Call stack trace:
L 08/06/2022 - 20:16:55: [SM]   [1] Line 202, restrictinc/events.sp::CS_OnBuyCommand
L 08/06/2022 - 20:17:33: [SM] Exception reported: Array index out-of-bounds (index 64, limit 55)
L 08/06/2022 - 20:17:33: [SM] Blaming: weapon_restrict.smx
L 08/06/2022 - 20:17:33: [SM] Call stack trace:
L 08/06/2022 - 20:17:33: [SM]   [1] Line 202, restrictinc/events.sp::CS_OnBuyCommand
L 08/06/2022 - 20:18:02: [SM] Exception reported: Array index out-of-bounds (index 64, limit 55)
L 08/06/2022 - 20:18:02: [SM] Blaming: weapon_restrict.smx
L 08/06/2022 - 20:18:02: [SM] Call stack trace:
L 08/06/2022 - 20:18:02: [SM]   [1] Line 202, restrictinc/events.sp::CS_OnBuyCommand
L 08/06/2022 - 20:18:40: [SM] Exception reported: Array index out-of-bounds (index 64, limit 55)
L 08/06/2022 - 20:18:40: [SM] Blaming: weapon_restrict.smx
L 08/06/2022 - 20:18:40: [SM] Call stack trace:
L 08/06/2022 - 20:18:40: [SM]   [1] Line 202, restrictinc/events.sp::CS_OnBuyCommand
L 08/06/2022 - 20:18:55: [SM] Exception reported: Array index out-of-bounds (index 64, limit 55)
L 08/06/2022 - 20:18:55: [SM] Blaming: weapon_restrict.smx
L 08/06/2022 - 20:18:55: [SM] Call stack trace:
L 08/06/2022 - 20:18:55: [SM]   [1] Line 202, restrictinc/events.sp::CS_OnBuyCommand
L 08/06/2022 - 20:19:06: [SM] Exception reported: Array index out-of-bounds (index 64, limit 55)
L 08/06/2022 - 20:19:06: [SM] Blaming: weapon_restrict.smx
L 08/06/2022 - 20:19:06: [SM] Call stack trace:
L 08/06/2022 - 20:19:06: [SM]   [1] Line 202, restrictinc/events.sp::CS_OnBuyCommand
L 08/06/2022 - 20:19:29: [SM] Exception reported: Array index out-of-bounds (index 64, limit 55)
L 08/06/2022 - 20:19:29: [SM] Blaming: weapon_restrict.smx
L 08/06/2022 - 20:19:29: [SM] Call stack trace:
L 08/06/2022 - 20:19:29: [SM]   [1] Line 202, restrictinc/events.sp::CS_OnBuyCommand
L 08/06/2022 - 20:19:43: [SM] Exception reported: Array index out-of-bounds (index 64, limit 55)
L 08/06/2022 - 20:19:43: [SM] Blaming: weapon_restrict.smx
L 08/06/2022 - 20:19:43: [SM] Call stack trace:
L 08/06/2022 - 20:19:43: [SM]   [1] Line 202, restrictinc/events.sp::CS_OnBuyCommand
L 08/06/2022 - 20:19:45: [SM] Exception reported: Array index out-of-bounds (index 64, limit 55)
L 08/06/2022 - 20:19:45: [SM] Blaming: weapon_restrict.smx
L 08/06/2022 - 20:19:45: [SM] Call stack trace:
L 08/06/2022 - 20:19:45: [SM]   [1] Line 202, restrictinc/events.sp::CS_OnBuyCommand
L 08/06/2022 - 20:20:15: [SM] Exception reported: Array index out-of-bounds (index 64, limit 55)
L 08/06/2022 - 20:20:15: [SM] Blaming: weapon_restrict.smx
L 08/06/2022 - 20:20:15: [SM] Call stack trace:
L 08/06/2022 - 20:20:15: [SM]   [1] Line 202, restrictinc/events.sp::CS_OnBuyCommand
L 08/06/2022 - 20:20:46: [SM] Exception reported: Array index out-of-bounds (index 64, limit 55)
L 08/06/2022 - 20:20:46: [SM] Blaming: weapon_restrict.smx
L 08/06/2022 - 20:20:46: [SM] Call stack trace:
L 08/06/2022 - 20:20:46: [SM]   [1] Line 202, restrictinc/events.sp::CS_OnBuyCommand
L 08/06/2022 - 20:21:01: [SM] Exception reported: Array index out-of-bounds (index 64, limit 55)
L 08/06/2022 - 20:21:01: [SM] Blaming: weapon_restrict.smx
L 08/06/2022 - 20:21:01: [SM] Call stack trace:
L 08/06/2022 - 20:21:01: [SM]   [1] Line 202, restrictinc/events.sp::CS_OnBuyCommand
L 08/06/2022 - 20:21:13: [SM] Exception reported: Array index out-of-bounds (index 64, limit 55)
L 08/06/2022 - 20:21:13: [SM] Blaming: weapon_restrict.smx
L 08/06/2022 - 20:21:13: [SM] Call stack trace:
L 08/06/2022 - 20:21:13: [SM]   [1] Line 202, restrictinc/events.sp::CS_OnBuyCommand
L 08/06/2022 - 20:21:32: [SM] Exception reported: Array index out-of-bounds (index 64, limit 55)
L 08/06/2022 - 20:21:32: [SM] Blaming: weapon_restrict.smx
L 08/06/2022 - 20:21:32: [SM] Call stack trace:
L 08/06/2022 - 20:21:32: [SM]   [1] Line 202, restrictinc/events.sp::CS_OnBuyCommand
L 08/06/2022 - 20:21:39: [SM] Exception reported: Array index out-of-bounds (index 64, limit 55)
L 08/06/2022 - 20:21:39: [SM] Blaming: weapon_restrict.smx
L 08/06/2022 - 20:21:39: [SM] Call stack trace:
L 08/06/2022 - 20:21:39: [SM]   [1] Line 202, restrictinc/events.sp::CS_OnBuyCommand
L 08/06/2022 - 20:22:08: [SM] Exception reported: Array index out-of-bounds (index 64, limit 55)
L 08/06/2022 - 20:22:08: [SM] Blaming: weapon_restrict.smx
L 08/06/2022 - 20:22:08: [SM] Call stack trace:
L 08/06/2022 - 20:22:08: [SM]   [1] Line 202, restrictinc/events.sp::CS_OnBuyCommand
L 08/06/2022 - 20:22:38: [SM] Exception reported: Array index out-of-bounds (index 64, limit 55)
L 08/06/2022 - 20:22:38: [SM] Blaming: weapon_restrict.smx
L 08/06/2022 - 20:22:38: [SM] Call stack trace:
L 08/06/2022 - 20:22:38: [SM]   [1] Line 202, restrictinc/events.sp::CS_OnBuyCommand
L 08/06/2022 - 20:22:49: [SM] Exception reported: Array index out-of-bounds (index 64, limit 55)
L 08/06/2022 - 20:22:49: [SM] Blaming: weapon_restrict.smx
L 08/06/2022 - 20:22:49: [SM] Call stack trace:
L 08/06/2022 - 20:22:49: [SM]   [1] Line 202, restrictinc/events.sp::CS_OnBuyCommand
L 08/06/2022 - 20:23:06: [SM] Exception reported: Array index out-of-bounds (index 64, limit 55)
L 08/06/2022 - 20:23:06: [SM] Blaming: weapon_restrict.smx
L 08/06/2022 - 20:23:06: [SM] Call stack trace:
L 08/06/2022 - 20:23:06: [SM]   [1] Line 202, restrictinc/events.sp::CS_OnBuyCommand
L 08/06/2022 - 20:23:12: [SM] Exception reported: Array index out-of-bounds (index 64, limit 55)
L 08/06/2022 - 20:23:12: [SM] Blaming: weapon_restrict.smx
L 08/06/2022 - 20:23:12: [SM] Call stack trace:
L 08/06/2022 - 20:23:12: [SM]   [1] Line 202, restrictinc/events.sp::CS_OnBuyCommand
L 08/06/2022 - 20:23:44: [SM] Exception reported: Array index out-of-bounds (index 64, limit 55)
L 08/06/2022 - 20:23:44: [SM] Blaming: weapon_restrict.smx
L 08/06/2022 - 20:23:44: [SM] Call stack trace:
L 08/06/2022 - 20:23:44: [SM]   [1] Line 202, restrictinc/events.sp::CS_OnBuyCommand
L 08/06/2022 - 20:23:54: [SM] Exception reported: Array index out-of-bounds (index 64, limit 55)
L 08/06/2022 - 20:23:54: [SM] Blaming: weapon_restrict.smx
L 08/06/2022 - 20:23:54: [SM] Call stack trace:
L 08/06/2022 - 20:23:54: [SM]   [1] Line 202, restrictinc/events.sp::CS_OnBuyCommand
L 08/06/2022 - 20:24:02: [SM] Exception reported: Array index out-of-bounds (index 64, limit 55)
L 08/06/2022 - 20:24:02: [SM] Blaming: weapon_restrict.smx
L 08/06/2022 - 20:24:02: [SM] Call stack trace:
L 08/06/2022 - 20:24:02: [SM]   [1] Line 202, restrictinc/events.sp::CS_OnBuyCommand
L 08/06/2022 - 20:24:06: [SM] Exception reported: Array index out-of-bounds (index 64, limit 55)
L 08/06/2022 - 20:24:06: [SM] Blaming: weapon_restrict.smx
L 08/06/2022 - 20:24:06: [SM] Call stack trace:
L 08/06/2022 - 20:24:06: [SM]   [1] Line 202, restrictinc/events.sp::CS_OnBuyCommand
L 08/06/2022 - 20:25:53: [SM] Exception reported: Array index out-of-bounds (index 64, limit 55)
L 08/06/2022 - 20:25:53: [SM] Blaming: weapon_restrict.smx
L 08/06/2022 - 20:25:53: [SM] Call stack trace:
L 08/06/2022 - 20:25:53: [SM]   [1] Line 202, restrictinc/events.sp::CS_OnBuyCommand
L 08/06/2022 - 20:28:19: [SM] Exception reported: Array index out-of-bounds (index 64, limit 55)
L 08/06/2022 - 20:28:19: [SM] Blaming: weapon_restrict.smx
L 08/06/2022 - 20:28:19: [SM] Call stack trace:
L 08/06/2022 - 20:28:19: [SM]   [1] Line 202, restrictinc/events.sp::CS_OnBuyCommand
L 08/06/2022 - 20:41:11: [c5_pug.smx] GOTV demo could not be recorded since tv_enable is not set to 1
L 08/06/2022 - 20:42:31: [SM] Exception reported: Array index out-of-bounds (index 64, limit 55)
L 08/06/2022 - 20:42:31: [SM] Blaming: weapon_restrict.smx
L 08/06/2022 - 20:42:31: [SM] Call stack trace:
L 08/06/2022 - 20:42:31: [SM]   [1] Line 202, restrictinc/events.sp::CS_OnBuyCommand
L 08/06/2022 - 20:42:31: [SM] Exception reported: Array index out-of-bounds (index 64, limit 55)
L 08/06/2022 - 20:42:31: [SM] Blaming: weapon_restrict.smx
L 08/06/2022 - 20:42:31: [SM] Call stack trace:
L 08/06/2022 - 20:42:31: [SM]   [1] Line 202, restrictinc/events.sp::CS_OnBuyCommand
L 08/06/2022 - 20:42:42: [SM] Exception reported: Array index out-of-bounds (index 64, limit 55)
L 08/06/2022 - 20:42:42: [SM] Blaming: weapon_restrict.smx
L 08/06/2022 - 20:42:42: [SM] Call stack trace:
L 08/06/2022 - 20:42:42: [SM]   [1] Line 202, restrictinc/events.sp::CS_OnBuyCommand
L 08/06/2022 - 20:42:44: [SM] Exception reported: Array index out-of-bounds (index 64, limit 55)
L 08/06/2022 - 20:42:44: [SM] Blaming: weapon_restrict.smx
L 08/06/2022 - 20:42:44: [SM] Call stack trace:
L 08/06/2022 - 20:42:44: [SM]   [1] Line 202, restrictinc/events.sp::CS_OnBuyCommand
L 08/06/2022 - 20:42:46: [SM] Exception reported: Array index out-of-bounds (index 64, limit 55)
L 08/06/2022 - 20:42:46: [SM] Blaming: weapon_restrict.smx
L 08/06/2022 - 20:42:46: [SM] Call stack trace:
L 08/06/2022 - 20:42:46: [SM]   [1] Line 202, restrictinc/events.sp::CS_OnBuyCommand
L 08/06/2022 - 20:48:20: [SM] Exception reported: Array index out-of-bounds (index 64, limit 55)
L 08/06/2022 - 20:48:20: [SM] Blaming: weapon_restrict.smx
L 08/06/2022 - 20:48:20: [SM] Call stack trace:
L 08/06/2022 - 20:48:20: [SM]   [1] Line 202, restrictinc/events.sp::CS_OnBuyCommand
L 08/06/2022 - 20:48:34: [SM] Exception reported: Array index out-of-bounds (index 64, limit 55)
L 08/06/2022 - 20:48:34: [SM] Blaming: weapon_restrict.smx
L 08/06/2022 - 20:48:34: [SM] Call stack trace:
L 08/06/2022 - 20:48:34: [SM]   [1] Line 202, restrictinc/events.sp::CS_OnBuyCommand
L 08/06/2022 - 20:54:39: SourceMod error session started
L 08/06/2022 - 20:54:39: Info (map "de_mirage") (file "/home/csgo/csgo/addons/sourcemod/logs/errors_20220806.log")
L 08/06/2022 - 20:54:39: [SM] Fatal error encountered parsing translation file "movecommands.phrases.txt"
L 08/06/2022 - 20:54:39: [SM] Error (line 0, column 0): Stream failed to open
L 08/06/2022 - 20:54:39: [SM] Exception reported: Language phrase "MessageTag" not found (arg 6)
L 08/06/2022 - 20:54:39: [SM] Blaming: movecommands.smx
L 08/06/2022 - 20:54:39: [SM] Call stack trace:
L 08/06/2022 - 20:54:39: [SM]   [0] Format
L 08/06/2022 - 20:54:39: [SM]   [1] Line 69, movecommands.sp::OnPluginStart
L 08/06/2022 - 20:54:39: [SM] Unable to load plugin "movecommands.smx": Error detected in plugin startup (see error logs)
L 08/06/2022 - 20:54:47: Error log file session closed.
L 08/06/2022 - 20:54:47: SourceMod error session started
L 08/06/2022 - 20:54:47: Info (map "de_mirage") (file "/home/csgo/csgo/addons/sourcemod/logs/errors_20220806.log")
L 08/06/2022 - 20:54:47: [SM] Fatal error encountered parsing translation file "movecommands.phrases.txt"
L 08/06/2022 - 20:54:47: [SM] Error (line 0, column 0): Stream failed to open
L 08/06/2022 - 20:57:16: Error log file session closed.
L 08/06/2022 - 20:57:16: SourceMod error session started
L 08/06/2022 - 20:57:16: Info (map "de_mirage") (file "/home/csgo/csgo/addons/sourcemod/logs/errors_20220806.log")
L 08/06/2022 - 20:57:16: [SM] Fatal error encountered parsing translation file "movecommands.phrases.txt"
L 08/06/2022 - 20:57:16: [SM] Error (line 0, column 0): Stream failed to open
L 08/06/2022 - 22:43:06: Error log file session closed.
L 08/06/2022 - 22:43:06: SourceMod error session started
L 08/06/2022 - 22:43:06: Info (map "de_mirage") (file "/home/csgo/csgo/addons/sourcemod/logs/errors_20220806.log")
L 08/06/2022 - 22:43:06: [SM] Fatal error encountered parsing translation file "movecommands.phrases.txt"
L 08/06/2022 - 22:43:06: [SM] Error (line 0, column 0): Stream failed to open
L 08/06/2022 - 22:44:12: [c5_pug.smx] GOTV demo could not be recorded since tv_enable is not set to 1
L 08/06/2022 - 23:00:14: [SM] Exception reported: Array index out-of-bounds (index 64, limit 55)
L 08/06/2022 - 23:00:14: [SM] Blaming: weapon_restrict.smx
L 08/06/2022 - 23:00:14: [SM] Call stack trace:
L 08/06/2022 - 23:00:14: [SM]   [1] Line 202, restrictinc/events.sp::CS_OnBuyCommand
L 08/06/2022 - 23:09:05: [SM] Exception reported: Array index out-of-bounds (index 64, limit 55)
L 08/06/2022 - 23:09:05: [SM] Blaming: weapon_restrict.smx
L 08/06/2022 - 23:09:05: [SM] Call stack trace:
L 08/06/2022 - 23:09:05: [SM]   [1] Line 202, restrictinc/events.sp::CS_OnBuyCommand
L 08/07/2022 - 00:36:00: Error log file session closed.
