L 09/17/2022 - 07:41:41: SourceMod error session started
L 09/17/2022 - 07:41:41: Info (map "de_mirage") (file "/badfupo/server1/csgo/addons/sourcemod/logs/errors_20220917.log")
L 09/17/2022 - 07:41:41: [SM] Exception reported: Array index out-of-bounds (index 64, limit 55)
L 09/17/2022 - 07:41:41: [SM] Blaming: weapon_restrict.smx
L 09/17/2022 - 07:41:41: [SM] Call stack trace:
L 09/17/2022 - 07:41:41: [SM]   [1] Line 202, restrictinc/events.sp::CS_OnBuyCommand
L 09/17/2022 - 08:46:05: [SM] Exception reported: Array index out-of-bounds (index 64, limit 55)
L 09/17/2022 - 08:46:05: [SM] Blaming: weapon_restrict.smx
L 09/17/2022 - 08:46:05: [SM] Call stack trace:
L 09/17/2022 - 08:46:05: [SM]   [1] Line 202, restrictinc/events.sp::CS_OnBuyCommand
L 09/17/2022 - 09:15:30: [SM] Exception reported: Array index out-of-bounds (index 64, limit 55)
L 09/17/2022 - 09:15:30: [SM] Blaming: weapon_restrict.smx
L 09/17/2022 - 09:15:30: [SM] Call stack trace:
L 09/17/2022 - 09:15:30: [SM]   [1] Line 202, restrictinc/events.sp::CS_OnBuyCommand
L 09/17/2022 - 09:20:01: [SM] Exception reported: Array index out-of-bounds (index 64, limit 55)
L 09/17/2022 - 09:20:01: [SM] Blaming: weapon_restrict.smx
L 09/17/2022 - 09:20:01: [SM] Call stack trace:
L 09/17/2022 - 09:20:01: [SM]   [1] Line 202, restrictinc/events.sp::CS_OnBuyCommand
L 09/17/2022 - 09:21:25: [SM] Exception reported: Array index out-of-bounds (index 64, limit 55)
L 09/17/2022 - 09:21:25: [SM] Blaming: weapon_restrict.smx
L 09/17/2022 - 09:21:25: [SM] Call stack trace:
L 09/17/2022 - 09:21:25: [SM]   [1] Line 202, restrictinc/events.sp::CS_OnBuyCommand
L 09/17/2022 - 09:21:37: [SM] Exception reported: Array index out-of-bounds (index 64, limit 55)
L 09/17/2022 - 09:21:37: [SM] Blaming: weapon_restrict.smx
L 09/17/2022 - 09:21:37: [SM] Call stack trace:
L 09/17/2022 - 09:21:37: [SM]   [1] Line 202, restrictinc/events.sp::CS_OnBuyCommand
L 09/17/2022 - 09:25:01: [SM] Exception reported: Array index out-of-bounds (index 64, limit 55)
L 09/17/2022 - 09:25:01: [SM] Blaming: weapon_restrict.smx
L 09/17/2022 - 09:25:01: [SM] Call stack trace:
L 09/17/2022 - 09:25:01: [SM]   [1] Line 202, restrictinc/events.sp::CS_OnBuyCommand
L 09/17/2022 - 09:25:20: [SM] Exception reported: Array index out-of-bounds (index 64, limit 55)
L 09/17/2022 - 09:25:20: [SM] Blaming: weapon_restrict.smx
L 09/17/2022 - 09:25:20: [SM] Call stack trace:
L 09/17/2022 - 09:25:20: [SM]   [1] Line 202, restrictinc/events.sp::CS_OnBuyCommand
L 09/17/2022 - 09:26:22: [SM] Exception reported: Array index out-of-bounds (index 64, limit 55)
L 09/17/2022 - 09:26:22: [SM] Blaming: weapon_restrict.smx
L 09/17/2022 - 09:26:22: [SM] Call stack trace:
L 09/17/2022 - 09:26:22: [SM]   [1] Line 202, restrictinc/events.sp::CS_OnBuyCommand
L 09/17/2022 - 09:28:13: [SM] Exception reported: Array index out-of-bounds (index 64, limit 55)
L 09/17/2022 - 09:28:13: [SM] Blaming: weapon_restrict.smx
L 09/17/2022 - 09:28:13: [SM] Call stack trace:
L 09/17/2022 - 09:28:13: [SM]   [1] Line 202, restrictinc/events.sp::CS_OnBuyCommand
L 09/17/2022 - 09:28:47: [SM] Exception reported: Array index out-of-bounds (index 64, limit 55)
L 09/17/2022 - 09:28:47: [SM] Blaming: weapon_restrict.smx
L 09/17/2022 - 09:28:47: [SM] Call stack trace:
L 09/17/2022 - 09:28:47: [SM]   [1] Line 202, restrictinc/events.sp::CS_OnBuyCommand
L 09/17/2022 - 10:07:16: [SM] Exception reported: Array index out-of-bounds (index 64, limit 55)
L 09/17/2022 - 10:07:16: [SM] Blaming: weapon_restrict.smx
L 09/17/2022 - 10:07:16: [SM] Call stack trace:
L 09/17/2022 - 10:07:16: [SM]   [1] Line 202, restrictinc/events.sp::CS_OnBuyCommand
L 09/17/2022 - 10:07:23: [SM] Exception reported: Array index out-of-bounds (index 64, limit 55)
L 09/17/2022 - 10:07:23: [SM] Blaming: weapon_restrict.smx
L 09/17/2022 - 10:07:23: [SM] Call stack trace:
L 09/17/2022 - 10:07:23: [SM]   [1] Line 202, restrictinc/events.sp::CS_OnBuyCommand
L 09/17/2022 - 10:11:41: [SM] Exception reported: Array index out-of-bounds (index 64, limit 55)
L 09/17/2022 - 10:11:41: [SM] Blaming: weapon_restrict.smx
L 09/17/2022 - 10:11:41: [SM] Call stack trace:
L 09/17/2022 - 10:11:41: [SM]   [1] Line 202, restrictinc/events.sp::CS_OnBuyCommand
L 09/17/2022 - 10:15:03: Error log file session closed.
L 09/17/2022 - 10:59:31: SourceMod error session started
L 09/17/2022 - 10:59:31: Info (map "de_mirage") (file "/badfupo/server1/csgo/addons/sourcemod/logs/errors_20220917.log")
L 09/17/2022 - 10:59:31: [SM] Exception reported: Array index out-of-bounds (index 64, limit 55)
L 09/17/2022 - 10:59:31: [SM] Blaming: weapon_restrict.smx
L 09/17/2022 - 10:59:31: [SM] Call stack trace:
L 09/17/2022 - 10:59:31: [SM]   [1] Line 202, restrictinc/events.sp::CS_OnBuyCommand
L 09/17/2022 - 10:59:42: [SM] Exception reported: Array index out-of-bounds (index 64, limit 55)
L 09/17/2022 - 10:59:42: [SM] Blaming: weapon_restrict.smx
L 09/17/2022 - 10:59:42: [SM] Call stack trace:
L 09/17/2022 - 10:59:42: [SM]   [1] Line 202, restrictinc/events.sp::CS_OnBuyCommand
L 09/17/2022 - 11:05:02: [SM] Exception reported: Array index out-of-bounds (index 64, limit 55)
L 09/17/2022 - 11:05:02: [SM] Blaming: weapon_restrict.smx
L 09/17/2022 - 11:05:02: [SM] Call stack trace:
L 09/17/2022 - 11:05:02: [SM]   [1] Line 202, restrictinc/events.sp::CS_OnBuyCommand
L 09/17/2022 - 11:05:13: [SM] Exception reported: Array index out-of-bounds (index 64, limit 55)
L 09/17/2022 - 11:05:13: [SM] Blaming: weapon_restrict.smx
L 09/17/2022 - 11:05:13: [SM] Call stack trace:
L 09/17/2022 - 11:05:13: [SM]   [1] Line 202, restrictinc/events.sp::CS_OnBuyCommand
L 09/17/2022 - 11:06:11: [SM] Exception reported: Array index out-of-bounds (index 64, limit 55)
L 09/17/2022 - 11:06:11: [SM] Blaming: weapon_restrict.smx
L 09/17/2022 - 11:06:11: [SM] Call stack trace:
L 09/17/2022 - 11:06:11: [SM]   [1] Line 202, restrictinc/events.sp::CS_OnBuyCommand
L 09/17/2022 - 11:06:40: [SM] Exception reported: Array index out-of-bounds (index 64, limit 55)
L 09/17/2022 - 11:06:40: [SM] Blaming: weapon_restrict.smx
L 09/17/2022 - 11:06:40: [SM] Call stack trace:
L 09/17/2022 - 11:06:40: [SM]   [1] Line 202, restrictinc/events.sp::CS_OnBuyCommand
L 09/17/2022 - 11:06:50: [SM] Exception reported: Array index out-of-bounds (index 64, limit 55)
L 09/17/2022 - 11:06:50: [SM] Blaming: weapon_restrict.smx
L 09/17/2022 - 11:06:50: [SM] Call stack trace:
L 09/17/2022 - 11:06:50: [SM]   [1] Line 202, restrictinc/events.sp::CS_OnBuyCommand
L 09/17/2022 - 11:10:02: [SM] Exception reported: Array index out-of-bounds (index 64, limit 55)
L 09/17/2022 - 11:10:02: [SM] Blaming: weapon_restrict.smx
L 09/17/2022 - 11:10:02: [SM] Call stack trace:
L 09/17/2022 - 11:10:02: [SM]   [1] Line 202, restrictinc/events.sp::CS_OnBuyCommand
L 09/17/2022 - 11:10:28: [SM] Exception reported: Array index out-of-bounds (index 64, limit 55)
L 09/17/2022 - 11:10:28: [SM] Blaming: weapon_restrict.smx
L 09/17/2022 - 11:10:28: [SM] Call stack trace:
L 09/17/2022 - 11:10:28: [SM]   [1] Line 202, restrictinc/events.sp::CS_OnBuyCommand
L 09/17/2022 - 11:10:37: [SM] Exception reported: Array index out-of-bounds (index 64, limit 55)
L 09/17/2022 - 11:10:37: [SM] Blaming: weapon_restrict.smx
L 09/17/2022 - 11:10:37: [SM] Call stack trace:
L 09/17/2022 - 11:10:37: [SM]   [1] Line 202, restrictinc/events.sp::CS_OnBuyCommand
L 09/17/2022 - 11:22:21: [SM] Exception reported: Array index out-of-bounds (index 64, limit 55)
L 09/17/2022 - 11:22:21: [SM] Blaming: weapon_restrict.smx
L 09/17/2022 - 11:22:21: [SM] Call stack trace:
L 09/17/2022 - 11:22:21: [SM]   [1] Line 202, restrictinc/events.sp::CS_OnBuyCommand
L 09/17/2022 - 11:23:02: [SM] Exception reported: Array index out-of-bounds (index 64, limit 55)
L 09/17/2022 - 11:23:02: [SM] Blaming: weapon_restrict.smx
L 09/17/2022 - 11:23:02: [SM] Call stack trace:
L 09/17/2022 - 11:23:02: [SM]   [1] Line 202, restrictinc/events.sp::CS_OnBuyCommand
L 09/17/2022 - 11:23:31: [SM] Exception reported: Array index out-of-bounds (index 64, limit 55)
L 09/17/2022 - 11:23:31: [SM] Blaming: weapon_restrict.smx
L 09/17/2022 - 11:23:31: [SM] Call stack trace:
L 09/17/2022 - 11:23:31: [SM]   [1] Line 202, restrictinc/events.sp::CS_OnBuyCommand
L 09/17/2022 - 11:25:59: [SM] Exception reported: Array index out-of-bounds (index 64, limit 55)
L 09/17/2022 - 11:25:59: [SM] Blaming: weapon_restrict.smx
L 09/17/2022 - 11:25:59: [SM] Call stack trace:
L 09/17/2022 - 11:25:59: [SM]   [1] Line 202, restrictinc/events.sp::CS_OnBuyCommand
L 09/17/2022 - 11:35:52: Error log file session closed.
L 09/17/2022 - 12:33:04: SourceMod error session started
L 09/17/2022 - 12:33:04: Info (map "de_mirage") (file "/badfupo/server1/csgo/addons/sourcemod/logs/errors_20220917.log")
L 09/17/2022 - 12:33:04: [SM] Exception reported: Array index out-of-bounds (index 64, limit 55)
L 09/17/2022 - 12:33:04: [SM] Blaming: weapon_restrict.smx
L 09/17/2022 - 12:33:04: [SM] Call stack trace:
L 09/17/2022 - 12:33:04: [SM]   [1] Line 202, restrictinc/events.sp::CS_OnBuyCommand
L 09/17/2022 - 12:33:05: [SM] Exception reported: Array index out-of-bounds (index 64, limit 55)
L 09/17/2022 - 12:33:05: [SM] Blaming: weapon_restrict.smx
L 09/17/2022 - 12:33:05: [SM] Call stack trace:
L 09/17/2022 - 12:33:05: [SM]   [1] Line 202, restrictinc/events.sp::CS_OnBuyCommand
L 09/17/2022 - 12:45:01: Error log file session closed.
L 09/17/2022 - 14:29:25: SourceMod error session started
L 09/17/2022 - 14:29:25: Info (map "de_mirage") (file "/badfupo/server1/csgo/addons/sourcemod/logs/errors_20220917.log")
L 09/17/2022 - 14:29:25: [SM] Exception reported: Array index out-of-bounds (index 64, limit 55)
L 09/17/2022 - 14:29:25: [SM] Blaming: weapon_restrict.smx
L 09/17/2022 - 14:29:25: [SM] Call stack trace:
L 09/17/2022 - 14:29:25: [SM]   [1] Line 202, restrictinc/events.sp::CS_OnBuyCommand
L 09/17/2022 - 15:33:37: Error log file session closed.
