L 07/28/2022 - 20:44:37: SourceMod error session started
L 07/28/2022 - 20:44:37: Info (map "de_mirage") (file "/home/csgo/csgo/addons/sourcemod/logs/errors_20220728.log")
L 07/28/2022 - 20:44:37: [SM] Unable to load plugin "store_item_zrclass.smx": Native "ZR_GetClassByName" was not found
L 07/28/2022 - 20:44:50: Error log file session closed.
L 07/28/2022 - 20:44:50: SourceMod error session started
L 07/28/2022 - 20:44:50: Info (map "de_mirage") (file "/home/csgo/csgo/addons/sourcemod/logs/errors_20220728.log")
L 07/28/2022 - 20:44:50: [chat-processor.smx] Error parsing the flag message formatting config for game 'csgo', please verify its integrity.
L 07/28/2022 - 20:44:55: [store.smx] SQL error happened.
Query: DELETE FROM store_logs WHERE `date` < (SELECT DATETIME('now', '-7 day'))
Error: no such table: store_logs
L 07/28/2022 - 20:44:56: [SM] Exception reported: Client 1 is not in game
L 07/28/2022 - 20:44:56: [SM] Blaming: c5_pug_voteend.smx
L 07/28/2022 - 20:44:56: [SM] Call stack trace:
L 07/28/2022 - 20:44:56: [SM]   [0] GetClientTeam
L 07/28/2022 - 20:44:56: [SM]   [1] Line 56, F:\Code\sourcepawn\addons\sourcemod\scripting\c5_pug_voteend.sp::OnClientDisconnect
L 07/28/2022 - 20:50:41: Error log file session closed.
L 07/28/2022 - 20:50:47: SourceMod error session started
L 07/28/2022 - 20:50:47: Info (map "de_mirage") (file "/home/csgo/csgo/addons/sourcemod/logs/errors_20220728.log")
L 07/28/2022 - 20:50:47: [chat-processor.smx] Error parsing the flag message formatting config for game 'csgo', please verify its integrity.
L 07/28/2022 - 20:52:07: Error log file session closed.
L 07/28/2022 - 20:52:12: SourceMod error session started
L 07/28/2022 - 20:52:12: Info (map "de_mirage") (file "/home/csgo/csgo/addons/sourcemod/logs/errors_20220728.log")
L 07/28/2022 - 20:52:12: [chat-processor.smx] Error parsing the flag message formatting config for game 'csgo', please verify its integrity.
L 07/28/2022 - 20:54:25: Error log file session closed.
L 07/28/2022 - 20:54:44: SourceMod error session started
L 07/28/2022 - 20:54:44: Info (map "de_mirage") (file "/home/csgo/csgo/addons/sourcemod/logs/errors_20220728.log")
L 07/28/2022 - 20:54:44: [SM] Unable to load plugin "store_item_zrclass.smx": Native "ZR_GetClassByName" was not found
L 07/28/2022 - 20:55:00: Error log file session closed.
L 07/28/2022 - 20:55:05: SourceMod error session started
L 07/28/2022 - 20:55:05: Info (map "de_mirage") (file "/home/csgo/csgo/addons/sourcemod/logs/errors_20220728.log")
L 07/28/2022 - 20:55:05: [chat-processor.smx] Error parsing the flag message formatting config for game 'csgo', please verify its integrity.
L 07/28/2022 - 20:55:05: [store.smx] SQL error happened.
Query: DELETE FROM store_logs WHERE `date` < (SELECT DATETIME('now', '-7 day'))
Error: no such table: store_logs
L 07/29/2022 - 00:03:50: Error log file session closed.
