L 08/08/2022 - 00:00:37: SourceMod error session started
L 08/08/2022 - 00:00:37: Info (map "de_mirage") (file "/home/csgo/csgo/addons/sourcemod/logs/errors_20220808.log")
L 08/08/2022 - 00:00:37: [SM] Exception reported: Invalid timer handle c740015d (error 1)
L 08/08/2022 - 00:00:37: [SM] Blaming: c5_pug.smx
L 08/08/2022 - 00:00:37: [SM] Call stack trace:
L 08/08/2022 - 00:00:37: [SM]   [0] KillTimer
L 08/08/2022 - 00:00:37: [SM]   [1] Line 41, c5_pug/pause.sp::StopPauseCountDown
L 08/08/2022 - 00:00:37: [SM]   [2] Line 47, c5_pug/pause.sp::UnpauseCountDown
L 08/08/2022 - 00:00:37: [SM]   [3] Line 1620, E:\Unheard\addons\sourcemod\scripting\c5_pug.sp::EndMatch
L 08/08/2022 - 00:00:37: [SM]   [4] Line 112, c5_pug/captainpickmenus.sp::GivePlayerSelectionMenu
L 08/08/2022 - 00:02:09: Error log file session closed.
L 08/08/2022 - 00:02:09: SourceMod error session started
L 08/08/2022 - 00:02:09: Info (map "de_mirage") (file "/home/csgo/csgo/addons/sourcemod/logs/errors_20220808.log")
L 08/08/2022 - 00:02:09: [SM] Fatal error encountered parsing translation file "movecommands.phrases.txt"
L 08/08/2022 - 00:02:09: [SM] Error (line 0, column 0): Stream failed to open
L 08/08/2022 - 00:02:43: [SM] Exception reported: Invalid timer handle c740015d (error 3)
L 08/08/2022 - 00:02:43: [SM] Blaming: c5_pug.smx
L 08/08/2022 - 00:02:43: [SM] Call stack trace:
L 08/08/2022 - 00:02:43: [SM]   [0] KillTimer
L 08/08/2022 - 00:02:43: [SM]   [1] Line 41, c5_pug/pause.sp::StopPauseCountDown
L 08/08/2022 - 00:02:43: [SM]   [2] Line 47, c5_pug/pause.sp::UnpauseCountDown
L 08/08/2022 - 00:02:43: [SM]   [3] Line 1620, E:\Unheard\addons\sourcemod\scripting\c5_pug.sp::EndMatch
L 08/08/2022 - 00:02:43: [SM]   [4] Line 112, c5_pug/captainpickmenus.sp::GivePlayerSelectionMenu
L 08/08/2022 - 00:03:32: Error log file session closed.
L 08/08/2022 - 00:03:32: SourceMod error session started
L 08/08/2022 - 00:03:32: Info (map "de_mirage") (file "/home/csgo/csgo/addons/sourcemod/logs/errors_20220808.log")
L 08/08/2022 - 00:03:32: [SM] Fatal error encountered parsing translation file "movecommands.phrases.txt"
L 08/08/2022 - 00:03:32: [SM] Error (line 0, column 0): Stream failed to open
L 08/08/2022 - 00:04:34: [c5_pug.smx] GOTV demo could not be recorded since tv_enable is not set to 1
L 08/08/2022 - 00:05:23: [SM] Exception reported: Array index out-of-bounds (index 64, limit 55)
L 08/08/2022 - 00:05:23: [SM] Blaming: weapon_restrict.smx
L 08/08/2022 - 00:05:23: [SM] Call stack trace:
L 08/08/2022 - 00:05:23: [SM]   [1] Line 202, restrictinc/events.sp::CS_OnBuyCommand
L 08/08/2022 - 00:20:26: [SM] Exception reported: Array index out-of-bounds (index 64, limit 55)
L 08/08/2022 - 00:20:26: [SM] Blaming: weapon_restrict.smx
L 08/08/2022 - 00:20:26: [SM] Call stack trace:
L 08/08/2022 - 00:20:26: [SM]   [1] Line 202, restrictinc/events.sp::CS_OnBuyCommand
L 08/08/2022 - 00:20:27: [SM] Exception reported: Array index out-of-bounds (index 63, limit 55)
L 08/08/2022 - 00:20:27: [SM] Blaming: weapon_restrict.smx
L 08/08/2022 - 00:20:27: [SM] Call stack trace:
L 08/08/2022 - 00:20:27: [SM]   [1] Line 202, restrictinc/events.sp::CS_OnBuyCommand
L 08/08/2022 - 00:21:51: [SM] Exception reported: Array index out-of-bounds (index 64, limit 55)
L 08/08/2022 - 00:21:51: [SM] Blaming: weapon_restrict.smx
L 08/08/2022 - 00:21:51: [SM] Call stack trace:
L 08/08/2022 - 00:21:51: [SM]   [1] Line 202, restrictinc/events.sp::CS_OnBuyCommand
L 08/08/2022 - 00:24:11: [SM] Exception reported: Array index out-of-bounds (index 64, limit 55)
L 08/08/2022 - 00:24:11: [SM] Blaming: weapon_restrict.smx
L 08/08/2022 - 00:24:11: [SM] Call stack trace:
L 08/08/2022 - 00:24:11: [SM]   [1] Line 202, restrictinc/events.sp::CS_OnBuyCommand
L 08/08/2022 - 00:48:03: Error log file session closed.
L 08/08/2022 - 00:48:03: SourceMod error session started
L 08/08/2022 - 00:48:03: Info (map "de_mirage") (file "/home/csgo/csgo/addons/sourcemod/logs/errors_20220808.log")
L 08/08/2022 - 00:48:03: [SM] Fatal error encountered parsing translation file "movecommands.phrases.txt"
L 08/08/2022 - 00:48:03: [SM] Error (line 0, column 0): Stream failed to open
L 08/08/2022 - 01:28:00: Error log file session closed.
L 08/08/2022 - 01:28:00: SourceMod error session started
L 08/08/2022 - 01:28:00: Info (map "de_mirage") (file "/home/csgo/csgo/addons/sourcemod/logs/errors_20220808.log")
L 08/08/2022 - 01:28:00: [SM] Fatal error encountered parsing translation file "movecommands.phrases.txt"
L 08/08/2022 - 01:28:00: [SM] Error (line 0, column 0): Stream failed to open
L 08/08/2022 - 07:26:00: Error log file session closed.
L 08/08/2022 - 07:26:00: SourceMod error session started
L 08/08/2022 - 07:26:00: Info (map "de_mirage") (file "/home/csgo/csgo/addons/sourcemod/logs/errors_20220808.log")
L 08/08/2022 - 07:26:00: [SM] Fatal error encountered parsing translation file "movecommands.phrases.txt"
L 08/08/2022 - 07:26:00: [SM] Error (line 0, column 0): Stream failed to open
L 08/08/2022 - 07:28:45: [c5_pug.smx] GOTV demo could not be recorded since tv_enable is not set to 1
L 08/08/2022 - 07:40:08: [SM] Exception reported: Array index out-of-bounds (index 63, limit 55)
L 08/08/2022 - 07:40:08: [SM] Blaming: weapon_restrict.smx
L 08/08/2022 - 07:40:08: [SM] Call stack trace:
L 08/08/2022 - 07:40:08: [SM]   [1] Line 202, restrictinc/events.sp::CS_OnBuyCommand
L 08/08/2022 - 07:48:23: [SM] Exception reported: Array index out-of-bounds (index 64, limit 55)
L 08/08/2022 - 07:48:23: [SM] Blaming: weapon_restrict.smx
L 08/08/2022 - 07:48:23: [SM] Call stack trace:
L 08/08/2022 - 07:48:23: [SM]   [1] Line 202, restrictinc/events.sp::CS_OnBuyCommand
L 08/08/2022 - 13:34:38: Error log file session closed.
L 08/08/2022 - 13:34:38: SourceMod error session started
L 08/08/2022 - 13:34:38: Info (map "de_mirage") (file "/home/csgo/csgo/addons/sourcemod/logs/errors_20220808.log")
L 08/08/2022 - 13:34:38: [SM] Fatal error encountered parsing translation file "movecommands.phrases.txt"
L 08/08/2022 - 13:34:38: [SM] Error (line 0, column 0): Stream failed to open
L 08/08/2022 - 13:35:18: [c5_pug.smx] GOTV demo could not be recorded since tv_enable is not set to 1
L 08/08/2022 - 13:36:10: Error log file session closed.
L 08/08/2022 - 13:36:10: SourceMod error session started
L 08/08/2022 - 13:36:10: Info (map "de_overpass") (file "/home/csgo/csgo/addons/sourcemod/logs/errors_20220808.log")
L 08/08/2022 - 13:36:10: [SM] Fatal error encountered parsing translation file "movecommands.phrases.txt"
L 08/08/2022 - 13:36:10: [SM] Error (line 0, column 0): Stream failed to open
L 08/08/2022 - 13:36:49: [c5_pug.smx] GOTV demo could not be recorded since tv_enable is not set to 1
L 08/08/2022 - 13:55:41: Error log file session closed.
L 08/08/2022 - 13:55:41: SourceMod error session started
L 08/08/2022 - 13:55:41: Info (map "de_mirage") (file "/home/csgo/csgo/addons/sourcemod/logs/errors_20220808.log")
L 08/08/2022 - 13:55:41: [SM] Fatal error encountered parsing translation file "movecommands.phrases.txt"
L 08/08/2022 - 13:55:41: [SM] Error (line 0, column 0): Stream failed to open
L 08/08/2022 - 13:59:47: [c5_pug.smx] GOTV demo could not be recorded since tv_enable is not set to 1
L 08/08/2022 - 13:59:55: [SM] Exception reported: Array index out-of-bounds (index 64, limit 55)
L 08/08/2022 - 13:59:55: [SM] Blaming: weapon_restrict.smx
L 08/08/2022 - 13:59:55: [SM] Call stack trace:
L 08/08/2022 - 13:59:55: [SM]   [1] Line 202, restrictinc/events.sp::CS_OnBuyCommand
L 08/08/2022 - 14:02:04: [SM] Exception reported: Array index out-of-bounds (index 64, limit 55)
L 08/08/2022 - 14:02:04: [SM] Blaming: weapon_restrict.smx
L 08/08/2022 - 14:02:04: [SM] Call stack trace:
L 08/08/2022 - 14:02:04: [SM]   [1] Line 202, restrictinc/events.sp::CS_OnBuyCommand
L 08/08/2022 - 14:02:04: [SM] Exception reported: Array index out-of-bounds (index 64, limit 55)
L 08/08/2022 - 14:02:04: [SM] Blaming: weapon_restrict.smx
L 08/08/2022 - 14:02:04: [SM] Call stack trace:
L 08/08/2022 - 14:02:04: [SM]   [1] Line 202, restrictinc/events.sp::CS_OnBuyCommand
L 08/08/2022 - 14:02:06: [SM] Exception reported: Array index out-of-bounds (index 64, limit 55)
L 08/08/2022 - 14:02:06: [SM] Blaming: weapon_restrict.smx
L 08/08/2022 - 14:02:06: [SM] Call stack trace:
L 08/08/2022 - 14:02:06: [SM]   [1] Line 202, restrictinc/events.sp::CS_OnBuyCommand
L 08/08/2022 - 14:02:08: [SM] Exception reported: Array index out-of-bounds (index 64, limit 55)
L 08/08/2022 - 14:02:08: [SM] Blaming: weapon_restrict.smx
L 08/08/2022 - 14:02:08: [SM] Call stack trace:
L 08/08/2022 - 14:02:08: [SM]   [1] Line 202, restrictinc/events.sp::CS_OnBuyCommand
L 08/08/2022 - 14:04:04: [SM] Exception reported: Array index out-of-bounds (index 64, limit 55)
L 08/08/2022 - 14:04:04: [SM] Blaming: weapon_restrict.smx
L 08/08/2022 - 14:04:04: [SM] Call stack trace:
L 08/08/2022 - 14:04:04: [SM]   [1] Line 202, restrictinc/events.sp::CS_OnBuyCommand
L 08/08/2022 - 14:04:06: [SM] Exception reported: Array index out-of-bounds (index 64, limit 55)
L 08/08/2022 - 14:04:06: [SM] Blaming: weapon_restrict.smx
L 08/08/2022 - 14:04:06: [SM] Call stack trace:
L 08/08/2022 - 14:04:06: [SM]   [1] Line 202, restrictinc/events.sp::CS_OnBuyCommand
L 08/08/2022 - 14:14:01: [SM] Exception reported: Array index out-of-bounds (index 64, limit 55)
L 08/08/2022 - 14:14:01: [SM] Blaming: weapon_restrict.smx
L 08/08/2022 - 14:14:01: [SM] Call stack trace:
L 08/08/2022 - 14:14:01: [SM]   [1] Line 202, restrictinc/events.sp::CS_OnBuyCommand
L 08/08/2022 - 14:14:04: [SM] Exception reported: Array index out-of-bounds (index 64, limit 55)
L 08/08/2022 - 14:14:04: [SM] Blaming: weapon_restrict.smx
L 08/08/2022 - 14:14:04: [SM] Call stack trace:
L 08/08/2022 - 14:14:04: [SM]   [1] Line 202, restrictinc/events.sp::CS_OnBuyCommand
L 08/08/2022 - 14:15:48: [SM] Exception reported: Array index out-of-bounds (index 64, limit 55)
L 08/08/2022 - 14:15:48: [SM] Blaming: weapon_restrict.smx
L 08/08/2022 - 14:15:48: [SM] Call stack trace:
L 08/08/2022 - 14:15:48: [SM]   [1] Line 202, restrictinc/events.sp::CS_OnBuyCommand
L 08/08/2022 - 14:18:54: [SM] Exception reported: Array index out-of-bounds (index 64, limit 55)
L 08/08/2022 - 14:18:54: [SM] Blaming: weapon_restrict.smx
L 08/08/2022 - 14:18:54: [SM] Call stack trace:
L 08/08/2022 - 14:18:54: [SM]   [1] Line 202, restrictinc/events.sp::CS_OnBuyCommand
L 08/08/2022 - 14:26:37: [SM] Exception reported: Array index out-of-bounds (index 64, limit 55)
L 08/08/2022 - 14:26:37: [SM] Blaming: weapon_restrict.smx
L 08/08/2022 - 14:26:37: [SM] Call stack trace:
L 08/08/2022 - 14:26:37: [SM]   [1] Line 202, restrictinc/events.sp::CS_OnBuyCommand
L 08/08/2022 - 14:26:44: [SM] Exception reported: Array index out-of-bounds (index 64, limit 55)
L 08/08/2022 - 14:26:44: [SM] Blaming: weapon_restrict.smx
L 08/08/2022 - 14:26:44: [SM] Call stack trace:
L 08/08/2022 - 14:26:44: [SM]   [1] Line 202, restrictinc/events.sp::CS_OnBuyCommand
L 08/08/2022 - 14:26:47: [SM] Exception reported: Array index out-of-bounds (index 64, limit 55)
L 08/08/2022 - 14:26:47: [SM] Blaming: weapon_restrict.smx
L 08/08/2022 - 14:26:47: [SM] Call stack trace:
L 08/08/2022 - 14:26:47: [SM]   [1] Line 202, restrictinc/events.sp::CS_OnBuyCommand
L 08/08/2022 - 14:28:40: [SM] Exception reported: Array index out-of-bounds (index 64, limit 55)
L 08/08/2022 - 14:28:40: [SM] Blaming: weapon_restrict.smx
L 08/08/2022 - 14:28:40: [SM] Call stack trace:
L 08/08/2022 - 14:28:40: [SM]   [1] Line 202, restrictinc/events.sp::CS_OnBuyCommand
L 08/08/2022 - 14:28:45: [SM] Exception reported: Array index out-of-bounds (index 64, limit 55)
L 08/08/2022 - 14:28:45: [SM] Blaming: weapon_restrict.smx
L 08/08/2022 - 14:28:45: [SM] Call stack trace:
L 08/08/2022 - 14:28:45: [SM]   [1] Line 202, restrictinc/events.sp::CS_OnBuyCommand
L 08/08/2022 - 14:30:32: [SM] Exception reported: Array index out-of-bounds (index 64, limit 55)
L 08/08/2022 - 14:30:32: [SM] Blaming: weapon_restrict.smx
L 08/08/2022 - 14:30:32: [SM] Call stack trace:
L 08/08/2022 - 14:30:32: [SM]   [1] Line 202, restrictinc/events.sp::CS_OnBuyCommand
L 08/08/2022 - 14:30:34: [SM] Exception reported: Array index out-of-bounds (index 64, limit 55)
L 08/08/2022 - 14:30:34: [SM] Blaming: weapon_restrict.smx
L 08/08/2022 - 14:30:34: [SM] Call stack trace:
L 08/08/2022 - 14:30:34: [SM]   [1] Line 202, restrictinc/events.sp::CS_OnBuyCommand
L 08/08/2022 - 14:31:57: [SM] Exception reported: Array index out-of-bounds (index 64, limit 55)
L 08/08/2022 - 14:31:57: [SM] Blaming: weapon_restrict.smx
L 08/08/2022 - 14:31:57: [SM] Call stack trace:
L 08/08/2022 - 14:31:57: [SM]   [1] Line 202, restrictinc/events.sp::CS_OnBuyCommand
L 08/08/2022 - 14:34:06: [SM] Exception reported: Array index out-of-bounds (index 64, limit 55)
L 08/08/2022 - 14:34:06: [SM] Blaming: weapon_restrict.smx
L 08/08/2022 - 14:34:06: [SM] Call stack trace:
L 08/08/2022 - 14:34:06: [SM]   [1] Line 202, restrictinc/events.sp::CS_OnBuyCommand
L 08/08/2022 - 14:34:21: [SM] Exception reported: Array index out-of-bounds (index 64, limit 55)
L 08/08/2022 - 14:34:21: [SM] Blaming: weapon_restrict.smx
L 08/08/2022 - 14:34:21: [SM] Call stack trace:
L 08/08/2022 - 14:34:21: [SM]   [1] Line 202, restrictinc/events.sp::CS_OnBuyCommand
L 08/08/2022 - 14:36:37: [SM] Exception reported: Array index out-of-bounds (index 64, limit 55)
L 08/08/2022 - 14:36:37: [SM] Blaming: weapon_restrict.smx
L 08/08/2022 - 14:36:37: [SM] Call stack trace:
L 08/08/2022 - 14:36:37: [SM]   [1] Line 202, restrictinc/events.sp::CS_OnBuyCommand
L 08/08/2022 - 14:37:39: Error log file session closed.
L 08/08/2022 - 14:37:39: SourceMod error session started
L 08/08/2022 - 14:37:39: Info (map "de_inferno") (file "/home/csgo/csgo/addons/sourcemod/logs/errors_20220808.log")
L 08/08/2022 - 14:37:39: [SM] Fatal error encountered parsing translation file "movecommands.phrases.txt"
L 08/08/2022 - 14:37:39: [SM] Error (line 0, column 0): Stream failed to open
L 08/08/2022 - 14:39:48: [SM] Exception reported: Array index out-of-bounds (index 64, limit 55)
L 08/08/2022 - 14:39:48: [SM] Blaming: weapon_restrict.smx
L 08/08/2022 - 14:39:48: [SM] Call stack trace:
L 08/08/2022 - 14:39:48: [SM]   [1] Line 202, restrictinc/events.sp::CS_OnBuyCommand
L 08/08/2022 - 14:40:12: [SM] Exception reported: Array index out-of-bounds (index 64, limit 55)
L 08/08/2022 - 14:40:12: [SM] Blaming: weapon_restrict.smx
L 08/08/2022 - 14:40:12: [SM] Call stack trace:
L 08/08/2022 - 14:40:12: [SM]   [1] Line 202, restrictinc/events.sp::CS_OnBuyCommand
L 08/08/2022 - 14:40:39: [c5_pug.smx] GOTV demo could not be recorded since tv_enable is not set to 1
L 08/08/2022 - 14:42:47: [SM] Exception reported: Array index out-of-bounds (index 64, limit 55)
L 08/08/2022 - 14:42:47: [SM] Blaming: weapon_restrict.smx
L 08/08/2022 - 14:42:47: [SM] Call stack trace:
L 08/08/2022 - 14:42:47: [SM]   [1] Line 202, restrictinc/events.sp::CS_OnBuyCommand
L 08/08/2022 - 14:42:51: [SM] Exception reported: Array index out-of-bounds (index 64, limit 55)
L 08/08/2022 - 14:42:51: [SM] Blaming: weapon_restrict.smx
L 08/08/2022 - 14:42:51: [SM] Call stack trace:
L 08/08/2022 - 14:42:51: [SM]   [1] Line 202, restrictinc/events.sp::CS_OnBuyCommand
L 08/08/2022 - 14:42:53: [SM] Exception reported: Array index out-of-bounds (index 64, limit 55)
L 08/08/2022 - 14:42:53: [SM] Blaming: weapon_restrict.smx
L 08/08/2022 - 14:42:53: [SM] Call stack trace:
L 08/08/2022 - 14:42:53: [SM]   [1] Line 202, restrictinc/events.sp::CS_OnBuyCommand
L 08/08/2022 - 14:42:54: [SM] Exception reported: Array index out-of-bounds (index 64, limit 55)
L 08/08/2022 - 14:42:54: [SM] Blaming: weapon_restrict.smx
L 08/08/2022 - 14:42:54: [SM] Call stack trace:
L 08/08/2022 - 14:42:54: [SM]   [1] Line 202, restrictinc/events.sp::CS_OnBuyCommand
L 08/08/2022 - 14:42:55: [SM] Exception reported: Array index out-of-bounds (index 64, limit 55)
L 08/08/2022 - 14:42:55: [SM] Blaming: weapon_restrict.smx
L 08/08/2022 - 14:42:55: [SM] Call stack trace:
L 08/08/2022 - 14:42:55: [SM]   [1] Line 202, restrictinc/events.sp::CS_OnBuyCommand
L 08/08/2022 - 14:42:57: [SM] Exception reported: Array index out-of-bounds (index 64, limit 55)
L 08/08/2022 - 14:42:57: [SM] Blaming: weapon_restrict.smx
L 08/08/2022 - 14:42:57: [SM] Call stack trace:
L 08/08/2022 - 14:42:57: [SM]   [1] Line 202, restrictinc/events.sp::CS_OnBuyCommand
L 08/08/2022 - 14:42:59: [SM] Exception reported: Array index out-of-bounds (index 64, limit 55)
L 08/08/2022 - 14:42:59: [SM] Blaming: weapon_restrict.smx
L 08/08/2022 - 14:42:59: [SM] Call stack trace:
L 08/08/2022 - 14:42:59: [SM]   [1] Line 202, restrictinc/events.sp::CS_OnBuyCommand
L 08/08/2022 - 14:44:12: [SM] Exception reported: Array index out-of-bounds (index 64, limit 55)
L 08/08/2022 - 14:44:12: [SM] Blaming: weapon_restrict.smx
L 08/08/2022 - 14:44:12: [SM] Call stack trace:
L 08/08/2022 - 14:44:12: [SM]   [1] Line 202, restrictinc/events.sp::CS_OnBuyCommand
L 08/08/2022 - 14:45:49: [SM] Exception reported: Array index out-of-bounds (index 64, limit 55)
L 08/08/2022 - 14:45:49: [SM] Blaming: weapon_restrict.smx
L 08/08/2022 - 14:45:49: [SM] Call stack trace:
L 08/08/2022 - 14:45:49: [SM]   [1] Line 202, restrictinc/events.sp::CS_OnBuyCommand
L 08/08/2022 - 14:45:57: [SM] Exception reported: Array index out-of-bounds (index 64, limit 55)
L 08/08/2022 - 14:45:57: [SM] Blaming: weapon_restrict.smx
L 08/08/2022 - 14:45:57: [SM] Call stack trace:
L 08/08/2022 - 14:45:57: [SM]   [1] Line 202, restrictinc/events.sp::CS_OnBuyCommand
L 08/08/2022 - 14:45:57: [SM] Exception reported: Array index out-of-bounds (index 64, limit 55)
L 08/08/2022 - 14:45:57: [SM] Blaming: weapon_restrict.smx
L 08/08/2022 - 14:45:57: [SM] Call stack trace:
L 08/08/2022 - 14:45:57: [SM]   [1] Line 202, restrictinc/events.sp::CS_OnBuyCommand
L 08/08/2022 - 14:47:45: [SM] Exception reported: Array index out-of-bounds (index 64, limit 55)
L 08/08/2022 - 14:47:45: [SM] Blaming: weapon_restrict.smx
L 08/08/2022 - 14:47:45: [SM] Call stack trace:
L 08/08/2022 - 14:47:45: [SM]   [1] Line 202, restrictinc/events.sp::CS_OnBuyCommand
L 08/08/2022 - 14:49:09: [SM] Exception reported: Array index out-of-bounds (index 64, limit 55)
L 08/08/2022 - 14:49:09: [SM] Blaming: weapon_restrict.smx
L 08/08/2022 - 14:49:09: [SM] Call stack trace:
L 08/08/2022 - 14:49:09: [SM]   [1] Line 202, restrictinc/events.sp::CS_OnBuyCommand
L 08/08/2022 - 14:55:14: [SM] Exception reported: Array index out-of-bounds (index 64, limit 55)
L 08/08/2022 - 14:55:14: [SM] Blaming: weapon_restrict.smx
L 08/08/2022 - 14:55:14: [SM] Call stack trace:
L 08/08/2022 - 14:55:14: [SM]   [1] Line 202, restrictinc/events.sp::CS_OnBuyCommand
L 08/08/2022 - 14:56:33: [SM] Exception reported: Array index out-of-bounds (index 64, limit 55)
L 08/08/2022 - 14:56:33: [SM] Blaming: weapon_restrict.smx
L 08/08/2022 - 14:56:33: [SM] Call stack trace:
L 08/08/2022 - 14:56:33: [SM]   [1] Line 202, restrictinc/events.sp::CS_OnBuyCommand
L 08/08/2022 - 14:58:54: [SM] Exception reported: Array index out-of-bounds (index 64, limit 55)
L 08/08/2022 - 14:58:54: [SM] Blaming: weapon_restrict.smx
L 08/08/2022 - 14:58:54: [SM] Call stack trace:
L 08/08/2022 - 14:58:54: [SM]   [1] Line 202, restrictinc/events.sp::CS_OnBuyCommand
L 08/08/2022 - 15:04:03: [SM] Exception reported: Array index out-of-bounds (index 64, limit 55)
L 08/08/2022 - 15:04:03: [SM] Blaming: weapon_restrict.smx
L 08/08/2022 - 15:04:03: [SM] Call stack trace:
L 08/08/2022 - 15:04:03: [SM]   [1] Line 202, restrictinc/events.sp::CS_OnBuyCommand
L 08/08/2022 - 15:04:05: [SM] Exception reported: Array index out-of-bounds (index 64, limit 55)
L 08/08/2022 - 15:04:05: [SM] Blaming: weapon_restrict.smx
L 08/08/2022 - 15:04:05: [SM] Call stack trace:
L 08/08/2022 - 15:04:05: [SM]   [1] Line 202, restrictinc/events.sp::CS_OnBuyCommand
L 08/08/2022 - 15:04:06: [SM] Exception reported: Array index out-of-bounds (index 64, limit 55)
L 08/08/2022 - 15:04:06: [SM] Blaming: weapon_restrict.smx
L 08/08/2022 - 15:04:06: [SM] Call stack trace:
L 08/08/2022 - 15:04:06: [SM]   [1] Line 202, restrictinc/events.sp::CS_OnBuyCommand
L 08/08/2022 - 15:04:11: [SM] Exception reported: Array index out-of-bounds (index 64, limit 55)
L 08/08/2022 - 15:04:11: [SM] Blaming: weapon_restrict.smx
L 08/08/2022 - 15:04:11: [SM] Call stack trace:
L 08/08/2022 - 15:04:11: [SM]   [1] Line 202, restrictinc/events.sp::CS_OnBuyCommand
L 08/08/2022 - 15:04:17: [SM] Exception reported: Array index out-of-bounds (index 64, limit 55)
L 08/08/2022 - 15:04:17: [SM] Blaming: weapon_restrict.smx
L 08/08/2022 - 15:04:17: [SM] Call stack trace:
L 08/08/2022 - 15:04:17: [SM]   [1] Line 202, restrictinc/events.sp::CS_OnBuyCommand
L 08/08/2022 - 15:05:22: [SM] Exception reported: Array index out-of-bounds (index 64, limit 55)
L 08/08/2022 - 15:05:22: [SM] Blaming: weapon_restrict.smx
L 08/08/2022 - 15:05:22: [SM] Call stack trace:
L 08/08/2022 - 15:05:22: [SM]   [1] Line 202, restrictinc/events.sp::CS_OnBuyCommand
L 08/08/2022 - 15:05:43: [SM] Exception reported: Array index out-of-bounds (index 64, limit 55)
L 08/08/2022 - 15:05:43: [SM] Blaming: weapon_restrict.smx
L 08/08/2022 - 15:05:43: [SM] Call stack trace:
L 08/08/2022 - 15:05:43: [SM]   [1] Line 202, restrictinc/events.sp::CS_OnBuyCommand
L 08/08/2022 - 15:06:29: [SM] Exception reported: Array index out-of-bounds (index 64, limit 55)
L 08/08/2022 - 15:06:29: [SM] Blaming: weapon_restrict.smx
L 08/08/2022 - 15:06:29: [SM] Call stack trace:
L 08/08/2022 - 15:06:29: [SM]   [1] Line 202, restrictinc/events.sp::CS_OnBuyCommand
L 08/08/2022 - 15:12:23: [SM] Exception reported: Array index out-of-bounds (index 64, limit 55)
L 08/08/2022 - 15:12:23: [SM] Blaming: weapon_restrict.smx
L 08/08/2022 - 15:12:23: [SM] Call stack trace:
L 08/08/2022 - 15:12:23: [SM]   [1] Line 202, restrictinc/events.sp::CS_OnBuyCommand
L 08/08/2022 - 15:13:38: Error log file session closed.
L 08/08/2022 - 15:13:38: SourceMod error session started
L 08/08/2022 - 15:13:38: Info (map "de_mirage") (file "/home/csgo/csgo/addons/sourcemod/logs/errors_20220808.log")
L 08/08/2022 - 15:13:38: [SM] Fatal error encountered parsing translation file "movecommands.phrases.txt"
L 08/08/2022 - 15:13:38: [SM] Error (line 0, column 0): Stream failed to open
L 08/08/2022 - 15:16:13: [SM] Exception reported: Array index out-of-bounds (index 64, limit 55)
L 08/08/2022 - 15:16:13: [SM] Blaming: weapon_restrict.smx
L 08/08/2022 - 15:16:13: [SM] Call stack trace:
L 08/08/2022 - 15:16:13: [SM]   [1] Line 202, restrictinc/events.sp::CS_OnBuyCommand
L 08/08/2022 - 15:16:34: [SM] Exception reported: Array index out-of-bounds (index 64, limit 55)
L 08/08/2022 - 15:16:34: [SM] Blaming: weapon_restrict.smx
L 08/08/2022 - 15:16:34: [SM] Call stack trace:
L 08/08/2022 - 15:16:34: [SM]   [1] Line 202, restrictinc/events.sp::CS_OnBuyCommand
L 08/08/2022 - 15:16:36: [SM] Exception reported: Array index out-of-bounds (index 64, limit 55)
L 08/08/2022 - 15:16:36: [SM] Blaming: weapon_restrict.smx
L 08/08/2022 - 15:16:36: [SM] Call stack trace:
L 08/08/2022 - 15:16:36: [SM]   [1] Line 202, restrictinc/events.sp::CS_OnBuyCommand
L 08/08/2022 - 15:16:50: [SM] Exception reported: Array index out-of-bounds (index 64, limit 55)
L 08/08/2022 - 15:16:50: [SM] Blaming: weapon_restrict.smx
L 08/08/2022 - 15:16:50: [SM] Call stack trace:
L 08/08/2022 - 15:16:50: [SM]   [1] Line 202, restrictinc/events.sp::CS_OnBuyCommand
L 08/08/2022 - 15:17:00: [SM] Exception reported: Array index out-of-bounds (index 64, limit 55)
L 08/08/2022 - 15:17:00: [SM] Blaming: weapon_restrict.smx
L 08/08/2022 - 15:17:00: [SM] Call stack trace:
L 08/08/2022 - 15:17:00: [SM]   [1] Line 202, restrictinc/events.sp::CS_OnBuyCommand
L 08/08/2022 - 15:17:06: [SM] Exception reported: Array index out-of-bounds (index 64, limit 55)
L 08/08/2022 - 15:17:06: [SM] Blaming: weapon_restrict.smx
L 08/08/2022 - 15:17:06: [SM] Call stack trace:
L 08/08/2022 - 15:17:06: [SM]   [1] Line 202, restrictinc/events.sp::CS_OnBuyCommand
L 08/08/2022 - 15:17:26: [SM] Exception reported: Array index out-of-bounds (index 64, limit 55)
L 08/08/2022 - 15:17:26: [SM] Blaming: weapon_restrict.smx
L 08/08/2022 - 15:17:26: [SM] Call stack trace:
L 08/08/2022 - 15:17:26: [SM]   [1] Line 202, restrictinc/events.sp::CS_OnBuyCommand
L 08/08/2022 - 15:17:35: [SM] Exception reported: Array index out-of-bounds (index 64, limit 55)
L 08/08/2022 - 15:17:35: [SM] Blaming: weapon_restrict.smx
L 08/08/2022 - 15:17:35: [SM] Call stack trace:
L 08/08/2022 - 15:17:35: [SM]   [1] Line 202, restrictinc/events.sp::CS_OnBuyCommand
L 08/08/2022 - 15:17:46: [SM] Exception reported: Array index out-of-bounds (index 64, limit 55)
L 08/08/2022 - 15:17:46: [SM] Blaming: weapon_restrict.smx
L 08/08/2022 - 15:17:46: [SM] Call stack trace:
L 08/08/2022 - 15:17:46: [SM]   [1] Line 202, restrictinc/events.sp::CS_OnBuyCommand
L 08/08/2022 - 15:17:49: [SM] Exception reported: Array index out-of-bounds (index 64, limit 55)
L 08/08/2022 - 15:17:49: [SM] Blaming: weapon_restrict.smx
L 08/08/2022 - 15:17:49: [SM] Call stack trace:
L 08/08/2022 - 15:17:49: [SM]   [1] Line 202, restrictinc/events.sp::CS_OnBuyCommand
L 08/08/2022 - 15:17:53: [SM] Exception reported: Array index out-of-bounds (index 64, limit 55)
L 08/08/2022 - 15:17:53: [SM] Blaming: weapon_restrict.smx
L 08/08/2022 - 15:17:53: [SM] Call stack trace:
L 08/08/2022 - 15:17:53: [SM]   [1] Line 202, restrictinc/events.sp::CS_OnBuyCommand
L 08/08/2022 - 15:18:02: [SM] Exception reported: Array index out-of-bounds (index 64, limit 55)
L 08/08/2022 - 15:18:02: [SM] Blaming: weapon_restrict.smx
L 08/08/2022 - 15:18:02: [SM] Call stack trace:
L 08/08/2022 - 15:18:02: [SM]   [1] Line 202, restrictinc/events.sp::CS_OnBuyCommand
L 08/08/2022 - 15:18:05: [SM] Exception reported: Array index out-of-bounds (index 64, limit 55)
L 08/08/2022 - 15:18:05: [SM] Blaming: weapon_restrict.smx
L 08/08/2022 - 15:18:05: [SM] Call stack trace:
L 08/08/2022 - 15:18:05: [SM]   [1] Line 202, restrictinc/events.sp::CS_OnBuyCommand
L 08/08/2022 - 15:18:12: [SM] Exception reported: Array index out-of-bounds (index 64, limit 55)
L 08/08/2022 - 15:18:12: [SM] Blaming: weapon_restrict.smx
L 08/08/2022 - 15:18:12: [SM] Call stack trace:
L 08/08/2022 - 15:18:12: [SM]   [1] Line 202, restrictinc/events.sp::CS_OnBuyCommand
L 08/08/2022 - 15:18:18: [SM] Exception reported: Array index out-of-bounds (index 64, limit 55)
L 08/08/2022 - 15:18:18: [SM] Blaming: weapon_restrict.smx
L 08/08/2022 - 15:18:18: [SM] Call stack trace:
L 08/08/2022 - 15:18:18: [SM]   [1] Line 202, restrictinc/events.sp::CS_OnBuyCommand
L 08/08/2022 - 15:18:21: [SM] Exception reported: Array index out-of-bounds (index 64, limit 55)
L 08/08/2022 - 15:18:21: [SM] Blaming: weapon_restrict.smx
L 08/08/2022 - 15:18:21: [SM] Call stack trace:
L 08/08/2022 - 15:18:21: [SM]   [1] Line 202, restrictinc/events.sp::CS_OnBuyCommand
L 08/08/2022 - 15:18:21: [SM] Exception reported: Array index out-of-bounds (index 64, limit 55)
L 08/08/2022 - 15:18:21: [SM] Blaming: weapon_restrict.smx
L 08/08/2022 - 15:18:21: [SM] Call stack trace:
L 08/08/2022 - 15:18:21: [SM]   [1] Line 202, restrictinc/events.sp::CS_OnBuyCommand
L 08/08/2022 - 15:18:25: [SM] Exception reported: Array index out-of-bounds (index 64, limit 55)
L 08/08/2022 - 15:18:25: [SM] Blaming: weapon_restrict.smx
L 08/08/2022 - 15:18:25: [SM] Call stack trace:
L 08/08/2022 - 15:18:25: [SM]   [1] Line 202, restrictinc/events.sp::CS_OnBuyCommand
L 08/08/2022 - 15:18:30: [SM] Exception reported: Array index out-of-bounds (index 64, limit 55)
L 08/08/2022 - 15:18:30: [SM] Blaming: weapon_restrict.smx
L 08/08/2022 - 15:18:30: [SM] Call stack trace:
L 08/08/2022 - 15:18:30: [SM]   [1] Line 202, restrictinc/events.sp::CS_OnBuyCommand
L 08/08/2022 - 15:18:30: [SM] Exception reported: Array index out-of-bounds (index 64, limit 55)
L 08/08/2022 - 15:18:30: [SM] Blaming: weapon_restrict.smx
L 08/08/2022 - 15:18:30: [SM] Call stack trace:
L 08/08/2022 - 15:18:30: [SM]   [1] Line 202, restrictinc/events.sp::CS_OnBuyCommand
L 08/08/2022 - 15:18:32: [SM] Exception reported: Array index out-of-bounds (index 64, limit 55)
L 08/08/2022 - 15:18:32: [SM] Blaming: weapon_restrict.smx
L 08/08/2022 - 15:18:32: [SM] Call stack trace:
L 08/08/2022 - 15:18:32: [SM]   [1] Line 202, restrictinc/events.sp::CS_OnBuyCommand
L 08/08/2022 - 15:18:40: [SM] Exception reported: Array index out-of-bounds (index 64, limit 55)
L 08/08/2022 - 15:18:40: [SM] Blaming: weapon_restrict.smx
L 08/08/2022 - 15:18:40: [SM] Call stack trace:
L 08/08/2022 - 15:18:40: [SM]   [1] Line 202, restrictinc/events.sp::CS_OnBuyCommand
L 08/08/2022 - 15:18:43: [SM] Exception reported: Array index out-of-bounds (index 64, limit 55)
L 08/08/2022 - 15:18:43: [SM] Blaming: weapon_restrict.smx
L 08/08/2022 - 15:18:43: [SM] Call stack trace:
L 08/08/2022 - 15:18:43: [SM]   [1] Line 202, restrictinc/events.sp::CS_OnBuyCommand
L 08/08/2022 - 15:18:43: [SM] Exception reported: Array index out-of-bounds (index 64, limit 55)
L 08/08/2022 - 15:18:43: [SM] Blaming: weapon_restrict.smx
L 08/08/2022 - 15:18:43: [SM] Call stack trace:
L 08/08/2022 - 15:18:43: [SM]   [1] Line 202, restrictinc/events.sp::CS_OnBuyCommand
L 08/08/2022 - 15:18:49: [SM] Exception reported: Array index out-of-bounds (index 64, limit 55)
L 08/08/2022 - 15:18:49: [SM] Blaming: weapon_restrict.smx
L 08/08/2022 - 15:18:49: [SM] Call stack trace:
L 08/08/2022 - 15:18:49: [SM]   [1] Line 202, restrictinc/events.sp::CS_OnBuyCommand
L 08/08/2022 - 15:18:53: [SM] Exception reported: Array index out-of-bounds (index 64, limit 55)
L 08/08/2022 - 15:18:53: [SM] Blaming: weapon_restrict.smx
L 08/08/2022 - 15:18:53: [SM] Call stack trace:
L 08/08/2022 - 15:18:53: [SM]   [1] Line 202, restrictinc/events.sp::CS_OnBuyCommand
L 08/08/2022 - 15:18:55: [SM] Exception reported: Array index out-of-bounds (index 64, limit 55)
L 08/08/2022 - 15:18:55: [SM] Blaming: weapon_restrict.smx
L 08/08/2022 - 15:18:55: [SM] Call stack trace:
L 08/08/2022 - 15:18:55: [SM]   [1] Line 202, restrictinc/events.sp::CS_OnBuyCommand
L 08/08/2022 - 15:18:55: [SM] Exception reported: Array index out-of-bounds (index 64, limit 55)
L 08/08/2022 - 15:18:55: [SM] Blaming: weapon_restrict.smx
L 08/08/2022 - 15:18:55: [SM] Call stack trace:
L 08/08/2022 - 15:18:55: [SM]   [1] Line 202, restrictinc/events.sp::CS_OnBuyCommand
L 08/08/2022 - 15:19:03: [SM] Exception reported: Array index out-of-bounds (index 64, limit 55)
L 08/08/2022 - 15:19:03: [SM] Blaming: weapon_restrict.smx
L 08/08/2022 - 15:19:03: [SM] Call stack trace:
L 08/08/2022 - 15:19:03: [SM]   [1] Line 202, restrictinc/events.sp::CS_OnBuyCommand
L 08/08/2022 - 15:19:04: [SM] Exception reported: Array index out-of-bounds (index 64, limit 55)
L 08/08/2022 - 15:19:04: [SM] Blaming: weapon_restrict.smx
L 08/08/2022 - 15:19:04: [SM] Call stack trace:
L 08/08/2022 - 15:19:04: [SM]   [1] Line 202, restrictinc/events.sp::CS_OnBuyCommand
L 08/08/2022 - 15:19:04: [SM] Exception reported: Array index out-of-bounds (index 64, limit 55)
L 08/08/2022 - 15:19:04: [SM] Blaming: weapon_restrict.smx
L 08/08/2022 - 15:19:04: [SM] Call stack trace:
L 08/08/2022 - 15:19:04: [SM]   [1] Line 202, restrictinc/events.sp::CS_OnBuyCommand
L 08/08/2022 - 15:19:11: [SM] Exception reported: Array index out-of-bounds (index 64, limit 55)
L 08/08/2022 - 15:19:11: [SM] Blaming: weapon_restrict.smx
L 08/08/2022 - 15:19:11: [SM] Call stack trace:
L 08/08/2022 - 15:19:11: [SM]   [1] Line 202, restrictinc/events.sp::CS_OnBuyCommand
L 08/08/2022 - 15:19:12: [SM] Exception reported: Array index out-of-bounds (index 64, limit 55)
L 08/08/2022 - 15:19:12: [SM] Blaming: weapon_restrict.smx
L 08/08/2022 - 15:19:12: [SM] Call stack trace:
L 08/08/2022 - 15:19:12: [SM]   [1] Line 202, restrictinc/events.sp::CS_OnBuyCommand
L 08/08/2022 - 15:19:13: [SM] Exception reported: Array index out-of-bounds (index 64, limit 55)
L 08/08/2022 - 15:19:13: [SM] Blaming: weapon_restrict.smx
L 08/08/2022 - 15:19:13: [SM] Call stack trace:
L 08/08/2022 - 15:19:13: [SM]   [1] Line 202, restrictinc/events.sp::CS_OnBuyCommand
L 08/08/2022 - 15:19:22: [SM] Exception reported: Array index out-of-bounds (index 64, limit 55)
L 08/08/2022 - 15:19:22: [SM] Blaming: weapon_restrict.smx
L 08/08/2022 - 15:19:22: [SM] Call stack trace:
L 08/08/2022 - 15:19:22: [SM]   [1] Line 202, restrictinc/events.sp::CS_OnBuyCommand
L 08/08/2022 - 15:19:26: [SM] Exception reported: Array index out-of-bounds (index 64, limit 55)
L 08/08/2022 - 15:19:26: [SM] Blaming: weapon_restrict.smx
L 08/08/2022 - 15:19:26: [SM] Call stack trace:
L 08/08/2022 - 15:19:26: [SM]   [1] Line 202, restrictinc/events.sp::CS_OnBuyCommand
L 08/08/2022 - 15:19:27: [SM] Exception reported: Array index out-of-bounds (index 64, limit 55)
L 08/08/2022 - 15:19:27: [SM] Blaming: weapon_restrict.smx
L 08/08/2022 - 15:19:27: [SM] Call stack trace:
L 08/08/2022 - 15:19:27: [SM]   [1] Line 202, restrictinc/events.sp::CS_OnBuyCommand
L 08/08/2022 - 15:19:36: [SM] Exception reported: Array index out-of-bounds (index 64, limit 55)
L 08/08/2022 - 15:19:36: [SM] Blaming: weapon_restrict.smx
L 08/08/2022 - 15:19:36: [SM] Call stack trace:
L 08/08/2022 - 15:19:36: [SM]   [1] Line 202, restrictinc/events.sp::CS_OnBuyCommand
L 08/08/2022 - 15:19:36: [SM] Exception reported: Array index out-of-bounds (index 64, limit 55)
L 08/08/2022 - 15:19:36: [SM] Blaming: weapon_restrict.smx
L 08/08/2022 - 15:19:36: [SM] Call stack trace:
L 08/08/2022 - 15:19:36: [SM]   [1] Line 202, restrictinc/events.sp::CS_OnBuyCommand
L 08/08/2022 - 15:19:38: [SM] Exception reported: Array index out-of-bounds (index 64, limit 55)
L 08/08/2022 - 15:19:38: [SM] Blaming: weapon_restrict.smx
L 08/08/2022 - 15:19:38: [SM] Call stack trace:
L 08/08/2022 - 15:19:38: [SM]   [1] Line 202, restrictinc/events.sp::CS_OnBuyCommand
L 08/08/2022 - 15:19:44: [SM] Exception reported: Array index out-of-bounds (index 64, limit 55)
L 08/08/2022 - 15:19:44: [SM] Blaming: weapon_restrict.smx
L 08/08/2022 - 15:19:44: [SM] Call stack trace:
L 08/08/2022 - 15:19:44: [SM]   [1] Line 202, restrictinc/events.sp::CS_OnBuyCommand
L 08/08/2022 - 15:19:49: [SM] Exception reported: Array index out-of-bounds (index 64, limit 55)
L 08/08/2022 - 15:19:49: [SM] Blaming: weapon_restrict.smx
L 08/08/2022 - 15:19:49: [SM] Call stack trace:
L 08/08/2022 - 15:19:49: [SM]   [1] Line 202, restrictinc/events.sp::CS_OnBuyCommand
L 08/08/2022 - 15:19:58: [SM] Exception reported: Array index out-of-bounds (index 64, limit 55)
L 08/08/2022 - 15:19:58: [SM] Blaming: weapon_restrict.smx
L 08/08/2022 - 15:19:58: [SM] Call stack trace:
L 08/08/2022 - 15:19:58: [SM]   [1] Line 202, restrictinc/events.sp::CS_OnBuyCommand
L 08/08/2022 - 15:20:09: [SM] Exception reported: Array index out-of-bounds (index 64, limit 55)
L 08/08/2022 - 15:20:09: [SM] Blaming: weapon_restrict.smx
L 08/08/2022 - 15:20:09: [SM] Call stack trace:
L 08/08/2022 - 15:20:09: [SM]   [1] Line 202, restrictinc/events.sp::CS_OnBuyCommand
L 08/08/2022 - 15:20:15: [SM] Exception reported: Array index out-of-bounds (index 64, limit 55)
L 08/08/2022 - 15:20:15: [SM] Blaming: weapon_restrict.smx
L 08/08/2022 - 15:20:15: [SM] Call stack trace:
L 08/08/2022 - 15:20:15: [SM]   [1] Line 202, restrictinc/events.sp::CS_OnBuyCommand
L 08/08/2022 - 15:20:18: [SM] Exception reported: Array index out-of-bounds (index 64, limit 55)
L 08/08/2022 - 15:20:18: [SM] Blaming: weapon_restrict.smx
L 08/08/2022 - 15:20:18: [SM] Call stack trace:
L 08/08/2022 - 15:20:18: [SM]   [1] Line 202, restrictinc/events.sp::CS_OnBuyCommand
L 08/08/2022 - 15:20:30: [SM] Exception reported: Array index out-of-bounds (index 64, limit 55)
L 08/08/2022 - 15:20:30: [SM] Blaming: weapon_restrict.smx
L 08/08/2022 - 15:20:30: [SM] Call stack trace:
L 08/08/2022 - 15:20:30: [SM]   [1] Line 202, restrictinc/events.sp::CS_OnBuyCommand
L 08/08/2022 - 15:20:33: [SM] Exception reported: Array index out-of-bounds (index 64, limit 55)
L 08/08/2022 - 15:20:33: [SM] Blaming: weapon_restrict.smx
L 08/08/2022 - 15:20:33: [SM] Call stack trace:
L 08/08/2022 - 15:20:33: [SM]   [1] Line 202, restrictinc/events.sp::CS_OnBuyCommand
L 08/08/2022 - 15:20:51: [SM] Exception reported: Array index out-of-bounds (index 64, limit 55)
L 08/08/2022 - 15:20:51: [SM] Blaming: weapon_restrict.smx
L 08/08/2022 - 15:20:51: [SM] Call stack trace:
L 08/08/2022 - 15:20:51: [SM]   [1] Line 202, restrictinc/events.sp::CS_OnBuyCommand
L 08/08/2022 - 15:20:56: [SM] Exception reported: Array index out-of-bounds (index 64, limit 55)
L 08/08/2022 - 15:20:56: [SM] Blaming: weapon_restrict.smx
L 08/08/2022 - 15:20:56: [SM] Call stack trace:
L 08/08/2022 - 15:20:56: [SM]   [1] Line 202, restrictinc/events.sp::CS_OnBuyCommand
L 08/08/2022 - 15:20:56: [SM] Exception reported: Array index out-of-bounds (index 64, limit 55)
L 08/08/2022 - 15:20:56: [SM] Blaming: weapon_restrict.smx
L 08/08/2022 - 15:20:56: [SM] Call stack trace:
L 08/08/2022 - 15:20:56: [SM]   [1] Line 202, restrictinc/events.sp::CS_OnBuyCommand
L 08/08/2022 - 15:21:07: [SM] Exception reported: Array index out-of-bounds (index 64, limit 55)
L 08/08/2022 - 15:21:07: [SM] Blaming: weapon_restrict.smx
L 08/08/2022 - 15:21:07: [SM] Call stack trace:
L 08/08/2022 - 15:21:07: [SM]   [1] Line 202, restrictinc/events.sp::CS_OnBuyCommand
L 08/08/2022 - 15:21:14: [SM] Exception reported: Array index out-of-bounds (index 64, limit 55)
L 08/08/2022 - 15:21:14: [SM] Blaming: weapon_restrict.smx
L 08/08/2022 - 15:21:14: [SM] Call stack trace:
L 08/08/2022 - 15:21:14: [SM]   [1] Line 202, restrictinc/events.sp::CS_OnBuyCommand
L 08/08/2022 - 15:21:20: [SM] Exception reported: Array index out-of-bounds (index 64, limit 55)
L 08/08/2022 - 15:21:20: [SM] Blaming: weapon_restrict.smx
L 08/08/2022 - 15:21:20: [SM] Call stack trace:
L 08/08/2022 - 15:21:20: [SM]   [1] Line 202, restrictinc/events.sp::CS_OnBuyCommand
L 08/08/2022 - 15:21:21: [SM] Exception reported: Array index out-of-bounds (index 64, limit 55)
L 08/08/2022 - 15:21:21: [SM] Blaming: weapon_restrict.smx
L 08/08/2022 - 15:21:21: [SM] Call stack trace:
L 08/08/2022 - 15:21:21: [SM]   [1] Line 202, restrictinc/events.sp::CS_OnBuyCommand
L 08/08/2022 - 15:21:34: [SM] Exception reported: Array index out-of-bounds (index 64, limit 55)
L 08/08/2022 - 15:21:34: [SM] Blaming: weapon_restrict.smx
L 08/08/2022 - 15:21:34: [SM] Call stack trace:
L 08/08/2022 - 15:21:34: [SM]   [1] Line 202, restrictinc/events.sp::CS_OnBuyCommand
L 08/08/2022 - 15:21:34: [SM] Exception reported: Array index out-of-bounds (index 64, limit 55)
L 08/08/2022 - 15:21:34: [SM] Blaming: weapon_restrict.smx
L 08/08/2022 - 15:21:34: [SM] Call stack trace:
L 08/08/2022 - 15:21:34: [SM]   [1] Line 202, restrictinc/events.sp::CS_OnBuyCommand
L 08/08/2022 - 15:21:48: [SM] Exception reported: Array index out-of-bounds (index 64, limit 55)
L 08/08/2022 - 15:21:48: [SM] Blaming: weapon_restrict.smx
L 08/08/2022 - 15:21:48: [SM] Call stack trace:
L 08/08/2022 - 15:21:48: [SM]   [1] Line 202, restrictinc/events.sp::CS_OnBuyCommand
L 08/08/2022 - 15:22:02: [SM] Exception reported: Array index out-of-bounds (index 64, limit 55)
L 08/08/2022 - 15:22:02: [SM] Blaming: weapon_restrict.smx
L 08/08/2022 - 15:22:02: [SM] Call stack trace:
L 08/08/2022 - 15:22:02: [SM]   [1] Line 202, restrictinc/events.sp::CS_OnBuyCommand
L 08/08/2022 - 15:22:08: [SM] Exception reported: Array index out-of-bounds (index 64, limit 55)
L 08/08/2022 - 15:22:08: [SM] Blaming: weapon_restrict.smx
L 08/08/2022 - 15:22:08: [SM] Call stack trace:
L 08/08/2022 - 15:22:08: [SM]   [1] Line 202, restrictinc/events.sp::CS_OnBuyCommand
L 08/08/2022 - 15:22:15: [SM] Exception reported: Array index out-of-bounds (index 64, limit 55)
L 08/08/2022 - 15:22:15: [SM] Blaming: weapon_restrict.smx
L 08/08/2022 - 15:22:15: [SM] Call stack trace:
L 08/08/2022 - 15:22:15: [SM]   [1] Line 202, restrictinc/events.sp::CS_OnBuyCommand
L 08/08/2022 - 15:22:22: [SM] Exception reported: Array index out-of-bounds (index 64, limit 55)
L 08/08/2022 - 15:22:22: [SM] Blaming: weapon_restrict.smx
L 08/08/2022 - 15:22:22: [SM] Call stack trace:
L 08/08/2022 - 15:22:22: [SM]   [1] Line 202, restrictinc/events.sp::CS_OnBuyCommand
L 08/08/2022 - 15:22:29: [SM] Exception reported: Array index out-of-bounds (index 64, limit 55)
L 08/08/2022 - 15:22:29: [SM] Blaming: weapon_restrict.smx
L 08/08/2022 - 15:22:29: [SM] Call stack trace:
L 08/08/2022 - 15:22:29: [SM]   [1] Line 202, restrictinc/events.sp::CS_OnBuyCommand
L 08/08/2022 - 15:22:30: [SM] Exception reported: Array index out-of-bounds (index 64, limit 55)
L 08/08/2022 - 15:22:30: [SM] Blaming: weapon_restrict.smx
L 08/08/2022 - 15:22:30: [SM] Call stack trace:
L 08/08/2022 - 15:22:30: [SM]   [1] Line 202, restrictinc/events.sp::CS_OnBuyCommand
L 08/08/2022 - 15:22:40: [SM] Exception reported: Array index out-of-bounds (index 64, limit 55)
L 08/08/2022 - 15:22:40: [SM] Blaming: weapon_restrict.smx
L 08/08/2022 - 15:22:40: [SM] Call stack trace:
L 08/08/2022 - 15:22:40: [SM]   [1] Line 202, restrictinc/events.sp::CS_OnBuyCommand
L 08/08/2022 - 15:22:43: [SM] Exception reported: Array index out-of-bounds (index 64, limit 55)
L 08/08/2022 - 15:22:43: [SM] Blaming: weapon_restrict.smx
L 08/08/2022 - 15:22:43: [SM] Call stack trace:
L 08/08/2022 - 15:22:43: [SM]   [1] Line 202, restrictinc/events.sp::CS_OnBuyCommand
L 08/08/2022 - 15:22:56: [SM] Exception reported: Array index out-of-bounds (index 64, limit 55)
L 08/08/2022 - 15:22:56: [SM] Blaming: weapon_restrict.smx
L 08/08/2022 - 15:22:56: [SM] Call stack trace:
L 08/08/2022 - 15:22:56: [SM]   [1] Line 202, restrictinc/events.sp::CS_OnBuyCommand
L 08/08/2022 - 15:23:18: [SM] Exception reported: Array index out-of-bounds (index 64, limit 55)
L 08/08/2022 - 15:23:18: [SM] Blaming: weapon_restrict.smx
L 08/08/2022 - 15:23:18: [SM] Call stack trace:
L 08/08/2022 - 15:23:18: [SM]   [1] Line 202, restrictinc/events.sp::CS_OnBuyCommand
L 08/08/2022 - 15:23:28: [SM] Exception reported: Array index out-of-bounds (index 64, limit 55)
L 08/08/2022 - 15:23:28: [SM] Blaming: weapon_restrict.smx
L 08/08/2022 - 15:23:28: [SM] Call stack trace:
L 08/08/2022 - 15:23:28: [SM]   [1] Line 202, restrictinc/events.sp::CS_OnBuyCommand
L 08/08/2022 - 15:23:45: [SM] Exception reported: Array index out-of-bounds (index 64, limit 55)
L 08/08/2022 - 15:23:45: [SM] Blaming: weapon_restrict.smx
L 08/08/2022 - 15:23:45: [SM] Call stack trace:
L 08/08/2022 - 15:23:45: [SM]   [1] Line 202, restrictinc/events.sp::CS_OnBuyCommand
L 08/08/2022 - 15:25:11: [SM] Exception reported: Array index out-of-bounds (index 64, limit 55)
L 08/08/2022 - 15:25:11: [SM] Blaming: weapon_restrict.smx
L 08/08/2022 - 15:25:11: [SM] Call stack trace:
L 08/08/2022 - 15:25:11: [SM]   [1] Line 202, restrictinc/events.sp::CS_OnBuyCommand
L 08/08/2022 - 15:29:23: [c5_pug.smx] GOTV demo could not be recorded since tv_enable is not set to 1
L 08/08/2022 - 15:32:14: [SM] Exception reported: Client 1 is not in game
L 08/08/2022 - 15:32:14: [SM] Blaming: c5_pug_voteend.smx
L 08/08/2022 - 15:32:14: [SM] Call stack trace:
L 08/08/2022 - 15:32:14: [SM]   [0] GetClientTeam
L 08/08/2022 - 15:32:14: [SM]   [1] Line 56, F:\Code\sourcepawn\addons\sourcemod\scripting\c5_pug_voteend.sp::OnClientDisconnect
L 08/08/2022 - 15:33:05: [c5_pug.smx] GOTV demo could not be recorded since tv_enable is not set to 1
L 08/08/2022 - 15:34:05: [SM] Exception reported: Array index out-of-bounds (index 64, limit 55)
L 08/08/2022 - 15:34:05: [SM] Blaming: weapon_restrict.smx
L 08/08/2022 - 15:34:05: [SM] Call stack trace:
L 08/08/2022 - 15:34:05: [SM]   [1] Line 202, restrictinc/events.sp::CS_OnBuyCommand
L 08/08/2022 - 15:34:08: [SM] Exception reported: Array index out-of-bounds (index 64, limit 55)
L 08/08/2022 - 15:34:08: [SM] Blaming: weapon_restrict.smx
L 08/08/2022 - 15:34:08: [SM] Call stack trace:
L 08/08/2022 - 15:34:08: [SM]   [1] Line 202, restrictinc/events.sp::CS_OnBuyCommand
L 08/08/2022 - 15:34:46: [SM] Exception reported: Array index out-of-bounds (index 64, limit 55)
L 08/08/2022 - 15:34:46: [SM] Blaming: weapon_restrict.smx
L 08/08/2022 - 15:34:46: [SM] Call stack trace:
L 08/08/2022 - 15:34:46: [SM]   [1] Line 202, restrictinc/events.sp::CS_OnBuyCommand
L 08/08/2022 - 15:46:23: [SM] Exception reported: Array index out-of-bounds (index 64, limit 55)
L 08/08/2022 - 15:46:23: [SM] Blaming: weapon_restrict.smx
L 08/08/2022 - 15:46:23: [SM] Call stack trace:
L 08/08/2022 - 15:46:23: [SM]   [1] Line 202, restrictinc/events.sp::CS_OnBuyCommand
L 08/08/2022 - 15:46:35: [SM] Exception reported: Array index out-of-bounds (index 64, limit 55)
L 08/08/2022 - 15:46:35: [SM] Blaming: weapon_restrict.smx
L 08/08/2022 - 15:46:35: [SM] Call stack trace:
L 08/08/2022 - 15:46:35: [SM]   [1] Line 202, restrictinc/events.sp::CS_OnBuyCommand
L 08/08/2022 - 16:07:10: Error log file session closed.
L 08/08/2022 - 16:07:10: SourceMod error session started
L 08/08/2022 - 16:07:10: Info (map "de_mirage") (file "/home/csgo/csgo/addons/sourcemod/logs/errors_20220808.log")
L 08/08/2022 - 16:07:10: [SM] Fatal error encountered parsing translation file "movecommands.phrases.txt"
L 08/08/2022 - 16:07:10: [SM] Error (line 0, column 0): Stream failed to open
L 08/08/2022 - 16:12:34: [c5_pug.smx] GOTV demo could not be recorded since tv_enable is not set to 1
L 08/08/2022 - 16:13:22: [SM] Exception reported: Array index out-of-bounds (index 64, limit 55)
L 08/08/2022 - 16:13:22: [SM] Blaming: weapon_restrict.smx
L 08/08/2022 - 16:13:22: [SM] Call stack trace:
L 08/08/2022 - 16:13:22: [SM]   [1] Line 202, restrictinc/events.sp::CS_OnBuyCommand
L 08/08/2022 - 16:29:57: [SM] Exception reported: Array index out-of-bounds (index 64, limit 55)
L 08/08/2022 - 16:29:57: [SM] Blaming: weapon_restrict.smx
L 08/08/2022 - 16:29:57: [SM] Call stack trace:
L 08/08/2022 - 16:29:57: [SM]   [1] Line 202, restrictinc/events.sp::CS_OnBuyCommand
L 08/08/2022 - 16:44:36: [c5_pug.smx] GOTV demo could not be recorded since tv_enable is not set to 1
L 08/08/2022 - 16:45:23: [SM] Exception reported: Array index out-of-bounds (index 64, limit 55)
L 08/08/2022 - 16:45:23: [SM] Blaming: weapon_restrict.smx
L 08/08/2022 - 16:45:23: [SM] Call stack trace:
L 08/08/2022 - 16:45:23: [SM]   [1] Line 202, restrictinc/events.sp::CS_OnBuyCommand
L 08/08/2022 - 16:45:26: [SM] Exception reported: Array index out-of-bounds (index 64, limit 55)
L 08/08/2022 - 16:45:26: [SM] Blaming: weapon_restrict.smx
L 08/08/2022 - 16:45:26: [SM] Call stack trace:
L 08/08/2022 - 16:45:26: [SM]   [1] Line 202, restrictinc/events.sp::CS_OnBuyCommand
L 08/08/2022 - 16:46:57: [SM] Exception reported: Array index out-of-bounds (index 64, limit 55)
L 08/08/2022 - 16:46:57: [SM] Blaming: weapon_restrict.smx
L 08/08/2022 - 16:46:57: [SM] Call stack trace:
L 08/08/2022 - 16:46:57: [SM]   [1] Line 202, restrictinc/events.sp::CS_OnBuyCommand
L 08/08/2022 - 17:02:17: [SM] Exception reported: Array index out-of-bounds (index 64, limit 55)
L 08/08/2022 - 17:02:17: [SM] Blaming: weapon_restrict.smx
L 08/08/2022 - 17:02:17: [SM] Call stack trace:
L 08/08/2022 - 17:02:17: [SM]   [1] Line 202, restrictinc/events.sp::CS_OnBuyCommand
L 08/08/2022 - 17:02:18: [SM] Exception reported: Array index out-of-bounds (index 64, limit 55)
L 08/08/2022 - 17:02:18: [SM] Blaming: weapon_restrict.smx
L 08/08/2022 - 17:02:18: [SM] Call stack trace:
L 08/08/2022 - 17:02:18: [SM]   [1] Line 202, restrictinc/events.sp::CS_OnBuyCommand
L 08/08/2022 - 17:42:48: [SM] Exception reported: Array index out-of-bounds (index 64, limit 55)
L 08/08/2022 - 17:42:48: [SM] Blaming: weapon_restrict.smx
L 08/08/2022 - 17:42:48: [SM] Call stack trace:
L 08/08/2022 - 17:42:48: [SM]   [1] Line 202, restrictinc/events.sp::CS_OnBuyCommand
L 08/08/2022 - 17:53:38: [c5_pug.smx] GOTV demo could not be recorded since tv_enable is not set to 1
L 08/08/2022 - 17:54:36: [SM] Exception reported: Array index out-of-bounds (index 64, limit 55)
L 08/08/2022 - 17:54:36: [SM] Blaming: weapon_restrict.smx
L 08/08/2022 - 17:54:36: [SM] Call stack trace:
L 08/08/2022 - 17:54:36: [SM]   [1] Line 202, restrictinc/events.sp::CS_OnBuyCommand
L 08/08/2022 - 17:54:42: [SM] Exception reported: Array index out-of-bounds (index 64, limit 55)
L 08/08/2022 - 17:54:42: [SM] Blaming: weapon_restrict.smx
L 08/08/2022 - 17:54:42: [SM] Call stack trace:
L 08/08/2022 - 17:54:42: [SM]   [1] Line 202, restrictinc/events.sp::CS_OnBuyCommand
L 08/08/2022 - 18:10:11: [SM] Exception reported: Array index out-of-bounds (index 64, limit 55)
L 08/08/2022 - 18:10:11: [SM] Blaming: weapon_restrict.smx
L 08/08/2022 - 18:10:11: [SM] Call stack trace:
L 08/08/2022 - 18:10:11: [SM]   [1] Line 202, restrictinc/events.sp::CS_OnBuyCommand
L 08/08/2022 - 18:10:14: [SM] Exception reported: Array index out-of-bounds (index 64, limit 55)
L 08/08/2022 - 18:10:14: [SM] Blaming: weapon_restrict.smx
L 08/08/2022 - 18:10:14: [SM] Call stack trace:
L 08/08/2022 - 18:10:14: [SM]   [1] Line 202, restrictinc/events.sp::CS_OnBuyCommand
L 08/08/2022 - 18:22:58: Error log file session closed.
L 08/08/2022 - 18:22:58: SourceMod error session started
L 08/08/2022 - 18:22:58: Info (map "de_mirage") (file "/home/csgo/csgo/addons/sourcemod/logs/errors_20220808.log")
L 08/08/2022 - 18:22:58: [SM] Fatal error encountered parsing translation file "movecommands.phrases.txt"
L 08/08/2022 - 18:22:58: [SM] Error (line 0, column 0): Stream failed to open
L 08/08/2022 - 18:31:42: Error log file session closed.
L 08/08/2022 - 18:31:42: SourceMod error session started
L 08/08/2022 - 18:31:42: Info (map "de_mirage") (file "/home/csgo/csgo/addons/sourcemod/logs/errors_20220808.log")
L 08/08/2022 - 18:31:42: [SM] Fatal error encountered parsing translation file "movecommands.phrases.txt"
L 08/08/2022 - 18:31:42: [SM] Error (line 0, column 0): Stream failed to open
L 08/08/2022 - 18:32:35: [c5_pug.smx] GOTV demo could not be recorded since tv_enable is not set to 1
L 08/08/2022 - 18:33:19: [SM] Exception reported: Array index out-of-bounds (index 64, limit 55)
L 08/08/2022 - 18:33:19: [SM] Blaming: weapon_restrict.smx
L 08/08/2022 - 18:33:19: [SM] Call stack trace:
L 08/08/2022 - 18:33:19: [SM]   [1] Line 202, restrictinc/events.sp::CS_OnBuyCommand
L 08/08/2022 - 18:33:27: [SM] Exception reported: Array index out-of-bounds (index 64, limit 55)
L 08/08/2022 - 18:33:27: [SM] Blaming: weapon_restrict.smx
L 08/08/2022 - 18:33:27: [SM] Call stack trace:
L 08/08/2022 - 18:33:27: [SM]   [1] Line 202, restrictinc/events.sp::CS_OnBuyCommand
L 08/08/2022 - 18:47:08: [SM] Exception reported: Array index out-of-bounds (index 64, limit 55)
L 08/08/2022 - 18:47:08: [SM] Blaming: weapon_restrict.smx
L 08/08/2022 - 18:47:08: [SM] Call stack trace:
L 08/08/2022 - 18:47:08: [SM]   [1] Line 202, restrictinc/events.sp::CS_OnBuyCommand
L 08/08/2022 - 18:47:08: [SM] Exception reported: Array index out-of-bounds (index 64, limit 55)
L 08/08/2022 - 18:47:08: [SM] Blaming: weapon_restrict.smx
L 08/08/2022 - 18:47:08: [SM] Call stack trace:
L 08/08/2022 - 18:47:08: [SM]   [1] Line 202, restrictinc/events.sp::CS_OnBuyCommand
L 08/08/2022 - 18:55:06: Error log file session closed.
L 08/08/2022 - 18:55:06: SourceMod error session started
L 08/08/2022 - 18:55:06: Info (map "de_mirage") (file "/home/csgo/csgo/addons/sourcemod/logs/errors_20220808.log")
L 08/08/2022 - 18:55:06: [SM] Fatal error encountered parsing translation file "movecommands.phrases.txt"
L 08/08/2022 - 18:55:06: [SM] Error (line 0, column 0): Stream failed to open
L 08/08/2022 - 20:41:47: Error log file session closed.
L 08/08/2022 - 20:41:47: SourceMod error session started
L 08/08/2022 - 20:41:47: Info (map "de_mirage") (file "/home/csgo/csgo/addons/sourcemod/logs/errors_20220808.log")
L 08/08/2022 - 20:41:47: [SM] Fatal error encountered parsing translation file "movecommands.phrases.txt"
L 08/08/2022 - 20:41:47: [SM] Error (line 0, column 0): Stream failed to open
L 08/08/2022 - 20:46:24: [c5_pug.smx] GOTV demo could not be recorded since tv_enable is not set to 1
L 08/08/2022 - 20:48:09: [SM] Exception reported: Array index out-of-bounds (index 64, limit 55)
L 08/08/2022 - 20:48:09: [SM] Blaming: weapon_restrict.smx
L 08/08/2022 - 20:48:09: [SM] Call stack trace:
L 08/08/2022 - 20:48:09: [SM]   [1] Line 202, restrictinc/events.sp::CS_OnBuyCommand
L 08/08/2022 - 20:48:15: [SM] Exception reported: Array index out-of-bounds (index 64, limit 55)
L 08/08/2022 - 20:48:15: [SM] Blaming: weapon_restrict.smx
L 08/08/2022 - 20:48:15: [SM] Call stack trace:
L 08/08/2022 - 20:48:15: [SM]   [1] Line 202, restrictinc/events.sp::CS_OnBuyCommand
L 08/08/2022 - 21:03:43: [SM] Exception reported: Array index out-of-bounds (index 64, limit 55)
L 08/08/2022 - 21:03:43: [SM] Blaming: weapon_restrict.smx
L 08/08/2022 - 21:03:43: [SM] Call stack trace:
L 08/08/2022 - 21:03:43: [SM]   [1] Line 202, restrictinc/events.sp::CS_OnBuyCommand
L 08/08/2022 - 21:20:21: [c5_pug.smx] GOTV demo could not be recorded since tv_enable is not set to 1
L 08/08/2022 - 21:20:50: [SM] Exception reported: Array index out-of-bounds (index 64, limit 55)
L 08/08/2022 - 21:20:50: [SM] Blaming: weapon_restrict.smx
L 08/08/2022 - 21:20:50: [SM] Call stack trace:
L 08/08/2022 - 21:20:50: [SM]   [1] Line 202, restrictinc/events.sp::CS_OnBuyCommand
L 08/08/2022 - 21:32:25: Error log file session closed.
L 08/08/2022 - 21:32:25: SourceMod error session started
L 08/08/2022 - 21:32:25: Info (map "de_mirage") (file "/home/csgo/csgo/addons/sourcemod/logs/errors_20220808.log")
L 08/08/2022 - 21:32:25: [SM] Fatal error encountered parsing translation file "movecommands.phrases.txt"
L 08/08/2022 - 21:32:25: [SM] Error (line 0, column 0): Stream failed to open
L 08/08/2022 - 21:33:55: Error log file session closed.
L 08/08/2022 - 21:33:55: SourceMod error session started
L 08/08/2022 - 21:33:55: Info (map "de_mirage") (file "/home/csgo/csgo/addons/sourcemod/logs/errors_20220808.log")
L 08/08/2022 - 21:33:55: [SM] Fatal error encountered parsing translation file "movecommands.phrases.txt"
L 08/08/2022 - 21:33:55: [SM] Error (line 0, column 0): Stream failed to open
L 08/08/2022 - 22:20:13: Error log file session closed.
L 08/08/2022 - 22:20:13: SourceMod error session started
L 08/08/2022 - 22:20:13: Info (map "de_mirage") (file "/home/csgo/csgo/addons/sourcemod/logs/errors_20220808.log")
L 08/08/2022 - 22:20:13: [SM] Fatal error encountered parsing translation file "movecommands.phrases.txt"
L 08/08/2022 - 22:20:13: [SM] Error (line 0, column 0): Stream failed to open
L 08/08/2022 - 22:22:41: [SM] Exception reported: Array index out-of-bounds (index 64, limit 55)
L 08/08/2022 - 22:22:41: [SM] Blaming: weapon_restrict.smx
L 08/08/2022 - 22:22:41: [SM] Call stack trace:
L 08/08/2022 - 22:22:41: [SM]   [1] Line 202, restrictinc/events.sp::CS_OnBuyCommand
L 08/08/2022 - 22:23:28: [SM] Exception reported: Array index out-of-bounds (index 64, limit 55)
L 08/08/2022 - 22:23:28: [SM] Blaming: weapon_restrict.smx
L 08/08/2022 - 22:23:28: [SM] Call stack trace:
L 08/08/2022 - 22:23:28: [SM]   [1] Line 202, restrictinc/events.sp::CS_OnBuyCommand
L 08/08/2022 - 22:23:49: [SM] Exception reported: Array index out-of-bounds (index 64, limit 55)
L 08/08/2022 - 22:23:49: [SM] Blaming: weapon_restrict.smx
L 08/08/2022 - 22:23:49: [SM] Call stack trace:
L 08/08/2022 - 22:23:49: [SM]   [1] Line 202, restrictinc/events.sp::CS_OnBuyCommand
L 08/08/2022 - 22:24:43: [SM] Exception reported: Array index out-of-bounds (index 64, limit 55)
L 08/08/2022 - 22:24:43: [SM] Blaming: weapon_restrict.smx
L 08/08/2022 - 22:24:43: [SM] Call stack trace:
L 08/08/2022 - 22:24:43: [SM]   [1] Line 202, restrictinc/events.sp::CS_OnBuyCommand
L 08/08/2022 - 22:24:52: [SM] Exception reported: Array index out-of-bounds (index 64, limit 55)
L 08/08/2022 - 22:24:52: [SM] Blaming: weapon_restrict.smx
L 08/08/2022 - 22:24:52: [SM] Call stack trace:
L 08/08/2022 - 22:24:52: [SM]   [1] Line 202, restrictinc/events.sp::CS_OnBuyCommand
L 08/08/2022 - 22:25:13: [SM] Exception reported: Array index out-of-bounds (index 64, limit 55)
L 08/08/2022 - 22:25:13: [SM] Blaming: weapon_restrict.smx
L 08/08/2022 - 22:25:13: [SM] Call stack trace:
L 08/08/2022 - 22:25:13: [SM]   [1] Line 202, restrictinc/events.sp::CS_OnBuyCommand
L 08/08/2022 - 22:28:21: [SM] Exception reported: Array index out-of-bounds (index 64, limit 55)
L 08/08/2022 - 22:28:21: [SM] Blaming: weapon_restrict.smx
L 08/08/2022 - 22:28:21: [SM] Call stack trace:
L 08/08/2022 - 22:28:21: [SM]   [1] Line 202, restrictinc/events.sp::CS_OnBuyCommand
L 08/08/2022 - 22:28:43: [SM] Exception reported: Array index out-of-bounds (index 64, limit 55)
L 08/08/2022 - 22:28:43: [SM] Blaming: weapon_restrict.smx
L 08/08/2022 - 22:28:43: [SM] Call stack trace:
L 08/08/2022 - 22:28:43: [SM]   [1] Line 202, restrictinc/events.sp::CS_OnBuyCommand
L 08/08/2022 - 22:29:48: [c5_pug.smx] GOTV demo could not be recorded since tv_enable is not set to 1
L 08/08/2022 - 22:30:33: [SM] Exception reported: Array index out-of-bounds (index 64, limit 55)
L 08/08/2022 - 22:30:33: [SM] Blaming: weapon_restrict.smx
L 08/08/2022 - 22:30:33: [SM] Call stack trace:
L 08/08/2022 - 22:30:33: [SM]   [1] Line 202, restrictinc/events.sp::CS_OnBuyCommand
L 08/08/2022 - 22:30:36: [SM] Exception reported: Array index out-of-bounds (index 64, limit 55)
L 08/08/2022 - 22:30:36: [SM] Blaming: weapon_restrict.smx
L 08/08/2022 - 22:30:36: [SM] Call stack trace:
L 08/08/2022 - 22:30:36: [SM]   [1] Line 202, restrictinc/events.sp::CS_OnBuyCommand
L 08/08/2022 - 22:44:56: [SM] Exception reported: Array index out-of-bounds (index 64, limit 55)
L 08/08/2022 - 22:44:56: [SM] Blaming: weapon_restrict.smx
L 08/08/2022 - 22:44:56: [SM] Call stack trace:
L 08/08/2022 - 22:44:56: [SM]   [1] Line 202, restrictinc/events.sp::CS_OnBuyCommand
L 08/08/2022 - 23:07:25: [SM] Exception reported: Array index out-of-bounds (index 64, limit 55)
L 08/08/2022 - 23:07:25: [SM] Blaming: weapon_restrict.smx
L 08/08/2022 - 23:07:25: [SM] Call stack trace:
L 08/08/2022 - 23:07:25: [SM]   [1] Line 202, restrictinc/events.sp::CS_OnBuyCommand
L 08/08/2022 - 23:07:58: [SM] Exception reported: Array index out-of-bounds (index 64, limit 55)
L 08/08/2022 - 23:07:58: [SM] Blaming: weapon_restrict.smx
L 08/08/2022 - 23:07:58: [SM] Call stack trace:
L 08/08/2022 - 23:07:58: [SM]   [1] Line 202, restrictinc/events.sp::CS_OnBuyCommand
L 08/08/2022 - 23:08:47: [SM] Exception reported: Array index out-of-bounds (index 64, limit 55)
L 08/08/2022 - 23:08:47: [SM] Blaming: weapon_restrict.smx
L 08/08/2022 - 23:08:47: [SM] Call stack trace:
L 08/08/2022 - 23:08:47: [SM]   [1] Line 202, restrictinc/events.sp::CS_OnBuyCommand
L 08/08/2022 - 23:09:42: [SM] Exception reported: Array index out-of-bounds (index 64, limit 55)
L 08/08/2022 - 23:09:42: [SM] Blaming: weapon_restrict.smx
L 08/08/2022 - 23:09:42: [SM] Call stack trace:
L 08/08/2022 - 23:09:42: [SM]   [1] Line 202, restrictinc/events.sp::CS_OnBuyCommand
L 08/08/2022 - 23:10:11: [SM] Exception reported: Array index out-of-bounds (index 64, limit 55)
L 08/08/2022 - 23:10:11: [SM] Blaming: weapon_restrict.smx
L 08/08/2022 - 23:10:11: [SM] Call stack trace:
L 08/08/2022 - 23:10:11: [SM]   [1] Line 202, restrictinc/events.sp::CS_OnBuyCommand
L 08/08/2022 - 23:10:20: [SM] Exception reported: Array index out-of-bounds (index 64, limit 55)
L 08/08/2022 - 23:10:20: [SM] Blaming: weapon_restrict.smx
L 08/08/2022 - 23:10:20: [SM] Call stack trace:
L 08/08/2022 - 23:10:20: [SM]   [1] Line 202, restrictinc/events.sp::CS_OnBuyCommand
L 08/08/2022 - 23:11:40: [SM] Exception reported: Array index out-of-bounds (index 64, limit 55)
L 08/08/2022 - 23:11:40: [SM] Blaming: weapon_restrict.smx
L 08/08/2022 - 23:11:40: [SM] Call stack trace:
L 08/08/2022 - 23:11:40: [SM]   [1] Line 202, restrictinc/events.sp::CS_OnBuyCommand
L 08/08/2022 - 23:13:05: [SM] Exception reported: Array index out-of-bounds (index 64, limit 55)
L 08/08/2022 - 23:13:05: [SM] Blaming: weapon_restrict.smx
L 08/08/2022 - 23:13:05: [SM] Call stack trace:
L 08/08/2022 - 23:13:05: [SM]   [1] Line 202, restrictinc/events.sp::CS_OnBuyCommand
L 08/08/2022 - 23:13:10: [SM] Exception reported: Array index out-of-bounds (index 64, limit 55)
L 08/08/2022 - 23:13:10: [SM] Blaming: weapon_restrict.smx
L 08/08/2022 - 23:13:10: [SM] Call stack trace:
L 08/08/2022 - 23:13:10: [SM]   [1] Line 202, restrictinc/events.sp::CS_OnBuyCommand
L 08/08/2022 - 23:13:35: [SM] Exception reported: Array index out-of-bounds (index 64, limit 55)
L 08/08/2022 - 23:13:35: [SM] Blaming: weapon_restrict.smx
L 08/08/2022 - 23:13:35: [SM] Call stack trace:
L 08/08/2022 - 23:13:35: [SM]   [1] Line 202, restrictinc/events.sp::CS_OnBuyCommand
L 08/08/2022 - 23:13:45: [SM] Exception reported: Array index out-of-bounds (index 64, limit 55)
L 08/08/2022 - 23:13:45: [SM] Blaming: weapon_restrict.smx
L 08/08/2022 - 23:13:45: [SM] Call stack trace:
L 08/08/2022 - 23:13:45: [SM]   [1] Line 202, restrictinc/events.sp::CS_OnBuyCommand
L 08/08/2022 - 23:14:00: [SM] Exception reported: Array index out-of-bounds (index 64, limit 55)
L 08/08/2022 - 23:14:00: [SM] Blaming: weapon_restrict.smx
L 08/08/2022 - 23:14:00: [SM] Call stack trace:
L 08/08/2022 - 23:14:00: [SM]   [1] Line 202, restrictinc/events.sp::CS_OnBuyCommand
L 08/08/2022 - 23:14:30: [SM] Exception reported: Array index out-of-bounds (index 64, limit 55)
L 08/08/2022 - 23:14:30: [SM] Blaming: weapon_restrict.smx
L 08/08/2022 - 23:14:30: [SM] Call stack trace:
L 08/08/2022 - 23:14:30: [SM]   [1] Line 202, restrictinc/events.sp::CS_OnBuyCommand
L 08/08/2022 - 23:14:39: [SM] Exception reported: Array index out-of-bounds (index 64, limit 55)
L 08/08/2022 - 23:14:39: [SM] Blaming: weapon_restrict.smx
L 08/08/2022 - 23:14:39: [SM] Call stack trace:
L 08/08/2022 - 23:14:39: [SM]   [1] Line 202, restrictinc/events.sp::CS_OnBuyCommand
L 08/08/2022 - 23:14:53: [SM] Exception reported: Array index out-of-bounds (index 64, limit 55)
L 08/08/2022 - 23:14:53: [SM] Blaming: weapon_restrict.smx
L 08/08/2022 - 23:14:53: [SM] Call stack trace:
L 08/08/2022 - 23:14:53: [SM]   [1] Line 202, restrictinc/events.sp::CS_OnBuyCommand
L 08/08/2022 - 23:15:20: [SM] Exception reported: Array index out-of-bounds (index 64, limit 55)
L 08/08/2022 - 23:15:20: [SM] Blaming: weapon_restrict.smx
L 08/08/2022 - 23:15:20: [SM] Call stack trace:
L 08/08/2022 - 23:15:20: [SM]   [1] Line 202, restrictinc/events.sp::CS_OnBuyCommand
L 08/08/2022 - 23:16:25: [SM] Exception reported: Array index out-of-bounds (index 64, limit 55)
L 08/08/2022 - 23:16:25: [SM] Blaming: weapon_restrict.smx
L 08/08/2022 - 23:16:25: [SM] Call stack trace:
L 08/08/2022 - 23:16:25: [SM]   [1] Line 202, restrictinc/events.sp::CS_OnBuyCommand
L 08/08/2022 - 23:27:27: [c5_pug.smx] GOTV demo could not be recorded since tv_enable is not set to 1
L 08/08/2022 - 23:28:16: [SM] Exception reported: Array index out-of-bounds (index 64, limit 55)
L 08/08/2022 - 23:28:16: [SM] Blaming: weapon_restrict.smx
L 08/08/2022 - 23:28:16: [SM] Call stack trace:
L 08/08/2022 - 23:28:16: [SM]   [1] Line 202, restrictinc/events.sp::CS_OnBuyCommand
L 08/08/2022 - 23:28:42: [SM] Exception reported: Array index out-of-bounds (index 64, limit 55)
L 08/08/2022 - 23:28:42: [SM] Blaming: weapon_restrict.smx
L 08/08/2022 - 23:28:42: [SM] Call stack trace:
L 08/08/2022 - 23:28:42: [SM]   [1] Line 202, restrictinc/events.sp::CS_OnBuyCommand
L 08/08/2022 - 23:43:11: [SM] Exception reported: Array index out-of-bounds (index 64, limit 55)
L 08/08/2022 - 23:43:11: [SM] Blaming: weapon_restrict.smx
L 08/08/2022 - 23:43:11: [SM] Call stack trace:
L 08/08/2022 - 23:43:11: [SM]   [1] Line 202, restrictinc/events.sp::CS_OnBuyCommand
L 08/08/2022 - 23:43:12: [SM] Exception reported: Array index out-of-bounds (index 64, limit 55)
L 08/08/2022 - 23:43:12: [SM] Blaming: weapon_restrict.smx
L 08/08/2022 - 23:43:12: [SM] Call stack trace:
L 08/08/2022 - 23:43:12: [SM]   [1] Line 202, restrictinc/events.sp::CS_OnBuyCommand
L 08/08/2022 - 23:44:08: [SM] Exception reported: Array index out-of-bounds (index 64, limit 55)
L 08/08/2022 - 23:44:08: [SM] Blaming: weapon_restrict.smx
L 08/08/2022 - 23:44:08: [SM] Call stack trace:
L 08/08/2022 - 23:44:08: [SM]   [1] Line 202, restrictinc/events.sp::CS_OnBuyCommand
L 08/08/2022 - 23:45:30: [SM] Exception reported: Array index out-of-bounds (index 64, limit 55)
L 08/08/2022 - 23:45:30: [SM] Blaming: weapon_restrict.smx
L 08/08/2022 - 23:45:30: [SM] Call stack trace:
L 08/08/2022 - 23:45:30: [SM]   [1] Line 202, restrictinc/events.sp::CS_OnBuyCommand
L 08/08/2022 - 23:47:10: [SM] Exception reported: Array index out-of-bounds (index 64, limit 55)
L 08/08/2022 - 23:47:10: [SM] Blaming: weapon_restrict.smx
L 08/08/2022 - 23:47:10: [SM] Call stack trace:
L 08/08/2022 - 23:47:10: [SM]   [1] Line 202, restrictinc/events.sp::CS_OnBuyCommand
L 08/08/2022 - 23:48:49: [SM] Exception reported: Array index out-of-bounds (index 64, limit 55)
L 08/08/2022 - 23:48:49: [SM] Blaming: weapon_restrict.smx
L 08/08/2022 - 23:48:49: [SM] Call stack trace:
L 08/08/2022 - 23:48:49: [SM]   [1] Line 202, restrictinc/events.sp::CS_OnBuyCommand
L 08/08/2022 - 23:58:54: [SM] Exception reported: Array index out-of-bounds (index 64, limit 55)
L 08/08/2022 - 23:58:54: [SM] Blaming: weapon_restrict.smx
L 08/08/2022 - 23:58:54: [SM] Call stack trace:
L 08/08/2022 - 23:58:54: [SM]   [1] Line 202, restrictinc/events.sp::CS_OnBuyCommand
L 08/09/2022 - 00:15:32: Error log file session closed.
