L 10/07/2022 - 02:48:57: SourceMod error session started
L 10/07/2022 - 02:48:57: Info (map "de_inferno") (file "/badfupo/server1/csgo/addons/sourcemod/logs/errors_20221007.log")
L 10/07/2022 - 02:48:57: [SM] Exception reported: Array index out-of-bounds (index 64, limit 55)
L 10/07/2022 - 02:48:57: [SM] Blaming: weapon_restrict.smx
L 10/07/2022 - 02:48:57: [SM] Call stack trace:
L 10/07/2022 - 02:48:57: [SM]   [1] Line 202, restrictinc/events.sp::CS_OnBuyCommand
L 10/07/2022 - 02:49:10: [SM] Exception reported: Array index out-of-bounds (index 64, limit 55)
L 10/07/2022 - 02:49:10: [SM] Blaming: weapon_restrict.smx
L 10/07/2022 - 02:49:10: [SM] Call stack trace:
L 10/07/2022 - 02:49:10: [SM]   [1] Line 202, restrictinc/events.sp::CS_OnBuyCommand
L 10/07/2022 - 02:53:09: [SM] Exception reported: Array index out-of-bounds (index 64, limit 55)
L 10/07/2022 - 02:53:09: [SM] Blaming: weapon_restrict.smx
L 10/07/2022 - 02:53:09: [SM] Call stack trace:
L 10/07/2022 - 02:53:09: [SM]   [1] Line 202, restrictinc/events.sp::CS_OnBuyCommand
L 10/07/2022 - 02:53:56: [SM] Exception reported: Array index out-of-bounds (index 64, limit 55)
L 10/07/2022 - 02:53:56: [SM] Blaming: weapon_restrict.smx
L 10/07/2022 - 02:53:56: [SM] Call stack trace:
L 10/07/2022 - 02:53:56: [SM]   [1] Line 202, restrictinc/events.sp::CS_OnBuyCommand
L 10/07/2022 - 02:55:57: [warmod.smx] Plug-in tEasyFTP.smx required to auto upload demos
L 10/07/2022 - 02:56:22: Error log file session closed.
L 10/07/2022 - 05:00:01: SourceMod error session started
L 10/07/2022 - 05:00:01: Info (map "de_mirage") (file "/badfupo/server1/csgo/addons/sourcemod/logs/errors_20221007.log")
L 10/07/2022 - 05:00:01: [SM] Exception reported: Array index out-of-bounds (index 64, limit 55)
L 10/07/2022 - 05:00:01: [SM] Blaming: weapon_restrict.smx
L 10/07/2022 - 05:00:01: [SM] Call stack trace:
L 10/07/2022 - 05:00:01: [SM]   [1] Line 202, restrictinc/events.sp::CS_OnBuyCommand
L 10/07/2022 - 05:00:02: [SM] Exception reported: Array index out-of-bounds (index 64, limit 55)
L 10/07/2022 - 05:00:02: [SM] Blaming: weapon_restrict.smx
L 10/07/2022 - 05:00:02: [SM] Call stack trace:
L 10/07/2022 - 05:00:02: [SM]   [1] Line 202, restrictinc/events.sp::CS_OnBuyCommand
L 10/07/2022 - 05:00:19: [SM] Exception reported: Array index out-of-bounds (index 64, limit 55)
L 10/07/2022 - 05:00:19: [SM] Blaming: weapon_restrict.smx
L 10/07/2022 - 05:00:19: [SM] Call stack trace:
L 10/07/2022 - 05:00:19: [SM]   [1] Line 202, restrictinc/events.sp::CS_OnBuyCommand
L 10/07/2022 - 05:00:40: [SM] Exception reported: Array index out-of-bounds (index 64, limit 55)
L 10/07/2022 - 05:00:40: [SM] Blaming: weapon_restrict.smx
L 10/07/2022 - 05:00:40: [SM] Call stack trace:
L 10/07/2022 - 05:00:40: [SM]   [1] Line 202, restrictinc/events.sp::CS_OnBuyCommand
L 10/07/2022 - 05:01:41: [SM] Exception reported: Array index out-of-bounds (index 64, limit 55)
L 10/07/2022 - 05:01:41: [SM] Blaming: weapon_restrict.smx
L 10/07/2022 - 05:01:41: [SM] Call stack trace:
L 10/07/2022 - 05:01:41: [SM]   [1] Line 202, restrictinc/events.sp::CS_OnBuyCommand
L 10/07/2022 - 05:02:03: [SM] Exception reported: Array index out-of-bounds (index 64, limit 55)
L 10/07/2022 - 05:02:03: [SM] Blaming: weapon_restrict.smx
L 10/07/2022 - 05:02:03: [SM] Call stack trace:
L 10/07/2022 - 05:02:03: [SM]   [1] Line 202, restrictinc/events.sp::CS_OnBuyCommand
L 10/07/2022 - 05:30:49: Error log file session closed.
L 10/07/2022 - 08:24:26: SourceMod error session started
L 10/07/2022 - 08:24:26: Info (map "de_mirage") (file "/badfupo/server1/csgo/addons/sourcemod/logs/errors_20221007.log")
L 10/07/2022 - 08:24:26: [SM] Exception reported: Array index out-of-bounds (index 64, limit 55)
L 10/07/2022 - 08:24:26: [SM] Blaming: weapon_restrict.smx
L 10/07/2022 - 08:24:26: [SM] Call stack trace:
L 10/07/2022 - 08:24:26: [SM]   [1] Line 202, restrictinc/events.sp::CS_OnBuyCommand
L 10/07/2022 - 08:24:50: [SM] Exception reported: Array index out-of-bounds (index 64, limit 55)
L 10/07/2022 - 08:24:50: [SM] Blaming: weapon_restrict.smx
L 10/07/2022 - 08:24:50: [SM] Call stack trace:
L 10/07/2022 - 08:24:50: [SM]   [1] Line 202, restrictinc/events.sp::CS_OnBuyCommand
L 10/07/2022 - 08:31:45: Error log file session closed.
L 10/07/2022 - 12:30:36: SourceMod error session started
L 10/07/2022 - 12:30:36: Info (map "de_mirage") (file "/badfupo/server1/csgo/addons/sourcemod/logs/errors_20221007.log")
L 10/07/2022 - 12:30:36: [SM] Exception reported: Array index out-of-bounds (index 64, limit 55)
L 10/07/2022 - 12:30:36: [SM] Blaming: weapon_restrict.smx
L 10/07/2022 - 12:30:36: [SM] Call stack trace:
L 10/07/2022 - 12:30:36: [SM]   [1] Line 202, restrictinc/events.sp::CS_OnBuyCommand
L 10/07/2022 - 12:57:23: [SM] Exception reported: Array index out-of-bounds (index 64, limit 55)
L 10/07/2022 - 12:57:23: [SM] Blaming: weapon_restrict.smx
L 10/07/2022 - 12:57:23: [SM] Call stack trace:
L 10/07/2022 - 12:57:23: [SM]   [1] Line 202, restrictinc/events.sp::CS_OnBuyCommand
L 10/07/2022 - 12:59:52: [SM] Exception reported: Array index out-of-bounds (index 64, limit 55)
L 10/07/2022 - 12:59:52: [SM] Blaming: weapon_restrict.smx
L 10/07/2022 - 12:59:52: [SM] Call stack trace:
L 10/07/2022 - 12:59:52: [SM]   [1] Line 202, restrictinc/events.sp::CS_OnBuyCommand
L 10/07/2022 - 13:02:03: [SM] Exception reported: Array index out-of-bounds (index 64, limit 55)
L 10/07/2022 - 13:02:03: [SM] Blaming: weapon_restrict.smx
L 10/07/2022 - 13:02:03: [SM] Call stack trace:
L 10/07/2022 - 13:02:03: [SM]   [1] Line 202, restrictinc/events.sp::CS_OnBuyCommand
L 10/07/2022 - 13:04:28: [SM] Exception reported: Array index out-of-bounds (index 64, limit 55)
L 10/07/2022 - 13:04:28: [SM] Blaming: weapon_restrict.smx
L 10/07/2022 - 13:04:28: [SM] Call stack trace:
L 10/07/2022 - 13:04:28: [SM]   [1] Line 202, restrictinc/events.sp::CS_OnBuyCommand
L 10/07/2022 - 13:09:43: [warmod.smx] Plug-in tEasyFTP.smx required to auto upload demos
L 10/07/2022 - 13:10:13: Error log file session closed.
L 10/07/2022 - 13:41:31: SourceMod error session started
L 10/07/2022 - 13:41:31: Info (map "de_inferno") (file "/badfupo/server1/csgo/addons/sourcemod/logs/errors_20221007.log")
L 10/07/2022 - 13:41:31: [SM] Exception reported: Array index out-of-bounds (index 64, limit 55)
L 10/07/2022 - 13:41:31: [SM] Blaming: weapon_restrict.smx
L 10/07/2022 - 13:41:31: [SM] Call stack trace:
L 10/07/2022 - 13:41:31: [SM]   [1] Line 202, restrictinc/events.sp::CS_OnBuyCommand
L 10/07/2022 - 13:41:32: [SM] Exception reported: Array index out-of-bounds (index 64, limit 55)
L 10/07/2022 - 13:41:32: [SM] Blaming: weapon_restrict.smx
L 10/07/2022 - 13:41:32: [SM] Call stack trace:
L 10/07/2022 - 13:41:32: [SM]   [1] Line 202, restrictinc/events.sp::CS_OnBuyCommand
L 10/07/2022 - 14:08:28: Error log file session closed.
