L 09/23/2022 - 11:10:48: SourceMod error session started
L 09/23/2022 - 11:10:48: Info (map "de_mirage") (file "/badfupo/server1/csgo/addons/sourcemod/logs/errors_20220923.log")
L 09/23/2022 - 11:10:48: [SM] Exception reported: Array index out-of-bounds (index 64, limit 55)
L 09/23/2022 - 11:10:48: [SM] Blaming: weapon_restrict.smx
L 09/23/2022 - 11:10:48: [SM] Call stack trace:
L 09/23/2022 - 11:10:48: [SM]   [1] Line 202, restrictinc/events.sp::CS_OnBuyCommand
L 09/23/2022 - 11:10:54: [SM] Exception reported: Array index out-of-bounds (index 64, limit 55)
L 09/23/2022 - 11:10:54: [SM] Blaming: weapon_restrict.smx
L 09/23/2022 - 11:10:54: [SM] Call stack trace:
L 09/23/2022 - 11:10:54: [SM]   [1] Line 202, restrictinc/events.sp::CS_OnBuyCommand
L 09/23/2022 - 11:14:59: [SM] Exception reported: Array index out-of-bounds (index 64, limit 55)
L 09/23/2022 - 11:14:59: [SM] Blaming: weapon_restrict.smx
L 09/23/2022 - 11:14:59: [SM] Call stack trace:
L 09/23/2022 - 11:14:59: [SM]   [1] Line 202, restrictinc/events.sp::CS_OnBuyCommand
L 09/23/2022 - 11:19:58: Error log file session closed.
L 09/23/2022 - 11:33:06: SourceMod error session started
L 09/23/2022 - 11:33:06: Info (map "de_mirage") (file "/badfupo/server1/csgo/addons/sourcemod/logs/errors_20220923.log")
L 09/23/2022 - 11:33:06: [SM] Exception reported: Array index out-of-bounds (index 64, limit 55)
L 09/23/2022 - 11:33:06: [SM] Blaming: weapon_restrict.smx
L 09/23/2022 - 11:33:06: [SM] Call stack trace:
L 09/23/2022 - 11:33:06: [SM]   [1] Line 202, restrictinc/events.sp::CS_OnBuyCommand
L 09/23/2022 - 11:38:39: [SM] Exception reported: Array index out-of-bounds (index 64, limit 55)
L 09/23/2022 - 11:38:39: [SM] Blaming: weapon_restrict.smx
L 09/23/2022 - 11:38:39: [SM] Call stack trace:
L 09/23/2022 - 11:38:39: [SM]   [1] Line 202, restrictinc/events.sp::CS_OnBuyCommand
L 09/23/2022 - 11:44:29: [warmod.smx] Plug-in tEasyFTP.smx required to auto upload demos
L 09/23/2022 - 11:45:49: Error log file session closed.
L 09/23/2022 - 12:55:13: SourceMod error session started
L 09/23/2022 - 12:55:13: Info (map "de_mirage") (file "/badfupo/server1/csgo/addons/sourcemod/logs/errors_20220923.log")
L 09/23/2022 - 12:55:13: [SM] Exception reported: Array index out-of-bounds (index 64, limit 55)
L 09/23/2022 - 12:55:13: [SM] Blaming: weapon_restrict.smx
L 09/23/2022 - 12:55:13: [SM] Call stack trace:
L 09/23/2022 - 12:55:13: [SM]   [1] Line 202, restrictinc/events.sp::CS_OnBuyCommand
L 09/23/2022 - 12:55:13: [SM] Exception reported: Array index out-of-bounds (index 64, limit 55)
L 09/23/2022 - 12:55:13: [SM] Blaming: weapon_restrict.smx
L 09/23/2022 - 12:55:13: [SM] Call stack trace:
L 09/23/2022 - 12:55:13: [SM]   [1] Line 202, restrictinc/events.sp::CS_OnBuyCommand
L 09/23/2022 - 12:56:55: [SM] Exception reported: Array index out-of-bounds (index 64, limit 55)
L 09/23/2022 - 12:56:55: [SM] Blaming: weapon_restrict.smx
L 09/23/2022 - 12:56:55: [SM] Call stack trace:
L 09/23/2022 - 12:56:55: [SM]   [1] Line 202, restrictinc/events.sp::CS_OnBuyCommand
L 09/23/2022 - 12:57:04: [SM] Exception reported: Array index out-of-bounds (index 64, limit 55)
L 09/23/2022 - 12:57:04: [SM] Blaming: weapon_restrict.smx
L 09/23/2022 - 12:57:04: [SM] Call stack trace:
L 09/23/2022 - 12:57:04: [SM]   [1] Line 202, restrictinc/events.sp::CS_OnBuyCommand
L 09/23/2022 - 12:57:12: [SM] Exception reported: Array index out-of-bounds (index 64, limit 55)
L 09/23/2022 - 12:57:12: [SM] Blaming: weapon_restrict.smx
L 09/23/2022 - 12:57:12: [SM] Call stack trace:
L 09/23/2022 - 12:57:12: [SM]   [1] Line 202, restrictinc/events.sp::CS_OnBuyCommand
L 09/23/2022 - 12:57:15: [SM] Exception reported: Array index out-of-bounds (index 64, limit 55)
L 09/23/2022 - 12:57:15: [SM] Blaming: weapon_restrict.smx
L 09/23/2022 - 12:57:15: [SM] Call stack trace:
L 09/23/2022 - 12:57:15: [SM]   [1] Line 202, restrictinc/events.sp::CS_OnBuyCommand
L 09/23/2022 - 12:57:44: [SM] Exception reported: Array index out-of-bounds (index 64, limit 55)
L 09/23/2022 - 12:57:44: [SM] Blaming: weapon_restrict.smx
L 09/23/2022 - 12:57:44: [SM] Call stack trace:
L 09/23/2022 - 12:57:44: [SM]   [1] Line 202, restrictinc/events.sp::CS_OnBuyCommand
L 09/23/2022 - 12:57:46: [SM] Exception reported: Array index out-of-bounds (index 64, limit 55)
L 09/23/2022 - 12:57:46: [SM] Blaming: weapon_restrict.smx
L 09/23/2022 - 12:57:46: [SM] Call stack trace:
L 09/23/2022 - 12:57:46: [SM]   [1] Line 202, restrictinc/events.sp::CS_OnBuyCommand
L 09/23/2022 - 12:57:47: [SM] Exception reported: Array index out-of-bounds (index 64, limit 55)
L 09/23/2022 - 12:57:47: [SM] Blaming: weapon_restrict.smx
L 09/23/2022 - 12:57:47: [SM] Call stack trace:
L 09/23/2022 - 12:57:47: [SM]   [1] Line 202, restrictinc/events.sp::CS_OnBuyCommand
L 09/23/2022 - 12:57:49: [SM] Exception reported: Array index out-of-bounds (index 64, limit 55)
L 09/23/2022 - 12:57:49: [SM] Blaming: weapon_restrict.smx
L 09/23/2022 - 12:57:49: [SM] Call stack trace:
L 09/23/2022 - 12:57:49: [SM]   [1] Line 202, restrictinc/events.sp::CS_OnBuyCommand
L 09/23/2022 - 12:59:03: [SM] Exception reported: Array index out-of-bounds (index 64, limit 55)
L 09/23/2022 - 12:59:03: [SM] Blaming: weapon_restrict.smx
L 09/23/2022 - 12:59:03: [SM] Call stack trace:
L 09/23/2022 - 12:59:03: [SM]   [1] Line 202, restrictinc/events.sp::CS_OnBuyCommand
L 09/23/2022 - 12:59:36: [SM] Exception reported: Array index out-of-bounds (index 64, limit 55)
L 09/23/2022 - 12:59:36: [SM] Blaming: weapon_restrict.smx
L 09/23/2022 - 12:59:36: [SM] Call stack trace:
L 09/23/2022 - 12:59:36: [SM]   [1] Line 202, restrictinc/events.sp::CS_OnBuyCommand
L 09/23/2022 - 12:59:46: [SM] Exception reported: Array index out-of-bounds (index 64, limit 55)
L 09/23/2022 - 12:59:46: [SM] Blaming: weapon_restrict.smx
L 09/23/2022 - 12:59:46: [SM] Call stack trace:
L 09/23/2022 - 12:59:46: [SM]   [1] Line 202, restrictinc/events.sp::CS_OnBuyCommand
L 09/23/2022 - 12:59:50: [SM] Exception reported: Array index out-of-bounds (index 64, limit 55)
L 09/23/2022 - 12:59:50: [SM] Blaming: weapon_restrict.smx
L 09/23/2022 - 12:59:50: [SM] Call stack trace:
L 09/23/2022 - 12:59:50: [SM]   [1] Line 202, restrictinc/events.sp::CS_OnBuyCommand
L 09/23/2022 - 12:59:56: [SM] Exception reported: Array index out-of-bounds (index 64, limit 55)
L 09/23/2022 - 12:59:56: [SM] Blaming: weapon_restrict.smx
L 09/23/2022 - 12:59:56: [SM] Call stack trace:
L 09/23/2022 - 12:59:56: [SM]   [1] Line 202, restrictinc/events.sp::CS_OnBuyCommand
L 09/23/2022 - 13:00:03: [SM] Exception reported: Array index out-of-bounds (index 64, limit 55)
L 09/23/2022 - 13:00:03: [SM] Blaming: weapon_restrict.smx
L 09/23/2022 - 13:00:03: [SM] Call stack trace:
L 09/23/2022 - 13:00:03: [SM]   [1] Line 202, restrictinc/events.sp::CS_OnBuyCommand
L 09/23/2022 - 13:00:13: [SM] Exception reported: Array index out-of-bounds (index 64, limit 55)
L 09/23/2022 - 13:00:13: [SM] Blaming: weapon_restrict.smx
L 09/23/2022 - 13:00:13: [SM] Call stack trace:
L 09/23/2022 - 13:00:13: [SM]   [1] Line 202, restrictinc/events.sp::CS_OnBuyCommand
L 09/23/2022 - 13:00:49: [SM] Exception reported: Array index out-of-bounds (index 64, limit 55)
L 09/23/2022 - 13:00:49: [SM] Blaming: weapon_restrict.smx
L 09/23/2022 - 13:00:49: [SM] Call stack trace:
L 09/23/2022 - 13:00:49: [SM]   [1] Line 202, restrictinc/events.sp::CS_OnBuyCommand
L 09/23/2022 - 13:01:25: [SM] Exception reported: Array index out-of-bounds (index 64, limit 55)
L 09/23/2022 - 13:01:25: [SM] Blaming: weapon_restrict.smx
L 09/23/2022 - 13:01:25: [SM] Call stack trace:
L 09/23/2022 - 13:01:25: [SM]   [1] Line 202, restrictinc/events.sp::CS_OnBuyCommand
L 09/23/2022 - 13:01:48: [SM] Exception reported: Array index out-of-bounds (index 64, limit 55)
L 09/23/2022 - 13:01:48: [SM] Blaming: weapon_restrict.smx
L 09/23/2022 - 13:01:48: [SM] Call stack trace:
L 09/23/2022 - 13:01:48: [SM]   [1] Line 202, restrictinc/events.sp::CS_OnBuyCommand
L 09/23/2022 - 13:01:58: [SM] Exception reported: Array index out-of-bounds (index 64, limit 55)
L 09/23/2022 - 13:01:58: [SM] Blaming: weapon_restrict.smx
L 09/23/2022 - 13:01:58: [SM] Call stack trace:
L 09/23/2022 - 13:01:58: [SM]   [1] Line 202, restrictinc/events.sp::CS_OnBuyCommand
L 09/23/2022 - 13:02:05: [SM] Exception reported: Array index out-of-bounds (index 64, limit 55)
L 09/23/2022 - 13:02:05: [SM] Blaming: weapon_restrict.smx
L 09/23/2022 - 13:02:05: [SM] Call stack trace:
L 09/23/2022 - 13:02:05: [SM]   [1] Line 202, restrictinc/events.sp::CS_OnBuyCommand
L 09/23/2022 - 13:02:21: [SM] Exception reported: Array index out-of-bounds (index 64, limit 55)
L 09/23/2022 - 13:02:21: [SM] Blaming: weapon_restrict.smx
L 09/23/2022 - 13:02:21: [SM] Call stack trace:
L 09/23/2022 - 13:02:21: [SM]   [1] Line 202, restrictinc/events.sp::CS_OnBuyCommand
L 09/23/2022 - 13:02:46: [SM] Exception reported: Array index out-of-bounds (index 64, limit 55)
L 09/23/2022 - 13:02:46: [SM] Blaming: weapon_restrict.smx
L 09/23/2022 - 13:02:46: [SM] Call stack trace:
L 09/23/2022 - 13:02:46: [SM]   [1] Line 202, restrictinc/events.sp::CS_OnBuyCommand
L 09/23/2022 - 13:02:53: [SM] Exception reported: Array index out-of-bounds (index 64, limit 55)
L 09/23/2022 - 13:02:53: [SM] Blaming: weapon_restrict.smx
L 09/23/2022 - 13:02:53: [SM] Call stack trace:
L 09/23/2022 - 13:02:53: [SM]   [1] Line 202, restrictinc/events.sp::CS_OnBuyCommand
L 09/23/2022 - 13:03:23: [SM] Exception reported: Array index out-of-bounds (index 64, limit 55)
L 09/23/2022 - 13:03:23: [SM] Blaming: weapon_restrict.smx
L 09/23/2022 - 13:03:23: [SM] Call stack trace:
L 09/23/2022 - 13:03:23: [SM]   [1] Line 202, restrictinc/events.sp::CS_OnBuyCommand
L 09/23/2022 - 13:03:41: [SM] Exception reported: Array index out-of-bounds (index 64, limit 55)
L 09/23/2022 - 13:03:41: [SM] Blaming: weapon_restrict.smx
L 09/23/2022 - 13:03:41: [SM] Call stack trace:
L 09/23/2022 - 13:03:41: [SM]   [1] Line 202, restrictinc/events.sp::CS_OnBuyCommand
L 09/23/2022 - 13:04:09: [SM] Exception reported: Array index out-of-bounds (index 64, limit 55)
L 09/23/2022 - 13:04:09: [SM] Blaming: weapon_restrict.smx
L 09/23/2022 - 13:04:09: [SM] Call stack trace:
L 09/23/2022 - 13:04:09: [SM]   [1] Line 202, restrictinc/events.sp::CS_OnBuyCommand
L 09/23/2022 - 13:04:53: [SM] Exception reported: Array index out-of-bounds (index 64, limit 55)
L 09/23/2022 - 13:04:53: [SM] Blaming: weapon_restrict.smx
L 09/23/2022 - 13:04:53: [SM] Call stack trace:
L 09/23/2022 - 13:04:53: [SM]   [1] Line 202, restrictinc/events.sp::CS_OnBuyCommand
L 09/23/2022 - 13:05:05: [SM] Exception reported: Array index out-of-bounds (index 64, limit 55)
L 09/23/2022 - 13:05:05: [SM] Blaming: weapon_restrict.smx
L 09/23/2022 - 13:05:05: [SM] Call stack trace:
L 09/23/2022 - 13:05:05: [SM]   [1] Line 202, restrictinc/events.sp::CS_OnBuyCommand
L 09/23/2022 - 13:05:26: [SM] Exception reported: Array index out-of-bounds (index 64, limit 55)
L 09/23/2022 - 13:05:26: [SM] Blaming: weapon_restrict.smx
L 09/23/2022 - 13:05:26: [SM] Call stack trace:
L 09/23/2022 - 13:05:26: [SM]   [1] Line 202, restrictinc/events.sp::CS_OnBuyCommand
L 09/23/2022 - 13:05:37: [SM] Exception reported: Array index out-of-bounds (index 64, limit 55)
L 09/23/2022 - 13:05:37: [SM] Blaming: weapon_restrict.smx
L 09/23/2022 - 13:05:37: [SM] Call stack trace:
L 09/23/2022 - 13:05:37: [SM]   [1] Line 202, restrictinc/events.sp::CS_OnBuyCommand
L 09/23/2022 - 13:06:26: [SM] Exception reported: Array index out-of-bounds (index 64, limit 55)
L 09/23/2022 - 13:06:26: [SM] Blaming: weapon_restrict.smx
L 09/23/2022 - 13:06:26: [SM] Call stack trace:
L 09/23/2022 - 13:06:26: [SM]   [1] Line 202, restrictinc/events.sp::CS_OnBuyCommand
L 09/23/2022 - 13:06:35: [SM] Exception reported: Array index out-of-bounds (index 64, limit 55)
L 09/23/2022 - 13:06:35: [SM] Blaming: weapon_restrict.smx
L 09/23/2022 - 13:06:35: [SM] Call stack trace:
L 09/23/2022 - 13:06:35: [SM]   [1] Line 202, restrictinc/events.sp::CS_OnBuyCommand
L 09/23/2022 - 13:07:05: [SM] Exception reported: Array index out-of-bounds (index 64, limit 55)
L 09/23/2022 - 13:07:05: [SM] Blaming: weapon_restrict.smx
L 09/23/2022 - 13:07:05: [SM] Call stack trace:
L 09/23/2022 - 13:07:05: [SM]   [1] Line 202, restrictinc/events.sp::CS_OnBuyCommand
L 09/23/2022 - 13:07:21: [SM] Exception reported: Array index out-of-bounds (index 64, limit 55)
L 09/23/2022 - 13:07:21: [SM] Blaming: weapon_restrict.smx
L 09/23/2022 - 13:07:21: [SM] Call stack trace:
L 09/23/2022 - 13:07:21: [SM]   [1] Line 202, restrictinc/events.sp::CS_OnBuyCommand
L 09/23/2022 - 13:07:34: [SM] Exception reported: Array index out-of-bounds (index 64, limit 55)
L 09/23/2022 - 13:07:34: [SM] Blaming: weapon_restrict.smx
L 09/23/2022 - 13:07:34: [SM] Call stack trace:
L 09/23/2022 - 13:07:34: [SM]   [1] Line 202, restrictinc/events.sp::CS_OnBuyCommand
L 09/23/2022 - 13:07:41: [SM] Exception reported: Array index out-of-bounds (index 64, limit 55)
L 09/23/2022 - 13:07:41: [SM] Blaming: weapon_restrict.smx
L 09/23/2022 - 13:07:41: [SM] Call stack trace:
L 09/23/2022 - 13:07:41: [SM]   [1] Line 202, restrictinc/events.sp::CS_OnBuyCommand
L 09/23/2022 - 13:07:58: [SM] Exception reported: Array index out-of-bounds (index 64, limit 55)
L 09/23/2022 - 13:07:58: [SM] Blaming: weapon_restrict.smx
L 09/23/2022 - 13:07:58: [SM] Call stack trace:
L 09/23/2022 - 13:07:58: [SM]   [1] Line 202, restrictinc/events.sp::CS_OnBuyCommand
L 09/23/2022 - 13:07:58: [SM] Exception reported: Array index out-of-bounds (index 64, limit 55)
L 09/23/2022 - 13:07:58: [SM] Blaming: weapon_restrict.smx
L 09/23/2022 - 13:07:58: [SM] Call stack trace:
L 09/23/2022 - 13:07:58: [SM]   [1] Line 202, restrictinc/events.sp::CS_OnBuyCommand
L 09/23/2022 - 13:07:58: [SM] Exception reported: Array index out-of-bounds (index 64, limit 55)
L 09/23/2022 - 13:07:58: [SM] Blaming: weapon_restrict.smx
L 09/23/2022 - 13:07:58: [SM] Call stack trace:
L 09/23/2022 - 13:07:58: [SM]   [1] Line 202, restrictinc/events.sp::CS_OnBuyCommand
L 09/23/2022 - 13:08:09: [SM] Exception reported: Array index out-of-bounds (index 64, limit 55)
L 09/23/2022 - 13:08:09: [SM] Blaming: weapon_restrict.smx
L 09/23/2022 - 13:08:09: [SM] Call stack trace:
L 09/23/2022 - 13:08:09: [SM]   [1] Line 202, restrictinc/events.sp::CS_OnBuyCommand
L 09/23/2022 - 13:08:15: [SM] Exception reported: Array index out-of-bounds (index 64, limit 55)
L 09/23/2022 - 13:08:15: [SM] Blaming: weapon_restrict.smx
L 09/23/2022 - 13:08:15: [SM] Call stack trace:
L 09/23/2022 - 13:08:15: [SM]   [1] Line 202, restrictinc/events.sp::CS_OnBuyCommand
L 09/23/2022 - 13:09:49: [SM] Exception reported: Array index out-of-bounds (index 64, limit 55)
L 09/23/2022 - 13:09:49: [SM] Blaming: weapon_restrict.smx
L 09/23/2022 - 13:09:49: [SM] Call stack trace:
L 09/23/2022 - 13:09:49: [SM]   [1] Line 202, restrictinc/events.sp::CS_OnBuyCommand
L 09/23/2022 - 13:10:25: [SM] Exception reported: Array index out-of-bounds (index 64, limit 55)
L 09/23/2022 - 13:10:25: [SM] Blaming: weapon_restrict.smx
L 09/23/2022 - 13:10:25: [SM] Call stack trace:
L 09/23/2022 - 13:10:25: [SM]   [1] Line 202, restrictinc/events.sp::CS_OnBuyCommand
L 09/23/2022 - 13:11:08: [SM] Exception reported: Array index out-of-bounds (index 64, limit 55)
L 09/23/2022 - 13:11:08: [SM] Blaming: weapon_restrict.smx
L 09/23/2022 - 13:11:08: [SM] Call stack trace:
L 09/23/2022 - 13:11:08: [SM]   [1] Line 202, restrictinc/events.sp::CS_OnBuyCommand
L 09/23/2022 - 13:11:39: [SM] Exception reported: Array index out-of-bounds (index 64, limit 55)
L 09/23/2022 - 13:11:39: [SM] Blaming: weapon_restrict.smx
L 09/23/2022 - 13:11:39: [SM] Call stack trace:
L 09/23/2022 - 13:11:39: [SM]   [1] Line 202, restrictinc/events.sp::CS_OnBuyCommand
L 09/23/2022 - 13:12:31: [SM] Exception reported: Array index out-of-bounds (index 64, limit 55)
L 09/23/2022 - 13:12:31: [SM] Blaming: weapon_restrict.smx
L 09/23/2022 - 13:12:31: [SM] Call stack trace:
L 09/23/2022 - 13:12:31: [SM]   [1] Line 202, restrictinc/events.sp::CS_OnBuyCommand
L 09/23/2022 - 13:13:20: [SM] Exception reported: Array index out-of-bounds (index 64, limit 55)
L 09/23/2022 - 13:13:20: [SM] Blaming: weapon_restrict.smx
L 09/23/2022 - 13:13:20: [SM] Call stack trace:
L 09/23/2022 - 13:13:20: [SM]   [1] Line 202, restrictinc/events.sp::CS_OnBuyCommand
L 09/23/2022 - 13:14:35: [SM] Exception reported: Array index out-of-bounds (index 64, limit 55)
L 09/23/2022 - 13:14:35: [SM] Blaming: weapon_restrict.smx
L 09/23/2022 - 13:14:35: [SM] Call stack trace:
L 09/23/2022 - 13:14:35: [SM]   [1] Line 202, restrictinc/events.sp::CS_OnBuyCommand
L 09/23/2022 - 13:14:53: [SM] Exception reported: Array index out-of-bounds (index 64, limit 55)
L 09/23/2022 - 13:14:53: [SM] Blaming: weapon_restrict.smx
L 09/23/2022 - 13:14:53: [SM] Call stack trace:
L 09/23/2022 - 13:14:53: [SM]   [1] Line 202, restrictinc/events.sp::CS_OnBuyCommand
L 09/23/2022 - 13:15:45: [SM] Exception reported: Array index out-of-bounds (index 64, limit 55)
L 09/23/2022 - 13:15:45: [SM] Blaming: weapon_restrict.smx
L 09/23/2022 - 13:15:45: [SM] Call stack trace:
L 09/23/2022 - 13:15:45: [SM]   [1] Line 202, restrictinc/events.sp::CS_OnBuyCommand
L 09/23/2022 - 13:15:57: [SM] Exception reported: Array index out-of-bounds (index 64, limit 55)
L 09/23/2022 - 13:15:57: [SM] Blaming: weapon_restrict.smx
L 09/23/2022 - 13:15:57: [SM] Call stack trace:
L 09/23/2022 - 13:15:57: [SM]   [1] Line 202, restrictinc/events.sp::CS_OnBuyCommand
L 09/23/2022 - 13:16:05: [SM] Exception reported: Array index out-of-bounds (index 64, limit 55)
L 09/23/2022 - 13:16:05: [SM] Blaming: weapon_restrict.smx
L 09/23/2022 - 13:16:05: [SM] Call stack trace:
L 09/23/2022 - 13:16:05: [SM]   [1] Line 202, restrictinc/events.sp::CS_OnBuyCommand
L 09/23/2022 - 13:16:34: [SM] Exception reported: Array index out-of-bounds (index 64, limit 55)
L 09/23/2022 - 13:16:34: [SM] Blaming: weapon_restrict.smx
L 09/23/2022 - 13:16:34: [SM] Call stack trace:
L 09/23/2022 - 13:16:34: [SM]   [1] Line 202, restrictinc/events.sp::CS_OnBuyCommand
L 09/23/2022 - 13:17:03: [SM] Exception reported: Array index out-of-bounds (index 64, limit 55)
L 09/23/2022 - 13:17:03: [SM] Blaming: weapon_restrict.smx
L 09/23/2022 - 13:17:03: [SM] Call stack trace:
L 09/23/2022 - 13:17:03: [SM]   [1] Line 202, restrictinc/events.sp::CS_OnBuyCommand
L 09/23/2022 - 13:17:07: [SM] Exception reported: Array index out-of-bounds (index 64, limit 55)
L 09/23/2022 - 13:17:07: [SM] Blaming: weapon_restrict.smx
L 09/23/2022 - 13:17:07: [SM] Call stack trace:
L 09/23/2022 - 13:17:07: [SM]   [1] Line 202, restrictinc/events.sp::CS_OnBuyCommand
L 09/23/2022 - 13:17:17: [SM] Exception reported: Array index out-of-bounds (index 64, limit 55)
L 09/23/2022 - 13:17:17: [SM] Blaming: weapon_restrict.smx
L 09/23/2022 - 13:17:17: [SM] Call stack trace:
L 09/23/2022 - 13:17:17: [SM]   [1] Line 202, restrictinc/events.sp::CS_OnBuyCommand
L 09/23/2022 - 13:17:29: [SM] Exception reported: Array index out-of-bounds (index 64, limit 55)
L 09/23/2022 - 13:17:29: [SM] Blaming: weapon_restrict.smx
L 09/23/2022 - 13:17:29: [SM] Call stack trace:
L 09/23/2022 - 13:17:29: [SM]   [1] Line 202, restrictinc/events.sp::CS_OnBuyCommand
L 09/23/2022 - 13:22:47: Error log file session closed.
L 09/23/2022 - 14:38:10: SourceMod error session started
L 09/23/2022 - 14:38:10: Info (map "de_mirage") (file "/badfupo/server1/csgo/addons/sourcemod/logs/errors_20220923.log")
L 09/23/2022 - 14:38:10: [warmod.smx] Plug-in tEasyFTP.smx required to auto upload demos
L 09/23/2022 - 14:38:34: Error log file session closed.
