L 12/02/2022 - 20:05:35: SourceMod error session started
L 12/02/2022 - 20:05:35: Info (map "de_mirage") (file "/csgoserver/server1/csgo/addons/sourcemod/logs/errors_20221202.log")
L 12/02/2022 - 20:05:35: [SM] Exception reported: Array index out-of-bounds (index 64, limit 55)
L 12/02/2022 - 20:05:35: [SM] Blaming: weapon_restrict.smx
L 12/02/2022 - 20:05:35: [SM] Call stack trace:
L 12/02/2022 - 20:05:35: [SM]   [1] Line 202, restrictinc/events.sp::CS_OnBuyCommand
L 12/02/2022 - 20:05:35: [SM] Exception reported: Array index out-of-bounds (index 64, limit 55)
L 12/02/2022 - 20:05:35: [SM] Blaming: weapon_restrict.smx
L 12/02/2022 - 20:05:35: [SM] Call stack trace:
L 12/02/2022 - 20:05:35: [SM]   [1] Line 202, restrictinc/events.sp::CS_OnBuyCommand
L 12/02/2022 - 20:06:17: [SM] Exception reported: Array index out-of-bounds (index 64, limit 55)
L 12/02/2022 - 20:06:17: [SM] Blaming: weapon_restrict.smx
L 12/02/2022 - 20:06:17: [SM] Call stack trace:
L 12/02/2022 - 20:06:17: [SM]   [1] Line 202, restrictinc/events.sp::CS_OnBuyCommand
L 12/02/2022 - 20:06:22: [SM] Exception reported: Array index out-of-bounds (index 64, limit 55)
L 12/02/2022 - 20:06:22: [SM] Blaming: weapon_restrict.smx
L 12/02/2022 - 20:06:22: [SM] Call stack trace:
L 12/02/2022 - 20:06:22: [SM]   [1] Line 202, restrictinc/events.sp::CS_OnBuyCommand
L 12/02/2022 - 20:09:17: [SM] Exception reported: Array index out-of-bounds (index 64, limit 55)
L 12/02/2022 - 20:09:17: [SM] Blaming: weapon_restrict.smx
L 12/02/2022 - 20:09:17: [SM] Call stack trace:
L 12/02/2022 - 20:09:17: [SM]   [1] Line 202, restrictinc/events.sp::CS_OnBuyCommand
L 12/02/2022 - 20:09:27: [SM] Exception reported: Array index out-of-bounds (index 64, limit 55)
L 12/02/2022 - 20:09:27: [SM] Blaming: weapon_restrict.smx
L 12/02/2022 - 20:09:27: [SM] Call stack trace:
L 12/02/2022 - 20:09:27: [SM]   [1] Line 202, restrictinc/events.sp::CS_OnBuyCommand
L 12/02/2022 - 20:09:57: [SM] Exception reported: Array index out-of-bounds (index 64, limit 55)
L 12/02/2022 - 20:09:57: [SM] Blaming: weapon_restrict.smx
L 12/02/2022 - 20:09:57: [SM] Call stack trace:
L 12/02/2022 - 20:09:57: [SM]   [1] Line 202, restrictinc/events.sp::CS_OnBuyCommand
L 12/02/2022 - 20:10:36: [SM] Exception reported: Array index out-of-bounds (index 64, limit 55)
L 12/02/2022 - 20:10:36: [SM] Blaming: weapon_restrict.smx
L 12/02/2022 - 20:10:36: [SM] Call stack trace:
L 12/02/2022 - 20:10:36: [SM]   [1] Line 202, restrictinc/events.sp::CS_OnBuyCommand
L 12/02/2022 - 20:11:52: [SM] Exception reported: Array index out-of-bounds (index 64, limit 55)
L 12/02/2022 - 20:11:52: [SM] Blaming: weapon_restrict.smx
L 12/02/2022 - 20:11:52: [SM] Call stack trace:
L 12/02/2022 - 20:11:52: [SM]   [1] Line 202, restrictinc/events.sp::CS_OnBuyCommand
L 12/02/2022 - 20:14:14: [SM] Exception reported: Array index out-of-bounds (index 64, limit 55)
L 12/02/2022 - 20:14:14: [SM] Blaming: weapon_restrict.smx
L 12/02/2022 - 20:14:14: [SM] Call stack trace:
L 12/02/2022 - 20:14:14: [SM]   [1] Line 202, restrictinc/events.sp::CS_OnBuyCommand
L 12/02/2022 - 20:18:01: [SM] Exception reported: Array index out-of-bounds (index 64, limit 55)
L 12/02/2022 - 20:18:01: [SM] Blaming: weapon_restrict.smx
L 12/02/2022 - 20:18:01: [SM] Call stack trace:
L 12/02/2022 - 20:18:01: [SM]   [1] Line 202, restrictinc/events.sp::CS_OnBuyCommand
L 12/02/2022 - 20:20:09: [SM] Exception reported: Array index out-of-bounds (index 64, limit 55)
L 12/02/2022 - 20:20:09: [SM] Blaming: weapon_restrict.smx
L 12/02/2022 - 20:20:09: [SM] Call stack trace:
L 12/02/2022 - 20:20:09: [SM]   [1] Line 202, restrictinc/events.sp::CS_OnBuyCommand
L 12/02/2022 - 20:20:46: [SM] Exception reported: Array index out-of-bounds (index 64, limit 55)
L 12/02/2022 - 20:20:46: [SM] Blaming: weapon_restrict.smx
L 12/02/2022 - 20:20:46: [SM] Call stack trace:
L 12/02/2022 - 20:20:46: [SM]   [1] Line 202, restrictinc/events.sp::CS_OnBuyCommand
L 12/02/2022 - 20:21:02: [SM] Exception reported: Array index out-of-bounds (index 64, limit 55)
L 12/02/2022 - 20:21:02: [SM] Blaming: weapon_restrict.smx
L 12/02/2022 - 20:21:02: [SM] Call stack trace:
L 12/02/2022 - 20:21:02: [SM]   [1] Line 202, restrictinc/events.sp::CS_OnBuyCommand
L 12/02/2022 - 20:21:31: [SM] Exception reported: Array index out-of-bounds (index 64, limit 55)
L 12/02/2022 - 20:21:31: [SM] Blaming: weapon_restrict.smx
L 12/02/2022 - 20:21:31: [SM] Call stack trace:
L 12/02/2022 - 20:21:31: [SM]   [1] Line 202, restrictinc/events.sp::CS_OnBuyCommand
L 12/02/2022 - 20:22:08: [SM] Exception reported: Array index out-of-bounds (index 64, limit 55)
L 12/02/2022 - 20:22:08: [SM] Blaming: weapon_restrict.smx
L 12/02/2022 - 20:22:08: [SM] Call stack trace:
L 12/02/2022 - 20:22:08: [SM]   [1] Line 202, restrictinc/events.sp::CS_OnBuyCommand
L 12/02/2022 - 20:22:28: [SM] Exception reported: Array index out-of-bounds (index 64, limit 55)
L 12/02/2022 - 20:22:28: [SM] Blaming: weapon_restrict.smx
L 12/02/2022 - 20:22:28: [SM] Call stack trace:
L 12/02/2022 - 20:22:28: [SM]   [1] Line 202, restrictinc/events.sp::CS_OnBuyCommand
L 12/02/2022 - 20:22:43: [SM] Exception reported: Array index out-of-bounds (index 64, limit 55)
L 12/02/2022 - 20:22:43: [SM] Blaming: weapon_restrict.smx
L 12/02/2022 - 20:22:43: [SM] Call stack trace:
L 12/02/2022 - 20:22:43: [SM]   [1] Line 202, restrictinc/events.sp::CS_OnBuyCommand
L 12/02/2022 - 20:23:06: [SM] Exception reported: Array index out-of-bounds (index 64, limit 55)
L 12/02/2022 - 20:23:06: [SM] Blaming: weapon_restrict.smx
L 12/02/2022 - 20:23:06: [SM] Call stack trace:
L 12/02/2022 - 20:23:06: [SM]   [1] Line 202, restrictinc/events.sp::CS_OnBuyCommand
L 12/02/2022 - 20:23:15: [SM] Exception reported: Array index out-of-bounds (index 64, limit 55)
L 12/02/2022 - 20:23:15: [SM] Blaming: weapon_restrict.smx
L 12/02/2022 - 20:23:15: [SM] Call stack trace:
L 12/02/2022 - 20:23:15: [SM]   [1] Line 202, restrictinc/events.sp::CS_OnBuyCommand
L 12/02/2022 - 20:23:24: [SM] Exception reported: Array index out-of-bounds (index 64, limit 55)
L 12/02/2022 - 20:23:24: [SM] Blaming: weapon_restrict.smx
L 12/02/2022 - 20:23:24: [SM] Call stack trace:
L 12/02/2022 - 20:23:24: [SM]   [1] Line 202, restrictinc/events.sp::CS_OnBuyCommand
L 12/02/2022 - 20:23:53: [SM] Exception reported: Array index out-of-bounds (index 64, limit 55)
L 12/02/2022 - 20:23:53: [SM] Blaming: weapon_restrict.smx
L 12/02/2022 - 20:23:53: [SM] Call stack trace:
L 12/02/2022 - 20:23:53: [SM]   [1] Line 202, restrictinc/events.sp::CS_OnBuyCommand
L 12/02/2022 - 20:25:04: [SM] Exception reported: Array index out-of-bounds (index 64, limit 55)
L 12/02/2022 - 20:25:04: [SM] Blaming: weapon_restrict.smx
L 12/02/2022 - 20:25:04: [SM] Call stack trace:
L 12/02/2022 - 20:25:04: [SM]   [1] Line 202, restrictinc/events.sp::CS_OnBuyCommand
L 12/02/2022 - 20:25:22: [SM] Exception reported: Array index out-of-bounds (index 64, limit 55)
L 12/02/2022 - 20:25:22: [SM] Blaming: weapon_restrict.smx
L 12/02/2022 - 20:25:22: [SM] Call stack trace:
L 12/02/2022 - 20:25:22: [SM]   [1] Line 202, restrictinc/events.sp::CS_OnBuyCommand
L 12/02/2022 - 20:25:40: [SM] Exception reported: Array index out-of-bounds (index 64, limit 55)
L 12/02/2022 - 20:25:40: [SM] Blaming: weapon_restrict.smx
L 12/02/2022 - 20:25:40: [SM] Call stack trace:
L 12/02/2022 - 20:25:40: [SM]   [1] Line 202, restrictinc/events.sp::CS_OnBuyCommand
L 12/02/2022 - 20:26:35: [SM] Exception reported: Array index out-of-bounds (index 64, limit 55)
L 12/02/2022 - 20:26:35: [SM] Blaming: weapon_restrict.smx
L 12/02/2022 - 20:26:35: [SM] Call stack trace:
L 12/02/2022 - 20:26:35: [SM]   [1] Line 202, restrictinc/events.sp::CS_OnBuyCommand
L 12/02/2022 - 20:27:51: [SM] Exception reported: Array index out-of-bounds (index 64, limit 55)
L 12/02/2022 - 20:27:51: [SM] Blaming: weapon_restrict.smx
L 12/02/2022 - 20:27:51: [SM] Call stack trace:
L 12/02/2022 - 20:27:51: [SM]   [1] Line 202, restrictinc/events.sp::CS_OnBuyCommand
L 12/02/2022 - 20:27:59: [SM] Exception reported: Array index out-of-bounds (index 64, limit 55)
L 12/02/2022 - 20:27:59: [SM] Blaming: weapon_restrict.smx
L 12/02/2022 - 20:27:59: [SM] Call stack trace:
L 12/02/2022 - 20:27:59: [SM]   [1] Line 202, restrictinc/events.sp::CS_OnBuyCommand
L 12/02/2022 - 20:28:47: [SM] Exception reported: Array index out-of-bounds (index 64, limit 55)
L 12/02/2022 - 20:28:47: [SM] Blaming: weapon_restrict.smx
L 12/02/2022 - 20:28:47: [SM] Call stack trace:
L 12/02/2022 - 20:28:47: [SM]   [1] Line 202, restrictinc/events.sp::CS_OnBuyCommand
L 12/02/2022 - 20:28:48: [SM] Exception reported: Array index out-of-bounds (index 63, limit 55)
L 12/02/2022 - 20:28:48: [SM] Blaming: weapon_restrict.smx
L 12/02/2022 - 20:28:48: [SM] Call stack trace:
L 12/02/2022 - 20:28:48: [SM]   [1] Line 202, restrictinc/events.sp::CS_OnBuyCommand
L 12/02/2022 - 20:28:50: [SM] Exception reported: Array index out-of-bounds (index 64, limit 55)
L 12/02/2022 - 20:28:50: [SM] Blaming: weapon_restrict.smx
L 12/02/2022 - 20:28:50: [SM] Call stack trace:
L 12/02/2022 - 20:28:50: [SM]   [1] Line 202, restrictinc/events.sp::CS_OnBuyCommand
L 12/02/2022 - 20:29:00: [SM] Exception reported: Array index out-of-bounds (index 64, limit 55)
L 12/02/2022 - 20:29:00: [SM] Blaming: weapon_restrict.smx
L 12/02/2022 - 20:29:00: [SM] Call stack trace:
L 12/02/2022 - 20:29:00: [SM]   [1] Line 202, restrictinc/events.sp::CS_OnBuyCommand
L 12/02/2022 - 20:29:16: [SM] Exception reported: Array index out-of-bounds (index 64, limit 55)
L 12/02/2022 - 20:29:16: [SM] Blaming: weapon_restrict.smx
L 12/02/2022 - 20:29:16: [SM] Call stack trace:
L 12/02/2022 - 20:29:16: [SM]   [1] Line 202, restrictinc/events.sp::CS_OnBuyCommand
L 12/02/2022 - 20:29:17: [SM] Exception reported: Array index out-of-bounds (index 63, limit 55)
L 12/02/2022 - 20:29:17: [SM] Blaming: weapon_restrict.smx
L 12/02/2022 - 20:29:17: [SM] Call stack trace:
L 12/02/2022 - 20:29:17: [SM]   [1] Line 202, restrictinc/events.sp::CS_OnBuyCommand
L 12/02/2022 - 20:29:20: [SM] Exception reported: Array index out-of-bounds (index 64, limit 55)
L 12/02/2022 - 20:29:20: [SM] Blaming: weapon_restrict.smx
L 12/02/2022 - 20:29:20: [SM] Call stack trace:
L 12/02/2022 - 20:29:20: [SM]   [1] Line 202, restrictinc/events.sp::CS_OnBuyCommand
L 12/02/2022 - 20:29:28: [SM] Exception reported: Array index out-of-bounds (index 64, limit 55)
L 12/02/2022 - 20:29:28: [SM] Blaming: weapon_restrict.smx
L 12/02/2022 - 20:29:28: [SM] Call stack trace:
L 12/02/2022 - 20:29:28: [SM]   [1] Line 202, restrictinc/events.sp::CS_OnBuyCommand
L 12/02/2022 - 20:30:38: [SM] Exception reported: Array index out-of-bounds (index 64, limit 55)
L 12/02/2022 - 20:30:38: [SM] Blaming: weapon_restrict.smx
L 12/02/2022 - 20:30:38: [SM] Call stack trace:
L 12/02/2022 - 20:30:38: [SM]   [1] Line 202, restrictinc/events.sp::CS_OnBuyCommand
L 12/02/2022 - 20:31:08: [SM] Exception reported: Array index out-of-bounds (index 64, limit 55)
L 12/02/2022 - 20:31:08: [SM] Blaming: weapon_restrict.smx
L 12/02/2022 - 20:31:08: [SM] Call stack trace:
L 12/02/2022 - 20:31:08: [SM]   [1] Line 202, restrictinc/events.sp::CS_OnBuyCommand
L 12/02/2022 - 20:31:13: [SM] Exception reported: Array index out-of-bounds (index 64, limit 55)
L 12/02/2022 - 20:31:13: [SM] Blaming: weapon_restrict.smx
L 12/02/2022 - 20:31:13: [SM] Call stack trace:
L 12/02/2022 - 20:31:13: [SM]   [1] Line 202, restrictinc/events.sp::CS_OnBuyCommand
L 12/02/2022 - 20:31:18: [SM] Exception reported: Array index out-of-bounds (index 64, limit 55)
L 12/02/2022 - 20:31:18: [SM] Blaming: weapon_restrict.smx
L 12/02/2022 - 20:31:18: [SM] Call stack trace:
L 12/02/2022 - 20:31:18: [SM]   [1] Line 202, restrictinc/events.sp::CS_OnBuyCommand
L 12/02/2022 - 20:31:21: [SM] Exception reported: Array index out-of-bounds (index 64, limit 55)
L 12/02/2022 - 20:31:21: [SM] Blaming: weapon_restrict.smx
L 12/02/2022 - 20:31:21: [SM] Call stack trace:
L 12/02/2022 - 20:31:21: [SM]   [1] Line 202, restrictinc/events.sp::CS_OnBuyCommand
L 12/02/2022 - 20:31:29: [SM] Exception reported: Array index out-of-bounds (index 64, limit 55)
L 12/02/2022 - 20:31:29: [SM] Blaming: weapon_restrict.smx
L 12/02/2022 - 20:31:29: [SM] Call stack trace:
L 12/02/2022 - 20:31:29: [SM]   [1] Line 202, restrictinc/events.sp::CS_OnBuyCommand
L 12/02/2022 - 20:31:55: [SM] Exception reported: Array index out-of-bounds (index 64, limit 55)
L 12/02/2022 - 20:31:55: [SM] Blaming: weapon_restrict.smx
L 12/02/2022 - 20:31:55: [SM] Call stack trace:
L 12/02/2022 - 20:31:55: [SM]   [1] Line 202, restrictinc/events.sp::CS_OnBuyCommand
L 12/02/2022 - 20:33:09: [SM] Exception reported: Array index out-of-bounds (index 64, limit 55)
L 12/02/2022 - 20:33:09: [SM] Blaming: weapon_restrict.smx
L 12/02/2022 - 20:33:09: [SM] Call stack trace:
L 12/02/2022 - 20:33:09: [SM]   [1] Line 202, restrictinc/events.sp::CS_OnBuyCommand
L 12/02/2022 - 20:33:17: [SM] Exception reported: Array index out-of-bounds (index 64, limit 55)
L 12/02/2022 - 20:33:17: [SM] Blaming: weapon_restrict.smx
L 12/02/2022 - 20:33:17: [SM] Call stack trace:
L 12/02/2022 - 20:33:17: [SM]   [1] Line 202, restrictinc/events.sp::CS_OnBuyCommand
L 12/02/2022 - 20:33:21: [SM] Exception reported: Array index out-of-bounds (index 64, limit 55)
L 12/02/2022 - 20:33:21: [SM] Blaming: weapon_restrict.smx
L 12/02/2022 - 20:33:21: [SM] Call stack trace:
L 12/02/2022 - 20:33:21: [SM]   [1] Line 202, restrictinc/events.sp::CS_OnBuyCommand
L 12/02/2022 - 20:33:27: [SM] Exception reported: Array index out-of-bounds (index 64, limit 55)
L 12/02/2022 - 20:33:27: [SM] Blaming: weapon_restrict.smx
L 12/02/2022 - 20:33:27: [SM] Call stack trace:
L 12/02/2022 - 20:33:27: [SM]   [1] Line 202, restrictinc/events.sp::CS_OnBuyCommand
L 12/02/2022 - 20:33:39: [SM] Exception reported: Array index out-of-bounds (index 64, limit 55)
L 12/02/2022 - 20:33:39: [SM] Blaming: weapon_restrict.smx
L 12/02/2022 - 20:33:39: [SM] Call stack trace:
L 12/02/2022 - 20:33:39: [SM]   [1] Line 202, restrictinc/events.sp::CS_OnBuyCommand
L 12/02/2022 - 20:33:48: [SM] Exception reported: Array index out-of-bounds (index 64, limit 55)
L 12/02/2022 - 20:33:48: [SM] Blaming: weapon_restrict.smx
L 12/02/2022 - 20:33:48: [SM] Call stack trace:
L 12/02/2022 - 20:33:48: [SM]   [1] Line 202, restrictinc/events.sp::CS_OnBuyCommand
L 12/02/2022 - 20:34:05: [SM] Exception reported: Array index out-of-bounds (index 64, limit 55)
L 12/02/2022 - 20:34:05: [SM] Blaming: weapon_restrict.smx
L 12/02/2022 - 20:34:05: [SM] Call stack trace:
L 12/02/2022 - 20:34:05: [SM]   [1] Line 202, restrictinc/events.sp::CS_OnBuyCommand
L 12/02/2022 - 20:34:33: [SM] Exception reported: Array index out-of-bounds (index 64, limit 55)
L 12/02/2022 - 20:34:33: [SM] Blaming: weapon_restrict.smx
L 12/02/2022 - 20:34:33: [SM] Call stack trace:
L 12/02/2022 - 20:34:33: [SM]   [1] Line 202, restrictinc/events.sp::CS_OnBuyCommand
L 12/02/2022 - 20:34:59: [SM] Exception reported: Array index out-of-bounds (index 64, limit 55)
L 12/02/2022 - 20:34:59: [SM] Blaming: weapon_restrict.smx
L 12/02/2022 - 20:34:59: [SM] Call stack trace:
L 12/02/2022 - 20:34:59: [SM]   [1] Line 202, restrictinc/events.sp::CS_OnBuyCommand
L 12/02/2022 - 20:35:05: [SM] Exception reported: Array index out-of-bounds (index 64, limit 55)
L 12/02/2022 - 20:35:05: [SM] Blaming: weapon_restrict.smx
L 12/02/2022 - 20:35:05: [SM] Call stack trace:
L 12/02/2022 - 20:35:05: [SM]   [1] Line 202, restrictinc/events.sp::CS_OnBuyCommand
L 12/02/2022 - 20:35:08: [SM] Exception reported: Array index out-of-bounds (index 64, limit 55)
L 12/02/2022 - 20:35:08: [SM] Blaming: weapon_restrict.smx
L 12/02/2022 - 20:35:08: [SM] Call stack trace:
L 12/02/2022 - 20:35:08: [SM]   [1] Line 202, restrictinc/events.sp::CS_OnBuyCommand
L 12/02/2022 - 20:35:27: [SM] Exception reported: Array index out-of-bounds (index 64, limit 55)
L 12/02/2022 - 20:35:27: [SM] Blaming: weapon_restrict.smx
L 12/02/2022 - 20:35:27: [SM] Call stack trace:
L 12/02/2022 - 20:35:27: [SM]   [1] Line 202, restrictinc/events.sp::CS_OnBuyCommand
L 12/02/2022 - 20:35:35: [SM] Exception reported: Array index out-of-bounds (index 64, limit 55)
L 12/02/2022 - 20:35:35: [SM] Blaming: weapon_restrict.smx
L 12/02/2022 - 20:35:35: [SM] Call stack trace:
L 12/02/2022 - 20:35:35: [SM]   [1] Line 202, restrictinc/events.sp::CS_OnBuyCommand
L 12/02/2022 - 20:35:39: [SM] Exception reported: Array index out-of-bounds (index 64, limit 55)
L 12/02/2022 - 20:35:39: [SM] Blaming: weapon_restrict.smx
L 12/02/2022 - 20:35:39: [SM] Call stack trace:
L 12/02/2022 - 20:35:39: [SM]   [1] Line 202, restrictinc/events.sp::CS_OnBuyCommand
L 12/02/2022 - 20:35:57: [SM] Exception reported: Array index out-of-bounds (index 64, limit 55)
L 12/02/2022 - 20:35:57: [SM] Blaming: weapon_restrict.smx
L 12/02/2022 - 20:35:57: [SM] Call stack trace:
L 12/02/2022 - 20:35:57: [SM]   [1] Line 202, restrictinc/events.sp::CS_OnBuyCommand
L 12/02/2022 - 20:36:15: [SM] Exception reported: Array index out-of-bounds (index 64, limit 55)
L 12/02/2022 - 20:36:15: [SM] Blaming: weapon_restrict.smx
L 12/02/2022 - 20:36:15: [SM] Call stack trace:
L 12/02/2022 - 20:36:15: [SM]   [1] Line 202, restrictinc/events.sp::CS_OnBuyCommand
L 12/02/2022 - 20:37:08: [SM] Exception reported: Array index out-of-bounds (index 64, limit 55)
L 12/02/2022 - 20:37:08: [SM] Blaming: weapon_restrict.smx
L 12/02/2022 - 20:37:08: [SM] Call stack trace:
L 12/02/2022 - 20:37:08: [SM]   [1] Line 202, restrictinc/events.sp::CS_OnBuyCommand
L 12/02/2022 - 20:37:11: [SM] Exception reported: Array index out-of-bounds (index 63, limit 55)
L 12/02/2022 - 20:37:11: [SM] Blaming: weapon_restrict.smx
L 12/02/2022 - 20:37:11: [SM] Call stack trace:
L 12/02/2022 - 20:37:11: [SM]   [1] Line 202, restrictinc/events.sp::CS_OnBuyCommand
L 12/02/2022 - 20:38:52: [SM] Exception reported: Array index out-of-bounds (index 64, limit 55)
L 12/02/2022 - 20:38:52: [SM] Blaming: weapon_restrict.smx
L 12/02/2022 - 20:38:52: [SM] Call stack trace:
L 12/02/2022 - 20:38:52: [SM]   [1] Line 202, restrictinc/events.sp::CS_OnBuyCommand
L 12/02/2022 - 20:40:03: [SM] Exception reported: Array index out-of-bounds (index 64, limit 55)
L 12/02/2022 - 20:40:03: [SM] Blaming: weapon_restrict.smx
L 12/02/2022 - 20:40:03: [SM] Call stack trace:
L 12/02/2022 - 20:40:03: [SM]   [1] Line 202, restrictinc/events.sp::CS_OnBuyCommand
L 12/02/2022 - 20:40:19: [SM] Exception reported: Array index out-of-bounds (index 64, limit 55)
L 12/02/2022 - 20:40:19: [SM] Blaming: weapon_restrict.smx
L 12/02/2022 - 20:40:19: [SM] Call stack trace:
L 12/02/2022 - 20:40:19: [SM]   [1] Line 202, restrictinc/events.sp::CS_OnBuyCommand
L 12/02/2022 - 20:40:26: [SM] Exception reported: Array index out-of-bounds (index 64, limit 55)
L 12/02/2022 - 20:40:26: [SM] Blaming: weapon_restrict.smx
L 12/02/2022 - 20:40:26: [SM] Call stack trace:
L 12/02/2022 - 20:40:26: [SM]   [1] Line 202, restrictinc/events.sp::CS_OnBuyCommand
L 12/02/2022 - 20:40:39: [SM] Exception reported: Array index out-of-bounds (index 64, limit 55)
L 12/02/2022 - 20:40:39: [SM] Blaming: weapon_restrict.smx
L 12/02/2022 - 20:40:39: [SM] Call stack trace:
L 12/02/2022 - 20:40:39: [SM]   [1] Line 202, restrictinc/events.sp::CS_OnBuyCommand
L 12/02/2022 - 20:40:42: [SM] Exception reported: Array index out-of-bounds (index 64, limit 55)
L 12/02/2022 - 20:40:42: [SM] Blaming: weapon_restrict.smx
L 12/02/2022 - 20:40:42: [SM] Call stack trace:
L 12/02/2022 - 20:40:42: [SM]   [1] Line 202, restrictinc/events.sp::CS_OnBuyCommand
L 12/02/2022 - 20:41:18: [SM] Exception reported: Array index out-of-bounds (index 64, limit 55)
L 12/02/2022 - 20:41:18: [SM] Blaming: weapon_restrict.smx
L 12/02/2022 - 20:41:18: [SM] Call stack trace:
L 12/02/2022 - 20:41:18: [SM]   [1] Line 202, restrictinc/events.sp::CS_OnBuyCommand
L 12/02/2022 - 20:41:39: [SM] Exception reported: Array index out-of-bounds (index 64, limit 55)
L 12/02/2022 - 20:41:39: [SM] Blaming: weapon_restrict.smx
L 12/02/2022 - 20:41:39: [SM] Call stack trace:
L 12/02/2022 - 20:41:39: [SM]   [1] Line 202, restrictinc/events.sp::CS_OnBuyCommand
L 12/02/2022 - 20:41:47: [SM] Exception reported: Array index out-of-bounds (index 64, limit 55)
L 12/02/2022 - 20:41:47: [SM] Blaming: weapon_restrict.smx
L 12/02/2022 - 20:41:47: [SM] Call stack trace:
L 12/02/2022 - 20:41:47: [SM]   [1] Line 202, restrictinc/events.sp::CS_OnBuyCommand
L 12/02/2022 - 20:41:56: [SM] Exception reported: Array index out-of-bounds (index 64, limit 55)
L 12/02/2022 - 20:41:56: [SM] Blaming: weapon_restrict.smx
L 12/02/2022 - 20:41:56: [SM] Call stack trace:
L 12/02/2022 - 20:41:56: [SM]   [1] Line 202, restrictinc/events.sp::CS_OnBuyCommand
L 12/02/2022 - 20:41:57: [SM] Exception reported: Array index out-of-bounds (index 63, limit 55)
L 12/02/2022 - 20:41:57: [SM] Blaming: weapon_restrict.smx
L 12/02/2022 - 20:41:57: [SM] Call stack trace:
L 12/02/2022 - 20:41:57: [SM]   [1] Line 202, restrictinc/events.sp::CS_OnBuyCommand
L 12/02/2022 - 20:42:06: [SM] Exception reported: Array index out-of-bounds (index 64, limit 55)
L 12/02/2022 - 20:42:06: [SM] Blaming: weapon_restrict.smx
L 12/02/2022 - 20:42:06: [SM] Call stack trace:
L 12/02/2022 - 20:42:06: [SM]   [1] Line 202, restrictinc/events.sp::CS_OnBuyCommand
L 12/02/2022 - 20:42:09: [SM] Exception reported: Array index out-of-bounds (index 64, limit 55)
L 12/02/2022 - 20:42:09: [SM] Blaming: weapon_restrict.smx
L 12/02/2022 - 20:42:09: [SM] Call stack trace:
L 12/02/2022 - 20:42:09: [SM]   [1] Line 202, restrictinc/events.sp::CS_OnBuyCommand
L 12/02/2022 - 20:42:18: [SM] Exception reported: Array index out-of-bounds (index 64, limit 55)
L 12/02/2022 - 20:42:18: [SM] Blaming: weapon_restrict.smx
L 12/02/2022 - 20:42:18: [SM] Call stack trace:
L 12/02/2022 - 20:42:18: [SM]   [1] Line 202, restrictinc/events.sp::CS_OnBuyCommand
L 12/02/2022 - 20:42:39: [SM] Exception reported: Array index out-of-bounds (index 64, limit 55)
L 12/02/2022 - 20:42:39: [SM] Blaming: weapon_restrict.smx
L 12/02/2022 - 20:42:39: [SM] Call stack trace:
L 12/02/2022 - 20:42:39: [SM]   [1] Line 202, restrictinc/events.sp::CS_OnBuyCommand
L 12/02/2022 - 20:42:41: [SM] Exception reported: Array index out-of-bounds (index 63, limit 55)
L 12/02/2022 - 20:42:41: [SM] Blaming: weapon_restrict.smx
L 12/02/2022 - 20:42:41: [SM] Call stack trace:
L 12/02/2022 - 20:42:41: [SM]   [1] Line 202, restrictinc/events.sp::CS_OnBuyCommand
L 12/02/2022 - 20:42:59: [SM] Exception reported: Array index out-of-bounds (index 64, limit 55)
L 12/02/2022 - 20:42:59: [SM] Blaming: weapon_restrict.smx
L 12/02/2022 - 20:42:59: [SM] Call stack trace:
L 12/02/2022 - 20:42:59: [SM]   [1] Line 202, restrictinc/events.sp::CS_OnBuyCommand
L 12/02/2022 - 20:43:00: [SM] Exception reported: Array index out-of-bounds (index 63, limit 55)
L 12/02/2022 - 20:43:00: [SM] Blaming: weapon_restrict.smx
L 12/02/2022 - 20:43:00: [SM] Call stack trace:
L 12/02/2022 - 20:43:00: [SM]   [1] Line 202, restrictinc/events.sp::CS_OnBuyCommand
L 12/02/2022 - 20:43:04: [SM] Exception reported: Array index out-of-bounds (index 64, limit 55)
L 12/02/2022 - 20:43:04: [SM] Blaming: weapon_restrict.smx
L 12/02/2022 - 20:43:04: [SM] Call stack trace:
L 12/02/2022 - 20:43:04: [SM]   [1] Line 202, restrictinc/events.sp::CS_OnBuyCommand
L 12/02/2022 - 20:43:05: [SM] Exception reported: Array index out-of-bounds (index 64, limit 55)
L 12/02/2022 - 20:43:05: [SM] Blaming: weapon_restrict.smx
L 12/02/2022 - 20:43:05: [SM] Call stack trace:
L 12/02/2022 - 20:43:05: [SM]   [1] Line 202, restrictinc/events.sp::CS_OnBuyCommand
L 12/02/2022 - 20:43:52: [SM] Exception reported: Array index out-of-bounds (index 64, limit 55)
L 12/02/2022 - 20:43:52: [SM] Blaming: weapon_restrict.smx
L 12/02/2022 - 20:43:52: [SM] Call stack trace:
L 12/02/2022 - 20:43:52: [SM]   [1] Line 202, restrictinc/events.sp::CS_OnBuyCommand
L 12/02/2022 - 20:44:14: [SM] Exception reported: Array index out-of-bounds (index 64, limit 55)
L 12/02/2022 - 20:44:14: [SM] Blaming: weapon_restrict.smx
L 12/02/2022 - 20:44:14: [SM] Call stack trace:
L 12/02/2022 - 20:44:14: [SM]   [1] Line 202, restrictinc/events.sp::CS_OnBuyCommand
L 12/02/2022 - 20:44:22: [SM] Exception reported: Array index out-of-bounds (index 64, limit 55)
L 12/02/2022 - 20:44:22: [SM] Blaming: weapon_restrict.smx
L 12/02/2022 - 20:44:22: [SM] Call stack trace:
L 12/02/2022 - 20:44:22: [SM]   [1] Line 202, restrictinc/events.sp::CS_OnBuyCommand
L 12/02/2022 - 20:44:30: [SM] Exception reported: Array index out-of-bounds (index 64, limit 55)
L 12/02/2022 - 20:44:30: [SM] Blaming: weapon_restrict.smx
L 12/02/2022 - 20:44:30: [SM] Call stack trace:
L 12/02/2022 - 20:44:30: [SM]   [1] Line 202, restrictinc/events.sp::CS_OnBuyCommand
L 12/02/2022 - 20:44:47: [SM] Exception reported: Array index out-of-bounds (index 64, limit 55)
L 12/02/2022 - 20:44:47: [SM] Blaming: weapon_restrict.smx
L 12/02/2022 - 20:44:47: [SM] Call stack trace:
L 12/02/2022 - 20:44:47: [SM]   [1] Line 202, restrictinc/events.sp::CS_OnBuyCommand
L 12/02/2022 - 20:44:58: [SM] Exception reported: Array index out-of-bounds (index 64, limit 55)
L 12/02/2022 - 20:44:58: [SM] Blaming: weapon_restrict.smx
L 12/02/2022 - 20:44:58: [SM] Call stack trace:
L 12/02/2022 - 20:44:58: [SM]   [1] Line 202, restrictinc/events.sp::CS_OnBuyCommand
L 12/02/2022 - 20:45:49: [SM] Exception reported: Array index out-of-bounds (index 64, limit 55)
L 12/02/2022 - 20:45:49: [SM] Blaming: weapon_restrict.smx
L 12/02/2022 - 20:45:49: [SM] Call stack trace:
L 12/02/2022 - 20:45:49: [SM]   [1] Line 202, restrictinc/events.sp::CS_OnBuyCommand
L 12/02/2022 - 20:45:51: [SM] Exception reported: Array index out-of-bounds (index 63, limit 55)
L 12/02/2022 - 20:45:51: [SM] Blaming: weapon_restrict.smx
L 12/02/2022 - 20:45:51: [SM] Call stack trace:
L 12/02/2022 - 20:45:51: [SM]   [1] Line 202, restrictinc/events.sp::CS_OnBuyCommand
L 12/02/2022 - 20:46:12: [SM] Exception reported: Array index out-of-bounds (index 64, limit 55)
L 12/02/2022 - 20:46:12: [SM] Blaming: weapon_restrict.smx
L 12/02/2022 - 20:46:12: [SM] Call stack trace:
L 12/02/2022 - 20:46:12: [SM]   [1] Line 202, restrictinc/events.sp::CS_OnBuyCommand
L 12/02/2022 - 20:46:14: [SM] Exception reported: Array index out-of-bounds (index 63, limit 55)
L 12/02/2022 - 20:46:14: [SM] Blaming: weapon_restrict.smx
L 12/02/2022 - 20:46:14: [SM] Call stack trace:
L 12/02/2022 - 20:46:14: [SM]   [1] Line 202, restrictinc/events.sp::CS_OnBuyCommand
L 12/02/2022 - 20:46:18: [SM] Exception reported: Array index out-of-bounds (index 64, limit 55)
L 12/02/2022 - 20:46:18: [SM] Blaming: weapon_restrict.smx
L 12/02/2022 - 20:46:18: [SM] Call stack trace:
L 12/02/2022 - 20:46:18: [SM]   [1] Line 202, restrictinc/events.sp::CS_OnBuyCommand
L 12/02/2022 - 20:46:20: [SM] Exception reported: Array index out-of-bounds (index 63, limit 55)
L 12/02/2022 - 20:46:20: [SM] Blaming: weapon_restrict.smx
L 12/02/2022 - 20:46:20: [SM] Call stack trace:
L 12/02/2022 - 20:46:20: [SM]   [1] Line 202, restrictinc/events.sp::CS_OnBuyCommand
L 12/02/2022 - 20:46:25: [SM] Exception reported: Array index out-of-bounds (index 64, limit 55)
L 12/02/2022 - 20:46:25: [SM] Blaming: weapon_restrict.smx
L 12/02/2022 - 20:46:25: [SM] Call stack trace:
L 12/02/2022 - 20:46:25: [SM]   [1] Line 202, restrictinc/events.sp::CS_OnBuyCommand
L 12/02/2022 - 20:46:26: [SM] Exception reported: Array index out-of-bounds (index 63, limit 55)
L 12/02/2022 - 20:46:26: [SM] Blaming: weapon_restrict.smx
L 12/02/2022 - 20:46:26: [SM] Call stack trace:
L 12/02/2022 - 20:46:26: [SM]   [1] Line 202, restrictinc/events.sp::CS_OnBuyCommand
L 12/02/2022 - 20:46:43: [SM] Exception reported: Array index out-of-bounds (index 64, limit 55)
L 12/02/2022 - 20:46:43: [SM] Blaming: weapon_restrict.smx
L 12/02/2022 - 20:46:43: [SM] Call stack trace:
L 12/02/2022 - 20:46:43: [SM]   [1] Line 202, restrictinc/events.sp::CS_OnBuyCommand
L 12/02/2022 - 20:47:02: [SM] Exception reported: Array index out-of-bounds (index 64, limit 55)
L 12/02/2022 - 20:47:02: [SM] Blaming: weapon_restrict.smx
L 12/02/2022 - 20:47:02: [SM] Call stack trace:
L 12/02/2022 - 20:47:02: [SM]   [1] Line 202, restrictinc/events.sp::CS_OnBuyCommand
L 12/02/2022 - 20:47:52: [SM] Exception reported: Array index out-of-bounds (index 64, limit 55)
L 12/02/2022 - 20:47:52: [SM] Blaming: weapon_restrict.smx
L 12/02/2022 - 20:47:52: [SM] Call stack trace:
L 12/02/2022 - 20:47:52: [SM]   [1] Line 202, restrictinc/events.sp::CS_OnBuyCommand
L 12/02/2022 - 20:48:16: [SM] Exception reported: Array index out-of-bounds (index 64, limit 55)
L 12/02/2022 - 20:48:16: [SM] Blaming: weapon_restrict.smx
L 12/02/2022 - 20:48:16: [SM] Call stack trace:
L 12/02/2022 - 20:48:16: [SM]   [1] Line 202, restrictinc/events.sp::CS_OnBuyCommand
L 12/02/2022 - 20:48:45: [SM] Exception reported: Array index out-of-bounds (index 64, limit 55)
L 12/02/2022 - 20:48:45: [SM] Blaming: weapon_restrict.smx
L 12/02/2022 - 20:48:45: [SM] Call stack trace:
L 12/02/2022 - 20:48:45: [SM]   [1] Line 202, restrictinc/events.sp::CS_OnBuyCommand
L 12/02/2022 - 20:49:29: [SM] Exception reported: Array index out-of-bounds (index 64, limit 55)
L 12/02/2022 - 20:49:29: [SM] Blaming: weapon_restrict.smx
L 12/02/2022 - 20:49:29: [SM] Call stack trace:
L 12/02/2022 - 20:49:29: [SM]   [1] Line 202, restrictinc/events.sp::CS_OnBuyCommand
L 12/02/2022 - 20:49:39: [SM] Exception reported: Array index out-of-bounds (index 64, limit 55)
L 12/02/2022 - 20:49:39: [SM] Blaming: weapon_restrict.smx
L 12/02/2022 - 20:49:39: [SM] Call stack trace:
L 12/02/2022 - 20:49:39: [SM]   [1] Line 202, restrictinc/events.sp::CS_OnBuyCommand
L 12/02/2022 - 20:49:53: [SM] Exception reported: Array index out-of-bounds (index 64, limit 55)
L 12/02/2022 - 20:49:53: [SM] Blaming: weapon_restrict.smx
L 12/02/2022 - 20:49:53: [SM] Call stack trace:
L 12/02/2022 - 20:49:53: [SM]   [1] Line 202, restrictinc/events.sp::CS_OnBuyCommand
L 12/02/2022 - 20:50:00: [SM] Exception reported: Array index out-of-bounds (index 64, limit 55)
L 12/02/2022 - 20:50:00: [SM] Blaming: weapon_restrict.smx
L 12/02/2022 - 20:50:00: [SM] Call stack trace:
L 12/02/2022 - 20:50:00: [SM]   [1] Line 202, restrictinc/events.sp::CS_OnBuyCommand
L 12/02/2022 - 20:50:13: [SM] Exception reported: Array index out-of-bounds (index 64, limit 55)
L 12/02/2022 - 20:50:13: [SM] Blaming: weapon_restrict.smx
L 12/02/2022 - 20:50:13: [SM] Call stack trace:
L 12/02/2022 - 20:50:13: [SM]   [1] Line 202, restrictinc/events.sp::CS_OnBuyCommand
L 12/02/2022 - 20:50:21: [SM] Exception reported: Array index out-of-bounds (index 64, limit 55)
L 12/02/2022 - 20:50:21: [SM] Blaming: weapon_restrict.smx
L 12/02/2022 - 20:50:21: [SM] Call stack trace:
L 12/02/2022 - 20:50:21: [SM]   [1] Line 202, restrictinc/events.sp::CS_OnBuyCommand
L 12/02/2022 - 20:50:24: [SM] Exception reported: Array index out-of-bounds (index 64, limit 55)
L 12/02/2022 - 20:50:24: [SM] Blaming: weapon_restrict.smx
L 12/02/2022 - 20:50:24: [SM] Call stack trace:
L 12/02/2022 - 20:50:24: [SM]   [1] Line 202, restrictinc/events.sp::CS_OnBuyCommand
L 12/02/2022 - 20:51:09: [SM] Exception reported: Array index out-of-bounds (index 64, limit 55)
L 12/02/2022 - 20:51:09: [SM] Blaming: weapon_restrict.smx
L 12/02/2022 - 20:51:09: [SM] Call stack trace:
L 12/02/2022 - 20:51:09: [SM]   [1] Line 202, restrictinc/events.sp::CS_OnBuyCommand
L 12/02/2022 - 20:51:19: Error log file session closed.
L 12/02/2022 - 20:51:32: SourceMod error session started
L 12/02/2022 - 20:51:32: Info (map "de_shortnuke") (file "/csgoserver/server1/csgo/addons/sourcemod/logs/errors_20221202.log")
L 12/02/2022 - 20:51:32: [SM] Exception reported: Array index out-of-bounds (index 64, limit 55)
L 12/02/2022 - 20:51:32: [SM] Blaming: weapon_restrict.smx
L 12/02/2022 - 20:51:32: [SM] Call stack trace:
L 12/02/2022 - 20:51:32: [SM]   [1] Line 202, restrictinc/events.sp::CS_OnBuyCommand
L 12/02/2022 - 20:51:32: [SM] Exception reported: Array index out-of-bounds (index 64, limit 55)
L 12/02/2022 - 20:51:32: [SM] Blaming: weapon_restrict.smx
L 12/02/2022 - 20:51:32: [SM] Call stack trace:
L 12/02/2022 - 20:51:32: [SM]   [1] Line 202, restrictinc/events.sp::CS_OnBuyCommand
L 12/02/2022 - 20:51:32: [SM] Exception reported: Array index out-of-bounds (index 64, limit 55)
L 12/02/2022 - 20:51:32: [SM] Blaming: weapon_restrict.smx
L 12/02/2022 - 20:51:32: [SM] Call stack trace:
L 12/02/2022 - 20:51:32: [SM]   [1] Line 202, restrictinc/events.sp::CS_OnBuyCommand
L 12/02/2022 - 20:51:51: [SM] Exception reported: Array index out-of-bounds (index 64, limit 55)
L 12/02/2022 - 20:51:51: [SM] Blaming: weapon_restrict.smx
L 12/02/2022 - 20:51:51: [SM] Call stack trace:
L 12/02/2022 - 20:51:51: [SM]   [1] Line 202, restrictinc/events.sp::CS_OnBuyCommand
L 12/02/2022 - 20:52:02: [SM] Exception reported: Array index out-of-bounds (index 64, limit 55)
L 12/02/2022 - 20:52:02: [SM] Blaming: weapon_restrict.smx
L 12/02/2022 - 20:52:02: [SM] Call stack trace:
L 12/02/2022 - 20:52:02: [SM]   [1] Line 202, restrictinc/events.sp::CS_OnBuyCommand
L 12/02/2022 - 20:52:31: [SM] Exception reported: Array index out-of-bounds (index 64, limit 55)
L 12/02/2022 - 20:52:31: [SM] Blaming: weapon_restrict.smx
L 12/02/2022 - 20:52:31: [SM] Call stack trace:
L 12/02/2022 - 20:52:31: [SM]   [1] Line 202, restrictinc/events.sp::CS_OnBuyCommand
L 12/02/2022 - 20:53:07: [SM] Exception reported: Array index out-of-bounds (index 64, limit 55)
L 12/02/2022 - 20:53:07: [SM] Blaming: weapon_restrict.smx
L 12/02/2022 - 20:53:07: [SM] Call stack trace:
L 12/02/2022 - 20:53:07: [SM]   [1] Line 202, restrictinc/events.sp::CS_OnBuyCommand
L 12/02/2022 - 20:55:10: [SM] Exception reported: Array index out-of-bounds (index 64, limit 55)
L 12/02/2022 - 20:55:10: [SM] Blaming: weapon_restrict.smx
L 12/02/2022 - 20:55:10: [SM] Call stack trace:
L 12/02/2022 - 20:55:10: [SM]   [1] Line 202, restrictinc/events.sp::CS_OnBuyCommand
L 12/02/2022 - 20:55:18: [SM] Exception reported: Array index out-of-bounds (index 64, limit 55)
L 12/02/2022 - 20:55:18: [SM] Blaming: weapon_restrict.smx
L 12/02/2022 - 20:55:18: [SM] Call stack trace:
L 12/02/2022 - 20:55:18: [SM]   [1] Line 202, restrictinc/events.sp::CS_OnBuyCommand
L 12/02/2022 - 20:55:35: [SM] Exception reported: Array index out-of-bounds (index 64, limit 55)
L 12/02/2022 - 20:55:35: [SM] Blaming: weapon_restrict.smx
L 12/02/2022 - 20:55:35: [SM] Call stack trace:
L 12/02/2022 - 20:55:35: [SM]   [1] Line 202, restrictinc/events.sp::CS_OnBuyCommand
L 12/02/2022 - 20:55:44: [SM] Exception reported: Array index out-of-bounds (index 64, limit 55)
L 12/02/2022 - 20:55:44: [SM] Blaming: weapon_restrict.smx
L 12/02/2022 - 20:55:44: [SM] Call stack trace:
L 12/02/2022 - 20:55:44: [SM]   [1] Line 202, restrictinc/events.sp::CS_OnBuyCommand
L 12/02/2022 - 20:55:48: [SM] Exception reported: Array index out-of-bounds (index 64, limit 55)
L 12/02/2022 - 20:55:48: [SM] Blaming: weapon_restrict.smx
L 12/02/2022 - 20:55:48: [SM] Call stack trace:
L 12/02/2022 - 20:55:48: [SM]   [1] Line 202, restrictinc/events.sp::CS_OnBuyCommand
L 12/02/2022 - 20:55:56: [SM] Exception reported: Array index out-of-bounds (index 64, limit 55)
L 12/02/2022 - 20:55:56: [SM] Blaming: weapon_restrict.smx
L 12/02/2022 - 20:55:56: [SM] Call stack trace:
L 12/02/2022 - 20:55:56: [SM]   [1] Line 202, restrictinc/events.sp::CS_OnBuyCommand
L 12/02/2022 - 20:55:58: [SM] Exception reported: Array index out-of-bounds (index 64, limit 55)
L 12/02/2022 - 20:55:58: [SM] Blaming: weapon_restrict.smx
L 12/02/2022 - 20:55:58: [SM] Call stack trace:
L 12/02/2022 - 20:55:58: [SM]   [1] Line 202, restrictinc/events.sp::CS_OnBuyCommand
L 12/02/2022 - 20:55:59: [SM] Exception reported: Array index out-of-bounds (index 64, limit 55)
L 12/02/2022 - 20:55:59: [SM] Blaming: weapon_restrict.smx
L 12/02/2022 - 20:55:59: [SM] Call stack trace:
L 12/02/2022 - 20:55:59: [SM]   [1] Line 202, restrictinc/events.sp::CS_OnBuyCommand
L 12/02/2022 - 20:56:02: [SM] Exception reported: Array index out-of-bounds (index 64, limit 55)
L 12/02/2022 - 20:56:02: [SM] Blaming: weapon_restrict.smx
L 12/02/2022 - 20:56:02: [SM] Call stack trace:
L 12/02/2022 - 20:56:02: [SM]   [1] Line 202, restrictinc/events.sp::CS_OnBuyCommand
L 12/02/2022 - 20:57:09: [SM] Exception reported: Array index out-of-bounds (index 64, limit 55)
L 12/02/2022 - 20:57:09: [SM] Blaming: weapon_restrict.smx
L 12/02/2022 - 20:57:09: [SM] Call stack trace:
L 12/02/2022 - 20:57:09: [SM]   [1] Line 202, restrictinc/events.sp::CS_OnBuyCommand
L 12/02/2022 - 20:57:15: Error log file session closed.
L 12/02/2022 - 20:57:25: SourceMod error session started
L 12/02/2022 - 20:57:25: Info (map "de_shortnuke") (file "/csgoserver/server1/csgo/addons/sourcemod/logs/errors_20221202.log")
L 12/02/2022 - 20:57:25: [SM] Exception reported: Array index out-of-bounds (index 64, limit 55)
L 12/02/2022 - 20:57:25: [SM] Blaming: weapon_restrict.smx
L 12/02/2022 - 20:57:25: [SM] Call stack trace:
L 12/02/2022 - 20:57:25: [SM]   [1] Line 202, restrictinc/events.sp::CS_OnBuyCommand
L 12/02/2022 - 20:57:25: [SM] Exception reported: Array index out-of-bounds (index 64, limit 55)
L 12/02/2022 - 20:57:25: [SM] Blaming: weapon_restrict.smx
L 12/02/2022 - 20:57:25: [SM] Call stack trace:
L 12/02/2022 - 20:57:25: [SM]   [1] Line 202, restrictinc/events.sp::CS_OnBuyCommand
L 12/02/2022 - 20:57:26: [SM] Exception reported: Array index out-of-bounds (index 64, limit 55)
L 12/02/2022 - 20:57:26: [SM] Blaming: weapon_restrict.smx
L 12/02/2022 - 20:57:26: [SM] Call stack trace:
L 12/02/2022 - 20:57:26: [SM]   [1] Line 202, restrictinc/events.sp::CS_OnBuyCommand
L 12/02/2022 - 20:57:45: [SM] Exception reported: Array index out-of-bounds (index 64, limit 55)
L 12/02/2022 - 20:57:45: [SM] Blaming: weapon_restrict.smx
L 12/02/2022 - 20:57:45: [SM] Call stack trace:
L 12/02/2022 - 20:57:45: [SM]   [1] Line 202, restrictinc/events.sp::CS_OnBuyCommand
L 12/02/2022 - 20:57:53: [SM] Exception reported: Array index out-of-bounds (index 64, limit 55)
L 12/02/2022 - 20:57:53: [SM] Blaming: weapon_restrict.smx
L 12/02/2022 - 20:57:53: [SM] Call stack trace:
L 12/02/2022 - 20:57:53: [SM]   [1] Line 202, restrictinc/events.sp::CS_OnBuyCommand
L 12/02/2022 - 20:58:06: [SM] Exception reported: Array index out-of-bounds (index 64, limit 55)
L 12/02/2022 - 20:58:06: [SM] Blaming: weapon_restrict.smx
L 12/02/2022 - 20:58:06: [SM] Call stack trace:
L 12/02/2022 - 20:58:06: [SM]   [1] Line 202, restrictinc/events.sp::CS_OnBuyCommand
L 12/02/2022 - 20:58:19: [SM] Exception reported: Array index out-of-bounds (index 64, limit 55)
L 12/02/2022 - 20:58:19: [SM] Blaming: weapon_restrict.smx
L 12/02/2022 - 20:58:19: [SM] Call stack trace:
L 12/02/2022 - 20:58:19: [SM]   [1] Line 202, restrictinc/events.sp::CS_OnBuyCommand
L 12/02/2022 - 20:58:38: [SM] Exception reported: Array index out-of-bounds (index 64, limit 55)
L 12/02/2022 - 20:58:38: [SM] Blaming: weapon_restrict.smx
L 12/02/2022 - 20:58:38: [SM] Call stack trace:
L 12/02/2022 - 20:58:38: [SM]   [1] Line 202, restrictinc/events.sp::CS_OnBuyCommand
L 12/02/2022 - 20:58:51: [SM] Exception reported: Array index out-of-bounds (index 64, limit 55)
L 12/02/2022 - 20:58:51: [SM] Blaming: weapon_restrict.smx
L 12/02/2022 - 20:58:51: [SM] Call stack trace:
L 12/02/2022 - 20:58:51: [SM]   [1] Line 202, restrictinc/events.sp::CS_OnBuyCommand
L 12/02/2022 - 20:58:55: [SM] Exception reported: Array index out-of-bounds (index 64, limit 55)
L 12/02/2022 - 20:58:55: [SM] Blaming: weapon_restrict.smx
L 12/02/2022 - 20:58:55: [SM] Call stack trace:
L 12/02/2022 - 20:58:55: [SM]   [1] Line 202, restrictinc/events.sp::CS_OnBuyCommand
L 12/02/2022 - 20:58:58: [SM] Exception reported: Array index out-of-bounds (index 64, limit 55)
L 12/02/2022 - 20:58:58: [SM] Blaming: weapon_restrict.smx
L 12/02/2022 - 20:58:58: [SM] Call stack trace:
L 12/02/2022 - 20:58:58: [SM]   [1] Line 202, restrictinc/events.sp::CS_OnBuyCommand
L 12/02/2022 - 20:59:24: [SM] Exception reported: Array index out-of-bounds (index 64, limit 55)
L 12/02/2022 - 20:59:24: [SM] Blaming: weapon_restrict.smx
L 12/02/2022 - 20:59:24: [SM] Call stack trace:
L 12/02/2022 - 20:59:24: [SM]   [1] Line 202, restrictinc/events.sp::CS_OnBuyCommand
L 12/02/2022 - 20:59:28: [SM] Exception reported: Array index out-of-bounds (index 64, limit 55)
L 12/02/2022 - 20:59:28: [SM] Blaming: weapon_restrict.smx
L 12/02/2022 - 20:59:28: [SM] Call stack trace:
L 12/02/2022 - 20:59:28: [SM]   [1] Line 202, restrictinc/events.sp::CS_OnBuyCommand
L 12/02/2022 - 21:00:08: [SM] Exception reported: Array index out-of-bounds (index 64, limit 55)
L 12/02/2022 - 21:00:08: [SM] Blaming: weapon_restrict.smx
L 12/02/2022 - 21:00:08: [SM] Call stack trace:
L 12/02/2022 - 21:00:08: [SM]   [1] Line 202, restrictinc/events.sp::CS_OnBuyCommand
L 12/02/2022 - 21:00:09: [SM] Exception reported: Array index out-of-bounds (index 64, limit 55)
L 12/02/2022 - 21:00:09: [SM] Blaming: weapon_restrict.smx
L 12/02/2022 - 21:00:09: [SM] Call stack trace:
L 12/02/2022 - 21:00:09: [SM]   [1] Line 202, restrictinc/events.sp::CS_OnBuyCommand
L 12/02/2022 - 21:00:13: [SM] Exception reported: Array index out-of-bounds (index 64, limit 55)
L 12/02/2022 - 21:00:13: [SM] Blaming: weapon_restrict.smx
L 12/02/2022 - 21:00:13: [SM] Call stack trace:
L 12/02/2022 - 21:00:13: [SM]   [1] Line 202, restrictinc/events.sp::CS_OnBuyCommand
L 12/02/2022 - 21:00:21: [SM] Exception reported: Array index out-of-bounds (index 64, limit 55)
L 12/02/2022 - 21:00:21: [SM] Blaming: weapon_restrict.smx
L 12/02/2022 - 21:00:21: [SM] Call stack trace:
L 12/02/2022 - 21:00:21: [SM]   [1] Line 202, restrictinc/events.sp::CS_OnBuyCommand
L 12/02/2022 - 21:00:28: [SM] Exception reported: Array index out-of-bounds (index 64, limit 55)
L 12/02/2022 - 21:00:28: [SM] Blaming: weapon_restrict.smx
L 12/02/2022 - 21:00:28: [SM] Call stack trace:
L 12/02/2022 - 21:00:28: [SM]   [1] Line 202, restrictinc/events.sp::CS_OnBuyCommand
L 12/02/2022 - 21:06:14: [SM] Exception reported: Array index out-of-bounds (index 64, limit 55)
L 12/02/2022 - 21:06:14: [SM] Blaming: weapon_restrict.smx
L 12/02/2022 - 21:06:14: [SM] Call stack trace:
L 12/02/2022 - 21:06:14: [SM]   [1] Line 202, restrictinc/events.sp::CS_OnBuyCommand
L 12/02/2022 - 21:06:56: [SM] Exception reported: Array index out-of-bounds (index 64, limit 55)
L 12/02/2022 - 21:06:56: [SM] Blaming: weapon_restrict.smx
L 12/02/2022 - 21:06:56: [SM] Call stack trace:
L 12/02/2022 - 21:06:56: [SM]   [1] Line 202, restrictinc/events.sp::CS_OnBuyCommand
L 12/02/2022 - 21:07:42: [SM] Exception reported: Array index out-of-bounds (index 64, limit 55)
L 12/02/2022 - 21:07:42: [SM] Blaming: weapon_restrict.smx
L 12/02/2022 - 21:07:42: [SM] Call stack trace:
L 12/02/2022 - 21:07:42: [SM]   [1] Line 202, restrictinc/events.sp::CS_OnBuyCommand
L 12/02/2022 - 21:07:45: [SM] Exception reported: Array index out-of-bounds (index 64, limit 55)
L 12/02/2022 - 21:07:45: [SM] Blaming: weapon_restrict.smx
L 12/02/2022 - 21:07:45: [SM] Call stack trace:
L 12/02/2022 - 21:07:45: [SM]   [1] Line 202, restrictinc/events.sp::CS_OnBuyCommand
L 12/02/2022 - 21:08:32: [warmod.smx] Plug-in tEasyFTP.smx required to auto upload demos
L 12/02/2022 - 21:11:58: [SM] Exception reported: Array index out-of-bounds (index 64, limit 55)
L 12/02/2022 - 21:11:58: [SM] Blaming: weapon_restrict.smx
L 12/02/2022 - 21:11:58: [SM] Call stack trace:
L 12/02/2022 - 21:11:58: [SM]   [1] Line 202, restrictinc/events.sp::CS_OnBuyCommand
L 12/02/2022 - 21:12:23: [SM] Exception reported: Array index out-of-bounds (index 64, limit 55)
L 12/02/2022 - 21:12:23: [SM] Blaming: weapon_restrict.smx
L 12/02/2022 - 21:12:23: [SM] Call stack trace:
L 12/02/2022 - 21:12:23: [SM]   [1] Line 202, restrictinc/events.sp::CS_OnBuyCommand
L 12/02/2022 - 21:15:00: [SM] Exception reported: Array index out-of-bounds (index 64, limit 55)
L 12/02/2022 - 21:15:00: [SM] Blaming: weapon_restrict.smx
L 12/02/2022 - 21:15:00: [SM] Call stack trace:
L 12/02/2022 - 21:15:00: [SM]   [1] Line 202, restrictinc/events.sp::CS_OnBuyCommand
L 12/02/2022 - 21:17:08: [SM] Exception reported: Array index out-of-bounds (index 64, limit 55)
L 12/02/2022 - 21:17:08: [SM] Blaming: weapon_restrict.smx
L 12/02/2022 - 21:17:08: [SM] Call stack trace:
L 12/02/2022 - 21:17:08: [SM]   [1] Line 202, restrictinc/events.sp::CS_OnBuyCommand
L 12/02/2022 - 21:20:31: Error log file session closed.
L 12/02/2022 - 21:21:52: SourceMod error session started
L 12/02/2022 - 21:21:52: Info (map "de_shortdust") (file "/csgoserver/server1/csgo/addons/sourcemod/logs/errors_20221202.log")
L 12/02/2022 - 21:21:52: [SM] Exception reported: Array index out-of-bounds (index 64, limit 55)
L 12/02/2022 - 21:21:52: [SM] Blaming: weapon_restrict.smx
L 12/02/2022 - 21:21:52: [SM] Call stack trace:
L 12/02/2022 - 21:21:52: [SM]   [1] Line 202, restrictinc/events.sp::CS_OnBuyCommand
L 12/02/2022 - 21:22:35: [SM] Exception reported: Array index out-of-bounds (index 64, limit 55)
L 12/02/2022 - 21:22:35: [SM] Blaming: weapon_restrict.smx
L 12/02/2022 - 21:22:35: [SM] Call stack trace:
L 12/02/2022 - 21:22:35: [SM]   [1] Line 202, restrictinc/events.sp::CS_OnBuyCommand
L 12/02/2022 - 21:22:35: [SM] Exception reported: Array index out-of-bounds (index 64, limit 55)
L 12/02/2022 - 21:22:35: [SM] Blaming: weapon_restrict.smx
L 12/02/2022 - 21:22:35: [SM] Call stack trace:
L 12/02/2022 - 21:22:35: [SM]   [1] Line 202, restrictinc/events.sp::CS_OnBuyCommand
L 12/02/2022 - 21:23:50: [SM] Exception reported: Array index out-of-bounds (index 64, limit 55)
L 12/02/2022 - 21:23:50: [SM] Blaming: weapon_restrict.smx
L 12/02/2022 - 21:23:50: [SM] Call stack trace:
L 12/02/2022 - 21:23:50: [SM]   [1] Line 202, restrictinc/events.sp::CS_OnBuyCommand
L 12/02/2022 - 21:23:54: [SM] Exception reported: Array index out-of-bounds (index 64, limit 55)
L 12/02/2022 - 21:23:54: [SM] Blaming: weapon_restrict.smx
L 12/02/2022 - 21:23:54: [SM] Call stack trace:
L 12/02/2022 - 21:23:54: [SM]   [1] Line 202, restrictinc/events.sp::CS_OnBuyCommand
L 12/02/2022 - 21:23:56: [SM] Exception reported: Array index out-of-bounds (index 64, limit 55)
L 12/02/2022 - 21:23:56: [SM] Blaming: weapon_restrict.smx
L 12/02/2022 - 21:23:56: [SM] Call stack trace:
L 12/02/2022 - 21:23:56: [SM]   [1] Line 202, restrictinc/events.sp::CS_OnBuyCommand
L 12/02/2022 - 21:31:20: [SM] Exception reported: Array index out-of-bounds (index 64, limit 55)
L 12/02/2022 - 21:31:20: [SM] Blaming: weapon_restrict.smx
L 12/02/2022 - 21:31:20: [SM] Call stack trace:
L 12/02/2022 - 21:31:20: [SM]   [1] Line 202, restrictinc/events.sp::CS_OnBuyCommand
L 12/02/2022 - 21:31:22: [SM] Exception reported: Array index out-of-bounds (index 64, limit 55)
L 12/02/2022 - 21:31:22: [SM] Blaming: weapon_restrict.smx
L 12/02/2022 - 21:31:22: [SM] Call stack trace:
L 12/02/2022 - 21:31:22: [SM]   [1] Line 202, restrictinc/events.sp::CS_OnBuyCommand
L 12/02/2022 - 21:31:25: [SM] Exception reported: Array index out-of-bounds (index 64, limit 55)
L 12/02/2022 - 21:31:25: [SM] Blaming: weapon_restrict.smx
L 12/02/2022 - 21:31:25: [SM] Call stack trace:
L 12/02/2022 - 21:31:25: [SM]   [1] Line 202, restrictinc/events.sp::CS_OnBuyCommand
L 12/02/2022 - 21:32:58: [SM] Exception reported: Array index out-of-bounds (index 64, limit 55)
L 12/02/2022 - 21:32:58: [SM] Blaming: weapon_restrict.smx
L 12/02/2022 - 21:32:58: [SM] Call stack trace:
L 12/02/2022 - 21:32:58: [SM]   [1] Line 202, restrictinc/events.sp::CS_OnBuyCommand
L 12/02/2022 - 21:33:35: [SM] Exception reported: Array index out-of-bounds (index 63, limit 55)
L 12/02/2022 - 21:33:35: [SM] Blaming: weapon_restrict.smx
L 12/02/2022 - 21:33:35: [SM] Call stack trace:
L 12/02/2022 - 21:33:35: [SM]   [1] Line 202, restrictinc/events.sp::CS_OnBuyCommand
L 12/02/2022 - 21:36:42: [warmod.smx] Plug-in tEasyFTP.smx required to auto upload demos
L 12/02/2022 - 21:38:29: [SM] Exception reported: Array index out-of-bounds (index 64, limit 55)
L 12/02/2022 - 21:38:29: [SM] Blaming: weapon_restrict.smx
L 12/02/2022 - 21:38:29: [SM] Call stack trace:
L 12/02/2022 - 21:38:29: [SM]   [1] Line 202, restrictinc/events.sp::CS_OnBuyCommand
L 12/02/2022 - 21:38:37: [SM] Exception reported: Array index out-of-bounds (index 64, limit 55)
L 12/02/2022 - 21:38:37: [SM] Blaming: weapon_restrict.smx
L 12/02/2022 - 21:38:37: [SM] Call stack trace:
L 12/02/2022 - 21:38:37: [SM]   [1] Line 202, restrictinc/events.sp::CS_OnBuyCommand
L 12/02/2022 - 21:39:32: [SM] Exception reported: Array index out-of-bounds (index 63, limit 55)
L 12/02/2022 - 21:39:32: [SM] Blaming: weapon_restrict.smx
L 12/02/2022 - 21:39:32: [SM] Call stack trace:
L 12/02/2022 - 21:39:32: [SM]   [1] Line 202, restrictinc/events.sp::CS_OnBuyCommand
L 12/02/2022 - 21:40:18: [SM] Exception reported: Array index out-of-bounds (index 63, limit 55)
L 12/02/2022 - 21:40:18: [SM] Blaming: weapon_restrict.smx
L 12/02/2022 - 21:40:18: [SM] Call stack trace:
L 12/02/2022 - 21:40:18: [SM]   [1] Line 202, restrictinc/events.sp::CS_OnBuyCommand
L 12/02/2022 - 21:41:58: [SM] Exception reported: Array index out-of-bounds (index 63, limit 55)
L 12/02/2022 - 21:41:58: [SM] Blaming: weapon_restrict.smx
L 12/02/2022 - 21:41:58: [SM] Call stack trace:
L 12/02/2022 - 21:41:58: [SM]   [1] Line 202, restrictinc/events.sp::CS_OnBuyCommand
L 12/02/2022 - 21:44:30: [SM] Exception reported: Array index out-of-bounds (index 64, limit 55)
L 12/02/2022 - 21:44:30: [SM] Blaming: weapon_restrict.smx
L 12/02/2022 - 21:44:30: [SM] Call stack trace:
L 12/02/2022 - 21:44:30: [SM]   [1] Line 202, restrictinc/events.sp::CS_OnBuyCommand
L 12/02/2022 - 21:44:34: [SM] Exception reported: Array index out-of-bounds (index 64, limit 55)
L 12/02/2022 - 21:44:34: [SM] Blaming: weapon_restrict.smx
L 12/02/2022 - 21:44:34: [SM] Call stack trace:
L 12/02/2022 - 21:44:34: [SM]   [1] Line 202, restrictinc/events.sp::CS_OnBuyCommand
L 12/02/2022 - 21:44:36: [SM] Exception reported: Array index out-of-bounds (index 64, limit 55)
L 12/02/2022 - 21:44:36: [SM] Blaming: weapon_restrict.smx
L 12/02/2022 - 21:44:36: [SM] Call stack trace:
L 12/02/2022 - 21:44:36: [SM]   [1] Line 202, restrictinc/events.sp::CS_OnBuyCommand
L 12/02/2022 - 21:51:19: [warmod.smx] Plug-in tEasyFTP.smx required to auto upload demos
L 12/02/2022 - 21:52:11: Error log file session closed.
L 12/02/2022 - 21:55:32: SourceMod error session started
L 12/02/2022 - 21:55:32: Info (map "de_inferno") (file "/csgoserver/server1/csgo/addons/sourcemod/logs/errors_20221202.log")
L 12/02/2022 - 21:55:32: [SM] Exception reported: Array index out-of-bounds (index 63, limit 55)
L 12/02/2022 - 21:55:32: [SM] Blaming: weapon_restrict.smx
L 12/02/2022 - 21:55:32: [SM] Call stack trace:
L 12/02/2022 - 21:55:32: [SM]   [1] Line 202, restrictinc/events.sp::CS_OnBuyCommand
L 12/02/2022 - 21:56:44: [SM] Exception reported: Array index out-of-bounds (index 63, limit 55)
L 12/02/2022 - 21:56:44: [SM] Blaming: weapon_restrict.smx
L 12/02/2022 - 21:56:44: [SM] Call stack trace:
L 12/02/2022 - 21:56:44: [SM]   [1] Line 202, restrictinc/events.sp::CS_OnBuyCommand
L 12/02/2022 - 21:59:10: [SM] Exception reported: Array index out-of-bounds (index 64, limit 55)
L 12/02/2022 - 21:59:10: [SM] Blaming: weapon_restrict.smx
L 12/02/2022 - 21:59:10: [SM] Call stack trace:
L 12/02/2022 - 21:59:10: [SM]   [1] Line 202, restrictinc/events.sp::CS_OnBuyCommand
L 12/02/2022 - 21:59:44: [SM] Exception reported: Array index out-of-bounds (index 63, limit 55)
L 12/02/2022 - 21:59:44: [SM] Blaming: weapon_restrict.smx
L 12/02/2022 - 21:59:44: [SM] Call stack trace:
L 12/02/2022 - 21:59:44: [SM]   [1] Line 202, restrictinc/events.sp::CS_OnBuyCommand
L 12/02/2022 - 22:00:30: [SM] Exception reported: Array index out-of-bounds (index 64, limit 55)
L 12/02/2022 - 22:00:30: [SM] Blaming: weapon_restrict.smx
L 12/02/2022 - 22:00:30: [SM] Call stack trace:
L 12/02/2022 - 22:00:30: [SM]   [1] Line 202, restrictinc/events.sp::CS_OnBuyCommand
L 12/02/2022 - 22:00:35: [SM] Exception reported: Array index out-of-bounds (index 64, limit 55)
L 12/02/2022 - 22:00:35: [SM] Blaming: weapon_restrict.smx
L 12/02/2022 - 22:00:35: [SM] Call stack trace:
L 12/02/2022 - 22:00:35: [SM]   [1] Line 202, restrictinc/events.sp::CS_OnBuyCommand
L 12/02/2022 - 22:05:57: [warmod.smx] Plug-in tEasyFTP.smx required to auto upload demos
L 12/03/2022 - 17:25:14: Error log file session closed.
