L 08/28/2022 - 13:50:24: SourceMod error session started
L 08/28/2022 - 13:50:24: Info (map "de_mirage") (file "/home/csgo/csgo/addons/sourcemod/logs/errors_20220828.log")
L 08/28/2022 - 13:50:24: [levelsranks.smx] SQL_TransactionFailure (1): Lost connection to MySQL server during query (-1)
L 08/28/2022 - 13:50:24: [levelsranks.smx] SQL_TransactionFailure (1): Can't connect to MySQL server on '112.124.92.31' (4) (-1)
L 08/28/2022 - 13:50:24: [levelsranks.smx] SQL_TransactionFailure (1): Can't connect to MySQL server on '112.124.92.31' (4) (-1)
L 08/28/2022 - 13:50:24: [levelsranks.smx] SQL_TransactionFailure (1): Can't connect to MySQL server on '112.124.92.31' (4) (-1)
L 08/28/2022 - 13:50:24: [levelsranks.smx] SQL_TransactionFailure (1): Can't connect to MySQL server on '112.124.92.31' (4) (-1)
L 08/28/2022 - 13:50:24: [levelsranks.smx] SQL_Callback Error (4353): Can't connect to MySQL server on '112.124.92.31' (4)
L 08/28/2022 - 13:51:24: [SM] Exception reported: Script execution timed out
L 08/28/2022 - 13:51:25: Error log file session closed.
L 08/28/2022 - 13:52:25: SourceMod error session started
L 08/28/2022 - 13:52:25: Info (map "de_mirage") (file "/home/csgo/csgo/addons/sourcemod/logs/errors_20220828.log")
L 08/28/2022 - 13:52:25: [SM] Exception reported: Script execution timed out
L 08/28/2022 - 13:54:26: [SM] Exception reported: Script execution timed out
L 08/28/2022 - 13:56:26: [SM] Exception reported: Script execution timed out
L 08/28/2022 - 15:46:33: Error log file session closed.
L 08/28/2022 - 15:47:33: SourceMod error session started
L 08/28/2022 - 15:47:33: Info (map "de_mirage") (file "/home/csgo/csgo/addons/sourcemod/logs/errors_20220828.log")
L 08/28/2022 - 15:47:33: [SM] Exception reported: Script execution timed out
L 08/28/2022 - 15:49:33: [SM] Exception reported: Script execution timed out
L 08/28/2022 - 15:51:33: [SM] Exception reported: Script execution timed out
L 08/28/2022 - 16:20:25: Error log file session closed.
L 08/28/2022 - 16:21:25: SourceMod error session started
L 08/28/2022 - 16:21:25: Info (map "de_mirage") (file "/home/csgo/csgo/addons/sourcemod/logs/errors_20220828.log")
L 08/28/2022 - 16:21:25: [SM] Exception reported: Script execution timed out
L 08/28/2022 - 16:23:25: [SM] Exception reported: Script execution timed out
L 08/28/2022 - 16:25:25: [SM] Exception reported: Script execution timed out
L 08/28/2022 - 17:10:02: Error log file session closed.
L 08/28/2022 - 17:11:02: SourceMod error session started
L 08/28/2022 - 17:11:02: Info (map "de_mirage") (file "/home/csgo/csgo/addons/sourcemod/logs/errors_20220828.log")
L 08/28/2022 - 17:11:02: [SM] Exception reported: Script execution timed out
L 08/28/2022 - 17:13:02: [SM] Exception reported: Script execution timed out
L 08/28/2022 - 17:15:02: [SM] Exception reported: Script execution timed out
L 08/28/2022 - 22:20:30: Error log file session closed.
L 08/28/2022 - 22:20:58: SourceMod error session started
L 08/28/2022 - 22:20:58: Info (map "de_mirage") (file "/home/csgo/csgo/addons/sourcemod/logs/errors_20220828.log")
L 08/28/2022 - 22:20:58: [SM] Exception reported: Array index out-of-bounds (index 64, limit 55)
L 08/28/2022 - 22:20:58: [SM] Blaming: weapon_restrict.smx
L 08/28/2022 - 22:20:58: [SM] Call stack trace:
L 08/28/2022 - 22:20:58: [SM]   [1] Line 202, restrictinc/events.sp::CS_OnBuyCommand
L 08/28/2022 - 22:20:58: [SM] Exception reported: Array index out-of-bounds (index 64, limit 55)
L 08/28/2022 - 22:20:58: [SM] Blaming: weapon_restrict.smx
L 08/28/2022 - 22:20:58: [SM] Call stack trace:
L 08/28/2022 - 22:20:58: [SM]   [1] Line 202, restrictinc/events.sp::CS_OnBuyCommand
L 08/28/2022 - 22:32:52: Error log file session closed.
