L 11/28/2022 - 19:24:19: SourceMod error session started
L 11/28/2022 - 19:24:19: Info (map "de_mirage") (file "/csgoserver/server1/csgo/addons/sourcemod/logs/errors_20221128.log")
L 11/28/2022 - 19:24:19: [SM] Exception reported: Array index out-of-bounds (index 64, limit 55)
L 11/28/2022 - 19:24:19: [SM] Blaming: weapon_restrict.smx
L 11/28/2022 - 19:24:19: [SM] Call stack trace:
L 11/28/2022 - 19:24:19: [SM]   [1] Line 202, restrictinc/events.sp::CS_OnBuyCommand
L 11/28/2022 - 19:42:09: Error log file session closed.
L 11/28/2022 - 19:42:23: SourceMod error session started
L 11/28/2022 - 19:42:23: Info (map "de_mirage") (file "/csgoserver/server1/csgo/addons/sourcemod/logs/errors_20221128.log")
L 11/28/2022 - 19:42:23: [SM] Exception reported: Array index out-of-bounds (index 64, limit 55)
L 11/28/2022 - 19:42:23: [SM] Blaming: weapon_restrict.smx
L 11/28/2022 - 19:42:23: [SM] Call stack trace:
L 11/28/2022 - 19:42:23: [SM]   [1] Line 202, restrictinc/events.sp::CS_OnBuyCommand
L 11/28/2022 - 19:42:23: [SM] Exception reported: Array index out-of-bounds (index 64, limit 55)
L 11/28/2022 - 19:42:23: [SM] Blaming: weapon_restrict.smx
L 11/28/2022 - 19:42:23: [SM] Call stack trace:
L 11/28/2022 - 19:42:23: [SM]   [1] Line 202, restrictinc/events.sp::CS_OnBuyCommand
L 11/28/2022 - 19:46:01: Error log file session closed.
L 11/28/2022 - 19:46:33: SourceMod error session started
L 11/28/2022 - 19:46:33: Info (map "de_mirage") (file "/csgoserver/server1/csgo/addons/sourcemod/logs/errors_20221128.log")
L 11/28/2022 - 19:46:33: [SM] Exception reported: Array index out-of-bounds (index 64, limit 55)
L 11/28/2022 - 19:46:33: [SM] Blaming: weapon_restrict.smx
L 11/28/2022 - 19:46:33: [SM] Call stack trace:
L 11/28/2022 - 19:46:33: [SM]   [1] Line 202, restrictinc/events.sp::CS_OnBuyCommand
L 11/28/2022 - 19:46:34: [SM] Exception reported: Array index out-of-bounds (index 64, limit 55)
L 11/28/2022 - 19:46:34: [SM] Blaming: weapon_restrict.smx
L 11/28/2022 - 19:46:34: [SM] Call stack trace:
L 11/28/2022 - 19:46:34: [SM]   [1] Line 202, restrictinc/events.sp::CS_OnBuyCommand
L 11/28/2022 - 19:48:57: [SM] Exception reported: Array index out-of-bounds (index 64, limit 55)
L 11/28/2022 - 19:48:57: [SM] Blaming: weapon_restrict.smx
L 11/28/2022 - 19:48:57: [SM] Call stack trace:
L 11/28/2022 - 19:48:57: [SM]   [1] Line 202, restrictinc/events.sp::CS_OnBuyCommand
L 11/28/2022 - 19:49:59: [SM] Exception reported: Array index out-of-bounds (index 64, limit 55)
L 11/28/2022 - 19:49:59: [SM] Blaming: weapon_restrict.smx
L 11/28/2022 - 19:49:59: [SM] Call stack trace:
L 11/28/2022 - 19:49:59: [SM]   [1] Line 202, restrictinc/events.sp::CS_OnBuyCommand
L 11/28/2022 - 19:50:29: [SM] Exception reported: Array index out-of-bounds (index 64, limit 55)
L 11/28/2022 - 19:50:29: [SM] Blaming: weapon_restrict.smx
L 11/28/2022 - 19:50:29: [SM] Call stack trace:
L 11/28/2022 - 19:50:29: [SM]   [1] Line 202, restrictinc/events.sp::CS_OnBuyCommand
L 11/28/2022 - 19:51:16: [SM] Exception reported: Array index out-of-bounds (index 64, limit 55)
L 11/28/2022 - 19:51:16: [SM] Blaming: weapon_restrict.smx
L 11/28/2022 - 19:51:16: [SM] Call stack trace:
L 11/28/2022 - 19:51:16: [SM]   [1] Line 202, restrictinc/events.sp::CS_OnBuyCommand
L 11/28/2022 - 19:51:52: [SM] Exception reported: Array index out-of-bounds (index 64, limit 55)
L 11/28/2022 - 19:51:52: [SM] Blaming: weapon_restrict.smx
L 11/28/2022 - 19:51:52: [SM] Call stack trace:
L 11/28/2022 - 19:51:52: [SM]   [1] Line 202, restrictinc/events.sp::CS_OnBuyCommand
L 11/28/2022 - 19:52:10: [SM] Exception reported: Array index out-of-bounds (index 64, limit 55)
L 11/28/2022 - 19:52:10: [SM] Blaming: weapon_restrict.smx
L 11/28/2022 - 19:52:10: [SM] Call stack trace:
L 11/28/2022 - 19:52:10: [SM]   [1] Line 202, restrictinc/events.sp::CS_OnBuyCommand
L 11/28/2022 - 19:52:28: [SM] Exception reported: Array index out-of-bounds (index 64, limit 55)
L 11/28/2022 - 19:52:28: [SM] Blaming: weapon_restrict.smx
L 11/28/2022 - 19:52:28: [SM] Call stack trace:
L 11/28/2022 - 19:52:28: [SM]   [1] Line 202, restrictinc/events.sp::CS_OnBuyCommand
L 11/28/2022 - 19:52:34: [SM] Exception reported: Array index out-of-bounds (index 64, limit 55)
L 11/28/2022 - 19:52:34: [SM] Blaming: weapon_restrict.smx
L 11/28/2022 - 19:52:34: [SM] Call stack trace:
L 11/28/2022 - 19:52:34: [SM]   [1] Line 202, restrictinc/events.sp::CS_OnBuyCommand
L 11/28/2022 - 19:53:02: [SM] Exception reported: Array index out-of-bounds (index 64, limit 55)
L 11/28/2022 - 19:53:02: [SM] Blaming: weapon_restrict.smx
L 11/28/2022 - 19:53:02: [SM] Call stack trace:
L 11/28/2022 - 19:53:02: [SM]   [1] Line 202, restrictinc/events.sp::CS_OnBuyCommand
L 11/28/2022 - 19:53:12: [SM] Exception reported: Array index out-of-bounds (index 64, limit 55)
L 11/28/2022 - 19:53:12: [SM] Blaming: weapon_restrict.smx
L 11/28/2022 - 19:53:12: [SM] Call stack trace:
L 11/28/2022 - 19:53:12: [SM]   [1] Line 202, restrictinc/events.sp::CS_OnBuyCommand
L 11/28/2022 - 19:53:34: [SM] Exception reported: Array index out-of-bounds (index 64, limit 55)
L 11/28/2022 - 19:53:34: [SM] Blaming: weapon_restrict.smx
L 11/28/2022 - 19:53:34: [SM] Call stack trace:
L 11/28/2022 - 19:53:34: [SM]   [1] Line 202, restrictinc/events.sp::CS_OnBuyCommand
L 11/28/2022 - 19:53:42: [SM] Exception reported: Array index out-of-bounds (index 64, limit 55)
L 11/28/2022 - 19:53:42: [SM] Blaming: weapon_restrict.smx
L 11/28/2022 - 19:53:42: [SM] Call stack trace:
L 11/28/2022 - 19:53:42: [SM]   [1] Line 202, restrictinc/events.sp::CS_OnBuyCommand
L 11/28/2022 - 19:53:48: [SM] Exception reported: Array index out-of-bounds (index 64, limit 55)
L 11/28/2022 - 19:53:48: [SM] Blaming: weapon_restrict.smx
L 11/28/2022 - 19:53:48: [SM] Call stack trace:
L 11/28/2022 - 19:53:48: [SM]   [1] Line 202, restrictinc/events.sp::CS_OnBuyCommand
L 11/28/2022 - 19:54:30: [SM] Exception reported: Array index out-of-bounds (index 64, limit 55)
L 11/28/2022 - 19:54:30: [SM] Blaming: weapon_restrict.smx
L 11/28/2022 - 19:54:30: [SM] Call stack trace:
L 11/28/2022 - 19:54:30: [SM]   [1] Line 202, restrictinc/events.sp::CS_OnBuyCommand
L 11/28/2022 - 19:54:41: [SM] Exception reported: Array index out-of-bounds (index 64, limit 55)
L 11/28/2022 - 19:54:41: [SM] Blaming: weapon_restrict.smx
L 11/28/2022 - 19:54:41: [SM] Call stack trace:
L 11/28/2022 - 19:54:41: [SM]   [1] Line 202, restrictinc/events.sp::CS_OnBuyCommand
L 11/28/2022 - 19:55:54: [SM] Exception reported: Array index out-of-bounds (index 64, limit 55)
L 11/28/2022 - 19:55:54: [SM] Blaming: weapon_restrict.smx
L 11/28/2022 - 19:55:54: [SM] Call stack trace:
L 11/28/2022 - 19:55:54: [SM]   [1] Line 202, restrictinc/events.sp::CS_OnBuyCommand
L 11/28/2022 - 19:56:23: [SM] Exception reported: Array index out-of-bounds (index 64, limit 55)
L 11/28/2022 - 19:56:23: [SM] Blaming: weapon_restrict.smx
L 11/28/2022 - 19:56:23: [SM] Call stack trace:
L 11/28/2022 - 19:56:23: [SM]   [1] Line 202, restrictinc/events.sp::CS_OnBuyCommand
L 11/28/2022 - 19:56:34: [SM] Exception reported: Array index out-of-bounds (index 64, limit 55)
L 11/28/2022 - 19:56:34: [SM] Blaming: weapon_restrict.smx
L 11/28/2022 - 19:56:34: [SM] Call stack trace:
L 11/28/2022 - 19:56:34: [SM]   [1] Line 202, restrictinc/events.sp::CS_OnBuyCommand
L 11/28/2022 - 19:56:49: [SM] Exception reported: Array index out-of-bounds (index 64, limit 55)
L 11/28/2022 - 19:56:49: [SM] Blaming: weapon_restrict.smx
L 11/28/2022 - 19:56:49: [SM] Call stack trace:
L 11/28/2022 - 19:56:49: [SM]   [1] Line 202, restrictinc/events.sp::CS_OnBuyCommand
L 11/28/2022 - 19:56:58: [SM] Exception reported: Array index out-of-bounds (index 64, limit 55)
L 11/28/2022 - 19:56:58: [SM] Blaming: weapon_restrict.smx
L 11/28/2022 - 19:56:58: [SM] Call stack trace:
L 11/28/2022 - 19:56:58: [SM]   [1] Line 202, restrictinc/events.sp::CS_OnBuyCommand
L 11/28/2022 - 19:57:14: [SM] Exception reported: Array index out-of-bounds (index 64, limit 55)
L 11/28/2022 - 19:57:14: [SM] Blaming: weapon_restrict.smx
L 11/28/2022 - 19:57:14: [SM] Call stack trace:
L 11/28/2022 - 19:57:14: [SM]   [1] Line 202, restrictinc/events.sp::CS_OnBuyCommand
L 11/28/2022 - 19:57:23: [SM] Exception reported: Array index out-of-bounds (index 64, limit 55)
L 11/28/2022 - 19:57:23: [SM] Blaming: weapon_restrict.smx
L 11/28/2022 - 19:57:23: [SM] Call stack trace:
L 11/28/2022 - 19:57:23: [SM]   [1] Line 202, restrictinc/events.sp::CS_OnBuyCommand
L 11/28/2022 - 19:57:30: [SM] Exception reported: Array index out-of-bounds (index 64, limit 55)
L 11/28/2022 - 19:57:30: [SM] Blaming: weapon_restrict.smx
L 11/28/2022 - 19:57:30: [SM] Call stack trace:
L 11/28/2022 - 19:57:30: [SM]   [1] Line 202, restrictinc/events.sp::CS_OnBuyCommand
L 11/28/2022 - 19:57:34: [SM] Exception reported: Array index out-of-bounds (index 64, limit 55)
L 11/28/2022 - 19:57:34: [SM] Blaming: weapon_restrict.smx
L 11/28/2022 - 19:57:34: [SM] Call stack trace:
L 11/28/2022 - 19:57:34: [SM]   [1] Line 202, restrictinc/events.sp::CS_OnBuyCommand
L 11/28/2022 - 19:57:39: [SM] Exception reported: Array index out-of-bounds (index 64, limit 55)
L 11/28/2022 - 19:57:39: [SM] Blaming: weapon_restrict.smx
L 11/28/2022 - 19:57:39: [SM] Call stack trace:
L 11/28/2022 - 19:57:39: [SM]   [1] Line 202, restrictinc/events.sp::CS_OnBuyCommand
L 11/28/2022 - 19:57:46: [SM] Exception reported: Array index out-of-bounds (index 64, limit 55)
L 11/28/2022 - 19:57:46: [SM] Blaming: weapon_restrict.smx
L 11/28/2022 - 19:57:46: [SM] Call stack trace:
L 11/28/2022 - 19:57:46: [SM]   [1] Line 202, restrictinc/events.sp::CS_OnBuyCommand
L 11/28/2022 - 19:58:04: [SM] Exception reported: Array index out-of-bounds (index 64, limit 55)
L 11/28/2022 - 19:58:04: [SM] Blaming: weapon_restrict.smx
L 11/28/2022 - 19:58:04: [SM] Call stack trace:
L 11/28/2022 - 19:58:04: [SM]   [1] Line 202, restrictinc/events.sp::CS_OnBuyCommand
L 11/28/2022 - 19:58:18: [SM] Exception reported: Array index out-of-bounds (index 64, limit 55)
L 11/28/2022 - 19:58:18: [SM] Blaming: weapon_restrict.smx
L 11/28/2022 - 19:58:18: [SM] Call stack trace:
L 11/28/2022 - 19:58:18: [SM]   [1] Line 202, restrictinc/events.sp::CS_OnBuyCommand
L 11/28/2022 - 19:58:28: [SM] Exception reported: Array index out-of-bounds (index 64, limit 55)
L 11/28/2022 - 19:58:28: [SM] Blaming: weapon_restrict.smx
L 11/28/2022 - 19:58:28: [SM] Call stack trace:
L 11/28/2022 - 19:58:28: [SM]   [1] Line 202, restrictinc/events.sp::CS_OnBuyCommand
L 11/28/2022 - 19:59:08: [SM] Exception reported: Array index out-of-bounds (index 64, limit 55)
L 11/28/2022 - 19:59:08: [SM] Blaming: weapon_restrict.smx
L 11/28/2022 - 19:59:08: [SM] Call stack trace:
L 11/28/2022 - 19:59:08: [SM]   [1] Line 202, restrictinc/events.sp::CS_OnBuyCommand
L 11/28/2022 - 19:59:17: [SM] Exception reported: Array index out-of-bounds (index 64, limit 55)
L 11/28/2022 - 19:59:17: [SM] Blaming: weapon_restrict.smx
L 11/28/2022 - 19:59:17: [SM] Call stack trace:
L 11/28/2022 - 19:59:17: [SM]   [1] Line 202, restrictinc/events.sp::CS_OnBuyCommand
L 11/28/2022 - 19:59:29: [SM] Exception reported: Array index out-of-bounds (index 64, limit 55)
L 11/28/2022 - 19:59:29: [SM] Blaming: weapon_restrict.smx
L 11/28/2022 - 19:59:29: [SM] Call stack trace:
L 11/28/2022 - 19:59:29: [SM]   [1] Line 202, restrictinc/events.sp::CS_OnBuyCommand
L 11/28/2022 - 19:59:57: [SM] Exception reported: Array index out-of-bounds (index 64, limit 55)
L 11/28/2022 - 19:59:57: [SM] Blaming: weapon_restrict.smx
L 11/28/2022 - 19:59:57: [SM] Call stack trace:
L 11/28/2022 - 19:59:57: [SM]   [1] Line 202, restrictinc/events.sp::CS_OnBuyCommand
L 11/28/2022 - 20:00:21: [SM] Exception reported: Array index out-of-bounds (index 64, limit 55)
L 11/28/2022 - 20:00:21: [SM] Blaming: weapon_restrict.smx
L 11/28/2022 - 20:00:21: [SM] Call stack trace:
L 11/28/2022 - 20:00:21: [SM]   [1] Line 202, restrictinc/events.sp::CS_OnBuyCommand
L 11/28/2022 - 20:00:46: [SM] Exception reported: Array index out-of-bounds (index 64, limit 55)
L 11/28/2022 - 20:00:46: [SM] Blaming: weapon_restrict.smx
L 11/28/2022 - 20:00:46: [SM] Call stack trace:
L 11/28/2022 - 20:00:46: [SM]   [1] Line 202, restrictinc/events.sp::CS_OnBuyCommand
L 11/28/2022 - 20:01:05: [SM] Exception reported: Array index out-of-bounds (index 64, limit 55)
L 11/28/2022 - 20:01:05: [SM] Blaming: weapon_restrict.smx
L 11/28/2022 - 20:01:05: [SM] Call stack trace:
L 11/28/2022 - 20:01:05: [SM]   [1] Line 202, restrictinc/events.sp::CS_OnBuyCommand
L 11/28/2022 - 20:01:12: [SM] Exception reported: Array index out-of-bounds (index 64, limit 55)
L 11/28/2022 - 20:01:12: [SM] Blaming: weapon_restrict.smx
L 11/28/2022 - 20:01:12: [SM] Call stack trace:
L 11/28/2022 - 20:01:12: [SM]   [1] Line 202, restrictinc/events.sp::CS_OnBuyCommand
L 11/28/2022 - 20:01:15: [SM] Exception reported: Array index out-of-bounds (index 64, limit 55)
L 11/28/2022 - 20:01:15: [SM] Blaming: weapon_restrict.smx
L 11/28/2022 - 20:01:15: [SM] Call stack trace:
L 11/28/2022 - 20:01:15: [SM]   [1] Line 202, restrictinc/events.sp::CS_OnBuyCommand
L 11/28/2022 - 20:02:10: [SM] Exception reported: Array index out-of-bounds (index 64, limit 55)
L 11/28/2022 - 20:02:10: [SM] Blaming: weapon_restrict.smx
L 11/28/2022 - 20:02:10: [SM] Call stack trace:
L 11/28/2022 - 20:02:10: [SM]   [1] Line 202, restrictinc/events.sp::CS_OnBuyCommand
L 11/28/2022 - 20:03:15: [SM] Exception reported: Array index out-of-bounds (index 64, limit 55)
L 11/28/2022 - 20:03:15: [SM] Blaming: weapon_restrict.smx
L 11/28/2022 - 20:03:15: [SM] Call stack trace:
L 11/28/2022 - 20:03:15: [SM]   [1] Line 202, restrictinc/events.sp::CS_OnBuyCommand
L 11/28/2022 - 20:03:33: [SM] Exception reported: Array index out-of-bounds (index 64, limit 55)
L 11/28/2022 - 20:03:33: [SM] Blaming: weapon_restrict.smx
L 11/28/2022 - 20:03:33: [SM] Call stack trace:
L 11/28/2022 - 20:03:33: [SM]   [1] Line 202, restrictinc/events.sp::CS_OnBuyCommand
L 11/28/2022 - 20:03:47: [SM] Exception reported: Array index out-of-bounds (index 64, limit 55)
L 11/28/2022 - 20:03:47: [SM] Blaming: weapon_restrict.smx
L 11/28/2022 - 20:03:47: [SM] Call stack trace:
L 11/28/2022 - 20:03:47: [SM]   [1] Line 202, restrictinc/events.sp::CS_OnBuyCommand
L 11/28/2022 - 20:04:04: [SM] Exception reported: Array index out-of-bounds (index 64, limit 55)
L 11/28/2022 - 20:04:04: [SM] Blaming: weapon_restrict.smx
L 11/28/2022 - 20:04:04: [SM] Call stack trace:
L 11/28/2022 - 20:04:04: [SM]   [1] Line 202, restrictinc/events.sp::CS_OnBuyCommand
L 11/28/2022 - 20:04:11: [SM] Exception reported: Array index out-of-bounds (index 64, limit 55)
L 11/28/2022 - 20:04:11: [SM] Blaming: weapon_restrict.smx
L 11/28/2022 - 20:04:11: [SM] Call stack trace:
L 11/28/2022 - 20:04:11: [SM]   [1] Line 202, restrictinc/events.sp::CS_OnBuyCommand
L 11/28/2022 - 20:04:35: [SM] Exception reported: Array index out-of-bounds (index 64, limit 55)
L 11/28/2022 - 20:04:35: [SM] Blaming: weapon_restrict.smx
L 11/28/2022 - 20:04:35: [SM] Call stack trace:
L 11/28/2022 - 20:04:35: [SM]   [1] Line 202, restrictinc/events.sp::CS_OnBuyCommand
L 11/28/2022 - 20:06:25: [SM] Exception reported: Array index out-of-bounds (index 64, limit 55)
L 11/28/2022 - 20:06:25: [SM] Blaming: weapon_restrict.smx
L 11/28/2022 - 20:06:25: [SM] Call stack trace:
L 11/28/2022 - 20:06:25: [SM]   [1] Line 202, restrictinc/events.sp::CS_OnBuyCommand
L 11/28/2022 - 20:07:35: [SM] Exception reported: Array index out-of-bounds (index 64, limit 55)
L 11/28/2022 - 20:07:35: [SM] Blaming: weapon_restrict.smx
L 11/28/2022 - 20:07:35: [SM] Call stack trace:
L 11/28/2022 - 20:07:35: [SM]   [1] Line 202, restrictinc/events.sp::CS_OnBuyCommand
L 11/28/2022 - 20:10:20: [SM] Exception reported: Array index out-of-bounds (index 64, limit 55)
L 11/28/2022 - 20:10:20: [SM] Blaming: weapon_restrict.smx
L 11/28/2022 - 20:10:20: [SM] Call stack trace:
L 11/28/2022 - 20:10:20: [SM]   [1] Line 202, restrictinc/events.sp::CS_OnBuyCommand
L 11/28/2022 - 20:13:06: [SM] Exception reported: Array index out-of-bounds (index 64, limit 55)
L 11/28/2022 - 20:13:06: [SM] Blaming: weapon_restrict.smx
L 11/28/2022 - 20:13:06: [SM] Call stack trace:
L 11/28/2022 - 20:13:06: [SM]   [1] Line 202, restrictinc/events.sp::CS_OnBuyCommand
L 11/28/2022 - 20:14:00: [SM] Exception reported: Array index out-of-bounds (index 64, limit 55)
L 11/28/2022 - 20:14:00: [SM] Blaming: weapon_restrict.smx
L 11/28/2022 - 20:14:00: [SM] Call stack trace:
L 11/28/2022 - 20:14:00: [SM]   [1] Line 202, restrictinc/events.sp::CS_OnBuyCommand
L 11/28/2022 - 20:14:21: [SM] Exception reported: Array index out-of-bounds (index 64, limit 55)
L 11/28/2022 - 20:14:21: [SM] Blaming: weapon_restrict.smx
L 11/28/2022 - 20:14:21: [SM] Call stack trace:
L 11/28/2022 - 20:14:21: [SM]   [1] Line 202, restrictinc/events.sp::CS_OnBuyCommand
L 11/28/2022 - 20:14:53: [SM] Exception reported: Array index out-of-bounds (index 64, limit 55)
L 11/28/2022 - 20:14:53: [SM] Blaming: weapon_restrict.smx
L 11/28/2022 - 20:14:53: [SM] Call stack trace:
L 11/28/2022 - 20:14:53: [SM]   [1] Line 202, restrictinc/events.sp::CS_OnBuyCommand
L 11/28/2022 - 20:15:03: [SM] Exception reported: Array index out-of-bounds (index 64, limit 55)
L 11/28/2022 - 20:15:03: [SM] Blaming: weapon_restrict.smx
L 11/28/2022 - 20:15:03: [SM] Call stack trace:
L 11/28/2022 - 20:15:03: [SM]   [1] Line 202, restrictinc/events.sp::CS_OnBuyCommand
L 11/28/2022 - 20:15:22: [SM] Exception reported: Array index out-of-bounds (index 64, limit 55)
L 11/28/2022 - 20:15:22: [SM] Blaming: weapon_restrict.smx
L 11/28/2022 - 20:15:22: [SM] Call stack trace:
L 11/28/2022 - 20:15:22: [SM]   [1] Line 202, restrictinc/events.sp::CS_OnBuyCommand
L 11/28/2022 - 20:15:31: [SM] Exception reported: Array index out-of-bounds (index 64, limit 55)
L 11/28/2022 - 20:15:31: [SM] Blaming: weapon_restrict.smx
L 11/28/2022 - 20:15:31: [SM] Call stack trace:
L 11/28/2022 - 20:15:31: [SM]   [1] Line 202, restrictinc/events.sp::CS_OnBuyCommand
L 11/28/2022 - 20:15:56: [SM] Exception reported: Array index out-of-bounds (index 64, limit 55)
L 11/28/2022 - 20:15:56: [SM] Blaming: weapon_restrict.smx
L 11/28/2022 - 20:15:56: [SM] Call stack trace:
L 11/28/2022 - 20:15:56: [SM]   [1] Line 202, restrictinc/events.sp::CS_OnBuyCommand
L 11/28/2022 - 20:16:16: [SM] Exception reported: Array index out-of-bounds (index 64, limit 55)
L 11/28/2022 - 20:16:16: [SM] Blaming: weapon_restrict.smx
L 11/28/2022 - 20:16:16: [SM] Call stack trace:
L 11/28/2022 - 20:16:16: [SM]   [1] Line 202, restrictinc/events.sp::CS_OnBuyCommand
L 11/28/2022 - 20:16:44: [SM] Exception reported: Array index out-of-bounds (index 64, limit 55)
L 11/28/2022 - 20:16:44: [SM] Blaming: weapon_restrict.smx
L 11/28/2022 - 20:16:44: [SM] Call stack trace:
L 11/28/2022 - 20:16:44: [SM]   [1] Line 202, restrictinc/events.sp::CS_OnBuyCommand
L 11/28/2022 - 20:16:59: [SM] Exception reported: Array index out-of-bounds (index 64, limit 55)
L 11/28/2022 - 20:16:59: [SM] Blaming: weapon_restrict.smx
L 11/28/2022 - 20:16:59: [SM] Call stack trace:
L 11/28/2022 - 20:16:59: [SM]   [1] Line 202, restrictinc/events.sp::CS_OnBuyCommand
L 11/28/2022 - 20:17:22: [SM] Exception reported: Array index out-of-bounds (index 64, limit 55)
L 11/28/2022 - 20:17:22: [SM] Blaming: weapon_restrict.smx
L 11/28/2022 - 20:17:22: [SM] Call stack trace:
L 11/28/2022 - 20:17:22: [SM]   [1] Line 202, restrictinc/events.sp::CS_OnBuyCommand
L 11/28/2022 - 20:18:07: [SM] Exception reported: Array index out-of-bounds (index 64, limit 55)
L 11/28/2022 - 20:18:07: [SM] Blaming: weapon_restrict.smx
L 11/28/2022 - 20:18:07: [SM] Call stack trace:
L 11/28/2022 - 20:18:07: [SM]   [1] Line 202, restrictinc/events.sp::CS_OnBuyCommand
L 11/28/2022 - 20:18:42: [SM] Exception reported: Array index out-of-bounds (index 64, limit 55)
L 11/28/2022 - 20:18:42: [SM] Blaming: weapon_restrict.smx
L 11/28/2022 - 20:18:42: [SM] Call stack trace:
L 11/28/2022 - 20:18:42: [SM]   [1] Line 202, restrictinc/events.sp::CS_OnBuyCommand
L 11/28/2022 - 20:19:00: [SM] Exception reported: Array index out-of-bounds (index 64, limit 55)
L 11/28/2022 - 20:19:00: [SM] Blaming: weapon_restrict.smx
L 11/28/2022 - 20:19:00: [SM] Call stack trace:
L 11/28/2022 - 20:19:00: [SM]   [1] Line 202, restrictinc/events.sp::CS_OnBuyCommand
L 11/28/2022 - 20:19:25: [SM] Exception reported: Array index out-of-bounds (index 64, limit 55)
L 11/28/2022 - 20:19:25: [SM] Blaming: weapon_restrict.smx
L 11/28/2022 - 20:19:25: [SM] Call stack trace:
L 11/28/2022 - 20:19:25: [SM]   [1] Line 202, restrictinc/events.sp::CS_OnBuyCommand
L 11/28/2022 - 20:19:46: [SM] Exception reported: Array index out-of-bounds (index 64, limit 55)
L 11/28/2022 - 20:19:46: [SM] Blaming: weapon_restrict.smx
L 11/28/2022 - 20:19:46: [SM] Call stack trace:
L 11/28/2022 - 20:19:46: [SM]   [1] Line 202, restrictinc/events.sp::CS_OnBuyCommand
L 11/28/2022 - 20:20:35: [SM] Exception reported: Array index out-of-bounds (index 64, limit 55)
L 11/28/2022 - 20:20:35: [SM] Blaming: weapon_restrict.smx
L 11/28/2022 - 20:20:35: [SM] Call stack trace:
L 11/28/2022 - 20:20:35: [SM]   [1] Line 202, restrictinc/events.sp::CS_OnBuyCommand
L 11/28/2022 - 20:21:20: [SM] Exception reported: Array index out-of-bounds (index 64, limit 55)
L 11/28/2022 - 20:21:20: [SM] Blaming: weapon_restrict.smx
L 11/28/2022 - 20:21:20: [SM] Call stack trace:
L 11/28/2022 - 20:21:20: [SM]   [1] Line 202, restrictinc/events.sp::CS_OnBuyCommand
L 11/28/2022 - 20:21:32: [SM] Exception reported: Array index out-of-bounds (index 64, limit 55)
L 11/28/2022 - 20:21:32: [SM] Blaming: weapon_restrict.smx
L 11/28/2022 - 20:21:32: [SM] Call stack trace:
L 11/28/2022 - 20:21:32: [SM]   [1] Line 202, restrictinc/events.sp::CS_OnBuyCommand
L 11/28/2022 - 20:21:47: [SM] Exception reported: Array index out-of-bounds (index 64, limit 55)
L 11/28/2022 - 20:21:47: [SM] Blaming: weapon_restrict.smx
L 11/28/2022 - 20:21:47: [SM] Call stack trace:
L 11/28/2022 - 20:21:47: [SM]   [1] Line 202, restrictinc/events.sp::CS_OnBuyCommand
L 11/28/2022 - 20:22:21: [SM] Exception reported: Array index out-of-bounds (index 64, limit 55)
L 11/28/2022 - 20:22:21: [SM] Blaming: weapon_restrict.smx
L 11/28/2022 - 20:22:21: [SM] Call stack trace:
L 11/28/2022 - 20:22:21: [SM]   [1] Line 202, restrictinc/events.sp::CS_OnBuyCommand
L 11/28/2022 - 20:22:47: [SM] Exception reported: Array index out-of-bounds (index 64, limit 55)
L 11/28/2022 - 20:22:47: [SM] Blaming: weapon_restrict.smx
L 11/28/2022 - 20:22:47: [SM] Call stack trace:
L 11/28/2022 - 20:22:47: [SM]   [1] Line 202, restrictinc/events.sp::CS_OnBuyCommand
L 11/28/2022 - 20:23:01: [SM] Exception reported: Array index out-of-bounds (index 64, limit 55)
L 11/28/2022 - 20:23:01: [SM] Blaming: weapon_restrict.smx
L 11/28/2022 - 20:23:01: [SM] Call stack trace:
L 11/28/2022 - 20:23:01: [SM]   [1] Line 202, restrictinc/events.sp::CS_OnBuyCommand
L 11/28/2022 - 20:23:30: [SM] Exception reported: Array index out-of-bounds (index 64, limit 55)
L 11/28/2022 - 20:23:30: [SM] Blaming: weapon_restrict.smx
L 11/28/2022 - 20:23:30: [SM] Call stack trace:
L 11/28/2022 - 20:23:30: [SM]   [1] Line 202, restrictinc/events.sp::CS_OnBuyCommand
L 11/28/2022 - 20:24:39: [SM] Exception reported: Array index out-of-bounds (index 64, limit 55)
L 11/28/2022 - 20:24:39: [SM] Blaming: weapon_restrict.smx
L 11/28/2022 - 20:24:39: [SM] Call stack trace:
L 11/28/2022 - 20:24:39: [SM]   [1] Line 202, restrictinc/events.sp::CS_OnBuyCommand
L 11/28/2022 - 20:24:52: [SM] Exception reported: Array index out-of-bounds (index 64, limit 55)
L 11/28/2022 - 20:24:52: [SM] Blaming: weapon_restrict.smx
L 11/28/2022 - 20:24:52: [SM] Call stack trace:
L 11/28/2022 - 20:24:52: [SM]   [1] Line 202, restrictinc/events.sp::CS_OnBuyCommand
L 11/28/2022 - 20:25:09: [SM] Exception reported: Array index out-of-bounds (index 64, limit 55)
L 11/28/2022 - 20:25:09: [SM] Blaming: weapon_restrict.smx
L 11/28/2022 - 20:25:09: [SM] Call stack trace:
L 11/28/2022 - 20:25:09: [SM]   [1] Line 202, restrictinc/events.sp::CS_OnBuyCommand
L 11/28/2022 - 20:25:50: [SM] Exception reported: Array index out-of-bounds (index 64, limit 55)
L 11/28/2022 - 20:25:50: [SM] Blaming: weapon_restrict.smx
L 11/28/2022 - 20:25:50: [SM] Call stack trace:
L 11/28/2022 - 20:25:50: [SM]   [1] Line 202, restrictinc/events.sp::CS_OnBuyCommand
L 11/28/2022 - 20:26:29: [SM] Exception reported: Array index out-of-bounds (index 64, limit 55)
L 11/28/2022 - 20:26:29: [SM] Blaming: weapon_restrict.smx
L 11/28/2022 - 20:26:29: [SM] Call stack trace:
L 11/28/2022 - 20:26:29: [SM]   [1] Line 202, restrictinc/events.sp::CS_OnBuyCommand
L 11/28/2022 - 20:26:52: [SM] Exception reported: Array index out-of-bounds (index 64, limit 55)
L 11/28/2022 - 20:26:52: [SM] Blaming: weapon_restrict.smx
L 11/28/2022 - 20:26:52: [SM] Call stack trace:
L 11/28/2022 - 20:26:52: [SM]   [1] Line 202, restrictinc/events.sp::CS_OnBuyCommand
L 11/28/2022 - 20:27:05: [SM] Exception reported: Array index out-of-bounds (index 64, limit 55)
L 11/28/2022 - 20:27:05: [SM] Blaming: weapon_restrict.smx
L 11/28/2022 - 20:27:05: [SM] Call stack trace:
L 11/28/2022 - 20:27:05: [SM]   [1] Line 202, restrictinc/events.sp::CS_OnBuyCommand
L 11/28/2022 - 20:27:26: [SM] Exception reported: Array index out-of-bounds (index 64, limit 55)
L 11/28/2022 - 20:27:26: [SM] Blaming: weapon_restrict.smx
L 11/28/2022 - 20:27:26: [SM] Call stack trace:
L 11/28/2022 - 20:27:26: [SM]   [1] Line 202, restrictinc/events.sp::CS_OnBuyCommand
L 11/28/2022 - 20:27:57: [SM] Exception reported: Array index out-of-bounds (index 64, limit 55)
L 11/28/2022 - 20:27:57: [SM] Blaming: weapon_restrict.smx
L 11/28/2022 - 20:27:57: [SM] Call stack trace:
L 11/28/2022 - 20:27:57: [SM]   [1] Line 202, restrictinc/events.sp::CS_OnBuyCommand
L 11/28/2022 - 20:28:10: [SM] Exception reported: Array index out-of-bounds (index 64, limit 55)
L 11/28/2022 - 20:28:10: [SM] Blaming: weapon_restrict.smx
L 11/28/2022 - 20:28:10: [SM] Call stack trace:
L 11/28/2022 - 20:28:10: [SM]   [1] Line 202, restrictinc/events.sp::CS_OnBuyCommand
L 11/28/2022 - 20:28:27: [SM] Exception reported: Array index out-of-bounds (index 64, limit 55)
L 11/28/2022 - 20:28:27: [SM] Blaming: weapon_restrict.smx
L 11/28/2022 - 20:28:27: [SM] Call stack trace:
L 11/28/2022 - 20:28:27: [SM]   [1] Line 202, restrictinc/events.sp::CS_OnBuyCommand
L 11/28/2022 - 20:28:36: [SM] Exception reported: Array index out-of-bounds (index 64, limit 55)
L 11/28/2022 - 20:28:36: [SM] Blaming: weapon_restrict.smx
L 11/28/2022 - 20:28:36: [SM] Call stack trace:
L 11/28/2022 - 20:28:36: [SM]   [1] Line 202, restrictinc/events.sp::CS_OnBuyCommand
L 11/28/2022 - 20:28:47: [SM] Exception reported: Array index out-of-bounds (index 64, limit 55)
L 11/28/2022 - 20:28:47: [SM] Blaming: weapon_restrict.smx
L 11/28/2022 - 20:28:47: [SM] Call stack trace:
L 11/28/2022 - 20:28:47: [SM]   [1] Line 202, restrictinc/events.sp::CS_OnBuyCommand
L 11/28/2022 - 20:28:55: [SM] Exception reported: Array index out-of-bounds (index 64, limit 55)
L 11/28/2022 - 20:28:55: [SM] Blaming: weapon_restrict.smx
L 11/28/2022 - 20:28:55: [SM] Call stack trace:
L 11/28/2022 - 20:28:55: [SM]   [1] Line 202, restrictinc/events.sp::CS_OnBuyCommand
L 11/28/2022 - 20:29:44: [SM] Exception reported: Array index out-of-bounds (index 64, limit 55)
L 11/28/2022 - 20:29:44: [SM] Blaming: weapon_restrict.smx
L 11/28/2022 - 20:29:44: [SM] Call stack trace:
L 11/28/2022 - 20:29:44: [SM]   [1] Line 202, restrictinc/events.sp::CS_OnBuyCommand
L 11/28/2022 - 20:30:02: [SM] Exception reported: Array index out-of-bounds (index 64, limit 55)
L 11/28/2022 - 20:30:02: [SM] Blaming: weapon_restrict.smx
L 11/28/2022 - 20:30:02: [SM] Call stack trace:
L 11/28/2022 - 20:30:02: [SM]   [1] Line 202, restrictinc/events.sp::CS_OnBuyCommand
L 11/28/2022 - 20:30:36: [SM] Exception reported: Array index out-of-bounds (index 64, limit 55)
L 11/28/2022 - 20:30:36: [SM] Blaming: weapon_restrict.smx
L 11/28/2022 - 20:30:36: [SM] Call stack trace:
L 11/28/2022 - 20:30:36: [SM]   [1] Line 202, restrictinc/events.sp::CS_OnBuyCommand
L 11/28/2022 - 20:31:00: [SM] Exception reported: Array index out-of-bounds (index 64, limit 55)
L 11/28/2022 - 20:31:00: [SM] Blaming: weapon_restrict.smx
L 11/28/2022 - 20:31:00: [SM] Call stack trace:
L 11/28/2022 - 20:31:00: [SM]   [1] Line 202, restrictinc/events.sp::CS_OnBuyCommand
L 11/28/2022 - 20:31:11: [SM] Exception reported: Array index out-of-bounds (index 64, limit 55)
L 11/28/2022 - 20:31:11: [SM] Blaming: weapon_restrict.smx
L 11/28/2022 - 20:31:11: [SM] Call stack trace:
L 11/28/2022 - 20:31:11: [SM]   [1] Line 202, restrictinc/events.sp::CS_OnBuyCommand
L 11/28/2022 - 20:31:23: [SM] Exception reported: Array index out-of-bounds (index 64, limit 55)
L 11/28/2022 - 20:31:23: [SM] Blaming: weapon_restrict.smx
L 11/28/2022 - 20:31:23: [SM] Call stack trace:
L 11/28/2022 - 20:31:23: [SM]   [1] Line 202, restrictinc/events.sp::CS_OnBuyCommand
L 11/28/2022 - 20:31:51: [SM] Exception reported: Array index out-of-bounds (index 64, limit 55)
L 11/28/2022 - 20:31:51: [SM] Blaming: weapon_restrict.smx
L 11/28/2022 - 20:31:51: [SM] Call stack trace:
L 11/28/2022 - 20:31:51: [SM]   [1] Line 202, restrictinc/events.sp::CS_OnBuyCommand
L 11/28/2022 - 20:32:12: [SM] Exception reported: Array index out-of-bounds (index 64, limit 55)
L 11/28/2022 - 20:32:12: [SM] Blaming: weapon_restrict.smx
L 11/28/2022 - 20:32:12: [SM] Call stack trace:
L 11/28/2022 - 20:32:12: [SM]   [1] Line 202, restrictinc/events.sp::CS_OnBuyCommand
L 11/28/2022 - 20:32:37: [SM] Exception reported: Array index out-of-bounds (index 64, limit 55)
L 11/28/2022 - 20:32:37: [SM] Blaming: weapon_restrict.smx
L 11/28/2022 - 20:32:37: [SM] Call stack trace:
L 11/28/2022 - 20:32:37: [SM]   [1] Line 202, restrictinc/events.sp::CS_OnBuyCommand
L 11/28/2022 - 20:33:04: [SM] Exception reported: Array index out-of-bounds (index 64, limit 55)
L 11/28/2022 - 20:33:04: [SM] Blaming: weapon_restrict.smx
L 11/28/2022 - 20:33:04: [SM] Call stack trace:
L 11/28/2022 - 20:33:04: [SM]   [1] Line 202, restrictinc/events.sp::CS_OnBuyCommand
L 11/28/2022 - 20:33:19: [SM] Exception reported: Array index out-of-bounds (index 64, limit 55)
L 11/28/2022 - 20:33:19: [SM] Blaming: weapon_restrict.smx
L 11/28/2022 - 20:33:19: [SM] Call stack trace:
L 11/28/2022 - 20:33:19: [SM]   [1] Line 202, restrictinc/events.sp::CS_OnBuyCommand
L 11/28/2022 - 20:33:26: [SM] Exception reported: Array index out-of-bounds (index 64, limit 55)
L 11/28/2022 - 20:33:26: [SM] Blaming: weapon_restrict.smx
L 11/28/2022 - 20:33:26: [SM] Call stack trace:
L 11/28/2022 - 20:33:26: [SM]   [1] Line 202, restrictinc/events.sp::CS_OnBuyCommand
L 11/28/2022 - 20:33:32: [SM] Exception reported: Array index out-of-bounds (index 64, limit 55)
L 11/28/2022 - 20:33:32: [SM] Blaming: weapon_restrict.smx
L 11/28/2022 - 20:33:32: [SM] Call stack trace:
L 11/28/2022 - 20:33:32: [SM]   [1] Line 202, restrictinc/events.sp::CS_OnBuyCommand
L 11/28/2022 - 20:33:53: [SM] Exception reported: Array index out-of-bounds (index 64, limit 55)
L 11/28/2022 - 20:33:53: [SM] Blaming: weapon_restrict.smx
L 11/28/2022 - 20:33:53: [SM] Call stack trace:
L 11/28/2022 - 20:33:53: [SM]   [1] Line 202, restrictinc/events.sp::CS_OnBuyCommand
L 11/28/2022 - 20:33:54: [SM] Exception reported: Array index out-of-bounds (index 64, limit 55)
L 11/28/2022 - 20:33:54: [SM] Blaming: weapon_restrict.smx
L 11/28/2022 - 20:33:54: [SM] Call stack trace:
L 11/28/2022 - 20:33:54: [SM]   [1] Line 202, restrictinc/events.sp::CS_OnBuyCommand
L 11/28/2022 - 20:34:10: [SM] Exception reported: Array index out-of-bounds (index 64, limit 55)
L 11/28/2022 - 20:34:10: [SM] Blaming: weapon_restrict.smx
L 11/28/2022 - 20:34:10: [SM] Call stack trace:
L 11/28/2022 - 20:34:10: [SM]   [1] Line 202, restrictinc/events.sp::CS_OnBuyCommand
L 11/28/2022 - 20:34:36: [SM] Exception reported: Array index out-of-bounds (index 64, limit 55)
L 11/28/2022 - 20:34:36: [SM] Blaming: weapon_restrict.smx
L 11/28/2022 - 20:34:36: [SM] Call stack trace:
L 11/28/2022 - 20:34:36: [SM]   [1] Line 202, restrictinc/events.sp::CS_OnBuyCommand
L 11/28/2022 - 20:34:47: [SM] Exception reported: Array index out-of-bounds (index 64, limit 55)
L 11/28/2022 - 20:34:47: [SM] Blaming: weapon_restrict.smx
L 11/28/2022 - 20:34:47: [SM] Call stack trace:
L 11/28/2022 - 20:34:47: [SM]   [1] Line 202, restrictinc/events.sp::CS_OnBuyCommand
L 11/28/2022 - 20:35:09: [SM] Exception reported: Array index out-of-bounds (index 64, limit 55)
L 11/28/2022 - 20:35:09: [SM] Blaming: weapon_restrict.smx
L 11/28/2022 - 20:35:09: [SM] Call stack trace:
L 11/28/2022 - 20:35:09: [SM]   [1] Line 202, restrictinc/events.sp::CS_OnBuyCommand
L 11/28/2022 - 20:35:16: [SM] Exception reported: Array index out-of-bounds (index 64, limit 55)
L 11/28/2022 - 20:35:16: [SM] Blaming: weapon_restrict.smx
L 11/28/2022 - 20:35:16: [SM] Call stack trace:
L 11/28/2022 - 20:35:16: [SM]   [1] Line 202, restrictinc/events.sp::CS_OnBuyCommand
L 11/28/2022 - 20:35:30: [SM] Exception reported: Array index out-of-bounds (index 64, limit 55)
L 11/28/2022 - 20:35:30: [SM] Blaming: weapon_restrict.smx
L 11/28/2022 - 20:35:30: [SM] Call stack trace:
L 11/28/2022 - 20:35:30: [SM]   [1] Line 202, restrictinc/events.sp::CS_OnBuyCommand
L 11/28/2022 - 20:35:43: [SM] Exception reported: Array index out-of-bounds (index 64, limit 55)
L 11/28/2022 - 20:35:43: [SM] Blaming: weapon_restrict.smx
L 11/28/2022 - 20:35:43: [SM] Call stack trace:
L 11/28/2022 - 20:35:43: [SM]   [1] Line 202, restrictinc/events.sp::CS_OnBuyCommand
L 11/28/2022 - 20:35:49: [SM] Exception reported: Array index out-of-bounds (index 64, limit 55)
L 11/28/2022 - 20:35:49: [SM] Blaming: weapon_restrict.smx
L 11/28/2022 - 20:35:49: [SM] Call stack trace:
L 11/28/2022 - 20:35:49: [SM]   [1] Line 202, restrictinc/events.sp::CS_OnBuyCommand
L 11/28/2022 - 20:36:39: [SM] Exception reported: Array index out-of-bounds (index 64, limit 55)
L 11/28/2022 - 20:36:39: [SM] Blaming: weapon_restrict.smx
L 11/28/2022 - 20:36:39: [SM] Call stack trace:
L 11/28/2022 - 20:36:39: [SM]   [1] Line 202, restrictinc/events.sp::CS_OnBuyCommand
L 11/28/2022 - 20:36:46: [SM] Exception reported: Array index out-of-bounds (index 64, limit 55)
L 11/28/2022 - 20:36:46: [SM] Blaming: weapon_restrict.smx
L 11/28/2022 - 20:36:46: [SM] Call stack trace:
L 11/28/2022 - 20:36:46: [SM]   [1] Line 202, restrictinc/events.sp::CS_OnBuyCommand
L 11/28/2022 - 20:36:51: [SM] Exception reported: Array index out-of-bounds (index 64, limit 55)
L 11/28/2022 - 20:36:51: [SM] Blaming: weapon_restrict.smx
L 11/28/2022 - 20:36:51: [SM] Call stack trace:
L 11/28/2022 - 20:36:51: [SM]   [1] Line 202, restrictinc/events.sp::CS_OnBuyCommand
L 11/28/2022 - 20:37:23: [SM] Exception reported: Array index out-of-bounds (index 64, limit 55)
L 11/28/2022 - 20:37:23: [SM] Blaming: weapon_restrict.smx
L 11/28/2022 - 20:37:23: [SM] Call stack trace:
L 11/28/2022 - 20:37:23: [SM]   [1] Line 202, restrictinc/events.sp::CS_OnBuyCommand
L 11/28/2022 - 20:37:41: [SM] Exception reported: Array index out-of-bounds (index 64, limit 55)
L 11/28/2022 - 20:37:41: [SM] Blaming: weapon_restrict.smx
L 11/28/2022 - 20:37:41: [SM] Call stack trace:
L 11/28/2022 - 20:37:41: [SM]   [1] Line 202, restrictinc/events.sp::CS_OnBuyCommand
L 11/28/2022 - 20:37:52: [SM] Exception reported: Array index out-of-bounds (index 64, limit 55)
L 11/28/2022 - 20:37:52: [SM] Blaming: weapon_restrict.smx
L 11/28/2022 - 20:37:52: [SM] Call stack trace:
L 11/28/2022 - 20:37:52: [SM]   [1] Line 202, restrictinc/events.sp::CS_OnBuyCommand
L 11/28/2022 - 20:38:06: [SM] Exception reported: Array index out-of-bounds (index 64, limit 55)
L 11/28/2022 - 20:38:06: [SM] Blaming: weapon_restrict.smx
L 11/28/2022 - 20:38:06: [SM] Call stack trace:
L 11/28/2022 - 20:38:06: [SM]   [1] Line 202, restrictinc/events.sp::CS_OnBuyCommand
L 11/28/2022 - 20:38:15: [SM] Exception reported: Array index out-of-bounds (index 64, limit 55)
L 11/28/2022 - 20:38:15: [SM] Blaming: weapon_restrict.smx
L 11/28/2022 - 20:38:15: [SM] Call stack trace:
L 11/28/2022 - 20:38:15: [SM]   [1] Line 202, restrictinc/events.sp::CS_OnBuyCommand
L 11/28/2022 - 20:38:31: [SM] Exception reported: Array index out-of-bounds (index 64, limit 55)
L 11/28/2022 - 20:38:31: [SM] Blaming: weapon_restrict.smx
L 11/28/2022 - 20:38:31: [SM] Call stack trace:
L 11/28/2022 - 20:38:31: [SM]   [1] Line 202, restrictinc/events.sp::CS_OnBuyCommand
L 11/28/2022 - 20:38:38: [SM] Exception reported: Array index out-of-bounds (index 64, limit 55)
L 11/28/2022 - 20:38:38: [SM] Blaming: weapon_restrict.smx
L 11/28/2022 - 20:38:38: [SM] Call stack trace:
L 11/28/2022 - 20:38:38: [SM]   [1] Line 202, restrictinc/events.sp::CS_OnBuyCommand
L 11/28/2022 - 21:34:45: Error log file session closed.
L 11/28/2022 - 21:34:53: SourceMod error session started
L 11/28/2022 - 21:34:53: Info (map "de_mirage") (file "/csgoserver/server1/csgo/addons/sourcemod/logs/errors_20221128.log")
L 11/28/2022 - 21:34:53: [SM] Exception reported: Array index out-of-bounds (index 64, limit 55)
L 11/28/2022 - 21:34:53: [SM] Blaming: weapon_restrict.smx
L 11/28/2022 - 21:34:53: [SM] Call stack trace:
L 11/28/2022 - 21:34:53: [SM]   [1] Line 202, restrictinc/events.sp::CS_OnBuyCommand
L 11/28/2022 - 21:34:54: [SM] Exception reported: Array index out-of-bounds (index 64, limit 55)
L 11/28/2022 - 21:34:54: [SM] Blaming: weapon_restrict.smx
L 11/28/2022 - 21:34:54: [SM] Call stack trace:
L 11/28/2022 - 21:34:54: [SM]   [1] Line 202, restrictinc/events.sp::CS_OnBuyCommand
L 11/28/2022 - 21:38:41: [SM] Exception reported: Array index out-of-bounds (index 64, limit 55)
L 11/28/2022 - 21:38:41: [SM] Blaming: weapon_restrict.smx
L 11/28/2022 - 21:38:41: [SM] Call stack trace:
L 11/28/2022 - 21:38:41: [SM]   [1] Line 202, restrictinc/events.sp::CS_OnBuyCommand
L 11/28/2022 - 21:41:36: [SM] Exception reported: Array index out-of-bounds (index 64, limit 55)
L 11/28/2022 - 21:41:36: [SM] Blaming: weapon_restrict.smx
L 11/28/2022 - 21:41:36: [SM] Call stack trace:
L 11/28/2022 - 21:41:36: [SM]   [1] Line 202, restrictinc/events.sp::CS_OnBuyCommand
L 11/28/2022 - 21:41:47: [SM] Exception reported: Array index out-of-bounds (index 64, limit 55)
L 11/28/2022 - 21:41:47: [SM] Blaming: weapon_restrict.smx
L 11/28/2022 - 21:41:47: [SM] Call stack trace:
L 11/28/2022 - 21:41:47: [SM]   [1] Line 202, restrictinc/events.sp::CS_OnBuyCommand
L 11/28/2022 - 21:43:20: [SM] Exception reported: Array index out-of-bounds (index 64, limit 55)
L 11/28/2022 - 21:43:20: [SM] Blaming: weapon_restrict.smx
L 11/28/2022 - 21:43:20: [SM] Call stack trace:
L 11/28/2022 - 21:43:20: [SM]   [1] Line 202, restrictinc/events.sp::CS_OnBuyCommand
L 11/28/2022 - 21:44:52: [SM] Exception reported: Array index out-of-bounds (index 64, limit 55)
L 11/28/2022 - 21:44:52: [SM] Blaming: weapon_restrict.smx
L 11/28/2022 - 21:44:52: [SM] Call stack trace:
L 11/28/2022 - 21:44:52: [SM]   [1] Line 202, restrictinc/events.sp::CS_OnBuyCommand
L 11/28/2022 - 21:45:20: [SM] Exception reported: Array index out-of-bounds (index 64, limit 55)
L 11/28/2022 - 21:45:20: [SM] Blaming: weapon_restrict.smx
L 11/28/2022 - 21:45:20: [SM] Call stack trace:
L 11/28/2022 - 21:45:20: [SM]   [1] Line 202, restrictinc/events.sp::CS_OnBuyCommand
L 11/28/2022 - 21:46:19: [SM] Exception reported: Array index out-of-bounds (index 64, limit 55)
L 11/28/2022 - 21:46:19: [SM] Blaming: weapon_restrict.smx
L 11/28/2022 - 21:46:19: [SM] Call stack trace:
L 11/28/2022 - 21:46:19: [SM]   [1] Line 202, restrictinc/events.sp::CS_OnBuyCommand
L 11/28/2022 - 21:46:48: [SM] Exception reported: Array index out-of-bounds (index 64, limit 55)
L 11/28/2022 - 21:46:48: [SM] Blaming: weapon_restrict.smx
L 11/28/2022 - 21:46:48: [SM] Call stack trace:
L 11/28/2022 - 21:46:48: [SM]   [1] Line 202, restrictinc/events.sp::CS_OnBuyCommand
L 11/28/2022 - 21:47:41: [SM] Exception reported: Array index out-of-bounds (index 64, limit 55)
L 11/28/2022 - 21:47:41: [SM] Blaming: weapon_restrict.smx
L 11/28/2022 - 21:47:41: [SM] Call stack trace:
L 11/28/2022 - 21:47:41: [SM]   [1] Line 202, restrictinc/events.sp::CS_OnBuyCommand
L 11/29/2022 - 13:12:01: Error log file session closed.
