L 11/13/2022 - 00:07:44: SourceMod error session started
L 11/13/2022 - 00:07:44: Info (map "de_mirage") (file "/badfupo/server1/csgo/addons/sourcemod/logs/errors_20221113.log")
L 11/13/2022 - 00:07:44: [SM] Exception reported: Array index out-of-bounds (index 64, limit 55)
L 11/13/2022 - 00:07:44: [SM] Blaming: weapon_restrict.smx
L 11/13/2022 - 00:07:44: [SM] Call stack trace:
L 11/13/2022 - 00:07:44: [SM]   [1] Line 202, restrictinc/events.sp::CS_OnBuyCommand
L 11/13/2022 - 00:07:46: [SM] Exception reported: Array index out-of-bounds (index 64, limit 55)
L 11/13/2022 - 00:07:46: [SM] Blaming: weapon_restrict.smx
L 11/13/2022 - 00:07:46: [SM] Call stack trace:
L 11/13/2022 - 00:07:46: [SM]   [1] Line 202, restrictinc/events.sp::CS_OnBuyCommand
L 11/13/2022 - 00:14:38: [warmod.smx] Plug-in tEasyFTP.smx required to auto upload demos
L 11/13/2022 - 00:15:03: Error log file session closed.
L 11/13/2022 - 00:18:02: SourceMod error session started
L 11/13/2022 - 00:18:02: Info (map "de_mirage") (file "/badfupo/server1/csgo/addons/sourcemod/logs/errors_20221113.log")
L 11/13/2022 - 00:18:02: [SM] Exception reported: Array index out-of-bounds (index 64, limit 55)
L 11/13/2022 - 00:18:02: [SM] Blaming: weapon_restrict.smx
L 11/13/2022 - 00:18:02: [SM] Call stack trace:
L 11/13/2022 - 00:18:02: [SM]   [1] Line 202, restrictinc/events.sp::CS_OnBuyCommand
L 11/13/2022 - 00:18:43: [SM] Exception reported: Array index out-of-bounds (index 64, limit 55)
L 11/13/2022 - 00:18:43: [SM] Blaming: weapon_restrict.smx
L 11/13/2022 - 00:18:43: [SM] Call stack trace:
L 11/13/2022 - 00:18:43: [SM]   [1] Line 202, restrictinc/events.sp::CS_OnBuyCommand
L 11/13/2022 - 00:18:54: [SM] Exception reported: Array index out-of-bounds (index 64, limit 55)
L 11/13/2022 - 00:18:54: [SM] Blaming: weapon_restrict.smx
L 11/13/2022 - 00:18:54: [SM] Call stack trace:
L 11/13/2022 - 00:18:54: [SM]   [1] Line 202, restrictinc/events.sp::CS_OnBuyCommand
L 11/13/2022 - 00:19:13: [SM] Exception reported: Array index out-of-bounds (index 64, limit 55)
L 11/13/2022 - 00:19:13: [SM] Blaming: weapon_restrict.smx
L 11/13/2022 - 00:19:13: [SM] Call stack trace:
L 11/13/2022 - 00:19:13: [SM]   [1] Line 202, restrictinc/events.sp::CS_OnBuyCommand
L 11/13/2022 - 00:19:35: [SM] Exception reported: Array index out-of-bounds (index 64, limit 55)
L 11/13/2022 - 00:19:35: [SM] Blaming: weapon_restrict.smx
L 11/13/2022 - 00:19:35: [SM] Call stack trace:
L 11/13/2022 - 00:19:35: [SM]   [1] Line 202, restrictinc/events.sp::CS_OnBuyCommand
L 11/13/2022 - 00:19:59: [SM] Exception reported: Array index out-of-bounds (index 64, limit 55)
L 11/13/2022 - 00:19:59: [SM] Blaming: weapon_restrict.smx
L 11/13/2022 - 00:19:59: [SM] Call stack trace:
L 11/13/2022 - 00:19:59: [SM]   [1] Line 202, restrictinc/events.sp::CS_OnBuyCommand
L 11/13/2022 - 00:20:34: [SM] Exception reported: Array index out-of-bounds (index 64, limit 55)
L 11/13/2022 - 00:20:34: [SM] Blaming: weapon_restrict.smx
L 11/13/2022 - 00:20:34: [SM] Call stack trace:
L 11/13/2022 - 00:20:34: [SM]   [1] Line 202, restrictinc/events.sp::CS_OnBuyCommand
L 11/13/2022 - 00:20:50: [SM] Exception reported: Array index out-of-bounds (index 64, limit 55)
L 11/13/2022 - 00:20:50: [SM] Blaming: weapon_restrict.smx
L 11/13/2022 - 00:20:50: [SM] Call stack trace:
L 11/13/2022 - 00:20:50: [SM]   [1] Line 202, restrictinc/events.sp::CS_OnBuyCommand
L 11/13/2022 - 00:21:00: [SM] Exception reported: Array index out-of-bounds (index 64, limit 55)
L 11/13/2022 - 00:21:00: [SM] Blaming: weapon_restrict.smx
L 11/13/2022 - 00:21:00: [SM] Call stack trace:
L 11/13/2022 - 00:21:00: [SM]   [1] Line 202, restrictinc/events.sp::CS_OnBuyCommand
L 11/13/2022 - 00:21:53: [SM] Exception reported: Array index out-of-bounds (index 64, limit 55)
L 11/13/2022 - 00:21:53: [SM] Blaming: weapon_restrict.smx
L 11/13/2022 - 00:21:53: [SM] Call stack trace:
L 11/13/2022 - 00:21:53: [SM]   [1] Line 202, restrictinc/events.sp::CS_OnBuyCommand
L 11/13/2022 - 00:22:17: [SM] Exception reported: Array index out-of-bounds (index 64, limit 55)
L 11/13/2022 - 00:22:17: [SM] Blaming: weapon_restrict.smx
L 11/13/2022 - 00:22:17: [SM] Call stack trace:
L 11/13/2022 - 00:22:17: [SM]   [1] Line 202, restrictinc/events.sp::CS_OnBuyCommand
L 11/13/2022 - 00:23:03: [SM] Exception reported: Array index out-of-bounds (index 64, limit 55)
L 11/13/2022 - 00:23:03: [SM] Blaming: weapon_restrict.smx
L 11/13/2022 - 00:23:03: [SM] Call stack trace:
L 11/13/2022 - 00:23:03: [SM]   [1] Line 202, restrictinc/events.sp::CS_OnBuyCommand
L 11/13/2022 - 00:23:14: [SM] Exception reported: Array index out-of-bounds (index 64, limit 55)
L 11/13/2022 - 00:23:14: [SM] Blaming: weapon_restrict.smx
L 11/13/2022 - 00:23:14: [SM] Call stack trace:
L 11/13/2022 - 00:23:14: [SM]   [1] Line 202, restrictinc/events.sp::CS_OnBuyCommand
L 11/13/2022 - 00:27:01: [SM] Exception reported: Array index out-of-bounds (index 64, limit 55)
L 11/13/2022 - 00:27:01: [SM] Blaming: weapon_restrict.smx
L 11/13/2022 - 00:27:01: [SM] Call stack trace:
L 11/13/2022 - 00:27:01: [SM]   [1] Line 202, restrictinc/events.sp::CS_OnBuyCommand
L 11/13/2022 - 00:28:18: [SM] Exception reported: Array index out-of-bounds (index 64, limit 55)
L 11/13/2022 - 00:28:18: [SM] Blaming: weapon_restrict.smx
L 11/13/2022 - 00:28:18: [SM] Call stack trace:
L 11/13/2022 - 00:28:18: [SM]   [1] Line 202, restrictinc/events.sp::CS_OnBuyCommand
L 11/13/2022 - 00:33:08: [SM] Exception reported: Array index out-of-bounds (index 64, limit 55)
L 11/13/2022 - 00:33:08: [SM] Blaming: weapon_restrict.smx
L 11/13/2022 - 00:33:08: [SM] Call stack trace:
L 11/13/2022 - 00:33:08: [SM]   [1] Line 202, restrictinc/events.sp::CS_OnBuyCommand
L 11/13/2022 - 00:33:08: [SM] Exception reported: Array index out-of-bounds (index 64, limit 55)
L 11/13/2022 - 00:33:08: [SM] Blaming: weapon_restrict.smx
L 11/13/2022 - 00:33:08: [SM] Call stack trace:
L 11/13/2022 - 00:33:08: [SM]   [1] Line 202, restrictinc/events.sp::CS_OnBuyCommand
L 11/13/2022 - 00:34:45: [SM] Exception reported: Array index out-of-bounds (index 64, limit 55)
L 11/13/2022 - 00:34:45: [SM] Blaming: weapon_restrict.smx
L 11/13/2022 - 00:34:45: [SM] Call stack trace:
L 11/13/2022 - 00:34:45: [SM]   [1] Line 202, restrictinc/events.sp::CS_OnBuyCommand
L 11/13/2022 - 00:38:52: [warmod.smx] Plug-in tEasyFTP.smx required to auto upload demos
L 11/13/2022 - 00:39:17: Error log file session closed.
L 11/13/2022 - 00:39:47: SourceMod error session started
L 11/13/2022 - 00:39:47: Info (map "de_mirage") (file "/badfupo/server1/csgo/addons/sourcemod/logs/errors_20221113.log")
L 11/13/2022 - 00:39:47: [SM] Exception reported: Array index out-of-bounds (index 64, limit 55)
L 11/13/2022 - 00:39:47: [SM] Blaming: weapon_restrict.smx
L 11/13/2022 - 00:39:47: [SM] Call stack trace:
L 11/13/2022 - 00:39:47: [SM]   [1] Line 202, restrictinc/events.sp::CS_OnBuyCommand
L 11/13/2022 - 00:39:56: [SM] Exception reported: Array index out-of-bounds (index 64, limit 55)
L 11/13/2022 - 00:39:56: [SM] Blaming: weapon_restrict.smx
L 11/13/2022 - 00:39:56: [SM] Call stack trace:
L 11/13/2022 - 00:39:56: [SM]   [1] Line 202, restrictinc/events.sp::CS_OnBuyCommand
L 11/13/2022 - 00:42:25: [SM] Exception reported: Array index out-of-bounds (index 64, limit 55)
L 11/13/2022 - 00:42:25: [SM] Blaming: weapon_restrict.smx
L 11/13/2022 - 00:42:25: [SM] Call stack trace:
L 11/13/2022 - 00:42:25: [SM]   [1] Line 202, restrictinc/events.sp::CS_OnBuyCommand
L 11/13/2022 - 00:43:17: [SM] Exception reported: Array index out-of-bounds (index 64, limit 55)
L 11/13/2022 - 00:43:17: [SM] Blaming: weapon_restrict.smx
L 11/13/2022 - 00:43:17: [SM] Call stack trace:
L 11/13/2022 - 00:43:17: [SM]   [1] Line 202, restrictinc/events.sp::CS_OnBuyCommand
L 11/13/2022 - 00:47:34: [SM] Exception reported: Array index out-of-bounds (index 64, limit 55)
L 11/13/2022 - 00:47:34: [SM] Blaming: weapon_restrict.smx
L 11/13/2022 - 00:47:34: [SM] Call stack trace:
L 11/13/2022 - 00:47:34: [SM]   [1] Line 202, restrictinc/events.sp::CS_OnBuyCommand
L 11/13/2022 - 00:52:14: [SM] Exception reported: Array index out-of-bounds (index 64, limit 55)
L 11/13/2022 - 00:52:14: [SM] Blaming: weapon_restrict.smx
L 11/13/2022 - 00:52:14: [SM] Call stack trace:
L 11/13/2022 - 00:52:14: [SM]   [1] Line 202, restrictinc/events.sp::CS_OnBuyCommand
L 11/13/2022 - 00:54:26: [warmod.smx] Plug-in tEasyFTP.smx required to auto upload demos
L 11/13/2022 - 00:55:07: [SM] Exception reported: Array index out-of-bounds (index 64, limit 55)
L 11/13/2022 - 00:55:07: [SM] Blaming: weapon_restrict.smx
L 11/13/2022 - 00:55:07: [SM] Call stack trace:
L 11/13/2022 - 00:55:07: [SM]   [1] Line 202, restrictinc/events.sp::CS_OnBuyCommand
L 11/13/2022 - 00:56:32: [SM] Exception reported: Array index out-of-bounds (index 64, limit 55)
L 11/13/2022 - 00:56:32: [SM] Blaming: weapon_restrict.smx
L 11/13/2022 - 00:56:32: [SM] Call stack trace:
L 11/13/2022 - 00:56:32: [SM]   [1] Line 202, restrictinc/events.sp::CS_OnBuyCommand
L 11/13/2022 - 01:07:35: [SM] Exception reported: Array index out-of-bounds (index 64, limit 55)
L 11/13/2022 - 01:07:35: [SM] Blaming: weapon_restrict.smx
L 11/13/2022 - 01:07:35: [SM] Call stack trace:
L 11/13/2022 - 01:07:35: [SM]   [1] Line 202, restrictinc/events.sp::CS_OnBuyCommand
L 11/13/2022 - 01:07:36: [SM] Exception reported: Array index out-of-bounds (index 64, limit 55)
L 11/13/2022 - 01:07:36: [SM] Blaming: weapon_restrict.smx
L 11/13/2022 - 01:07:36: [SM] Call stack trace:
L 11/13/2022 - 01:07:36: [SM]   [1] Line 202, restrictinc/events.sp::CS_OnBuyCommand
L 11/13/2022 - 01:07:38: [SM] Exception reported: Array index out-of-bounds (index 64, limit 55)
L 11/13/2022 - 01:07:38: [SM] Blaming: weapon_restrict.smx
L 11/13/2022 - 01:07:38: [SM] Call stack trace:
L 11/13/2022 - 01:07:38: [SM]   [1] Line 202, restrictinc/events.sp::CS_OnBuyCommand
L 11/13/2022 - 01:10:31: [SM] Exception reported: Array index out-of-bounds (index 64, limit 55)
L 11/13/2022 - 01:10:31: [SM] Blaming: weapon_restrict.smx
L 11/13/2022 - 01:10:31: [SM] Call stack trace:
L 11/13/2022 - 01:10:31: [SM]   [1] Line 202, restrictinc/events.sp::CS_OnBuyCommand
L 11/13/2022 - 01:11:45: [SM] Exception reported: Array index out-of-bounds (index 64, limit 55)
L 11/13/2022 - 01:11:45: [SM] Blaming: weapon_restrict.smx
L 11/13/2022 - 01:11:45: [SM] Call stack trace:
L 11/13/2022 - 01:11:45: [SM]   [1] Line 202, restrictinc/events.sp::CS_OnBuyCommand
L 11/13/2022 - 01:16:27: [warmod.smx] Plug-in tEasyFTP.smx required to auto upload demos
L 11/13/2022 - 01:17:02: [SM] Exception reported: Array index out-of-bounds (index 64, limit 55)
L 11/13/2022 - 01:17:02: [SM] Blaming: weapon_restrict.smx
L 11/13/2022 - 01:17:02: [SM] Call stack trace:
L 11/13/2022 - 01:17:02: [SM]   [1] Line 202, restrictinc/events.sp::CS_OnBuyCommand
L 11/13/2022 - 01:17:07: [SM] Exception reported: Array index out-of-bounds (index 64, limit 55)
L 11/13/2022 - 01:17:07: [SM] Blaming: weapon_restrict.smx
L 11/13/2022 - 01:17:07: [SM] Call stack trace:
L 11/13/2022 - 01:17:07: [SM]   [1] Line 202, restrictinc/events.sp::CS_OnBuyCommand
L 11/13/2022 - 01:17:09: [SM] Exception reported: Array index out-of-bounds (index 64, limit 55)
L 11/13/2022 - 01:17:09: [SM] Blaming: weapon_restrict.smx
L 11/13/2022 - 01:17:09: [SM] Call stack trace:
L 11/13/2022 - 01:17:09: [SM]   [1] Line 202, restrictinc/events.sp::CS_OnBuyCommand
L 11/13/2022 - 01:17:17: [SM] Exception reported: Array index out-of-bounds (index 64, limit 55)
L 11/13/2022 - 01:17:17: [SM] Blaming: weapon_restrict.smx
L 11/13/2022 - 01:17:17: [SM] Call stack trace:
L 11/13/2022 - 01:17:17: [SM]   [1] Line 202, restrictinc/events.sp::CS_OnBuyCommand
L 11/13/2022 - 01:19:17: [SM] Exception reported: Array index out-of-bounds (index 64, limit 55)
L 11/13/2022 - 01:19:17: [SM] Blaming: weapon_restrict.smx
L 11/13/2022 - 01:19:17: [SM] Call stack trace:
L 11/13/2022 - 01:19:17: [SM]   [1] Line 202, restrictinc/events.sp::CS_OnBuyCommand
L 11/13/2022 - 01:23:25: [SM] Exception reported: Array index out-of-bounds (index 64, limit 55)
L 11/13/2022 - 01:23:25: [SM] Blaming: weapon_restrict.smx
L 11/13/2022 - 01:23:25: [SM] Call stack trace:
L 11/13/2022 - 01:23:25: [SM]   [1] Line 202, restrictinc/events.sp::CS_OnBuyCommand
L 11/13/2022 - 01:25:03: [SM] Exception reported: Array index out-of-bounds (index 64, limit 55)
L 11/13/2022 - 01:25:03: [SM] Blaming: weapon_restrict.smx
L 11/13/2022 - 01:25:03: [SM] Call stack trace:
L 11/13/2022 - 01:25:03: [SM]   [1] Line 202, restrictinc/events.sp::CS_OnBuyCommand
L 11/13/2022 - 01:25:15: [SM] Exception reported: Array index out-of-bounds (index 64, limit 55)
L 11/13/2022 - 01:25:15: [SM] Blaming: weapon_restrict.smx
L 11/13/2022 - 01:25:15: [SM] Call stack trace:
L 11/13/2022 - 01:25:15: [SM]   [1] Line 202, restrictinc/events.sp::CS_OnBuyCommand
L 11/13/2022 - 01:25:28: [SM] Exception reported: Array index out-of-bounds (index 64, limit 55)
L 11/13/2022 - 01:25:28: [SM] Blaming: weapon_restrict.smx
L 11/13/2022 - 01:25:28: [SM] Call stack trace:
L 11/13/2022 - 01:25:28: [SM]   [1] Line 202, restrictinc/events.sp::CS_OnBuyCommand
L 11/13/2022 - 01:27:15: [SM] Exception reported: Array index out-of-bounds (index 64, limit 55)
L 11/13/2022 - 01:27:15: [SM] Blaming: weapon_restrict.smx
L 11/13/2022 - 01:27:15: [SM] Call stack trace:
L 11/13/2022 - 01:27:15: [SM]   [1] Line 202, restrictinc/events.sp::CS_OnBuyCommand
L 11/13/2022 - 01:27:26: [SM] Exception reported: Array index out-of-bounds (index 64, limit 55)
L 11/13/2022 - 01:27:26: [SM] Blaming: weapon_restrict.smx
L 11/13/2022 - 01:27:26: [SM] Call stack trace:
L 11/13/2022 - 01:27:26: [SM]   [1] Line 202, restrictinc/events.sp::CS_OnBuyCommand
L 11/13/2022 - 01:29:27: [SM] Exception reported: Array index out-of-bounds (index 64, limit 55)
L 11/13/2022 - 01:29:27: [SM] Blaming: weapon_restrict.smx
L 11/13/2022 - 01:29:27: [SM] Call stack trace:
L 11/13/2022 - 01:29:27: [SM]   [1] Line 202, restrictinc/events.sp::CS_OnBuyCommand
L 11/13/2022 - 01:29:32: [SM] Exception reported: Array index out-of-bounds (index 64, limit 55)
L 11/13/2022 - 01:29:32: [SM] Blaming: weapon_restrict.smx
L 11/13/2022 - 01:29:32: [SM] Call stack trace:
L 11/13/2022 - 01:29:32: [SM]   [1] Line 202, restrictinc/events.sp::CS_OnBuyCommand
L 11/13/2022 - 01:29:33: [SM] Exception reported: Array index out-of-bounds (index 64, limit 55)
L 11/13/2022 - 01:29:33: [SM] Blaming: weapon_restrict.smx
L 11/13/2022 - 01:29:33: [SM] Call stack trace:
L 11/13/2022 - 01:29:33: [SM]   [1] Line 202, restrictinc/events.sp::CS_OnBuyCommand
L 11/13/2022 - 01:31:54: [SM] Exception reported: Array index out-of-bounds (index 64, limit 55)
L 11/13/2022 - 01:31:54: [SM] Blaming: weapon_restrict.smx
L 11/13/2022 - 01:31:54: [SM] Call stack trace:
L 11/13/2022 - 01:31:54: [SM]   [1] Line 202, restrictinc/events.sp::CS_OnBuyCommand
L 11/13/2022 - 01:31:58: [SM] Exception reported: Array index out-of-bounds (index 64, limit 55)
L 11/13/2022 - 01:31:58: [SM] Blaming: weapon_restrict.smx
L 11/13/2022 - 01:31:58: [SM] Call stack trace:
L 11/13/2022 - 01:31:58: [SM]   [1] Line 202, restrictinc/events.sp::CS_OnBuyCommand
L 11/13/2022 - 01:32:04: [SM] Exception reported: Array index out-of-bounds (index 64, limit 55)
L 11/13/2022 - 01:32:04: [SM] Blaming: weapon_restrict.smx
L 11/13/2022 - 01:32:04: [SM] Call stack trace:
L 11/13/2022 - 01:32:04: [SM]   [1] Line 202, restrictinc/events.sp::CS_OnBuyCommand
L 11/13/2022 - 01:32:05: [SM] Exception reported: Array index out-of-bounds (index 64, limit 55)
L 11/13/2022 - 01:32:05: [SM] Blaming: weapon_restrict.smx
L 11/13/2022 - 01:32:05: [SM] Call stack trace:
L 11/13/2022 - 01:32:05: [SM]   [1] Line 202, restrictinc/events.sp::CS_OnBuyCommand
L 11/13/2022 - 01:32:08: [SM] Exception reported: Array index out-of-bounds (index 64, limit 55)
L 11/13/2022 - 01:32:08: [SM] Blaming: weapon_restrict.smx
L 11/13/2022 - 01:32:08: [SM] Call stack trace:
L 11/13/2022 - 01:32:08: [SM]   [1] Line 202, restrictinc/events.sp::CS_OnBuyCommand
L 11/13/2022 - 01:32:09: [SM] Exception reported: Array index out-of-bounds (index 64, limit 55)
L 11/13/2022 - 01:32:09: [SM] Blaming: weapon_restrict.smx
L 11/13/2022 - 01:32:09: [SM] Call stack trace:
L 11/13/2022 - 01:32:09: [SM]   [1] Line 202, restrictinc/events.sp::CS_OnBuyCommand
L 11/13/2022 - 01:32:13: [SM] Exception reported: Array index out-of-bounds (index 64, limit 55)
L 11/13/2022 - 01:32:13: [SM] Blaming: weapon_restrict.smx
L 11/13/2022 - 01:32:13: [SM] Call stack trace:
L 11/13/2022 - 01:32:13: [SM]   [1] Line 202, restrictinc/events.sp::CS_OnBuyCommand
L 11/13/2022 - 01:32:17: [SM] Exception reported: Array index out-of-bounds (index 64, limit 55)
L 11/13/2022 - 01:32:17: [SM] Blaming: weapon_restrict.smx
L 11/13/2022 - 01:32:17: [SM] Call stack trace:
L 11/13/2022 - 01:32:17: [SM]   [1] Line 202, restrictinc/events.sp::CS_OnBuyCommand
L 11/13/2022 - 01:32:36: [SM] Exception reported: Array index out-of-bounds (index 64, limit 55)
L 11/13/2022 - 01:32:36: [SM] Blaming: weapon_restrict.smx
L 11/13/2022 - 01:32:36: [SM] Call stack trace:
L 11/13/2022 - 01:32:36: [SM]   [1] Line 202, restrictinc/events.sp::CS_OnBuyCommand
L 11/13/2022 - 01:33:05: [SM] Exception reported: Array index out-of-bounds (index 64, limit 55)
L 11/13/2022 - 01:33:05: [SM] Blaming: weapon_restrict.smx
L 11/13/2022 - 01:33:05: [SM] Call stack trace:
L 11/13/2022 - 01:33:05: [SM]   [1] Line 202, restrictinc/events.sp::CS_OnBuyCommand
L 11/13/2022 - 01:33:07: [SM] Exception reported: Array index out-of-bounds (index 64, limit 55)
L 11/13/2022 - 01:33:07: [SM] Blaming: weapon_restrict.smx
L 11/13/2022 - 01:33:07: [SM] Call stack trace:
L 11/13/2022 - 01:33:07: [SM]   [1] Line 202, restrictinc/events.sp::CS_OnBuyCommand
L 11/13/2022 - 01:34:31: [SM] Exception reported: Array index out-of-bounds (index 64, limit 55)
L 11/13/2022 - 01:34:31: [SM] Blaming: weapon_restrict.smx
L 11/13/2022 - 01:34:31: [SM] Call stack trace:
L 11/13/2022 - 01:34:31: [SM]   [1] Line 202, restrictinc/events.sp::CS_OnBuyCommand
L 11/13/2022 - 01:34:35: [SM] Exception reported: Array index out-of-bounds (index 64, limit 55)
L 11/13/2022 - 01:34:35: [SM] Blaming: weapon_restrict.smx
L 11/13/2022 - 01:34:35: [SM] Call stack trace:
L 11/13/2022 - 01:34:35: [SM]   [1] Line 202, restrictinc/events.sp::CS_OnBuyCommand
L 11/13/2022 - 01:35:35: [SM] Exception reported: Array index out-of-bounds (index 64, limit 55)
L 11/13/2022 - 01:35:35: [SM] Blaming: weapon_restrict.smx
L 11/13/2022 - 01:35:35: [SM] Call stack trace:
L 11/13/2022 - 01:35:35: [SM]   [1] Line 202, restrictinc/events.sp::CS_OnBuyCommand
L 11/13/2022 - 01:36:41: [SM] Exception reported: Array index out-of-bounds (index 63, limit 55)
L 11/13/2022 - 01:36:41: [SM] Blaming: weapon_restrict.smx
L 11/13/2022 - 01:36:41: [SM] Call stack trace:
L 11/13/2022 - 01:36:41: [SM]   [1] Line 202, restrictinc/events.sp::CS_OnBuyCommand
L 11/13/2022 - 01:36:41: [SM] Exception reported: Array index out-of-bounds (index 64, limit 55)
L 11/13/2022 - 01:36:41: [SM] Blaming: weapon_restrict.smx
L 11/13/2022 - 01:36:41: [SM] Call stack trace:
L 11/13/2022 - 01:36:41: [SM]   [1] Line 202, restrictinc/events.sp::CS_OnBuyCommand
L 11/13/2022 - 01:37:56: [SM] Exception reported: Array index out-of-bounds (index 64, limit 55)
L 11/13/2022 - 01:37:56: [SM] Blaming: weapon_restrict.smx
L 11/13/2022 - 01:37:56: [SM] Call stack trace:
L 11/13/2022 - 01:37:56: [SM]   [1] Line 202, restrictinc/events.sp::CS_OnBuyCommand
L 11/13/2022 - 01:38:51: [SM] Exception reported: Array index out-of-bounds (index 64, limit 55)
L 11/13/2022 - 01:38:51: [SM] Blaming: weapon_restrict.smx
L 11/13/2022 - 01:38:51: [SM] Call stack trace:
L 11/13/2022 - 01:38:51: [SM]   [1] Line 202, restrictinc/events.sp::CS_OnBuyCommand
L 11/13/2022 - 01:39:56: [SM] Exception reported: Array index out-of-bounds (index 64, limit 55)
L 11/13/2022 - 01:39:56: [SM] Blaming: weapon_restrict.smx
L 11/13/2022 - 01:39:56: [SM] Call stack trace:
L 11/13/2022 - 01:39:56: [SM]   [1] Line 202, restrictinc/events.sp::CS_OnBuyCommand
L 11/13/2022 - 01:40:49: [SM] Exception reported: Array index out-of-bounds (index 64, limit 55)
L 11/13/2022 - 01:40:49: [SM] Blaming: weapon_restrict.smx
L 11/13/2022 - 01:40:49: [SM] Call stack trace:
L 11/13/2022 - 01:40:49: [SM]   [1] Line 202, restrictinc/events.sp::CS_OnBuyCommand
L 11/13/2022 - 01:40:59: [SM] Exception reported: Array index out-of-bounds (index 64, limit 55)
L 11/13/2022 - 01:40:59: [SM] Blaming: weapon_restrict.smx
L 11/13/2022 - 01:40:59: [SM] Call stack trace:
L 11/13/2022 - 01:40:59: [SM]   [1] Line 202, restrictinc/events.sp::CS_OnBuyCommand
L 11/13/2022 - 01:44:14: [warmod.smx] Plug-in tEasyFTP.smx required to auto upload demos
L 11/13/2022 - 01:44:43: Error log file session closed.
L 11/13/2022 - 01:58:39: SourceMod error session started
L 11/13/2022 - 01:58:39: Info (map "de_mirage") (file "/badfupo/server1/csgo/addons/sourcemod/logs/errors_20221113.log")
L 11/13/2022 - 01:58:39: [SM] Exception reported: Array index out-of-bounds (index 64, limit 55)
L 11/13/2022 - 01:58:39: [SM] Blaming: weapon_restrict.smx
L 11/13/2022 - 01:58:39: [SM] Call stack trace:
L 11/13/2022 - 01:58:39: [SM]   [1] Line 202, restrictinc/events.sp::CS_OnBuyCommand
L 11/13/2022 - 01:58:45: [SM] Exception reported: Array index out-of-bounds (index 64, limit 55)
L 11/13/2022 - 01:58:45: [SM] Blaming: weapon_restrict.smx
L 11/13/2022 - 01:58:45: [SM] Call stack trace:
L 11/13/2022 - 01:58:45: [SM]   [1] Line 202, restrictinc/events.sp::CS_OnBuyCommand
L 11/13/2022 - 02:08:41: [SM] Exception reported: Array index out-of-bounds (index 64, limit 55)
L 11/13/2022 - 02:08:41: [SM] Blaming: weapon_restrict.smx
L 11/13/2022 - 02:08:41: [SM] Call stack trace:
L 11/13/2022 - 02:08:41: [SM]   [1] Line 202, restrictinc/events.sp::CS_OnBuyCommand
L 11/13/2022 - 02:09:45: [SM] Exception reported: Array index out-of-bounds (index 64, limit 55)
L 11/13/2022 - 02:09:45: [SM] Blaming: weapon_restrict.smx
L 11/13/2022 - 02:09:45: [SM] Call stack trace:
L 11/13/2022 - 02:09:45: [SM]   [1] Line 202, restrictinc/events.sp::CS_OnBuyCommand
L 11/13/2022 - 02:10:14: [warmod.smx] Plug-in tEasyFTP.smx required to auto upload demos
L 11/13/2022 - 02:10:59: [SM] Exception reported: Array index out-of-bounds (index 64, limit 55)
L 11/13/2022 - 02:10:59: [SM] Blaming: weapon_restrict.smx
L 11/13/2022 - 02:10:59: [SM] Call stack trace:
L 11/13/2022 - 02:10:59: [SM]   [1] Line 202, restrictinc/events.sp::CS_OnBuyCommand
L 11/13/2022 - 02:21:18: [SM] Exception reported: Array index out-of-bounds (index 64, limit 55)
L 11/13/2022 - 02:21:18: [SM] Blaming: weapon_restrict.smx
L 11/13/2022 - 02:21:18: [SM] Call stack trace:
L 11/13/2022 - 02:21:18: [SM]   [1] Line 202, restrictinc/events.sp::CS_OnBuyCommand
L 11/13/2022 - 02:25:42: [warmod.smx] Plug-in tEasyFTP.smx required to auto upload demos
L 11/13/2022 - 02:40:12: [SM] Exception reported: Array index out-of-bounds (index 63, limit 55)
L 11/13/2022 - 02:40:12: [SM] Blaming: weapon_restrict.smx
L 11/13/2022 - 02:40:12: [SM] Call stack trace:
L 11/13/2022 - 02:40:12: [SM]   [1] Line 202, restrictinc/events.sp::CS_OnBuyCommand
L 11/13/2022 - 02:40:13: [SM] Exception reported: Array index out-of-bounds (index 64, limit 55)
L 11/13/2022 - 02:40:13: [SM] Blaming: weapon_restrict.smx
L 11/13/2022 - 02:40:13: [SM] Call stack trace:
L 11/13/2022 - 02:40:13: [SM]   [1] Line 202, restrictinc/events.sp::CS_OnBuyCommand
L 11/13/2022 - 02:40:16: [SM] Exception reported: Array index out-of-bounds (index 64, limit 55)
L 11/13/2022 - 02:40:16: [SM] Blaming: weapon_restrict.smx
L 11/13/2022 - 02:40:16: [SM] Call stack trace:
L 11/13/2022 - 02:40:16: [SM]   [1] Line 202, restrictinc/events.sp::CS_OnBuyCommand
L 11/13/2022 - 02:42:20: [warmod.smx] Plug-in tEasyFTP.smx required to auto upload demos
L 11/13/2022 - 02:42:49: [SM] Exception reported: Array index out-of-bounds (index 64, limit 55)
L 11/13/2022 - 02:42:49: [SM] Blaming: weapon_restrict.smx
L 11/13/2022 - 02:42:49: [SM] Call stack trace:
L 11/13/2022 - 02:42:49: [SM]   [1] Line 202, restrictinc/events.sp::CS_OnBuyCommand
L 11/13/2022 - 02:42:50: [SM] Exception reported: Array index out-of-bounds (index 64, limit 55)
L 11/13/2022 - 02:42:50: [SM] Blaming: weapon_restrict.smx
L 11/13/2022 - 02:42:50: [SM] Call stack trace:
L 11/13/2022 - 02:42:50: [SM]   [1] Line 202, restrictinc/events.sp::CS_OnBuyCommand
L 11/13/2022 - 02:42:59: [SM] Exception reported: Array index out-of-bounds (index 64, limit 55)
L 11/13/2022 - 02:42:59: [SM] Blaming: weapon_restrict.smx
L 11/13/2022 - 02:42:59: [SM] Call stack trace:
L 11/13/2022 - 02:42:59: [SM]   [1] Line 202, restrictinc/events.sp::CS_OnBuyCommand
L 11/13/2022 - 02:43:13: [SM] Exception reported: Array index out-of-bounds (index 64, limit 55)
L 11/13/2022 - 02:43:13: [SM] Blaming: weapon_restrict.smx
L 11/13/2022 - 02:43:13: [SM] Call stack trace:
L 11/13/2022 - 02:43:13: [SM]   [1] Line 202, restrictinc/events.sp::CS_OnBuyCommand
L 11/13/2022 - 02:45:10: [SM] Exception reported: Array index out-of-bounds (index 64, limit 55)
L 11/13/2022 - 02:45:10: [SM] Blaming: weapon_restrict.smx
L 11/13/2022 - 02:45:10: [SM] Call stack trace:
L 11/13/2022 - 02:45:10: [SM]   [1] Line 202, restrictinc/events.sp::CS_OnBuyCommand
L 11/13/2022 - 02:45:13: [SM] Exception reported: Array index out-of-bounds (index 64, limit 55)
L 11/13/2022 - 02:45:13: [SM] Blaming: weapon_restrict.smx
L 11/13/2022 - 02:45:13: [SM] Call stack trace:
L 11/13/2022 - 02:45:13: [SM]   [1] Line 202, restrictinc/events.sp::CS_OnBuyCommand
L 11/13/2022 - 02:46:56: [SM] Exception reported: Array index out-of-bounds (index 64, limit 55)
L 11/13/2022 - 02:46:56: [SM] Blaming: weapon_restrict.smx
L 11/13/2022 - 02:46:56: [SM] Call stack trace:
L 11/13/2022 - 02:46:56: [SM]   [1] Line 202, restrictinc/events.sp::CS_OnBuyCommand
L 11/13/2022 - 02:47:37: [SM] Exception reported: Array index out-of-bounds (index 64, limit 55)
L 11/13/2022 - 02:47:37: [SM] Blaming: weapon_restrict.smx
L 11/13/2022 - 02:47:37: [SM] Call stack trace:
L 11/13/2022 - 02:47:37: [SM]   [1] Line 202, restrictinc/events.sp::CS_OnBuyCommand
L 11/13/2022 - 02:48:33: [SM] Exception reported: Array index out-of-bounds (index 64, limit 55)
L 11/13/2022 - 02:48:33: [SM] Blaming: weapon_restrict.smx
L 11/13/2022 - 02:48:33: [SM] Call stack trace:
L 11/13/2022 - 02:48:33: [SM]   [1] Line 202, restrictinc/events.sp::CS_OnBuyCommand
L 11/13/2022 - 02:48:33: [SM] Exception reported: Array index out-of-bounds (index 64, limit 55)
L 11/13/2022 - 02:48:33: [SM] Blaming: weapon_restrict.smx
L 11/13/2022 - 02:48:33: [SM] Call stack trace:
L 11/13/2022 - 02:48:33: [SM]   [1] Line 202, restrictinc/events.sp::CS_OnBuyCommand
L 11/13/2022 - 02:49:16: [SM] Exception reported: Array index out-of-bounds (index 64, limit 55)
L 11/13/2022 - 02:49:16: [SM] Blaming: weapon_restrict.smx
L 11/13/2022 - 02:49:16: [SM] Call stack trace:
L 11/13/2022 - 02:49:16: [SM]   [1] Line 202, restrictinc/events.sp::CS_OnBuyCommand
L 11/13/2022 - 02:49:16: [SM] Exception reported: Array index out-of-bounds (index 64, limit 55)
L 11/13/2022 - 02:49:16: [SM] Blaming: weapon_restrict.smx
L 11/13/2022 - 02:49:16: [SM] Call stack trace:
L 11/13/2022 - 02:49:16: [SM]   [1] Line 202, restrictinc/events.sp::CS_OnBuyCommand
L 11/13/2022 - 02:50:01: [SM] Exception reported: Array index out-of-bounds (index 64, limit 55)
L 11/13/2022 - 02:50:01: [SM] Blaming: weapon_restrict.smx
L 11/13/2022 - 02:50:01: [SM] Call stack trace:
L 11/13/2022 - 02:50:01: [SM]   [1] Line 202, restrictinc/events.sp::CS_OnBuyCommand
L 11/13/2022 - 02:50:01: [SM] Exception reported: Array index out-of-bounds (index 64, limit 55)
L 11/13/2022 - 02:50:01: [SM] Blaming: weapon_restrict.smx
L 11/13/2022 - 02:50:01: [SM] Call stack trace:
L 11/13/2022 - 02:50:01: [SM]   [1] Line 202, restrictinc/events.sp::CS_OnBuyCommand
L 11/13/2022 - 02:51:02: [SM] Exception reported: Array index out-of-bounds (index 64, limit 55)
L 11/13/2022 - 02:51:02: [SM] Blaming: weapon_restrict.smx
L 11/13/2022 - 02:51:02: [SM] Call stack trace:
L 11/13/2022 - 02:51:02: [SM]   [1] Line 202, restrictinc/events.sp::CS_OnBuyCommand
L 11/13/2022 - 02:51:02: [SM] Exception reported: Array index out-of-bounds (index 64, limit 55)
L 11/13/2022 - 02:51:02: [SM] Blaming: weapon_restrict.smx
L 11/13/2022 - 02:51:02: [SM] Call stack trace:
L 11/13/2022 - 02:51:02: [SM]   [1] Line 202, restrictinc/events.sp::CS_OnBuyCommand
L 11/13/2022 - 02:51:02: [SM] Exception reported: Array index out-of-bounds (index 64, limit 55)
L 11/13/2022 - 02:51:02: [SM] Blaming: weapon_restrict.smx
L 11/13/2022 - 02:51:02: [SM] Call stack trace:
L 11/13/2022 - 02:51:02: [SM]   [1] Line 202, restrictinc/events.sp::CS_OnBuyCommand
L 11/13/2022 - 02:52:09: [SM] Exception reported: Array index out-of-bounds (index 64, limit 55)
L 11/13/2022 - 02:52:09: [SM] Blaming: weapon_restrict.smx
L 11/13/2022 - 02:52:09: [SM] Call stack trace:
L 11/13/2022 - 02:52:09: [SM]   [1] Line 202, restrictinc/events.sp::CS_OnBuyCommand
L 11/13/2022 - 02:52:14: [SM] Exception reported: Array index out-of-bounds (index 64, limit 55)
L 11/13/2022 - 02:52:14: [SM] Blaming: weapon_restrict.smx
L 11/13/2022 - 02:52:14: [SM] Call stack trace:
L 11/13/2022 - 02:52:14: [SM]   [1] Line 202, restrictinc/events.sp::CS_OnBuyCommand
L 11/13/2022 - 02:52:15: [SM] Exception reported: Array index out-of-bounds (index 64, limit 55)
L 11/13/2022 - 02:52:15: [SM] Blaming: weapon_restrict.smx
L 11/13/2022 - 02:52:15: [SM] Call stack trace:
L 11/13/2022 - 02:52:15: [SM]   [1] Line 202, restrictinc/events.sp::CS_OnBuyCommand
L 11/13/2022 - 02:52:19: [SM] Exception reported: Array index out-of-bounds (index 64, limit 55)
L 11/13/2022 - 02:52:19: [SM] Blaming: weapon_restrict.smx
L 11/13/2022 - 02:52:19: [SM] Call stack trace:
L 11/13/2022 - 02:52:19: [SM]   [1] Line 202, restrictinc/events.sp::CS_OnBuyCommand
L 11/13/2022 - 02:53:43: [warmod.smx] Plug-in tEasyFTP.smx required to auto upload demos
L 11/13/2022 - 02:54:19: [SM] Exception reported: Array index out-of-bounds (index 64, limit 55)
L 11/13/2022 - 02:54:19: [SM] Blaming: weapon_restrict.smx
L 11/13/2022 - 02:54:19: [SM] Call stack trace:
L 11/13/2022 - 02:54:19: [SM]   [1] Line 202, restrictinc/events.sp::CS_OnBuyCommand
L 11/13/2022 - 02:54:21: [SM] Exception reported: Array index out-of-bounds (index 64, limit 55)
L 11/13/2022 - 02:54:21: [SM] Blaming: weapon_restrict.smx
L 11/13/2022 - 02:54:21: [SM] Call stack trace:
L 11/13/2022 - 02:54:21: [SM]   [1] Line 202, restrictinc/events.sp::CS_OnBuyCommand
L 11/13/2022 - 02:54:35: [SM] Exception reported: Array index out-of-bounds (index 64, limit 55)
L 11/13/2022 - 02:54:35: [SM] Blaming: weapon_restrict.smx
L 11/13/2022 - 02:54:35: [SM] Call stack trace:
L 11/13/2022 - 02:54:35: [SM]   [1] Line 202, restrictinc/events.sp::CS_OnBuyCommand
L 11/13/2022 - 02:54:39: [SM] Exception reported: Array index out-of-bounds (index 63, limit 55)
L 11/13/2022 - 02:54:39: [SM] Blaming: weapon_restrict.smx
L 11/13/2022 - 02:54:39: [SM] Call stack trace:
L 11/13/2022 - 02:54:39: [SM]   [1] Line 202, restrictinc/events.sp::CS_OnBuyCommand
L 11/13/2022 - 02:54:39: [SM] Exception reported: Array index out-of-bounds (index 64, limit 55)
L 11/13/2022 - 02:54:39: [SM] Blaming: weapon_restrict.smx
L 11/13/2022 - 02:54:39: [SM] Call stack trace:
L 11/13/2022 - 02:54:39: [SM]   [1] Line 202, restrictinc/events.sp::CS_OnBuyCommand
L 11/13/2022 - 02:54:48: [SM] Exception reported: Array index out-of-bounds (index 64, limit 55)
L 11/13/2022 - 02:54:48: [SM] Blaming: weapon_restrict.smx
L 11/13/2022 - 02:54:48: [SM] Call stack trace:
L 11/13/2022 - 02:54:48: [SM]   [1] Line 202, restrictinc/events.sp::CS_OnBuyCommand
L 11/13/2022 - 02:55:01: [SM] Exception reported: Array index out-of-bounds (index 64, limit 55)
L 11/13/2022 - 02:55:01: [SM] Blaming: weapon_restrict.smx
L 11/13/2022 - 02:55:01: [SM] Call stack trace:
L 11/13/2022 - 02:55:01: [SM]   [1] Line 202, restrictinc/events.sp::CS_OnBuyCommand
L 11/13/2022 - 02:57:17: [SM] Exception reported: Array index out-of-bounds (index 64, limit 55)
L 11/13/2022 - 02:57:17: [SM] Blaming: weapon_restrict.smx
L 11/13/2022 - 02:57:17: [SM] Call stack trace:
L 11/13/2022 - 02:57:17: [SM]   [1] Line 202, restrictinc/events.sp::CS_OnBuyCommand
L 11/13/2022 - 03:02:34: [SM] Exception reported: Array index out-of-bounds (index 64, limit 55)
L 11/13/2022 - 03:02:34: [SM] Blaming: weapon_restrict.smx
L 11/13/2022 - 03:02:34: [SM] Call stack trace:
L 11/13/2022 - 03:02:34: [SM]   [1] Line 202, restrictinc/events.sp::CS_OnBuyCommand
L 11/13/2022 - 03:02:34: [SM] Exception reported: Array index out-of-bounds (index 64, limit 55)
L 11/13/2022 - 03:02:34: [SM] Blaming: weapon_restrict.smx
L 11/13/2022 - 03:02:34: [SM] Call stack trace:
L 11/13/2022 - 03:02:34: [SM]   [1] Line 202, restrictinc/events.sp::CS_OnBuyCommand
L 11/13/2022 - 03:03:19: [SM] Exception reported: Array index out-of-bounds (index 64, limit 55)
L 11/13/2022 - 03:03:19: [SM] Blaming: weapon_restrict.smx
L 11/13/2022 - 03:03:19: [SM] Call stack trace:
L 11/13/2022 - 03:03:19: [SM]   [1] Line 202, restrictinc/events.sp::CS_OnBuyCommand
L 11/13/2022 - 03:03:19: [SM] Exception reported: Array index out-of-bounds (index 64, limit 55)
L 11/13/2022 - 03:03:19: [SM] Blaming: weapon_restrict.smx
L 11/13/2022 - 03:03:19: [SM] Call stack trace:
L 11/13/2022 - 03:03:19: [SM]   [1] Line 202, restrictinc/events.sp::CS_OnBuyCommand
L 11/13/2022 - 03:04:26: [SM] Exception reported: Array index out-of-bounds (index 64, limit 55)
L 11/13/2022 - 03:04:26: [SM] Blaming: weapon_restrict.smx
L 11/13/2022 - 03:04:26: [SM] Call stack trace:
L 11/13/2022 - 03:04:26: [SM]   [1] Line 202, restrictinc/events.sp::CS_OnBuyCommand
L 11/13/2022 - 03:04:26: [SM] Exception reported: Array index out-of-bounds (index 64, limit 55)
L 11/13/2022 - 03:04:26: [SM] Blaming: weapon_restrict.smx
L 11/13/2022 - 03:04:26: [SM] Call stack trace:
L 11/13/2022 - 03:04:26: [SM]   [1] Line 202, restrictinc/events.sp::CS_OnBuyCommand
L 11/13/2022 - 03:04:31: [SM] Exception reported: Array index out-of-bounds (index 64, limit 55)
L 11/13/2022 - 03:04:31: [SM] Blaming: weapon_restrict.smx
L 11/13/2022 - 03:04:31: [SM] Call stack trace:
L 11/13/2022 - 03:04:31: [SM]   [1] Line 202, restrictinc/events.sp::CS_OnBuyCommand
L 11/13/2022 - 03:05:59: [SM] Exception reported: Array index out-of-bounds (index 64, limit 55)
L 11/13/2022 - 03:05:59: [SM] Blaming: weapon_restrict.smx
L 11/13/2022 - 03:05:59: [SM] Call stack trace:
L 11/13/2022 - 03:05:59: [SM]   [1] Line 202, restrictinc/events.sp::CS_OnBuyCommand
L 11/13/2022 - 03:05:59: [SM] Exception reported: Array index out-of-bounds (index 64, limit 55)
L 11/13/2022 - 03:05:59: [SM] Blaming: weapon_restrict.smx
L 11/13/2022 - 03:05:59: [SM] Call stack trace:
L 11/13/2022 - 03:05:59: [SM]   [1] Line 202, restrictinc/events.sp::CS_OnBuyCommand
L 11/13/2022 - 03:07:18: [SM] Exception reported: Array index out-of-bounds (index 64, limit 55)
L 11/13/2022 - 03:07:18: [SM] Blaming: weapon_restrict.smx
L 11/13/2022 - 03:07:18: [SM] Call stack trace:
L 11/13/2022 - 03:07:18: [SM]   [1] Line 202, restrictinc/events.sp::CS_OnBuyCommand
L 11/13/2022 - 03:07:18: [SM] Exception reported: Array index out-of-bounds (index 64, limit 55)
L 11/13/2022 - 03:07:18: [SM] Blaming: weapon_restrict.smx
L 11/13/2022 - 03:07:18: [SM] Call stack trace:
L 11/13/2022 - 03:07:18: [SM]   [1] Line 202, restrictinc/events.sp::CS_OnBuyCommand
L 11/13/2022 - 03:08:26: [SM] Exception reported: Array index out-of-bounds (index 64, limit 55)
L 11/13/2022 - 03:08:26: [SM] Blaming: weapon_restrict.smx
L 11/13/2022 - 03:08:26: [SM] Call stack trace:
L 11/13/2022 - 03:08:26: [SM]   [1] Line 202, restrictinc/events.sp::CS_OnBuyCommand
L 11/13/2022 - 03:08:26: [SM] Exception reported: Array index out-of-bounds (index 64, limit 55)
L 11/13/2022 - 03:08:26: [SM] Blaming: weapon_restrict.smx
L 11/13/2022 - 03:08:26: [SM] Call stack trace:
L 11/13/2022 - 03:08:26: [SM]   [1] Line 202, restrictinc/events.sp::CS_OnBuyCommand
L 11/13/2022 - 03:10:05: [SM] Exception reported: Array index out-of-bounds (index 64, limit 55)
L 11/13/2022 - 03:10:05: [SM] Blaming: weapon_restrict.smx
L 11/13/2022 - 03:10:05: [SM] Call stack trace:
L 11/13/2022 - 03:10:05: [SM]   [1] Line 202, restrictinc/events.sp::CS_OnBuyCommand
L 11/13/2022 - 03:10:05: [SM] Exception reported: Array index out-of-bounds (index 64, limit 55)
L 11/13/2022 - 03:10:05: [SM] Blaming: weapon_restrict.smx
L 11/13/2022 - 03:10:05: [SM] Call stack trace:
L 11/13/2022 - 03:10:05: [SM]   [1] Line 202, restrictinc/events.sp::CS_OnBuyCommand
L 11/13/2022 - 03:12:01: [SM] Exception reported: Array index out-of-bounds (index 64, limit 55)
L 11/13/2022 - 03:12:01: [SM] Blaming: weapon_restrict.smx
L 11/13/2022 - 03:12:01: [SM] Call stack trace:
L 11/13/2022 - 03:12:01: [SM]   [1] Line 202, restrictinc/events.sp::CS_OnBuyCommand
L 11/13/2022 - 03:12:01: [SM] Exception reported: Array index out-of-bounds (index 64, limit 55)
L 11/13/2022 - 03:12:01: [SM] Blaming: weapon_restrict.smx
L 11/13/2022 - 03:12:01: [SM] Call stack trace:
L 11/13/2022 - 03:12:01: [SM]   [1] Line 202, restrictinc/events.sp::CS_OnBuyCommand
L 11/13/2022 - 03:13:42: [warmod.smx] Plug-in tEasyFTP.smx required to auto upload demos
L 11/13/2022 - 03:14:14: [SM] Exception reported: Array index out-of-bounds (index 64, limit 55)
L 11/13/2022 - 03:14:14: [SM] Blaming: weapon_restrict.smx
L 11/13/2022 - 03:14:14: [SM] Call stack trace:
L 11/13/2022 - 03:14:14: [SM]   [1] Line 202, restrictinc/events.sp::CS_OnBuyCommand
L 11/13/2022 - 03:16:19: [SM] Exception reported: Array index out-of-bounds (index 64, limit 55)
L 11/13/2022 - 03:16:19: [SM] Blaming: weapon_restrict.smx
L 11/13/2022 - 03:16:19: [SM] Call stack trace:
L 11/13/2022 - 03:16:19: [SM]   [1] Line 202, restrictinc/events.sp::CS_OnBuyCommand
L 11/13/2022 - 03:16:19: [SM] Exception reported: Array index out-of-bounds (index 64, limit 55)
L 11/13/2022 - 03:16:19: [SM] Blaming: weapon_restrict.smx
L 11/13/2022 - 03:16:19: [SM] Call stack trace:
L 11/13/2022 - 03:16:19: [SM]   [1] Line 202, restrictinc/events.sp::CS_OnBuyCommand
L 11/13/2022 - 03:19:04: [SM] Exception reported: Array index out-of-bounds (index 64, limit 55)
L 11/13/2022 - 03:19:04: [SM] Blaming: weapon_restrict.smx
L 11/13/2022 - 03:19:04: [SM] Call stack trace:
L 11/13/2022 - 03:19:04: [SM]   [1] Line 202, restrictinc/events.sp::CS_OnBuyCommand
L 11/13/2022 - 03:19:04: [SM] Exception reported: Array index out-of-bounds (index 64, limit 55)
L 11/13/2022 - 03:19:04: [SM] Blaming: weapon_restrict.smx
L 11/13/2022 - 03:19:04: [SM] Call stack trace:
L 11/13/2022 - 03:19:04: [SM]   [1] Line 202, restrictinc/events.sp::CS_OnBuyCommand
L 11/13/2022 - 03:20:26: [SM] Exception reported: Array index out-of-bounds (index 64, limit 55)
L 11/13/2022 - 03:20:26: [SM] Blaming: weapon_restrict.smx
L 11/13/2022 - 03:20:26: [SM] Call stack trace:
L 11/13/2022 - 03:20:26: [SM]   [1] Line 202, restrictinc/events.sp::CS_OnBuyCommand
L 11/13/2022 - 03:20:26: [SM] Exception reported: Array index out-of-bounds (index 64, limit 55)
L 11/13/2022 - 03:20:26: [SM] Blaming: weapon_restrict.smx
L 11/13/2022 - 03:20:26: [SM] Call stack trace:
L 11/13/2022 - 03:20:26: [SM]   [1] Line 202, restrictinc/events.sp::CS_OnBuyCommand
L 11/13/2022 - 03:22:12: [SM] Exception reported: Array index out-of-bounds (index 64, limit 55)
L 11/13/2022 - 03:22:12: [SM] Blaming: weapon_restrict.smx
L 11/13/2022 - 03:22:12: [SM] Call stack trace:
L 11/13/2022 - 03:22:12: [SM]   [1] Line 202, restrictinc/events.sp::CS_OnBuyCommand
L 11/13/2022 - 03:22:12: [SM] Exception reported: Array index out-of-bounds (index 64, limit 55)
L 11/13/2022 - 03:22:12: [SM] Blaming: weapon_restrict.smx
L 11/13/2022 - 03:22:12: [SM] Call stack trace:
L 11/13/2022 - 03:22:12: [SM]   [1] Line 202, restrictinc/events.sp::CS_OnBuyCommand
L 11/13/2022 - 03:23:36: [SM] Exception reported: Array index out-of-bounds (index 64, limit 55)
L 11/13/2022 - 03:23:36: [SM] Blaming: weapon_restrict.smx
L 11/13/2022 - 03:23:36: [SM] Call stack trace:
L 11/13/2022 - 03:23:36: [SM]   [1] Line 202, restrictinc/events.sp::CS_OnBuyCommand
L 11/13/2022 - 03:23:36: [SM] Exception reported: Array index out-of-bounds (index 64, limit 55)
L 11/13/2022 - 03:23:36: [SM] Blaming: weapon_restrict.smx
L 11/13/2022 - 03:23:36: [SM] Call stack trace:
L 11/13/2022 - 03:23:36: [SM]   [1] Line 202, restrictinc/events.sp::CS_OnBuyCommand
L 11/13/2022 - 03:25:18: [SM] Exception reported: Array index out-of-bounds (index 64, limit 55)
L 11/13/2022 - 03:25:18: [SM] Blaming: weapon_restrict.smx
L 11/13/2022 - 03:25:18: [SM] Call stack trace:
L 11/13/2022 - 03:25:18: [SM]   [1] Line 202, restrictinc/events.sp::CS_OnBuyCommand
L 11/13/2022 - 03:25:18: [SM] Exception reported: Array index out-of-bounds (index 64, limit 55)
L 11/13/2022 - 03:25:18: [SM] Blaming: weapon_restrict.smx
L 11/13/2022 - 03:25:18: [SM] Call stack trace:
L 11/13/2022 - 03:25:18: [SM]   [1] Line 202, restrictinc/events.sp::CS_OnBuyCommand
L 11/13/2022 - 03:27:30: [SM] Exception reported: Array index out-of-bounds (index 64, limit 55)
L 11/13/2022 - 03:27:30: [SM] Blaming: weapon_restrict.smx
L 11/13/2022 - 03:27:30: [SM] Call stack trace:
L 11/13/2022 - 03:27:30: [SM]   [1] Line 202, restrictinc/events.sp::CS_OnBuyCommand
L 11/13/2022 - 03:27:30: [SM] Exception reported: Array index out-of-bounds (index 64, limit 55)
L 11/13/2022 - 03:27:30: [SM] Blaming: weapon_restrict.smx
L 11/13/2022 - 03:27:30: [SM] Call stack trace:
L 11/13/2022 - 03:27:30: [SM]   [1] Line 202, restrictinc/events.sp::CS_OnBuyCommand
L 11/13/2022 - 03:27:35: [SM] Exception reported: Array index out-of-bounds (index 64, limit 55)
L 11/13/2022 - 03:27:35: [SM] Blaming: weapon_restrict.smx
L 11/13/2022 - 03:27:35: [SM] Call stack trace:
L 11/13/2022 - 03:27:35: [SM]   [1] Line 202, restrictinc/events.sp::CS_OnBuyCommand
L 11/13/2022 - 03:29:04: [SM] Exception reported: Array index out-of-bounds (index 64, limit 55)
L 11/13/2022 - 03:29:04: [SM] Blaming: weapon_restrict.smx
L 11/13/2022 - 03:29:04: [SM] Call stack trace:
L 11/13/2022 - 03:29:04: [SM]   [1] Line 202, restrictinc/events.sp::CS_OnBuyCommand
L 11/13/2022 - 03:29:04: [SM] Exception reported: Array index out-of-bounds (index 64, limit 55)
L 11/13/2022 - 03:29:04: [SM] Blaming: weapon_restrict.smx
L 11/13/2022 - 03:29:04: [SM] Call stack trace:
L 11/13/2022 - 03:29:04: [SM]   [1] Line 202, restrictinc/events.sp::CS_OnBuyCommand
L 11/13/2022 - 03:29:09: [SM] Exception reported: Array index out-of-bounds (index 64, limit 55)
L 11/13/2022 - 03:29:09: [SM] Blaming: weapon_restrict.smx
L 11/13/2022 - 03:29:09: [SM] Call stack trace:
L 11/13/2022 - 03:29:09: [SM]   [1] Line 202, restrictinc/events.sp::CS_OnBuyCommand
L 11/13/2022 - 03:29:10: [SM] Exception reported: Array index out-of-bounds (index 64, limit 55)
L 11/13/2022 - 03:29:10: [SM] Blaming: weapon_restrict.smx
L 11/13/2022 - 03:29:10: [SM] Call stack trace:
L 11/13/2022 - 03:29:10: [SM]   [1] Line 202, restrictinc/events.sp::CS_OnBuyCommand
L 11/13/2022 - 03:31:16: [SM] Exception reported: Array index out-of-bounds (index 64, limit 55)
L 11/13/2022 - 03:31:16: [SM] Blaming: weapon_restrict.smx
L 11/13/2022 - 03:31:16: [SM] Call stack trace:
L 11/13/2022 - 03:31:16: [SM]   [1] Line 202, restrictinc/events.sp::CS_OnBuyCommand
L 11/13/2022 - 03:31:16: [SM] Exception reported: Array index out-of-bounds (index 64, limit 55)
L 11/13/2022 - 03:31:16: [SM] Blaming: weapon_restrict.smx
L 11/13/2022 - 03:31:16: [SM] Call stack trace:
L 11/13/2022 - 03:31:16: [SM]   [1] Line 202, restrictinc/events.sp::CS_OnBuyCommand
L 11/13/2022 - 03:31:20: [SM] Exception reported: Array index out-of-bounds (index 64, limit 55)
L 11/13/2022 - 03:31:20: [SM] Blaming: weapon_restrict.smx
L 11/13/2022 - 03:31:20: [SM] Call stack trace:
L 11/13/2022 - 03:31:20: [SM]   [1] Line 202, restrictinc/events.sp::CS_OnBuyCommand
L 11/13/2022 - 03:31:38: [SM] Exception reported: Array index out-of-bounds (index 64, limit 55)
L 11/13/2022 - 03:31:38: [SM] Blaming: weapon_restrict.smx
L 11/13/2022 - 03:31:38: [SM] Call stack trace:
L 11/13/2022 - 03:31:38: [SM]   [1] Line 202, restrictinc/events.sp::CS_OnBuyCommand
L 11/13/2022 - 03:33:28: [SM] Exception reported: Array index out-of-bounds (index 64, limit 55)
L 11/13/2022 - 03:33:28: [SM] Blaming: weapon_restrict.smx
L 11/13/2022 - 03:33:28: [SM] Call stack trace:
L 11/13/2022 - 03:33:28: [SM]   [1] Line 202, restrictinc/events.sp::CS_OnBuyCommand
L 11/13/2022 - 03:33:28: [SM] Exception reported: Array index out-of-bounds (index 64, limit 55)
L 11/13/2022 - 03:33:28: [SM] Blaming: weapon_restrict.smx
L 11/13/2022 - 03:33:28: [SM] Call stack trace:
L 11/13/2022 - 03:33:28: [SM]   [1] Line 202, restrictinc/events.sp::CS_OnBuyCommand
L 11/13/2022 - 03:35:40: [SM] Exception reported: Array index out-of-bounds (index 64, limit 55)
L 11/13/2022 - 03:35:40: [SM] Blaming: weapon_restrict.smx
L 11/13/2022 - 03:35:40: [SM] Call stack trace:
L 11/13/2022 - 03:35:40: [SM]   [1] Line 202, restrictinc/events.sp::CS_OnBuyCommand
L 11/13/2022 - 03:35:40: [SM] Exception reported: Array index out-of-bounds (index 64, limit 55)
L 11/13/2022 - 03:35:40: [SM] Blaming: weapon_restrict.smx
L 11/13/2022 - 03:35:40: [SM] Call stack trace:
L 11/13/2022 - 03:35:40: [SM]   [1] Line 202, restrictinc/events.sp::CS_OnBuyCommand
L 11/13/2022 - 03:35:43: [SM] Exception reported: Array index out-of-bounds (index 64, limit 55)
L 11/13/2022 - 03:35:43: [SM] Blaming: weapon_restrict.smx
L 11/13/2022 - 03:35:43: [SM] Call stack trace:
L 11/13/2022 - 03:35:43: [SM]   [1] Line 202, restrictinc/events.sp::CS_OnBuyCommand
L 11/13/2022 - 03:36:59: [SM] Exception reported: Array index out-of-bounds (index 64, limit 55)
L 11/13/2022 - 03:36:59: [SM] Blaming: weapon_restrict.smx
L 11/13/2022 - 03:36:59: [SM] Call stack trace:
L 11/13/2022 - 03:36:59: [SM]   [1] Line 202, restrictinc/events.sp::CS_OnBuyCommand
L 11/13/2022 - 03:36:59: [SM] Exception reported: Array index out-of-bounds (index 64, limit 55)
L 11/13/2022 - 03:36:59: [SM] Blaming: weapon_restrict.smx
L 11/13/2022 - 03:36:59: [SM] Call stack trace:
L 11/13/2022 - 03:36:59: [SM]   [1] Line 202, restrictinc/events.sp::CS_OnBuyCommand
L 11/13/2022 - 03:37:01: [SM] Exception reported: Array index out-of-bounds (index 64, limit 55)
L 11/13/2022 - 03:37:01: [SM] Blaming: weapon_restrict.smx
L 11/13/2022 - 03:37:01: [SM] Call stack trace:
L 11/13/2022 - 03:37:01: [SM]   [1] Line 202, restrictinc/events.sp::CS_OnBuyCommand
L 11/13/2022 - 03:39:36: Error log file session closed.
L 11/13/2022 - 03:45:40: SourceMod error session started
L 11/13/2022 - 03:45:40: Info (map "de_mirage") (file "/badfupo/server1/csgo/addons/sourcemod/logs/errors_20221113.log")
L 11/13/2022 - 03:45:40: [SM] Exception reported: Array index out-of-bounds (index 64, limit 55)
L 11/13/2022 - 03:45:40: [SM] Blaming: weapon_restrict.smx
L 11/13/2022 - 03:45:40: [SM] Call stack trace:
L 11/13/2022 - 03:45:40: [SM]   [1] Line 202, restrictinc/events.sp::CS_OnBuyCommand
L 11/13/2022 - 03:45:41: [SM] Exception reported: Array index out-of-bounds (index 64, limit 55)
L 11/13/2022 - 03:45:41: [SM] Blaming: weapon_restrict.smx
L 11/13/2022 - 03:45:41: [SM] Call stack trace:
L 11/13/2022 - 03:45:41: [SM]   [1] Line 202, restrictinc/events.sp::CS_OnBuyCommand
L 11/13/2022 - 03:46:01: [SM] Exception reported: Array index out-of-bounds (index 64, limit 55)
L 11/13/2022 - 03:46:01: [SM] Blaming: weapon_restrict.smx
L 11/13/2022 - 03:46:01: [SM] Call stack trace:
L 11/13/2022 - 03:46:01: [SM]   [1] Line 202, restrictinc/events.sp::CS_OnBuyCommand
L 11/13/2022 - 03:46:26: [SM] Exception reported: Array index out-of-bounds (index 64, limit 55)
L 11/13/2022 - 03:46:26: [SM] Blaming: weapon_restrict.smx
L 11/13/2022 - 03:46:26: [SM] Call stack trace:
L 11/13/2022 - 03:46:26: [SM]   [1] Line 202, restrictinc/events.sp::CS_OnBuyCommand
L 11/13/2022 - 03:47:36: [SM] Exception reported: Array index out-of-bounds (index 64, limit 55)
L 11/13/2022 - 03:47:36: [SM] Blaming: weapon_restrict.smx
L 11/13/2022 - 03:47:36: [SM] Call stack trace:
L 11/13/2022 - 03:47:36: [SM]   [1] Line 202, restrictinc/events.sp::CS_OnBuyCommand
L 11/13/2022 - 03:48:31: [SM] Exception reported: Array index out-of-bounds (index 64, limit 55)
L 11/13/2022 - 03:48:31: [SM] Blaming: weapon_restrict.smx
L 11/13/2022 - 03:48:31: [SM] Call stack trace:
L 11/13/2022 - 03:48:31: [SM]   [1] Line 202, restrictinc/events.sp::CS_OnBuyCommand
L 11/13/2022 - 03:48:47: [SM] Exception reported: Array index out-of-bounds (index 64, limit 55)
L 11/13/2022 - 03:48:47: [SM] Blaming: weapon_restrict.smx
L 11/13/2022 - 03:48:47: [SM] Call stack trace:
L 11/13/2022 - 03:48:47: [SM]   [1] Line 202, restrictinc/events.sp::CS_OnBuyCommand
L 11/13/2022 - 03:49:11: [SM] Exception reported: Array index out-of-bounds (index 64, limit 55)
L 11/13/2022 - 03:49:11: [SM] Blaming: weapon_restrict.smx
L 11/13/2022 - 03:49:11: [SM] Call stack trace:
L 11/13/2022 - 03:49:11: [SM]   [1] Line 202, restrictinc/events.sp::CS_OnBuyCommand
L 11/13/2022 - 03:50:00: [SM] Exception reported: Array index out-of-bounds (index 64, limit 55)
L 11/13/2022 - 03:50:00: [SM] Blaming: weapon_restrict.smx
L 11/13/2022 - 03:50:00: [SM] Call stack trace:
L 11/13/2022 - 03:50:00: [SM]   [1] Line 202, restrictinc/events.sp::CS_OnBuyCommand
L 11/13/2022 - 03:50:11: [SM] Exception reported: Array index out-of-bounds (index 64, limit 55)
L 11/13/2022 - 03:50:11: [SM] Blaming: weapon_restrict.smx
L 11/13/2022 - 03:50:11: [SM] Call stack trace:
L 11/13/2022 - 03:50:11: [SM]   [1] Line 202, restrictinc/events.sp::CS_OnBuyCommand
L 11/13/2022 - 03:58:22: [SM] Exception reported: Array index out-of-bounds (index 64, limit 55)
L 11/13/2022 - 03:58:22: [SM] Blaming: weapon_restrict.smx
L 11/13/2022 - 03:58:22: [SM] Call stack trace:
L 11/13/2022 - 03:58:22: [SM]   [1] Line 202, restrictinc/events.sp::CS_OnBuyCommand
L 11/13/2022 - 03:58:37: [SM] Exception reported: Array index out-of-bounds (index 64, limit 55)
L 11/13/2022 - 03:58:37: [SM] Blaming: weapon_restrict.smx
L 11/13/2022 - 03:58:37: [SM] Call stack trace:
L 11/13/2022 - 03:58:37: [SM]   [1] Line 202, restrictinc/events.sp::CS_OnBuyCommand
L 11/13/2022 - 03:59:54: [SM] Exception reported: Array index out-of-bounds (index 64, limit 55)
L 11/13/2022 - 03:59:54: [SM] Blaming: weapon_restrict.smx
L 11/13/2022 - 03:59:54: [SM] Call stack trace:
L 11/13/2022 - 03:59:54: [SM]   [1] Line 202, restrictinc/events.sp::CS_OnBuyCommand
L 11/13/2022 - 04:03:48: [SM] Exception reported: Array index out-of-bounds (index 64, limit 55)
L 11/13/2022 - 04:03:48: [SM] Blaming: weapon_restrict.smx
L 11/13/2022 - 04:03:48: [SM] Call stack trace:
L 11/13/2022 - 04:03:48: [SM]   [1] Line 202, restrictinc/events.sp::CS_OnBuyCommand
L 11/13/2022 - 04:11:35: [SM] Exception reported: Array index out-of-bounds (index 64, limit 55)
L 11/13/2022 - 04:11:35: [SM] Blaming: weapon_restrict.smx
L 11/13/2022 - 04:11:35: [SM] Call stack trace:
L 11/13/2022 - 04:11:35: [SM]   [1] Line 202, restrictinc/events.sp::CS_OnBuyCommand
L 11/13/2022 - 04:28:04: [SM] Exception reported: Array index out-of-bounds (index 64, limit 55)
L 11/13/2022 - 04:28:04: [SM] Blaming: weapon_restrict.smx
L 11/13/2022 - 04:28:04: [SM] Call stack trace:
L 11/13/2022 - 04:28:04: [SM]   [1] Line 202, restrictinc/events.sp::CS_OnBuyCommand
L 11/13/2022 - 04:29:03: [SM] Exception reported: Array index out-of-bounds (index 64, limit 55)
L 11/13/2022 - 04:29:03: [SM] Blaming: weapon_restrict.smx
L 11/13/2022 - 04:29:03: [SM] Call stack trace:
L 11/13/2022 - 04:29:03: [SM]   [1] Line 202, restrictinc/events.sp::CS_OnBuyCommand
L 11/13/2022 - 05:05:42: [SM] Exception reported: Array index out-of-bounds (index 64, limit 55)
L 11/13/2022 - 05:05:42: [SM] Blaming: weapon_restrict.smx
L 11/13/2022 - 05:05:42: [SM] Call stack trace:
L 11/13/2022 - 05:05:42: [SM]   [1] Line 202, restrictinc/events.sp::CS_OnBuyCommand
L 11/13/2022 - 05:06:16: [SM] Exception reported: Array index out-of-bounds (index 64, limit 55)
L 11/13/2022 - 05:06:16: [SM] Blaming: weapon_restrict.smx
L 11/13/2022 - 05:06:16: [SM] Call stack trace:
L 11/13/2022 - 05:06:16: [SM]   [1] Line 202, restrictinc/events.sp::CS_OnBuyCommand
L 11/13/2022 - 05:06:39: [SM] Exception reported: Array index out-of-bounds (index 64, limit 55)
L 11/13/2022 - 05:06:39: [SM] Blaming: weapon_restrict.smx
L 11/13/2022 - 05:06:39: [SM] Call stack trace:
L 11/13/2022 - 05:06:39: [SM]   [1] Line 202, restrictinc/events.sp::CS_OnBuyCommand
L 11/13/2022 - 05:06:59: [SM] Exception reported: Array index out-of-bounds (index 64, limit 55)
L 11/13/2022 - 05:06:59: [SM] Blaming: weapon_restrict.smx
L 11/13/2022 - 05:06:59: [SM] Call stack trace:
L 11/13/2022 - 05:06:59: [SM]   [1] Line 202, restrictinc/events.sp::CS_OnBuyCommand
L 11/13/2022 - 05:07:06: [SM] Exception reported: Array index out-of-bounds (index 64, limit 55)
L 11/13/2022 - 05:07:06: [SM] Blaming: weapon_restrict.smx
L 11/13/2022 - 05:07:06: [SM] Call stack trace:
L 11/13/2022 - 05:07:06: [SM]   [1] Line 202, restrictinc/events.sp::CS_OnBuyCommand
L 11/13/2022 - 05:07:20: [SM] Exception reported: Array index out-of-bounds (index 64, limit 55)
L 11/13/2022 - 05:07:20: [SM] Blaming: weapon_restrict.smx
L 11/13/2022 - 05:07:20: [SM] Call stack trace:
L 11/13/2022 - 05:07:20: [SM]   [1] Line 202, restrictinc/events.sp::CS_OnBuyCommand
L 11/13/2022 - 05:07:37: [SM] Exception reported: Array index out-of-bounds (index 64, limit 55)
L 11/13/2022 - 05:07:37: [SM] Blaming: weapon_restrict.smx
L 11/13/2022 - 05:07:37: [SM] Call stack trace:
L 11/13/2022 - 05:07:37: [SM]   [1] Line 202, restrictinc/events.sp::CS_OnBuyCommand
L 11/13/2022 - 05:07:57: [SM] Exception reported: Array index out-of-bounds (index 64, limit 55)
L 11/13/2022 - 05:07:57: [SM] Blaming: weapon_restrict.smx
L 11/13/2022 - 05:07:57: [SM] Call stack trace:
L 11/13/2022 - 05:07:57: [SM]   [1] Line 202, restrictinc/events.sp::CS_OnBuyCommand
L 11/13/2022 - 05:08:06: [SM] Exception reported: Array index out-of-bounds (index 64, limit 55)
L 11/13/2022 - 05:08:06: [SM] Blaming: weapon_restrict.smx
L 11/13/2022 - 05:08:06: [SM] Call stack trace:
L 11/13/2022 - 05:08:06: [SM]   [1] Line 202, restrictinc/events.sp::CS_OnBuyCommand
L 11/13/2022 - 05:08:37: [SM] Exception reported: Array index out-of-bounds (index 64, limit 55)
L 11/13/2022 - 05:08:37: [SM] Blaming: weapon_restrict.smx
L 11/13/2022 - 05:08:37: [SM] Call stack trace:
L 11/13/2022 - 05:08:37: [SM]   [1] Line 202, restrictinc/events.sp::CS_OnBuyCommand
L 11/13/2022 - 20:15:11: SourceMod error session started
L 11/13/2022 - 20:15:11: Info (map "de_mirage") (file "/csgoserver/server1/csgo/addons/sourcemod/logs/errors_20221113.log")
L 11/13/2022 - 20:15:11: [warmod.smx] [SM] Unable to read directory: 'resource/flash/econ/tournaments/teams'
L 11/13/2022 - 20:28:40: Error log file session closed.
L 11/13/2022 - 20:55:36: SourceMod error session started
L 11/13/2022 - 20:55:36: Info (map "de_shortnuke") (file "/csgoserver/server1/csgo/addons/sourcemod/logs/errors_20221113.log")
L 11/13/2022 - 20:55:36: [SM] Exception reported: Array index out-of-bounds (index 64, limit 55)
L 11/13/2022 - 20:55:36: [SM] Blaming: weapon_restrict.smx
L 11/13/2022 - 20:55:36: [SM] Call stack trace:
L 11/13/2022 - 20:55:36: [SM]   [1] Line 202, restrictinc/events.sp::CS_OnBuyCommand
L 11/13/2022 - 20:55:46: [SM] Exception reported: Array index out-of-bounds (index 64, limit 55)
L 11/13/2022 - 20:55:46: [SM] Blaming: weapon_restrict.smx
L 11/13/2022 - 20:55:46: [SM] Call stack trace:
L 11/13/2022 - 20:55:46: [SM]   [1] Line 202, restrictinc/events.sp::CS_OnBuyCommand
L 11/13/2022 - 20:55:53: [SM] Exception reported: Array index out-of-bounds (index 64, limit 55)
L 11/13/2022 - 20:55:53: [SM] Blaming: weapon_restrict.smx
L 11/13/2022 - 20:55:53: [SM] Call stack trace:
L 11/13/2022 - 20:55:53: [SM]   [1] Line 202, restrictinc/events.sp::CS_OnBuyCommand
L 11/13/2022 - 20:56:37: [SM] Exception reported: Array index out-of-bounds (index 64, limit 55)
L 11/13/2022 - 20:56:37: [SM] Blaming: weapon_restrict.smx
L 11/13/2022 - 20:56:37: [SM] Call stack trace:
L 11/13/2022 - 20:56:37: [SM]   [1] Line 202, restrictinc/events.sp::CS_OnBuyCommand
L 11/13/2022 - 20:57:30: [SM] Exception reported: Array index out-of-bounds (index 64, limit 55)
L 11/13/2022 - 20:57:30: [SM] Blaming: weapon_restrict.smx
L 11/13/2022 - 20:57:30: [SM] Call stack trace:
L 11/13/2022 - 20:57:30: [SM]   [1] Line 202, restrictinc/events.sp::CS_OnBuyCommand
L 11/13/2022 - 20:59:33: [SM] Exception reported: Array index out-of-bounds (index 64, limit 55)
L 11/13/2022 - 20:59:33: [SM] Blaming: weapon_restrict.smx
L 11/13/2022 - 20:59:33: [SM] Call stack trace:
L 11/13/2022 - 20:59:33: [SM]   [1] Line 202, restrictinc/events.sp::CS_OnBuyCommand
L 11/13/2022 - 21:02:20: [SM] Exception reported: Array index out-of-bounds (index 64, limit 55)
L 11/13/2022 - 21:02:20: [SM] Blaming: weapon_restrict.smx
L 11/13/2022 - 21:02:20: [SM] Call stack trace:
L 11/13/2022 - 21:02:20: [SM]   [1] Line 202, restrictinc/events.sp::CS_OnBuyCommand
L 11/13/2022 - 21:02:21: [SM] Exception reported: Array index out-of-bounds (index 64, limit 55)
L 11/13/2022 - 21:02:21: [SM] Blaming: weapon_restrict.smx
L 11/13/2022 - 21:02:21: [SM] Call stack trace:
L 11/13/2022 - 21:02:21: [SM]   [1] Line 202, restrictinc/events.sp::CS_OnBuyCommand
L 11/13/2022 - 21:02:32: [SM] Exception reported: Array index out-of-bounds (index 64, limit 55)
L 11/13/2022 - 21:02:32: [SM] Blaming: weapon_restrict.smx
L 11/13/2022 - 21:02:32: [SM] Call stack trace:
L 11/13/2022 - 21:02:32: [SM]   [1] Line 202, restrictinc/events.sp::CS_OnBuyCommand
L 11/13/2022 - 21:03:04: [SM] Exception reported: Array index out-of-bounds (index 64, limit 55)
L 11/13/2022 - 21:03:04: [SM] Blaming: weapon_restrict.smx
L 11/13/2022 - 21:03:04: [SM] Call stack trace:
L 11/13/2022 - 21:03:04: [SM]   [1] Line 202, restrictinc/events.sp::CS_OnBuyCommand
L 11/13/2022 - 21:06:14: [SM] Exception reported: Array index out-of-bounds (index 64, limit 55)
L 11/13/2022 - 21:06:14: [SM] Blaming: weapon_restrict.smx
L 11/13/2022 - 21:06:14: [SM] Call stack trace:
L 11/13/2022 - 21:06:14: [SM]   [1] Line 202, restrictinc/events.sp::CS_OnBuyCommand
L 11/13/2022 - 21:08:58: Error log file session closed.
L 11/13/2022 - 21:38:33: SourceMod error session started
L 11/13/2022 - 21:38:33: Info (map "de_mirage") (file "/csgoserver/server1/csgo/addons/sourcemod/logs/errors_20221113.log")
L 11/13/2022 - 21:38:33: [SM] Exception reported: Array index out-of-bounds (index 64, limit 55)
L 11/13/2022 - 21:38:33: [SM] Blaming: weapon_restrict.smx
L 11/13/2022 - 21:38:33: [SM] Call stack trace:
L 11/13/2022 - 21:38:33: [SM]   [1] Line 202, restrictinc/events.sp::CS_OnBuyCommand
L 11/13/2022 - 21:39:01: [SM] Exception reported: Array index out-of-bounds (index 64, limit 55)
L 11/13/2022 - 21:39:01: [SM] Blaming: weapon_restrict.smx
L 11/13/2022 - 21:39:01: [SM] Call stack trace:
L 11/13/2022 - 21:39:01: [SM]   [1] Line 202, restrictinc/events.sp::CS_OnBuyCommand
L 11/13/2022 - 21:39:23: [SM] Exception reported: Array index out-of-bounds (index 64, limit 55)
L 11/13/2022 - 21:39:23: [SM] Blaming: weapon_restrict.smx
L 11/13/2022 - 21:39:23: [SM] Call stack trace:
L 11/13/2022 - 21:39:23: [SM]   [1] Line 202, restrictinc/events.sp::CS_OnBuyCommand
L 11/13/2022 - 21:39:31: [SM] Exception reported: Array index out-of-bounds (index 64, limit 55)
L 11/13/2022 - 21:39:31: [SM] Blaming: weapon_restrict.smx
L 11/13/2022 - 21:39:31: [SM] Call stack trace:
L 11/13/2022 - 21:39:31: [SM]   [1] Line 202, restrictinc/events.sp::CS_OnBuyCommand
L 11/13/2022 - 21:39:32: [SM] Exception reported: Array index out-of-bounds (index 64, limit 55)
L 11/13/2022 - 21:39:32: [SM] Blaming: weapon_restrict.smx
L 11/13/2022 - 21:39:32: [SM] Call stack trace:
L 11/13/2022 - 21:39:32: [SM]   [1] Line 202, restrictinc/events.sp::CS_OnBuyCommand
L 11/13/2022 - 21:39:49: [SM] Exception reported: Array index out-of-bounds (index 64, limit 55)
L 11/13/2022 - 21:39:49: [SM] Blaming: weapon_restrict.smx
L 11/13/2022 - 21:39:49: [SM] Call stack trace:
L 11/13/2022 - 21:39:49: [SM]   [1] Line 202, restrictinc/events.sp::CS_OnBuyCommand
L 11/13/2022 - 21:40:09: [SM] Exception reported: Array index out-of-bounds (index 64, limit 55)
L 11/13/2022 - 21:40:09: [SM] Blaming: weapon_restrict.smx
L 11/13/2022 - 21:40:09: [SM] Call stack trace:
L 11/13/2022 - 21:40:09: [SM]   [1] Line 202, restrictinc/events.sp::CS_OnBuyCommand
L 11/13/2022 - 21:40:17: [SM] Exception reported: Array index out-of-bounds (index 64, limit 55)
L 11/13/2022 - 21:40:17: [SM] Blaming: weapon_restrict.smx
L 11/13/2022 - 21:40:17: [SM] Call stack trace:
L 11/13/2022 - 21:40:17: [SM]   [1] Line 202, restrictinc/events.sp::CS_OnBuyCommand
L 11/13/2022 - 21:40:25: [SM] Exception reported: Array index out-of-bounds (index 64, limit 55)
L 11/13/2022 - 21:40:25: [SM] Blaming: weapon_restrict.smx
L 11/13/2022 - 21:40:25: [SM] Call stack trace:
L 11/13/2022 - 21:40:25: [SM]   [1] Line 202, restrictinc/events.sp::CS_OnBuyCommand
L 11/13/2022 - 21:40:36: [SM] Exception reported: Array index out-of-bounds (index 64, limit 55)
L 11/13/2022 - 21:40:36: [SM] Blaming: weapon_restrict.smx
L 11/13/2022 - 21:40:36: [SM] Call stack trace:
L 11/13/2022 - 21:40:36: [SM]   [1] Line 202, restrictinc/events.sp::CS_OnBuyCommand
L 11/13/2022 - 21:40:38: [SM] Exception reported: Array index out-of-bounds (index 64, limit 55)
L 11/13/2022 - 21:40:38: [SM] Blaming: weapon_restrict.smx
L 11/13/2022 - 21:40:38: [SM] Call stack trace:
L 11/13/2022 - 21:40:38: [SM]   [1] Line 202, restrictinc/events.sp::CS_OnBuyCommand
L 11/13/2022 - 21:40:49: [SM] Exception reported: Array index out-of-bounds (index 64, limit 55)
L 11/13/2022 - 21:40:49: [SM] Blaming: weapon_restrict.smx
L 11/13/2022 - 21:40:49: [SM] Call stack trace:
L 11/13/2022 - 21:40:49: [SM]   [1] Line 202, restrictinc/events.sp::CS_OnBuyCommand
L 11/13/2022 - 21:40:53: [SM] Exception reported: Array index out-of-bounds (index 64, limit 55)
L 11/13/2022 - 21:40:53: [SM] Blaming: weapon_restrict.smx
L 11/13/2022 - 21:40:53: [SM] Call stack trace:
L 11/13/2022 - 21:40:53: [SM]   [1] Line 202, restrictinc/events.sp::CS_OnBuyCommand
L 11/13/2022 - 21:41:00: [SM] Exception reported: Array index out-of-bounds (index 64, limit 55)
L 11/13/2022 - 21:41:00: [SM] Blaming: weapon_restrict.smx
L 11/13/2022 - 21:41:00: [SM] Call stack trace:
L 11/13/2022 - 21:41:00: [SM]   [1] Line 202, restrictinc/events.sp::CS_OnBuyCommand
L 11/13/2022 - 21:41:10: [SM] Exception reported: Array index out-of-bounds (index 64, limit 55)
L 11/13/2022 - 21:41:10: [SM] Blaming: weapon_restrict.smx
L 11/13/2022 - 21:41:10: [SM] Call stack trace:
L 11/13/2022 - 21:41:10: [SM]   [1] Line 202, restrictinc/events.sp::CS_OnBuyCommand
L 11/13/2022 - 21:41:14: [SM] Exception reported: Array index out-of-bounds (index 64, limit 55)
L 11/13/2022 - 21:41:14: [SM] Blaming: weapon_restrict.smx
L 11/13/2022 - 21:41:14: [SM] Call stack trace:
L 11/13/2022 - 21:41:14: [SM]   [1] Line 202, restrictinc/events.sp::CS_OnBuyCommand
L 11/13/2022 - 21:41:23: [SM] Exception reported: Array index out-of-bounds (index 64, limit 55)
L 11/13/2022 - 21:41:23: [SM] Blaming: weapon_restrict.smx
L 11/13/2022 - 21:41:23: [SM] Call stack trace:
L 11/13/2022 - 21:41:23: [SM]   [1] Line 202, restrictinc/events.sp::CS_OnBuyCommand
L 11/13/2022 - 21:41:28: [SM] Exception reported: Array index out-of-bounds (index 64, limit 55)
L 11/13/2022 - 21:41:28: [SM] Blaming: weapon_restrict.smx
L 11/13/2022 - 21:41:28: [SM] Call stack trace:
L 11/13/2022 - 21:41:28: [SM]   [1] Line 202, restrictinc/events.sp::CS_OnBuyCommand
L 11/13/2022 - 21:41:31: [SM] Exception reported: Array index out-of-bounds (index 64, limit 55)
L 11/13/2022 - 21:41:31: [SM] Blaming: weapon_restrict.smx
L 11/13/2022 - 21:41:31: [SM] Call stack trace:
L 11/13/2022 - 21:41:31: [SM]   [1] Line 202, restrictinc/events.sp::CS_OnBuyCommand
L 11/13/2022 - 21:41:32: [SM] Exception reported: Array index out-of-bounds (index 64, limit 55)
L 11/13/2022 - 21:41:32: [SM] Blaming: weapon_restrict.smx
L 11/13/2022 - 21:41:32: [SM] Call stack trace:
L 11/13/2022 - 21:41:32: [SM]   [1] Line 202, restrictinc/events.sp::CS_OnBuyCommand
L 11/13/2022 - 21:41:41: [SM] Exception reported: Array index out-of-bounds (index 64, limit 55)
L 11/13/2022 - 21:41:41: [SM] Blaming: weapon_restrict.smx
L 11/13/2022 - 21:41:41: [SM] Call stack trace:
L 11/13/2022 - 21:41:41: [SM]   [1] Line 202, restrictinc/events.sp::CS_OnBuyCommand
L 11/13/2022 - 21:41:52: [SM] Exception reported: Array index out-of-bounds (index 64, limit 55)
L 11/13/2022 - 21:41:52: [SM] Blaming: weapon_restrict.smx
L 11/13/2022 - 21:41:52: [SM] Call stack trace:
L 11/13/2022 - 21:41:52: [SM]   [1] Line 202, restrictinc/events.sp::CS_OnBuyCommand
L 11/13/2022 - 21:42:11: [SM] Exception reported: Array index out-of-bounds (index 64, limit 55)
L 11/13/2022 - 21:42:11: [SM] Blaming: weapon_restrict.smx
L 11/13/2022 - 21:42:11: [SM] Call stack trace:
L 11/13/2022 - 21:42:11: [SM]   [1] Line 202, restrictinc/events.sp::CS_OnBuyCommand
L 11/13/2022 - 21:42:18: [SM] Exception reported: Array index out-of-bounds (index 64, limit 55)
L 11/13/2022 - 21:42:18: [SM] Blaming: weapon_restrict.smx
L 11/13/2022 - 21:42:18: [SM] Call stack trace:
L 11/13/2022 - 21:42:18: [SM]   [1] Line 202, restrictinc/events.sp::CS_OnBuyCommand
L 11/13/2022 - 21:42:28: [SM] Exception reported: Array index out-of-bounds (index 64, limit 55)
L 11/13/2022 - 21:42:28: [SM] Blaming: weapon_restrict.smx
L 11/13/2022 - 21:42:28: [SM] Call stack trace:
L 11/13/2022 - 21:42:28: [SM]   [1] Line 202, restrictinc/events.sp::CS_OnBuyCommand
L 11/13/2022 - 21:42:29: [SM] Exception reported: Array index out-of-bounds (index 64, limit 55)
L 11/13/2022 - 21:42:29: [SM] Blaming: weapon_restrict.smx
L 11/13/2022 - 21:42:29: [SM] Call stack trace:
L 11/13/2022 - 21:42:29: [SM]   [1] Line 202, restrictinc/events.sp::CS_OnBuyCommand
L 11/13/2022 - 21:42:41: [SM] Exception reported: Array index out-of-bounds (index 64, limit 55)
L 11/13/2022 - 21:42:41: [SM] Blaming: weapon_restrict.smx
L 11/13/2022 - 21:42:41: [SM] Call stack trace:
L 11/13/2022 - 21:42:41: [SM]   [1] Line 202, restrictinc/events.sp::CS_OnBuyCommand
L 11/13/2022 - 21:42:50: [SM] Exception reported: Array index out-of-bounds (index 64, limit 55)
L 11/13/2022 - 21:42:50: [SM] Blaming: weapon_restrict.smx
L 11/13/2022 - 21:42:50: [SM] Call stack trace:
L 11/13/2022 - 21:42:50: [SM]   [1] Line 202, restrictinc/events.sp::CS_OnBuyCommand
L 11/13/2022 - 21:43:06: [SM] Exception reported: Array index out-of-bounds (index 64, limit 55)
L 11/13/2022 - 21:43:06: [SM] Blaming: weapon_restrict.smx
L 11/13/2022 - 21:43:06: [SM] Call stack trace:
L 11/13/2022 - 21:43:06: [SM]   [1] Line 202, restrictinc/events.sp::CS_OnBuyCommand
L 11/13/2022 - 21:43:17: [SM] Exception reported: Array index out-of-bounds (index 64, limit 55)
L 11/13/2022 - 21:43:17: [SM] Blaming: weapon_restrict.smx
L 11/13/2022 - 21:43:17: [SM] Call stack trace:
L 11/13/2022 - 21:43:17: [SM]   [1] Line 202, restrictinc/events.sp::CS_OnBuyCommand
L 11/13/2022 - 21:44:24: [SM] Exception reported: Array index out-of-bounds (index 64, limit 55)
L 11/13/2022 - 21:44:24: [SM] Blaming: weapon_restrict.smx
L 11/13/2022 - 21:44:24: [SM] Call stack trace:
L 11/13/2022 - 21:44:24: [SM]   [1] Line 202, restrictinc/events.sp::CS_OnBuyCommand
L 11/13/2022 - 21:45:10: [SM] Exception reported: Array index out-of-bounds (index 64, limit 55)
L 11/13/2022 - 21:45:10: [SM] Blaming: weapon_restrict.smx
L 11/13/2022 - 21:45:10: [SM] Call stack trace:
L 11/13/2022 - 21:45:10: [SM]   [1] Line 202, restrictinc/events.sp::CS_OnBuyCommand
L 11/13/2022 - 21:50:01: [SM] Exception reported: Array index out-of-bounds (index 64, limit 55)
L 11/13/2022 - 21:50:01: [SM] Blaming: weapon_restrict.smx
L 11/13/2022 - 21:50:01: [SM] Call stack trace:
L 11/13/2022 - 21:50:01: [SM]   [1] Line 202, restrictinc/events.sp::CS_OnBuyCommand
L 11/13/2022 - 21:51:36: [SM] Exception reported: Array index out-of-bounds (index 64, limit 55)
L 11/13/2022 - 21:51:36: [SM] Blaming: weapon_restrict.smx
L 11/13/2022 - 21:51:36: [SM] Call stack trace:
L 11/13/2022 - 21:51:36: [SM]   [1] Line 202, restrictinc/events.sp::CS_OnBuyCommand
L 11/13/2022 - 21:52:03: [SM] Exception reported: Array index out-of-bounds (index 64, limit 55)
L 11/13/2022 - 21:52:03: [SM] Blaming: weapon_restrict.smx
L 11/13/2022 - 21:52:03: [SM] Call stack trace:
L 11/13/2022 - 21:52:03: [SM]   [1] Line 202, restrictinc/events.sp::CS_OnBuyCommand
L 11/13/2022 - 21:52:05: [SM] Exception reported: Array index out-of-bounds (index 64, limit 55)
L 11/13/2022 - 21:52:05: [SM] Blaming: weapon_restrict.smx
L 11/13/2022 - 21:52:05: [SM] Call stack trace:
L 11/13/2022 - 21:52:05: [SM]   [1] Line 202, restrictinc/events.sp::CS_OnBuyCommand
L 11/13/2022 - 21:52:08: [SM] Exception reported: Array index out-of-bounds (index 64, limit 55)
L 11/13/2022 - 21:52:08: [SM] Blaming: weapon_restrict.smx
L 11/13/2022 - 21:52:08: [SM] Call stack trace:
L 11/13/2022 - 21:52:08: [SM]   [1] Line 202, restrictinc/events.sp::CS_OnBuyCommand
L 11/13/2022 - 21:53:23: Error log file session closed.
L 11/13/2022 - 21:54:09: SourceMod error session started
L 11/13/2022 - 21:54:09: Info (map "de_bank") (file "/csgoserver/server1/csgo/addons/sourcemod/logs/errors_20221113.log")
L 11/13/2022 - 21:54:09: [SM] Exception reported: Array index out-of-bounds (index 64, limit 55)
L 11/13/2022 - 21:54:09: [SM] Blaming: weapon_restrict.smx
L 11/13/2022 - 21:54:09: [SM] Call stack trace:
L 11/13/2022 - 21:54:09: [SM]   [1] Line 202, restrictinc/events.sp::CS_OnBuyCommand
L 11/13/2022 - 21:54:25: Error log file session closed.
L 11/13/2022 - 21:55:15: SourceMod error session started
L 11/13/2022 - 21:55:15: Info (map "de_overpass") (file "/csgoserver/server1/csgo/addons/sourcemod/logs/errors_20221113.log")
L 11/13/2022 - 21:55:15: [SM] Exception reported: Array index out-of-bounds (index 64, limit 55)
L 11/13/2022 - 21:55:15: [SM] Blaming: weapon_restrict.smx
L 11/13/2022 - 21:55:15: [SM] Call stack trace:
L 11/13/2022 - 21:55:15: [SM]   [1] Line 202, restrictinc/events.sp::CS_OnBuyCommand
L 11/13/2022 - 21:55:34: [SM] Exception reported: Array index out-of-bounds (index 64, limit 55)
L 11/13/2022 - 21:55:34: [SM] Blaming: weapon_restrict.smx
L 11/13/2022 - 21:55:34: [SM] Call stack trace:
L 11/13/2022 - 21:55:34: [SM]   [1] Line 202, restrictinc/events.sp::CS_OnBuyCommand
L 11/13/2022 - 21:55:36: [SM] Exception reported: Array index out-of-bounds (index 64, limit 55)
L 11/13/2022 - 21:55:36: [SM] Blaming: weapon_restrict.smx
L 11/13/2022 - 21:55:36: [SM] Call stack trace:
L 11/13/2022 - 21:55:36: [SM]   [1] Line 202, restrictinc/events.sp::CS_OnBuyCommand
L 11/13/2022 - 21:55:36: [SM] Exception reported: Array index out-of-bounds (index 64, limit 55)
L 11/13/2022 - 21:55:36: [SM] Blaming: weapon_restrict.smx
L 11/13/2022 - 21:55:36: [SM] Call stack trace:
L 11/13/2022 - 21:55:36: [SM]   [1] Line 202, restrictinc/events.sp::CS_OnBuyCommand
L 11/13/2022 - 21:57:01: [SM] Exception reported: Array index out-of-bounds (index 64, limit 55)
L 11/13/2022 - 21:57:01: [SM] Blaming: weapon_restrict.smx
L 11/13/2022 - 21:57:01: [SM] Call stack trace:
L 11/13/2022 - 21:57:01: [SM]   [1] Line 202, restrictinc/events.sp::CS_OnBuyCommand
L 11/13/2022 - 22:07:49: [SM] Exception reported: Array index out-of-bounds (index 64, limit 55)
L 11/13/2022 - 22:07:49: [SM] Blaming: weapon_restrict.smx
L 11/13/2022 - 22:07:49: [SM] Call stack trace:
L 11/13/2022 - 22:07:49: [SM]   [1] Line 202, restrictinc/events.sp::CS_OnBuyCommand
L 11/13/2022 - 22:07:52: [SM] Exception reported: Array index out-of-bounds (index 64, limit 55)
L 11/13/2022 - 22:07:52: [SM] Blaming: weapon_restrict.smx
L 11/13/2022 - 22:07:52: [SM] Call stack trace:
L 11/13/2022 - 22:07:52: [SM]   [1] Line 202, restrictinc/events.sp::CS_OnBuyCommand
L 11/13/2022 - 22:26:58: Error log file session closed.
L 11/13/2022 - 22:34:47: SourceMod error session started
L 11/13/2022 - 22:34:47: Info (map "de_mirage") (file "/csgoserver/server1/csgo/addons/sourcemod/logs/errors_20221113.log")
L 11/13/2022 - 22:34:47: [SM] Exception reported: Array index out-of-bounds (index 64, limit 55)
L 11/13/2022 - 22:34:47: [SM] Blaming: weapon_restrict.smx
L 11/13/2022 - 22:34:47: [SM] Call stack trace:
L 11/13/2022 - 22:34:47: [SM]   [1] Line 202, restrictinc/events.sp::CS_OnBuyCommand
L 11/13/2022 - 22:34:52: [SM] Exception reported: Array index out-of-bounds (index 64, limit 55)
L 11/13/2022 - 22:34:52: [SM] Blaming: weapon_restrict.smx
L 11/13/2022 - 22:34:52: [SM] Call stack trace:
L 11/13/2022 - 22:34:52: [SM]   [1] Line 202, restrictinc/events.sp::CS_OnBuyCommand
L 11/13/2022 - 22:35:44: [SM] Exception reported: Array index out-of-bounds (index 64, limit 55)
L 11/13/2022 - 22:35:44: [SM] Blaming: weapon_restrict.smx
L 11/13/2022 - 22:35:44: [SM] Call stack trace:
L 11/13/2022 - 22:35:44: [SM]   [1] Line 202, restrictinc/events.sp::CS_OnBuyCommand
L 11/13/2022 - 22:40:36: [SM] Exception reported: Array index out-of-bounds (index 64, limit 55)
L 11/13/2022 - 22:40:36: [SM] Blaming: weapon_restrict.smx
L 11/13/2022 - 22:40:36: [SM] Call stack trace:
L 11/13/2022 - 22:40:36: [SM]   [1] Line 202, restrictinc/events.sp::CS_OnBuyCommand
L 11/13/2022 - 22:41:39: [SM] Exception reported: Array index out-of-bounds (index 64, limit 55)
L 11/13/2022 - 22:41:39: [SM] Blaming: weapon_restrict.smx
L 11/13/2022 - 22:41:39: [SM] Call stack trace:
L 11/13/2022 - 22:41:39: [SM]   [1] Line 202, restrictinc/events.sp::CS_OnBuyCommand
L 11/13/2022 - 22:47:45: [SM] Exception reported: Array index out-of-bounds (index 64, limit 55)
L 11/13/2022 - 22:47:45: [SM] Blaming: weapon_restrict.smx
L 11/13/2022 - 22:47:45: [SM] Call stack trace:
L 11/13/2022 - 22:47:45: [SM]   [1] Line 202, restrictinc/events.sp::CS_OnBuyCommand
L 11/14/2022 - 00:25:16: Error log file session closed.
