L 09/09/2022 - 02:17:01: SourceMod error session started
L 09/09/2022 - 02:17:01: Info (map "de_dust2") (file "/home/csgo/csgo/addons/sourcemod/logs/errors_20220909.log")
L 09/09/2022 - 02:17:01: [SM] Exception reported: Array index out-of-bounds (index 64, limit 55)
L 09/09/2022 - 02:17:01: [SM] Blaming: weapon_restrict.smx
L 09/09/2022 - 02:17:01: [SM] Call stack trace:
L 09/09/2022 - 02:17:01: [SM]   [1] Line 202, restrictinc/events.sp::CS_OnBuyCommand
L 09/09/2022 - 02:17:11: [SM] Exception reported: Array index out-of-bounds (index 64, limit 55)
L 09/09/2022 - 02:17:11: [SM] Blaming: weapon_restrict.smx
L 09/09/2022 - 02:17:11: [SM] Call stack trace:
L 09/09/2022 - 02:17:11: [SM]   [1] Line 202, restrictinc/events.sp::CS_OnBuyCommand
L 09/09/2022 - 02:17:21: [SM] Exception reported: Array index out-of-bounds (index 64, limit 55)
L 09/09/2022 - 02:17:21: [SM] Blaming: weapon_restrict.smx
L 09/09/2022 - 02:17:21: [SM] Call stack trace:
L 09/09/2022 - 02:17:21: [SM]   [1] Line 202, restrictinc/events.sp::CS_OnBuyCommand
L 09/09/2022 - 02:17:24: [SM] Exception reported: Array index out-of-bounds (index 64, limit 55)
L 09/09/2022 - 02:17:24: [SM] Blaming: weapon_restrict.smx
L 09/09/2022 - 02:17:24: [SM] Call stack trace:
L 09/09/2022 - 02:17:24: [SM]   [1] Line 202, restrictinc/events.sp::CS_OnBuyCommand
L 09/09/2022 - 02:17:48: [SM] Exception reported: Array index out-of-bounds (index 64, limit 55)
L 09/09/2022 - 02:17:48: [SM] Blaming: weapon_restrict.smx
L 09/09/2022 - 02:17:48: [SM] Call stack trace:
L 09/09/2022 - 02:17:48: [SM]   [1] Line 202, restrictinc/events.sp::CS_OnBuyCommand
L 09/09/2022 - 02:17:56: [SM] Exception reported: Array index out-of-bounds (index 64, limit 55)
L 09/09/2022 - 02:17:56: [SM] Blaming: weapon_restrict.smx
L 09/09/2022 - 02:17:56: [SM] Call stack trace:
L 09/09/2022 - 02:17:56: [SM]   [1] Line 202, restrictinc/events.sp::CS_OnBuyCommand
L 09/09/2022 - 02:18:17: [SM] Exception reported: Array index out-of-bounds (index 64, limit 55)
L 09/09/2022 - 02:18:17: [SM] Blaming: weapon_restrict.smx
L 09/09/2022 - 02:18:17: [SM] Call stack trace:
L 09/09/2022 - 02:18:17: [SM]   [1] Line 202, restrictinc/events.sp::CS_OnBuyCommand
L 09/09/2022 - 02:18:28: [SM] Exception reported: Array index out-of-bounds (index 64, limit 55)
L 09/09/2022 - 02:18:28: [SM] Blaming: weapon_restrict.smx
L 09/09/2022 - 02:18:28: [SM] Call stack trace:
L 09/09/2022 - 02:18:28: [SM]   [1] Line 202, restrictinc/events.sp::CS_OnBuyCommand
L 09/09/2022 - 02:18:45: [SM] Exception reported: Array index out-of-bounds (index 64, limit 55)
L 09/09/2022 - 02:18:45: [SM] Blaming: weapon_restrict.smx
L 09/09/2022 - 02:18:45: [SM] Call stack trace:
L 09/09/2022 - 02:18:45: [SM]   [1] Line 202, restrictinc/events.sp::CS_OnBuyCommand
L 09/09/2022 - 02:18:53: [SM] Exception reported: Array index out-of-bounds (index 64, limit 55)
L 09/09/2022 - 02:18:53: [SM] Blaming: weapon_restrict.smx
L 09/09/2022 - 02:18:53: [SM] Call stack trace:
L 09/09/2022 - 02:18:53: [SM]   [1] Line 202, restrictinc/events.sp::CS_OnBuyCommand
L 09/09/2022 - 05:24:24: Error log file session closed.
L 09/09/2022 - 15:24:46: SourceMod error session started
L 09/09/2022 - 15:24:46: Info (map "de_mirage") (file "/home/csgo/csgo/addons/sourcemod/logs/errors_20220909.log")
L 09/09/2022 - 15:24:46: [SM] Exception reported: Array index out-of-bounds (index 64, limit 55)
L 09/09/2022 - 15:24:46: [SM] Blaming: weapon_restrict.smx
L 09/09/2022 - 15:24:46: [SM] Call stack trace:
L 09/09/2022 - 15:24:46: [SM]   [1] Line 202, restrictinc/events.sp::CS_OnBuyCommand
L 09/09/2022 - 16:01:52: Error log file session closed.
L 09/09/2022 - 16:28:34: SourceMod error session started
L 09/09/2022 - 16:28:34: Info (map "de_mirage") (file "/home/csgo/csgo/addons/sourcemod/logs/errors_20220909.log")
L 09/09/2022 - 16:28:34: [warmod.smx] Plug-in tEasyFTP.smx required to auto upload demos
L 09/09/2022 - 16:47:18: Error log file session closed.
L 09/09/2022 - 16:57:12: SourceMod error session started
L 09/09/2022 - 16:57:12: Info (map "de_mirage") (file "/home/csgo/csgo/addons/sourcemod/logs/errors_20220909.log")
L 09/09/2022 - 16:57:12: [SM] Exception reported: Array index out-of-bounds (index 64, limit 55)
L 09/09/2022 - 16:57:12: [SM] Blaming: weapon_restrict.smx
L 09/09/2022 - 16:57:12: [SM] Call stack trace:
L 09/09/2022 - 16:57:12: [SM]   [1] Line 202, restrictinc/events.sp::CS_OnBuyCommand
L 09/09/2022 - 18:10:25: Error log file session closed.
L 09/09/2022 - 19:03:17: SourceMod error session started
L 09/09/2022 - 19:03:17: Info (map "de_mirage") (file "/home/csgo/csgo/addons/sourcemod/logs/errors_20220909.log")
L 09/09/2022 - 19:03:17: [warmod.smx] Plug-in tEasyFTP.smx required to auto upload demos
L 09/09/2022 - 19:10:18: Error log file session closed.
L 09/09/2022 - 20:33:31: SourceMod error session started
L 09/09/2022 - 20:33:31: Info (map "de_mirage") (file "/home/csgo/csgo/addons/sourcemod/logs/errors_20220909.log")
L 09/09/2022 - 20:33:31: [SM] Exception reported: Array index out-of-bounds (index 64, limit 55)
L 09/09/2022 - 20:33:31: [SM] Blaming: weapon_restrict.smx
L 09/09/2022 - 20:33:31: [SM] Call stack trace:
L 09/09/2022 - 20:33:31: [SM]   [1] Line 202, restrictinc/events.sp::CS_OnBuyCommand
L 09/09/2022 - 20:36:28: [SM] Exception reported: Array index out-of-bounds (index 64, limit 55)
L 09/09/2022 - 20:36:28: [SM] Blaming: weapon_restrict.smx
L 09/09/2022 - 20:36:28: [SM] Call stack trace:
L 09/09/2022 - 20:36:28: [SM]   [1] Line 202, restrictinc/events.sp::CS_OnBuyCommand
L 09/09/2022 - 20:37:51: [SM] Exception reported: Array index out-of-bounds (index 64, limit 55)
L 09/09/2022 - 20:37:51: [SM] Blaming: weapon_restrict.smx
L 09/09/2022 - 20:37:51: [SM] Call stack trace:
L 09/09/2022 - 20:37:51: [SM]   [1] Line 202, restrictinc/events.sp::CS_OnBuyCommand
L 09/09/2022 - 20:41:57: [warmod.smx] Plug-in tEasyFTP.smx required to auto upload demos
L 09/09/2022 - 20:42:24: Error log file session closed.
L 09/09/2022 - 21:01:28: SourceMod error session started
L 09/09/2022 - 21:01:28: Info (map "de_stmarc") (file "/home/csgo/csgo/addons/sourcemod/logs/errors_20220909.log")
L 09/09/2022 - 21:01:28: [SM] Exception reported: Array index out-of-bounds (index 64, limit 55)
L 09/09/2022 - 21:01:28: [SM] Blaming: weapon_restrict.smx
L 09/09/2022 - 21:01:28: [SM] Call stack trace:
L 09/09/2022 - 21:01:28: [SM]   [1] Line 202, restrictinc/events.sp::CS_OnBuyCommand
L 09/09/2022 - 21:01:28: [SM] Exception reported: Array index out-of-bounds (index 64, limit 55)
L 09/09/2022 - 21:01:28: [SM] Blaming: weapon_restrict.smx
L 09/09/2022 - 21:01:28: [SM] Call stack trace:
L 09/09/2022 - 21:01:28: [SM]   [1] Line 202, restrictinc/events.sp::CS_OnBuyCommand
L 09/09/2022 - 21:01:31: [SM] Exception reported: Array index out-of-bounds (index 64, limit 55)
L 09/09/2022 - 21:01:31: [SM] Blaming: weapon_restrict.smx
L 09/09/2022 - 21:01:31: [SM] Call stack trace:
L 09/09/2022 - 21:01:31: [SM]   [1] Line 202, restrictinc/events.sp::CS_OnBuyCommand
L 09/09/2022 - 21:01:32: [SM] Exception reported: Array index out-of-bounds (index 64, limit 55)
L 09/09/2022 - 21:01:32: [SM] Blaming: weapon_restrict.smx
L 09/09/2022 - 21:01:32: [SM] Call stack trace:
L 09/09/2022 - 21:01:32: [SM]   [1] Line 202, restrictinc/events.sp::CS_OnBuyCommand
L 09/09/2022 - 21:10:59: [SM] Exception reported: Array index out-of-bounds (index 64, limit 55)
L 09/09/2022 - 21:10:59: [SM] Blaming: weapon_restrict.smx
L 09/09/2022 - 21:10:59: [SM] Call stack trace:
L 09/09/2022 - 21:10:59: [SM]   [1] Line 202, restrictinc/events.sp::CS_OnBuyCommand
L 09/09/2022 - 21:11:02: [SM] Exception reported: Array index out-of-bounds (index 64, limit 55)
L 09/09/2022 - 21:11:02: [SM] Blaming: weapon_restrict.smx
L 09/09/2022 - 21:11:02: [SM] Call stack trace:
L 09/09/2022 - 21:11:02: [SM]   [1] Line 202, restrictinc/events.sp::CS_OnBuyCommand
L 09/09/2022 - 21:38:38: Error log file session closed.
