L 09/18/2022 - 02:07:42: SourceMod error session started
L 09/18/2022 - 02:07:42: Info (map "de_mirage") (file "/badfupo/server1/csgo/addons/sourcemod/logs/errors_20220918.log")
L 09/18/2022 - 02:07:42: [SM] Exception reported: Array index out-of-bounds (index 64, limit 55)
L 09/18/2022 - 02:07:42: [SM] Blaming: weapon_restrict.smx
L 09/18/2022 - 02:07:42: [SM] Call stack trace:
L 09/18/2022 - 02:07:42: [SM]   [1] Line 202, restrictinc/events.sp::CS_OnBuyCommand
L 09/18/2022 - 02:10:14: [SM] Exception reported: Array index out-of-bounds (index 64, limit 55)
L 09/18/2022 - 02:10:14: [SM] Blaming: weapon_restrict.smx
L 09/18/2022 - 02:10:14: [SM] Call stack trace:
L 09/18/2022 - 02:10:14: [SM]   [1] Line 202, restrictinc/events.sp::CS_OnBuyCommand
L 09/18/2022 - 02:48:53: [SM] Exception reported: Array index out-of-bounds (index 64, limit 55)
L 09/18/2022 - 02:48:53: [SM] Blaming: weapon_restrict.smx
L 09/18/2022 - 02:48:53: [SM] Call stack trace:
L 09/18/2022 - 02:48:53: [SM]   [1] Line 202, restrictinc/events.sp::CS_OnBuyCommand
L 09/18/2022 - 02:49:35: [SM] Exception reported: Array index out-of-bounds (index 64, limit 55)
L 09/18/2022 - 02:49:35: [SM] Blaming: weapon_restrict.smx
L 09/18/2022 - 02:49:35: [SM] Call stack trace:
L 09/18/2022 - 02:49:35: [SM]   [1] Line 202, restrictinc/events.sp::CS_OnBuyCommand
L 09/18/2022 - 02:49:55: [SM] Exception reported: Array index out-of-bounds (index 64, limit 55)
L 09/18/2022 - 02:49:55: [SM] Blaming: weapon_restrict.smx
L 09/18/2022 - 02:49:55: [SM] Call stack trace:
L 09/18/2022 - 02:49:55: [SM]   [1] Line 202, restrictinc/events.sp::CS_OnBuyCommand
L 09/18/2022 - 02:50:28: [SM] Exception reported: Array index out-of-bounds (index 64, limit 55)
L 09/18/2022 - 02:50:28: [SM] Blaming: weapon_restrict.smx
L 09/18/2022 - 02:50:28: [SM] Call stack trace:
L 09/18/2022 - 02:50:28: [SM]   [1] Line 202, restrictinc/events.sp::CS_OnBuyCommand
L 09/18/2022 - 02:51:27: [SM] Exception reported: Array index out-of-bounds (index 64, limit 55)
L 09/18/2022 - 02:51:27: [SM] Blaming: weapon_restrict.smx
L 09/18/2022 - 02:51:27: [SM] Call stack trace:
L 09/18/2022 - 02:51:27: [SM]   [1] Line 202, restrictinc/events.sp::CS_OnBuyCommand
L 09/18/2022 - 02:51:38: [SM] Exception reported: Array index out-of-bounds (index 64, limit 55)
L 09/18/2022 - 02:51:38: [SM] Blaming: weapon_restrict.smx
L 09/18/2022 - 02:51:38: [SM] Call stack trace:
L 09/18/2022 - 02:51:38: [SM]   [1] Line 202, restrictinc/events.sp::CS_OnBuyCommand
L 09/18/2022 - 02:51:53: [SM] Exception reported: Array index out-of-bounds (index 64, limit 55)
L 09/18/2022 - 02:51:53: [SM] Blaming: weapon_restrict.smx
L 09/18/2022 - 02:51:53: [SM] Call stack trace:
L 09/18/2022 - 02:51:53: [SM]   [1] Line 202, restrictinc/events.sp::CS_OnBuyCommand
L 09/18/2022 - 02:52:08: [SM] Exception reported: Array index out-of-bounds (index 64, limit 55)
L 09/18/2022 - 02:52:08: [SM] Blaming: weapon_restrict.smx
L 09/18/2022 - 02:52:08: [SM] Call stack trace:
L 09/18/2022 - 02:52:08: [SM]   [1] Line 202, restrictinc/events.sp::CS_OnBuyCommand
L 09/18/2022 - 02:52:22: [SM] Exception reported: Array index out-of-bounds (index 64, limit 55)
L 09/18/2022 - 02:52:22: [SM] Blaming: weapon_restrict.smx
L 09/18/2022 - 02:52:22: [SM] Call stack trace:
L 09/18/2022 - 02:52:22: [SM]   [1] Line 202, restrictinc/events.sp::CS_OnBuyCommand
L 09/18/2022 - 02:52:23: [SM] Exception reported: Array index out-of-bounds (index 64, limit 55)
L 09/18/2022 - 02:52:23: [SM] Blaming: weapon_restrict.smx
L 09/18/2022 - 02:52:23: [SM] Call stack trace:
L 09/18/2022 - 02:52:23: [SM]   [1] Line 202, restrictinc/events.sp::CS_OnBuyCommand
L 09/18/2022 - 02:52:23: [SM] Exception reported: Array index out-of-bounds (index 64, limit 55)
L 09/18/2022 - 02:52:23: [SM] Blaming: weapon_restrict.smx
L 09/18/2022 - 02:52:23: [SM] Call stack trace:
L 09/18/2022 - 02:52:23: [SM]   [1] Line 202, restrictinc/events.sp::CS_OnBuyCommand
L 09/18/2022 - 02:52:24: [SM] Exception reported: Array index out-of-bounds (index 64, limit 55)
L 09/18/2022 - 02:52:24: [SM] Blaming: weapon_restrict.smx
L 09/18/2022 - 02:52:24: [SM] Call stack trace:
L 09/18/2022 - 02:52:24: [SM]   [1] Line 202, restrictinc/events.sp::CS_OnBuyCommand
L 09/18/2022 - 02:52:31: [SM] Exception reported: Array index out-of-bounds (index 64, limit 55)
L 09/18/2022 - 02:52:31: [SM] Blaming: weapon_restrict.smx
L 09/18/2022 - 02:52:31: [SM] Call stack trace:
L 09/18/2022 - 02:52:31: [SM]   [1] Line 202, restrictinc/events.sp::CS_OnBuyCommand
L 09/18/2022 - 02:52:47: [SM] Exception reported: Array index out-of-bounds (index 64, limit 55)
L 09/18/2022 - 02:52:47: [SM] Blaming: weapon_restrict.smx
L 09/18/2022 - 02:52:47: [SM] Call stack trace:
L 09/18/2022 - 02:52:47: [SM]   [1] Line 202, restrictinc/events.sp::CS_OnBuyCommand
L 09/18/2022 - 02:53:08: [SM] Exception reported: Array index out-of-bounds (index 64, limit 55)
L 09/18/2022 - 02:53:08: [SM] Blaming: weapon_restrict.smx
L 09/18/2022 - 02:53:08: [SM] Call stack trace:
L 09/18/2022 - 02:53:08: [SM]   [1] Line 202, restrictinc/events.sp::CS_OnBuyCommand
L 09/18/2022 - 02:53:49: [SM] Exception reported: Array index out-of-bounds (index 64, limit 55)
L 09/18/2022 - 02:53:49: [SM] Blaming: weapon_restrict.smx
L 09/18/2022 - 02:53:49: [SM] Call stack trace:
L 09/18/2022 - 02:53:49: [SM]   [1] Line 202, restrictinc/events.sp::CS_OnBuyCommand
L 09/18/2022 - 02:54:03: [SM] Exception reported: Array index out-of-bounds (index 64, limit 55)
L 09/18/2022 - 02:54:03: [SM] Blaming: weapon_restrict.smx
L 09/18/2022 - 02:54:03: [SM] Call stack trace:
L 09/18/2022 - 02:54:03: [SM]   [1] Line 202, restrictinc/events.sp::CS_OnBuyCommand
L 09/18/2022 - 02:54:17: [SM] Exception reported: Array index out-of-bounds (index 64, limit 55)
L 09/18/2022 - 02:54:17: [SM] Blaming: weapon_restrict.smx
L 09/18/2022 - 02:54:17: [SM] Call stack trace:
L 09/18/2022 - 02:54:17: [SM]   [1] Line 202, restrictinc/events.sp::CS_OnBuyCommand
L 09/18/2022 - 02:54:35: [SM] Exception reported: Array index out-of-bounds (index 64, limit 55)
L 09/18/2022 - 02:54:35: [SM] Blaming: weapon_restrict.smx
L 09/18/2022 - 02:54:35: [SM] Call stack trace:
L 09/18/2022 - 02:54:35: [SM]   [1] Line 202, restrictinc/events.sp::CS_OnBuyCommand
L 09/18/2022 - 02:54:56: [SM] Exception reported: Array index out-of-bounds (index 64, limit 55)
L 09/18/2022 - 02:54:56: [SM] Blaming: weapon_restrict.smx
L 09/18/2022 - 02:54:56: [SM] Call stack trace:
L 09/18/2022 - 02:54:56: [SM]   [1] Line 202, restrictinc/events.sp::CS_OnBuyCommand
L 09/18/2022 - 02:55:15: [SM] Exception reported: Array index out-of-bounds (index 64, limit 55)
L 09/18/2022 - 02:55:15: [SM] Blaming: weapon_restrict.smx
L 09/18/2022 - 02:55:15: [SM] Call stack trace:
L 09/18/2022 - 02:55:15: [SM]   [1] Line 202, restrictinc/events.sp::CS_OnBuyCommand
L 09/18/2022 - 02:55:30: [SM] Exception reported: Array index out-of-bounds (index 64, limit 55)
L 09/18/2022 - 02:55:30: [SM] Blaming: weapon_restrict.smx
L 09/18/2022 - 02:55:30: [SM] Call stack trace:
L 09/18/2022 - 02:55:30: [SM]   [1] Line 202, restrictinc/events.sp::CS_OnBuyCommand
L 09/18/2022 - 02:56:00: [SM] Exception reported: Array index out-of-bounds (index 64, limit 55)
L 09/18/2022 - 02:56:00: [SM] Blaming: weapon_restrict.smx
L 09/18/2022 - 02:56:00: [SM] Call stack trace:
L 09/18/2022 - 02:56:00: [SM]   [1] Line 202, restrictinc/events.sp::CS_OnBuyCommand
L 09/18/2022 - 02:56:17: [SM] Exception reported: Array index out-of-bounds (index 64, limit 55)
L 09/18/2022 - 02:56:17: [SM] Blaming: weapon_restrict.smx
L 09/18/2022 - 02:56:17: [SM] Call stack trace:
L 09/18/2022 - 02:56:17: [SM]   [1] Line 202, restrictinc/events.sp::CS_OnBuyCommand
L 09/18/2022 - 02:56:25: [SM] Exception reported: Array index out-of-bounds (index 64, limit 55)
L 09/18/2022 - 02:56:25: [SM] Blaming: weapon_restrict.smx
L 09/18/2022 - 02:56:25: [SM] Call stack trace:
L 09/18/2022 - 02:56:25: [SM]   [1] Line 202, restrictinc/events.sp::CS_OnBuyCommand
L 09/18/2022 - 02:56:33: [SM] Exception reported: Array index out-of-bounds (index 64, limit 55)
L 09/18/2022 - 02:56:33: [SM] Blaming: weapon_restrict.smx
L 09/18/2022 - 02:56:33: [SM] Call stack trace:
L 09/18/2022 - 02:56:33: [SM]   [1] Line 202, restrictinc/events.sp::CS_OnBuyCommand
L 09/18/2022 - 06:01:01: [SM] Exception reported: Array index out-of-bounds (index 64, limit 55)
L 09/18/2022 - 06:01:01: [SM] Blaming: weapon_restrict.smx
L 09/18/2022 - 06:01:01: [SM] Call stack trace:
L 09/18/2022 - 06:01:01: [SM]   [1] Line 202, restrictinc/events.sp::CS_OnBuyCommand
L 09/18/2022 - 06:01:32: [SM] Exception reported: Array index out-of-bounds (index 64, limit 55)
L 09/18/2022 - 06:01:32: [SM] Blaming: weapon_restrict.smx
L 09/18/2022 - 06:01:32: [SM] Call stack trace:
L 09/18/2022 - 06:01:32: [SM]   [1] Line 202, restrictinc/events.sp::CS_OnBuyCommand
L 09/18/2022 - 06:03:05: [SM] Exception reported: Array index out-of-bounds (index 64, limit 55)
L 09/18/2022 - 06:03:05: [SM] Blaming: weapon_restrict.smx
L 09/18/2022 - 06:03:05: [SM] Call stack trace:
L 09/18/2022 - 06:03:05: [SM]   [1] Line 202, restrictinc/events.sp::CS_OnBuyCommand
L 09/18/2022 - 06:21:33: Error log file session closed.
L 09/18/2022 - 08:04:00: SourceMod error session started
L 09/18/2022 - 08:04:00: Info (map "de_mirage") (file "/badfupo/server1/csgo/addons/sourcemod/logs/errors_20220918.log")
L 09/18/2022 - 08:04:00: [SM] Exception reported: Array index out-of-bounds (index 63, limit 55)
L 09/18/2022 - 08:04:00: [SM] Blaming: weapon_restrict.smx
L 09/18/2022 - 08:04:00: [SM] Call stack trace:
L 09/18/2022 - 08:04:00: [SM]   [1] Line 202, restrictinc/events.sp::CS_OnBuyCommand
L 09/18/2022 - 08:04:00: [SM] Exception reported: Array index out-of-bounds (index 63, limit 55)
L 09/18/2022 - 08:04:00: [SM] Blaming: weapon_restrict.smx
L 09/18/2022 - 08:04:00: [SM] Call stack trace:
L 09/18/2022 - 08:04:00: [SM]   [1] Line 202, restrictinc/events.sp::CS_OnBuyCommand
L 09/18/2022 - 08:34:28: Error log file session closed.
L 09/18/2022 - 08:56:55: SourceMod error session started
L 09/18/2022 - 08:56:55: Info (map "de_mirage") (file "/badfupo/server1/csgo/addons/sourcemod/logs/errors_20220918.log")
L 09/18/2022 - 08:56:55: [SM] Exception reported: Array index out-of-bounds (index 63, limit 55)
L 09/18/2022 - 08:56:55: [SM] Blaming: weapon_restrict.smx
L 09/18/2022 - 08:56:55: [SM] Call stack trace:
L 09/18/2022 - 08:56:55: [SM]   [1] Line 202, restrictinc/events.sp::CS_OnBuyCommand
L 09/18/2022 - 08:56:55: [SM] Exception reported: Array index out-of-bounds (index 63, limit 55)
L 09/18/2022 - 08:56:55: [SM] Blaming: weapon_restrict.smx
L 09/18/2022 - 08:56:55: [SM] Call stack trace:
L 09/18/2022 - 08:56:55: [SM]   [1] Line 202, restrictinc/events.sp::CS_OnBuyCommand
L 09/18/2022 - 09:22:09: Error log file session closed.
