L 11/29/2022 - 13:13:50: SourceMod error session started
L 11/29/2022 - 13:13:50: Info (map "de_mirage") (file "/csgoserver/server1/csgo/addons/sourcemod/logs/errors_20221129.log")
L 11/29/2022 - 13:13:50: [SM] Exception reported: Array index out-of-bounds (index 64, limit 55)
L 11/29/2022 - 13:13:50: [SM] Blaming: weapon_restrict.smx
L 11/29/2022 - 13:13:50: [SM] Call stack trace:
L 11/29/2022 - 13:13:50: [SM]   [1] Line 202, restrictinc/events.sp::CS_OnBuyCommand
L 11/29/2022 - 13:13:50: [SM] Exception reported: Array index out-of-bounds (index 64, limit 55)
L 11/29/2022 - 13:13:50: [SM] Blaming: weapon_restrict.smx
L 11/29/2022 - 13:13:50: [SM] Call stack trace:
L 11/29/2022 - 13:13:50: [SM]   [1] Line 202, restrictinc/events.sp::CS_OnBuyCommand
L 11/29/2022 - 13:41:35: Error log file session closed.
L 11/29/2022 - 13:41:50: SourceMod error session started
L 11/29/2022 - 13:41:50: Info (map "de_mirage") (file "/csgoserver/server1/csgo/addons/sourcemod/logs/errors_20221129.log")
L 11/29/2022 - 13:41:50: [SM] Exception reported: Array index out-of-bounds (index 64, limit 55)
L 11/29/2022 - 13:41:50: [SM] Blaming: weapon_restrict.smx
L 11/29/2022 - 13:41:50: [SM] Call stack trace:
L 11/29/2022 - 13:41:50: [SM]   [1] Line 202, restrictinc/events.sp::CS_OnBuyCommand
L 11/29/2022 - 13:41:50: [SM] Exception reported: Array index out-of-bounds (index 64, limit 55)
L 11/29/2022 - 13:41:50: [SM] Blaming: weapon_restrict.smx
L 11/29/2022 - 13:41:50: [SM] Call stack trace:
L 11/29/2022 - 13:41:50: [SM]   [1] Line 202, restrictinc/events.sp::CS_OnBuyCommand
L 11/29/2022 - 14:08:58: Error log file session closed.
L 11/29/2022 - 14:09:08: SourceMod error session started
L 11/29/2022 - 14:09:08: Info (map "de_mirage") (file "/csgoserver/server1/csgo/addons/sourcemod/logs/errors_20221129.log")
L 11/29/2022 - 14:09:08: [SM] Exception reported: Array index out-of-bounds (index 64, limit 55)
L 11/29/2022 - 14:09:08: [SM] Blaming: weapon_restrict.smx
L 11/29/2022 - 14:09:08: [SM] Call stack trace:
L 11/29/2022 - 14:09:08: [SM]   [1] Line 202, restrictinc/events.sp::CS_OnBuyCommand
L 11/29/2022 - 14:09:08: [SM] Exception reported: Array index out-of-bounds (index 64, limit 55)
L 11/29/2022 - 14:09:08: [SM] Blaming: weapon_restrict.smx
L 11/29/2022 - 14:09:08: [SM] Call stack trace:
L 11/29/2022 - 14:09:08: [SM]   [1] Line 202, restrictinc/events.sp::CS_OnBuyCommand
L 11/29/2022 - 14:33:17: Error log file session closed.
L 11/29/2022 - 14:33:36: SourceMod error session started
L 11/29/2022 - 14:33:36: Info (map "de_mirage") (file "/csgoserver/server1/csgo/addons/sourcemod/logs/errors_20221129.log")
L 11/29/2022 - 14:33:36: [SM] Exception reported: Array index out-of-bounds (index 64, limit 55)
L 11/29/2022 - 14:33:36: [SM] Blaming: weapon_restrict.smx
L 11/29/2022 - 14:33:36: [SM] Call stack trace:
L 11/29/2022 - 14:33:36: [SM]   [1] Line 202, restrictinc/events.sp::CS_OnBuyCommand
L 11/29/2022 - 14:33:37: [SM] Exception reported: Array index out-of-bounds (index 64, limit 55)
L 11/29/2022 - 14:33:37: [SM] Blaming: weapon_restrict.smx
L 11/29/2022 - 14:33:37: [SM] Call stack trace:
L 11/29/2022 - 14:33:37: [SM]   [1] Line 202, restrictinc/events.sp::CS_OnBuyCommand
L 11/29/2022 - 14:34:07: [SM] Exception reported: Array index out-of-bounds (index 64, limit 55)
L 11/29/2022 - 14:34:07: [SM] Blaming: weapon_restrict.smx
L 11/29/2022 - 14:34:07: [SM] Call stack trace:
L 11/29/2022 - 14:34:07: [SM]   [1] Line 202, restrictinc/events.sp::CS_OnBuyCommand
L 11/29/2022 - 14:34:37: [SM] Exception reported: Array index out-of-bounds (index 64, limit 55)
L 11/29/2022 - 14:34:37: [SM] Blaming: weapon_restrict.smx
L 11/29/2022 - 14:34:37: [SM] Call stack trace:
L 11/29/2022 - 14:34:37: [SM]   [1] Line 202, restrictinc/events.sp::CS_OnBuyCommand
L 11/29/2022 - 14:35:02: [SM] Exception reported: Array index out-of-bounds (index 64, limit 55)
L 11/29/2022 - 14:35:02: [SM] Blaming: weapon_restrict.smx
L 11/29/2022 - 14:35:02: [SM] Call stack trace:
L 11/29/2022 - 14:35:02: [SM]   [1] Line 202, restrictinc/events.sp::CS_OnBuyCommand
L 11/29/2022 - 14:36:28: [SM] Exception reported: Array index out-of-bounds (index 64, limit 55)
L 11/29/2022 - 14:36:28: [SM] Blaming: weapon_restrict.smx
L 11/29/2022 - 14:36:28: [SM] Call stack trace:
L 11/29/2022 - 14:36:28: [SM]   [1] Line 202, restrictinc/events.sp::CS_OnBuyCommand
L 11/29/2022 - 14:36:32: [SM] Exception reported: Array index out-of-bounds (index 64, limit 55)
L 11/29/2022 - 14:36:32: [SM] Blaming: weapon_restrict.smx
L 11/29/2022 - 14:36:32: [SM] Call stack trace:
L 11/29/2022 - 14:36:32: [SM]   [1] Line 202, restrictinc/events.sp::CS_OnBuyCommand
L 11/29/2022 - 14:36:47: [SM] Exception reported: Array index out-of-bounds (index 64, limit 55)
L 11/29/2022 - 14:36:47: [SM] Blaming: weapon_restrict.smx
L 11/29/2022 - 14:36:47: [SM] Call stack trace:
L 11/29/2022 - 14:36:47: [SM]   [1] Line 202, restrictinc/events.sp::CS_OnBuyCommand
L 11/29/2022 - 14:36:53: [SM] Exception reported: Array index out-of-bounds (index 64, limit 55)
L 11/29/2022 - 14:36:53: [SM] Blaming: weapon_restrict.smx
L 11/29/2022 - 14:36:53: [SM] Call stack trace:
L 11/29/2022 - 14:36:53: [SM]   [1] Line 202, restrictinc/events.sp::CS_OnBuyCommand
L 11/29/2022 - 14:37:00: [SM] Exception reported: Array index out-of-bounds (index 64, limit 55)
L 11/29/2022 - 14:37:00: [SM] Blaming: weapon_restrict.smx
L 11/29/2022 - 14:37:00: [SM] Call stack trace:
L 11/29/2022 - 14:37:00: [SM]   [1] Line 202, restrictinc/events.sp::CS_OnBuyCommand
L 11/29/2022 - 14:37:08: [SM] Exception reported: Array index out-of-bounds (index 64, limit 55)
L 11/29/2022 - 14:37:08: [SM] Blaming: weapon_restrict.smx
L 11/29/2022 - 14:37:08: [SM] Call stack trace:
L 11/29/2022 - 14:37:08: [SM]   [1] Line 202, restrictinc/events.sp::CS_OnBuyCommand
L 11/29/2022 - 14:37:22: [SM] Exception reported: Array index out-of-bounds (index 64, limit 55)
L 11/29/2022 - 14:37:22: [SM] Blaming: weapon_restrict.smx
L 11/29/2022 - 14:37:22: [SM] Call stack trace:
L 11/29/2022 - 14:37:22: [SM]   [1] Line 202, restrictinc/events.sp::CS_OnBuyCommand
L 11/29/2022 - 14:37:25: [SM] Exception reported: Array index out-of-bounds (index 64, limit 55)
L 11/29/2022 - 14:37:25: [SM] Blaming: weapon_restrict.smx
L 11/29/2022 - 14:37:25: [SM] Call stack trace:
L 11/29/2022 - 14:37:25: [SM]   [1] Line 202, restrictinc/events.sp::CS_OnBuyCommand
L 11/29/2022 - 14:37:37: [SM] Exception reported: Array index out-of-bounds (index 64, limit 55)
L 11/29/2022 - 14:37:37: [SM] Blaming: weapon_restrict.smx
L 11/29/2022 - 14:37:37: [SM] Call stack trace:
L 11/29/2022 - 14:37:37: [SM]   [1] Line 202, restrictinc/events.sp::CS_OnBuyCommand
L 11/29/2022 - 14:37:49: [SM] Exception reported: Array index out-of-bounds (index 64, limit 55)
L 11/29/2022 - 14:37:49: [SM] Blaming: weapon_restrict.smx
L 11/29/2022 - 14:37:49: [SM] Call stack trace:
L 11/29/2022 - 14:37:49: [SM]   [1] Line 202, restrictinc/events.sp::CS_OnBuyCommand
L 11/29/2022 - 14:37:58: [SM] Exception reported: Array index out-of-bounds (index 64, limit 55)
L 11/29/2022 - 14:37:58: [SM] Blaming: weapon_restrict.smx
L 11/29/2022 - 14:37:58: [SM] Call stack trace:
L 11/29/2022 - 14:37:58: [SM]   [1] Line 202, restrictinc/events.sp::CS_OnBuyCommand
L 11/29/2022 - 14:38:07: [SM] Exception reported: Array index out-of-bounds (index 64, limit 55)
L 11/29/2022 - 14:38:07: [SM] Blaming: weapon_restrict.smx
L 11/29/2022 - 14:38:07: [SM] Call stack trace:
L 11/29/2022 - 14:38:07: [SM]   [1] Line 202, restrictinc/events.sp::CS_OnBuyCommand
L 11/29/2022 - 14:38:08: [SM] Exception reported: Array index out-of-bounds (index 64, limit 55)
L 11/29/2022 - 14:38:08: [SM] Blaming: weapon_restrict.smx
L 11/29/2022 - 14:38:08: [SM] Call stack trace:
L 11/29/2022 - 14:38:08: [SM]   [1] Line 202, restrictinc/events.sp::CS_OnBuyCommand
L 11/29/2022 - 14:38:16: [SM] Exception reported: Array index out-of-bounds (index 64, limit 55)
L 11/29/2022 - 14:38:16: [SM] Blaming: weapon_restrict.smx
L 11/29/2022 - 14:38:16: [SM] Call stack trace:
L 11/29/2022 - 14:38:16: [SM]   [1] Line 202, restrictinc/events.sp::CS_OnBuyCommand
L 11/29/2022 - 14:38:37: [SM] Exception reported: Array index out-of-bounds (index 64, limit 55)
L 11/29/2022 - 14:38:37: [SM] Blaming: weapon_restrict.smx
L 11/29/2022 - 14:38:37: [SM] Call stack trace:
L 11/29/2022 - 14:38:37: [SM]   [1] Line 202, restrictinc/events.sp::CS_OnBuyCommand
L 11/29/2022 - 14:38:42: [SM] Exception reported: Array index out-of-bounds (index 64, limit 55)
L 11/29/2022 - 14:38:42: [SM] Blaming: weapon_restrict.smx
L 11/29/2022 - 14:38:42: [SM] Call stack trace:
L 11/29/2022 - 14:38:42: [SM]   [1] Line 202, restrictinc/events.sp::CS_OnBuyCommand
L 11/29/2022 - 14:38:45: [SM] Exception reported: Array index out-of-bounds (index 64, limit 55)
L 11/29/2022 - 14:38:45: [SM] Blaming: weapon_restrict.smx
L 11/29/2022 - 14:38:45: [SM] Call stack trace:
L 11/29/2022 - 14:38:45: [SM]   [1] Line 202, restrictinc/events.sp::CS_OnBuyCommand
L 11/29/2022 - 14:38:57: [SM] Exception reported: Array index out-of-bounds (index 64, limit 55)
L 11/29/2022 - 14:38:57: [SM] Blaming: weapon_restrict.smx
L 11/29/2022 - 14:38:57: [SM] Call stack trace:
L 11/29/2022 - 14:38:57: [SM]   [1] Line 202, restrictinc/events.sp::CS_OnBuyCommand
L 11/29/2022 - 14:39:05: [SM] Exception reported: Array index out-of-bounds (index 64, limit 55)
L 11/29/2022 - 14:39:05: [SM] Blaming: weapon_restrict.smx
L 11/29/2022 - 14:39:05: [SM] Call stack trace:
L 11/29/2022 - 14:39:05: [SM]   [1] Line 202, restrictinc/events.sp::CS_OnBuyCommand
L 11/29/2022 - 14:39:30: [SM] Exception reported: Array index out-of-bounds (index 64, limit 55)
L 11/29/2022 - 14:39:30: [SM] Blaming: weapon_restrict.smx
L 11/29/2022 - 14:39:30: [SM] Call stack trace:
L 11/29/2022 - 14:39:30: [SM]   [1] Line 202, restrictinc/events.sp::CS_OnBuyCommand
L 11/29/2022 - 14:39:44: [SM] Exception reported: Array index out-of-bounds (index 64, limit 55)
L 11/29/2022 - 14:39:44: [SM] Blaming: weapon_restrict.smx
L 11/29/2022 - 14:39:44: [SM] Call stack trace:
L 11/29/2022 - 14:39:44: [SM]   [1] Line 202, restrictinc/events.sp::CS_OnBuyCommand
L 11/29/2022 - 14:39:50: [SM] Exception reported: Array index out-of-bounds (index 64, limit 55)
L 11/29/2022 - 14:39:50: [SM] Blaming: weapon_restrict.smx
L 11/29/2022 - 14:39:50: [SM] Call stack trace:
L 11/29/2022 - 14:39:50: [SM]   [1] Line 202, restrictinc/events.sp::CS_OnBuyCommand
L 11/29/2022 - 14:40:05: [SM] Exception reported: Array index out-of-bounds (index 64, limit 55)
L 11/29/2022 - 14:40:05: [SM] Blaming: weapon_restrict.smx
L 11/29/2022 - 14:40:05: [SM] Call stack trace:
L 11/29/2022 - 14:40:05: [SM]   [1] Line 202, restrictinc/events.sp::CS_OnBuyCommand
L 11/29/2022 - 14:40:34: [SM] Exception reported: Array index out-of-bounds (index 64, limit 55)
L 11/29/2022 - 14:40:34: [SM] Blaming: weapon_restrict.smx
L 11/29/2022 - 14:40:34: [SM] Call stack trace:
L 11/29/2022 - 14:40:34: [SM]   [1] Line 202, restrictinc/events.sp::CS_OnBuyCommand
L 11/29/2022 - 14:40:35: [SM] Exception reported: Array index out-of-bounds (index 64, limit 55)
L 11/29/2022 - 14:40:35: [SM] Blaming: weapon_restrict.smx
L 11/29/2022 - 14:40:35: [SM] Call stack trace:
L 11/29/2022 - 14:40:35: [SM]   [1] Line 202, restrictinc/events.sp::CS_OnBuyCommand
L 11/29/2022 - 14:40:49: [SM] Exception reported: Array index out-of-bounds (index 64, limit 55)
L 11/29/2022 - 14:40:49: [SM] Blaming: weapon_restrict.smx
L 11/29/2022 - 14:40:49: [SM] Call stack trace:
L 11/29/2022 - 14:40:49: [SM]   [1] Line 202, restrictinc/events.sp::CS_OnBuyCommand
L 11/29/2022 - 14:40:58: [SM] Exception reported: Array index out-of-bounds (index 64, limit 55)
L 11/29/2022 - 14:40:58: [SM] Blaming: weapon_restrict.smx
L 11/29/2022 - 14:40:58: [SM] Call stack trace:
L 11/29/2022 - 14:40:58: [SM]   [1] Line 202, restrictinc/events.sp::CS_OnBuyCommand
L 11/29/2022 - 14:41:07: [SM] Exception reported: Array index out-of-bounds (index 64, limit 55)
L 11/29/2022 - 14:41:07: [SM] Blaming: weapon_restrict.smx
L 11/29/2022 - 14:41:07: [SM] Call stack trace:
L 11/29/2022 - 14:41:07: [SM]   [1] Line 202, restrictinc/events.sp::CS_OnBuyCommand
L 11/29/2022 - 14:41:14: [SM] Exception reported: Array index out-of-bounds (index 64, limit 55)
L 11/29/2022 - 14:41:14: [SM] Blaming: weapon_restrict.smx
L 11/29/2022 - 14:41:14: [SM] Call stack trace:
L 11/29/2022 - 14:41:14: [SM]   [1] Line 202, restrictinc/events.sp::CS_OnBuyCommand
L 11/29/2022 - 14:41:21: [SM] Exception reported: Array index out-of-bounds (index 64, limit 55)
L 11/29/2022 - 14:41:21: [SM] Blaming: weapon_restrict.smx
L 11/29/2022 - 14:41:21: [SM] Call stack trace:
L 11/29/2022 - 14:41:21: [SM]   [1] Line 202, restrictinc/events.sp::CS_OnBuyCommand
L 11/29/2022 - 14:41:27: [SM] Exception reported: Array index out-of-bounds (index 64, limit 55)
L 11/29/2022 - 14:41:27: [SM] Blaming: weapon_restrict.smx
L 11/29/2022 - 14:41:27: [SM] Call stack trace:
L 11/29/2022 - 14:41:27: [SM]   [1] Line 202, restrictinc/events.sp::CS_OnBuyCommand
L 11/29/2022 - 14:41:34: [SM] Exception reported: Array index out-of-bounds (index 64, limit 55)
L 11/29/2022 - 14:41:34: [SM] Blaming: weapon_restrict.smx
L 11/29/2022 - 14:41:34: [SM] Call stack trace:
L 11/29/2022 - 14:41:34: [SM]   [1] Line 202, restrictinc/events.sp::CS_OnBuyCommand
L 11/29/2022 - 14:41:40: [SM] Exception reported: Array index out-of-bounds (index 64, limit 55)
L 11/29/2022 - 14:41:40: [SM] Blaming: weapon_restrict.smx
L 11/29/2022 - 14:41:40: [SM] Call stack trace:
L 11/29/2022 - 14:41:40: [SM]   [1] Line 202, restrictinc/events.sp::CS_OnBuyCommand
L 11/29/2022 - 14:41:59: [SM] Exception reported: Array index out-of-bounds (index 64, limit 55)
L 11/29/2022 - 14:41:59: [SM] Blaming: weapon_restrict.smx
L 11/29/2022 - 14:41:59: [SM] Call stack trace:
L 11/29/2022 - 14:41:59: [SM]   [1] Line 202, restrictinc/events.sp::CS_OnBuyCommand
L 11/29/2022 - 14:42:07: [SM] Exception reported: Array index out-of-bounds (index 64, limit 55)
L 11/29/2022 - 14:42:07: [SM] Blaming: weapon_restrict.smx
L 11/29/2022 - 14:42:07: [SM] Call stack trace:
L 11/29/2022 - 14:42:07: [SM]   [1] Line 202, restrictinc/events.sp::CS_OnBuyCommand
L 11/29/2022 - 14:42:07: [SM] Exception reported: Array index out-of-bounds (index 64, limit 55)
L 11/29/2022 - 14:42:07: [SM] Blaming: weapon_restrict.smx
L 11/29/2022 - 14:42:07: [SM] Call stack trace:
L 11/29/2022 - 14:42:07: [SM]   [1] Line 202, restrictinc/events.sp::CS_OnBuyCommand
L 11/29/2022 - 14:42:31: [SM] Exception reported: Array index out-of-bounds (index 64, limit 55)
L 11/29/2022 - 14:42:31: [SM] Blaming: weapon_restrict.smx
L 11/29/2022 - 14:42:31: [SM] Call stack trace:
L 11/29/2022 - 14:42:31: [SM]   [1] Line 202, restrictinc/events.sp::CS_OnBuyCommand
L 11/29/2022 - 14:42:42: [SM] Exception reported: Array index out-of-bounds (index 64, limit 55)
L 11/29/2022 - 14:42:42: [SM] Blaming: weapon_restrict.smx
L 11/29/2022 - 14:42:42: [SM] Call stack trace:
L 11/29/2022 - 14:42:42: [SM]   [1] Line 202, restrictinc/events.sp::CS_OnBuyCommand
L 11/29/2022 - 14:43:06: [SM] Exception reported: Array index out-of-bounds (index 64, limit 55)
L 11/29/2022 - 14:43:06: [SM] Blaming: weapon_restrict.smx
L 11/29/2022 - 14:43:06: [SM] Call stack trace:
L 11/29/2022 - 14:43:06: [SM]   [1] Line 202, restrictinc/events.sp::CS_OnBuyCommand
L 11/29/2022 - 14:43:10: [SM] Exception reported: Array index out-of-bounds (index 64, limit 55)
L 11/29/2022 - 14:43:10: [SM] Blaming: weapon_restrict.smx
L 11/29/2022 - 14:43:10: [SM] Call stack trace:
L 11/29/2022 - 14:43:10: [SM]   [1] Line 202, restrictinc/events.sp::CS_OnBuyCommand
L 11/29/2022 - 14:43:13: [SM] Exception reported: Array index out-of-bounds (index 63, limit 55)
L 11/29/2022 - 14:43:13: [SM] Blaming: weapon_restrict.smx
L 11/29/2022 - 14:43:13: [SM] Call stack trace:
L 11/29/2022 - 14:43:13: [SM]   [1] Line 202, restrictinc/events.sp::CS_OnBuyCommand
L 11/29/2022 - 14:43:23: [SM] Exception reported: Array index out-of-bounds (index 64, limit 55)
L 11/29/2022 - 14:43:23: [SM] Blaming: weapon_restrict.smx
L 11/29/2022 - 14:43:23: [SM] Call stack trace:
L 11/29/2022 - 14:43:23: [SM]   [1] Line 202, restrictinc/events.sp::CS_OnBuyCommand
L 11/29/2022 - 14:43:41: [SM] Exception reported: Array index out-of-bounds (index 64, limit 55)
L 11/29/2022 - 14:43:41: [SM] Blaming: weapon_restrict.smx
L 11/29/2022 - 14:43:41: [SM] Call stack trace:
L 11/29/2022 - 14:43:41: [SM]   [1] Line 202, restrictinc/events.sp::CS_OnBuyCommand
L 11/29/2022 - 14:43:49: [SM] Exception reported: Array index out-of-bounds (index 64, limit 55)
L 11/29/2022 - 14:43:49: [SM] Blaming: weapon_restrict.smx
L 11/29/2022 - 14:43:49: [SM] Call stack trace:
L 11/29/2022 - 14:43:49: [SM]   [1] Line 202, restrictinc/events.sp::CS_OnBuyCommand
L 11/29/2022 - 14:43:55: [SM] Exception reported: Array index out-of-bounds (index 64, limit 55)
L 11/29/2022 - 14:43:55: [SM] Blaming: weapon_restrict.smx
L 11/29/2022 - 14:43:55: [SM] Call stack trace:
L 11/29/2022 - 14:43:55: [SM]   [1] Line 202, restrictinc/events.sp::CS_OnBuyCommand
L 11/29/2022 - 14:43:55: [SM] Exception reported: Array index out-of-bounds (index 64, limit 55)
L 11/29/2022 - 14:43:55: [SM] Blaming: weapon_restrict.smx
L 11/29/2022 - 14:43:55: [SM] Call stack trace:
L 11/29/2022 - 14:43:55: [SM]   [1] Line 202, restrictinc/events.sp::CS_OnBuyCommand
L 11/29/2022 - 14:44:06: [SM] Exception reported: Array index out-of-bounds (index 64, limit 55)
L 11/29/2022 - 14:44:06: [SM] Blaming: weapon_restrict.smx
L 11/29/2022 - 14:44:06: [SM] Call stack trace:
L 11/29/2022 - 14:44:06: [SM]   [1] Line 202, restrictinc/events.sp::CS_OnBuyCommand
L 11/29/2022 - 14:44:06: [SM] Exception reported: Array index out-of-bounds (index 64, limit 55)
L 11/29/2022 - 14:44:06: [SM] Blaming: weapon_restrict.smx
L 11/29/2022 - 14:44:06: [SM] Call stack trace:
L 11/29/2022 - 14:44:06: [SM]   [1] Line 202, restrictinc/events.sp::CS_OnBuyCommand
L 11/29/2022 - 14:44:18: [SM] Exception reported: Array index out-of-bounds (index 64, limit 55)
L 11/29/2022 - 14:44:18: [SM] Blaming: weapon_restrict.smx
L 11/29/2022 - 14:44:18: [SM] Call stack trace:
L 11/29/2022 - 14:44:18: [SM]   [1] Line 202, restrictinc/events.sp::CS_OnBuyCommand
L 11/29/2022 - 14:44:27: [SM] Exception reported: Array index out-of-bounds (index 64, limit 55)
L 11/29/2022 - 14:44:27: [SM] Blaming: weapon_restrict.smx
L 11/29/2022 - 14:44:27: [SM] Call stack trace:
L 11/29/2022 - 14:44:27: [SM]   [1] Line 202, restrictinc/events.sp::CS_OnBuyCommand
L 11/29/2022 - 14:44:27: [SM] Exception reported: Array index out-of-bounds (index 64, limit 55)
L 11/29/2022 - 14:44:27: [SM] Blaming: weapon_restrict.smx
L 11/29/2022 - 14:44:27: [SM] Call stack trace:
L 11/29/2022 - 14:44:27: [SM]   [1] Line 202, restrictinc/events.sp::CS_OnBuyCommand
L 11/29/2022 - 14:44:37: [SM] Exception reported: Array index out-of-bounds (index 64, limit 55)
L 11/29/2022 - 14:44:37: [SM] Blaming: weapon_restrict.smx
L 11/29/2022 - 14:44:37: [SM] Call stack trace:
L 11/29/2022 - 14:44:37: [SM]   [1] Line 202, restrictinc/events.sp::CS_OnBuyCommand
L 11/29/2022 - 14:45:16: [SM] Exception reported: Array index out-of-bounds (index 64, limit 55)
L 11/29/2022 - 14:45:16: [SM] Blaming: weapon_restrict.smx
L 11/29/2022 - 14:45:16: [SM] Call stack trace:
L 11/29/2022 - 14:45:16: [SM]   [1] Line 202, restrictinc/events.sp::CS_OnBuyCommand
L 11/29/2022 - 14:45:32: [SM] Exception reported: Array index out-of-bounds (index 64, limit 55)
L 11/29/2022 - 14:45:32: [SM] Blaming: weapon_restrict.smx
L 11/29/2022 - 14:45:32: [SM] Call stack trace:
L 11/29/2022 - 14:45:32: [SM]   [1] Line 202, restrictinc/events.sp::CS_OnBuyCommand
L 11/29/2022 - 14:45:38: [SM] Exception reported: Array index out-of-bounds (index 64, limit 55)
L 11/29/2022 - 14:45:38: [SM] Blaming: weapon_restrict.smx
L 11/29/2022 - 14:45:38: [SM] Call stack trace:
L 11/29/2022 - 14:45:38: [SM]   [1] Line 202, restrictinc/events.sp::CS_OnBuyCommand
L 11/29/2022 - 14:45:48: [SM] Exception reported: Array index out-of-bounds (index 64, limit 55)
L 11/29/2022 - 14:45:48: [SM] Blaming: weapon_restrict.smx
L 11/29/2022 - 14:45:48: [SM] Call stack trace:
L 11/29/2022 - 14:45:48: [SM]   [1] Line 202, restrictinc/events.sp::CS_OnBuyCommand
L 11/29/2022 - 14:45:57: [SM] Exception reported: Array index out-of-bounds (index 64, limit 55)
L 11/29/2022 - 14:45:57: [SM] Blaming: weapon_restrict.smx
L 11/29/2022 - 14:45:57: [SM] Call stack trace:
L 11/29/2022 - 14:45:57: [SM]   [1] Line 202, restrictinc/events.sp::CS_OnBuyCommand
L 11/29/2022 - 14:46:33: [SM] Exception reported: Array index out-of-bounds (index 64, limit 55)
L 11/29/2022 - 14:46:33: [SM] Blaming: weapon_restrict.smx
L 11/29/2022 - 14:46:33: [SM] Call stack trace:
L 11/29/2022 - 14:46:33: [SM]   [1] Line 202, restrictinc/events.sp::CS_OnBuyCommand
L 11/29/2022 - 14:46:38: [SM] Exception reported: Array index out-of-bounds (index 64, limit 55)
L 11/29/2022 - 14:46:38: [SM] Blaming: weapon_restrict.smx
L 11/29/2022 - 14:46:38: [SM] Call stack trace:
L 11/29/2022 - 14:46:38: [SM]   [1] Line 202, restrictinc/events.sp::CS_OnBuyCommand
L 11/29/2022 - 14:46:52: [SM] Exception reported: Array index out-of-bounds (index 64, limit 55)
L 11/29/2022 - 14:46:52: [SM] Blaming: weapon_restrict.smx
L 11/29/2022 - 14:46:52: [SM] Call stack trace:
L 11/29/2022 - 14:46:52: [SM]   [1] Line 202, restrictinc/events.sp::CS_OnBuyCommand
L 11/29/2022 - 14:46:58: [SM] Exception reported: Array index out-of-bounds (index 64, limit 55)
L 11/29/2022 - 14:46:58: [SM] Blaming: weapon_restrict.smx
L 11/29/2022 - 14:46:58: [SM] Call stack trace:
L 11/29/2022 - 14:46:58: [SM]   [1] Line 202, restrictinc/events.sp::CS_OnBuyCommand
L 11/29/2022 - 14:47:02: [SM] Exception reported: Array index out-of-bounds (index 64, limit 55)
L 11/29/2022 - 14:47:02: [SM] Blaming: weapon_restrict.smx
L 11/29/2022 - 14:47:02: [SM] Call stack trace:
L 11/29/2022 - 14:47:02: [SM]   [1] Line 202, restrictinc/events.sp::CS_OnBuyCommand
L 11/29/2022 - 14:47:09: [SM] Exception reported: Array index out-of-bounds (index 64, limit 55)
L 11/29/2022 - 14:47:09: [SM] Blaming: weapon_restrict.smx
L 11/29/2022 - 14:47:09: [SM] Call stack trace:
L 11/29/2022 - 14:47:09: [SM]   [1] Line 202, restrictinc/events.sp::CS_OnBuyCommand
L 11/29/2022 - 14:47:16: [SM] Exception reported: Array index out-of-bounds (index 64, limit 55)
L 11/29/2022 - 14:47:16: [SM] Blaming: weapon_restrict.smx
L 11/29/2022 - 14:47:16: [SM] Call stack trace:
L 11/29/2022 - 14:47:16: [SM]   [1] Line 202, restrictinc/events.sp::CS_OnBuyCommand
L 11/29/2022 - 14:47:17: [SM] Exception reported: Array index out-of-bounds (index 64, limit 55)
L 11/29/2022 - 14:47:17: [SM] Blaming: weapon_restrict.smx
L 11/29/2022 - 14:47:17: [SM] Call stack trace:
L 11/29/2022 - 14:47:17: [SM]   [1] Line 202, restrictinc/events.sp::CS_OnBuyCommand
L 11/29/2022 - 14:47:23: [SM] Exception reported: Array index out-of-bounds (index 64, limit 55)
L 11/29/2022 - 14:47:23: [SM] Blaming: weapon_restrict.smx
L 11/29/2022 - 14:47:23: [SM] Call stack trace:
L 11/29/2022 - 14:47:23: [SM]   [1] Line 202, restrictinc/events.sp::CS_OnBuyCommand
L 11/29/2022 - 14:47:34: [SM] Exception reported: Array index out-of-bounds (index 64, limit 55)
L 11/29/2022 - 14:47:34: [SM] Blaming: weapon_restrict.smx
L 11/29/2022 - 14:47:34: [SM] Call stack trace:
L 11/29/2022 - 14:47:34: [SM]   [1] Line 202, restrictinc/events.sp::CS_OnBuyCommand
L 11/29/2022 - 14:47:35: [SM] Exception reported: Array index out-of-bounds (index 64, limit 55)
L 11/29/2022 - 14:47:35: [SM] Blaming: weapon_restrict.smx
L 11/29/2022 - 14:47:35: [SM] Call stack trace:
L 11/29/2022 - 14:47:35: [SM]   [1] Line 202, restrictinc/events.sp::CS_OnBuyCommand
L 11/29/2022 - 14:47:46: [SM] Exception reported: Array index out-of-bounds (index 64, limit 55)
L 11/29/2022 - 14:47:46: [SM] Blaming: weapon_restrict.smx
L 11/29/2022 - 14:47:46: [SM] Call stack trace:
L 11/29/2022 - 14:47:46: [SM]   [1] Line 202, restrictinc/events.sp::CS_OnBuyCommand
L 11/29/2022 - 14:47:53: [SM] Exception reported: Array index out-of-bounds (index 64, limit 55)
L 11/29/2022 - 14:47:53: [SM] Blaming: weapon_restrict.smx
L 11/29/2022 - 14:47:53: [SM] Call stack trace:
L 11/29/2022 - 14:47:53: [SM]   [1] Line 202, restrictinc/events.sp::CS_OnBuyCommand
L 11/29/2022 - 14:48:07: [SM] Exception reported: Array index out-of-bounds (index 64, limit 55)
L 11/29/2022 - 14:48:07: [SM] Blaming: weapon_restrict.smx
L 11/29/2022 - 14:48:07: [SM] Call stack trace:
L 11/29/2022 - 14:48:07: [SM]   [1] Line 202, restrictinc/events.sp::CS_OnBuyCommand
L 11/29/2022 - 14:48:13: [SM] Exception reported: Array index out-of-bounds (index 64, limit 55)
L 11/29/2022 - 14:48:13: [SM] Blaming: weapon_restrict.smx
L 11/29/2022 - 14:48:13: [SM] Call stack trace:
L 11/29/2022 - 14:48:13: [SM]   [1] Line 202, restrictinc/events.sp::CS_OnBuyCommand
L 11/29/2022 - 14:48:29: [SM] Exception reported: Array index out-of-bounds (index 64, limit 55)
L 11/29/2022 - 14:48:29: [SM] Blaming: weapon_restrict.smx
L 11/29/2022 - 14:48:29: [SM] Call stack trace:
L 11/29/2022 - 14:48:29: [SM]   [1] Line 202, restrictinc/events.sp::CS_OnBuyCommand
L 11/29/2022 - 14:48:58: [SM] Exception reported: Array index out-of-bounds (index 64, limit 55)
L 11/29/2022 - 14:48:58: [SM] Blaming: weapon_restrict.smx
L 11/29/2022 - 14:48:58: [SM] Call stack trace:
L 11/29/2022 - 14:48:58: [SM]   [1] Line 202, restrictinc/events.sp::CS_OnBuyCommand
L 11/29/2022 - 14:49:01: [SM] Exception reported: Array index out-of-bounds (index 64, limit 55)
L 11/29/2022 - 14:49:01: [SM] Blaming: weapon_restrict.smx
L 11/29/2022 - 14:49:01: [SM] Call stack trace:
L 11/29/2022 - 14:49:01: [SM]   [1] Line 202, restrictinc/events.sp::CS_OnBuyCommand
L 11/29/2022 - 14:49:13: [SM] Exception reported: Array index out-of-bounds (index 64, limit 55)
L 11/29/2022 - 14:49:13: [SM] Blaming: weapon_restrict.smx
L 11/29/2022 - 14:49:13: [SM] Call stack trace:
L 11/29/2022 - 14:49:13: [SM]   [1] Line 202, restrictinc/events.sp::CS_OnBuyCommand
L 11/29/2022 - 14:49:33: [SM] Exception reported: Array index out-of-bounds (index 64, limit 55)
L 11/29/2022 - 14:49:33: [SM] Blaming: weapon_restrict.smx
L 11/29/2022 - 14:49:33: [SM] Call stack trace:
L 11/29/2022 - 14:49:33: [SM]   [1] Line 202, restrictinc/events.sp::CS_OnBuyCommand
L 11/29/2022 - 14:49:37: [SM] Exception reported: Array index out-of-bounds (index 64, limit 55)
L 11/29/2022 - 14:49:37: [SM] Blaming: weapon_restrict.smx
L 11/29/2022 - 14:49:37: [SM] Call stack trace:
L 11/29/2022 - 14:49:37: [SM]   [1] Line 202, restrictinc/events.sp::CS_OnBuyCommand
L 11/29/2022 - 14:49:48: [SM] Exception reported: Array index out-of-bounds (index 64, limit 55)
L 11/29/2022 - 14:49:48: [SM] Blaming: weapon_restrict.smx
L 11/29/2022 - 14:49:48: [SM] Call stack trace:
L 11/29/2022 - 14:49:48: [SM]   [1] Line 202, restrictinc/events.sp::CS_OnBuyCommand
L 11/29/2022 - 14:49:50: [SM] Exception reported: Array index out-of-bounds (index 64, limit 55)
L 11/29/2022 - 14:49:50: [SM] Blaming: weapon_restrict.smx
L 11/29/2022 - 14:49:50: [SM] Call stack trace:
L 11/29/2022 - 14:49:50: [SM]   [1] Line 202, restrictinc/events.sp::CS_OnBuyCommand
L 11/29/2022 - 14:49:53: [SM] Exception reported: Array index out-of-bounds (index 64, limit 55)
L 11/29/2022 - 14:49:53: [SM] Blaming: weapon_restrict.smx
L 11/29/2022 - 14:49:53: [SM] Call stack trace:
L 11/29/2022 - 14:49:53: [SM]   [1] Line 202, restrictinc/events.sp::CS_OnBuyCommand
L 11/29/2022 - 14:50:09: [SM] Exception reported: Array index out-of-bounds (index 64, limit 55)
L 11/29/2022 - 14:50:09: [SM] Blaming: weapon_restrict.smx
L 11/29/2022 - 14:50:09: [SM] Call stack trace:
L 11/29/2022 - 14:50:09: [SM]   [1] Line 202, restrictinc/events.sp::CS_OnBuyCommand
L 11/29/2022 - 14:50:14: [SM] Exception reported: Array index out-of-bounds (index 64, limit 55)
L 11/29/2022 - 14:50:14: [SM] Blaming: weapon_restrict.smx
L 11/29/2022 - 14:50:14: [SM] Call stack trace:
L 11/29/2022 - 14:50:14: [SM]   [1] Line 202, restrictinc/events.sp::CS_OnBuyCommand
L 11/29/2022 - 14:50:36: [SM] Exception reported: Array index out-of-bounds (index 64, limit 55)
L 11/29/2022 - 14:50:36: [SM] Blaming: weapon_restrict.smx
L 11/29/2022 - 14:50:36: [SM] Call stack trace:
L 11/29/2022 - 14:50:36: [SM]   [1] Line 202, restrictinc/events.sp::CS_OnBuyCommand
L 11/29/2022 - 14:50:55: [SM] Exception reported: Array index out-of-bounds (index 64, limit 55)
L 11/29/2022 - 14:50:55: [SM] Blaming: weapon_restrict.smx
L 11/29/2022 - 14:50:55: [SM] Call stack trace:
L 11/29/2022 - 14:50:55: [SM]   [1] Line 202, restrictinc/events.sp::CS_OnBuyCommand
L 11/29/2022 - 14:51:00: [SM] Exception reported: Array index out-of-bounds (index 64, limit 55)
L 11/29/2022 - 14:51:00: [SM] Blaming: weapon_restrict.smx
L 11/29/2022 - 14:51:00: [SM] Call stack trace:
L 11/29/2022 - 14:51:00: [SM]   [1] Line 202, restrictinc/events.sp::CS_OnBuyCommand
L 11/29/2022 - 14:51:09: [SM] Exception reported: Array index out-of-bounds (index 64, limit 55)
L 11/29/2022 - 14:51:09: [SM] Blaming: weapon_restrict.smx
L 11/29/2022 - 14:51:09: [SM] Call stack trace:
L 11/29/2022 - 14:51:09: [SM]   [1] Line 202, restrictinc/events.sp::CS_OnBuyCommand
L 11/29/2022 - 14:51:20: [SM] Exception reported: Array index out-of-bounds (index 64, limit 55)
L 11/29/2022 - 14:51:20: [SM] Blaming: weapon_restrict.smx
L 11/29/2022 - 14:51:20: [SM] Call stack trace:
L 11/29/2022 - 14:51:20: [SM]   [1] Line 202, restrictinc/events.sp::CS_OnBuyCommand
L 11/29/2022 - 14:51:21: [SM] Exception reported: Array index out-of-bounds (index 64, limit 55)
L 11/29/2022 - 14:51:21: [SM] Blaming: weapon_restrict.smx
L 11/29/2022 - 14:51:21: [SM] Call stack trace:
L 11/29/2022 - 14:51:21: [SM]   [1] Line 202, restrictinc/events.sp::CS_OnBuyCommand
L 11/29/2022 - 14:51:21: [SM] Exception reported: Array index out-of-bounds (index 64, limit 55)
L 11/29/2022 - 14:51:21: [SM] Blaming: weapon_restrict.smx
L 11/29/2022 - 14:51:21: [SM] Call stack trace:
L 11/29/2022 - 14:51:21: [SM]   [1] Line 202, restrictinc/events.sp::CS_OnBuyCommand
L 11/29/2022 - 14:51:43: Error log file session closed.
L 11/29/2022 - 14:52:00: SourceMod error session started
L 11/29/2022 - 14:52:00: Info (map "de_overpass") (file "/csgoserver/server1/csgo/addons/sourcemod/logs/errors_20221129.log")
L 11/29/2022 - 14:52:00: [SM] Exception reported: Array index out-of-bounds (index 64, limit 55)
L 11/29/2022 - 14:52:00: [SM] Blaming: weapon_restrict.smx
L 11/29/2022 - 14:52:00: [SM] Call stack trace:
L 11/29/2022 - 14:52:00: [SM]   [1] Line 202, restrictinc/events.sp::CS_OnBuyCommand
L 11/29/2022 - 14:52:01: [SM] Exception reported: Array index out-of-bounds (index 64, limit 55)
L 11/29/2022 - 14:52:01: [SM] Blaming: weapon_restrict.smx
L 11/29/2022 - 14:52:01: [SM] Call stack trace:
L 11/29/2022 - 14:52:01: [SM]   [1] Line 202, restrictinc/events.sp::CS_OnBuyCommand
L 11/29/2022 - 14:52:09: [SM] Exception reported: Array index out-of-bounds (index 64, limit 55)
L 11/29/2022 - 14:52:09: [SM] Blaming: weapon_restrict.smx
L 11/29/2022 - 14:52:09: [SM] Call stack trace:
L 11/29/2022 - 14:52:09: [SM]   [1] Line 202, restrictinc/events.sp::CS_OnBuyCommand
L 11/29/2022 - 14:54:37: Error log file session closed.
L 11/29/2022 - 14:54:47: SourceMod error session started
L 11/29/2022 - 14:54:47: Info (map "de_overpass") (file "/csgoserver/server1/csgo/addons/sourcemod/logs/errors_20221129.log")
L 11/29/2022 - 14:54:47: [SM] Exception reported: Array index out-of-bounds (index 64, limit 55)
L 11/29/2022 - 14:54:47: [SM] Blaming: weapon_restrict.smx
L 11/29/2022 - 14:54:47: [SM] Call stack trace:
L 11/29/2022 - 14:54:47: [SM]   [1] Line 202, restrictinc/events.sp::CS_OnBuyCommand
L 11/29/2022 - 14:54:47: [SM] Exception reported: Array index out-of-bounds (index 64, limit 55)
L 11/29/2022 - 14:54:47: [SM] Blaming: weapon_restrict.smx
L 11/29/2022 - 14:54:47: [SM] Call stack trace:
L 11/29/2022 - 14:54:47: [SM]   [1] Line 202, restrictinc/events.sp::CS_OnBuyCommand
L 11/29/2022 - 14:54:47: [SM] Exception reported: Array index out-of-bounds (index 64, limit 55)
L 11/29/2022 - 14:54:47: [SM] Blaming: weapon_restrict.smx
L 11/29/2022 - 14:54:47: [SM] Call stack trace:
L 11/29/2022 - 14:54:47: [SM]   [1] Line 202, restrictinc/events.sp::CS_OnBuyCommand
L 11/29/2022 - 14:55:01: [SM] Exception reported: Array index out-of-bounds (index 64, limit 55)
L 11/29/2022 - 14:55:01: [SM] Blaming: weapon_restrict.smx
L 11/29/2022 - 14:55:01: [SM] Call stack trace:
L 11/29/2022 - 14:55:01: [SM]   [1] Line 202, restrictinc/events.sp::CS_OnBuyCommand
L 11/29/2022 - 14:55:02: [SM] Exception reported: Array index out-of-bounds (index 64, limit 55)
L 11/29/2022 - 14:55:02: [SM] Blaming: weapon_restrict.smx
L 11/29/2022 - 14:55:02: [SM] Call stack trace:
L 11/29/2022 - 14:55:02: [SM]   [1] Line 202, restrictinc/events.sp::CS_OnBuyCommand
L 11/29/2022 - 14:55:15: [SM] Exception reported: Array index out-of-bounds (index 64, limit 55)
L 11/29/2022 - 14:55:15: [SM] Blaming: weapon_restrict.smx
L 11/29/2022 - 14:55:15: [SM] Call stack trace:
L 11/29/2022 - 14:55:15: [SM]   [1] Line 202, restrictinc/events.sp::CS_OnBuyCommand
L 11/29/2022 - 14:55:53: [SM] Exception reported: Array index out-of-bounds (index 64, limit 55)
L 11/29/2022 - 14:55:53: [SM] Blaming: weapon_restrict.smx
L 11/29/2022 - 14:55:53: [SM] Call stack trace:
L 11/29/2022 - 14:55:53: [SM]   [1] Line 202, restrictinc/events.sp::CS_OnBuyCommand
L 11/29/2022 - 14:55:55: [SM] Exception reported: Array index out-of-bounds (index 64, limit 55)
L 11/29/2022 - 14:55:55: [SM] Blaming: weapon_restrict.smx
L 11/29/2022 - 14:55:55: [SM] Call stack trace:
L 11/29/2022 - 14:55:55: [SM]   [1] Line 202, restrictinc/events.sp::CS_OnBuyCommand
L 11/29/2022 - 15:03:45: [SM] Exception reported: Array index out-of-bounds (index 64, limit 55)
L 11/29/2022 - 15:03:45: [SM] Blaming: weapon_restrict.smx
L 11/29/2022 - 15:03:45: [SM] Call stack trace:
L 11/29/2022 - 15:03:45: [SM]   [1] Line 202, restrictinc/events.sp::CS_OnBuyCommand
L 11/29/2022 - 15:03:48: [SM] Exception reported: Array index out-of-bounds (index 64, limit 55)
L 11/29/2022 - 15:03:48: [SM] Blaming: weapon_restrict.smx
L 11/29/2022 - 15:03:48: [SM] Call stack trace:
L 11/29/2022 - 15:03:48: [SM]   [1] Line 202, restrictinc/events.sp::CS_OnBuyCommand
L 11/29/2022 - 15:06:03: [SM] Exception reported: Array index out-of-bounds (index 63, limit 55)
L 11/29/2022 - 15:06:03: [SM] Blaming: weapon_restrict.smx
L 11/29/2022 - 15:06:03: [SM] Call stack trace:
L 11/29/2022 - 15:06:03: [SM]   [1] Line 202, restrictinc/events.sp::CS_OnBuyCommand
L 11/29/2022 - 15:07:08: [SM] Exception reported: Array index out-of-bounds (index 64, limit 55)
L 11/29/2022 - 15:07:08: [SM] Blaming: weapon_restrict.smx
L 11/29/2022 - 15:07:08: [SM] Call stack trace:
L 11/29/2022 - 15:07:08: [SM]   [1] Line 202, restrictinc/events.sp::CS_OnBuyCommand
L 11/29/2022 - 15:07:11: [SM] Exception reported: Array index out-of-bounds (index 63, limit 55)
L 11/29/2022 - 15:07:11: [SM] Blaming: weapon_restrict.smx
L 11/29/2022 - 15:07:11: [SM] Call stack trace:
L 11/29/2022 - 15:07:11: [SM]   [1] Line 202, restrictinc/events.sp::CS_OnBuyCommand
L 11/29/2022 - 15:08:14: [SM] Exception reported: Array index out-of-bounds (index 63, limit 55)
L 11/29/2022 - 15:08:14: [SM] Blaming: weapon_restrict.smx
L 11/29/2022 - 15:08:14: [SM] Call stack trace:
L 11/29/2022 - 15:08:14: [SM]   [1] Line 202, restrictinc/events.sp::CS_OnBuyCommand
L 11/29/2022 - 15:09:43: [SM] Exception reported: Array index out-of-bounds (index 63, limit 55)
L 11/29/2022 - 15:09:43: [SM] Blaming: weapon_restrict.smx
L 11/29/2022 - 15:09:43: [SM] Call stack trace:
L 11/29/2022 - 15:09:43: [SM]   [1] Line 202, restrictinc/events.sp::CS_OnBuyCommand
L 11/29/2022 - 15:10:20: [SM] Exception reported: Array index out-of-bounds (index 64, limit 55)
L 11/29/2022 - 15:10:20: [SM] Blaming: weapon_restrict.smx
L 11/29/2022 - 15:10:20: [SM] Call stack trace:
L 11/29/2022 - 15:10:20: [SM]   [1] Line 202, restrictinc/events.sp::CS_OnBuyCommand
L 11/29/2022 - 15:11:10: [SM] Exception reported: Array index out-of-bounds (index 63, limit 55)
L 11/29/2022 - 15:11:10: [SM] Blaming: weapon_restrict.smx
L 11/29/2022 - 15:11:10: [SM] Call stack trace:
L 11/29/2022 - 15:11:10: [SM]   [1] Line 202, restrictinc/events.sp::CS_OnBuyCommand
L 11/29/2022 - 15:12:56: [warmod.smx] Plug-in tEasyFTP.smx required to auto upload demos
L 11/29/2022 - 15:13:34: Error log file session closed.
L 11/29/2022 - 15:16:03: SourceMod error session started
L 11/29/2022 - 15:16:03: Info (map "de_vertigo") (file "/csgoserver/server1/csgo/addons/sourcemod/logs/errors_20221129.log")
L 11/29/2022 - 15:16:03: [SM] Exception reported: Array index out-of-bounds (index 64, limit 55)
L 11/29/2022 - 15:16:03: [SM] Blaming: weapon_restrict.smx
L 11/29/2022 - 15:16:03: [SM] Call stack trace:
L 11/29/2022 - 15:16:03: [SM]   [1] Line 202, restrictinc/events.sp::CS_OnBuyCommand
L 11/29/2022 - 15:16:15: [SM] Exception reported: Array index out-of-bounds (index 64, limit 55)
L 11/29/2022 - 15:16:15: [SM] Blaming: weapon_restrict.smx
L 11/29/2022 - 15:16:15: [SM] Call stack trace:
L 11/29/2022 - 15:16:15: [SM]   [1] Line 202, restrictinc/events.sp::CS_OnBuyCommand
L 11/29/2022 - 15:16:17: [SM] Exception reported: Array index out-of-bounds (index 64, limit 55)
L 11/29/2022 - 15:16:17: [SM] Blaming: weapon_restrict.smx
L 11/29/2022 - 15:16:17: [SM] Call stack trace:
L 11/29/2022 - 15:16:17: [SM]   [1] Line 202, restrictinc/events.sp::CS_OnBuyCommand
L 11/29/2022 - 15:19:40: [SM] Exception reported: Array index out-of-bounds (index 63, limit 55)
L 11/29/2022 - 15:19:40: [SM] Blaming: weapon_restrict.smx
L 11/29/2022 - 15:19:40: [SM] Call stack trace:
L 11/29/2022 - 15:19:40: [SM]   [1] Line 202, restrictinc/events.sp::CS_OnBuyCommand
L 11/29/2022 - 15:25:44: [SM] Exception reported: Array index out-of-bounds (index 64, limit 55)
L 11/29/2022 - 15:25:44: [SM] Blaming: weapon_restrict.smx
L 11/29/2022 - 15:25:44: [SM] Call stack trace:
L 11/29/2022 - 15:25:44: [SM]   [1] Line 202, restrictinc/events.sp::CS_OnBuyCommand
L 11/29/2022 - 15:25:46: [SM] Exception reported: Array index out-of-bounds (index 64, limit 55)
L 11/29/2022 - 15:25:46: [SM] Blaming: weapon_restrict.smx
L 11/29/2022 - 15:25:46: [SM] Call stack trace:
L 11/29/2022 - 15:25:46: [SM]   [1] Line 202, restrictinc/events.sp::CS_OnBuyCommand
L 11/29/2022 - 15:26:42: [SM] Exception reported: Array index out-of-bounds (index 64, limit 55)
L 11/29/2022 - 15:26:42: [SM] Blaming: weapon_restrict.smx
L 11/29/2022 - 15:26:42: [SM] Call stack trace:
L 11/29/2022 - 15:26:42: [SM]   [1] Line 202, restrictinc/events.sp::CS_OnBuyCommand
L 11/29/2022 - 15:30:01: [warmod.smx] Plug-in tEasyFTP.smx required to auto upload demos
L 11/29/2022 - 15:30:18: Error log file session closed.
L 11/29/2022 - 15:32:40: SourceMod error session started
L 11/29/2022 - 15:32:40: Info (map "de_inferno") (file "/csgoserver/server1/csgo/addons/sourcemod/logs/errors_20221129.log")
L 11/29/2022 - 15:32:40: [SM] Exception reported: Array index out-of-bounds (index 64, limit 55)
L 11/29/2022 - 15:32:40: [SM] Blaming: weapon_restrict.smx
L 11/29/2022 - 15:32:40: [SM] Call stack trace:
L 11/29/2022 - 15:32:40: [SM]   [1] Line 202, restrictinc/events.sp::CS_OnBuyCommand
L 11/29/2022 - 15:32:42: [SM] Exception reported: Array index out-of-bounds (index 64, limit 55)
L 11/29/2022 - 15:32:42: [SM] Blaming: weapon_restrict.smx
L 11/29/2022 - 15:32:42: [SM] Call stack trace:
L 11/29/2022 - 15:32:42: [SM]   [1] Line 202, restrictinc/events.sp::CS_OnBuyCommand
L 11/29/2022 - 15:32:42: [SM] Exception reported: Array index out-of-bounds (index 64, limit 55)
L 11/29/2022 - 15:32:42: [SM] Blaming: weapon_restrict.smx
L 11/29/2022 - 15:32:42: [SM] Call stack trace:
L 11/29/2022 - 15:32:42: [SM]   [1] Line 202, restrictinc/events.sp::CS_OnBuyCommand
L 11/29/2022 - 15:35:00: [SM] Exception reported: Array index out-of-bounds (index 64, limit 55)
L 11/29/2022 - 15:35:00: [SM] Blaming: weapon_restrict.smx
L 11/29/2022 - 15:35:00: [SM] Call stack trace:
L 11/29/2022 - 15:35:00: [SM]   [1] Line 202, restrictinc/events.sp::CS_OnBuyCommand
L 11/29/2022 - 15:37:24: [SM] Exception reported: Array index out-of-bounds (index 64, limit 55)
L 11/29/2022 - 15:37:24: [SM] Blaming: weapon_restrict.smx
L 11/29/2022 - 15:37:24: [SM] Call stack trace:
L 11/29/2022 - 15:37:24: [SM]   [1] Line 202, restrictinc/events.sp::CS_OnBuyCommand
L 11/29/2022 - 15:37:26: [SM] Exception reported: Array index out-of-bounds (index 64, limit 55)
L 11/29/2022 - 15:37:26: [SM] Blaming: weapon_restrict.smx
L 11/29/2022 - 15:37:26: [SM] Call stack trace:
L 11/29/2022 - 15:37:26: [SM]   [1] Line 202, restrictinc/events.sp::CS_OnBuyCommand
L 11/29/2022 - 15:37:28: [SM] Exception reported: Array index out-of-bounds (index 64, limit 55)
L 11/29/2022 - 15:37:28: [SM] Blaming: weapon_restrict.smx
L 11/29/2022 - 15:37:28: [SM] Call stack trace:
L 11/29/2022 - 15:37:28: [SM]   [1] Line 202, restrictinc/events.sp::CS_OnBuyCommand
L 11/29/2022 - 15:44:47: [warmod.smx] Plug-in tEasyFTP.smx required to auto upload demos
L 11/29/2022 - 15:45:09: Error log file session closed.
L 11/29/2022 - 15:46:59: SourceMod error session started
L 11/29/2022 - 15:46:59: Info (map "de_shortnuke") (file "/csgoserver/server1/csgo/addons/sourcemod/logs/errors_20221129.log")
L 11/29/2022 - 15:46:59: [warmod.smx] Plug-in tEasyFTP.smx required to auto upload demos
L 11/29/2022 - 16:04:33: [SM] Exception reported: Array index out-of-bounds (index 64, limit 55)
L 11/29/2022 - 16:04:33: [SM] Blaming: weapon_restrict.smx
L 11/29/2022 - 16:04:33: [SM] Call stack trace:
L 11/29/2022 - 16:04:33: [SM]   [1] Line 202, restrictinc/events.sp::CS_OnBuyCommand
L 11/29/2022 - 16:04:39: [SM] Exception reported: Array index out-of-bounds (index 64, limit 55)
L 11/29/2022 - 16:04:39: [SM] Blaming: weapon_restrict.smx
L 11/29/2022 - 16:04:39: [SM] Call stack trace:
L 11/29/2022 - 16:04:39: [SM]   [1] Line 202, restrictinc/events.sp::CS_OnBuyCommand
L 11/29/2022 - 16:04:45: [SM] Exception reported: Array index out-of-bounds (index 64, limit 55)
L 11/29/2022 - 16:04:45: [SM] Blaming: weapon_restrict.smx
L 11/29/2022 - 16:04:45: [SM] Call stack trace:
L 11/29/2022 - 16:04:45: [SM]   [1] Line 202, restrictinc/events.sp::CS_OnBuyCommand
L 11/29/2022 - 16:04:49: [SM] Exception reported: Array index out-of-bounds (index 64, limit 55)
L 11/29/2022 - 16:04:49: [SM] Blaming: weapon_restrict.smx
L 11/29/2022 - 16:04:49: [SM] Call stack trace:
L 11/29/2022 - 16:04:49: [SM]   [1] Line 202, restrictinc/events.sp::CS_OnBuyCommand
L 11/29/2022 - 16:05:08: [SM] Exception reported: Array index out-of-bounds (index 64, limit 55)
L 11/29/2022 - 16:05:08: [SM] Blaming: weapon_restrict.smx
L 11/29/2022 - 16:05:08: [SM] Call stack trace:
L 11/29/2022 - 16:05:08: [SM]   [1] Line 202, restrictinc/events.sp::CS_OnBuyCommand
L 11/29/2022 - 16:05:31: [SM] Exception reported: Array index out-of-bounds (index 64, limit 55)
L 11/29/2022 - 16:05:31: [SM] Blaming: weapon_restrict.smx
L 11/29/2022 - 16:05:31: [SM] Call stack trace:
L 11/29/2022 - 16:05:31: [SM]   [1] Line 202, restrictinc/events.sp::CS_OnBuyCommand
L 11/29/2022 - 16:05:33: [SM] Exception reported: Array index out-of-bounds (index 64, limit 55)
L 11/29/2022 - 16:05:33: [SM] Blaming: weapon_restrict.smx
L 11/29/2022 - 16:05:33: [SM] Call stack trace:
L 11/29/2022 - 16:05:33: [SM]   [1] Line 202, restrictinc/events.sp::CS_OnBuyCommand
L 11/29/2022 - 16:05:46: [SM] Exception reported: Array index out-of-bounds (index 64, limit 55)
L 11/29/2022 - 16:05:46: [SM] Blaming: weapon_restrict.smx
L 11/29/2022 - 16:05:46: [SM] Call stack trace:
L 11/29/2022 - 16:05:46: [SM]   [1] Line 202, restrictinc/events.sp::CS_OnBuyCommand
L 11/29/2022 - 16:05:48: [SM] Exception reported: Array index out-of-bounds (index 64, limit 55)
L 11/29/2022 - 16:05:48: [SM] Blaming: weapon_restrict.smx
L 11/29/2022 - 16:05:48: [SM] Call stack trace:
L 11/29/2022 - 16:05:48: [SM]   [1] Line 202, restrictinc/events.sp::CS_OnBuyCommand
L 11/29/2022 - 16:06:28: [SM] Exception reported: Array index out-of-bounds (index 64, limit 55)
L 11/29/2022 - 16:06:28: [SM] Blaming: weapon_restrict.smx
L 11/29/2022 - 16:06:28: [SM] Call stack trace:
L 11/29/2022 - 16:06:28: [SM]   [1] Line 202, restrictinc/events.sp::CS_OnBuyCommand
L 11/29/2022 - 16:06:43: [SM] Exception reported: Array index out-of-bounds (index 64, limit 55)
L 11/29/2022 - 16:06:43: [SM] Blaming: weapon_restrict.smx
L 11/29/2022 - 16:06:43: [SM] Call stack trace:
L 11/29/2022 - 16:06:43: [SM]   [1] Line 202, restrictinc/events.sp::CS_OnBuyCommand
L 11/29/2022 - 16:07:38: [SM] Exception reported: Array index out-of-bounds (index 64, limit 55)
L 11/29/2022 - 16:07:38: [SM] Blaming: weapon_restrict.smx
L 11/29/2022 - 16:07:38: [SM] Call stack trace:
L 11/29/2022 - 16:07:38: [SM]   [1] Line 202, restrictinc/events.sp::CS_OnBuyCommand
L 11/29/2022 - 16:13:59: [SM] Exception reported: Array index out-of-bounds (index 64, limit 55)
L 11/29/2022 - 16:13:59: [SM] Blaming: weapon_restrict.smx
L 11/29/2022 - 16:13:59: [SM] Call stack trace:
L 11/29/2022 - 16:13:59: [SM]   [1] Line 202, restrictinc/events.sp::CS_OnBuyCommand
L 11/29/2022 - 16:13:59: [SM] Exception reported: Array index out-of-bounds (index 64, limit 55)
L 11/29/2022 - 16:13:59: [SM] Blaming: weapon_restrict.smx
L 11/29/2022 - 16:13:59: [SM] Call stack trace:
L 11/29/2022 - 16:13:59: [SM]   [1] Line 202, restrictinc/events.sp::CS_OnBuyCommand
L 11/29/2022 - 16:21:13: [warmod.smx] Plug-in tEasyFTP.smx required to auto upload demos
L 11/29/2022 - 18:08:41: Error log file session closed.
