L 08/10/2022 - 00:07:41: SourceMod error session started
L 08/10/2022 - 00:07:41: Info (map "de_mirage") (file "/home/csgo/csgo/addons/sourcemod/logs/errors_20220810.log")
L 08/10/2022 - 00:07:41: [SM] Exception reported: Array index out-of-bounds (index 64, limit 55)
L 08/10/2022 - 00:07:41: [SM] Blaming: weapon_restrict.smx
L 08/10/2022 - 00:07:41: [SM] Call stack trace:
L 08/10/2022 - 00:07:41: [SM]   [1] Line 202, restrictinc/events.sp::CS_OnBuyCommand
L 08/10/2022 - 00:07:48: [SM] Exception reported: Array index out-of-bounds (index 64, limit 55)
L 08/10/2022 - 00:07:48: [SM] Blaming: weapon_restrict.smx
L 08/10/2022 - 00:07:48: [SM] Call stack trace:
L 08/10/2022 - 00:07:48: [SM]   [1] Line 202, restrictinc/events.sp::CS_OnBuyCommand
L 08/10/2022 - 00:08:13: [SM] Exception reported: Array index out-of-bounds (index 64, limit 55)
L 08/10/2022 - 00:08:13: [SM] Blaming: weapon_restrict.smx
L 08/10/2022 - 00:08:13: [SM] Call stack trace:
L 08/10/2022 - 00:08:13: [SM]   [1] Line 202, restrictinc/events.sp::CS_OnBuyCommand
L 08/10/2022 - 00:09:47: [SM] Exception reported: Array index out-of-bounds (index 64, limit 55)
L 08/10/2022 - 00:09:47: [SM] Blaming: weapon_restrict.smx
L 08/10/2022 - 00:09:47: [SM] Call stack trace:
L 08/10/2022 - 00:09:47: [SM]   [1] Line 202, restrictinc/events.sp::CS_OnBuyCommand
L 08/10/2022 - 00:10:01: [SM] Exception reported: Array index out-of-bounds (index 64, limit 55)
L 08/10/2022 - 00:10:01: [SM] Blaming: weapon_restrict.smx
L 08/10/2022 - 00:10:01: [SM] Call stack trace:
L 08/10/2022 - 00:10:01: [SM]   [1] Line 202, restrictinc/events.sp::CS_OnBuyCommand
L 08/10/2022 - 00:10:08: [SM] Exception reported: Array index out-of-bounds (index 64, limit 55)
L 08/10/2022 - 00:10:08: [SM] Blaming: weapon_restrict.smx
L 08/10/2022 - 00:10:08: [SM] Call stack trace:
L 08/10/2022 - 00:10:08: [SM]   [1] Line 202, restrictinc/events.sp::CS_OnBuyCommand
L 08/10/2022 - 00:10:11: [SM] Exception reported: Array index out-of-bounds (index 64, limit 55)
L 08/10/2022 - 00:10:11: [SM] Blaming: weapon_restrict.smx
L 08/10/2022 - 00:10:11: [SM] Call stack trace:
L 08/10/2022 - 00:10:11: [SM]   [1] Line 202, restrictinc/events.sp::CS_OnBuyCommand
L 08/10/2022 - 00:12:08: [SM] Exception reported: Array index out-of-bounds (index 64, limit 55)
L 08/10/2022 - 00:12:08: [SM] Blaming: weapon_restrict.smx
L 08/10/2022 - 00:12:08: [SM] Call stack trace:
L 08/10/2022 - 00:12:08: [SM]   [1] Line 202, restrictinc/events.sp::CS_OnBuyCommand
L 08/10/2022 - 00:12:58: [c5_pug.smx] GOTV demo could not be recorded since tv_enable is not set to 1
L 08/10/2022 - 00:13:22: [SM] Exception reported: Array index out-of-bounds (index 64, limit 55)
L 08/10/2022 - 00:13:22: [SM] Blaming: weapon_restrict.smx
L 08/10/2022 - 00:13:22: [SM] Call stack trace:
L 08/10/2022 - 00:13:22: [SM]   [1] Line 202, restrictinc/events.sp::CS_OnBuyCommand
L 08/10/2022 - 00:13:28: [SM] Exception reported: Array index out-of-bounds (index 64, limit 55)
L 08/10/2022 - 00:13:28: [SM] Blaming: weapon_restrict.smx
L 08/10/2022 - 00:13:28: [SM] Call stack trace:
L 08/10/2022 - 00:13:28: [SM]   [1] Line 202, restrictinc/events.sp::CS_OnBuyCommand
L 08/10/2022 - 10:43:20: Error log file session closed.
L 08/10/2022 - 10:43:20: SourceMod error session started
L 08/10/2022 - 10:43:20: Info (map "de_mirage") (file "/home/csgo/csgo/addons/sourcemod/logs/errors_20220810.log")
L 08/10/2022 - 10:43:20: [SM] Fatal error encountered parsing translation file "movecommands.phrases.txt"
L 08/10/2022 - 10:43:20: [SM] Error (line 0, column 0): Stream failed to open
L 08/10/2022 - 13:10:53: Error log file session closed.
L 08/10/2022 - 13:10:53: SourceMod error session started
L 08/10/2022 - 13:10:53: Info (map "de_mirage") (file "/home/csgo/csgo/addons/sourcemod/logs/errors_20220810.log")
L 08/10/2022 - 13:10:53: [SM] Fatal error encountered parsing translation file "movecommands.phrases.txt"
L 08/10/2022 - 13:10:53: [SM] Error (line 0, column 0): Stream failed to open
L 08/10/2022 - 13:15:08: [c5_pug.smx] GOTV demo could not be recorded since tv_enable is not set to 1
L 08/10/2022 - 13:16:25: [c5_pug.smx] GOTV demo could not be recorded since tv_enable is not set to 1
L 08/10/2022 - 13:17:10: Error log file session closed.
L 08/10/2022 - 13:17:10: SourceMod error session started
L 08/10/2022 - 13:17:10: Info (map "de_inferno") (file "/home/csgo/csgo/addons/sourcemod/logs/errors_20220810.log")
L 08/10/2022 - 13:17:10: [SM] Fatal error encountered parsing translation file "movecommands.phrases.txt"
L 08/10/2022 - 13:17:10: [SM] Error (line 0, column 0): Stream failed to open
L 08/10/2022 - 13:18:01: [c5_pug.smx] GOTV demo could not be recorded since tv_enable is not set to 1
L 08/10/2022 - 13:31:28: [SM] Exception reported: Array index out-of-bounds (index 64, limit 55)
L 08/10/2022 - 13:31:28: [SM] Blaming: weapon_restrict.smx
L 08/10/2022 - 13:31:28: [SM] Call stack trace:
L 08/10/2022 - 13:31:28: [SM]   [1] Line 202, restrictinc/events.sp::CS_OnBuyCommand
L 08/10/2022 - 13:40:22: Error log file session closed.
L 08/10/2022 - 13:40:22: SourceMod error session started
L 08/10/2022 - 13:40:22: Info (map "de_vertigo") (file "/home/csgo/csgo/addons/sourcemod/logs/errors_20220810.log")
L 08/10/2022 - 13:40:22: [SM] Fatal error encountered parsing translation file "movecommands.phrases.txt"
L 08/10/2022 - 13:40:22: [SM] Error (line 0, column 0): Stream failed to open
L 08/10/2022 - 13:41:53: [c5_pug.smx] GOTV demo could not be recorded since tv_enable is not set to 1
L 08/10/2022 - 13:42:46: [SM] Exception reported: Array index out-of-bounds (index 64, limit 55)
L 08/10/2022 - 13:42:46: [SM] Blaming: weapon_restrict.smx
L 08/10/2022 - 13:42:46: [SM] Call stack trace:
L 08/10/2022 - 13:42:46: [SM]   [1] Line 202, restrictinc/events.sp::CS_OnBuyCommand
L 08/10/2022 - 13:43:47: [SM] Exception reported: Array index out-of-bounds (index 64, limit 55)
L 08/10/2022 - 13:43:47: [SM] Blaming: weapon_restrict.smx
L 08/10/2022 - 13:43:47: [SM] Call stack trace:
L 08/10/2022 - 13:43:47: [SM]   [1] Line 202, restrictinc/events.sp::CS_OnBuyCommand
L 08/10/2022 - 13:58:07: [SM] Exception reported: Array index out-of-bounds (index 64, limit 55)
L 08/10/2022 - 13:58:07: [SM] Blaming: weapon_restrict.smx
L 08/10/2022 - 13:58:07: [SM] Call stack trace:
L 08/10/2022 - 13:58:07: [SM]   [1] Line 202, restrictinc/events.sp::CS_OnBuyCommand
L 08/10/2022 - 13:58:10: [SM] Exception reported: Array index out-of-bounds (index 64, limit 55)
L 08/10/2022 - 13:58:10: [SM] Blaming: weapon_restrict.smx
L 08/10/2022 - 13:58:10: [SM] Call stack trace:
L 08/10/2022 - 13:58:10: [SM]   [1] Line 202, restrictinc/events.sp::CS_OnBuyCommand
L 08/10/2022 - 15:43:07: Error log file session closed.
L 08/10/2022 - 15:43:07: SourceMod error session started
L 08/10/2022 - 15:43:07: Info (map "de_vertigo") (file "/home/csgo/csgo/addons/sourcemod/logs/errors_20220810.log")
L 08/10/2022 - 15:43:07: [SM] Fatal error encountered parsing translation file "movecommands.phrases.txt"
L 08/10/2022 - 15:43:07: [SM] Error (line 0, column 0): Stream failed to open
L 08/10/2022 - 19:16:39: Error log file session closed.
L 08/10/2022 - 19:16:39: SourceMod error session started
L 08/10/2022 - 19:16:39: Info (map "de_vertigo") (file "/home/csgo/csgo/addons/sourcemod/logs/errors_20220810.log")
L 08/10/2022 - 19:16:39: [SM] Fatal error encountered parsing translation file "movecommands.phrases.txt"
L 08/10/2022 - 19:16:39: [SM] Error (line 0, column 0): Stream failed to open
L 08/10/2022 - 19:20:33: Error log file session closed.
L 08/10/2022 - 19:20:33: SourceMod error session started
L 08/10/2022 - 19:20:33: Info (map "de_mirage") (file "/home/csgo/csgo/addons/sourcemod/logs/errors_20220810.log")
L 08/10/2022 - 19:20:33: [SM] Fatal error encountered parsing translation file "movecommands.phrases.txt"
L 08/10/2022 - 19:20:33: [SM] Error (line 0, column 0): Stream failed to open
L 08/10/2022 - 19:20:59: [SM] Exception reported: Array index out-of-bounds (index 64, limit 55)
L 08/10/2022 - 19:20:59: [SM] Blaming: weapon_restrict.smx
L 08/10/2022 - 19:20:59: [SM] Call stack trace:
L 08/10/2022 - 19:20:59: [SM]   [1] Line 202, restrictinc/events.sp::CS_OnBuyCommand
L 08/10/2022 - 19:21:19: [SM] Exception reported: Array index out-of-bounds (index 64, limit 55)
L 08/10/2022 - 19:21:19: [SM] Blaming: weapon_restrict.smx
L 08/10/2022 - 19:21:19: [SM] Call stack trace:
L 08/10/2022 - 19:21:19: [SM]   [1] Line 202, restrictinc/events.sp::CS_OnBuyCommand
L 08/10/2022 - 19:21:31: [SM] Exception reported: Array index out-of-bounds (index 64, limit 55)
L 08/10/2022 - 19:21:31: [SM] Blaming: weapon_restrict.smx
L 08/10/2022 - 19:21:31: [SM] Call stack trace:
L 08/10/2022 - 19:21:31: [SM]   [1] Line 202, restrictinc/events.sp::CS_OnBuyCommand
L 08/10/2022 - 19:27:25: [SM] Exception reported: Array index out-of-bounds (index 64, limit 55)
L 08/10/2022 - 19:27:25: [SM] Blaming: weapon_restrict.smx
L 08/10/2022 - 19:27:25: [SM] Call stack trace:
L 08/10/2022 - 19:27:25: [SM]   [1] Line 202, restrictinc/events.sp::CS_OnBuyCommand
L 08/10/2022 - 19:39:03: Error log file session closed.
L 08/10/2022 - 19:39:03: SourceMod error session started
L 08/10/2022 - 19:39:03: Info (map "de_nuke") (file "/home/csgo/csgo/addons/sourcemod/logs/errors_20220810.log")
L 08/10/2022 - 19:39:03: [SM] Fatal error encountered parsing translation file "movecommands.phrases.txt"
L 08/10/2022 - 19:39:03: [SM] Error (line 0, column 0): Stream failed to open
L 08/10/2022 - 19:39:29: [SM] Exception reported: Array index out-of-bounds (index 64, limit 55)
L 08/10/2022 - 19:39:29: [SM] Blaming: weapon_restrict.smx
L 08/10/2022 - 19:39:29: [SM] Call stack trace:
L 08/10/2022 - 19:39:29: [SM]   [1] Line 202, restrictinc/events.sp::CS_OnBuyCommand
L 08/10/2022 - 19:39:53: [SM] Exception reported: Array index out-of-bounds (index 64, limit 55)
L 08/10/2022 - 19:39:53: [SM] Blaming: weapon_restrict.smx
L 08/10/2022 - 19:39:53: [SM] Call stack trace:
L 08/10/2022 - 19:39:53: [SM]   [1] Line 202, restrictinc/events.sp::CS_OnBuyCommand
L 08/10/2022 - 19:39:54: [SM] Exception reported: Array index out-of-bounds (index 64, limit 55)
L 08/10/2022 - 19:39:54: [SM] Blaming: weapon_restrict.smx
L 08/10/2022 - 19:39:54: [SM] Call stack trace:
L 08/10/2022 - 19:39:54: [SM]   [1] Line 202, restrictinc/events.sp::CS_OnBuyCommand
L 08/10/2022 - 19:39:55: [SM] Exception reported: Array index out-of-bounds (index 64, limit 55)
L 08/10/2022 - 19:39:55: [SM] Blaming: weapon_restrict.smx
L 08/10/2022 - 19:39:55: [SM] Call stack trace:
L 08/10/2022 - 19:39:55: [SM]   [1] Line 202, restrictinc/events.sp::CS_OnBuyCommand
L 08/10/2022 - 19:40:03: [SM] Exception reported: Array index out-of-bounds (index 64, limit 55)
L 08/10/2022 - 19:40:03: [SM] Blaming: weapon_restrict.smx
L 08/10/2022 - 19:40:03: [SM] Call stack trace:
L 08/10/2022 - 19:40:03: [SM]   [1] Line 202, restrictinc/events.sp::CS_OnBuyCommand
L 08/10/2022 - 19:40:10: [c5_pug.smx] GOTV demo could not be recorded since tv_enable is not set to 1
L 08/10/2022 - 19:40:14: [SM] Exception reported: Array index out-of-bounds (index 64, limit 55)
L 08/10/2022 - 19:40:14: [SM] Blaming: weapon_restrict.smx
L 08/10/2022 - 19:40:14: [SM] Call stack trace:
L 08/10/2022 - 19:40:14: [SM]   [1] Line 202, restrictinc/events.sp::CS_OnBuyCommand
L 08/10/2022 - 19:41:45: [SM] Exception reported: Array index out-of-bounds (index 64, limit 55)
L 08/10/2022 - 19:41:45: [SM] Blaming: weapon_restrict.smx
L 08/10/2022 - 19:41:45: [SM] Call stack trace:
L 08/10/2022 - 19:41:45: [SM]   [1] Line 202, restrictinc/events.sp::CS_OnBuyCommand
L 08/10/2022 - 19:41:49: [SM] Exception reported: Array index out-of-bounds (index 64, limit 55)
L 08/10/2022 - 19:41:49: [SM] Blaming: weapon_restrict.smx
L 08/10/2022 - 19:41:49: [SM] Call stack trace:
L 08/10/2022 - 19:41:49: [SM]   [1] Line 202, restrictinc/events.sp::CS_OnBuyCommand
L 08/10/2022 - 19:41:53: [SM] Exception reported: Array index out-of-bounds (index 64, limit 55)
L 08/10/2022 - 19:41:53: [SM] Blaming: weapon_restrict.smx
L 08/10/2022 - 19:41:53: [SM] Call stack trace:
L 08/10/2022 - 19:41:53: [SM]   [1] Line 202, restrictinc/events.sp::CS_OnBuyCommand
L 08/10/2022 - 19:41:54: [SM] Exception reported: Array index out-of-bounds (index 64, limit 55)
L 08/10/2022 - 19:41:54: [SM] Blaming: weapon_restrict.smx
L 08/10/2022 - 19:41:54: [SM] Call stack trace:
L 08/10/2022 - 19:41:54: [SM]   [1] Line 202, restrictinc/events.sp::CS_OnBuyCommand
L 08/10/2022 - 19:41:54: [SM] Exception reported: Array index out-of-bounds (index 64, limit 55)
L 08/10/2022 - 19:41:54: [SM] Blaming: weapon_restrict.smx
L 08/10/2022 - 19:41:54: [SM] Call stack trace:
L 08/10/2022 - 19:41:54: [SM]   [1] Line 202, restrictinc/events.sp::CS_OnBuyCommand
L 08/10/2022 - 19:41:55: [SM] Exception reported: Array index out-of-bounds (index 64, limit 55)
L 08/10/2022 - 19:41:55: [SM] Blaming: weapon_restrict.smx
L 08/10/2022 - 19:41:55: [SM] Call stack trace:
L 08/10/2022 - 19:41:55: [SM]   [1] Line 202, restrictinc/events.sp::CS_OnBuyCommand
L 08/10/2022 - 19:41:57: [SM] Exception reported: Array index out-of-bounds (index 64, limit 55)
L 08/10/2022 - 19:41:57: [SM] Blaming: weapon_restrict.smx
L 08/10/2022 - 19:41:57: [SM] Call stack trace:
L 08/10/2022 - 19:41:57: [SM]   [1] Line 202, restrictinc/events.sp::CS_OnBuyCommand
L 08/10/2022 - 19:41:58: [SM] Exception reported: Array index out-of-bounds (index 64, limit 55)
L 08/10/2022 - 19:41:58: [SM] Blaming: weapon_restrict.smx
L 08/10/2022 - 19:41:58: [SM] Call stack trace:
L 08/10/2022 - 19:41:58: [SM]   [1] Line 202, restrictinc/events.sp::CS_OnBuyCommand
L 08/10/2022 - 19:42:51: [SM] Exception reported: Array index out-of-bounds (index 64, limit 55)
L 08/10/2022 - 19:42:51: [SM] Blaming: weapon_restrict.smx
L 08/10/2022 - 19:42:51: [SM] Call stack trace:
L 08/10/2022 - 19:42:51: [SM]   [1] Line 202, restrictinc/events.sp::CS_OnBuyCommand
L 08/10/2022 - 19:42:51: [SM] Exception reported: Array index out-of-bounds (index 64, limit 55)
L 08/10/2022 - 19:42:51: [SM] Blaming: weapon_restrict.smx
L 08/10/2022 - 19:42:51: [SM] Call stack trace:
L 08/10/2022 - 19:42:51: [SM]   [1] Line 202, restrictinc/events.sp::CS_OnBuyCommand
L 08/10/2022 - 19:42:52: [SM] Exception reported: Array index out-of-bounds (index 64, limit 55)
L 08/10/2022 - 19:42:52: [SM] Blaming: weapon_restrict.smx
L 08/10/2022 - 19:42:52: [SM] Call stack trace:
L 08/10/2022 - 19:42:52: [SM]   [1] Line 202, restrictinc/events.sp::CS_OnBuyCommand
L 08/10/2022 - 19:42:52: [SM] Exception reported: Array index out-of-bounds (index 64, limit 55)
L 08/10/2022 - 19:42:52: [SM] Blaming: weapon_restrict.smx
L 08/10/2022 - 19:42:52: [SM] Call stack trace:
L 08/10/2022 - 19:42:52: [SM]   [1] Line 202, restrictinc/events.sp::CS_OnBuyCommand
L 08/10/2022 - 19:44:09: [SM] Exception reported: Array index out-of-bounds (index 64, limit 55)
L 08/10/2022 - 19:44:09: [SM] Blaming: weapon_restrict.smx
L 08/10/2022 - 19:44:09: [SM] Call stack trace:
L 08/10/2022 - 19:44:09: [SM]   [1] Line 202, restrictinc/events.sp::CS_OnBuyCommand
L 08/10/2022 - 19:44:13: [SM] Exception reported: Array index out-of-bounds (index 64, limit 55)
L 08/10/2022 - 19:44:13: [SM] Blaming: weapon_restrict.smx
L 08/10/2022 - 19:44:13: [SM] Call stack trace:
L 08/10/2022 - 19:44:13: [SM]   [1] Line 202, restrictinc/events.sp::CS_OnBuyCommand
L 08/10/2022 - 19:44:18: [SM] Exception reported: Array index out-of-bounds (index 64, limit 55)
L 08/10/2022 - 19:44:18: [SM] Blaming: weapon_restrict.smx
L 08/10/2022 - 19:44:18: [SM] Call stack trace:
L 08/10/2022 - 19:44:18: [SM]   [1] Line 202, restrictinc/events.sp::CS_OnBuyCommand
L 08/10/2022 - 19:44:20: [SM] Exception reported: Array index out-of-bounds (index 64, limit 55)
L 08/10/2022 - 19:44:20: [SM] Blaming: weapon_restrict.smx
L 08/10/2022 - 19:44:20: [SM] Call stack trace:
L 08/10/2022 - 19:44:20: [SM]   [1] Line 202, restrictinc/events.sp::CS_OnBuyCommand
L 08/10/2022 - 19:44:25: [SM] Exception reported: Array index out-of-bounds (index 64, limit 55)
L 08/10/2022 - 19:44:25: [SM] Blaming: weapon_restrict.smx
L 08/10/2022 - 19:44:25: [SM] Call stack trace:
L 08/10/2022 - 19:44:25: [SM]   [1] Line 202, restrictinc/events.sp::CS_OnBuyCommand
L 08/10/2022 - 19:45:18: [SM] Exception reported: Array index out-of-bounds (index 64, limit 55)
L 08/10/2022 - 19:45:18: [SM] Blaming: weapon_restrict.smx
L 08/10/2022 - 19:45:18: [SM] Call stack trace:
L 08/10/2022 - 19:45:18: [SM]   [1] Line 202, restrictinc/events.sp::CS_OnBuyCommand
L 08/10/2022 - 19:45:26: [SM] Exception reported: Array index out-of-bounds (index 64, limit 55)
L 08/10/2022 - 19:45:26: [SM] Blaming: weapon_restrict.smx
L 08/10/2022 - 19:45:26: [SM] Call stack trace:
L 08/10/2022 - 19:45:26: [SM]   [1] Line 202, restrictinc/events.sp::CS_OnBuyCommand
L 08/10/2022 - 19:46:02: [SM] Exception reported: Array index out-of-bounds (index 64, limit 55)
L 08/10/2022 - 19:46:02: [SM] Blaming: weapon_restrict.smx
L 08/10/2022 - 19:46:02: [SM] Call stack trace:
L 08/10/2022 - 19:46:02: [SM]   [1] Line 202, restrictinc/events.sp::CS_OnBuyCommand
L 08/10/2022 - 19:46:10: [SM] Exception reported: Array index out-of-bounds (index 64, limit 55)
L 08/10/2022 - 19:46:10: [SM] Blaming: weapon_restrict.smx
L 08/10/2022 - 19:46:10: [SM] Call stack trace:
L 08/10/2022 - 19:46:10: [SM]   [1] Line 202, restrictinc/events.sp::CS_OnBuyCommand
L 08/10/2022 - 19:46:11: [SM] Exception reported: Array index out-of-bounds (index 64, limit 55)
L 08/10/2022 - 19:46:11: [SM] Blaming: weapon_restrict.smx
L 08/10/2022 - 19:46:11: [SM] Call stack trace:
L 08/10/2022 - 19:46:11: [SM]   [1] Line 202, restrictinc/events.sp::CS_OnBuyCommand
L 08/10/2022 - 19:47:14: [SM] Exception reported: Array index out-of-bounds (index 64, limit 55)
L 08/10/2022 - 19:47:14: [SM] Blaming: weapon_restrict.smx
L 08/10/2022 - 19:47:14: [SM] Call stack trace:
L 08/10/2022 - 19:47:14: [SM]   [1] Line 202, restrictinc/events.sp::CS_OnBuyCommand
L 08/10/2022 - 19:47:16: [SM] Exception reported: Array index out-of-bounds (index 64, limit 55)
L 08/10/2022 - 19:47:16: [SM] Blaming: weapon_restrict.smx
L 08/10/2022 - 19:47:16: [SM] Call stack trace:
L 08/10/2022 - 19:47:16: [SM]   [1] Line 202, restrictinc/events.sp::CS_OnBuyCommand
L 08/10/2022 - 19:47:23: [SM] Exception reported: Array index out-of-bounds (index 64, limit 55)
L 08/10/2022 - 19:47:23: [SM] Blaming: weapon_restrict.smx
L 08/10/2022 - 19:47:23: [SM] Call stack trace:
L 08/10/2022 - 19:47:23: [SM]   [1] Line 202, restrictinc/events.sp::CS_OnBuyCommand
L 08/10/2022 - 19:48:42: Error log file session closed.
L 08/10/2022 - 19:48:42: SourceMod error session started
L 08/10/2022 - 19:48:42: Info (map "de_mirage") (file "/home/csgo/csgo/addons/sourcemod/logs/errors_20220810.log")
L 08/10/2022 - 19:48:42: [SM] Fatal error encountered parsing translation file "movecommands.phrases.txt"
L 08/10/2022 - 19:48:42: [SM] Error (line 0, column 0): Stream failed to open
L 08/10/2022 - 19:55:57: [c5_pug.smx] GOTV demo could not be recorded since tv_enable is not set to 1
L 08/10/2022 - 19:57:39: [SM] Exception reported: Array index out-of-bounds (index 64, limit 55)
L 08/10/2022 - 19:57:39: [SM] Blaming: weapon_restrict.smx
L 08/10/2022 - 19:57:39: [SM] Call stack trace:
L 08/10/2022 - 19:57:39: [SM]   [1] Line 202, restrictinc/events.sp::CS_OnBuyCommand
L 08/10/2022 - 19:57:41: [SM] Exception reported: Array index out-of-bounds (index 64, limit 55)
L 08/10/2022 - 19:57:41: [SM] Blaming: weapon_restrict.smx
L 08/10/2022 - 19:57:41: [SM] Call stack trace:
L 08/10/2022 - 19:57:41: [SM]   [1] Line 202, restrictinc/events.sp::CS_OnBuyCommand
L 08/10/2022 - 19:57:42: [SM] Exception reported: Array index out-of-bounds (index 64, limit 55)
L 08/10/2022 - 19:57:42: [SM] Blaming: weapon_restrict.smx
L 08/10/2022 - 19:57:42: [SM] Call stack trace:
L 08/10/2022 - 19:57:42: [SM]   [1] Line 202, restrictinc/events.sp::CS_OnBuyCommand
L 08/10/2022 - 19:57:42: [SM] Exception reported: Array index out-of-bounds (index 64, limit 55)
L 08/10/2022 - 19:57:42: [SM] Blaming: weapon_restrict.smx
L 08/10/2022 - 19:57:42: [SM] Call stack trace:
L 08/10/2022 - 19:57:42: [SM]   [1] Line 202, restrictinc/events.sp::CS_OnBuyCommand
L 08/10/2022 - 19:57:43: [SM] Exception reported: Array index out-of-bounds (index 64, limit 55)
L 08/10/2022 - 19:57:43: [SM] Blaming: weapon_restrict.smx
L 08/10/2022 - 19:57:43: [SM] Call stack trace:
L 08/10/2022 - 19:57:43: [SM]   [1] Line 202, restrictinc/events.sp::CS_OnBuyCommand
L 08/10/2022 - 19:57:45: [SM] Exception reported: Array index out-of-bounds (index 64, limit 55)
L 08/10/2022 - 19:57:45: [SM] Blaming: weapon_restrict.smx
L 08/10/2022 - 19:57:45: [SM] Call stack trace:
L 08/10/2022 - 19:57:45: [SM]   [1] Line 202, restrictinc/events.sp::CS_OnBuyCommand
L 08/10/2022 - 19:57:48: [SM] Exception reported: Array index out-of-bounds (index 64, limit 55)
L 08/10/2022 - 19:57:48: [SM] Blaming: weapon_restrict.smx
L 08/10/2022 - 19:57:48: [SM] Call stack trace:
L 08/10/2022 - 19:57:48: [SM]   [1] Line 202, restrictinc/events.sp::CS_OnBuyCommand
L 08/10/2022 - 19:57:51: [SM] Exception reported: Array index out-of-bounds (index 64, limit 55)
L 08/10/2022 - 19:57:51: [SM] Blaming: weapon_restrict.smx
L 08/10/2022 - 19:57:51: [SM] Call stack trace:
L 08/10/2022 - 19:57:51: [SM]   [1] Line 202, restrictinc/events.sp::CS_OnBuyCommand
L 08/10/2022 - 19:59:09: [SM] Exception reported: Array index out-of-bounds (index 64, limit 55)
L 08/10/2022 - 19:59:09: [SM] Blaming: weapon_restrict.smx
L 08/10/2022 - 19:59:09: [SM] Call stack trace:
L 08/10/2022 - 19:59:09: [SM]   [1] Line 202, restrictinc/events.sp::CS_OnBuyCommand
L 08/10/2022 - 19:59:13: [SM] Exception reported: Array index out-of-bounds (index 64, limit 55)
L 08/10/2022 - 19:59:13: [SM] Blaming: weapon_restrict.smx
L 08/10/2022 - 19:59:13: [SM] Call stack trace:
L 08/10/2022 - 19:59:13: [SM]   [1] Line 202, restrictinc/events.sp::CS_OnBuyCommand
L 08/10/2022 - 19:59:17: [SM] Exception reported: Array index out-of-bounds (index 64, limit 55)
L 08/10/2022 - 19:59:17: [SM] Blaming: weapon_restrict.smx
L 08/10/2022 - 19:59:17: [SM] Call stack trace:
L 08/10/2022 - 19:59:17: [SM]   [1] Line 202, restrictinc/events.sp::CS_OnBuyCommand
L 08/10/2022 - 19:59:24: [SM] Exception reported: Array index out-of-bounds (index 64, limit 55)
L 08/10/2022 - 19:59:24: [SM] Blaming: weapon_restrict.smx
L 08/10/2022 - 19:59:24: [SM] Call stack trace:
L 08/10/2022 - 19:59:24: [SM]   [1] Line 202, restrictinc/events.sp::CS_OnBuyCommand
L 08/10/2022 - 19:59:25: [SM] Exception reported: Array index out-of-bounds (index 64, limit 55)
L 08/10/2022 - 19:59:25: [SM] Blaming: weapon_restrict.smx
L 08/10/2022 - 19:59:25: [SM] Call stack trace:
L 08/10/2022 - 19:59:25: [SM]   [1] Line 202, restrictinc/events.sp::CS_OnBuyCommand
L 08/10/2022 - 19:59:31: [SM] Exception reported: Array index out-of-bounds (index 64, limit 55)
L 08/10/2022 - 19:59:31: [SM] Blaming: weapon_restrict.smx
L 08/10/2022 - 19:59:31: [SM] Call stack trace:
L 08/10/2022 - 19:59:31: [SM]   [1] Line 202, restrictinc/events.sp::CS_OnBuyCommand
L 08/10/2022 - 20:00:51: [SM] Exception reported: Array index out-of-bounds (index 64, limit 55)
L 08/10/2022 - 20:00:51: [SM] Blaming: weapon_restrict.smx
L 08/10/2022 - 20:00:51: [SM] Call stack trace:
L 08/10/2022 - 20:00:51: [SM]   [1] Line 202, restrictinc/events.sp::CS_OnBuyCommand
L 08/10/2022 - 20:00:54: [SM] Exception reported: Array index out-of-bounds (index 64, limit 55)
L 08/10/2022 - 20:00:54: [SM] Blaming: weapon_restrict.smx
L 08/10/2022 - 20:00:54: [SM] Call stack trace:
L 08/10/2022 - 20:00:54: [SM]   [1] Line 202, restrictinc/events.sp::CS_OnBuyCommand
L 08/10/2022 - 20:00:55: [SM] Exception reported: Array index out-of-bounds (index 64, limit 55)
L 08/10/2022 - 20:00:55: [SM] Blaming: weapon_restrict.smx
L 08/10/2022 - 20:00:55: [SM] Call stack trace:
L 08/10/2022 - 20:00:55: [SM]   [1] Line 202, restrictinc/events.sp::CS_OnBuyCommand
L 08/10/2022 - 20:00:55: [SM] Exception reported: Array index out-of-bounds (index 64, limit 55)
L 08/10/2022 - 20:00:55: [SM] Blaming: weapon_restrict.smx
L 08/10/2022 - 20:00:55: [SM] Call stack trace:
L 08/10/2022 - 20:00:55: [SM]   [1] Line 202, restrictinc/events.sp::CS_OnBuyCommand
L 08/10/2022 - 20:00:59: [SM] Exception reported: Array index out-of-bounds (index 64, limit 55)
L 08/10/2022 - 20:00:59: [SM] Blaming: weapon_restrict.smx
L 08/10/2022 - 20:00:59: [SM] Call stack trace:
L 08/10/2022 - 20:00:59: [SM]   [1] Line 202, restrictinc/events.sp::CS_OnBuyCommand
L 08/10/2022 - 20:01:14: [SM] Exception reported: Array index out-of-bounds (index 64, limit 55)
L 08/10/2022 - 20:01:14: [SM] Blaming: weapon_restrict.smx
L 08/10/2022 - 20:01:14: [SM] Call stack trace:
L 08/10/2022 - 20:01:14: [SM]   [1] Line 202, restrictinc/events.sp::CS_OnBuyCommand
L 08/10/2022 - 20:02:15: [SM] Exception reported: Array index out-of-bounds (index 64, limit 55)
L 08/10/2022 - 20:02:15: [SM] Blaming: weapon_restrict.smx
L 08/10/2022 - 20:02:15: [SM] Call stack trace:
L 08/10/2022 - 20:02:15: [SM]   [1] Line 202, restrictinc/events.sp::CS_OnBuyCommand
L 08/10/2022 - 20:02:18: [SM] Exception reported: Array index out-of-bounds (index 64, limit 55)
L 08/10/2022 - 20:02:18: [SM] Blaming: weapon_restrict.smx
L 08/10/2022 - 20:02:18: [SM] Call stack trace:
L 08/10/2022 - 20:02:18: [SM]   [1] Line 202, restrictinc/events.sp::CS_OnBuyCommand
L 08/10/2022 - 20:02:22: [SM] Exception reported: Array index out-of-bounds (index 64, limit 55)
L 08/10/2022 - 20:02:22: [SM] Blaming: weapon_restrict.smx
L 08/10/2022 - 20:02:22: [SM] Call stack trace:
L 08/10/2022 - 20:02:22: [SM]   [1] Line 202, restrictinc/events.sp::CS_OnBuyCommand
L 08/10/2022 - 20:02:38: [SM] Exception reported: Array index out-of-bounds (index 64, limit 55)
L 08/10/2022 - 20:02:38: [SM] Blaming: weapon_restrict.smx
L 08/10/2022 - 20:02:38: [SM] Call stack trace:
L 08/10/2022 - 20:02:38: [SM]   [1] Line 202, restrictinc/events.sp::CS_OnBuyCommand
L 08/10/2022 - 20:03:45: [SM] Exception reported: Array index out-of-bounds (index 64, limit 55)
L 08/10/2022 - 20:03:45: [SM] Blaming: weapon_restrict.smx
L 08/10/2022 - 20:03:45: [SM] Call stack trace:
L 08/10/2022 - 20:03:45: [SM]   [1] Line 202, restrictinc/events.sp::CS_OnBuyCommand
L 08/10/2022 - 20:05:14: [SM] Exception reported: Array index out-of-bounds (index 64, limit 55)
L 08/10/2022 - 20:05:14: [SM] Blaming: weapon_restrict.smx
L 08/10/2022 - 20:05:14: [SM] Call stack trace:
L 08/10/2022 - 20:05:14: [SM]   [1] Line 202, restrictinc/events.sp::CS_OnBuyCommand
L 08/10/2022 - 20:07:03: [SM] Exception reported: Array index out-of-bounds (index 64, limit 55)
L 08/10/2022 - 20:07:03: [SM] Blaming: weapon_restrict.smx
L 08/10/2022 - 20:07:03: [SM] Call stack trace:
L 08/10/2022 - 20:07:03: [SM]   [1] Line 202, restrictinc/events.sp::CS_OnBuyCommand
L 08/10/2022 - 20:08:21: [SM] Exception reported: Array index out-of-bounds (index 64, limit 55)
L 08/10/2022 - 20:08:21: [SM] Blaming: weapon_restrict.smx
L 08/10/2022 - 20:08:21: [SM] Call stack trace:
L 08/10/2022 - 20:08:21: [SM]   [1] Line 202, restrictinc/events.sp::CS_OnBuyCommand
L 08/10/2022 - 20:08:21: [SM] Exception reported: Array index out-of-bounds (index 64, limit 55)
L 08/10/2022 - 20:08:21: [SM] Blaming: weapon_restrict.smx
L 08/10/2022 - 20:08:21: [SM] Call stack trace:
L 08/10/2022 - 20:08:21: [SM]   [1] Line 202, restrictinc/events.sp::CS_OnBuyCommand
L 08/10/2022 - 20:08:30: [SM] Exception reported: Array index out-of-bounds (index 64, limit 55)
L 08/10/2022 - 20:08:30: [SM] Blaming: weapon_restrict.smx
L 08/10/2022 - 20:08:30: [SM] Call stack trace:
L 08/10/2022 - 20:08:30: [SM]   [1] Line 202, restrictinc/events.sp::CS_OnBuyCommand
L 08/10/2022 - 20:10:05: [SM] Exception reported: Array index out-of-bounds (index 64, limit 55)
L 08/10/2022 - 20:10:05: [SM] Blaming: weapon_restrict.smx
L 08/10/2022 - 20:10:05: [SM] Call stack trace:
L 08/10/2022 - 20:10:05: [SM]   [1] Line 202, restrictinc/events.sp::CS_OnBuyCommand
L 08/10/2022 - 20:12:05: [SM] Exception reported: Array index out-of-bounds (index 64, limit 55)
L 08/10/2022 - 20:12:05: [SM] Blaming: weapon_restrict.smx
L 08/10/2022 - 20:12:05: [SM] Call stack trace:
L 08/10/2022 - 20:12:05: [SM]   [1] Line 202, restrictinc/events.sp::CS_OnBuyCommand
L 08/10/2022 - 20:12:09: [SM] Exception reported: Array index out-of-bounds (index 64, limit 55)
L 08/10/2022 - 20:12:09: [SM] Blaming: weapon_restrict.smx
L 08/10/2022 - 20:12:09: [SM] Call stack trace:
L 08/10/2022 - 20:12:09: [SM]   [1] Line 202, restrictinc/events.sp::CS_OnBuyCommand
L 08/10/2022 - 20:13:46: [SM] Exception reported: Array index out-of-bounds (index 64, limit 55)
L 08/10/2022 - 20:13:46: [SM] Blaming: weapon_restrict.smx
L 08/10/2022 - 20:13:46: [SM] Call stack trace:
L 08/10/2022 - 20:13:46: [SM]   [1] Line 202, restrictinc/events.sp::CS_OnBuyCommand
L 08/10/2022 - 20:13:48: [SM] Exception reported: Array index out-of-bounds (index 64, limit 55)
L 08/10/2022 - 20:13:48: [SM] Blaming: weapon_restrict.smx
L 08/10/2022 - 20:13:48: [SM] Call stack trace:
L 08/10/2022 - 20:13:48: [SM]   [1] Line 202, restrictinc/events.sp::CS_OnBuyCommand
L 08/10/2022 - 20:15:28: [SM] Exception reported: Array index out-of-bounds (index 64, limit 55)
L 08/10/2022 - 20:15:28: [SM] Blaming: weapon_restrict.smx
L 08/10/2022 - 20:15:28: [SM] Call stack trace:
L 08/10/2022 - 20:15:28: [SM]   [1] Line 202, restrictinc/events.sp::CS_OnBuyCommand
L 08/10/2022 - 20:15:31: [SM] Exception reported: Array index out-of-bounds (index 64, limit 55)
L 08/10/2022 - 20:15:31: [SM] Blaming: weapon_restrict.smx
L 08/10/2022 - 20:15:31: [SM] Call stack trace:
L 08/10/2022 - 20:15:31: [SM]   [1] Line 202, restrictinc/events.sp::CS_OnBuyCommand
L 08/10/2022 - 20:15:33: [SM] Exception reported: Array index out-of-bounds (index 64, limit 55)
L 08/10/2022 - 20:15:33: [SM] Blaming: weapon_restrict.smx
L 08/10/2022 - 20:15:33: [SM] Call stack trace:
L 08/10/2022 - 20:15:33: [SM]   [1] Line 202, restrictinc/events.sp::CS_OnBuyCommand
L 08/10/2022 - 20:16:29: [SM] Exception reported: Array index out-of-bounds (index 64, limit 55)
L 08/10/2022 - 20:16:29: [SM] Blaming: weapon_restrict.smx
L 08/10/2022 - 20:16:29: [SM] Call stack trace:
L 08/10/2022 - 20:16:29: [SM]   [1] Line 202, restrictinc/events.sp::CS_OnBuyCommand
L 08/10/2022 - 20:16:32: [SM] Exception reported: Array index out-of-bounds (index 64, limit 55)
L 08/10/2022 - 20:16:32: [SM] Blaming: weapon_restrict.smx
L 08/10/2022 - 20:16:32: [SM] Call stack trace:
L 08/10/2022 - 20:16:32: [SM]   [1] Line 202, restrictinc/events.sp::CS_OnBuyCommand
L 08/10/2022 - 20:19:14: [SM] Exception reported: Array index out-of-bounds (index 64, limit 55)
L 08/10/2022 - 20:19:14: [SM] Blaming: weapon_restrict.smx
L 08/10/2022 - 20:19:14: [SM] Call stack trace:
L 08/10/2022 - 20:19:14: [SM]   [1] Line 202, restrictinc/events.sp::CS_OnBuyCommand
L 08/10/2022 - 20:20:26: [SM] Exception reported: Array index out-of-bounds (index 64, limit 55)
L 08/10/2022 - 20:20:26: [SM] Blaming: weapon_restrict.smx
L 08/10/2022 - 20:20:26: [SM] Call stack trace:
L 08/10/2022 - 20:20:26: [SM]   [1] Line 202, restrictinc/events.sp::CS_OnBuyCommand
L 08/10/2022 - 20:20:27: [SM] Exception reported: Array index out-of-bounds (index 64, limit 55)
L 08/10/2022 - 20:20:27: [SM] Blaming: weapon_restrict.smx
L 08/10/2022 - 20:20:27: [SM] Call stack trace:
L 08/10/2022 - 20:20:27: [SM]   [1] Line 202, restrictinc/events.sp::CS_OnBuyCommand
L 08/10/2022 - 20:20:29: [SM] Exception reported: Array index out-of-bounds (index 64, limit 55)
L 08/10/2022 - 20:20:29: [SM] Blaming: weapon_restrict.smx
L 08/10/2022 - 20:20:29: [SM] Call stack trace:
L 08/10/2022 - 20:20:29: [SM]   [1] Line 202, restrictinc/events.sp::CS_OnBuyCommand
L 08/10/2022 - 20:20:30: [SM] Exception reported: Array index out-of-bounds (index 64, limit 55)
L 08/10/2022 - 20:20:30: [SM] Blaming: weapon_restrict.smx
L 08/10/2022 - 20:20:30: [SM] Call stack trace:
L 08/10/2022 - 20:20:30: [SM]   [1] Line 202, restrictinc/events.sp::CS_OnBuyCommand
L 08/10/2022 - 20:20:35: [SM] Exception reported: Array index out-of-bounds (index 64, limit 55)
L 08/10/2022 - 20:20:35: [SM] Blaming: weapon_restrict.smx
L 08/10/2022 - 20:20:35: [SM] Call stack trace:
L 08/10/2022 - 20:20:35: [SM]   [1] Line 202, restrictinc/events.sp::CS_OnBuyCommand
L 08/10/2022 - 20:20:36: [SM] Exception reported: Array index out-of-bounds (index 64, limit 55)
L 08/10/2022 - 20:20:36: [SM] Blaming: weapon_restrict.smx
L 08/10/2022 - 20:20:36: [SM] Call stack trace:
L 08/10/2022 - 20:20:36: [SM]   [1] Line 202, restrictinc/events.sp::CS_OnBuyCommand
L 08/10/2022 - 20:21:20: [SM] Exception reported: Array index out-of-bounds (index 64, limit 55)
L 08/10/2022 - 20:21:20: [SM] Blaming: weapon_restrict.smx
L 08/10/2022 - 20:21:20: [SM] Call stack trace:
L 08/10/2022 - 20:21:20: [SM]   [1] Line 202, restrictinc/events.sp::CS_OnBuyCommand
L 08/10/2022 - 20:21:21: [SM] Exception reported: Array index out-of-bounds (index 64, limit 55)
L 08/10/2022 - 20:21:21: [SM] Blaming: weapon_restrict.smx
L 08/10/2022 - 20:21:21: [SM] Call stack trace:
L 08/10/2022 - 20:21:21: [SM]   [1] Line 202, restrictinc/events.sp::CS_OnBuyCommand
L 08/10/2022 - 20:22:07: [SM] Exception reported: Array index out-of-bounds (index 64, limit 55)
L 08/10/2022 - 20:22:07: [SM] Blaming: weapon_restrict.smx
L 08/10/2022 - 20:22:07: [SM] Call stack trace:
L 08/10/2022 - 20:22:07: [SM]   [1] Line 202, restrictinc/events.sp::CS_OnBuyCommand
L 08/10/2022 - 20:24:26: [SM] Exception reported: Array index out-of-bounds (index 64, limit 55)
L 08/10/2022 - 20:24:26: [SM] Blaming: weapon_restrict.smx
L 08/10/2022 - 20:24:26: [SM] Call stack trace:
L 08/10/2022 - 20:24:26: [SM]   [1] Line 202, restrictinc/events.sp::CS_OnBuyCommand
L 08/10/2022 - 20:24:28: [SM] Exception reported: Array index out-of-bounds (index 64, limit 55)
L 08/10/2022 - 20:24:28: [SM] Blaming: weapon_restrict.smx
L 08/10/2022 - 20:24:28: [SM] Call stack trace:
L 08/10/2022 - 20:24:28: [SM]   [1] Line 202, restrictinc/events.sp::CS_OnBuyCommand
L 08/10/2022 - 20:24:32: [SM] Exception reported: Array index out-of-bounds (index 64, limit 55)
L 08/10/2022 - 20:24:32: [SM] Blaming: weapon_restrict.smx
L 08/10/2022 - 20:24:32: [SM] Call stack trace:
L 08/10/2022 - 20:24:32: [SM]   [1] Line 202, restrictinc/events.sp::CS_OnBuyCommand
L 08/10/2022 - 20:24:37: [SM] Exception reported: Array index out-of-bounds (index 64, limit 55)
L 08/10/2022 - 20:24:37: [SM] Blaming: weapon_restrict.smx
L 08/10/2022 - 20:24:37: [SM] Call stack trace:
L 08/10/2022 - 20:24:37: [SM]   [1] Line 202, restrictinc/events.sp::CS_OnBuyCommand
L 08/10/2022 - 20:25:30: [SM] Exception reported: Array index out-of-bounds (index 64, limit 55)
L 08/10/2022 - 20:25:30: [SM] Blaming: weapon_restrict.smx
L 08/10/2022 - 20:25:30: [SM] Call stack trace:
L 08/10/2022 - 20:25:30: [SM]   [1] Line 202, restrictinc/events.sp::CS_OnBuyCommand
L 08/10/2022 - 20:25:38: [SM] Exception reported: Array index out-of-bounds (index 64, limit 55)
L 08/10/2022 - 20:25:38: [SM] Blaming: weapon_restrict.smx
L 08/10/2022 - 20:25:38: [SM] Call stack trace:
L 08/10/2022 - 20:25:38: [SM]   [1] Line 202, restrictinc/events.sp::CS_OnBuyCommand
L 08/10/2022 - 20:26:42: [SM] Exception reported: Array index out-of-bounds (index 64, limit 55)
L 08/10/2022 - 20:26:42: [SM] Blaming: weapon_restrict.smx
L 08/10/2022 - 20:26:42: [SM] Call stack trace:
L 08/10/2022 - 20:26:42: [SM]   [1] Line 202, restrictinc/events.sp::CS_OnBuyCommand
L 08/10/2022 - 20:27:41: [SM] Exception reported: Array index out-of-bounds (index 64, limit 55)
L 08/10/2022 - 20:27:41: [SM] Blaming: weapon_restrict.smx
L 08/10/2022 - 20:27:41: [SM] Call stack trace:
L 08/10/2022 - 20:27:41: [SM]   [1] Line 202, restrictinc/events.sp::CS_OnBuyCommand
L 08/10/2022 - 20:32:12: [SM] Exception reported: Array index out-of-bounds (index 64, limit 55)
L 08/10/2022 - 20:32:12: [SM] Blaming: weapon_restrict.smx
L 08/10/2022 - 20:32:12: [SM] Call stack trace:
L 08/10/2022 - 20:32:12: [SM]   [1] Line 202, restrictinc/events.sp::CS_OnBuyCommand
L 08/10/2022 - 20:34:25: [SM] Exception reported: Array index out-of-bounds (index 64, limit 55)
L 08/10/2022 - 20:34:25: [SM] Blaming: weapon_restrict.smx
L 08/10/2022 - 20:34:25: [SM] Call stack trace:
L 08/10/2022 - 20:34:25: [SM]   [1] Line 202, restrictinc/events.sp::CS_OnBuyCommand
L 08/10/2022 - 20:36:29: Error log file session closed.
L 08/10/2022 - 20:36:29: SourceMod error session started
L 08/10/2022 - 20:36:29: Info (map "de_overpass") (file "/home/csgo/csgo/addons/sourcemod/logs/errors_20220810.log")
L 08/10/2022 - 20:36:29: [SM] Fatal error encountered parsing translation file "movecommands.phrases.txt"
L 08/10/2022 - 20:36:29: [SM] Error (line 0, column 0): Stream failed to open
L 08/10/2022 - 20:38:05: Error log file session closed.
L 08/10/2022 - 20:38:05: SourceMod error session started
L 08/10/2022 - 20:38:05: Info (map "de_overpass") (file "/home/csgo/csgo/addons/sourcemod/logs/errors_20220810.log")
L 08/10/2022 - 20:38:05: [SM] Fatal error encountered parsing translation file "movecommands.phrases.txt"
L 08/10/2022 - 20:38:05: [SM] Error (line 0, column 0): Stream failed to open
L 08/10/2022 - 20:43:14: [SM] Exception reported: Client 6 is not in game
L 08/10/2022 - 20:43:14: [SM] Blaming: c5_pug_voteend.smx
L 08/10/2022 - 20:43:14: [SM] Call stack trace:
L 08/10/2022 - 20:43:14: [SM]   [0] GetClientTeam
L 08/10/2022 - 20:43:14: [SM]   [1] Line 56, F:\Code\sourcepawn\addons\sourcemod\scripting\c5_pug_voteend.sp::OnClientDisconnect
L 08/10/2022 - 20:43:29: [SM] Exception reported: Array index out-of-bounds (index 64, limit 55)
L 08/10/2022 - 20:43:29: [SM] Blaming: weapon_restrict.smx
L 08/10/2022 - 20:43:29: [SM] Call stack trace:
L 08/10/2022 - 20:43:29: [SM]   [1] Line 202, restrictinc/events.sp::CS_OnBuyCommand
L 08/10/2022 - 20:44:02: [c5_pug.smx] GOTV demo could not be recorded since tv_enable is not set to 1
L 08/10/2022 - 20:44:04: [SM] Exception reported: Array index out-of-bounds (index 64, limit 55)
L 08/10/2022 - 20:44:04: [SM] Blaming: weapon_restrict.smx
L 08/10/2022 - 20:44:04: [SM] Call stack trace:
L 08/10/2022 - 20:44:04: [SM]   [1] Line 202, restrictinc/events.sp::CS_OnBuyCommand
L 08/10/2022 - 20:44:06: [SM] Exception reported: Array index out-of-bounds (index 64, limit 55)
L 08/10/2022 - 20:44:06: [SM] Blaming: weapon_restrict.smx
L 08/10/2022 - 20:44:06: [SM] Call stack trace:
L 08/10/2022 - 20:44:06: [SM]   [1] Line 202, restrictinc/events.sp::CS_OnBuyCommand
L 08/10/2022 - 20:46:11: [SM] Exception reported: Array index out-of-bounds (index 64, limit 55)
L 08/10/2022 - 20:46:11: [SM] Blaming: weapon_restrict.smx
L 08/10/2022 - 20:46:11: [SM] Call stack trace:
L 08/10/2022 - 20:46:11: [SM]   [1] Line 202, restrictinc/events.sp::CS_OnBuyCommand
L 08/10/2022 - 20:46:11: [SM] Exception reported: Array index out-of-bounds (index 64, limit 55)
L 08/10/2022 - 20:46:11: [SM] Blaming: weapon_restrict.smx
L 08/10/2022 - 20:46:11: [SM] Call stack trace:
L 08/10/2022 - 20:46:11: [SM]   [1] Line 202, restrictinc/events.sp::CS_OnBuyCommand
L 08/10/2022 - 20:46:22: [SM] Exception reported: Array index out-of-bounds (index 64, limit 55)
L 08/10/2022 - 20:46:22: [SM] Blaming: weapon_restrict.smx
L 08/10/2022 - 20:46:22: [SM] Call stack trace:
L 08/10/2022 - 20:46:22: [SM]   [1] Line 202, restrictinc/events.sp::CS_OnBuyCommand
L 08/10/2022 - 20:46:25: [SM] Exception reported: Array index out-of-bounds (index 64, limit 55)
L 08/10/2022 - 20:46:25: [SM] Blaming: weapon_restrict.smx
L 08/10/2022 - 20:46:25: [SM] Call stack trace:
L 08/10/2022 - 20:46:25: [SM]   [1] Line 202, restrictinc/events.sp::CS_OnBuyCommand
L 08/10/2022 - 20:48:19: [SM] Exception reported: Array index out-of-bounds (index 64, limit 55)
L 08/10/2022 - 20:48:19: [SM] Blaming: weapon_restrict.smx
L 08/10/2022 - 20:48:19: [SM] Call stack trace:
L 08/10/2022 - 20:48:19: [SM]   [1] Line 202, restrictinc/events.sp::CS_OnBuyCommand
L 08/10/2022 - 20:49:16: [SM] Exception reported: Array index out-of-bounds (index 64, limit 55)
L 08/10/2022 - 20:49:16: [SM] Blaming: weapon_restrict.smx
L 08/10/2022 - 20:49:16: [SM] Call stack trace:
L 08/10/2022 - 20:49:16: [SM]   [1] Line 202, restrictinc/events.sp::CS_OnBuyCommand
L 08/10/2022 - 20:49:25: [SM] Exception reported: Array index out-of-bounds (index 64, limit 55)
L 08/10/2022 - 20:49:25: [SM] Blaming: weapon_restrict.smx
L 08/10/2022 - 20:49:25: [SM] Call stack trace:
L 08/10/2022 - 20:49:25: [SM]   [1] Line 202, restrictinc/events.sp::CS_OnBuyCommand
L 08/10/2022 - 20:49:27: [SM] Exception reported: Array index out-of-bounds (index 64, limit 55)
L 08/10/2022 - 20:49:27: [SM] Blaming: weapon_restrict.smx
L 08/10/2022 - 20:49:27: [SM] Call stack trace:
L 08/10/2022 - 20:49:27: [SM]   [1] Line 202, restrictinc/events.sp::CS_OnBuyCommand
L 08/10/2022 - 20:50:28: [SM] Exception reported: Array index out-of-bounds (index 64, limit 55)
L 08/10/2022 - 20:50:28: [SM] Blaming: weapon_restrict.smx
L 08/10/2022 - 20:50:28: [SM] Call stack trace:
L 08/10/2022 - 20:50:28: [SM]   [1] Line 202, restrictinc/events.sp::CS_OnBuyCommand
L 08/10/2022 - 20:50:31: [SM] Exception reported: Array index out-of-bounds (index 64, limit 55)
L 08/10/2022 - 20:50:31: [SM] Blaming: weapon_restrict.smx
L 08/10/2022 - 20:50:31: [SM] Call stack trace:
L 08/10/2022 - 20:50:31: [SM]   [1] Line 202, restrictinc/events.sp::CS_OnBuyCommand
L 08/10/2022 - 20:50:44: [SM] Exception reported: Array index out-of-bounds (index 64, limit 55)
L 08/10/2022 - 20:50:44: [SM] Blaming: weapon_restrict.smx
L 08/10/2022 - 20:50:44: [SM] Call stack trace:
L 08/10/2022 - 20:50:44: [SM]   [1] Line 202, restrictinc/events.sp::CS_OnBuyCommand
L 08/10/2022 - 20:50:52: [SM] Exception reported: Array index out-of-bounds (index 64, limit 55)
L 08/10/2022 - 20:50:52: [SM] Blaming: weapon_restrict.smx
L 08/10/2022 - 20:50:52: [SM] Call stack trace:
L 08/10/2022 - 20:50:52: [SM]   [1] Line 202, restrictinc/events.sp::CS_OnBuyCommand
L 08/10/2022 - 20:52:07: [SM] Exception reported: Array index out-of-bounds (index 64, limit 55)
L 08/10/2022 - 20:52:07: [SM] Blaming: weapon_restrict.smx
L 08/10/2022 - 20:52:07: [SM] Call stack trace:
L 08/10/2022 - 20:52:07: [SM]   [1] Line 202, restrictinc/events.sp::CS_OnBuyCommand
L 08/10/2022 - 20:53:26: [SM] Exception reported: Array index out-of-bounds (index 64, limit 55)
L 08/10/2022 - 20:53:26: [SM] Blaming: weapon_restrict.smx
L 08/10/2022 - 20:53:26: [SM] Call stack trace:
L 08/10/2022 - 20:53:26: [SM]   [1] Line 202, restrictinc/events.sp::CS_OnBuyCommand
L 08/10/2022 - 20:57:15: [SM] Exception reported: Array index out-of-bounds (index 64, limit 55)
L 08/10/2022 - 20:57:15: [SM] Blaming: weapon_restrict.smx
L 08/10/2022 - 20:57:15: [SM] Call stack trace:
L 08/10/2022 - 20:57:15: [SM]   [1] Line 202, restrictinc/events.sp::CS_OnBuyCommand
L 08/10/2022 - 20:58:29: [SM] Exception reported: Array index out-of-bounds (index 64, limit 55)
L 08/10/2022 - 20:58:29: [SM] Blaming: weapon_restrict.smx
L 08/10/2022 - 20:58:29: [SM] Call stack trace:
L 08/10/2022 - 20:58:29: [SM]   [1] Line 202, restrictinc/events.sp::CS_OnBuyCommand
L 08/10/2022 - 20:58:30: [SM] Exception reported: Array index out-of-bounds (index 64, limit 55)
L 08/10/2022 - 20:58:30: [SM] Blaming: weapon_restrict.smx
L 08/10/2022 - 20:58:30: [SM] Call stack trace:
L 08/10/2022 - 20:58:30: [SM]   [1] Line 202, restrictinc/events.sp::CS_OnBuyCommand
L 08/10/2022 - 21:01:01: [SM] Exception reported: Array index out-of-bounds (index 64, limit 55)
L 08/10/2022 - 21:01:01: [SM] Blaming: weapon_restrict.smx
L 08/10/2022 - 21:01:01: [SM] Call stack trace:
L 08/10/2022 - 21:01:01: [SM]   [1] Line 202, restrictinc/events.sp::CS_OnBuyCommand
L 08/10/2022 - 21:01:05: [SM] Exception reported: Array index out-of-bounds (index 64, limit 55)
L 08/10/2022 - 21:01:05: [SM] Blaming: weapon_restrict.smx
L 08/10/2022 - 21:01:05: [SM] Call stack trace:
L 08/10/2022 - 21:01:05: [SM]   [1] Line 202, restrictinc/events.sp::CS_OnBuyCommand
L 08/10/2022 - 21:02:42: [SM] Exception reported: Array index out-of-bounds (index 64, limit 55)
L 08/10/2022 - 21:02:42: [SM] Blaming: weapon_restrict.smx
L 08/10/2022 - 21:02:42: [SM] Call stack trace:
L 08/10/2022 - 21:02:42: [SM]   [1] Line 202, restrictinc/events.sp::CS_OnBuyCommand
L 08/10/2022 - 21:02:56: [SM] Exception reported: Array index out-of-bounds (index 64, limit 55)
L 08/10/2022 - 21:02:56: [SM] Blaming: weapon_restrict.smx
L 08/10/2022 - 21:02:56: [SM] Call stack trace:
L 08/10/2022 - 21:02:56: [SM]   [1] Line 202, restrictinc/events.sp::CS_OnBuyCommand
L 08/10/2022 - 21:06:27: [SM] Exception reported: Array index out-of-bounds (index 64, limit 55)
L 08/10/2022 - 21:06:27: [SM] Blaming: weapon_restrict.smx
L 08/10/2022 - 21:06:27: [SM] Call stack trace:
L 08/10/2022 - 21:06:27: [SM]   [1] Line 202, restrictinc/events.sp::CS_OnBuyCommand
L 08/10/2022 - 21:06:28: [SM] Exception reported: Array index out-of-bounds (index 64, limit 55)
L 08/10/2022 - 21:06:28: [SM] Blaming: weapon_restrict.smx
L 08/10/2022 - 21:06:28: [SM] Call stack trace:
L 08/10/2022 - 21:06:28: [SM]   [1] Line 202, restrictinc/events.sp::CS_OnBuyCommand
L 08/10/2022 - 21:08:09: [SM] Exception reported: Array index out-of-bounds (index 64, limit 55)
L 08/10/2022 - 21:08:09: [SM] Blaming: weapon_restrict.smx
L 08/10/2022 - 21:08:09: [SM] Call stack trace:
L 08/10/2022 - 21:08:09: [SM]   [1] Line 202, restrictinc/events.sp::CS_OnBuyCommand
L 08/10/2022 - 21:08:17: [SM] Exception reported: Array index out-of-bounds (index 64, limit 55)
L 08/10/2022 - 21:08:17: [SM] Blaming: weapon_restrict.smx
L 08/10/2022 - 21:08:17: [SM] Call stack trace:
L 08/10/2022 - 21:08:17: [SM]   [1] Line 202, restrictinc/events.sp::CS_OnBuyCommand
L 08/10/2022 - 21:08:19: [SM] Exception reported: Array index out-of-bounds (index 64, limit 55)
L 08/10/2022 - 21:08:19: [SM] Blaming: weapon_restrict.smx
L 08/10/2022 - 21:08:19: [SM] Call stack trace:
L 08/10/2022 - 21:08:19: [SM]   [1] Line 202, restrictinc/events.sp::CS_OnBuyCommand
L 08/10/2022 - 21:08:25: [SM] Exception reported: Array index out-of-bounds (index 64, limit 55)
L 08/10/2022 - 21:08:25: [SM] Blaming: weapon_restrict.smx
L 08/10/2022 - 21:08:25: [SM] Call stack trace:
L 08/10/2022 - 21:08:25: [SM]   [1] Line 202, restrictinc/events.sp::CS_OnBuyCommand
L 08/10/2022 - 21:09:13: [SM] Exception reported: Array index out-of-bounds (index 64, limit 55)
L 08/10/2022 - 21:09:13: [SM] Blaming: weapon_restrict.smx
L 08/10/2022 - 21:09:13: [SM] Call stack trace:
L 08/10/2022 - 21:09:13: [SM]   [1] Line 202, restrictinc/events.sp::CS_OnBuyCommand
L 08/10/2022 - 21:11:38: [SM] Exception reported: Array index out-of-bounds (index 64, limit 55)
L 08/10/2022 - 21:11:38: [SM] Blaming: weapon_restrict.smx
L 08/10/2022 - 21:11:38: [SM] Call stack trace:
L 08/10/2022 - 21:11:38: [SM]   [1] Line 202, restrictinc/events.sp::CS_OnBuyCommand
L 08/10/2022 - 21:13:23: [SM] Exception reported: Array index out-of-bounds (index 64, limit 55)
L 08/10/2022 - 21:13:23: [SM] Blaming: weapon_restrict.smx
L 08/10/2022 - 21:13:23: [SM] Call stack trace:
L 08/10/2022 - 21:13:23: [SM]   [1] Line 202, restrictinc/events.sp::CS_OnBuyCommand
L 08/10/2022 - 21:13:24: [SM] Exception reported: Array index out-of-bounds (index 64, limit 55)
L 08/10/2022 - 21:13:24: [SM] Blaming: weapon_restrict.smx
L 08/10/2022 - 21:13:24: [SM] Call stack trace:
L 08/10/2022 - 21:13:24: [SM]   [1] Line 202, restrictinc/events.sp::CS_OnBuyCommand
L 08/10/2022 - 21:13:25: [SM] Exception reported: Array index out-of-bounds (index 64, limit 55)
L 08/10/2022 - 21:13:25: [SM] Blaming: weapon_restrict.smx
L 08/10/2022 - 21:13:25: [SM] Call stack trace:
L 08/10/2022 - 21:13:25: [SM]   [1] Line 202, restrictinc/events.sp::CS_OnBuyCommand
L 08/10/2022 - 21:13:25: [SM] Exception reported: Array index out-of-bounds (index 64, limit 55)
L 08/10/2022 - 21:13:25: [SM] Blaming: weapon_restrict.smx
L 08/10/2022 - 21:13:25: [SM] Call stack trace:
L 08/10/2022 - 21:13:25: [SM]   [1] Line 202, restrictinc/events.sp::CS_OnBuyCommand
L 08/10/2022 - 21:13:26: [SM] Exception reported: Array index out-of-bounds (index 64, limit 55)
L 08/10/2022 - 21:13:26: [SM] Blaming: weapon_restrict.smx
L 08/10/2022 - 21:13:26: [SM] Call stack trace:
L 08/10/2022 - 21:13:26: [SM]   [1] Line 202, restrictinc/events.sp::CS_OnBuyCommand
L 08/10/2022 - 21:13:26: [SM] Exception reported: Array index out-of-bounds (index 64, limit 55)
L 08/10/2022 - 21:13:26: [SM] Blaming: weapon_restrict.smx
L 08/10/2022 - 21:13:26: [SM] Call stack trace:
L 08/10/2022 - 21:13:26: [SM]   [1] Line 202, restrictinc/events.sp::CS_OnBuyCommand
L 08/10/2022 - 21:13:30: [SM] Exception reported: Array index out-of-bounds (index 64, limit 55)
L 08/10/2022 - 21:13:30: [SM] Blaming: weapon_restrict.smx
L 08/10/2022 - 21:13:30: [SM] Call stack trace:
L 08/10/2022 - 21:13:30: [SM]   [1] Line 202, restrictinc/events.sp::CS_OnBuyCommand
L 08/10/2022 - 21:13:30: [SM] Exception reported: Array index out-of-bounds (index 64, limit 55)
L 08/10/2022 - 21:13:30: [SM] Blaming: weapon_restrict.smx
L 08/10/2022 - 21:13:30: [SM] Call stack trace:
L 08/10/2022 - 21:13:30: [SM]   [1] Line 202, restrictinc/events.sp::CS_OnBuyCommand
L 08/10/2022 - 21:15:16: [SM] Exception reported: Array index out-of-bounds (index 64, limit 55)
L 08/10/2022 - 21:15:16: [SM] Blaming: weapon_restrict.smx
L 08/10/2022 - 21:15:16: [SM] Call stack trace:
L 08/10/2022 - 21:15:16: [SM]   [1] Line 202, restrictinc/events.sp::CS_OnBuyCommand
L 08/10/2022 - 21:15:20: [SM] Exception reported: Array index out-of-bounds (index 64, limit 55)
L 08/10/2022 - 21:15:20: [SM] Blaming: weapon_restrict.smx
L 08/10/2022 - 21:15:20: [SM] Call stack trace:
L 08/10/2022 - 21:15:20: [SM]   [1] Line 202, restrictinc/events.sp::CS_OnBuyCommand
L 08/10/2022 - 21:15:21: [SM] Exception reported: Array index out-of-bounds (index 64, limit 55)
L 08/10/2022 - 21:15:21: [SM] Blaming: weapon_restrict.smx
L 08/10/2022 - 21:15:21: [SM] Call stack trace:
L 08/10/2022 - 21:15:21: [SM]   [1] Line 202, restrictinc/events.sp::CS_OnBuyCommand
L 08/10/2022 - 21:17:09: [SM] Exception reported: Array index out-of-bounds (index 64, limit 55)
L 08/10/2022 - 21:17:09: [SM] Blaming: weapon_restrict.smx
L 08/10/2022 - 21:17:09: [SM] Call stack trace:
L 08/10/2022 - 21:17:09: [SM]   [1] Line 202, restrictinc/events.sp::CS_OnBuyCommand
L 08/10/2022 - 21:17:11: [SM] Exception reported: Array index out-of-bounds (index 64, limit 55)
L 08/10/2022 - 21:17:11: [SM] Blaming: weapon_restrict.smx
L 08/10/2022 - 21:17:11: [SM] Call stack trace:
L 08/10/2022 - 21:17:11: [SM]   [1] Line 202, restrictinc/events.sp::CS_OnBuyCommand
L 08/10/2022 - 21:17:12: [SM] Exception reported: Array index out-of-bounds (index 64, limit 55)
L 08/10/2022 - 21:17:12: [SM] Blaming: weapon_restrict.smx
L 08/10/2022 - 21:17:12: [SM] Call stack trace:
L 08/10/2022 - 21:17:12: [SM]   [1] Line 202, restrictinc/events.sp::CS_OnBuyCommand
L 08/10/2022 - 21:17:21: [SM] Exception reported: Array index out-of-bounds (index 64, limit 55)
L 08/10/2022 - 21:17:21: [SM] Blaming: weapon_restrict.smx
L 08/10/2022 - 21:17:21: [SM] Call stack trace:
L 08/10/2022 - 21:17:21: [SM]   [1] Line 202, restrictinc/events.sp::CS_OnBuyCommand
L 08/10/2022 - 21:17:24: [SM] Exception reported: Array index out-of-bounds (index 64, limit 55)
L 08/10/2022 - 21:17:24: [SM] Blaming: weapon_restrict.smx
L 08/10/2022 - 21:17:24: [SM] Call stack trace:
L 08/10/2022 - 21:17:24: [SM]   [1] Line 202, restrictinc/events.sp::CS_OnBuyCommand
L 08/10/2022 - 21:18:16: [SM] Exception reported: Array index out-of-bounds (index 64, limit 55)
L 08/10/2022 - 21:18:16: [SM] Blaming: weapon_restrict.smx
L 08/10/2022 - 21:18:16: [SM] Call stack trace:
L 08/10/2022 - 21:18:16: [SM]   [1] Line 202, restrictinc/events.sp::CS_OnBuyCommand
L 08/10/2022 - 21:20:21: [SM] Exception reported: Array index out-of-bounds (index 64, limit 55)
L 08/10/2022 - 21:20:21: [SM] Blaming: weapon_restrict.smx
L 08/10/2022 - 21:20:21: [SM] Call stack trace:
L 08/10/2022 - 21:20:21: [SM]   [1] Line 202, restrictinc/events.sp::CS_OnBuyCommand
L 08/10/2022 - 21:20:23: [SM] Exception reported: Array index out-of-bounds (index 64, limit 55)
L 08/10/2022 - 21:20:23: [SM] Blaming: weapon_restrict.smx
L 08/10/2022 - 21:20:23: [SM] Call stack trace:
L 08/10/2022 - 21:20:23: [SM]   [1] Line 202, restrictinc/events.sp::CS_OnBuyCommand
L 08/10/2022 - 21:20:25: [SM] Exception reported: Array index out-of-bounds (index 64, limit 55)
L 08/10/2022 - 21:20:25: [SM] Blaming: weapon_restrict.smx
L 08/10/2022 - 21:20:25: [SM] Call stack trace:
L 08/10/2022 - 21:20:25: [SM]   [1] Line 202, restrictinc/events.sp::CS_OnBuyCommand
L 08/10/2022 - 21:21:55: [SM] Exception reported: Array index out-of-bounds (index 64, limit 55)
L 08/10/2022 - 21:21:55: [SM] Blaming: weapon_restrict.smx
L 08/10/2022 - 21:21:55: [SM] Call stack trace:
L 08/10/2022 - 21:21:55: [SM]   [1] Line 202, restrictinc/events.sp::CS_OnBuyCommand
L 08/10/2022 - 21:22:40: [SM] Exception reported: Array index out-of-bounds (index 64, limit 55)
L 08/10/2022 - 21:22:40: [SM] Blaming: weapon_restrict.smx
L 08/10/2022 - 21:22:40: [SM] Call stack trace:
L 08/10/2022 - 21:22:40: [SM]   [1] Line 202, restrictinc/events.sp::CS_OnBuyCommand
L 08/10/2022 - 21:24:37: [SM] Exception reported: Array index out-of-bounds (index 64, limit 55)
L 08/10/2022 - 21:24:37: [SM] Blaming: weapon_restrict.smx
L 08/10/2022 - 21:24:37: [SM] Call stack trace:
L 08/10/2022 - 21:24:37: [SM]   [1] Line 202, restrictinc/events.sp::CS_OnBuyCommand
L 08/10/2022 - 21:50:35: Error log file session closed.
L 08/10/2022 - 21:50:35: SourceMod error session started
L 08/10/2022 - 21:50:35: Info (map "de_overpass") (file "/home/csgo/csgo/addons/sourcemod/logs/errors_20220810.log")
L 08/10/2022 - 21:50:35: [SM] Fatal error encountered parsing translation file "movecommands.phrases.txt"
L 08/10/2022 - 21:50:35: [SM] Error (line 0, column 0): Stream failed to open
L 08/10/2022 - 21:53:29: Error log file session closed.
L 08/10/2022 - 21:53:29: SourceMod error session started
L 08/10/2022 - 21:53:29: Info (map "de_overpass") (file "/home/csgo/csgo/addons/sourcemod/logs/errors_20220810.log")
L 08/10/2022 - 21:53:29: [SM] Fatal error encountered parsing translation file "movecommands.phrases.txt"
L 08/10/2022 - 21:53:29: [SM] Error (line 0, column 0): Stream failed to open
L 08/10/2022 - 21:54:06: Error log file session closed.
L 08/10/2022 - 21:54:06: SourceMod error session started
L 08/10/2022 - 21:54:06: Info (map "de_overpass") (file "/home/csgo/csgo/addons/sourcemod/logs/errors_20220810.log")
L 08/10/2022 - 21:54:06: [SM] Fatal error encountered parsing translation file "movecommands.phrases.txt"
L 08/10/2022 - 21:54:06: [SM] Error (line 0, column 0): Stream failed to open
L 08/10/2022 - 22:47:43: Error log file session closed.
L 08/10/2022 - 22:47:43: SourceMod error session started
L 08/10/2022 - 22:47:43: Info (map "de_overpass") (file "/home/csgo/csgo/addons/sourcemod/logs/errors_20220810.log")
L 08/10/2022 - 22:47:43: [SM] Fatal error encountered parsing translation file "movecommands.phrases.txt"
L 08/10/2022 - 22:47:43: [SM] Error (line 0, column 0): Stream failed to open
L 08/11/2022 - 01:29:51: Error log file session closed.
