L 09/06/2022 - 19:59:00: SourceMod error session started
L 09/06/2022 - 19:59:00: Info (map "de_mirage") (file "/home/csgo/csgo/addons/sourcemod/logs/errors_20220906.log")
L 09/06/2022 - 19:59:00: [SM] Exception reported: Array index out-of-bounds (index 64, limit 55)
L 09/06/2022 - 19:59:00: [SM] Blaming: weapon_restrict.smx
L 09/06/2022 - 19:59:00: [SM] Call stack trace:
L 09/06/2022 - 19:59:00: [SM]   [1] Line 202, restrictinc/events.sp::CS_OnBuyCommand
L 09/06/2022 - 20:02:58: [SM] Exception reported: Array index out-of-bounds (index 64, limit 55)
L 09/06/2022 - 20:02:58: [SM] Blaming: weapon_restrict.smx
L 09/06/2022 - 20:02:58: [SM] Call stack trace:
L 09/06/2022 - 20:02:58: [SM]   [1] Line 202, restrictinc/events.sp::CS_OnBuyCommand
L 09/06/2022 - 20:07:05: [SM] Exception reported: Array index out-of-bounds (index 64, limit 55)
L 09/06/2022 - 20:07:05: [SM] Blaming: weapon_restrict.smx
L 09/06/2022 - 20:07:05: [SM] Call stack trace:
L 09/06/2022 - 20:07:05: [SM]   [1] Line 202, restrictinc/events.sp::CS_OnBuyCommand
L 09/06/2022 - 20:09:35: [SM] Exception reported: Array index out-of-bounds (index 64, limit 55)
L 09/06/2022 - 20:09:35: [SM] Blaming: weapon_restrict.smx
L 09/06/2022 - 20:09:35: [SM] Call stack trace:
L 09/06/2022 - 20:09:35: [SM]   [1] Line 202, restrictinc/events.sp::CS_OnBuyCommand
L 09/06/2022 - 20:10:12: [SM] Exception reported: Array index out-of-bounds (index 64, limit 55)
L 09/06/2022 - 20:10:12: [SM] Blaming: weapon_restrict.smx
L 09/06/2022 - 20:10:12: [SM] Call stack trace:
L 09/06/2022 - 20:10:12: [SM]   [1] Line 202, restrictinc/events.sp::CS_OnBuyCommand
L 09/06/2022 - 20:12:09: [SM] Exception reported: Array index out-of-bounds (index 64, limit 55)
L 09/06/2022 - 20:12:09: [SM] Blaming: weapon_restrict.smx
L 09/06/2022 - 20:12:09: [SM] Call stack trace:
L 09/06/2022 - 20:12:09: [SM]   [1] Line 202, restrictinc/events.sp::CS_OnBuyCommand
L 09/06/2022 - 20:12:55: [SM] Exception reported: Array index out-of-bounds (index 64, limit 55)
L 09/06/2022 - 20:12:55: [SM] Blaming: weapon_restrict.smx
L 09/06/2022 - 20:12:55: [SM] Call stack trace:
L 09/06/2022 - 20:12:55: [SM]   [1] Line 202, restrictinc/events.sp::CS_OnBuyCommand
L 09/06/2022 - 20:27:51: Error log file session closed.
L 09/06/2022 - 20:46:34: SourceMod error session started
L 09/06/2022 - 20:46:34: Info (map "de_mirage") (file "/home/csgo/csgo/addons/sourcemod/logs/errors_20220906.log")
L 09/06/2022 - 20:46:34: [SM] Exception reported: Array index out-of-bounds (index 64, limit 55)
L 09/06/2022 - 20:46:34: [SM] Blaming: weapon_restrict.smx
L 09/06/2022 - 20:46:34: [SM] Call stack trace:
L 09/06/2022 - 20:46:34: [SM]   [1] Line 202, restrictinc/events.sp::CS_OnBuyCommand
L 09/06/2022 - 20:47:15: [SM] Exception reported: Array index out-of-bounds (index 64, limit 55)
L 09/06/2022 - 20:47:15: [SM] Blaming: weapon_restrict.smx
L 09/06/2022 - 20:47:15: [SM] Call stack trace:
L 09/06/2022 - 20:47:15: [SM]   [1] Line 202, restrictinc/events.sp::CS_OnBuyCommand
L 09/06/2022 - 20:47:54: [SM] Exception reported: Array index out-of-bounds (index 64, limit 55)
L 09/06/2022 - 20:47:54: [SM] Blaming: weapon_restrict.smx
L 09/06/2022 - 20:47:54: [SM] Call stack trace:
L 09/06/2022 - 20:47:54: [SM]   [1] Line 202, restrictinc/events.sp::CS_OnBuyCommand
L 09/06/2022 - 20:48:14: [SM] Exception reported: Array index out-of-bounds (index 64, limit 55)
L 09/06/2022 - 20:48:14: [SM] Blaming: weapon_restrict.smx
L 09/06/2022 - 20:48:14: [SM] Call stack trace:
L 09/06/2022 - 20:48:14: [SM]   [1] Line 202, restrictinc/events.sp::CS_OnBuyCommand
L 09/06/2022 - 20:51:52: [SM] Exception reported: Array index out-of-bounds (index 64, limit 55)
L 09/06/2022 - 20:51:52: [SM] Blaming: weapon_restrict.smx
L 09/06/2022 - 20:51:52: [SM] Call stack trace:
L 09/06/2022 - 20:51:52: [SM]   [1] Line 202, restrictinc/events.sp::CS_OnBuyCommand
L 09/06/2022 - 20:55:18: [SM] Exception reported: Array index out-of-bounds (index 64, limit 55)
L 09/06/2022 - 20:55:18: [SM] Blaming: weapon_restrict.smx
L 09/06/2022 - 20:55:18: [SM] Call stack trace:
L 09/06/2022 - 20:55:18: [SM]   [1] Line 202, restrictinc/events.sp::CS_OnBuyCommand
L 09/06/2022 - 20:55:37: [SM] Exception reported: Array index out-of-bounds (index 64, limit 55)
L 09/06/2022 - 20:55:37: [SM] Blaming: weapon_restrict.smx
L 09/06/2022 - 20:55:37: [SM] Call stack trace:
L 09/06/2022 - 20:55:37: [SM]   [1] Line 202, restrictinc/events.sp::CS_OnBuyCommand
L 09/06/2022 - 20:56:34: [SM] Exception reported: Array index out-of-bounds (index 64, limit 55)
L 09/06/2022 - 20:56:34: [SM] Blaming: weapon_restrict.smx
L 09/06/2022 - 20:56:34: [SM] Call stack trace:
L 09/06/2022 - 20:56:34: [SM]   [1] Line 202, restrictinc/events.sp::CS_OnBuyCommand
L 09/06/2022 - 20:56:39: [SM] Exception reported: Array index out-of-bounds (index 64, limit 55)
L 09/06/2022 - 20:56:39: [SM] Blaming: weapon_restrict.smx
L 09/06/2022 - 20:56:39: [SM] Call stack trace:
L 09/06/2022 - 20:56:39: [SM]   [1] Line 202, restrictinc/events.sp::CS_OnBuyCommand
L 09/06/2022 - 20:56:47: [SM] Exception reported: Array index out-of-bounds (index 64, limit 55)
L 09/06/2022 - 20:56:47: [SM] Blaming: weapon_restrict.smx
L 09/06/2022 - 20:56:47: [SM] Call stack trace:
L 09/06/2022 - 20:56:47: [SM]   [1] Line 202, restrictinc/events.sp::CS_OnBuyCommand
L 09/06/2022 - 21:04:30: Error log file session closed.
L 09/06/2022 - 21:06:30: SourceMod error session started
L 09/06/2022 - 21:06:30: Info (map "de_train") (file "/home/csgo/csgo/addons/sourcemod/logs/errors_20220906.log")
L 09/06/2022 - 21:06:30: [SM] Exception reported: Array index out-of-bounds (index 64, limit 55)
L 09/06/2022 - 21:06:30: [SM] Blaming: weapon_restrict.smx
L 09/06/2022 - 21:06:30: [SM] Call stack trace:
L 09/06/2022 - 21:06:30: [SM]   [1] Line 202, restrictinc/events.sp::CS_OnBuyCommand
L 09/06/2022 - 21:06:33: [SM] Exception reported: Array index out-of-bounds (index 64, limit 55)
L 09/06/2022 - 21:06:33: [SM] Blaming: weapon_restrict.smx
L 09/06/2022 - 21:06:33: [SM] Call stack trace:
L 09/06/2022 - 21:06:33: [SM]   [1] Line 202, restrictinc/events.sp::CS_OnBuyCommand
L 09/06/2022 - 21:06:42: [SM] Exception reported: Array index out-of-bounds (index 64, limit 55)
L 09/06/2022 - 21:06:42: [SM] Blaming: weapon_restrict.smx
L 09/06/2022 - 21:06:42: [SM] Call stack trace:
L 09/06/2022 - 21:06:42: [SM]   [1] Line 202, restrictinc/events.sp::CS_OnBuyCommand
L 09/06/2022 - 21:10:03: [SM] Exception reported: Array index out-of-bounds (index 64, limit 55)
L 09/06/2022 - 21:10:03: [SM] Blaming: weapon_restrict.smx
L 09/06/2022 - 21:10:03: [SM] Call stack trace:
L 09/06/2022 - 21:10:03: [SM]   [1] Line 202, restrictinc/events.sp::CS_OnBuyCommand
L 09/06/2022 - 21:10:39: [SM] Exception reported: Array index out-of-bounds (index 64, limit 55)
L 09/06/2022 - 21:10:39: [SM] Blaming: weapon_restrict.smx
L 09/06/2022 - 21:10:39: [SM] Call stack trace:
L 09/06/2022 - 21:10:39: [SM]   [1] Line 202, restrictinc/events.sp::CS_OnBuyCommand
L 09/06/2022 - 21:20:04: [SM] Exception reported: Array index out-of-bounds (index 64, limit 55)
L 09/06/2022 - 21:20:04: [SM] Blaming: weapon_restrict.smx
L 09/06/2022 - 21:20:04: [SM] Call stack trace:
L 09/06/2022 - 21:20:04: [SM]   [1] Line 202, restrictinc/events.sp::CS_OnBuyCommand
L 09/06/2022 - 21:20:11: [SM] Exception reported: Array index out-of-bounds (index 64, limit 55)
L 09/06/2022 - 21:20:11: [SM] Blaming: weapon_restrict.smx
L 09/06/2022 - 21:20:11: [SM] Call stack trace:
L 09/06/2022 - 21:20:11: [SM]   [1] Line 202, restrictinc/events.sp::CS_OnBuyCommand
L 09/06/2022 - 21:21:07: [SM] Exception reported: Array index out-of-bounds (index 64, limit 55)
L 09/06/2022 - 21:21:07: [SM] Blaming: weapon_restrict.smx
L 09/06/2022 - 21:21:07: [SM] Call stack trace:
L 09/06/2022 - 21:21:07: [SM]   [1] Line 202, restrictinc/events.sp::CS_OnBuyCommand
L 09/06/2022 - 21:25:50: [SM] Exception reported: Array index out-of-bounds (index 64, limit 55)
L 09/06/2022 - 21:25:50: [SM] Blaming: weapon_restrict.smx
L 09/06/2022 - 21:25:50: [SM] Call stack trace:
L 09/06/2022 - 21:25:50: [SM]   [1] Line 202, restrictinc/events.sp::CS_OnBuyCommand
L 09/06/2022 - 23:11:11: Error log file session closed.
