L 10/01/2022 - 03:21:00: SourceMod error session started
L 10/01/2022 - 03:21:00: Info (map "de_mirage") (file "/badfupo/server1/csgo/addons/sourcemod/logs/errors_20221001.log")
L 10/01/2022 - 03:21:00: [warmod.smx] Plug-in tEasyFTP.smx required to auto upload demos
L 10/01/2022 - 03:21:25: Error log file session closed.
L 10/01/2022 - 12:22:57: SourceMod error session started
L 10/01/2022 - 12:22:57: Info (map "de_inferno") (file "/badfupo/server1/csgo/addons/sourcemod/logs/errors_20221001.log")
L 10/01/2022 - 12:22:57: [SM] Exception reported: Array index out-of-bounds (index 64, limit 55)
L 10/01/2022 - 12:22:57: [SM] Blaming: weapon_restrict.smx
L 10/01/2022 - 12:22:57: [SM] Call stack trace:
L 10/01/2022 - 12:22:57: [SM]   [1] Line 202, restrictinc/events.sp::CS_OnBuyCommand
L 10/01/2022 - 12:23:15: [SM] Exception reported: Array index out-of-bounds (index 64, limit 55)
L 10/01/2022 - 12:23:15: [SM] Blaming: weapon_restrict.smx
L 10/01/2022 - 12:23:15: [SM] Call stack trace:
L 10/01/2022 - 12:23:15: [SM]   [1] Line 202, restrictinc/events.sp::CS_OnBuyCommand
L 10/01/2022 - 12:23:20: [SM] Exception reported: Array index out-of-bounds (index 64, limit 55)
L 10/01/2022 - 12:23:20: [SM] Blaming: weapon_restrict.smx
L 10/01/2022 - 12:23:20: [SM] Call stack trace:
L 10/01/2022 - 12:23:20: [SM]   [1] Line 202, restrictinc/events.sp::CS_OnBuyCommand
L 10/01/2022 - 12:23:31: [SM] Exception reported: Array index out-of-bounds (index 64, limit 55)
L 10/01/2022 - 12:23:31: [SM] Blaming: weapon_restrict.smx
L 10/01/2022 - 12:23:31: [SM] Call stack trace:
L 10/01/2022 - 12:23:31: [SM]   [1] Line 202, restrictinc/events.sp::CS_OnBuyCommand
L 10/01/2022 - 12:23:48: [SM] Exception reported: Array index out-of-bounds (index 64, limit 55)
L 10/01/2022 - 12:23:48: [SM] Blaming: weapon_restrict.smx
L 10/01/2022 - 12:23:48: [SM] Call stack trace:
L 10/01/2022 - 12:23:48: [SM]   [1] Line 202, restrictinc/events.sp::CS_OnBuyCommand
L 10/01/2022 - 12:23:57: [SM] Exception reported: Array index out-of-bounds (index 64, limit 55)
L 10/01/2022 - 12:23:57: [SM] Blaming: weapon_restrict.smx
L 10/01/2022 - 12:23:57: [SM] Call stack trace:
L 10/01/2022 - 12:23:57: [SM]   [1] Line 202, restrictinc/events.sp::CS_OnBuyCommand
L 10/01/2022 - 12:24:21: [SM] Exception reported: Array index out-of-bounds (index 64, limit 55)
L 10/01/2022 - 12:24:21: [SM] Blaming: weapon_restrict.smx
L 10/01/2022 - 12:24:21: [SM] Call stack trace:
L 10/01/2022 - 12:24:21: [SM]   [1] Line 202, restrictinc/events.sp::CS_OnBuyCommand
L 10/01/2022 - 12:24:27: [SM] Exception reported: Array index out-of-bounds (index 64, limit 55)
L 10/01/2022 - 12:24:27: [SM] Blaming: weapon_restrict.smx
L 10/01/2022 - 12:24:27: [SM] Call stack trace:
L 10/01/2022 - 12:24:27: [SM]   [1] Line 202, restrictinc/events.sp::CS_OnBuyCommand
L 10/01/2022 - 12:24:48: [SM] Exception reported: Array index out-of-bounds (index 64, limit 55)
L 10/01/2022 - 12:24:48: [SM] Blaming: weapon_restrict.smx
L 10/01/2022 - 12:24:48: [SM] Call stack trace:
L 10/01/2022 - 12:24:48: [SM]   [1] Line 202, restrictinc/events.sp::CS_OnBuyCommand
L 10/01/2022 - 12:25:03: [SM] Exception reported: Array index out-of-bounds (index 64, limit 55)
L 10/01/2022 - 12:25:03: [SM] Blaming: weapon_restrict.smx
L 10/01/2022 - 12:25:03: [SM] Call stack trace:
L 10/01/2022 - 12:25:03: [SM]   [1] Line 202, restrictinc/events.sp::CS_OnBuyCommand
L 10/01/2022 - 12:25:13: [SM] Exception reported: Array index out-of-bounds (index 64, limit 55)
L 10/01/2022 - 12:25:13: [SM] Blaming: weapon_restrict.smx
L 10/01/2022 - 12:25:13: [SM] Call stack trace:
L 10/01/2022 - 12:25:13: [SM]   [1] Line 202, restrictinc/events.sp::CS_OnBuyCommand
L 10/01/2022 - 12:25:25: [SM] Exception reported: Array index out-of-bounds (index 64, limit 55)
L 10/01/2022 - 12:25:25: [SM] Blaming: weapon_restrict.smx
L 10/01/2022 - 12:25:25: [SM] Call stack trace:
L 10/01/2022 - 12:25:25: [SM]   [1] Line 202, restrictinc/events.sp::CS_OnBuyCommand
L 10/01/2022 - 12:25:36: [SM] Exception reported: Array index out-of-bounds (index 64, limit 55)
L 10/01/2022 - 12:25:36: [SM] Blaming: weapon_restrict.smx
L 10/01/2022 - 12:25:36: [SM] Call stack trace:
L 10/01/2022 - 12:25:36: [SM]   [1] Line 202, restrictinc/events.sp::CS_OnBuyCommand
L 10/01/2022 - 12:25:49: [SM] Exception reported: Array index out-of-bounds (index 64, limit 55)
L 10/01/2022 - 12:25:49: [SM] Blaming: weapon_restrict.smx
L 10/01/2022 - 12:25:49: [SM] Call stack trace:
L 10/01/2022 - 12:25:49: [SM]   [1] Line 202, restrictinc/events.sp::CS_OnBuyCommand
L 10/01/2022 - 12:25:52: [SM] Exception reported: Array index out-of-bounds (index 64, limit 55)
L 10/01/2022 - 12:25:52: [SM] Blaming: weapon_restrict.smx
L 10/01/2022 - 12:25:52: [SM] Call stack trace:
L 10/01/2022 - 12:25:52: [SM]   [1] Line 202, restrictinc/events.sp::CS_OnBuyCommand
L 10/01/2022 - 12:26:02: [SM] Exception reported: Array index out-of-bounds (index 64, limit 55)
L 10/01/2022 - 12:26:02: [SM] Blaming: weapon_restrict.smx
L 10/01/2022 - 12:26:02: [SM] Call stack trace:
L 10/01/2022 - 12:26:02: [SM]   [1] Line 202, restrictinc/events.sp::CS_OnBuyCommand
L 10/01/2022 - 12:26:03: [SM] Exception reported: Array index out-of-bounds (index 64, limit 55)
L 10/01/2022 - 12:26:03: [SM] Blaming: weapon_restrict.smx
L 10/01/2022 - 12:26:03: [SM] Call stack trace:
L 10/01/2022 - 12:26:03: [SM]   [1] Line 202, restrictinc/events.sp::CS_OnBuyCommand
L 10/01/2022 - 12:26:35: [SM] Exception reported: Array index out-of-bounds (index 64, limit 55)
L 10/01/2022 - 12:26:35: [SM] Blaming: weapon_restrict.smx
L 10/01/2022 - 12:26:35: [SM] Call stack trace:
L 10/01/2022 - 12:26:35: [SM]   [1] Line 202, restrictinc/events.sp::CS_OnBuyCommand
L 10/01/2022 - 12:26:42: [SM] Exception reported: Array index out-of-bounds (index 64, limit 55)
L 10/01/2022 - 12:26:42: [SM] Blaming: weapon_restrict.smx
L 10/01/2022 - 12:26:42: [SM] Call stack trace:
L 10/01/2022 - 12:26:42: [SM]   [1] Line 202, restrictinc/events.sp::CS_OnBuyCommand
L 10/01/2022 - 12:27:08: [SM] Exception reported: Array index out-of-bounds (index 64, limit 55)
L 10/01/2022 - 12:27:08: [SM] Blaming: weapon_restrict.smx
L 10/01/2022 - 12:27:08: [SM] Call stack trace:
L 10/01/2022 - 12:27:08: [SM]   [1] Line 202, restrictinc/events.sp::CS_OnBuyCommand
L 10/01/2022 - 12:27:23: [SM] Exception reported: Array index out-of-bounds (index 64, limit 55)
L 10/01/2022 - 12:27:23: [SM] Blaming: weapon_restrict.smx
L 10/01/2022 - 12:27:23: [SM] Call stack trace:
L 10/01/2022 - 12:27:23: [SM]   [1] Line 202, restrictinc/events.sp::CS_OnBuyCommand
L 10/01/2022 - 12:27:29: [SM] Exception reported: Array index out-of-bounds (index 64, limit 55)
L 10/01/2022 - 12:27:29: [SM] Blaming: weapon_restrict.smx
L 10/01/2022 - 12:27:29: [SM] Call stack trace:
L 10/01/2022 - 12:27:29: [SM]   [1] Line 202, restrictinc/events.sp::CS_OnBuyCommand
L 10/01/2022 - 12:27:38: [SM] Exception reported: Array index out-of-bounds (index 64, limit 55)
L 10/01/2022 - 12:27:38: [SM] Blaming: weapon_restrict.smx
L 10/01/2022 - 12:27:38: [SM] Call stack trace:
L 10/01/2022 - 12:27:38: [SM]   [1] Line 202, restrictinc/events.sp::CS_OnBuyCommand
L 10/01/2022 - 12:28:07: [SM] Exception reported: Array index out-of-bounds (index 64, limit 55)
L 10/01/2022 - 12:28:07: [SM] Blaming: weapon_restrict.smx
L 10/01/2022 - 12:28:07: [SM] Call stack trace:
L 10/01/2022 - 12:28:07: [SM]   [1] Line 202, restrictinc/events.sp::CS_OnBuyCommand
L 10/01/2022 - 12:28:16: [SM] Exception reported: Array index out-of-bounds (index 64, limit 55)
L 10/01/2022 - 12:28:16: [SM] Blaming: weapon_restrict.smx
L 10/01/2022 - 12:28:16: [SM] Call stack trace:
L 10/01/2022 - 12:28:16: [SM]   [1] Line 202, restrictinc/events.sp::CS_OnBuyCommand
L 10/01/2022 - 12:28:23: [SM] Exception reported: Array index out-of-bounds (index 64, limit 55)
L 10/01/2022 - 12:28:23: [SM] Blaming: weapon_restrict.smx
L 10/01/2022 - 12:28:23: [SM] Call stack trace:
L 10/01/2022 - 12:28:23: [SM]   [1] Line 202, restrictinc/events.sp::CS_OnBuyCommand
L 10/01/2022 - 12:28:31: [SM] Exception reported: Array index out-of-bounds (index 64, limit 55)
L 10/01/2022 - 12:28:31: [SM] Blaming: weapon_restrict.smx
L 10/01/2022 - 12:28:31: [SM] Call stack trace:
L 10/01/2022 - 12:28:31: [SM]   [1] Line 202, restrictinc/events.sp::CS_OnBuyCommand
L 10/01/2022 - 12:28:36: [SM] Exception reported: Array index out-of-bounds (index 64, limit 55)
L 10/01/2022 - 12:28:36: [SM] Blaming: weapon_restrict.smx
L 10/01/2022 - 12:28:36: [SM] Call stack trace:
L 10/01/2022 - 12:28:36: [SM]   [1] Line 202, restrictinc/events.sp::CS_OnBuyCommand
L 10/01/2022 - 12:28:48: [SM] Exception reported: Array index out-of-bounds (index 64, limit 55)
L 10/01/2022 - 12:28:48: [SM] Blaming: weapon_restrict.smx
L 10/01/2022 - 12:28:48: [SM] Call stack trace:
L 10/01/2022 - 12:28:48: [SM]   [1] Line 202, restrictinc/events.sp::CS_OnBuyCommand
L 10/01/2022 - 12:28:56: [SM] Exception reported: Array index out-of-bounds (index 64, limit 55)
L 10/01/2022 - 12:28:56: [SM] Blaming: weapon_restrict.smx
L 10/01/2022 - 12:28:56: [SM] Call stack trace:
L 10/01/2022 - 12:28:56: [SM]   [1] Line 202, restrictinc/events.sp::CS_OnBuyCommand
L 10/01/2022 - 12:34:39: [SM] Exception reported: Array index out-of-bounds (index 64, limit 55)
L 10/01/2022 - 12:34:39: [SM] Blaming: weapon_restrict.smx
L 10/01/2022 - 12:34:39: [SM] Call stack trace:
L 10/01/2022 - 12:34:39: [SM]   [1] Line 202, restrictinc/events.sp::CS_OnBuyCommand
L 10/01/2022 - 12:35:02: [SM] Exception reported: Array index out-of-bounds (index 64, limit 55)
L 10/01/2022 - 12:35:02: [SM] Blaming: weapon_restrict.smx
L 10/01/2022 - 12:35:02: [SM] Call stack trace:
L 10/01/2022 - 12:35:02: [SM]   [1] Line 202, restrictinc/events.sp::CS_OnBuyCommand
L 10/01/2022 - 12:35:05: [SM] Exception reported: Array index out-of-bounds (index 64, limit 55)
L 10/01/2022 - 12:35:05: [SM] Blaming: weapon_restrict.smx
L 10/01/2022 - 12:35:05: [SM] Call stack trace:
L 10/01/2022 - 12:35:05: [SM]   [1] Line 202, restrictinc/events.sp::CS_OnBuyCommand
L 10/01/2022 - 12:35:13: [SM] Exception reported: Array index out-of-bounds (index 64, limit 55)
L 10/01/2022 - 12:35:13: [SM] Blaming: weapon_restrict.smx
L 10/01/2022 - 12:35:13: [SM] Call stack trace:
L 10/01/2022 - 12:35:13: [SM]   [1] Line 202, restrictinc/events.sp::CS_OnBuyCommand
L 10/01/2022 - 12:35:32: [SM] Exception reported: Array index out-of-bounds (index 64, limit 55)
L 10/01/2022 - 12:35:32: [SM] Blaming: weapon_restrict.smx
L 10/01/2022 - 12:35:32: [SM] Call stack trace:
L 10/01/2022 - 12:35:32: [SM]   [1] Line 202, restrictinc/events.sp::CS_OnBuyCommand
L 10/01/2022 - 12:35:37: [SM] Exception reported: Array index out-of-bounds (index 64, limit 55)
L 10/01/2022 - 12:35:37: [SM] Blaming: weapon_restrict.smx
L 10/01/2022 - 12:35:37: [SM] Call stack trace:
L 10/01/2022 - 12:35:37: [SM]   [1] Line 202, restrictinc/events.sp::CS_OnBuyCommand
L 10/01/2022 - 12:35:51: [SM] Exception reported: Array index out-of-bounds (index 64, limit 55)
L 10/01/2022 - 12:35:51: [SM] Blaming: weapon_restrict.smx
L 10/01/2022 - 12:35:51: [SM] Call stack trace:
L 10/01/2022 - 12:35:51: [SM]   [1] Line 202, restrictinc/events.sp::CS_OnBuyCommand
L 10/01/2022 - 12:35:57: [SM] Exception reported: Array index out-of-bounds (index 64, limit 55)
L 10/01/2022 - 12:35:57: [SM] Blaming: weapon_restrict.smx
L 10/01/2022 - 12:35:57: [SM] Call stack trace:
L 10/01/2022 - 12:35:57: [SM]   [1] Line 202, restrictinc/events.sp::CS_OnBuyCommand
L 10/01/2022 - 12:36:04: [SM] Exception reported: Array index out-of-bounds (index 64, limit 55)
L 10/01/2022 - 12:36:04: [SM] Blaming: weapon_restrict.smx
L 10/01/2022 - 12:36:04: [SM] Call stack trace:
L 10/01/2022 - 12:36:04: [SM]   [1] Line 202, restrictinc/events.sp::CS_OnBuyCommand
L 10/01/2022 - 12:36:14: [SM] Exception reported: Array index out-of-bounds (index 64, limit 55)
L 10/01/2022 - 12:36:14: [SM] Blaming: weapon_restrict.smx
L 10/01/2022 - 12:36:14: [SM] Call stack trace:
L 10/01/2022 - 12:36:14: [SM]   [1] Line 202, restrictinc/events.sp::CS_OnBuyCommand
L 10/01/2022 - 12:36:18: [SM] Exception reported: Array index out-of-bounds (index 64, limit 55)
L 10/01/2022 - 12:36:18: [SM] Blaming: weapon_restrict.smx
L 10/01/2022 - 12:36:18: [SM] Call stack trace:
L 10/01/2022 - 12:36:18: [SM]   [1] Line 202, restrictinc/events.sp::CS_OnBuyCommand
L 10/01/2022 - 12:36:26: [SM] Exception reported: Array index out-of-bounds (index 64, limit 55)
L 10/01/2022 - 12:36:26: [SM] Blaming: weapon_restrict.smx
L 10/01/2022 - 12:36:26: [SM] Call stack trace:
L 10/01/2022 - 12:36:26: [SM]   [1] Line 202, restrictinc/events.sp::CS_OnBuyCommand
L 10/01/2022 - 12:36:37: [SM] Exception reported: Array index out-of-bounds (index 64, limit 55)
L 10/01/2022 - 12:36:37: [SM] Blaming: weapon_restrict.smx
L 10/01/2022 - 12:36:37: [SM] Call stack trace:
L 10/01/2022 - 12:36:37: [SM]   [1] Line 202, restrictinc/events.sp::CS_OnBuyCommand
L 10/01/2022 - 12:36:46: [SM] Exception reported: Array index out-of-bounds (index 64, limit 55)
L 10/01/2022 - 12:36:46: [SM] Blaming: weapon_restrict.smx
L 10/01/2022 - 12:36:46: [SM] Call stack trace:
L 10/01/2022 - 12:36:46: [SM]   [1] Line 202, restrictinc/events.sp::CS_OnBuyCommand
L 10/01/2022 - 12:36:55: [SM] Exception reported: Array index out-of-bounds (index 64, limit 55)
L 10/01/2022 - 12:36:55: [SM] Blaming: weapon_restrict.smx
L 10/01/2022 - 12:36:55: [SM] Call stack trace:
L 10/01/2022 - 12:36:55: [SM]   [1] Line 202, restrictinc/events.sp::CS_OnBuyCommand
L 10/01/2022 - 12:37:08: [SM] Exception reported: Array index out-of-bounds (index 64, limit 55)
L 10/01/2022 - 12:37:08: [SM] Blaming: weapon_restrict.smx
L 10/01/2022 - 12:37:08: [SM] Call stack trace:
L 10/01/2022 - 12:37:08: [SM]   [1] Line 202, restrictinc/events.sp::CS_OnBuyCommand
L 10/01/2022 - 12:37:13: [SM] Exception reported: Array index out-of-bounds (index 64, limit 55)
L 10/01/2022 - 12:37:13: [SM] Blaming: weapon_restrict.smx
L 10/01/2022 - 12:37:13: [SM] Call stack trace:
L 10/01/2022 - 12:37:13: [SM]   [1] Line 202, restrictinc/events.sp::CS_OnBuyCommand
L 10/01/2022 - 12:41:44: [SM] Exception reported: Array index out-of-bounds (index 64, limit 55)
L 10/01/2022 - 12:41:44: [SM] Blaming: weapon_restrict.smx
L 10/01/2022 - 12:41:44: [SM] Call stack trace:
L 10/01/2022 - 12:41:44: [SM]   [1] Line 202, restrictinc/events.sp::CS_OnBuyCommand
L 10/01/2022 - 12:42:06: [SM] Exception reported: Array index out-of-bounds (index 64, limit 55)
L 10/01/2022 - 12:42:06: [SM] Blaming: weapon_restrict.smx
L 10/01/2022 - 12:42:06: [SM] Call stack trace:
L 10/01/2022 - 12:42:06: [SM]   [1] Line 202, restrictinc/events.sp::CS_OnBuyCommand
L 10/01/2022 - 12:42:24: [SM] Exception reported: Array index out-of-bounds (index 64, limit 55)
L 10/01/2022 - 12:42:24: [SM] Blaming: weapon_restrict.smx
L 10/01/2022 - 12:42:24: [SM] Call stack trace:
L 10/01/2022 - 12:42:24: [SM]   [1] Line 202, restrictinc/events.sp::CS_OnBuyCommand
L 10/01/2022 - 12:43:17: [SM] Exception reported: Array index out-of-bounds (index 64, limit 55)
L 10/01/2022 - 12:43:17: [SM] Blaming: weapon_restrict.smx
L 10/01/2022 - 12:43:17: [SM] Call stack trace:
L 10/01/2022 - 12:43:17: [SM]   [1] Line 202, restrictinc/events.sp::CS_OnBuyCommand
L 10/01/2022 - 12:45:42: [SM] Exception reported: Array index out-of-bounds (index 64, limit 55)
L 10/01/2022 - 12:45:42: [SM] Blaming: weapon_restrict.smx
L 10/01/2022 - 12:45:42: [SM] Call stack trace:
L 10/01/2022 - 12:45:42: [SM]   [1] Line 202, restrictinc/events.sp::CS_OnBuyCommand
L 10/01/2022 - 12:45:54: [SM] Exception reported: Array index out-of-bounds (index 64, limit 55)
L 10/01/2022 - 12:45:54: [SM] Blaming: weapon_restrict.smx
L 10/01/2022 - 12:45:54: [SM] Call stack trace:
L 10/01/2022 - 12:45:54: [SM]   [1] Line 202, restrictinc/events.sp::CS_OnBuyCommand
L 10/01/2022 - 12:46:09: [SM] Exception reported: Array index out-of-bounds (index 64, limit 55)
L 10/01/2022 - 12:46:09: [SM] Blaming: weapon_restrict.smx
L 10/01/2022 - 12:46:09: [SM] Call stack trace:
L 10/01/2022 - 12:46:09: [SM]   [1] Line 202, restrictinc/events.sp::CS_OnBuyCommand
L 10/01/2022 - 12:46:58: [SM] Exception reported: Array index out-of-bounds (index 64, limit 55)
L 10/01/2022 - 12:46:58: [SM] Blaming: weapon_restrict.smx
L 10/01/2022 - 12:46:58: [SM] Call stack trace:
L 10/01/2022 - 12:46:58: [SM]   [1] Line 202, restrictinc/events.sp::CS_OnBuyCommand
L 10/01/2022 - 12:47:14: [SM] Exception reported: Array index out-of-bounds (index 64, limit 55)
L 10/01/2022 - 12:47:14: [SM] Blaming: weapon_restrict.smx
L 10/01/2022 - 12:47:14: [SM] Call stack trace:
L 10/01/2022 - 12:47:14: [SM]   [1] Line 202, restrictinc/events.sp::CS_OnBuyCommand
L 10/01/2022 - 13:04:03: [SM] Exception reported: Array index out-of-bounds (index 64, limit 55)
L 10/01/2022 - 13:04:03: [SM] Blaming: weapon_restrict.smx
L 10/01/2022 - 13:04:03: [SM] Call stack trace:
L 10/01/2022 - 13:04:03: [SM]   [1] Line 202, restrictinc/events.sp::CS_OnBuyCommand
L 10/01/2022 - 13:04:03: [SM] Exception reported: Array index out-of-bounds (index 64, limit 55)
L 10/01/2022 - 13:04:03: [SM] Blaming: weapon_restrict.smx
L 10/01/2022 - 13:04:03: [SM] Call stack trace:
L 10/01/2022 - 13:04:03: [SM]   [1] Line 202, restrictinc/events.sp::CS_OnBuyCommand
L 10/01/2022 - 13:04:12: [SM] Exception reported: Array index out-of-bounds (index 64, limit 55)
L 10/01/2022 - 13:04:12: [SM] Blaming: weapon_restrict.smx
L 10/01/2022 - 13:04:12: [SM] Call stack trace:
L 10/01/2022 - 13:04:12: [SM]   [1] Line 202, restrictinc/events.sp::CS_OnBuyCommand
L 10/01/2022 - 13:04:38: [SM] Exception reported: Array index out-of-bounds (index 64, limit 55)
L 10/01/2022 - 13:04:38: [SM] Blaming: weapon_restrict.smx
L 10/01/2022 - 13:04:38: [SM] Call stack trace:
L 10/01/2022 - 13:04:38: [SM]   [1] Line 202, restrictinc/events.sp::CS_OnBuyCommand
L 10/01/2022 - 13:04:47: [SM] Exception reported: Array index out-of-bounds (index 64, limit 55)
L 10/01/2022 - 13:04:47: [SM] Blaming: weapon_restrict.smx
L 10/01/2022 - 13:04:47: [SM] Call stack trace:
L 10/01/2022 - 13:04:47: [SM]   [1] Line 202, restrictinc/events.sp::CS_OnBuyCommand
L 10/01/2022 - 13:37:08: Error log file session closed.
L 10/01/2022 - 13:42:10: SourceMod error session started
L 10/01/2022 - 13:42:10: Info (map "de_inferno") (file "/badfupo/server1/csgo/addons/sourcemod/logs/errors_20221001.log")
L 10/01/2022 - 13:42:10: [SM] Exception reported: Array index out-of-bounds (index 64, limit 55)
L 10/01/2022 - 13:42:10: [SM] Blaming: weapon_restrict.smx
L 10/01/2022 - 13:42:10: [SM] Call stack trace:
L 10/01/2022 - 13:42:10: [SM]   [1] Line 202, restrictinc/events.sp::CS_OnBuyCommand
L 10/01/2022 - 14:31:28: [SM] Exception reported: Array index out-of-bounds (index 64, limit 55)
L 10/01/2022 - 14:31:28: [SM] Blaming: weapon_restrict.smx
L 10/01/2022 - 14:31:28: [SM] Call stack trace:
L 10/01/2022 - 14:31:28: [SM]   [1] Line 202, restrictinc/events.sp::CS_OnBuyCommand
L 10/01/2022 - 14:31:36: [SM] Exception reported: Array index out-of-bounds (index 64, limit 55)
L 10/01/2022 - 14:31:36: [SM] Blaming: weapon_restrict.smx
L 10/01/2022 - 14:31:36: [SM] Call stack trace:
L 10/01/2022 - 14:31:36: [SM]   [1] Line 202, restrictinc/events.sp::CS_OnBuyCommand
L 10/01/2022 - 14:32:38: [SM] Exception reported: Array index out-of-bounds (index 64, limit 55)
L 10/01/2022 - 14:32:38: [SM] Blaming: weapon_restrict.smx
L 10/01/2022 - 14:32:38: [SM] Call stack trace:
L 10/01/2022 - 14:32:38: [SM]   [1] Line 202, restrictinc/events.sp::CS_OnBuyCommand
L 10/01/2022 - 14:32:51: [SM] Exception reported: Array index out-of-bounds (index 64, limit 55)
L 10/01/2022 - 14:32:51: [SM] Blaming: weapon_restrict.smx
L 10/01/2022 - 14:32:51: [SM] Call stack trace:
L 10/01/2022 - 14:32:51: [SM]   [1] Line 202, restrictinc/events.sp::CS_OnBuyCommand
L 10/01/2022 - 14:32:54: [SM] Exception reported: Array index out-of-bounds (index 64, limit 55)
L 10/01/2022 - 14:32:54: [SM] Blaming: weapon_restrict.smx
L 10/01/2022 - 14:32:54: [SM] Call stack trace:
L 10/01/2022 - 14:32:54: [SM]   [1] Line 202, restrictinc/events.sp::CS_OnBuyCommand
L 10/01/2022 - 14:33:36: [SM] Exception reported: Array index out-of-bounds (index 64, limit 55)
L 10/01/2022 - 14:33:36: [SM] Blaming: weapon_restrict.smx
L 10/01/2022 - 14:33:36: [SM] Call stack trace:
L 10/01/2022 - 14:33:36: [SM]   [1] Line 202, restrictinc/events.sp::CS_OnBuyCommand
L 10/01/2022 - 14:33:55: [SM] Exception reported: Array index out-of-bounds (index 64, limit 55)
L 10/01/2022 - 14:33:55: [SM] Blaming: weapon_restrict.smx
L 10/01/2022 - 14:33:55: [SM] Call stack trace:
L 10/01/2022 - 14:33:55: [SM]   [1] Line 202, restrictinc/events.sp::CS_OnBuyCommand
L 10/01/2022 - 14:36:04: [SM] Exception reported: Array index out-of-bounds (index 64, limit 55)
L 10/01/2022 - 14:36:04: [SM] Blaming: weapon_restrict.smx
L 10/01/2022 - 14:36:04: [SM] Call stack trace:
L 10/01/2022 - 14:36:04: [SM]   [1] Line 202, restrictinc/events.sp::CS_OnBuyCommand
L 10/01/2022 - 14:36:41: [SM] Exception reported: Array index out-of-bounds (index 64, limit 55)
L 10/01/2022 - 14:36:41: [SM] Blaming: weapon_restrict.smx
L 10/01/2022 - 14:36:41: [SM] Call stack trace:
L 10/01/2022 - 14:36:41: [SM]   [1] Line 202, restrictinc/events.sp::CS_OnBuyCommand
L 10/01/2022 - 14:38:14: Error log file session closed.
L 10/01/2022 - 14:40:59: SourceMod error session started
L 10/01/2022 - 14:40:59: Info (map "de_mirage") (file "/badfupo/server1/csgo/addons/sourcemod/logs/errors_20221001.log")
L 10/01/2022 - 14:40:59: [SM] Exception reported: Array index out-of-bounds (index 64, limit 55)
L 10/01/2022 - 14:40:59: [SM] Blaming: weapon_restrict.smx
L 10/01/2022 - 14:40:59: [SM] Call stack trace:
L 10/01/2022 - 14:40:59: [SM]   [1] Line 202, restrictinc/events.sp::CS_OnBuyCommand
L 10/01/2022 - 14:42:16: [SM] Exception reported: Array index out-of-bounds (index 64, limit 55)
L 10/01/2022 - 14:42:16: [SM] Blaming: weapon_restrict.smx
L 10/01/2022 - 14:42:16: [SM] Call stack trace:
L 10/01/2022 - 14:42:16: [SM]   [1] Line 202, restrictinc/events.sp::CS_OnBuyCommand
L 10/01/2022 - 14:42:35: [SM] Exception reported: Array index out-of-bounds (index 64, limit 55)
L 10/01/2022 - 14:42:35: [SM] Blaming: weapon_restrict.smx
L 10/01/2022 - 14:42:35: [SM] Call stack trace:
L 10/01/2022 - 14:42:35: [SM]   [1] Line 202, restrictinc/events.sp::CS_OnBuyCommand
L 10/01/2022 - 14:43:56: [SM] Exception reported: Array index out-of-bounds (index 64, limit 55)
L 10/01/2022 - 14:43:56: [SM] Blaming: weapon_restrict.smx
L 10/01/2022 - 14:43:56: [SM] Call stack trace:
L 10/01/2022 - 14:43:56: [SM]   [1] Line 202, restrictinc/events.sp::CS_OnBuyCommand
L 10/01/2022 - 14:45:44: [SM] Exception reported: Array index out-of-bounds (index 64, limit 55)
L 10/01/2022 - 14:45:44: [SM] Blaming: weapon_restrict.smx
L 10/01/2022 - 14:45:44: [SM] Call stack trace:
L 10/01/2022 - 14:45:44: [SM]   [1] Line 202, restrictinc/events.sp::CS_OnBuyCommand
L 10/01/2022 - 14:45:50: [SM] Exception reported: Array index out-of-bounds (index 64, limit 55)
L 10/01/2022 - 14:45:50: [SM] Blaming: weapon_restrict.smx
L 10/01/2022 - 14:45:50: [SM] Call stack trace:
L 10/01/2022 - 14:45:50: [SM]   [1] Line 202, restrictinc/events.sp::CS_OnBuyCommand
L 10/01/2022 - 14:46:24: [SM] Exception reported: Array index out-of-bounds (index 64, limit 55)
L 10/01/2022 - 14:46:24: [SM] Blaming: weapon_restrict.smx
L 10/01/2022 - 14:46:24: [SM] Call stack trace:
L 10/01/2022 - 14:46:24: [SM]   [1] Line 202, restrictinc/events.sp::CS_OnBuyCommand
L 10/01/2022 - 14:49:05: [SM] Exception reported: Array index out-of-bounds (index 64, limit 55)
L 10/01/2022 - 14:49:05: [SM] Blaming: weapon_restrict.smx
L 10/01/2022 - 14:49:05: [SM] Call stack trace:
L 10/01/2022 - 14:49:05: [SM]   [1] Line 202, restrictinc/events.sp::CS_OnBuyCommand
L 10/01/2022 - 14:49:48: [SM] Exception reported: Array index out-of-bounds (index 64, limit 55)
L 10/01/2022 - 14:49:48: [SM] Blaming: weapon_restrict.smx
L 10/01/2022 - 14:49:48: [SM] Call stack trace:
L 10/01/2022 - 14:49:48: [SM]   [1] Line 202, restrictinc/events.sp::CS_OnBuyCommand
L 10/01/2022 - 15:15:51: Error log file session closed.
L 10/01/2022 - 15:20:39: SourceMod error session started
L 10/01/2022 - 15:20:39: Info (map "de_vertigo") (file "/badfupo/server1/csgo/addons/sourcemod/logs/errors_20221001.log")
L 10/01/2022 - 15:20:39: [SM] Exception reported: Array index out-of-bounds (index 64, limit 55)
L 10/01/2022 - 15:20:39: [SM] Blaming: weapon_restrict.smx
L 10/01/2022 - 15:20:39: [SM] Call stack trace:
L 10/01/2022 - 15:20:39: [SM]   [1] Line 202, restrictinc/events.sp::CS_OnBuyCommand
L 10/01/2022 - 15:32:07: Error log file session closed.
L 10/01/2022 - 16:07:23: SourceMod error session started
L 10/01/2022 - 16:07:23: Info (map "de_vertigo") (file "/badfupo/server1/csgo/addons/sourcemod/logs/errors_20221001.log")
L 10/01/2022 - 16:07:23: [SM] Exception reported: Array index out-of-bounds (index 64, limit 55)
L 10/01/2022 - 16:07:23: [SM] Blaming: weapon_restrict.smx
L 10/01/2022 - 16:07:23: [SM] Call stack trace:
L 10/01/2022 - 16:07:23: [SM]   [1] Line 202, restrictinc/events.sp::CS_OnBuyCommand
L 10/01/2022 - 16:15:50: [SM] Exception reported: Array index out-of-bounds (index 64, limit 55)
L 10/01/2022 - 16:15:50: [SM] Blaming: weapon_restrict.smx
L 10/01/2022 - 16:15:50: [SM] Call stack trace:
L 10/01/2022 - 16:15:50: [SM]   [1] Line 202, restrictinc/events.sp::CS_OnBuyCommand
L 10/01/2022 - 16:16:14: [SM] Exception reported: Array index out-of-bounds (index 64, limit 55)
L 10/01/2022 - 16:16:14: [SM] Blaming: weapon_restrict.smx
L 10/01/2022 - 16:16:14: [SM] Call stack trace:
L 10/01/2022 - 16:16:14: [SM]   [1] Line 202, restrictinc/events.sp::CS_OnBuyCommand
L 10/01/2022 - 16:51:42: [SM] Exception reported: Array index out-of-bounds (index 64, limit 55)
L 10/01/2022 - 16:51:42: [SM] Blaming: weapon_restrict.smx
L 10/01/2022 - 16:51:42: [SM] Call stack trace:
L 10/01/2022 - 16:51:42: [SM]   [1] Line 202, restrictinc/events.sp::CS_OnBuyCommand
L 10/01/2022 - 17:03:39: [SM] Exception reported: Array index out-of-bounds (index 64, limit 55)
L 10/01/2022 - 17:03:39: [SM] Blaming: weapon_restrict.smx
L 10/01/2022 - 17:03:39: [SM] Call stack trace:
L 10/01/2022 - 17:03:39: [SM]   [1] Line 202, restrictinc/events.sp::CS_OnBuyCommand
L 10/01/2022 - 17:03:45: [SM] Exception reported: Array index out-of-bounds (index 64, limit 55)
L 10/01/2022 - 17:03:45: [SM] Blaming: weapon_restrict.smx
L 10/01/2022 - 17:03:45: [SM] Call stack trace:
L 10/01/2022 - 17:03:45: [SM]   [1] Line 202, restrictinc/events.sp::CS_OnBuyCommand
L 10/01/2022 - 17:03:55: [SM] Exception reported: Array index out-of-bounds (index 64, limit 55)
L 10/01/2022 - 17:03:55: [SM] Blaming: weapon_restrict.smx
L 10/01/2022 - 17:03:55: [SM] Call stack trace:
L 10/01/2022 - 17:03:55: [SM]   [1] Line 202, restrictinc/events.sp::CS_OnBuyCommand
L 10/01/2022 - 17:04:02: [SM] Exception reported: Array index out-of-bounds (index 64, limit 55)
L 10/01/2022 - 17:04:02: [SM] Blaming: weapon_restrict.smx
L 10/01/2022 - 17:04:02: [SM] Call stack trace:
L 10/01/2022 - 17:04:02: [SM]   [1] Line 202, restrictinc/events.sp::CS_OnBuyCommand
L 10/01/2022 - 17:04:08: [SM] Exception reported: Array index out-of-bounds (index 64, limit 55)
L 10/01/2022 - 17:04:08: [SM] Blaming: weapon_restrict.smx
L 10/01/2022 - 17:04:08: [SM] Call stack trace:
L 10/01/2022 - 17:04:08: [SM]   [1] Line 202, restrictinc/events.sp::CS_OnBuyCommand
L 10/01/2022 - 17:04:17: [SM] Exception reported: Array index out-of-bounds (index 64, limit 55)
L 10/01/2022 - 17:04:17: [SM] Blaming: weapon_restrict.smx
L 10/01/2022 - 17:04:17: [SM] Call stack trace:
L 10/01/2022 - 17:04:17: [SM]   [1] Line 202, restrictinc/events.sp::CS_OnBuyCommand
L 10/01/2022 - 17:04:22: [SM] Exception reported: Array index out-of-bounds (index 64, limit 55)
L 10/01/2022 - 17:04:22: [SM] Blaming: weapon_restrict.smx
L 10/01/2022 - 17:04:22: [SM] Call stack trace:
L 10/01/2022 - 17:04:22: [SM]   [1] Line 202, restrictinc/events.sp::CS_OnBuyCommand
L 10/01/2022 - 17:04:27: [SM] Exception reported: Array index out-of-bounds (index 64, limit 55)
L 10/01/2022 - 17:04:27: [SM] Blaming: weapon_restrict.smx
L 10/01/2022 - 17:04:27: [SM] Call stack trace:
L 10/01/2022 - 17:04:27: [SM]   [1] Line 202, restrictinc/events.sp::CS_OnBuyCommand
L 10/01/2022 - 17:04:27: [SM] Exception reported: Array index out-of-bounds (index 64, limit 55)
L 10/01/2022 - 17:04:27: [SM] Blaming: weapon_restrict.smx
L 10/01/2022 - 17:04:27: [SM] Call stack trace:
L 10/01/2022 - 17:04:27: [SM]   [1] Line 202, restrictinc/events.sp::CS_OnBuyCommand
L 10/01/2022 - 17:04:36: [SM] Exception reported: Array index out-of-bounds (index 64, limit 55)
L 10/01/2022 - 17:04:36: [SM] Blaming: weapon_restrict.smx
L 10/01/2022 - 17:04:36: [SM] Call stack trace:
L 10/01/2022 - 17:04:36: [SM]   [1] Line 202, restrictinc/events.sp::CS_OnBuyCommand
L 10/01/2022 - 17:04:40: [SM] Exception reported: Array index out-of-bounds (index 64, limit 55)
L 10/01/2022 - 17:04:40: [SM] Blaming: weapon_restrict.smx
L 10/01/2022 - 17:04:40: [SM] Call stack trace:
L 10/01/2022 - 17:04:40: [SM]   [1] Line 202, restrictinc/events.sp::CS_OnBuyCommand
L 10/01/2022 - 17:04:44: [SM] Exception reported: Array index out-of-bounds (index 64, limit 55)
L 10/01/2022 - 17:04:44: [SM] Blaming: weapon_restrict.smx
L 10/01/2022 - 17:04:44: [SM] Call stack trace:
L 10/01/2022 - 17:04:44: [SM]   [1] Line 202, restrictinc/events.sp::CS_OnBuyCommand
L 10/01/2022 - 17:04:54: [SM] Exception reported: Array index out-of-bounds (index 64, limit 55)
L 10/01/2022 - 17:04:54: [SM] Blaming: weapon_restrict.smx
L 10/01/2022 - 17:04:54: [SM] Call stack trace:
L 10/01/2022 - 17:04:54: [SM]   [1] Line 202, restrictinc/events.sp::CS_OnBuyCommand
L 10/01/2022 - 17:05:00: [SM] Exception reported: Array index out-of-bounds (index 64, limit 55)
L 10/01/2022 - 17:05:00: [SM] Blaming: weapon_restrict.smx
L 10/01/2022 - 17:05:00: [SM] Call stack trace:
L 10/01/2022 - 17:05:00: [SM]   [1] Line 202, restrictinc/events.sp::CS_OnBuyCommand
L 10/01/2022 - 17:05:03: [SM] Exception reported: Array index out-of-bounds (index 64, limit 55)
L 10/01/2022 - 17:05:03: [SM] Blaming: weapon_restrict.smx
L 10/01/2022 - 17:05:03: [SM] Call stack trace:
L 10/01/2022 - 17:05:03: [SM]   [1] Line 202, restrictinc/events.sp::CS_OnBuyCommand
L 10/01/2022 - 17:05:10: [SM] Exception reported: Array index out-of-bounds (index 64, limit 55)
L 10/01/2022 - 17:05:10: [SM] Blaming: weapon_restrict.smx
L 10/01/2022 - 17:05:10: [SM] Call stack trace:
L 10/01/2022 - 17:05:10: [SM]   [1] Line 202, restrictinc/events.sp::CS_OnBuyCommand
L 10/01/2022 - 17:05:17: [SM] Exception reported: Array index out-of-bounds (index 64, limit 55)
L 10/01/2022 - 17:05:17: [SM] Blaming: weapon_restrict.smx
L 10/01/2022 - 17:05:17: [SM] Call stack trace:
L 10/01/2022 - 17:05:17: [SM]   [1] Line 202, restrictinc/events.sp::CS_OnBuyCommand
L 10/01/2022 - 17:05:22: [SM] Exception reported: Array index out-of-bounds (index 64, limit 55)
L 10/01/2022 - 17:05:22: [SM] Blaming: weapon_restrict.smx
L 10/01/2022 - 17:05:22: [SM] Call stack trace:
L 10/01/2022 - 17:05:22: [SM]   [1] Line 202, restrictinc/events.sp::CS_OnBuyCommand
L 10/01/2022 - 17:05:30: [SM] Exception reported: Array index out-of-bounds (index 64, limit 55)
L 10/01/2022 - 17:05:30: [SM] Blaming: weapon_restrict.smx
L 10/01/2022 - 17:05:30: [SM] Call stack trace:
L 10/01/2022 - 17:05:30: [SM]   [1] Line 202, restrictinc/events.sp::CS_OnBuyCommand
L 10/01/2022 - 17:05:39: [SM] Exception reported: Array index out-of-bounds (index 64, limit 55)
L 10/01/2022 - 17:05:39: [SM] Blaming: weapon_restrict.smx
L 10/01/2022 - 17:05:39: [SM] Call stack trace:
L 10/01/2022 - 17:05:39: [SM]   [1] Line 202, restrictinc/events.sp::CS_OnBuyCommand
L 10/01/2022 - 17:05:50: [SM] Exception reported: Array index out-of-bounds (index 64, limit 55)
L 10/01/2022 - 17:05:50: [SM] Blaming: weapon_restrict.smx
L 10/01/2022 - 17:05:50: [SM] Call stack trace:
L 10/01/2022 - 17:05:50: [SM]   [1] Line 202, restrictinc/events.sp::CS_OnBuyCommand
L 10/01/2022 - 17:06:15: [SM] Exception reported: Array index out-of-bounds (index 64, limit 55)
L 10/01/2022 - 17:06:15: [SM] Blaming: weapon_restrict.smx
L 10/01/2022 - 17:06:15: [SM] Call stack trace:
L 10/01/2022 - 17:06:15: [SM]   [1] Line 202, restrictinc/events.sp::CS_OnBuyCommand
L 10/01/2022 - 17:06:23: [SM] Exception reported: Array index out-of-bounds (index 64, limit 55)
L 10/01/2022 - 17:06:23: [SM] Blaming: weapon_restrict.smx
L 10/01/2022 - 17:06:23: [SM] Call stack trace:
L 10/01/2022 - 17:06:23: [SM]   [1] Line 202, restrictinc/events.sp::CS_OnBuyCommand
L 10/01/2022 - 17:06:30: [SM] Exception reported: Array index out-of-bounds (index 64, limit 55)
L 10/01/2022 - 17:06:30: [SM] Blaming: weapon_restrict.smx
L 10/01/2022 - 17:06:30: [SM] Call stack trace:
L 10/01/2022 - 17:06:30: [SM]   [1] Line 202, restrictinc/events.sp::CS_OnBuyCommand
L 10/01/2022 - 17:06:34: [SM] Exception reported: Array index out-of-bounds (index 64, limit 55)
L 10/01/2022 - 17:06:34: [SM] Blaming: weapon_restrict.smx
L 10/01/2022 - 17:06:34: [SM] Call stack trace:
L 10/01/2022 - 17:06:34: [SM]   [1] Line 202, restrictinc/events.sp::CS_OnBuyCommand
L 10/01/2022 - 17:06:40: [SM] Exception reported: Array index out-of-bounds (index 64, limit 55)
L 10/01/2022 - 17:06:40: [SM] Blaming: weapon_restrict.smx
L 10/01/2022 - 17:06:40: [SM] Call stack trace:
L 10/01/2022 - 17:06:40: [SM]   [1] Line 202, restrictinc/events.sp::CS_OnBuyCommand
L 10/01/2022 - 17:06:50: [SM] Exception reported: Array index out-of-bounds (index 64, limit 55)
L 10/01/2022 - 17:06:50: [SM] Blaming: weapon_restrict.smx
L 10/01/2022 - 17:06:50: [SM] Call stack trace:
L 10/01/2022 - 17:06:50: [SM]   [1] Line 202, restrictinc/events.sp::CS_OnBuyCommand
L 10/01/2022 - 17:07:25: [SM] Exception reported: Array index out-of-bounds (index 64, limit 55)
L 10/01/2022 - 17:07:25: [SM] Blaming: weapon_restrict.smx
L 10/01/2022 - 17:07:25: [SM] Call stack trace:
L 10/01/2022 - 17:07:25: [SM]   [1] Line 202, restrictinc/events.sp::CS_OnBuyCommand
L 10/01/2022 - 17:07:38: [SM] Exception reported: Array index out-of-bounds (index 64, limit 55)
L 10/01/2022 - 17:07:38: [SM] Blaming: weapon_restrict.smx
L 10/01/2022 - 17:07:38: [SM] Call stack trace:
L 10/01/2022 - 17:07:38: [SM]   [1] Line 202, restrictinc/events.sp::CS_OnBuyCommand
L 10/01/2022 - 17:09:47: [SM] Exception reported: Array index out-of-bounds (index 64, limit 55)
L 10/01/2022 - 17:09:47: [SM] Blaming: weapon_restrict.smx
L 10/01/2022 - 17:09:47: [SM] Call stack trace:
L 10/01/2022 - 17:09:47: [SM]   [1] Line 202, restrictinc/events.sp::CS_OnBuyCommand
L 10/01/2022 - 17:34:48: Error log file session closed.
