L 09/11/2022 - 07:33:30: SourceMod error session started
L 09/11/2022 - 07:33:30: Info (map "de_mirage") (file "/badfupo/server1/csgo/addons/sourcemod/logs/errors_20220911.log")
L 09/11/2022 - 07:33:30: [SM] Exception reported: Array index out-of-bounds (index 64, limit 55)
L 09/11/2022 - 07:33:30: [SM] Blaming: weapon_restrict.smx
L 09/11/2022 - 07:33:30: [SM] Call stack trace:
L 09/11/2022 - 07:33:30: [SM]   [1] Line 202, restrictinc/events.sp::CS_OnBuyCommand
L 09/11/2022 - 07:40:21: [SM] Exception reported: Array index out-of-bounds (index 64, limit 55)
L 09/11/2022 - 07:40:21: [SM] Blaming: weapon_restrict.smx
L 09/11/2022 - 07:40:21: [SM] Call stack trace:
L 09/11/2022 - 07:40:21: [SM]   [1] Line 202, restrictinc/events.sp::CS_OnBuyCommand
L 09/11/2022 - 07:41:13: [SM] Exception reported: Array index out-of-bounds (index 64, limit 55)
L 09/11/2022 - 07:41:13: [SM] Blaming: weapon_restrict.smx
L 09/11/2022 - 07:41:13: [SM] Call stack trace:
L 09/11/2022 - 07:41:13: [SM]   [1] Line 202, restrictinc/events.sp::CS_OnBuyCommand
L 09/11/2022 - 07:50:04: [warmod.smx] Plug-in tEasyFTP.smx required to auto upload demos
L 09/11/2022 - 07:50:28: Error log file session closed.
L 09/11/2022 - 08:01:35: SourceMod error session started
L 09/11/2022 - 08:01:35: Info (map "de_vertigo") (file "/badfupo/server1/csgo/addons/sourcemod/logs/errors_20220911.log")
L 09/11/2022 - 08:01:35: [warmod.smx] Plug-in tEasyFTP.smx required to auto upload demos
L 09/11/2022 - 08:02:07: Error log file session closed.
L 09/11/2022 - 08:03:17: SourceMod error session started
L 09/11/2022 - 08:03:17: Info (map "de_dust2") (file "/badfupo/server1/csgo/addons/sourcemod/logs/errors_20220911.log")
L 09/11/2022 - 08:03:17: [SM] Exception reported: Array index out-of-bounds (index 64, limit 55)
L 09/11/2022 - 08:03:17: [SM] Blaming: weapon_restrict.smx
L 09/11/2022 - 08:03:17: [SM] Call stack trace:
L 09/11/2022 - 08:03:17: [SM]   [1] Line 202, restrictinc/events.sp::CS_OnBuyCommand
L 09/11/2022 - 08:03:32: [SM] Exception reported: Array index out-of-bounds (index 64, limit 55)
L 09/11/2022 - 08:03:32: [SM] Blaming: weapon_restrict.smx
L 09/11/2022 - 08:03:32: [SM] Call stack trace:
L 09/11/2022 - 08:03:32: [SM]   [1] Line 202, restrictinc/events.sp::CS_OnBuyCommand
L 09/11/2022 - 08:16:19: [SM] Exception reported: Array index out-of-bounds (index 64, limit 55)
L 09/11/2022 - 08:16:19: [SM] Blaming: weapon_restrict.smx
L 09/11/2022 - 08:16:19: [SM] Call stack trace:
L 09/11/2022 - 08:16:19: [SM]   [1] Line 202, restrictinc/events.sp::CS_OnBuyCommand
L 09/11/2022 - 08:18:06: [warmod.smx] Plug-in tEasyFTP.smx required to auto upload demos
L 09/11/2022 - 08:18:31: Error log file session closed.
L 09/11/2022 - 08:20:12: SourceMod error session started
L 09/11/2022 - 08:20:12: Info (map "de_mirage") (file "/badfupo/server1/csgo/addons/sourcemod/logs/errors_20220911.log")
L 09/11/2022 - 08:20:12: [SM] Exception reported: Array index out-of-bounds (index 64, limit 55)
L 09/11/2022 - 08:20:12: [SM] Blaming: weapon_restrict.smx
L 09/11/2022 - 08:20:12: [SM] Call stack trace:
L 09/11/2022 - 08:20:12: [SM]   [1] Line 202, restrictinc/events.sp::CS_OnBuyCommand
L 09/11/2022 - 08:23:49: [SM] Exception reported: Array index out-of-bounds (index 64, limit 55)
L 09/11/2022 - 08:23:49: [SM] Blaming: weapon_restrict.smx
L 09/11/2022 - 08:23:49: [SM] Call stack trace:
L 09/11/2022 - 08:23:49: [SM]   [1] Line 202, restrictinc/events.sp::CS_OnBuyCommand
L 09/11/2022 - 08:24:32: [SM] Exception reported: Array index out-of-bounds (index 64, limit 55)
L 09/11/2022 - 08:24:32: [SM] Blaming: weapon_restrict.smx
L 09/11/2022 - 08:24:32: [SM] Call stack trace:
L 09/11/2022 - 08:24:32: [SM]   [1] Line 202, restrictinc/events.sp::CS_OnBuyCommand
L 09/11/2022 - 08:25:39: [SM] Exception reported: Array index out-of-bounds (index 64, limit 55)
L 09/11/2022 - 08:25:39: [SM] Blaming: weapon_restrict.smx
L 09/11/2022 - 08:25:39: [SM] Call stack trace:
L 09/11/2022 - 08:25:39: [SM]   [1] Line 202, restrictinc/events.sp::CS_OnBuyCommand
L 09/11/2022 - 09:18:29: Error log file session closed.
L 09/11/2022 - 10:08:28: SourceMod error session started
L 09/11/2022 - 10:08:28: Info (map "de_mirage") (file "/badfupo/server1/csgo/addons/sourcemod/logs/errors_20220911.log")
L 09/11/2022 - 10:08:28: [warmod.smx] Plug-in tEasyFTP.smx required to auto upload demos
L 09/11/2022 - 10:08:52: Error log file session closed.
L 09/11/2022 - 10:51:24: SourceMod error session started
L 09/11/2022 - 10:51:24: Info (map "de_mirage") (file "/badfupo/server1/csgo/addons/sourcemod/logs/errors_20220911.log")
L 09/11/2022 - 10:51:24: [warmod.smx] Plug-in tEasyFTP.smx required to auto upload demos
L 09/11/2022 - 11:08:35: [warmod.smx] Plug-in tEasyFTP.smx required to auto upload demos
L 09/11/2022 - 11:19:37: [warmod.smx] Plug-in tEasyFTP.smx required to auto upload demos
L 09/11/2022 - 11:33:45: [warmod.smx] Plug-in tEasyFTP.smx required to auto upload demos
L 09/11/2022 - 11:47:17: Error log file session closed.
L 09/11/2022 - 15:28:00: SourceMod error session started
L 09/11/2022 - 15:28:00: Info (map "de_inferno") (file "/badfupo/server1/csgo/addons/sourcemod/logs/errors_20220911.log")
L 09/11/2022 - 15:28:00: [levelsranks.smx] SQL_TransactionFailure (1): Lost connection to MySQL server during query (-1)
L 09/11/2022 - 15:28:02: Error log file session closed.
