L 09/03/2022 - 10:00:11: SourceMod error session started
L 09/03/2022 - 10:00:11: Info (map "de_mirage") (file "/home/csgo/csgo/addons/sourcemod/logs/errors_20220903.log")
L 09/03/2022 - 10:00:11: [SM] Exception reported: Array index out-of-bounds (index 64, limit 55)
L 09/03/2022 - 10:00:11: [SM] Blaming: weapon_restrict.smx
L 09/03/2022 - 10:00:11: [SM] Call stack trace:
L 09/03/2022 - 10:00:11: [SM]   [1] Line 202, restrictinc/events.sp::CS_OnBuyCommand
L 09/03/2022 - 10:00:19: [SM] Exception reported: Array index out-of-bounds (index 64, limit 55)
L 09/03/2022 - 10:00:19: [SM] Blaming: weapon_restrict.smx
L 09/03/2022 - 10:00:19: [SM] Call stack trace:
L 09/03/2022 - 10:00:19: [SM]   [1] Line 202, restrictinc/events.sp::CS_OnBuyCommand
L 09/03/2022 - 10:12:07: [SM] Exception reported: Array index out-of-bounds (index 64, limit 55)
L 09/03/2022 - 10:12:07: [SM] Blaming: weapon_restrict.smx
L 09/03/2022 - 10:12:07: [SM] Call stack trace:
L 09/03/2022 - 10:12:07: [SM]   [1] Line 202, restrictinc/events.sp::CS_OnBuyCommand
L 09/03/2022 - 10:12:16: [SM] Exception reported: Array index out-of-bounds (index 64, limit 55)
L 09/03/2022 - 10:12:16: [SM] Blaming: weapon_restrict.smx
L 09/03/2022 - 10:12:16: [SM] Call stack trace:
L 09/03/2022 - 10:12:16: [SM]   [1] Line 202, restrictinc/events.sp::CS_OnBuyCommand
L 09/03/2022 - 10:59:11: Error log file session closed.
L 09/03/2022 - 10:59:51: SourceMod error session started
L 09/03/2022 - 10:59:51: Info (map "de_mirage") (file "/home/csgo/csgo/addons/sourcemod/logs/errors_20220903.log")
L 09/03/2022 - 10:59:51: [SM] Exception reported: Array index out-of-bounds (index 64, limit 55)
L 09/03/2022 - 10:59:51: [SM] Blaming: weapon_restrict.smx
L 09/03/2022 - 10:59:51: [SM] Call stack trace:
L 09/03/2022 - 10:59:51: [SM]   [1] Line 202, restrictinc/events.sp::CS_OnBuyCommand
L 09/03/2022 - 11:01:47: [SM] Exception reported: Array index out-of-bounds (index 64, limit 55)
L 09/03/2022 - 11:01:47: [SM] Blaming: weapon_restrict.smx
L 09/03/2022 - 11:01:47: [SM] Call stack trace:
L 09/03/2022 - 11:01:47: [SM]   [1] Line 202, restrictinc/events.sp::CS_OnBuyCommand
L 09/03/2022 - 11:06:22: [SM] Exception reported: Array index out-of-bounds (index 64, limit 55)
L 09/03/2022 - 11:06:22: [SM] Blaming: weapon_restrict.smx
L 09/03/2022 - 11:06:22: [SM] Call stack trace:
L 09/03/2022 - 11:06:22: [SM]   [1] Line 202, restrictinc/events.sp::CS_OnBuyCommand
L 09/03/2022 - 11:40:42: [SM] Exception reported: Array index out-of-bounds (index 64, limit 55)
L 09/03/2022 - 11:40:42: [SM] Blaming: weapon_restrict.smx
L 09/03/2022 - 11:40:42: [SM] Call stack trace:
L 09/03/2022 - 11:40:42: [SM]   [1] Line 202, restrictinc/events.sp::CS_OnBuyCommand
L 09/03/2022 - 12:42:43: Error log file session closed.
L 09/03/2022 - 15:07:40: SourceMod error session started
L 09/03/2022 - 15:07:40: Info (map "de_mirage") (file "/home/csgo/csgo/addons/sourcemod/logs/errors_20220903.log")
L 09/03/2022 - 15:07:40: [SM] Exception reported: Array index out-of-bounds (index 64, limit 55)
L 09/03/2022 - 15:07:40: [SM] Blaming: weapon_restrict.smx
L 09/03/2022 - 15:07:40: [SM] Call stack trace:
L 09/03/2022 - 15:07:40: [SM]   [1] Line 202, restrictinc/events.sp::CS_OnBuyCommand
L 09/03/2022 - 15:10:11: [SM] Exception reported: Array index out-of-bounds (index 64, limit 55)
L 09/03/2022 - 15:10:11: [SM] Blaming: weapon_restrict.smx
L 09/03/2022 - 15:10:11: [SM] Call stack trace:
L 09/03/2022 - 15:10:11: [SM]   [1] Line 202, restrictinc/events.sp::CS_OnBuyCommand
L 09/03/2022 - 15:22:59: [SM] Exception reported: Array index out-of-bounds (index 64, limit 55)
L 09/03/2022 - 15:22:59: [SM] Blaming: weapon_restrict.smx
L 09/03/2022 - 15:22:59: [SM] Call stack trace:
L 09/03/2022 - 15:22:59: [SM]   [1] Line 202, restrictinc/events.sp::CS_OnBuyCommand
L 09/03/2022 - 15:41:16: [SM] Exception reported: Array index out-of-bounds (index 64, limit 55)
L 09/03/2022 - 15:41:16: [SM] Blaming: weapon_restrict.smx
L 09/03/2022 - 15:41:16: [SM] Call stack trace:
L 09/03/2022 - 15:41:16: [SM]   [1] Line 202, restrictinc/events.sp::CS_OnBuyCommand
L 09/03/2022 - 15:42:48: [SM] Exception reported: Array index out-of-bounds (index 64, limit 55)
L 09/03/2022 - 15:42:48: [SM] Blaming: weapon_restrict.smx
L 09/03/2022 - 15:42:48: [SM] Call stack trace:
L 09/03/2022 - 15:42:48: [SM]   [1] Line 202, restrictinc/events.sp::CS_OnBuyCommand
L 09/03/2022 - 15:43:15: [SM] Exception reported: Array index out-of-bounds (index 64, limit 55)
L 09/03/2022 - 15:43:15: [SM] Blaming: weapon_restrict.smx
L 09/03/2022 - 15:43:15: [SM] Call stack trace:
L 09/03/2022 - 15:43:15: [SM]   [1] Line 202, restrictinc/events.sp::CS_OnBuyCommand
L 09/03/2022 - 15:43:38: [SM] Exception reported: Array index out-of-bounds (index 64, limit 55)
L 09/03/2022 - 15:43:38: [SM] Blaming: weapon_restrict.smx
L 09/03/2022 - 15:43:38: [SM] Call stack trace:
L 09/03/2022 - 15:43:38: [SM]   [1] Line 202, restrictinc/events.sp::CS_OnBuyCommand
L 09/03/2022 - 15:43:45: [SM] Exception reported: Array index out-of-bounds (index 64, limit 55)
L 09/03/2022 - 15:43:45: [SM] Blaming: weapon_restrict.smx
L 09/03/2022 - 15:43:45: [SM] Call stack trace:
L 09/03/2022 - 15:43:45: [SM]   [1] Line 202, restrictinc/events.sp::CS_OnBuyCommand
L 09/03/2022 - 15:44:06: [SM] Exception reported: Array index out-of-bounds (index 64, limit 55)
L 09/03/2022 - 15:44:06: [SM] Blaming: weapon_restrict.smx
L 09/03/2022 - 15:44:06: [SM] Call stack trace:
L 09/03/2022 - 15:44:06: [SM]   [1] Line 202, restrictinc/events.sp::CS_OnBuyCommand
L 09/03/2022 - 15:44:13: [SM] Exception reported: Array index out-of-bounds (index 64, limit 55)
L 09/03/2022 - 15:44:13: [SM] Blaming: weapon_restrict.smx
L 09/03/2022 - 15:44:13: [SM] Call stack trace:
L 09/03/2022 - 15:44:13: [SM]   [1] Line 202, restrictinc/events.sp::CS_OnBuyCommand
L 09/03/2022 - 15:44:19: [SM] Exception reported: Array index out-of-bounds (index 64, limit 55)
L 09/03/2022 - 15:44:19: [SM] Blaming: weapon_restrict.smx
L 09/03/2022 - 15:44:19: [SM] Call stack trace:
L 09/03/2022 - 15:44:19: [SM]   [1] Line 202, restrictinc/events.sp::CS_OnBuyCommand
L 09/03/2022 - 15:44:24: [SM] Exception reported: Array index out-of-bounds (index 64, limit 55)
L 09/03/2022 - 15:44:24: [SM] Blaming: weapon_restrict.smx
L 09/03/2022 - 15:44:24: [SM] Call stack trace:
L 09/03/2022 - 15:44:24: [SM]   [1] Line 202, restrictinc/events.sp::CS_OnBuyCommand
L 09/03/2022 - 15:44:45: [SM] Exception reported: Array index out-of-bounds (index 64, limit 55)
L 09/03/2022 - 15:44:45: [SM] Blaming: weapon_restrict.smx
L 09/03/2022 - 15:44:45: [SM] Call stack trace:
L 09/03/2022 - 15:44:45: [SM]   [1] Line 202, restrictinc/events.sp::CS_OnBuyCommand
L 09/03/2022 - 15:45:05: [SM] Exception reported: Array index out-of-bounds (index 64, limit 55)
L 09/03/2022 - 15:45:05: [SM] Blaming: weapon_restrict.smx
L 09/03/2022 - 15:45:05: [SM] Call stack trace:
L 09/03/2022 - 15:45:05: [SM]   [1] Line 202, restrictinc/events.sp::CS_OnBuyCommand
L 09/03/2022 - 15:45:13: [SM] Exception reported: Array index out-of-bounds (index 64, limit 55)
L 09/03/2022 - 15:45:13: [SM] Blaming: weapon_restrict.smx
L 09/03/2022 - 15:45:13: [SM] Call stack trace:
L 09/03/2022 - 15:45:13: [SM]   [1] Line 202, restrictinc/events.sp::CS_OnBuyCommand
L 09/03/2022 - 16:42:43: Error log file session closed.
L 09/03/2022 - 17:08:31: SourceMod error session started
L 09/03/2022 - 17:08:31: Info (map "de_mirage") (file "/home/csgo/csgo/addons/sourcemod/logs/errors_20220903.log")
L 09/03/2022 - 17:08:31: [SM] Exception reported: Array index out-of-bounds (index 64, limit 55)
L 09/03/2022 - 17:08:31: [SM] Blaming: weapon_restrict.smx
L 09/03/2022 - 17:08:31: [SM] Call stack trace:
L 09/03/2022 - 17:08:31: [SM]   [1] Line 202, restrictinc/events.sp::CS_OnBuyCommand
L 09/03/2022 - 17:08:44: [SM] Exception reported: Array index out-of-bounds (index 64, limit 55)
L 09/03/2022 - 17:08:44: [SM] Blaming: weapon_restrict.smx
L 09/03/2022 - 17:08:44: [SM] Call stack trace:
L 09/03/2022 - 17:08:44: [SM]   [1] Line 202, restrictinc/events.sp::CS_OnBuyCommand
L 09/03/2022 - 17:08:57: [SM] Exception reported: Array index out-of-bounds (index 64, limit 55)
L 09/03/2022 - 17:08:57: [SM] Blaming: weapon_restrict.smx
L 09/03/2022 - 17:08:57: [SM] Call stack trace:
L 09/03/2022 - 17:08:57: [SM]   [1] Line 202, restrictinc/events.sp::CS_OnBuyCommand
L 09/03/2022 - 17:09:04: [SM] Exception reported: Array index out-of-bounds (index 64, limit 55)
L 09/03/2022 - 17:09:04: [SM] Blaming: weapon_restrict.smx
L 09/03/2022 - 17:09:04: [SM] Call stack trace:
L 09/03/2022 - 17:09:04: [SM]   [1] Line 202, restrictinc/events.sp::CS_OnBuyCommand
L 09/03/2022 - 17:09:41: [SM] Exception reported: Array index out-of-bounds (index 64, limit 55)
L 09/03/2022 - 17:09:41: [SM] Blaming: weapon_restrict.smx
L 09/03/2022 - 17:09:41: [SM] Call stack trace:
L 09/03/2022 - 17:09:41: [SM]   [1] Line 202, restrictinc/events.sp::CS_OnBuyCommand
L 09/03/2022 - 17:10:29: [SM] Exception reported: Array index out-of-bounds (index 64, limit 55)
L 09/03/2022 - 17:10:29: [SM] Blaming: weapon_restrict.smx
L 09/03/2022 - 17:10:29: [SM] Call stack trace:
L 09/03/2022 - 17:10:29: [SM]   [1] Line 202, restrictinc/events.sp::CS_OnBuyCommand
L 09/03/2022 - 17:10:38: [SM] Exception reported: Array index out-of-bounds (index 64, limit 55)
L 09/03/2022 - 17:10:38: [SM] Blaming: weapon_restrict.smx
L 09/03/2022 - 17:10:38: [SM] Call stack trace:
L 09/03/2022 - 17:10:38: [SM]   [1] Line 202, restrictinc/events.sp::CS_OnBuyCommand
L 09/03/2022 - 17:15:48: [SM] Exception reported: Array index out-of-bounds (index 64, limit 55)
L 09/03/2022 - 17:15:48: [SM] Blaming: weapon_restrict.smx
L 09/03/2022 - 17:15:48: [SM] Call stack trace:
L 09/03/2022 - 17:15:48: [SM]   [1] Line 202, restrictinc/events.sp::CS_OnBuyCommand
L 09/03/2022 - 17:15:50: [SM] Exception reported: Array index out-of-bounds (index 63, limit 55)
L 09/03/2022 - 17:15:50: [SM] Blaming: weapon_restrict.smx
L 09/03/2022 - 17:15:50: [SM] Call stack trace:
L 09/03/2022 - 17:15:50: [SM]   [1] Line 202, restrictinc/events.sp::CS_OnBuyCommand
L 09/03/2022 - 17:17:13: [SM] Exception reported: Array index out-of-bounds (index 64, limit 55)
L 09/03/2022 - 17:17:13: [SM] Blaming: weapon_restrict.smx
L 09/03/2022 - 17:17:13: [SM] Call stack trace:
L 09/03/2022 - 17:17:13: [SM]   [1] Line 202, restrictinc/events.sp::CS_OnBuyCommand
L 09/03/2022 - 17:20:36: [SM] Exception reported: Array index out-of-bounds (index 64, limit 55)
L 09/03/2022 - 17:20:36: [SM] Blaming: weapon_restrict.smx
L 09/03/2022 - 17:20:36: [SM] Call stack trace:
L 09/03/2022 - 17:20:36: [SM]   [1] Line 202, restrictinc/events.sp::CS_OnBuyCommand
L 09/03/2022 - 17:31:41: [SM] Exception reported: Array index out-of-bounds (index 63, limit 55)
L 09/03/2022 - 17:31:41: [SM] Blaming: weapon_restrict.smx
L 09/03/2022 - 17:31:41: [SM] Call stack trace:
L 09/03/2022 - 17:31:41: [SM]   [1] Line 202, restrictinc/events.sp::CS_OnBuyCommand
L 09/03/2022 - 17:31:45: [SM] Exception reported: Array index out-of-bounds (index 64, limit 55)
L 09/03/2022 - 17:31:45: [SM] Blaming: weapon_restrict.smx
L 09/03/2022 - 17:31:45: [SM] Call stack trace:
L 09/03/2022 - 17:31:45: [SM]   [1] Line 202, restrictinc/events.sp::CS_OnBuyCommand
L 09/03/2022 - 17:31:51: [SM] Exception reported: Array index out-of-bounds (index 64, limit 55)
L 09/03/2022 - 17:31:51: [SM] Blaming: weapon_restrict.smx
L 09/03/2022 - 17:31:51: [SM] Call stack trace:
L 09/03/2022 - 17:31:51: [SM]   [1] Line 202, restrictinc/events.sp::CS_OnBuyCommand
L 09/03/2022 - 17:34:55: [SM] Exception reported: Array index out-of-bounds (index 64, limit 55)
L 09/03/2022 - 17:34:55: [SM] Blaming: weapon_restrict.smx
L 09/03/2022 - 17:34:55: [SM] Call stack trace:
L 09/03/2022 - 17:34:55: [SM]   [1] Line 202, restrictinc/events.sp::CS_OnBuyCommand
L 09/03/2022 - 17:35:10: [SM] Exception reported: Array index out-of-bounds (index 64, limit 55)
L 09/03/2022 - 17:35:10: [SM] Blaming: weapon_restrict.smx
L 09/03/2022 - 17:35:10: [SM] Call stack trace:
L 09/03/2022 - 17:35:10: [SM]   [1] Line 202, restrictinc/events.sp::CS_OnBuyCommand
L 09/03/2022 - 17:35:18: [SM] Exception reported: Array index out-of-bounds (index 64, limit 55)
L 09/03/2022 - 17:35:18: [SM] Blaming: weapon_restrict.smx
L 09/03/2022 - 17:35:18: [SM] Call stack trace:
L 09/03/2022 - 17:35:18: [SM]   [1] Line 202, restrictinc/events.sp::CS_OnBuyCommand
L 09/03/2022 - 17:35:28: [SM] Exception reported: Array index out-of-bounds (index 64, limit 55)
L 09/03/2022 - 17:35:28: [SM] Blaming: weapon_restrict.smx
L 09/03/2022 - 17:35:28: [SM] Call stack trace:
L 09/03/2022 - 17:35:28: [SM]   [1] Line 202, restrictinc/events.sp::CS_OnBuyCommand
L 09/03/2022 - 17:35:37: [SM] Exception reported: Array index out-of-bounds (index 64, limit 55)
L 09/03/2022 - 17:35:37: [SM] Blaming: weapon_restrict.smx
L 09/03/2022 - 17:35:37: [SM] Call stack trace:
L 09/03/2022 - 17:35:37: [SM]   [1] Line 202, restrictinc/events.sp::CS_OnBuyCommand
L 09/03/2022 - 17:36:22: [SM] Exception reported: Array index out-of-bounds (index 64, limit 55)
L 09/03/2022 - 17:36:22: [SM] Blaming: weapon_restrict.smx
L 09/03/2022 - 17:36:22: [SM] Call stack trace:
L 09/03/2022 - 17:36:22: [SM]   [1] Line 202, restrictinc/events.sp::CS_OnBuyCommand
L 09/03/2022 - 17:37:28: [SM] Exception reported: Array index out-of-bounds (index 64, limit 55)
L 09/03/2022 - 17:37:28: [SM] Blaming: weapon_restrict.smx
L 09/03/2022 - 17:37:28: [SM] Call stack trace:
L 09/03/2022 - 17:37:28: [SM]   [1] Line 202, restrictinc/events.sp::CS_OnBuyCommand
L 09/03/2022 - 17:40:26: [SM] Exception reported: Array index out-of-bounds (index 64, limit 55)
L 09/03/2022 - 17:40:26: [SM] Blaming: weapon_restrict.smx
L 09/03/2022 - 17:40:26: [SM] Call stack trace:
L 09/03/2022 - 17:40:26: [SM]   [1] Line 202, restrictinc/events.sp::CS_OnBuyCommand
L 09/03/2022 - 17:43:20: [SM] Exception reported: Array index out-of-bounds (index 64, limit 55)
L 09/03/2022 - 17:43:20: [SM] Blaming: weapon_restrict.smx
L 09/03/2022 - 17:43:20: [SM] Call stack trace:
L 09/03/2022 - 17:43:20: [SM]   [1] Line 202, restrictinc/events.sp::CS_OnBuyCommand
L 09/03/2022 - 17:43:36: [SM] Exception reported: Array index out-of-bounds (index 64, limit 55)
L 09/03/2022 - 17:43:36: [SM] Blaming: weapon_restrict.smx
L 09/03/2022 - 17:43:36: [SM] Call stack trace:
L 09/03/2022 - 17:43:36: [SM]   [1] Line 202, restrictinc/events.sp::CS_OnBuyCommand
L 09/03/2022 - 17:54:36: Error log file session closed.
L 09/03/2022 - 18:57:38: SourceMod error session started
L 09/03/2022 - 18:57:38: Info (map "de_mirage") (file "/home/csgo/csgo/addons/sourcemod/logs/errors_20220903.log")
L 09/03/2022 - 18:57:38: [SM] Exception reported: Array index out-of-bounds (index 64, limit 55)
L 09/03/2022 - 18:57:38: [SM] Blaming: weapon_restrict.smx
L 09/03/2022 - 18:57:38: [SM] Call stack trace:
L 09/03/2022 - 18:57:38: [SM]   [1] Line 202, restrictinc/events.sp::CS_OnBuyCommand
L 09/03/2022 - 18:58:04: [SM] Exception reported: Array index out-of-bounds (index 64, limit 55)
L 09/03/2022 - 18:58:04: [SM] Blaming: weapon_restrict.smx
L 09/03/2022 - 18:58:04: [SM] Call stack trace:
L 09/03/2022 - 18:58:04: [SM]   [1] Line 202, restrictinc/events.sp::CS_OnBuyCommand
L 09/03/2022 - 18:58:35: [SM] Exception reported: Array index out-of-bounds (index 64, limit 55)
L 09/03/2022 - 18:58:35: [SM] Blaming: weapon_restrict.smx
L 09/03/2022 - 18:58:35: [SM] Call stack trace:
L 09/03/2022 - 18:58:35: [SM]   [1] Line 202, restrictinc/events.sp::CS_OnBuyCommand
L 09/03/2022 - 18:59:51: [SM] Exception reported: Array index out-of-bounds (index 64, limit 55)
L 09/03/2022 - 18:59:51: [SM] Blaming: weapon_restrict.smx
L 09/03/2022 - 18:59:51: [SM] Call stack trace:
L 09/03/2022 - 18:59:51: [SM]   [1] Line 202, restrictinc/events.sp::CS_OnBuyCommand
L 09/03/2022 - 19:00:27: [SM] Exception reported: Array index out-of-bounds (index 64, limit 55)
L 09/03/2022 - 19:00:27: [SM] Blaming: weapon_restrict.smx
L 09/03/2022 - 19:00:27: [SM] Call stack trace:
L 09/03/2022 - 19:00:27: [SM]   [1] Line 202, restrictinc/events.sp::CS_OnBuyCommand
L 09/03/2022 - 19:01:15: [SM] Exception reported: Array index out-of-bounds (index 64, limit 55)
L 09/03/2022 - 19:01:15: [SM] Blaming: weapon_restrict.smx
L 09/03/2022 - 19:01:15: [SM] Call stack trace:
L 09/03/2022 - 19:01:15: [SM]   [1] Line 202, restrictinc/events.sp::CS_OnBuyCommand
L 09/03/2022 - 19:02:17: [SM] Exception reported: Array index out-of-bounds (index 64, limit 55)
L 09/03/2022 - 19:02:17: [SM] Blaming: weapon_restrict.smx
L 09/03/2022 - 19:02:17: [SM] Call stack trace:
L 09/03/2022 - 19:02:17: [SM]   [1] Line 202, restrictinc/events.sp::CS_OnBuyCommand
L 09/03/2022 - 19:03:11: Error log file session closed.
L 09/03/2022 - 19:03:57: SourceMod error session started
L 09/03/2022 - 19:03:57: Info (map "de_mirage") (file "/home/csgo/csgo/addons/sourcemod/logs/errors_20220903.log")
L 09/03/2022 - 19:03:57: [SM] Exception reported: Array index out-of-bounds (index 64, limit 55)
L 09/03/2022 - 19:03:57: [SM] Blaming: weapon_restrict.smx
L 09/03/2022 - 19:03:57: [SM] Call stack trace:
L 09/03/2022 - 19:03:57: [SM]   [1] Line 202, restrictinc/events.sp::CS_OnBuyCommand
L 09/03/2022 - 19:05:55: [SM] Exception reported: Array index out-of-bounds (index 64, limit 55)
L 09/03/2022 - 19:05:55: [SM] Blaming: weapon_restrict.smx
L 09/03/2022 - 19:05:55: [SM] Call stack trace:
L 09/03/2022 - 19:05:55: [SM]   [1] Line 202, restrictinc/events.sp::CS_OnBuyCommand
L 09/03/2022 - 19:18:20: [SM] Exception reported: Array index out-of-bounds (index 64, limit 55)
L 09/03/2022 - 19:18:20: [SM] Blaming: weapon_restrict.smx
L 09/03/2022 - 19:18:20: [SM] Call stack trace:
L 09/03/2022 - 19:18:20: [SM]   [1] Line 202, restrictinc/events.sp::CS_OnBuyCommand
L 09/03/2022 - 20:10:43: Error log file session closed.
L 09/03/2022 - 21:50:25: SourceMod error session started
L 09/03/2022 - 21:50:25: Info (map "de_mirage") (file "/home/csgo/csgo/addons/sourcemod/logs/errors_20220903.log")
L 09/03/2022 - 21:50:25: [SM] Exception reported: Array index out-of-bounds (index 64, limit 55)
L 09/03/2022 - 21:50:25: [SM] Blaming: weapon_restrict.smx
L 09/03/2022 - 21:50:25: [SM] Call stack trace:
L 09/03/2022 - 21:50:25: [SM]   [1] Line 202, restrictinc/events.sp::CS_OnBuyCommand
L 09/03/2022 - 22:13:35: [levelsranks.smx] SQL_TransactionFailure (1): Lost connection to MySQL server during query (-1)
L 09/04/2022 - 22:22:38: Error log file session closed.
