L 09/19/2022 - 12:30:23: SourceMod error session started
L 09/19/2022 - 12:30:23: Info (map "de_mirage") (file "/badfupo/server1/csgo/addons/sourcemod/logs/errors_20220919.log")
L 09/19/2022 - 12:30:23: [SM] Exception reported: Array index out-of-bounds (index 64, limit 55)
L 09/19/2022 - 12:30:23: [SM] Blaming: weapon_restrict.smx
L 09/19/2022 - 12:30:23: [SM] Call stack trace:
L 09/19/2022 - 12:30:23: [SM]   [1] Line 202, restrictinc/events.sp::CS_OnBuyCommand
L 09/19/2022 - 12:30:23: [SM] Exception reported: Array index out-of-bounds (index 64, limit 55)
L 09/19/2022 - 12:30:23: [SM] Blaming: weapon_restrict.smx
L 09/19/2022 - 12:30:23: [SM] Call stack trace:
L 09/19/2022 - 12:30:23: [SM]   [1] Line 202, restrictinc/events.sp::CS_OnBuyCommand
L 09/19/2022 - 12:47:32: Error log file session closed.
L 09/19/2022 - 13:27:56: SourceMod error session started
L 09/19/2022 - 13:27:56: Info (map "de_mirage") (file "/badfupo/server1/csgo/addons/sourcemod/logs/errors_20220919.log")
L 09/19/2022 - 13:27:56: [SM] Exception reported: Array index out-of-bounds (index 64, limit 55)
L 09/19/2022 - 13:27:56: [SM] Blaming: weapon_restrict.smx
L 09/19/2022 - 13:27:56: [SM] Call stack trace:
L 09/19/2022 - 13:27:56: [SM]   [1] Line 202, restrictinc/events.sp::CS_OnBuyCommand
L 09/19/2022 - 13:28:31: [SM] Exception reported: Array index out-of-bounds (index 64, limit 55)
L 09/19/2022 - 13:28:31: [SM] Blaming: weapon_restrict.smx
L 09/19/2022 - 13:28:31: [SM] Call stack trace:
L 09/19/2022 - 13:28:31: [SM]   [1] Line 202, restrictinc/events.sp::CS_OnBuyCommand
L 09/19/2022 - 13:32:30: [SM] Exception reported: Array index out-of-bounds (index 64, limit 55)
L 09/19/2022 - 13:32:30: [SM] Blaming: weapon_restrict.smx
L 09/19/2022 - 13:32:30: [SM] Call stack trace:
L 09/19/2022 - 13:32:30: [SM]   [1] Line 202, restrictinc/events.sp::CS_OnBuyCommand
L 09/19/2022 - 13:35:22: [SM] Exception reported: Array index out-of-bounds (index 64, limit 55)
L 09/19/2022 - 13:35:22: [SM] Blaming: weapon_restrict.smx
L 09/19/2022 - 13:35:22: [SM] Call stack trace:
L 09/19/2022 - 13:35:22: [SM]   [1] Line 202, restrictinc/events.sp::CS_OnBuyCommand
L 09/19/2022 - 13:41:21: [warmod.smx] Plug-in tEasyFTP.smx required to auto upload demos
L 09/19/2022 - 13:41:49: Error log file session closed.
