L 11/07/2022 - 11:28:10: SourceMod error session started
L 11/07/2022 - 11:28:10: Info (map "de_mirage") (file "/badfupo/server1/csgo/addons/sourcemod/logs/errors_20221107.log")
L 11/07/2022 - 11:28:10: [SM] Exception reported: Array index out-of-bounds (index 64, limit 55)
L 11/07/2022 - 11:28:10: [SM] Blaming: weapon_restrict.smx
L 11/07/2022 - 11:28:10: [SM] Call stack trace:
L 11/07/2022 - 11:28:10: [SM]   [1] Line 202, restrictinc/events.sp::CS_OnBuyCommand
L 11/07/2022 - 11:28:48: [SM] Exception reported: Array index out-of-bounds (index 64, limit 55)
L 11/07/2022 - 11:28:48: [SM] Blaming: weapon_restrict.smx
L 11/07/2022 - 11:28:48: [SM] Call stack trace:
L 11/07/2022 - 11:28:48: [SM]   [1] Line 202, restrictinc/events.sp::CS_OnBuyCommand
L 11/07/2022 - 11:29:19: [SM] Exception reported: Array index out-of-bounds (index 64, limit 55)
L 11/07/2022 - 11:29:19: [SM] Blaming: weapon_restrict.smx
L 11/07/2022 - 11:29:19: [SM] Call stack trace:
L 11/07/2022 - 11:29:19: [SM]   [1] Line 202, restrictinc/events.sp::CS_OnBuyCommand
L 11/07/2022 - 11:30:20: [SM] Exception reported: Array index out-of-bounds (index 64, limit 55)
L 11/07/2022 - 11:30:20: [SM] Blaming: weapon_restrict.smx
L 11/07/2022 - 11:30:20: [SM] Call stack trace:
L 11/07/2022 - 11:30:20: [SM]   [1] Line 202, restrictinc/events.sp::CS_OnBuyCommand
L 11/07/2022 - 11:32:08: [SM] Exception reported: Array index out-of-bounds (index 64, limit 55)
L 11/07/2022 - 11:32:08: [SM] Blaming: weapon_restrict.smx
L 11/07/2022 - 11:32:08: [SM] Call stack trace:
L 11/07/2022 - 11:32:08: [SM]   [1] Line 202, restrictinc/events.sp::CS_OnBuyCommand
L 11/07/2022 - 11:34:08: [SM] Exception reported: Array index out-of-bounds (index 64, limit 55)
L 11/07/2022 - 11:34:08: [SM] Blaming: weapon_restrict.smx
L 11/07/2022 - 11:34:08: [SM] Call stack trace:
L 11/07/2022 - 11:34:08: [SM]   [1] Line 202, restrictinc/events.sp::CS_OnBuyCommand
L 11/07/2022 - 11:42:17: [SM] Exception reported: Array index out-of-bounds (index 64, limit 55)
L 11/07/2022 - 11:42:17: [SM] Blaming: weapon_restrict.smx
L 11/07/2022 - 11:42:17: [SM] Call stack trace:
L 11/07/2022 - 11:42:17: [SM]   [1] Line 202, restrictinc/events.sp::CS_OnBuyCommand
L 11/07/2022 - 11:55:33: Error log file session closed.
L 11/07/2022 - 12:42:44: SourceMod error session started
L 11/07/2022 - 12:42:44: Info (map "de_mirage") (file "/badfupo/server1/csgo/addons/sourcemod/logs/errors_20221107.log")
L 11/07/2022 - 12:42:44: [SM] Exception reported: Array index out-of-bounds (index 64, limit 55)
L 11/07/2022 - 12:42:44: [SM] Blaming: weapon_restrict.smx
L 11/07/2022 - 12:42:44: [SM] Call stack trace:
L 11/07/2022 - 12:42:44: [SM]   [1] Line 202, restrictinc/events.sp::CS_OnBuyCommand
L 11/07/2022 - 12:43:24: [SM] Exception reported: Array index out-of-bounds (index 64, limit 55)
L 11/07/2022 - 12:43:24: [SM] Blaming: weapon_restrict.smx
L 11/07/2022 - 12:43:24: [SM] Call stack trace:
L 11/07/2022 - 12:43:24: [SM]   [1] Line 202, restrictinc/events.sp::CS_OnBuyCommand
L 11/07/2022 - 12:43:57: [SM] Exception reported: Array index out-of-bounds (index 64, limit 55)
L 11/07/2022 - 12:43:57: [SM] Blaming: weapon_restrict.smx
L 11/07/2022 - 12:43:57: [SM] Call stack trace:
L 11/07/2022 - 12:43:57: [SM]   [1] Line 202, restrictinc/events.sp::CS_OnBuyCommand
L 11/07/2022 - 12:44:05: [SM] Exception reported: Array index out-of-bounds (index 64, limit 55)
L 11/07/2022 - 12:44:05: [SM] Blaming: weapon_restrict.smx
L 11/07/2022 - 12:44:05: [SM] Call stack trace:
L 11/07/2022 - 12:44:05: [SM]   [1] Line 202, restrictinc/events.sp::CS_OnBuyCommand
L 11/07/2022 - 12:44:09: [SM] Exception reported: Array index out-of-bounds (index 64, limit 55)
L 11/07/2022 - 12:44:09: [SM] Blaming: weapon_restrict.smx
L 11/07/2022 - 12:44:09: [SM] Call stack trace:
L 11/07/2022 - 12:44:09: [SM]   [1] Line 202, restrictinc/events.sp::CS_OnBuyCommand
L 11/07/2022 - 12:44:14: [SM] Exception reported: Array index out-of-bounds (index 64, limit 55)
L 11/07/2022 - 12:44:14: [SM] Blaming: weapon_restrict.smx
L 11/07/2022 - 12:44:14: [SM] Call stack trace:
L 11/07/2022 - 12:44:14: [SM]   [1] Line 202, restrictinc/events.sp::CS_OnBuyCommand
L 11/07/2022 - 12:44:42: [SM] Exception reported: Array index out-of-bounds (index 64, limit 55)
L 11/07/2022 - 12:44:42: [SM] Blaming: weapon_restrict.smx
L 11/07/2022 - 12:44:42: [SM] Call stack trace:
L 11/07/2022 - 12:44:42: [SM]   [1] Line 202, restrictinc/events.sp::CS_OnBuyCommand
L 11/07/2022 - 12:45:15: [SM] Exception reported: Array index out-of-bounds (index 64, limit 55)
L 11/07/2022 - 12:45:15: [SM] Blaming: weapon_restrict.smx
L 11/07/2022 - 12:45:15: [SM] Call stack trace:
L 11/07/2022 - 12:45:15: [SM]   [1] Line 202, restrictinc/events.sp::CS_OnBuyCommand
L 11/07/2022 - 12:45:25: [SM] Exception reported: Array index out-of-bounds (index 64, limit 55)
L 11/07/2022 - 12:45:25: [SM] Blaming: weapon_restrict.smx
L 11/07/2022 - 12:45:25: [SM] Call stack trace:
L 11/07/2022 - 12:45:25: [SM]   [1] Line 202, restrictinc/events.sp::CS_OnBuyCommand
L 11/07/2022 - 12:45:30: [SM] Exception reported: Array index out-of-bounds (index 64, limit 55)
L 11/07/2022 - 12:45:30: [SM] Blaming: weapon_restrict.smx
L 11/07/2022 - 12:45:30: [SM] Call stack trace:
L 11/07/2022 - 12:45:30: [SM]   [1] Line 202, restrictinc/events.sp::CS_OnBuyCommand
L 11/07/2022 - 12:45:48: [SM] Exception reported: Array index out-of-bounds (index 64, limit 55)
L 11/07/2022 - 12:45:48: [SM] Blaming: weapon_restrict.smx
L 11/07/2022 - 12:45:48: [SM] Call stack trace:
L 11/07/2022 - 12:45:48: [SM]   [1] Line 202, restrictinc/events.sp::CS_OnBuyCommand
L 11/07/2022 - 12:46:31: [SM] Exception reported: Array index out-of-bounds (index 64, limit 55)
L 11/07/2022 - 12:46:31: [SM] Blaming: weapon_restrict.smx
L 11/07/2022 - 12:46:31: [SM] Call stack trace:
L 11/07/2022 - 12:46:31: [SM]   [1] Line 202, restrictinc/events.sp::CS_OnBuyCommand
L 11/07/2022 - 12:46:53: [SM] Exception reported: Array index out-of-bounds (index 64, limit 55)
L 11/07/2022 - 12:46:53: [SM] Blaming: weapon_restrict.smx
L 11/07/2022 - 12:46:53: [SM] Call stack trace:
L 11/07/2022 - 12:46:53: [SM]   [1] Line 202, restrictinc/events.sp::CS_OnBuyCommand
L 11/07/2022 - 12:47:01: [SM] Exception reported: Array index out-of-bounds (index 64, limit 55)
L 11/07/2022 - 12:47:01: [SM] Blaming: weapon_restrict.smx
L 11/07/2022 - 12:47:01: [SM] Call stack trace:
L 11/07/2022 - 12:47:01: [SM]   [1] Line 202, restrictinc/events.sp::CS_OnBuyCommand
L 11/07/2022 - 12:47:24: [SM] Exception reported: Array index out-of-bounds (index 64, limit 55)
L 11/07/2022 - 12:47:24: [SM] Blaming: weapon_restrict.smx
L 11/07/2022 - 12:47:24: [SM] Call stack trace:
L 11/07/2022 - 12:47:24: [SM]   [1] Line 202, restrictinc/events.sp::CS_OnBuyCommand
L 11/07/2022 - 12:48:10: [SM] Exception reported: Array index out-of-bounds (index 64, limit 55)
L 11/07/2022 - 12:48:10: [SM] Blaming: weapon_restrict.smx
L 11/07/2022 - 12:48:10: [SM] Call stack trace:
L 11/07/2022 - 12:48:10: [SM]   [1] Line 202, restrictinc/events.sp::CS_OnBuyCommand
L 11/07/2022 - 12:48:47: [SM] Exception reported: Array index out-of-bounds (index 64, limit 55)
L 11/07/2022 - 12:48:47: [SM] Blaming: weapon_restrict.smx
L 11/07/2022 - 12:48:47: [SM] Call stack trace:
L 11/07/2022 - 12:48:47: [SM]   [1] Line 202, restrictinc/events.sp::CS_OnBuyCommand
L 11/07/2022 - 12:49:05: [SM] Exception reported: Array index out-of-bounds (index 64, limit 55)
L 11/07/2022 - 12:49:05: [SM] Blaming: weapon_restrict.smx
L 11/07/2022 - 12:49:05: [SM] Call stack trace:
L 11/07/2022 - 12:49:05: [SM]   [1] Line 202, restrictinc/events.sp::CS_OnBuyCommand
L 11/07/2022 - 12:49:54: [SM] Exception reported: Array index out-of-bounds (index 64, limit 55)
L 11/07/2022 - 12:49:54: [SM] Blaming: weapon_restrict.smx
L 11/07/2022 - 12:49:54: [SM] Call stack trace:
L 11/07/2022 - 12:49:54: [SM]   [1] Line 202, restrictinc/events.sp::CS_OnBuyCommand
L 11/07/2022 - 12:50:45: [SM] Exception reported: Array index out-of-bounds (index 64, limit 55)
L 11/07/2022 - 12:50:45: [SM] Blaming: weapon_restrict.smx
L 11/07/2022 - 12:50:45: [SM] Call stack trace:
L 11/07/2022 - 12:50:45: [SM]   [1] Line 202, restrictinc/events.sp::CS_OnBuyCommand
L 11/07/2022 - 12:54:56: [SM] Exception reported: Array index out-of-bounds (index 64, limit 55)
L 11/07/2022 - 12:54:56: [SM] Blaming: weapon_restrict.smx
L 11/07/2022 - 12:54:56: [SM] Call stack trace:
L 11/07/2022 - 12:54:56: [SM]   [1] Line 202, restrictinc/events.sp::CS_OnBuyCommand
L 11/07/2022 - 13:08:23: [SM] Exception reported: Array index out-of-bounds (index 64, limit 55)
L 11/07/2022 - 13:08:23: [SM] Blaming: weapon_restrict.smx
L 11/07/2022 - 13:08:23: [SM] Call stack trace:
L 11/07/2022 - 13:08:23: [SM]   [1] Line 202, restrictinc/events.sp::CS_OnBuyCommand
L 11/07/2022 - 13:11:34: [SM] Exception reported: Array index out-of-bounds (index 63, limit 55)
L 11/07/2022 - 13:11:34: [SM] Blaming: weapon_restrict.smx
L 11/07/2022 - 13:11:34: [SM] Call stack trace:
L 11/07/2022 - 13:11:34: [SM]   [1] Line 202, restrictinc/events.sp::CS_OnBuyCommand
L 11/07/2022 - 13:13:04: [SM] Exception reported: Array index out-of-bounds (index 63, limit 55)
L 11/07/2022 - 13:13:04: [SM] Blaming: weapon_restrict.smx
L 11/07/2022 - 13:13:04: [SM] Call stack trace:
L 11/07/2022 - 13:13:04: [SM]   [1] Line 202, restrictinc/events.sp::CS_OnBuyCommand
L 11/07/2022 - 13:14:11: [SM] Exception reported: Array index out-of-bounds (index 63, limit 55)
L 11/07/2022 - 13:14:11: [SM] Blaming: weapon_restrict.smx
L 11/07/2022 - 13:14:11: [SM] Call stack trace:
L 11/07/2022 - 13:14:11: [SM]   [1] Line 202, restrictinc/events.sp::CS_OnBuyCommand
L 11/07/2022 - 13:15:26: [SM] Exception reported: Array index out-of-bounds (index 64, limit 55)
L 11/07/2022 - 13:15:26: [SM] Blaming: weapon_restrict.smx
L 11/07/2022 - 13:15:26: [SM] Call stack trace:
L 11/07/2022 - 13:15:26: [SM]   [1] Line 202, restrictinc/events.sp::CS_OnBuyCommand
L 11/07/2022 - 13:18:51: [warmod.smx] Plug-in tEasyFTP.smx required to auto upload demos
L 11/07/2022 - 13:19:19: Error log file session closed.
L 11/07/2022 - 13:39:30: SourceMod error session started
L 11/07/2022 - 13:39:30: Info (map "de_mirage") (file "/badfupo/server1/csgo/addons/sourcemod/logs/errors_20221107.log")
L 11/07/2022 - 13:39:30: [SM] Exception reported: Array index out-of-bounds (index 63, limit 55)
L 11/07/2022 - 13:39:30: [SM] Blaming: weapon_restrict.smx
L 11/07/2022 - 13:39:30: [SM] Call stack trace:
L 11/07/2022 - 13:39:30: [SM]   [1] Line 202, restrictinc/events.sp::CS_OnBuyCommand
L 11/07/2022 - 13:39:56: [SM] Exception reported: Array index out-of-bounds (index 63, limit 55)
L 11/07/2022 - 13:39:56: [SM] Blaming: weapon_restrict.smx
L 11/07/2022 - 13:39:56: [SM] Call stack trace:
L 11/07/2022 - 13:39:56: [SM]   [1] Line 202, restrictinc/events.sp::CS_OnBuyCommand
L 11/07/2022 - 13:40:47: [SM] Exception reported: Array index out-of-bounds (index 63, limit 55)
L 11/07/2022 - 13:40:47: [SM] Blaming: weapon_restrict.smx
L 11/07/2022 - 13:40:47: [SM] Call stack trace:
L 11/07/2022 - 13:40:47: [SM]   [1] Line 202, restrictinc/events.sp::CS_OnBuyCommand
L 11/07/2022 - 13:41:58: [SM] Exception reported: Array index out-of-bounds (index 63, limit 55)
L 11/07/2022 - 13:41:58: [SM] Blaming: weapon_restrict.smx
L 11/07/2022 - 13:41:58: [SM] Call stack trace:
L 11/07/2022 - 13:41:58: [SM]   [1] Line 202, restrictinc/events.sp::CS_OnBuyCommand
L 11/07/2022 - 13:43:05: [SM] Exception reported: Array index out-of-bounds (index 63, limit 55)
L 11/07/2022 - 13:43:05: [SM] Blaming: weapon_restrict.smx
L 11/07/2022 - 13:43:05: [SM] Call stack trace:
L 11/07/2022 - 13:43:05: [SM]   [1] Line 202, restrictinc/events.sp::CS_OnBuyCommand
L 11/07/2022 - 13:44:59: [warmod.smx] Plug-in tEasyFTP.smx required to auto upload demos
L 11/07/2022 - 13:45:28: Error log file session closed.
L 11/07/2022 - 18:34:35: SourceMod error session started
L 11/07/2022 - 18:34:35: Info (map "de_mirage") (file "/badfupo/server1/csgo/addons/sourcemod/logs/errors_20221107.log")
L 11/07/2022 - 18:34:35: [SM] Exception reported: Array index out-of-bounds (index 64, limit 55)
L 11/07/2022 - 18:34:35: [SM] Blaming: weapon_restrict.smx
L 11/07/2022 - 18:34:35: [SM] Call stack trace:
L 11/07/2022 - 18:34:35: [SM]   [1] Line 202, restrictinc/events.sp::CS_OnBuyCommand
L 11/07/2022 - 21:15:56: Error log file session closed.
