L 08/11/2022 - 01:29:51: SourceMod error session started
L 08/11/2022 - 01:29:51: Info (map "de_overpass") (file "/home/csgo/csgo/addons/sourcemod/logs/errors_20220811.log")
L 08/11/2022 - 01:29:51: [SM] Fatal error encountered parsing translation file "movecommands.phrases.txt"
L 08/11/2022 - 01:29:51: [SM] Error (line 0, column 0): Stream failed to open
L 08/11/2022 - 13:04:19: Error log file session closed.
L 08/11/2022 - 13:04:19: SourceMod error session started
L 08/11/2022 - 13:04:19: Info (map "de_overpass") (file "/home/csgo/csgo/addons/sourcemod/logs/errors_20220811.log")
L 08/11/2022 - 13:04:19: [SM] Fatal error encountered parsing translation file "movecommands.phrases.txt"
L 08/11/2022 - 13:04:19: [SM] Error (line 0, column 0): Stream failed to open
L 08/11/2022 - 13:27:23: Error log file session closed.
L 08/11/2022 - 13:27:23: SourceMod error session started
L 08/11/2022 - 13:27:23: Info (map "de_overpass") (file "/home/csgo/csgo/addons/sourcemod/logs/errors_20220811.log")
L 08/11/2022 - 13:27:23: [SM] Fatal error encountered parsing translation file "movecommands.phrases.txt"
L 08/11/2022 - 13:27:23: [SM] Error (line 0, column 0): Stream failed to open
L 08/11/2022 - 13:34:36: Error log file session closed.
L 08/11/2022 - 13:34:36: SourceMod error session started
L 08/11/2022 - 13:34:36: Info (map "de_mirage") (file "/home/csgo/csgo/addons/sourcemod/logs/errors_20220811.log")
L 08/11/2022 - 13:34:36: [SM] Fatal error encountered parsing translation file "movecommands.phrases.txt"
L 08/11/2022 - 13:34:36: [SM] Error (line 0, column 0): Stream failed to open
L 08/11/2022 - 13:37:34: [c5_pug.smx] GOTV demo could not be recorded since tv_enable is not set to 1
L 08/11/2022 - 13:39:54: [SM] Exception reported: Array index out-of-bounds (index 64, limit 55)
L 08/11/2022 - 13:39:54: [SM] Blaming: weapon_restrict.smx
L 08/11/2022 - 13:39:54: [SM] Call stack trace:
L 08/11/2022 - 13:39:54: [SM]   [1] Line 202, restrictinc/events.sp::CS_OnBuyCommand
L 08/11/2022 - 13:53:24: [SM] Exception reported: Array index out-of-bounds (index 64, limit 55)
L 08/11/2022 - 13:53:24: [SM] Blaming: weapon_restrict.smx
L 08/11/2022 - 13:53:24: [SM] Call stack trace:
L 08/11/2022 - 13:53:24: [SM]   [1] Line 202, restrictinc/events.sp::CS_OnBuyCommand
L 08/11/2022 - 16:42:38: Error log file session closed.
L 08/11/2022 - 16:42:38: SourceMod error session started
L 08/11/2022 - 16:42:38: Info (map "de_mirage") (file "/home/csgo/csgo/addons/sourcemod/logs/errors_20220811.log")
L 08/11/2022 - 16:42:38: [SM] Fatal error encountered parsing translation file "movecommands.phrases.txt"
L 08/11/2022 - 16:42:38: [SM] Error (line 0, column 0): Stream failed to open
L 08/11/2022 - 16:46:59: Error log file session closed.
L 08/11/2022 - 16:46:59: SourceMod error session started
L 08/11/2022 - 16:46:59: Info (map "de_mirage") (file "/home/csgo/csgo/addons/sourcemod/logs/errors_20220811.log")
L 08/11/2022 - 16:46:59: [SM] Fatal error encountered parsing translation file "movecommands.phrases.txt"
L 08/11/2022 - 16:46:59: [SM] Error (line 0, column 0): Stream failed to open
L 08/11/2022 - 17:50:03: Error log file session closed.
L 08/11/2022 - 17:50:03: SourceMod error session started
L 08/11/2022 - 17:50:03: Info (map "de_mirage") (file "/home/csgo/csgo/addons/sourcemod/logs/errors_20220811.log")
L 08/11/2022 - 17:50:03: [SM] Fatal error encountered parsing translation file "movecommands.phrases.txt"
L 08/11/2022 - 17:50:03: [SM] Error (line 0, column 0): Stream failed to open
L 08/11/2022 - 18:00:19: Error log file session closed.
L 08/11/2022 - 18:00:19: SourceMod error session started
L 08/11/2022 - 18:00:19: Info (map "de_mirage") (file "/home/csgo/csgo/addons/sourcemod/logs/errors_20220811.log")
L 08/11/2022 - 18:00:19: [SM] Fatal error encountered parsing translation file "movecommands.phrases.txt"
L 08/11/2022 - 18:00:19: [SM] Error (line 0, column 0): Stream failed to open
L 08/11/2022 - 18:17:48: [SM] Exception reported: Client 2 is not in game
L 08/11/2022 - 18:17:48: [SM] Blaming: c5_pug_voteend.smx
L 08/11/2022 - 18:17:48: [SM] Call stack trace:
L 08/11/2022 - 18:17:48: [SM]   [0] GetClientTeam
L 08/11/2022 - 18:17:48: [SM]   [1] Line 56, F:\Code\sourcepawn\addons\sourcemod\scripting\c5_pug_voteend.sp::OnClientDisconnect
L 08/11/2022 - 18:28:05: [SM] Exception reported: Array index out-of-bounds (index 64, limit 55)
L 08/11/2022 - 18:28:05: [SM] Blaming: weapon_restrict.smx
L 08/11/2022 - 18:28:05: [SM] Call stack trace:
L 08/11/2022 - 18:28:05: [SM]   [1] Line 202, restrictinc/events.sp::CS_OnBuyCommand
L 08/11/2022 - 18:42:23: Error log file session closed.
L 08/11/2022 - 18:42:23: SourceMod error session started
L 08/11/2022 - 18:42:23: Info (map "de_mirage") (file "/home/csgo/csgo/addons/sourcemod/logs/errors_20220811.log")
L 08/11/2022 - 18:42:23: [SM] Fatal error encountered parsing translation file "movecommands.phrases.txt"
L 08/11/2022 - 18:42:23: [SM] Error (line 0, column 0): Stream failed to open
L 08/11/2022 - 18:52:59: [c5_pug.smx] GOTV demo could not be recorded since tv_enable is not set to 1
L 08/11/2022 - 18:54:02: [SM] Exception reported: Array index out-of-bounds (index 64, limit 55)
L 08/11/2022 - 18:54:02: [SM] Blaming: weapon_restrict.smx
L 08/11/2022 - 18:54:02: [SM] Call stack trace:
L 08/11/2022 - 18:54:02: [SM]   [1] Line 202, restrictinc/events.sp::CS_OnBuyCommand
L 08/11/2022 - 18:54:09: [SM] Exception reported: Array index out-of-bounds (index 64, limit 55)
L 08/11/2022 - 18:54:09: [SM] Blaming: weapon_restrict.smx
L 08/11/2022 - 18:54:09: [SM] Call stack trace:
L 08/11/2022 - 18:54:09: [SM]   [1] Line 202, restrictinc/events.sp::CS_OnBuyCommand
L 08/11/2022 - 18:56:44: [SM] Exception reported: Array index out-of-bounds (index 64, limit 55)
L 08/11/2022 - 18:56:44: [SM] Blaming: weapon_restrict.smx
L 08/11/2022 - 18:56:44: [SM] Call stack trace:
L 08/11/2022 - 18:56:44: [SM]   [1] Line 202, restrictinc/events.sp::CS_OnBuyCommand
L 08/11/2022 - 18:58:01: [c5_pug.smx] GOTV demo could not be recorded since tv_enable is not set to 1
L 08/11/2022 - 18:58:25: [SM] Exception reported: Array index out-of-bounds (index 64, limit 55)
L 08/11/2022 - 18:58:25: [SM] Blaming: weapon_restrict.smx
L 08/11/2022 - 18:58:25: [SM] Call stack trace:
L 08/11/2022 - 18:58:25: [SM]   [1] Line 202, restrictinc/events.sp::CS_OnBuyCommand
L 08/11/2022 - 18:58:25: [SM] Exception reported: Array index out-of-bounds (index 64, limit 55)
L 08/11/2022 - 18:58:25: [SM] Blaming: weapon_restrict.smx
L 08/11/2022 - 18:58:25: [SM] Call stack trace:
L 08/11/2022 - 18:58:25: [SM]   [1] Line 202, restrictinc/events.sp::CS_OnBuyCommand
L 08/11/2022 - 19:13:24: [SM] Exception reported: Array index out-of-bounds (index 64, limit 55)
L 08/11/2022 - 19:13:24: [SM] Blaming: weapon_restrict.smx
L 08/11/2022 - 19:13:24: [SM] Call stack trace:
L 08/11/2022 - 19:13:24: [SM]   [1] Line 202, restrictinc/events.sp::CS_OnBuyCommand
L 08/11/2022 - 19:13:24: [SM] Exception reported: Array index out-of-bounds (index 64, limit 55)
L 08/11/2022 - 19:13:24: [SM] Blaming: weapon_restrict.smx
L 08/11/2022 - 19:13:24: [SM] Call stack trace:
L 08/11/2022 - 19:13:24: [SM]   [1] Line 202, restrictinc/events.sp::CS_OnBuyCommand
L 08/11/2022 - 20:07:59: Error log file session closed.
L 08/11/2022 - 20:07:59: SourceMod error session started
L 08/11/2022 - 20:07:59: Info (map "de_mirage") (file "/home/csgo/csgo/addons/sourcemod/logs/errors_20220811.log")
L 08/11/2022 - 20:07:59: [SM] Fatal error encountered parsing translation file "movecommands.phrases.txt"
L 08/11/2022 - 20:07:59: [SM] Error (line 0, column 0): Stream failed to open
L 08/11/2022 - 22:23:47: Error log file session closed.
L 08/11/2022 - 22:23:47: SourceMod error session started
L 08/11/2022 - 22:23:47: Info (map "de_mirage") (file "/home/csgo/csgo/addons/sourcemod/logs/errors_20220811.log")
L 08/11/2022 - 22:23:47: [SM] Fatal error encountered parsing translation file "movecommands.phrases.txt"
L 08/11/2022 - 22:23:47: [SM] Error (line 0, column 0): Stream failed to open
L 08/11/2022 - 22:26:17: [SM] Exception reported: Array index out-of-bounds (index 63, limit 55)
L 08/11/2022 - 22:26:17: [SM] Blaming: weapon_restrict.smx
L 08/11/2022 - 22:26:17: [SM] Call stack trace:
L 08/11/2022 - 22:26:17: [SM]   [1] Line 202, restrictinc/events.sp::CS_OnBuyCommand
L 08/11/2022 - 22:27:08: [SM] Exception reported: Array index out-of-bounds (index 63, limit 55)
L 08/11/2022 - 22:27:08: [SM] Blaming: weapon_restrict.smx
L 08/11/2022 - 22:27:08: [SM] Call stack trace:
L 08/11/2022 - 22:27:08: [SM]   [1] Line 202, restrictinc/events.sp::CS_OnBuyCommand
L 08/11/2022 - 22:27:25: [SM] Exception reported: Array index out-of-bounds (index 63, limit 55)
L 08/11/2022 - 22:27:25: [SM] Blaming: weapon_restrict.smx
L 08/11/2022 - 22:27:25: [SM] Call stack trace:
L 08/11/2022 - 22:27:25: [SM]   [1] Line 202, restrictinc/events.sp::CS_OnBuyCommand
L 08/11/2022 - 22:27:47: [SM] Exception reported: Array index out-of-bounds (index 63, limit 55)
L 08/11/2022 - 22:27:47: [SM] Blaming: weapon_restrict.smx
L 08/11/2022 - 22:27:47: [SM] Call stack trace:
L 08/11/2022 - 22:27:47: [SM]   [1] Line 202, restrictinc/events.sp::CS_OnBuyCommand
L 08/11/2022 - 22:28:59: [SM] Exception reported: Array index out-of-bounds (index 63, limit 55)
L 08/11/2022 - 22:28:59: [SM] Blaming: weapon_restrict.smx
L 08/11/2022 - 22:28:59: [SM] Call stack trace:
L 08/11/2022 - 22:28:59: [SM]   [1] Line 202, restrictinc/events.sp::CS_OnBuyCommand
L 08/11/2022 - 22:29:02: Error log file session closed.
L 08/11/2022 - 22:29:02: SourceMod error session started
L 08/11/2022 - 22:29:02: Info (map "de_mirage") (file "/home/csgo/csgo/addons/sourcemod/logs/errors_20220811.log")
L 08/11/2022 - 22:29:02: [SM] Fatal error encountered parsing translation file "movecommands.phrases.txt"
L 08/11/2022 - 22:29:02: [SM] Error (line 0, column 0): Stream failed to open
L 08/11/2022 - 22:29:41: [c5_pug.smx] GOTV demo could not be recorded since tv_enable is not set to 1
L 08/11/2022 - 22:29:45: [SM] Exception reported: Array index out-of-bounds (index 63, limit 55)
L 08/11/2022 - 22:29:45: [SM] Blaming: weapon_restrict.smx
L 08/11/2022 - 22:29:45: [SM] Call stack trace:
L 08/11/2022 - 22:29:45: [SM]   [1] Line 202, restrictinc/events.sp::CS_OnBuyCommand
L 08/11/2022 - 22:30:22: [SM] Exception reported: Array index out-of-bounds (index 63, limit 55)
L 08/11/2022 - 22:30:22: [SM] Blaming: weapon_restrict.smx
L 08/11/2022 - 22:30:22: [SM] Call stack trace:
L 08/11/2022 - 22:30:22: [SM]   [1] Line 202, restrictinc/events.sp::CS_OnBuyCommand
L 08/11/2022 - 22:30:23: [SM] Exception reported: Array index out-of-bounds (index 64, limit 55)
L 08/11/2022 - 22:30:23: [SM] Blaming: weapon_restrict.smx
L 08/11/2022 - 22:30:23: [SM] Call stack trace:
L 08/11/2022 - 22:30:23: [SM]   [1] Line 202, restrictinc/events.sp::CS_OnBuyCommand
L 08/11/2022 - 22:33:45: [SM] Exception reported: Array index out-of-bounds (index 63, limit 55)
L 08/11/2022 - 22:33:45: [SM] Blaming: weapon_restrict.smx
L 08/11/2022 - 22:33:45: [SM] Call stack trace:
L 08/11/2022 - 22:33:45: [SM]   [1] Line 202, restrictinc/events.sp::CS_OnBuyCommand
L 08/11/2022 - 22:44:35: [SM] Exception reported: Array index out-of-bounds (index 63, limit 55)
L 08/11/2022 - 22:44:35: [SM] Blaming: weapon_restrict.smx
L 08/11/2022 - 22:44:35: [SM] Call stack trace:
L 08/11/2022 - 22:44:35: [SM]   [1] Line 202, restrictinc/events.sp::CS_OnBuyCommand
L 08/11/2022 - 22:45:34: [SM] Exception reported: Array index out-of-bounds (index 64, limit 55)
L 08/11/2022 - 22:45:34: [SM] Blaming: weapon_restrict.smx
L 08/11/2022 - 22:45:34: [SM] Call stack trace:
L 08/11/2022 - 22:45:34: [SM]   [1] Line 202, restrictinc/events.sp::CS_OnBuyCommand
L 08/11/2022 - 22:49:57: [SM] Exception reported: Array index out-of-bounds (index 63, limit 55)
L 08/11/2022 - 22:49:57: [SM] Blaming: weapon_restrict.smx
L 08/11/2022 - 22:49:57: [SM] Call stack trace:
L 08/11/2022 - 22:49:57: [SM]   [1] Line 202, restrictinc/events.sp::CS_OnBuyCommand
L 08/11/2022 - 22:53:24: [SM] Exception reported: Array index out-of-bounds (index 63, limit 55)
L 08/11/2022 - 22:53:24: [SM] Blaming: weapon_restrict.smx
L 08/11/2022 - 22:53:24: [SM] Call stack trace:
L 08/11/2022 - 22:53:24: [SM]   [1] Line 202, restrictinc/events.sp::CS_OnBuyCommand
L 08/11/2022 - 22:54:08: [SM] Exception reported: Array index out-of-bounds (index 63, limit 55)
L 08/11/2022 - 22:54:08: [SM] Blaming: weapon_restrict.smx
L 08/11/2022 - 22:54:08: [SM] Call stack trace:
L 08/11/2022 - 22:54:08: [SM]   [1] Line 202, restrictinc/events.sp::CS_OnBuyCommand
L 08/11/2022 - 22:54:09: [SM] Exception reported: Array index out-of-bounds (index 63, limit 55)
L 08/11/2022 - 22:54:09: [SM] Blaming: weapon_restrict.smx
L 08/11/2022 - 22:54:09: [SM] Call stack trace:
L 08/11/2022 - 22:54:09: [SM]   [1] Line 202, restrictinc/events.sp::CS_OnBuyCommand
L 08/11/2022 - 22:54:28: [c5_pug.smx] GOTV demo could not be recorded since tv_enable is not set to 1
L 08/11/2022 - 22:55:13: [SM] Exception reported: Array index out-of-bounds (index 64, limit 55)
L 08/11/2022 - 22:55:13: [SM] Blaming: weapon_restrict.smx
L 08/11/2022 - 22:55:13: [SM] Call stack trace:
L 08/11/2022 - 22:55:13: [SM]   [1] Line 202, restrictinc/events.sp::CS_OnBuyCommand
L 08/11/2022 - 22:55:16: [SM] Exception reported: Array index out-of-bounds (index 64, limit 55)
L 08/11/2022 - 22:55:16: [SM] Blaming: weapon_restrict.smx
L 08/11/2022 - 22:55:16: [SM] Call stack trace:
L 08/11/2022 - 22:55:16: [SM]   [1] Line 202, restrictinc/events.sp::CS_OnBuyCommand
L 08/12/2022 - 07:24:19: Error log file session closed.
