L 08/17/2022 - 00:00:15: SourceMod error session started
L 08/17/2022 - 00:00:15: Info (map "de_dust2") (file "/home/csgo/csgo/addons/sourcemod/logs/errors_20220817.log")
L 08/17/2022 - 00:00:15: [SM] Fatal error encountered parsing translation file "movecommands.phrases.txt"
L 08/17/2022 - 00:00:15: [SM] Error (line 0, column 0): Stream failed to open
L 08/17/2022 - 00:06:44: Error log file session closed.
L 08/17/2022 - 00:06:44: SourceMod error session started
L 08/17/2022 - 00:06:44: Info (map "de_mirage") (file "/home/csgo/csgo/addons/sourcemod/logs/errors_20220817.log")
L 08/17/2022 - 00:06:44: [SM] Fatal error encountered parsing translation file "movecommands.phrases.txt"
L 08/17/2022 - 00:06:44: [SM] Error (line 0, column 0): Stream failed to open
L 08/17/2022 - 00:13:36: [SM] Exception reported: Array index out-of-bounds (index 64, limit 55)
L 08/17/2022 - 00:13:36: [SM] Blaming: weapon_restrict.smx
L 08/17/2022 - 00:13:36: [SM] Call stack trace:
L 08/17/2022 - 00:13:36: [SM]   [1] Line 202, restrictinc/events.sp::CS_OnBuyCommand
L 08/17/2022 - 00:13:49: [c5_pug.smx] GOTV demo could not be recorded since tv_enable is not set to 1
L 08/17/2022 - 00:13:51: [SM] Exception reported: Array index out-of-bounds (index 64, limit 55)
L 08/17/2022 - 00:13:51: [SM] Blaming: weapon_restrict.smx
L 08/17/2022 - 00:13:51: [SM] Call stack trace:
L 08/17/2022 - 00:13:51: [SM]   [1] Line 202, restrictinc/events.sp::CS_OnBuyCommand
L 08/17/2022 - 00:14:14: [SM] Exception reported: Array index out-of-bounds (index 64, limit 55)
L 08/17/2022 - 00:14:14: [SM] Blaming: weapon_restrict.smx
L 08/17/2022 - 00:14:14: [SM] Call stack trace:
L 08/17/2022 - 00:14:14: [SM]   [1] Line 202, restrictinc/events.sp::CS_OnBuyCommand
L 08/17/2022 - 00:14:17: [SM] Exception reported: Array index out-of-bounds (index 64, limit 55)
L 08/17/2022 - 00:14:17: [SM] Blaming: weapon_restrict.smx
L 08/17/2022 - 00:14:17: [SM] Call stack trace:
L 08/17/2022 - 00:14:17: [SM]   [1] Line 202, restrictinc/events.sp::CS_OnBuyCommand
L 08/17/2022 - 00:26:45: [SM] Exception reported: Array index out-of-bounds (index 64, limit 55)
L 08/17/2022 - 00:26:45: [SM] Blaming: weapon_restrict.smx
L 08/17/2022 - 00:26:45: [SM] Call stack trace:
L 08/17/2022 - 00:26:45: [SM]   [1] Line 202, restrictinc/events.sp::CS_OnBuyCommand
L 08/17/2022 - 00:26:46: [SM] Exception reported: Array index out-of-bounds (index 64, limit 55)
L 08/17/2022 - 00:26:46: [SM] Blaming: weapon_restrict.smx
L 08/17/2022 - 00:26:46: [SM] Call stack trace:
L 08/17/2022 - 00:26:46: [SM]   [1] Line 202, restrictinc/events.sp::CS_OnBuyCommand
L 08/17/2022 - 00:58:56: Error log file session closed.
L 08/17/2022 - 00:58:56: SourceMod error session started
L 08/17/2022 - 00:58:56: Info (map "de_mirage") (file "/home/csgo/csgo/addons/sourcemod/logs/errors_20220817.log")
L 08/17/2022 - 00:58:56: [SM] Fatal error encountered parsing translation file "movecommands.phrases.txt"
L 08/17/2022 - 00:58:56: [SM] Error (line 0, column 0): Stream failed to open
L 08/17/2022 - 01:03:22: Error log file session closed.
L 08/17/2022 - 01:03:22: SourceMod error session started
L 08/17/2022 - 01:03:22: Info (map "de_mirage") (file "/home/csgo/csgo/addons/sourcemod/logs/errors_20220817.log")
L 08/17/2022 - 01:03:22: [SM] Fatal error encountered parsing translation file "movecommands.phrases.txt"
L 08/17/2022 - 01:03:22: [SM] Error (line 0, column 0): Stream failed to open
L 08/17/2022 - 01:06:22: Error log file session closed.
L 08/17/2022 - 01:06:22: SourceMod error session started
L 08/17/2022 - 01:06:22: Info (map "de_mirage") (file "/home/csgo/csgo/addons/sourcemod/logs/errors_20220817.log")
L 08/17/2022 - 01:06:22: [SM] Fatal error encountered parsing translation file "movecommands.phrases.txt"
L 08/17/2022 - 01:06:22: [SM] Error (line 0, column 0): Stream failed to open
L 08/17/2022 - 01:06:53: [SM] Exception reported: Invalid timer handle 34700166 (error 1)
L 08/17/2022 - 01:06:53: [SM] Blaming: c5_pug.smx
L 08/17/2022 - 01:06:53: [SM] Call stack trace:
L 08/17/2022 - 01:06:53: [SM]   [0] KillTimer
L 08/17/2022 - 01:06:53: [SM]   [1] Line 41, c5_pug/pause.sp::StopPauseCountDown
L 08/17/2022 - 01:06:53: [SM]   [2] Line 47, c5_pug/pause.sp::UnpauseCountDown
L 08/17/2022 - 01:06:53: [SM]   [3] Line 1620, E:\Unheard\addons\sourcemod\scripting\c5_pug.sp::EndMatch
L 08/17/2022 - 01:06:53: [SM]   [4] Line 112, c5_pug/captainpickmenus.sp::GivePlayerSelectionMenu
L 08/17/2022 - 01:08:04: [SM] Exception reported: Invalid timer handle 34700166 (error 1)
L 08/17/2022 - 01:08:04: [SM] Blaming: c5_pug.smx
L 08/17/2022 - 01:08:04: [SM] Call stack trace:
L 08/17/2022 - 01:08:04: [SM]   [0] KillTimer
L 08/17/2022 - 01:08:04: [SM]   [1] Line 41, c5_pug/pause.sp::StopPauseCountDown
L 08/17/2022 - 01:08:04: [SM]   [2] Line 47, c5_pug/pause.sp::UnpauseCountDown
L 08/17/2022 - 01:08:04: [SM]   [3] Line 1620, E:\Unheard\addons\sourcemod\scripting\c5_pug.sp::EndMatch
L 08/17/2022 - 01:08:04: [SM]   [4] Line 978, E:\Unheard\addons\sourcemod\scripting\c5_pug.sp::Command_ForceEnd
L 08/17/2022 - 01:09:15: [c5_pug.smx] GOTV demo could not be recorded since tv_enable is not set to 1
L 08/17/2022 - 01:09:29: [SM] Exception reported: Invalid timer handle 34700166 (error 1)
L 08/17/2022 - 01:09:29: [SM] Blaming: c5_pug.smx
L 08/17/2022 - 01:09:29: [SM] Call stack trace:
L 08/17/2022 - 01:09:29: [SM]   [0] KillTimer
L 08/17/2022 - 01:09:29: [SM]   [1] Line 41, c5_pug/pause.sp::StopPauseCountDown
L 08/17/2022 - 01:09:29: [SM]   [2] Line 47, c5_pug/pause.sp::UnpauseCountDown
L 08/17/2022 - 01:09:29: [SM]   [3] Line 1620, E:\Unheard\addons\sourcemod\scripting\c5_pug.sp::EndMatch
L 08/17/2022 - 01:09:29: [SM]   [4] Line 978, E:\Unheard\addons\sourcemod\scripting\c5_pug.sp::Command_ForceEnd
L 08/17/2022 - 01:09:49: [c5_pug.smx] GOTV demo could not be recorded since tv_enable is not set to 1
L 08/17/2022 - 01:10:07: [SM] Exception reported: Invalid timer handle 34700166 (error 1)
L 08/17/2022 - 01:10:07: [SM] Blaming: c5_pug.smx
L 08/17/2022 - 01:10:07: [SM] Call stack trace:
L 08/17/2022 - 01:10:07: [SM]   [0] KillTimer
L 08/17/2022 - 01:10:07: [SM]   [1] Line 41, c5_pug/pause.sp::StopPauseCountDown
L 08/17/2022 - 01:10:07: [SM]   [2] Line 47, c5_pug/pause.sp::UnpauseCountDown
L 08/17/2022 - 01:10:07: [SM]   [3] Line 1105, E:\Unheard\addons\sourcemod\scripting\c5_pug.sp::Command_Unpause
L 08/17/2022 - 01:10:07: [SM]   [5] FakeClientCommand
L 08/17/2022 - 01:10:07: [SM]   [6] Line 841, E:\Unheard\addons\sourcemod\scripting\c5_pug.sp::CheckChatAlias
L 08/17/2022 - 01:10:07: [SM]   [7] Line 869, E:\Unheard\addons\sourcemod\scripting\c5_pug.sp::OnClientSayCommand_Post
L 08/17/2022 - 01:10:17: [SM] Exception reported: Invalid timer handle 34700166 (error 1)
L 08/17/2022 - 01:10:17: [SM] Blaming: c5_pug.smx
L 08/17/2022 - 01:10:17: [SM] Call stack trace:
L 08/17/2022 - 01:10:17: [SM]   [0] KillTimer
L 08/17/2022 - 01:10:17: [SM]   [1] Line 41, c5_pug/pause.sp::StopPauseCountDown
L 08/17/2022 - 01:10:17: [SM]   [2] Line 47, c5_pug/pause.sp::UnpauseCountDown
L 08/17/2022 - 01:10:17: [SM]   [3] Line 1105, E:\Unheard\addons\sourcemod\scripting\c5_pug.sp::Command_Unpause
L 08/17/2022 - 01:10:17: [SM]   [5] FakeClientCommand
L 08/17/2022 - 01:10:17: [SM]   [6] Line 841, E:\Unheard\addons\sourcemod\scripting\c5_pug.sp::CheckChatAlias
L 08/17/2022 - 01:10:17: [SM]   [7] Line 869, E:\Unheard\addons\sourcemod\scripting\c5_pug.sp::OnClientSayCommand_Post
L 08/17/2022 - 01:10:21: [SM] Exception reported: Invalid timer handle 34700166 (error 1)
L 08/17/2022 - 01:10:21: [SM] Blaming: c5_pug.smx
L 08/17/2022 - 01:10:21: [SM] Call stack trace:
L 08/17/2022 - 01:10:21: [SM]   [0] KillTimer
L 08/17/2022 - 01:10:21: [SM]   [1] Line 41, c5_pug/pause.sp::StopPauseCountDown
L 08/17/2022 - 01:10:21: [SM]   [2] Line 47, c5_pug/pause.sp::UnpauseCountDown
L 08/17/2022 - 01:10:21: [SM]   [3] Line 1105, E:\Unheard\addons\sourcemod\scripting\c5_pug.sp::Command_Unpause
L 08/17/2022 - 01:10:21: [SM]   [5] FakeClientCommand
L 08/17/2022 - 01:10:21: [SM]   [6] Line 841, E:\Unheard\addons\sourcemod\scripting\c5_pug.sp::CheckChatAlias
L 08/17/2022 - 01:10:21: [SM]   [7] Line 869, E:\Unheard\addons\sourcemod\scripting\c5_pug.sp::OnClientSayCommand_Post
L 08/17/2022 - 01:10:30: Error log file session closed.
L 08/17/2022 - 01:10:30: SourceMod error session started
L 08/17/2022 - 01:10:30: Info (map "de_mirage") (file "/home/csgo/csgo/addons/sourcemod/logs/errors_20220817.log")
L 08/17/2022 - 01:10:30: [SM] Fatal error encountered parsing translation file "movecommands.phrases.txt"
L 08/17/2022 - 01:10:30: [SM] Error (line 0, column 0): Stream failed to open
L 08/17/2022 - 01:14:46: [c5_pug.smx] GOTV demo could not be recorded since tv_enable is not set to 1
L 08/17/2022 - 01:15:26: [SM] Exception reported: Array index out-of-bounds (index 64, limit 55)
L 08/17/2022 - 01:15:26: [SM] Blaming: weapon_restrict.smx
L 08/17/2022 - 01:15:26: [SM] Call stack trace:
L 08/17/2022 - 01:15:26: [SM]   [1] Line 202, restrictinc/events.sp::CS_OnBuyCommand
L 08/17/2022 - 01:31:00: [SM] Exception reported: Array index out-of-bounds (index 64, limit 55)
L 08/17/2022 - 01:31:00: [SM] Blaming: weapon_restrict.smx
L 08/17/2022 - 01:31:00: [SM] Call stack trace:
L 08/17/2022 - 01:31:00: [SM]   [1] Line 202, restrictinc/events.sp::CS_OnBuyCommand
L 08/17/2022 - 05:58:50: Error log file session closed.
L 08/17/2022 - 06:00:57: SourceMod error session started
L 08/17/2022 - 06:00:57: Info (map "de_mirage") (file "/home/csgo/csgo/addons/sourcemod/logs/errors_20220817.log")
L 08/17/2022 - 06:00:57: [SM] Fatal error encountered parsing translation file "movecommands.phrases.txt"
L 08/17/2022 - 06:00:57: [SM] Error (line 0, column 0): Stream failed to open
L 08/17/2022 - 06:00:57: [SM] Exception reported: Language phrase "MessageTag" not found (arg 6)
L 08/17/2022 - 06:00:57: [SM] Blaming: movecommands.smx
L 08/17/2022 - 06:00:57: [SM] Call stack trace:
L 08/17/2022 - 06:00:57: [SM]   [0] Format
L 08/17/2022 - 06:00:57: [SM]   [1] Line 69, movecommands.sp::OnPluginStart
L 08/17/2022 - 06:00:57: [SM] Unable to load plugin "movecommands.smx": Error detected in plugin startup (see error logs)
L 08/17/2022 - 07:34:49: Error log file session closed.
L 08/17/2022 - 07:34:49: SourceMod error session started
L 08/17/2022 - 07:34:49: Info (map "de_mirage") (file "/home/csgo/csgo/addons/sourcemod/logs/errors_20220817.log")
L 08/17/2022 - 07:34:49: [SM] Fatal error encountered parsing translation file "movecommands.phrases.txt"
L 08/17/2022 - 07:34:49: [SM] Error (line 0, column 0): Stream failed to open
L 08/17/2022 - 07:34:53: [SM] Exception reported: Client 1 is not in game
L 08/17/2022 - 07:34:53: [SM] Blaming: c5_pug_voteend.smx
L 08/17/2022 - 07:34:53: [SM] Call stack trace:
L 08/17/2022 - 07:34:53: [SM]   [0] GetClientTeam
L 08/17/2022 - 07:34:53: [SM]   [1] Line 56, F:\Code\sourcepawn\addons\sourcemod\scripting\c5_pug_voteend.sp::OnClientDisconnect
L 08/17/2022 - 10:18:38: Error log file session closed.
L 08/17/2022 - 10:18:38: SourceMod error session started
L 08/17/2022 - 10:18:38: Info (map "de_mirage") (file "/home/csgo/csgo/addons/sourcemod/logs/errors_20220817.log")
L 08/17/2022 - 10:18:38: [SM] Fatal error encountered parsing translation file "movecommands.phrases.txt"
L 08/17/2022 - 10:18:38: [SM] Error (line 0, column 0): Stream failed to open
L 08/17/2022 - 10:19:21: [c5_pug.smx] GOTV demo could not be recorded since tv_enable is not set to 1
L 08/17/2022 - 10:20:49: [SM] Exception reported: Array index out-of-bounds (index 64, limit 55)
L 08/17/2022 - 10:20:49: [SM] Blaming: weapon_restrict.smx
L 08/17/2022 - 10:20:49: [SM] Call stack trace:
L 08/17/2022 - 10:20:49: [SM]   [1] Line 202, restrictinc/events.sp::CS_OnBuyCommand
L 08/17/2022 - 10:20:54: [SM] Exception reported: Array index out-of-bounds (index 64, limit 55)
L 08/17/2022 - 10:20:54: [SM] Blaming: weapon_restrict.smx
L 08/17/2022 - 10:20:54: [SM] Call stack trace:
L 08/17/2022 - 10:20:54: [SM]   [1] Line 202, restrictinc/events.sp::CS_OnBuyCommand
L 08/17/2022 - 10:24:44: [SM] Exception reported: Array index out-of-bounds (index 64, limit 55)
L 08/17/2022 - 10:24:44: [SM] Blaming: weapon_restrict.smx
L 08/17/2022 - 10:24:44: [SM] Call stack trace:
L 08/17/2022 - 10:24:44: [SM]   [1] Line 202, restrictinc/events.sp::CS_OnBuyCommand
L 08/17/2022 - 10:35:47: [SM] Exception reported: Array index out-of-bounds (index 64, limit 55)
L 08/17/2022 - 10:35:47: [SM] Blaming: weapon_restrict.smx
L 08/17/2022 - 10:35:47: [SM] Call stack trace:
L 08/17/2022 - 10:35:47: [SM]   [1] Line 202, restrictinc/events.sp::CS_OnBuyCommand
L 08/17/2022 - 10:47:26: Error log file session closed.
L 08/17/2022 - 10:47:26: SourceMod error session started
L 08/17/2022 - 10:47:26: Info (map "de_mirage") (file "/home/csgo/csgo/addons/sourcemod/logs/errors_20220817.log")
L 08/17/2022 - 10:47:26: [SM] Fatal error encountered parsing translation file "movecommands.phrases.txt"
L 08/17/2022 - 10:47:26: [SM] Error (line 0, column 0): Stream failed to open
L 08/17/2022 - 10:48:10: [c5_pug.smx] GOTV demo could not be recorded since tv_enable is not set to 1
L 08/17/2022 - 10:49:59: [SM] Exception reported: Array index out-of-bounds (index 64, limit 55)
L 08/17/2022 - 10:49:59: [SM] Blaming: weapon_restrict.smx
L 08/17/2022 - 10:49:59: [SM] Call stack trace:
L 08/17/2022 - 10:49:59: [SM]   [1] Line 202, restrictinc/events.sp::CS_OnBuyCommand
L 08/17/2022 - 11:02:58: [SM] Exception reported: Array index out-of-bounds (index 64, limit 55)
L 08/17/2022 - 11:02:58: [SM] Blaming: weapon_restrict.smx
L 08/17/2022 - 11:02:58: [SM] Call stack trace:
L 08/17/2022 - 11:02:58: [SM]   [1] Line 202, restrictinc/events.sp::CS_OnBuyCommand
L 08/17/2022 - 11:20:59: [c5_pug.smx] GOTV demo could not be recorded since tv_enable is not set to 1
L 08/17/2022 - 11:28:15: [SM] Exception reported: Array index out-of-bounds (index 64, limit 55)
L 08/17/2022 - 11:28:15: [SM] Blaming: weapon_restrict.smx
L 08/17/2022 - 11:28:15: [SM] Call stack trace:
L 08/17/2022 - 11:28:15: [SM]   [1] Line 202, restrictinc/events.sp::CS_OnBuyCommand
L 08/17/2022 - 11:31:39: [SM] Exception reported: Array index out-of-bounds (index 64, limit 55)
L 08/17/2022 - 11:31:39: [SM] Blaming: weapon_restrict.smx
L 08/17/2022 - 11:31:39: [SM] Call stack trace:
L 08/17/2022 - 11:31:39: [SM]   [1] Line 202, restrictinc/events.sp::CS_OnBuyCommand
L 08/17/2022 - 11:31:54: [SM] Exception reported: Array index out-of-bounds (index 64, limit 55)
L 08/17/2022 - 11:31:54: [SM] Blaming: weapon_restrict.smx
L 08/17/2022 - 11:31:54: [SM] Call stack trace:
L 08/17/2022 - 11:31:54: [SM]   [1] Line 202, restrictinc/events.sp::CS_OnBuyCommand
L 08/17/2022 - 11:32:05: [SM] Exception reported: Array index out-of-bounds (index 64, limit 55)
L 08/17/2022 - 11:32:05: [SM] Blaming: weapon_restrict.smx
L 08/17/2022 - 11:32:05: [SM] Call stack trace:
L 08/17/2022 - 11:32:05: [SM]   [1] Line 202, restrictinc/events.sp::CS_OnBuyCommand
L 08/17/2022 - 11:32:37: [SM] Exception reported: Array index out-of-bounds (index 64, limit 55)
L 08/17/2022 - 11:32:37: [SM] Blaming: weapon_restrict.smx
L 08/17/2022 - 11:32:37: [SM] Call stack trace:
L 08/17/2022 - 11:32:37: [SM]   [1] Line 202, restrictinc/events.sp::CS_OnBuyCommand
L 08/17/2022 - 11:33:56: [SM] Exception reported: Array index out-of-bounds (index 64, limit 55)
L 08/17/2022 - 11:33:56: [SM] Blaming: weapon_restrict.smx
L 08/17/2022 - 11:33:56: [SM] Call stack trace:
L 08/17/2022 - 11:33:56: [SM]   [1] Line 202, restrictinc/events.sp::CS_OnBuyCommand
L 08/17/2022 - 11:34:06: [SM] Exception reported: Array index out-of-bounds (index 64, limit 55)
L 08/17/2022 - 11:34:06: [SM] Blaming: weapon_restrict.smx
L 08/17/2022 - 11:34:06: [SM] Call stack trace:
L 08/17/2022 - 11:34:06: [SM]   [1] Line 202, restrictinc/events.sp::CS_OnBuyCommand
L 08/17/2022 - 11:35:33: [SM] Exception reported: Array index out-of-bounds (index 64, limit 55)
L 08/17/2022 - 11:35:33: [SM] Blaming: weapon_restrict.smx
L 08/17/2022 - 11:35:33: [SM] Call stack trace:
L 08/17/2022 - 11:35:33: [SM]   [1] Line 202, restrictinc/events.sp::CS_OnBuyCommand
L 08/17/2022 - 11:35:44: [SM] Exception reported: Array index out-of-bounds (index 64, limit 55)
L 08/17/2022 - 11:35:44: [SM] Blaming: weapon_restrict.smx
L 08/17/2022 - 11:35:44: [SM] Call stack trace:
L 08/17/2022 - 11:35:44: [SM]   [1] Line 202, restrictinc/events.sp::CS_OnBuyCommand
L 08/17/2022 - 11:35:52: [SM] Exception reported: Array index out-of-bounds (index 64, limit 55)
L 08/17/2022 - 11:35:52: [SM] Blaming: weapon_restrict.smx
L 08/17/2022 - 11:35:52: [SM] Call stack trace:
L 08/17/2022 - 11:35:52: [SM]   [1] Line 202, restrictinc/events.sp::CS_OnBuyCommand
L 08/17/2022 - 11:36:10: [SM] Exception reported: Array index out-of-bounds (index 64, limit 55)
L 08/17/2022 - 11:36:10: [SM] Blaming: weapon_restrict.smx
L 08/17/2022 - 11:36:10: [SM] Call stack trace:
L 08/17/2022 - 11:36:10: [SM]   [1] Line 202, restrictinc/events.sp::CS_OnBuyCommand
L 08/17/2022 - 11:37:54: [SM] Exception reported: Array index out-of-bounds (index 64, limit 55)
L 08/17/2022 - 11:37:54: [SM] Blaming: weapon_restrict.smx
L 08/17/2022 - 11:37:54: [SM] Call stack trace:
L 08/17/2022 - 11:37:54: [SM]   [1] Line 202, restrictinc/events.sp::CS_OnBuyCommand
L 08/17/2022 - 11:38:48: [SM] Exception reported: Array index out-of-bounds (index 64, limit 55)
L 08/17/2022 - 11:38:48: [SM] Blaming: weapon_restrict.smx
L 08/17/2022 - 11:38:48: [SM] Call stack trace:
L 08/17/2022 - 11:38:48: [SM]   [1] Line 202, restrictinc/events.sp::CS_OnBuyCommand
L 08/17/2022 - 11:40:19: [SM] Exception reported: Array index out-of-bounds (index 64, limit 55)
L 08/17/2022 - 11:40:19: [SM] Blaming: weapon_restrict.smx
L 08/17/2022 - 11:40:19: [SM] Call stack trace:
L 08/17/2022 - 11:40:19: [SM]   [1] Line 202, restrictinc/events.sp::CS_OnBuyCommand
L 08/17/2022 - 11:41:43: [SM] Exception reported: Client 3 is not in game
L 08/17/2022 - 11:41:43: [SM] Blaming: c5_pug_voteend.smx
L 08/17/2022 - 11:41:43: [SM] Call stack trace:
L 08/17/2022 - 11:41:43: [SM]   [0] GetClientTeam
L 08/17/2022 - 11:41:43: [SM]   [1] Line 56, F:\Code\sourcepawn\addons\sourcemod\scripting\c5_pug_voteend.sp::OnClientDisconnect
L 08/17/2022 - 11:44:03: [SM] Exception reported: Array index out-of-bounds (index 64, limit 55)
L 08/17/2022 - 11:44:03: [SM] Blaming: weapon_restrict.smx
L 08/17/2022 - 11:44:03: [SM] Call stack trace:
L 08/17/2022 - 11:44:03: [SM]   [1] Line 202, restrictinc/events.sp::CS_OnBuyCommand
L 08/17/2022 - 11:47:16: [SM] Exception reported: Array index out-of-bounds (index 64, limit 55)
L 08/17/2022 - 11:47:16: [SM] Blaming: weapon_restrict.smx
L 08/17/2022 - 11:47:16: [SM] Call stack trace:
L 08/17/2022 - 11:47:16: [SM]   [1] Line 202, restrictinc/events.sp::CS_OnBuyCommand
L 08/17/2022 - 11:50:01: [SM] Exception reported: Array index out-of-bounds (index 64, limit 55)
L 08/17/2022 - 11:50:01: [SM] Blaming: weapon_restrict.smx
L 08/17/2022 - 11:50:01: [SM] Call stack trace:
L 08/17/2022 - 11:50:01: [SM]   [1] Line 202, restrictinc/events.sp::CS_OnBuyCommand
L 08/17/2022 - 11:54:32: [c5_pug.smx] GOTV demo could not be recorded since tv_enable is not set to 1
L 08/17/2022 - 11:57:16: [SM] Exception reported: Array index out-of-bounds (index 64, limit 55)
L 08/17/2022 - 11:57:16: [SM] Blaming: weapon_restrict.smx
L 08/17/2022 - 11:57:16: [SM] Call stack trace:
L 08/17/2022 - 11:57:16: [SM]   [1] Line 202, restrictinc/events.sp::CS_OnBuyCommand
L 08/17/2022 - 12:16:19: [SM] Exception reported: Array index out-of-bounds (index 64, limit 55)
L 08/17/2022 - 12:16:19: [SM] Blaming: weapon_restrict.smx
L 08/17/2022 - 12:16:19: [SM] Call stack trace:
L 08/17/2022 - 12:16:19: [SM]   [1] Line 202, restrictinc/events.sp::CS_OnBuyCommand
L 08/17/2022 - 12:35:33: [SM] Exception reported: Array index out-of-bounds (index 64, limit 55)
L 08/17/2022 - 12:35:33: [SM] Blaming: weapon_restrict.smx
L 08/17/2022 - 12:35:33: [SM] Call stack trace:
L 08/17/2022 - 12:35:33: [SM]   [1] Line 202, restrictinc/events.sp::CS_OnBuyCommand
L 08/17/2022 - 13:13:41: [SM] Exception reported: Array index out-of-bounds (index 64, limit 55)
L 08/17/2022 - 13:13:41: [SM] Blaming: weapon_restrict.smx
L 08/17/2022 - 13:13:41: [SM] Call stack trace:
L 08/17/2022 - 13:13:41: [SM]   [1] Line 202, restrictinc/events.sp::CS_OnBuyCommand
L 08/17/2022 - 13:13:55: [SM] Exception reported: Array index out-of-bounds (index 64, limit 55)
L 08/17/2022 - 13:13:55: [SM] Blaming: weapon_restrict.smx
L 08/17/2022 - 13:13:55: [SM] Call stack trace:
L 08/17/2022 - 13:13:55: [SM]   [1] Line 202, restrictinc/events.sp::CS_OnBuyCommand
L 08/17/2022 - 13:48:10: Error log file session closed.
L 08/17/2022 - 13:48:10: SourceMod error session started
L 08/17/2022 - 13:48:10: Info (map "de_mirage") (file "/home/csgo/csgo/addons/sourcemod/logs/errors_20220817.log")
L 08/17/2022 - 13:48:10: [SM] Fatal error encountered parsing translation file "movecommands.phrases.txt"
L 08/17/2022 - 13:48:10: [SM] Error (line 0, column 0): Stream failed to open
L 08/17/2022 - 13:52:52: Error log file session closed.
L 08/17/2022 - 13:52:52: SourceMod error session started
L 08/17/2022 - 13:52:52: Info (map "de_blagai") (file "/home/csgo/csgo/addons/sourcemod/logs/errors_20220817.log")
L 08/17/2022 - 13:52:52: [SM] Fatal error encountered parsing translation file "movecommands.phrases.txt"
L 08/17/2022 - 13:52:52: [SM] Error (line 0, column 0): Stream failed to open
L 08/17/2022 - 14:19:03: Error log file session closed.
L 08/17/2022 - 14:19:03: SourceMod error session started
L 08/17/2022 - 14:19:03: Info (map "de_blagai") (file "/home/csgo/csgo/addons/sourcemod/logs/errors_20220817.log")
L 08/17/2022 - 14:19:03: [SM] Fatal error encountered parsing translation file "movecommands.phrases.txt"
L 08/17/2022 - 14:19:03: [SM] Error (line 0, column 0): Stream failed to open
L 08/17/2022 - 14:45:04: Error log file session closed.
L 08/17/2022 - 14:45:04: SourceMod error session started
L 08/17/2022 - 14:45:04: Info (map "de_mirage") (file "/home/csgo/csgo/addons/sourcemod/logs/errors_20220817.log")
L 08/17/2022 - 14:45:04: [SM] Fatal error encountered parsing translation file "movecommands.phrases.txt"
L 08/17/2022 - 14:45:04: [SM] Error (line 0, column 0): Stream failed to open
L 08/17/2022 - 15:08:43: Error log file session closed.
L 08/17/2022 - 15:08:43: SourceMod error session started
L 08/17/2022 - 15:08:43: Info (map "de_mirage") (file "/home/csgo/csgo/addons/sourcemod/logs/errors_20220817.log")
L 08/17/2022 - 15:08:43: [SM] Fatal error encountered parsing translation file "movecommands.phrases.txt"
L 08/17/2022 - 15:08:43: [SM] Error (line 0, column 0): Stream failed to open
L 08/17/2022 - 15:24:52: [SM] Exception reported: Client 10 is not in game
L 08/17/2022 - 15:24:52: [SM] Blaming: c5_pug_voteend.smx
L 08/17/2022 - 15:24:52: [SM] Call stack trace:
L 08/17/2022 - 15:24:52: [SM]   [0] GetClientTeam
L 08/17/2022 - 15:24:52: [SM]   [1] Line 56, F:\Code\sourcepawn\addons\sourcemod\scripting\c5_pug_voteend.sp::OnClientDisconnect
L 08/17/2022 - 15:24:53: Error log file session closed.
L 08/17/2022 - 15:24:53: SourceMod error session started
L 08/17/2022 - 15:24:53: Info (map "de_mirage") (file "/home/csgo/csgo/addons/sourcemod/logs/errors_20220817.log")
L 08/17/2022 - 15:24:53: [SM] Fatal error encountered parsing translation file "movecommands.phrases.txt"
L 08/17/2022 - 15:24:53: [SM] Error (line 0, column 0): Stream failed to open
L 08/17/2022 - 15:25:54: [SM] Exception reported: Array index out-of-bounds (index 64, limit 55)
L 08/17/2022 - 15:25:54: [SM] Blaming: weapon_restrict.smx
L 08/17/2022 - 15:25:54: [SM] Call stack trace:
L 08/17/2022 - 15:25:54: [SM]   [1] Line 202, restrictinc/events.sp::CS_OnBuyCommand
L 08/17/2022 - 15:26:02: [SM] Exception reported: Array index out-of-bounds (index 64, limit 55)
L 08/17/2022 - 15:26:02: [SM] Blaming: weapon_restrict.smx
L 08/17/2022 - 15:26:02: [SM] Call stack trace:
L 08/17/2022 - 15:26:02: [SM]   [1] Line 202, restrictinc/events.sp::CS_OnBuyCommand
L 08/17/2022 - 15:32:47: [c5_pug.smx] GOTV demo could not be recorded since tv_enable is not set to 1
L 08/17/2022 - 15:35:00: [SM] Exception reported: Array index out-of-bounds (index 64, limit 55)
L 08/17/2022 - 15:35:00: [SM] Blaming: weapon_restrict.smx
L 08/17/2022 - 15:35:00: [SM] Call stack trace:
L 08/17/2022 - 15:35:00: [SM]   [1] Line 202, restrictinc/events.sp::CS_OnBuyCommand
L 08/17/2022 - 15:35:03: [SM] Exception reported: Array index out-of-bounds (index 64, limit 55)
L 08/17/2022 - 15:35:03: [SM] Blaming: weapon_restrict.smx
L 08/17/2022 - 15:35:03: [SM] Call stack trace:
L 08/17/2022 - 15:35:03: [SM]   [1] Line 202, restrictinc/events.sp::CS_OnBuyCommand
L 08/17/2022 - 15:35:14: [SM] Exception reported: Array index out-of-bounds (index 64, limit 55)
L 08/17/2022 - 15:35:14: [SM] Blaming: weapon_restrict.smx
L 08/17/2022 - 15:35:14: [SM] Call stack trace:
L 08/17/2022 - 15:35:14: [SM]   [1] Line 202, restrictinc/events.sp::CS_OnBuyCommand
L 08/17/2022 - 15:39:51: [SM] Exception reported: Array index out-of-bounds (index 64, limit 55)
L 08/17/2022 - 15:39:51: [SM] Blaming: weapon_restrict.smx
L 08/17/2022 - 15:39:51: [SM] Call stack trace:
L 08/17/2022 - 15:39:51: [SM]   [1] Line 202, restrictinc/events.sp::CS_OnBuyCommand
L 08/17/2022 - 15:44:55: [SM] Exception reported: Array index out-of-bounds (index 64, limit 55)
L 08/17/2022 - 15:44:55: [SM] Blaming: weapon_restrict.smx
L 08/17/2022 - 15:44:55: [SM] Call stack trace:
L 08/17/2022 - 15:44:55: [SM]   [1] Line 202, restrictinc/events.sp::CS_OnBuyCommand
L 08/17/2022 - 15:44:57: [SM] Exception reported: Array index out-of-bounds (index 64, limit 55)
L 08/17/2022 - 15:44:57: [SM] Blaming: weapon_restrict.smx
L 08/17/2022 - 15:44:57: [SM] Call stack trace:
L 08/17/2022 - 15:44:57: [SM]   [1] Line 202, restrictinc/events.sp::CS_OnBuyCommand
L 08/17/2022 - 15:46:12: [SM] Exception reported: Array index out-of-bounds (index 64, limit 55)
L 08/17/2022 - 15:46:12: [SM] Blaming: weapon_restrict.smx
L 08/17/2022 - 15:46:12: [SM] Call stack trace:
L 08/17/2022 - 15:46:12: [SM]   [1] Line 202, restrictinc/events.sp::CS_OnBuyCommand
L 08/17/2022 - 15:49:32: [SM] Exception reported: Array index out-of-bounds (index 64, limit 55)
L 08/17/2022 - 15:49:32: [SM] Blaming: weapon_restrict.smx
L 08/17/2022 - 15:49:32: [SM] Call stack trace:
L 08/17/2022 - 15:49:32: [SM]   [1] Line 202, restrictinc/events.sp::CS_OnBuyCommand
L 08/17/2022 - 15:50:48: [SM] Exception reported: Array index out-of-bounds (index 64, limit 55)
L 08/17/2022 - 15:50:48: [SM] Blaming: weapon_restrict.smx
L 08/17/2022 - 15:50:48: [SM] Call stack trace:
L 08/17/2022 - 15:50:48: [SM]   [1] Line 202, restrictinc/events.sp::CS_OnBuyCommand
L 08/17/2022 - 15:50:53: [SM] Exception reported: Array index out-of-bounds (index 64, limit 55)
L 08/17/2022 - 15:50:53: [SM] Blaming: weapon_restrict.smx
L 08/17/2022 - 15:50:53: [SM] Call stack trace:
L 08/17/2022 - 15:50:53: [SM]   [1] Line 202, restrictinc/events.sp::CS_OnBuyCommand
L 08/17/2022 - 15:52:45: [SM] Exception reported: Array index out-of-bounds (index 64, limit 55)
L 08/17/2022 - 15:52:45: [SM] Blaming: weapon_restrict.smx
L 08/17/2022 - 15:52:45: [SM] Call stack trace:
L 08/17/2022 - 15:52:45: [SM]   [1] Line 202, restrictinc/events.sp::CS_OnBuyCommand
L 08/17/2022 - 15:57:44: [SM] Exception reported: Array index out-of-bounds (index 64, limit 55)
L 08/17/2022 - 15:57:44: [SM] Blaming: weapon_restrict.smx
L 08/17/2022 - 15:57:44: [SM] Call stack trace:
L 08/17/2022 - 15:57:44: [SM]   [1] Line 202, restrictinc/events.sp::CS_OnBuyCommand
L 08/17/2022 - 15:57:45: [SM] Exception reported: Array index out-of-bounds (index 64, limit 55)
L 08/17/2022 - 15:57:45: [SM] Blaming: weapon_restrict.smx
L 08/17/2022 - 15:57:45: [SM] Call stack trace:
L 08/17/2022 - 15:57:45: [SM]   [1] Line 202, restrictinc/events.sp::CS_OnBuyCommand
L 08/17/2022 - 15:59:19: [SM] Exception reported: Array index out-of-bounds (index 64, limit 55)
L 08/17/2022 - 15:59:19: [SM] Blaming: weapon_restrict.smx
L 08/17/2022 - 15:59:19: [SM] Call stack trace:
L 08/17/2022 - 15:59:19: [SM]   [1] Line 202, restrictinc/events.sp::CS_OnBuyCommand
L 08/17/2022 - 16:00:33: [SM] Exception reported: Array index out-of-bounds (index 64, limit 55)
L 08/17/2022 - 16:00:33: [SM] Blaming: weapon_restrict.smx
L 08/17/2022 - 16:00:33: [SM] Call stack trace:
L 08/17/2022 - 16:00:33: [SM]   [1] Line 202, restrictinc/events.sp::CS_OnBuyCommand
L 08/17/2022 - 16:00:36: [SM] Exception reported: Array index out-of-bounds (index 64, limit 55)
L 08/17/2022 - 16:00:36: [SM] Blaming: weapon_restrict.smx
L 08/17/2022 - 16:00:36: [SM] Call stack trace:
L 08/17/2022 - 16:00:36: [SM]   [1] Line 202, restrictinc/events.sp::CS_OnBuyCommand
L 08/17/2022 - 16:02:27: [SM] Exception reported: Array index out-of-bounds (index 64, limit 55)
L 08/17/2022 - 16:02:27: [SM] Blaming: weapon_restrict.smx
L 08/17/2022 - 16:02:27: [SM] Call stack trace:
L 08/17/2022 - 16:02:27: [SM]   [1] Line 202, restrictinc/events.sp::CS_OnBuyCommand
L 08/17/2022 - 16:02:39: [SM] Exception reported: Array index out-of-bounds (index 64, limit 55)
L 08/17/2022 - 16:02:39: [SM] Blaming: weapon_restrict.smx
L 08/17/2022 - 16:02:39: [SM] Call stack trace:
L 08/17/2022 - 16:02:39: [SM]   [1] Line 202, restrictinc/events.sp::CS_OnBuyCommand
L 08/17/2022 - 16:05:57: [SM] Exception reported: Array index out-of-bounds (index 64, limit 55)
L 08/17/2022 - 16:05:57: [SM] Blaming: weapon_restrict.smx
L 08/17/2022 - 16:05:57: [SM] Call stack trace:
L 08/17/2022 - 16:05:57: [SM]   [1] Line 202, restrictinc/events.sp::CS_OnBuyCommand
L 08/17/2022 - 16:06:52: [SM] Exception reported: Array index out-of-bounds (index 64, limit 55)
L 08/17/2022 - 16:06:52: [SM] Blaming: weapon_restrict.smx
L 08/17/2022 - 16:06:52: [SM] Call stack trace:
L 08/17/2022 - 16:06:52: [SM]   [1] Line 202, restrictinc/events.sp::CS_OnBuyCommand
L 08/17/2022 - 16:11:05: [SM] Exception reported: Array index out-of-bounds (index 64, limit 55)
L 08/17/2022 - 16:11:05: [SM] Blaming: weapon_restrict.smx
L 08/17/2022 - 16:11:05: [SM] Call stack trace:
L 08/17/2022 - 16:11:05: [SM]   [1] Line 202, restrictinc/events.sp::CS_OnBuyCommand
L 08/17/2022 - 16:12:43: [SM] Exception reported: Array index out-of-bounds (index 64, limit 55)
L 08/17/2022 - 16:12:43: [SM] Blaming: weapon_restrict.smx
L 08/17/2022 - 16:12:43: [SM] Call stack trace:
L 08/17/2022 - 16:12:43: [SM]   [1] Line 202, restrictinc/events.sp::CS_OnBuyCommand
L 08/17/2022 - 16:19:37: Error log file session closed.
L 08/17/2022 - 16:19:37: SourceMod error session started
L 08/17/2022 - 16:19:37: Info (map "de_mirage") (file "/home/csgo/csgo/addons/sourcemod/logs/errors_20220817.log")
L 08/17/2022 - 16:19:37: [SM] Fatal error encountered parsing translation file "movecommands.phrases.txt"
L 08/17/2022 - 16:19:37: [SM] Error (line 0, column 0): Stream failed to open
L 08/17/2022 - 16:20:38: Error log file session closed.
L 08/17/2022 - 16:20:38: SourceMod error session started
L 08/17/2022 - 16:20:38: Info (map "de_inferno") (file "/home/csgo/csgo/addons/sourcemod/logs/errors_20220817.log")
L 08/17/2022 - 16:20:38: [SM] Fatal error encountered parsing translation file "movecommands.phrases.txt"
L 08/17/2022 - 16:20:38: [SM] Error (line 0, column 0): Stream failed to open
L 08/17/2022 - 16:21:17: [SM] Exception reported: Array index out-of-bounds (index 64, limit 55)
L 08/17/2022 - 16:21:17: [SM] Blaming: weapon_restrict.smx
L 08/17/2022 - 16:21:17: [SM] Call stack trace:
L 08/17/2022 - 16:21:17: [SM]   [1] Line 202, restrictinc/events.sp::CS_OnBuyCommand
L 08/17/2022 - 16:23:19: [c5_pug.smx] GOTV demo could not be recorded since tv_enable is not set to 1
L 08/17/2022 - 16:24:56: [SM] Exception reported: Array index out-of-bounds (index 64, limit 55)
L 08/17/2022 - 16:24:56: [SM] Blaming: weapon_restrict.smx
L 08/17/2022 - 16:24:56: [SM] Call stack trace:
L 08/17/2022 - 16:24:56: [SM]   [1] Line 202, restrictinc/events.sp::CS_OnBuyCommand
L 08/17/2022 - 16:26:46: [SM] Exception reported: Array index out-of-bounds (index 64, limit 55)
L 08/17/2022 - 16:26:46: [SM] Blaming: weapon_restrict.smx
L 08/17/2022 - 16:26:46: [SM] Call stack trace:
L 08/17/2022 - 16:26:46: [SM]   [1] Line 202, restrictinc/events.sp::CS_OnBuyCommand
L 08/17/2022 - 16:27:01: [SM] Exception reported: Array index out-of-bounds (index 64, limit 55)
L 08/17/2022 - 16:27:01: [SM] Blaming: weapon_restrict.smx
L 08/17/2022 - 16:27:01: [SM] Call stack trace:
L 08/17/2022 - 16:27:01: [SM]   [1] Line 202, restrictinc/events.sp::CS_OnBuyCommand
L 08/17/2022 - 16:27:05: [SM] Exception reported: Array index out-of-bounds (index 64, limit 55)
L 08/17/2022 - 16:27:05: [SM] Blaming: weapon_restrict.smx
L 08/17/2022 - 16:27:05: [SM] Call stack trace:
L 08/17/2022 - 16:27:05: [SM]   [1] Line 202, restrictinc/events.sp::CS_OnBuyCommand
L 08/17/2022 - 16:28:24: [SM] Exception reported: Array index out-of-bounds (index 64, limit 55)
L 08/17/2022 - 16:28:24: [SM] Blaming: weapon_restrict.smx
L 08/17/2022 - 16:28:24: [SM] Call stack trace:
L 08/17/2022 - 16:28:24: [SM]   [1] Line 202, restrictinc/events.sp::CS_OnBuyCommand
L 08/17/2022 - 16:28:26: [SM] Exception reported: Array index out-of-bounds (index 64, limit 55)
L 08/17/2022 - 16:28:26: [SM] Blaming: weapon_restrict.smx
L 08/17/2022 - 16:28:26: [SM] Call stack trace:
L 08/17/2022 - 16:28:26: [SM]   [1] Line 202, restrictinc/events.sp::CS_OnBuyCommand
L 08/17/2022 - 16:28:28: [SM] Exception reported: Array index out-of-bounds (index 64, limit 55)
L 08/17/2022 - 16:28:28: [SM] Blaming: weapon_restrict.smx
L 08/17/2022 - 16:28:28: [SM] Call stack trace:
L 08/17/2022 - 16:28:28: [SM]   [1] Line 202, restrictinc/events.sp::CS_OnBuyCommand
L 08/17/2022 - 16:28:29: [SM] Exception reported: Array index out-of-bounds (index 64, limit 55)
L 08/17/2022 - 16:28:29: [SM] Blaming: weapon_restrict.smx
L 08/17/2022 - 16:28:29: [SM] Call stack trace:
L 08/17/2022 - 16:28:29: [SM]   [1] Line 202, restrictinc/events.sp::CS_OnBuyCommand
L 08/17/2022 - 16:29:39: [SM] Exception reported: Array index out-of-bounds (index 64, limit 55)
L 08/17/2022 - 16:29:39: [SM] Blaming: weapon_restrict.smx
L 08/17/2022 - 16:29:39: [SM] Call stack trace:
L 08/17/2022 - 16:29:39: [SM]   [1] Line 202, restrictinc/events.sp::CS_OnBuyCommand
L 08/17/2022 - 16:29:40: [SM] Exception reported: Array index out-of-bounds (index 64, limit 55)
L 08/17/2022 - 16:29:40: [SM] Blaming: weapon_restrict.smx
L 08/17/2022 - 16:29:40: [SM] Call stack trace:
L 08/17/2022 - 16:29:40: [SM]   [1] Line 202, restrictinc/events.sp::CS_OnBuyCommand
L 08/17/2022 - 16:29:42: [SM] Exception reported: Array index out-of-bounds (index 64, limit 55)
L 08/17/2022 - 16:29:42: [SM] Blaming: weapon_restrict.smx
L 08/17/2022 - 16:29:42: [SM] Call stack trace:
L 08/17/2022 - 16:29:42: [SM]   [1] Line 202, restrictinc/events.sp::CS_OnBuyCommand
L 08/17/2022 - 16:29:49: [SM] Exception reported: Array index out-of-bounds (index 64, limit 55)
L 08/17/2022 - 16:29:49: [SM] Blaming: weapon_restrict.smx
L 08/17/2022 - 16:29:49: [SM] Call stack trace:
L 08/17/2022 - 16:29:49: [SM]   [1] Line 202, restrictinc/events.sp::CS_OnBuyCommand
L 08/17/2022 - 16:31:24: [SM] Exception reported: Array index out-of-bounds (index 64, limit 55)
L 08/17/2022 - 16:31:24: [SM] Blaming: weapon_restrict.smx
L 08/17/2022 - 16:31:24: [SM] Call stack trace:
L 08/17/2022 - 16:31:24: [SM]   [1] Line 202, restrictinc/events.sp::CS_OnBuyCommand
L 08/17/2022 - 16:32:29: [SM] Exception reported: Array index out-of-bounds (index 64, limit 55)
L 08/17/2022 - 16:32:29: [SM] Blaming: weapon_restrict.smx
L 08/17/2022 - 16:32:29: [SM] Call stack trace:
L 08/17/2022 - 16:32:29: [SM]   [1] Line 202, restrictinc/events.sp::CS_OnBuyCommand
L 08/17/2022 - 16:32:35: [SM] Exception reported: Array index out-of-bounds (index 64, limit 55)
L 08/17/2022 - 16:32:35: [SM] Blaming: weapon_restrict.smx
L 08/17/2022 - 16:32:35: [SM] Call stack trace:
L 08/17/2022 - 16:32:35: [SM]   [1] Line 202, restrictinc/events.sp::CS_OnBuyCommand
L 08/17/2022 - 16:32:39: [SM] Exception reported: Array index out-of-bounds (index 64, limit 55)
L 08/17/2022 - 16:32:39: [SM] Blaming: weapon_restrict.smx
L 08/17/2022 - 16:32:39: [SM] Call stack trace:
L 08/17/2022 - 16:32:39: [SM]   [1] Line 202, restrictinc/events.sp::CS_OnBuyCommand
L 08/17/2022 - 16:34:43: [SM] Exception reported: Array index out-of-bounds (index 64, limit 55)
L 08/17/2022 - 16:34:43: [SM] Blaming: weapon_restrict.smx
L 08/17/2022 - 16:34:43: [SM] Call stack trace:
L 08/17/2022 - 16:34:43: [SM]   [1] Line 202, restrictinc/events.sp::CS_OnBuyCommand
L 08/17/2022 - 16:34:44: [SM] Exception reported: Array index out-of-bounds (index 64, limit 55)
L 08/17/2022 - 16:34:44: [SM] Blaming: weapon_restrict.smx
L 08/17/2022 - 16:34:44: [SM] Call stack trace:
L 08/17/2022 - 16:34:44: [SM]   [1] Line 202, restrictinc/events.sp::CS_OnBuyCommand
L 08/17/2022 - 16:37:44: [SM] Exception reported: Array index out-of-bounds (index 64, limit 55)
L 08/17/2022 - 16:37:44: [SM] Blaming: weapon_restrict.smx
L 08/17/2022 - 16:37:44: [SM] Call stack trace:
L 08/17/2022 - 16:37:44: [SM]   [1] Line 202, restrictinc/events.sp::CS_OnBuyCommand
L 08/17/2022 - 16:38:46: [SM] Exception reported: Array index out-of-bounds (index 64, limit 55)
L 08/17/2022 - 16:38:46: [SM] Blaming: weapon_restrict.smx
L 08/17/2022 - 16:38:46: [SM] Call stack trace:
L 08/17/2022 - 16:38:46: [SM]   [1] Line 202, restrictinc/events.sp::CS_OnBuyCommand
L 08/17/2022 - 16:38:49: [SM] Exception reported: Array index out-of-bounds (index 64, limit 55)
L 08/17/2022 - 16:38:49: [SM] Blaming: weapon_restrict.smx
L 08/17/2022 - 16:38:49: [SM] Call stack trace:
L 08/17/2022 - 16:38:49: [SM]   [1] Line 202, restrictinc/events.sp::CS_OnBuyCommand
L 08/17/2022 - 16:39:42: [SM] Exception reported: Array index out-of-bounds (index 64, limit 55)
L 08/17/2022 - 16:39:42: [SM] Blaming: weapon_restrict.smx
L 08/17/2022 - 16:39:42: [SM] Call stack trace:
L 08/17/2022 - 16:39:42: [SM]   [1] Line 202, restrictinc/events.sp::CS_OnBuyCommand
L 08/17/2022 - 16:40:33: [SM] Exception reported: Array index out-of-bounds (index 64, limit 55)
L 08/17/2022 - 16:40:33: [SM] Blaming: weapon_restrict.smx
L 08/17/2022 - 16:40:33: [SM] Call stack trace:
L 08/17/2022 - 16:40:33: [SM]   [1] Line 202, restrictinc/events.sp::CS_OnBuyCommand
L 08/17/2022 - 16:40:34: [SM] Exception reported: Array index out-of-bounds (index 64, limit 55)
L 08/17/2022 - 16:40:34: [SM] Blaming: weapon_restrict.smx
L 08/17/2022 - 16:40:34: [SM] Call stack trace:
L 08/17/2022 - 16:40:34: [SM]   [1] Line 202, restrictinc/events.sp::CS_OnBuyCommand
L 08/17/2022 - 16:42:43: [SM] Exception reported: Array index out-of-bounds (index 64, limit 55)
L 08/17/2022 - 16:42:43: [SM] Blaming: weapon_restrict.smx
L 08/17/2022 - 16:42:43: [SM] Call stack trace:
L 08/17/2022 - 16:42:43: [SM]   [1] Line 202, restrictinc/events.sp::CS_OnBuyCommand
L 08/17/2022 - 16:42:53: [SM] Exception reported: Array index out-of-bounds (index 64, limit 55)
L 08/17/2022 - 16:42:53: [SM] Blaming: weapon_restrict.smx
L 08/17/2022 - 16:42:53: [SM] Call stack trace:
L 08/17/2022 - 16:42:53: [SM]   [1] Line 202, restrictinc/events.sp::CS_OnBuyCommand
L 08/17/2022 - 16:43:40: [SM] Exception reported: Array index out-of-bounds (index 64, limit 55)
L 08/17/2022 - 16:43:40: [SM] Blaming: weapon_restrict.smx
L 08/17/2022 - 16:43:40: [SM] Call stack trace:
L 08/17/2022 - 16:43:40: [SM]   [1] Line 202, restrictinc/events.sp::CS_OnBuyCommand
L 08/17/2022 - 16:47:18: [SM] Exception reported: Array index out-of-bounds (index 64, limit 55)
L 08/17/2022 - 16:47:18: [SM] Blaming: weapon_restrict.smx
L 08/17/2022 - 16:47:18: [SM] Call stack trace:
L 08/17/2022 - 16:47:18: [SM]   [1] Line 202, restrictinc/events.sp::CS_OnBuyCommand
L 08/17/2022 - 16:47:25: [SM] Exception reported: Array index out-of-bounds (index 64, limit 55)
L 08/17/2022 - 16:47:25: [SM] Blaming: weapon_restrict.smx
L 08/17/2022 - 16:47:25: [SM] Call stack trace:
L 08/17/2022 - 16:47:25: [SM]   [1] Line 202, restrictinc/events.sp::CS_OnBuyCommand
L 08/17/2022 - 16:47:31: [SM] Exception reported: Array index out-of-bounds (index 64, limit 55)
L 08/17/2022 - 16:47:31: [SM] Blaming: weapon_restrict.smx
L 08/17/2022 - 16:47:31: [SM] Call stack trace:
L 08/17/2022 - 16:47:31: [SM]   [1] Line 202, restrictinc/events.sp::CS_OnBuyCommand
L 08/17/2022 - 16:53:00: [SM] Exception reported: Array index out-of-bounds (index 64, limit 55)
L 08/17/2022 - 16:53:00: [SM] Blaming: weapon_restrict.smx
L 08/17/2022 - 16:53:00: [SM] Call stack trace:
L 08/17/2022 - 16:53:00: [SM]   [1] Line 202, restrictinc/events.sp::CS_OnBuyCommand
L 08/17/2022 - 16:53:05: [SM] Exception reported: Array index out-of-bounds (index 64, limit 55)
L 08/17/2022 - 16:53:05: [SM] Blaming: weapon_restrict.smx
L 08/17/2022 - 16:53:05: [SM] Call stack trace:
L 08/17/2022 - 16:53:05: [SM]   [1] Line 202, restrictinc/events.sp::CS_OnBuyCommand
L 08/17/2022 - 17:00:21: [SM] Exception reported: Array index out-of-bounds (index 64, limit 55)
L 08/17/2022 - 17:00:21: [SM] Blaming: weapon_restrict.smx
L 08/17/2022 - 17:00:21: [SM] Call stack trace:
L 08/17/2022 - 17:00:21: [SM]   [1] Line 202, restrictinc/events.sp::CS_OnBuyCommand
L 08/17/2022 - 17:00:56: [SM] Exception reported: Array index out-of-bounds (index 64, limit 55)
L 08/17/2022 - 17:00:56: [SM] Blaming: weapon_restrict.smx
L 08/17/2022 - 17:00:56: [SM] Call stack trace:
L 08/17/2022 - 17:00:56: [SM]   [1] Line 202, restrictinc/events.sp::CS_OnBuyCommand
L 08/17/2022 - 17:01:25: [SM] Exception reported: Array index out-of-bounds (index 64, limit 55)
L 08/17/2022 - 17:01:25: [SM] Blaming: weapon_restrict.smx
L 08/17/2022 - 17:01:25: [SM] Call stack trace:
L 08/17/2022 - 17:01:25: [SM]   [1] Line 202, restrictinc/events.sp::CS_OnBuyCommand
L 08/17/2022 - 17:01:39: [SM] Exception reported: Array index out-of-bounds (index 64, limit 55)
L 08/17/2022 - 17:01:39: [SM] Blaming: weapon_restrict.smx
L 08/17/2022 - 17:01:39: [SM] Call stack trace:
L 08/17/2022 - 17:01:39: [SM]   [1] Line 202, restrictinc/events.sp::CS_OnBuyCommand
L 08/17/2022 - 17:01:50: [SM] Exception reported: Array index out-of-bounds (index 64, limit 55)
L 08/17/2022 - 17:01:50: [SM] Blaming: weapon_restrict.smx
L 08/17/2022 - 17:01:50: [SM] Call stack trace:
L 08/17/2022 - 17:01:50: [SM]   [1] Line 202, restrictinc/events.sp::CS_OnBuyCommand
L 08/17/2022 - 17:27:01: Error log file session closed.
L 08/17/2022 - 17:27:01: SourceMod error session started
L 08/17/2022 - 17:27:01: Info (map "de_inferno") (file "/home/csgo/csgo/addons/sourcemod/logs/errors_20220817.log")
L 08/17/2022 - 17:27:01: [SM] Fatal error encountered parsing translation file "movecommands.phrases.txt"
L 08/17/2022 - 17:27:01: [SM] Error (line 0, column 0): Stream failed to open
L 08/17/2022 - 17:46:26: Error log file session closed.
L 08/17/2022 - 17:46:26: SourceMod error session started
L 08/17/2022 - 17:46:26: Info (map "de_inferno") (file "/home/csgo/csgo/addons/sourcemod/logs/errors_20220817.log")
L 08/17/2022 - 17:46:26: [SM] Fatal error encountered parsing translation file "movecommands.phrases.txt"
L 08/17/2022 - 17:46:26: [SM] Error (line 0, column 0): Stream failed to open
L 08/17/2022 - 17:49:56: Error log file session closed.
L 08/17/2022 - 17:49:56: SourceMod error session started
L 08/17/2022 - 17:49:56: Info (map "de_inferno") (file "/home/csgo/csgo/addons/sourcemod/logs/errors_20220817.log")
L 08/17/2022 - 17:49:56: [SM] Fatal error encountered parsing translation file "movecommands.phrases.txt"
L 08/17/2022 - 17:49:56: [SM] Error (line 0, column 0): Stream failed to open
L 08/17/2022 - 17:53:47: Error log file session closed.
L 08/17/2022 - 17:53:47: SourceMod error session started
L 08/17/2022 - 17:53:47: Info (map "de_inferno") (file "/home/csgo/csgo/addons/sourcemod/logs/errors_20220817.log")
L 08/17/2022 - 17:53:47: [SM] Fatal error encountered parsing translation file "movecommands.phrases.txt"
L 08/17/2022 - 17:53:47: [SM] Error (line 0, column 0): Stream failed to open
L 08/17/2022 - 20:20:10: Error log file session closed.
L 08/17/2022 - 20:20:10: SourceMod error session started
L 08/17/2022 - 20:20:10: Info (map "de_inferno") (file "/home/csgo/csgo/addons/sourcemod/logs/errors_20220817.log")
L 08/17/2022 - 20:20:10: [SM] Fatal error encountered parsing translation file "movecommands.phrases.txt"
L 08/17/2022 - 20:20:10: [SM] Error (line 0, column 0): Stream failed to open
L 08/17/2022 - 20:25:53: Error log file session closed.
L 08/17/2022 - 20:25:53: SourceMod error session started
L 08/17/2022 - 20:25:53: Info (map "de_mirage") (file "/home/csgo/csgo/addons/sourcemod/logs/errors_20220817.log")
L 08/17/2022 - 20:25:53: [SM] Fatal error encountered parsing translation file "movecommands.phrases.txt"
L 08/17/2022 - 20:25:53: [SM] Error (line 0, column 0): Stream failed to open
L 08/17/2022 - 20:31:55: [c5_pug.smx] GOTV demo could not be recorded since tv_enable is not set to 1
L 08/17/2022 - 20:36:28: [SM] Exception reported: Array index out-of-bounds (index 64, limit 55)
L 08/17/2022 - 20:36:28: [SM] Blaming: weapon_restrict.smx
L 08/17/2022 - 20:36:28: [SM] Call stack trace:
L 08/17/2022 - 20:36:28: [SM]   [1] Line 202, restrictinc/events.sp::CS_OnBuyCommand
L 08/17/2022 - 20:45:25: [SM] Exception reported: Array index out-of-bounds (index 64, limit 55)
L 08/17/2022 - 20:45:25: [SM] Blaming: weapon_restrict.smx
L 08/17/2022 - 20:45:25: [SM] Call stack trace:
L 08/17/2022 - 20:45:25: [SM]   [1] Line 202, restrictinc/events.sp::CS_OnBuyCommand
L 08/17/2022 - 20:45:33: [SM] Exception reported: Array index out-of-bounds (index 64, limit 55)
L 08/17/2022 - 20:45:33: [SM] Blaming: weapon_restrict.smx
L 08/17/2022 - 20:45:33: [SM] Call stack trace:
L 08/17/2022 - 20:45:33: [SM]   [1] Line 202, restrictinc/events.sp::CS_OnBuyCommand
L 08/17/2022 - 20:51:01: Error log file session closed.
L 08/17/2022 - 20:51:01: SourceMod error session started
L 08/17/2022 - 20:51:01: Info (map "de_mirage") (file "/home/csgo/csgo/addons/sourcemod/logs/errors_20220817.log")
L 08/17/2022 - 20:51:01: [SM] Fatal error encountered parsing translation file "movecommands.phrases.txt"
L 08/17/2022 - 20:51:01: [SM] Error (line 0, column 0): Stream failed to open
L 08/17/2022 - 20:58:46: Error log file session closed.
L 08/17/2022 - 20:58:46: SourceMod error session started
L 08/17/2022 - 20:58:46: Info (map "de_cache") (file "/home/csgo/csgo/addons/sourcemod/logs/errors_20220817.log")
L 08/17/2022 - 20:58:46: [SM] Fatal error encountered parsing translation file "movecommands.phrases.txt"
L 08/17/2022 - 20:58:46: [SM] Error (line 0, column 0): Stream failed to open
L 08/17/2022 - 20:59:27: Error log file session closed.
L 08/17/2022 - 20:59:27: SourceMod error session started
L 08/17/2022 - 20:59:27: Info (map "de_inferno") (file "/home/csgo/csgo/addons/sourcemod/logs/errors_20220817.log")
L 08/17/2022 - 20:59:27: [SM] Fatal error encountered parsing translation file "movecommands.phrases.txt"
L 08/17/2022 - 20:59:27: [SM] Error (line 0, column 0): Stream failed to open
L 08/17/2022 - 21:44:19: Error log file session closed.
L 08/17/2022 - 21:44:19: SourceMod error session started
L 08/17/2022 - 21:44:19: Info (map "de_inferno") (file "/home/csgo/csgo/addons/sourcemod/logs/errors_20220817.log")
L 08/17/2022 - 21:44:19: [SM] Fatal error encountered parsing translation file "movecommands.phrases.txt"
L 08/17/2022 - 21:44:19: [SM] Error (line 0, column 0): Stream failed to open
L 08/17/2022 - 21:47:01: Error log file session closed.
L 08/17/2022 - 21:47:01: SourceMod error session started
L 08/17/2022 - 21:47:01: Info (map "de_mirage") (file "/home/csgo/csgo/addons/sourcemod/logs/errors_20220817.log")
L 08/17/2022 - 21:47:01: [SM] Fatal error encountered parsing translation file "movecommands.phrases.txt"
L 08/17/2022 - 21:47:01: [SM] Error (line 0, column 0): Stream failed to open
L 08/17/2022 - 21:47:58: [c5_pug.smx] GOTV demo could not be recorded since tv_enable is not set to 1
L 08/17/2022 - 21:48:37: [SM] Exception reported: Array index out-of-bounds (index 64, limit 55)
L 08/17/2022 - 21:48:37: [SM] Blaming: weapon_restrict.smx
L 08/17/2022 - 21:48:37: [SM] Call stack trace:
L 08/17/2022 - 21:48:37: [SM]   [1] Line 202, restrictinc/events.sp::CS_OnBuyCommand
L 08/17/2022 - 21:48:38: [SM] Exception reported: Array index out-of-bounds (index 64, limit 55)
L 08/17/2022 - 21:48:38: [SM] Blaming: weapon_restrict.smx
L 08/17/2022 - 21:48:38: [SM] Call stack trace:
L 08/17/2022 - 21:48:38: [SM]   [1] Line 202, restrictinc/events.sp::CS_OnBuyCommand
L 08/17/2022 - 22:03:45: [SM] Exception reported: Array index out-of-bounds (index 64, limit 55)
L 08/17/2022 - 22:03:45: [SM] Blaming: weapon_restrict.smx
L 08/17/2022 - 22:03:45: [SM] Call stack trace:
L 08/17/2022 - 22:03:45: [SM]   [1] Line 202, restrictinc/events.sp::CS_OnBuyCommand
L 08/17/2022 - 22:03:46: [SM] Exception reported: Array index out-of-bounds (index 64, limit 55)
L 08/17/2022 - 22:03:46: [SM] Blaming: weapon_restrict.smx
L 08/17/2022 - 22:03:46: [SM] Call stack trace:
L 08/17/2022 - 22:03:46: [SM]   [1] Line 202, restrictinc/events.sp::CS_OnBuyCommand
L 08/17/2022 - 22:19:37: [c5_pug.smx] GOTV demo could not be recorded since tv_enable is not set to 1
L 08/17/2022 - 22:20:17: [SM] Exception reported: Array index out-of-bounds (index 64, limit 55)
L 08/17/2022 - 22:20:17: [SM] Blaming: weapon_restrict.smx
L 08/17/2022 - 22:20:17: [SM] Call stack trace:
L 08/17/2022 - 22:20:17: [SM]   [1] Line 202, restrictinc/events.sp::CS_OnBuyCommand
L 08/17/2022 - 22:20:21: [SM] Exception reported: Array index out-of-bounds (index 64, limit 55)
L 08/17/2022 - 22:20:21: [SM] Blaming: weapon_restrict.smx
L 08/17/2022 - 22:20:21: [SM] Call stack trace:
L 08/17/2022 - 22:20:21: [SM]   [1] Line 202, restrictinc/events.sp::CS_OnBuyCommand
L 08/17/2022 - 22:35:29: [SM] Exception reported: Array index out-of-bounds (index 64, limit 55)
L 08/17/2022 - 22:35:29: [SM] Blaming: weapon_restrict.smx
L 08/17/2022 - 22:35:29: [SM] Call stack trace:
L 08/17/2022 - 22:35:29: [SM]   [1] Line 202, restrictinc/events.sp::CS_OnBuyCommand
L 08/17/2022 - 22:35:30: [SM] Exception reported: Array index out-of-bounds (index 64, limit 55)
L 08/17/2022 - 22:35:30: [SM] Blaming: weapon_restrict.smx
L 08/17/2022 - 22:35:30: [SM] Call stack trace:
L 08/17/2022 - 22:35:30: [SM]   [1] Line 202, restrictinc/events.sp::CS_OnBuyCommand
L 08/17/2022 - 22:49:07: Error log file session closed.
L 08/17/2022 - 22:49:07: SourceMod error session started
L 08/17/2022 - 22:49:07: Info (map "de_mirage") (file "/home/csgo/csgo/addons/sourcemod/logs/errors_20220817.log")
L 08/17/2022 - 22:49:07: [SM] Fatal error encountered parsing translation file "movecommands.phrases.txt"
L 08/17/2022 - 22:49:07: [SM] Error (line 0, column 0): Stream failed to open
L 08/17/2022 - 22:57:19: Error log file session closed.
L 08/17/2022 - 22:57:19: SourceMod error session started
L 08/17/2022 - 22:57:19: Info (map "de_mirage") (file "/home/csgo/csgo/addons/sourcemod/logs/errors_20220817.log")
L 08/17/2022 - 22:57:19: [SM] Fatal error encountered parsing translation file "movecommands.phrases.txt"
L 08/17/2022 - 22:57:19: [SM] Error (line 0, column 0): Stream failed to open
L 08/18/2022 - 09:27:24: Error log file session closed.
