L 10/15/2022 - 01:41:24: SourceMod error session started
L 10/15/2022 - 01:41:24: Info (map "de_train") (file "/badfupo/server1/csgo/addons/sourcemod/logs/errors_20221015.log")
L 10/15/2022 - 01:41:24: [warmod.smx] Plug-in tEasyFTP.smx required to auto upload demos
L 10/15/2022 - 01:41:59: Error log file session closed.
L 10/15/2022 - 01:59:09: SourceMod error session started
L 10/15/2022 - 01:59:09: Info (map "de_train") (file "/badfupo/server1/csgo/addons/sourcemod/logs/errors_20221015.log")
L 10/15/2022 - 01:59:09: [SM] Exception reported: Array index out-of-bounds (index 64, limit 55)
L 10/15/2022 - 01:59:09: [SM] Blaming: weapon_restrict.smx
L 10/15/2022 - 01:59:09: [SM] Call stack trace:
L 10/15/2022 - 01:59:09: [SM]   [1] Line 202, restrictinc/events.sp::CS_OnBuyCommand
L 10/15/2022 - 02:33:09: Error log file session closed.
L 10/15/2022 - 04:52:23: SourceMod error session started
L 10/15/2022 - 04:52:23: Info (map "de_train") (file "/badfupo/server1/csgo/addons/sourcemod/logs/errors_20221015.log")
L 10/15/2022 - 04:52:23: [SM] Exception reported: Array index out-of-bounds (index 64, limit 55)
L 10/15/2022 - 04:52:23: [SM] Blaming: weapon_restrict.smx
L 10/15/2022 - 04:52:23: [SM] Call stack trace:
L 10/15/2022 - 04:52:23: [SM]   [1] Line 202, restrictinc/events.sp::CS_OnBuyCommand
L 10/15/2022 - 04:52:26: [SM] Exception reported: Array index out-of-bounds (index 64, limit 55)
L 10/15/2022 - 04:52:26: [SM] Blaming: weapon_restrict.smx
L 10/15/2022 - 04:52:26: [SM] Call stack trace:
L 10/15/2022 - 04:52:26: [SM]   [1] Line 202, restrictinc/events.sp::CS_OnBuyCommand
L 10/15/2022 - 04:52:32: [SM] Exception reported: Array index out-of-bounds (index 64, limit 55)
L 10/15/2022 - 04:52:32: [SM] Blaming: weapon_restrict.smx
L 10/15/2022 - 04:52:32: [SM] Call stack trace:
L 10/15/2022 - 04:52:32: [SM]   [1] Line 202, restrictinc/events.sp::CS_OnBuyCommand
L 10/15/2022 - 04:52:38: [SM] Exception reported: Array index out-of-bounds (index 64, limit 55)
L 10/15/2022 - 04:52:38: [SM] Blaming: weapon_restrict.smx
L 10/15/2022 - 04:52:38: [SM] Call stack trace:
L 10/15/2022 - 04:52:38: [SM]   [1] Line 202, restrictinc/events.sp::CS_OnBuyCommand
L 10/15/2022 - 04:53:02: [SM] Exception reported: Array index out-of-bounds (index 64, limit 55)
L 10/15/2022 - 04:53:02: [SM] Blaming: weapon_restrict.smx
L 10/15/2022 - 04:53:02: [SM] Call stack trace:
L 10/15/2022 - 04:53:02: [SM]   [1] Line 202, restrictinc/events.sp::CS_OnBuyCommand
L 10/15/2022 - 05:19:02: Error log file session closed.
L 10/15/2022 - 05:53:30: SourceMod error session started
L 10/15/2022 - 05:53:30: Info (map "de_train") (file "/badfupo/server1/csgo/addons/sourcemod/logs/errors_20221015.log")
L 10/15/2022 - 05:53:30: [SM] Exception reported: Array index out-of-bounds (index 64, limit 55)
L 10/15/2022 - 05:53:30: [SM] Blaming: weapon_restrict.smx
L 10/15/2022 - 05:53:30: [SM] Call stack trace:
L 10/15/2022 - 05:53:30: [SM]   [1] Line 202, restrictinc/events.sp::CS_OnBuyCommand
L 10/15/2022 - 06:45:46: Error log file session closed.
L 10/15/2022 - 14:33:22: SourceMod error session started
L 10/15/2022 - 14:33:22: Info (map "de_train") (file "/badfupo/server1/csgo/addons/sourcemod/logs/errors_20221015.log")
L 10/15/2022 - 14:33:22: [SM] Exception reported: Array index out-of-bounds (index 64, limit 55)
L 10/15/2022 - 14:33:22: [SM] Blaming: weapon_restrict.smx
L 10/15/2022 - 14:33:22: [SM] Call stack trace:
L 10/15/2022 - 14:33:22: [SM]   [1] Line 202, restrictinc/events.sp::CS_OnBuyCommand
L 10/15/2022 - 14:33:49: [SM] Exception reported: Array index out-of-bounds (index 64, limit 55)
L 10/15/2022 - 14:33:49: [SM] Blaming: weapon_restrict.smx
L 10/15/2022 - 14:33:49: [SM] Call stack trace:
L 10/15/2022 - 14:33:49: [SM]   [1] Line 202, restrictinc/events.sp::CS_OnBuyCommand
L 10/15/2022 - 14:33:53: [SM] Exception reported: Array index out-of-bounds (index 64, limit 55)
L 10/15/2022 - 14:33:53: [SM] Blaming: weapon_restrict.smx
L 10/15/2022 - 14:33:53: [SM] Call stack trace:
L 10/15/2022 - 14:33:53: [SM]   [1] Line 202, restrictinc/events.sp::CS_OnBuyCommand
L 10/15/2022 - 14:34:30: [SM] Exception reported: Array index out-of-bounds (index 64, limit 55)
L 10/15/2022 - 14:34:30: [SM] Blaming: weapon_restrict.smx
L 10/15/2022 - 14:34:30: [SM] Call stack trace:
L 10/15/2022 - 14:34:30: [SM]   [1] Line 202, restrictinc/events.sp::CS_OnBuyCommand
L 10/15/2022 - 14:34:30: [SM] Exception reported: Array index out-of-bounds (index 64, limit 55)
L 10/15/2022 - 14:34:30: [SM] Blaming: weapon_restrict.smx
L 10/15/2022 - 14:34:30: [SM] Call stack trace:
L 10/15/2022 - 14:34:30: [SM]   [1] Line 202, restrictinc/events.sp::CS_OnBuyCommand
L 10/15/2022 - 14:34:47: [SM] Exception reported: Array index out-of-bounds (index 64, limit 55)
L 10/15/2022 - 14:34:47: [SM] Blaming: weapon_restrict.smx
L 10/15/2022 - 14:34:47: [SM] Call stack trace:
L 10/15/2022 - 14:34:47: [SM]   [1] Line 202, restrictinc/events.sp::CS_OnBuyCommand
L 10/15/2022 - 14:34:55: [SM] Exception reported: Array index out-of-bounds (index 64, limit 55)
L 10/15/2022 - 14:34:55: [SM] Blaming: weapon_restrict.smx
L 10/15/2022 - 14:34:55: [SM] Call stack trace:
L 10/15/2022 - 14:34:55: [SM]   [1] Line 202, restrictinc/events.sp::CS_OnBuyCommand
L 10/15/2022 - 14:34:59: [SM] Exception reported: Array index out-of-bounds (index 64, limit 55)
L 10/15/2022 - 14:34:59: [SM] Blaming: weapon_restrict.smx
L 10/15/2022 - 14:34:59: [SM] Call stack trace:
L 10/15/2022 - 14:34:59: [SM]   [1] Line 202, restrictinc/events.sp::CS_OnBuyCommand
L 10/15/2022 - 14:35:14: [SM] Exception reported: Array index out-of-bounds (index 64, limit 55)
L 10/15/2022 - 14:35:14: [SM] Blaming: weapon_restrict.smx
L 10/15/2022 - 14:35:14: [SM] Call stack trace:
L 10/15/2022 - 14:35:14: [SM]   [1] Line 202, restrictinc/events.sp::CS_OnBuyCommand
L 10/15/2022 - 14:35:48: [SM] Exception reported: Array index out-of-bounds (index 64, limit 55)
L 10/15/2022 - 14:35:48: [SM] Blaming: weapon_restrict.smx
L 10/15/2022 - 14:35:48: [SM] Call stack trace:
L 10/15/2022 - 14:35:48: [SM]   [1] Line 202, restrictinc/events.sp::CS_OnBuyCommand
L 10/15/2022 - 14:35:56: [SM] Exception reported: Array index out-of-bounds (index 64, limit 55)
L 10/15/2022 - 14:35:56: [SM] Blaming: weapon_restrict.smx
L 10/15/2022 - 14:35:56: [SM] Call stack trace:
L 10/15/2022 - 14:35:56: [SM]   [1] Line 202, restrictinc/events.sp::CS_OnBuyCommand
L 10/15/2022 - 14:35:58: [SM] Exception reported: Array index out-of-bounds (index 64, limit 55)
L 10/15/2022 - 14:35:58: [SM] Blaming: weapon_restrict.smx
L 10/15/2022 - 14:35:58: [SM] Call stack trace:
L 10/15/2022 - 14:35:58: [SM]   [1] Line 202, restrictinc/events.sp::CS_OnBuyCommand
L 10/15/2022 - 14:36:12: [SM] Exception reported: Array index out-of-bounds (index 64, limit 55)
L 10/15/2022 - 14:36:12: [SM] Blaming: weapon_restrict.smx
L 10/15/2022 - 14:36:12: [SM] Call stack trace:
L 10/15/2022 - 14:36:12: [SM]   [1] Line 202, restrictinc/events.sp::CS_OnBuyCommand
L 10/15/2022 - 14:37:30: [SM] Exception reported: Array index out-of-bounds (index 64, limit 55)
L 10/15/2022 - 14:37:30: [SM] Blaming: weapon_restrict.smx
L 10/15/2022 - 14:37:30: [SM] Call stack trace:
L 10/15/2022 - 14:37:30: [SM]   [1] Line 202, restrictinc/events.sp::CS_OnBuyCommand
L 10/15/2022 - 14:47:22: Error log file session closed.
