L 11/09/2022 - 03:55:56: SourceMod error session started
L 11/09/2022 - 03:55:56: Info (map "de_mirage") (file "/badfupo/server1/csgo/addons/sourcemod/logs/errors_20221109.log")
L 11/09/2022 - 03:55:56: [SM] Exception reported: Array index out-of-bounds (index 64, limit 55)
L 11/09/2022 - 03:55:56: [SM] Blaming: weapon_restrict.smx
L 11/09/2022 - 03:55:56: [SM] Call stack trace:
L 11/09/2022 - 03:55:56: [SM]   [1] Line 202, restrictinc/events.sp::CS_OnBuyCommand
L 11/09/2022 - 03:57:27: [SM] Exception reported: Array index out-of-bounds (index 64, limit 55)
L 11/09/2022 - 03:57:27: [SM] Blaming: weapon_restrict.smx
L 11/09/2022 - 03:57:27: [SM] Call stack trace:
L 11/09/2022 - 03:57:27: [SM]   [1] Line 202, restrictinc/events.sp::CS_OnBuyCommand
L 11/09/2022 - 03:57:35: [SM] Exception reported: Array index out-of-bounds (index 64, limit 55)
L 11/09/2022 - 03:57:35: [SM] Blaming: weapon_restrict.smx
L 11/09/2022 - 03:57:35: [SM] Call stack trace:
L 11/09/2022 - 03:57:35: [SM]   [1] Line 202, restrictinc/events.sp::CS_OnBuyCommand
L 11/09/2022 - 03:58:11: [SM] Exception reported: Array index out-of-bounds (index 64, limit 55)
L 11/09/2022 - 03:58:11: [SM] Blaming: weapon_restrict.smx
L 11/09/2022 - 03:58:11: [SM] Call stack trace:
L 11/09/2022 - 03:58:11: [SM]   [1] Line 202, restrictinc/events.sp::CS_OnBuyCommand
L 11/09/2022 - 04:51:06: [SM] Exception reported: Array index out-of-bounds (index 64, limit 55)
L 11/09/2022 - 04:51:06: [SM] Blaming: weapon_restrict.smx
L 11/09/2022 - 04:51:06: [SM] Call stack trace:
L 11/09/2022 - 04:51:06: [SM]   [1] Line 202, restrictinc/events.sp::CS_OnBuyCommand
L 11/09/2022 - 04:54:01: [SM] Exception reported: Array index out-of-bounds (index 64, limit 55)
L 11/09/2022 - 04:54:01: [SM] Blaming: weapon_restrict.smx
L 11/09/2022 - 04:54:01: [SM] Call stack trace:
L 11/09/2022 - 04:54:01: [SM]   [1] Line 202, restrictinc/events.sp::CS_OnBuyCommand
L 11/09/2022 - 04:54:18: [SM] Exception reported: Array index out-of-bounds (index 64, limit 55)
L 11/09/2022 - 04:54:18: [SM] Blaming: weapon_restrict.smx
L 11/09/2022 - 04:54:18: [SM] Call stack trace:
L 11/09/2022 - 04:54:18: [SM]   [1] Line 202, restrictinc/events.sp::CS_OnBuyCommand
L 11/09/2022 - 04:54:21: [SM] Exception reported: Array index out-of-bounds (index 64, limit 55)
L 11/09/2022 - 04:54:21: [SM] Blaming: weapon_restrict.smx
L 11/09/2022 - 04:54:21: [SM] Call stack trace:
L 11/09/2022 - 04:54:21: [SM]   [1] Line 202, restrictinc/events.sp::CS_OnBuyCommand
L 11/09/2022 - 04:54:29: [SM] Exception reported: Array index out-of-bounds (index 64, limit 55)
L 11/09/2022 - 04:54:29: [SM] Blaming: weapon_restrict.smx
L 11/09/2022 - 04:54:29: [SM] Call stack trace:
L 11/09/2022 - 04:54:29: [SM]   [1] Line 202, restrictinc/events.sp::CS_OnBuyCommand
L 11/09/2022 - 04:54:44: [SM] Exception reported: Array index out-of-bounds (index 64, limit 55)
L 11/09/2022 - 04:54:44: [SM] Blaming: weapon_restrict.smx
L 11/09/2022 - 04:54:44: [SM] Call stack trace:
L 11/09/2022 - 04:54:44: [SM]   [1] Line 202, restrictinc/events.sp::CS_OnBuyCommand
L 11/09/2022 - 04:55:51: [SM] Exception reported: Array index out-of-bounds (index 64, limit 55)
L 11/09/2022 - 04:55:51: [SM] Blaming: weapon_restrict.smx
L 11/09/2022 - 04:55:51: [SM] Call stack trace:
L 11/09/2022 - 04:55:51: [SM]   [1] Line 202, restrictinc/events.sp::CS_OnBuyCommand
L 11/09/2022 - 05:43:48: [SM] Exception reported: Array index out-of-bounds (index 64, limit 55)
L 11/09/2022 - 05:43:48: [SM] Blaming: weapon_restrict.smx
L 11/09/2022 - 05:43:48: [SM] Call stack trace:
L 11/09/2022 - 05:43:48: [SM]   [1] Line 202, restrictinc/events.sp::CS_OnBuyCommand
L 11/09/2022 - 06:07:38: Error log file session closed.
L 11/09/2022 - 07:32:25: SourceMod error session started
L 11/09/2022 - 07:32:25: Info (map "de_mirage") (file "/badfupo/server1/csgo/addons/sourcemod/logs/errors_20221109.log")
L 11/09/2022 - 07:32:25: [SM] Exception reported: Array index out-of-bounds (index 64, limit 55)
L 11/09/2022 - 07:32:25: [SM] Blaming: weapon_restrict.smx
L 11/09/2022 - 07:32:25: [SM] Call stack trace:
L 11/09/2022 - 07:32:25: [SM]   [1] Line 202, restrictinc/events.sp::CS_OnBuyCommand
L 11/09/2022 - 07:32:32: [SM] Exception reported: Array index out-of-bounds (index 64, limit 55)
L 11/09/2022 - 07:32:32: [SM] Blaming: weapon_restrict.smx
L 11/09/2022 - 07:32:32: [SM] Call stack trace:
L 11/09/2022 - 07:32:32: [SM]   [1] Line 202, restrictinc/events.sp::CS_OnBuyCommand
L 11/09/2022 - 07:32:39: [SM] Exception reported: Array index out-of-bounds (index 64, limit 55)
L 11/09/2022 - 07:32:39: [SM] Blaming: weapon_restrict.smx
L 11/09/2022 - 07:32:39: [SM] Call stack trace:
L 11/09/2022 - 07:32:39: [SM]   [1] Line 202, restrictinc/events.sp::CS_OnBuyCommand
L 11/09/2022 - 07:33:07: [SM] Exception reported: Array index out-of-bounds (index 64, limit 55)
L 11/09/2022 - 07:33:07: [SM] Blaming: weapon_restrict.smx
L 11/09/2022 - 07:33:07: [SM] Call stack trace:
L 11/09/2022 - 07:33:07: [SM]   [1] Line 202, restrictinc/events.sp::CS_OnBuyCommand
L 11/09/2022 - 07:33:16: [SM] Exception reported: Array index out-of-bounds (index 64, limit 55)
L 11/09/2022 - 07:33:16: [SM] Blaming: weapon_restrict.smx
L 11/09/2022 - 07:33:16: [SM] Call stack trace:
L 11/09/2022 - 07:33:16: [SM]   [1] Line 202, restrictinc/events.sp::CS_OnBuyCommand
L 11/09/2022 - 07:33:40: [SM] Exception reported: Array index out-of-bounds (index 64, limit 55)
L 11/09/2022 - 07:33:40: [SM] Blaming: weapon_restrict.smx
L 11/09/2022 - 07:33:40: [SM] Call stack trace:
L 11/09/2022 - 07:33:40: [SM]   [1] Line 202, restrictinc/events.sp::CS_OnBuyCommand
L 11/09/2022 - 07:34:03: [SM] Exception reported: Array index out-of-bounds (index 64, limit 55)
L 11/09/2022 - 07:34:03: [SM] Blaming: weapon_restrict.smx
L 11/09/2022 - 07:34:03: [SM] Call stack trace:
L 11/09/2022 - 07:34:03: [SM]   [1] Line 202, restrictinc/events.sp::CS_OnBuyCommand
L 11/09/2022 - 07:34:16: [SM] Exception reported: Array index out-of-bounds (index 64, limit 55)
L 11/09/2022 - 07:34:16: [SM] Blaming: weapon_restrict.smx
L 11/09/2022 - 07:34:16: [SM] Call stack trace:
L 11/09/2022 - 07:34:16: [SM]   [1] Line 202, restrictinc/events.sp::CS_OnBuyCommand
L 11/09/2022 - 07:34:26: [SM] Exception reported: Array index out-of-bounds (index 64, limit 55)
L 11/09/2022 - 07:34:26: [SM] Blaming: weapon_restrict.smx
L 11/09/2022 - 07:34:26: [SM] Call stack trace:
L 11/09/2022 - 07:34:26: [SM]   [1] Line 202, restrictinc/events.sp::CS_OnBuyCommand
L 11/09/2022 - 07:34:34: [SM] Exception reported: Array index out-of-bounds (index 64, limit 55)
L 11/09/2022 - 07:34:34: [SM] Blaming: weapon_restrict.smx
L 11/09/2022 - 07:34:34: [SM] Call stack trace:
L 11/09/2022 - 07:34:34: [SM]   [1] Line 202, restrictinc/events.sp::CS_OnBuyCommand
L 11/09/2022 - 07:39:59: [levelsranks.smx] SQL_TransactionFailure (1): Lost connection to MySQL server during query (-1)
L 11/09/2022 - 07:44:49: Error log file session closed.
L 11/09/2022 - 08:11:17: SourceMod error session started
L 11/09/2022 - 08:11:17: Info (map "de_mirage") (file "/badfupo/server1/csgo/addons/sourcemod/logs/errors_20221109.log")
L 11/09/2022 - 08:11:17: [SM] Exception reported: Array index out-of-bounds (index 64, limit 55)
L 11/09/2022 - 08:11:17: [SM] Blaming: weapon_restrict.smx
L 11/09/2022 - 08:11:17: [SM] Call stack trace:
L 11/09/2022 - 08:11:17: [SM]   [1] Line 202, restrictinc/events.sp::CS_OnBuyCommand
L 11/09/2022 - 08:29:15: Error log file session closed.
L 11/09/2022 - 08:42:54: SourceMod error session started
L 11/09/2022 - 08:42:54: Info (map "de_mirage") (file "/badfupo/server1/csgo/addons/sourcemod/logs/errors_20221109.log")
L 11/09/2022 - 08:42:54: [SM] Exception reported: Array index out-of-bounds (index 64, limit 55)
L 11/09/2022 - 08:42:54: [SM] Blaming: weapon_restrict.smx
L 11/09/2022 - 08:42:54: [SM] Call stack trace:
L 11/09/2022 - 08:42:54: [SM]   [1] Line 202, restrictinc/events.sp::CS_OnBuyCommand
L 11/09/2022 - 08:43:17: [SM] Exception reported: Array index out-of-bounds (index 64, limit 55)
L 11/09/2022 - 08:43:17: [SM] Blaming: weapon_restrict.smx
L 11/09/2022 - 08:43:17: [SM] Call stack trace:
L 11/09/2022 - 08:43:17: [SM]   [1] Line 202, restrictinc/events.sp::CS_OnBuyCommand
L 11/09/2022 - 09:06:19: [SM] Exception reported: Array index out-of-bounds (index 64, limit 55)
L 11/09/2022 - 09:06:19: [SM] Blaming: weapon_restrict.smx
L 11/09/2022 - 09:06:19: [SM] Call stack trace:
L 11/09/2022 - 09:06:19: [SM]   [1] Line 202, restrictinc/events.sp::CS_OnBuyCommand
L 11/09/2022 - 09:11:26: Error log file session closed.
L 11/09/2022 - 10:28:26: SourceMod error session started
L 11/09/2022 - 10:28:26: Info (map "de_mirage") (file "/badfupo/server1/csgo/addons/sourcemod/logs/errors_20221109.log")
L 11/09/2022 - 10:28:26: [SM] Exception reported: Array index out-of-bounds (index 64, limit 55)
L 11/09/2022 - 10:28:26: [SM] Blaming: weapon_restrict.smx
L 11/09/2022 - 10:28:26: [SM] Call stack trace:
L 11/09/2022 - 10:28:26: [SM]   [1] Line 202, restrictinc/events.sp::CS_OnBuyCommand
L 11/09/2022 - 10:29:26: [SM] Exception reported: Array index out-of-bounds (index 64, limit 55)
L 11/09/2022 - 10:29:26: [SM] Blaming: weapon_restrict.smx
L 11/09/2022 - 10:29:26: [SM] Call stack trace:
L 11/09/2022 - 10:29:26: [SM]   [1] Line 202, restrictinc/events.sp::CS_OnBuyCommand
L 11/09/2022 - 10:34:48: [SM] Exception reported: Array index out-of-bounds (index 64, limit 55)
L 11/09/2022 - 10:34:48: [SM] Blaming: weapon_restrict.smx
L 11/09/2022 - 10:34:48: [SM] Call stack trace:
L 11/09/2022 - 10:34:48: [SM]   [1] Line 202, restrictinc/events.sp::CS_OnBuyCommand
L 11/09/2022 - 10:36:10: [SM] Exception reported: Array index out-of-bounds (index 64, limit 55)
L 11/09/2022 - 10:36:10: [SM] Blaming: weapon_restrict.smx
L 11/09/2022 - 10:36:10: [SM] Call stack trace:
L 11/09/2022 - 10:36:10: [SM]   [1] Line 202, restrictinc/events.sp::CS_OnBuyCommand
L 11/09/2022 - 10:57:40: [SM] Exception reported: Array index out-of-bounds (index 64, limit 55)
L 11/09/2022 - 10:57:40: [SM] Blaming: weapon_restrict.smx
L 11/09/2022 - 10:57:40: [SM] Call stack trace:
L 11/09/2022 - 10:57:40: [SM]   [1] Line 202, restrictinc/events.sp::CS_OnBuyCommand
L 11/09/2022 - 10:58:15: [SM] Exception reported: Array index out-of-bounds (index 64, limit 55)
L 11/09/2022 - 10:58:15: [SM] Blaming: weapon_restrict.smx
L 11/09/2022 - 10:58:15: [SM] Call stack trace:
L 11/09/2022 - 10:58:15: [SM]   [1] Line 202, restrictinc/events.sp::CS_OnBuyCommand
L 11/09/2022 - 10:58:39: [SM] Exception reported: Array index out-of-bounds (index 64, limit 55)
L 11/09/2022 - 10:58:39: [SM] Blaming: weapon_restrict.smx
L 11/09/2022 - 10:58:39: [SM] Call stack trace:
L 11/09/2022 - 10:58:39: [SM]   [1] Line 202, restrictinc/events.sp::CS_OnBuyCommand
L 11/09/2022 - 10:59:11: [SM] Exception reported: Array index out-of-bounds (index 64, limit 55)
L 11/09/2022 - 10:59:11: [SM] Blaming: weapon_restrict.smx
L 11/09/2022 - 10:59:11: [SM] Call stack trace:
L 11/09/2022 - 10:59:11: [SM]   [1] Line 202, restrictinc/events.sp::CS_OnBuyCommand
L 11/09/2022 - 11:06:14: [SM] Exception reported: Array index out-of-bounds (index 64, limit 55)
L 11/09/2022 - 11:06:14: [SM] Blaming: weapon_restrict.smx
L 11/09/2022 - 11:06:14: [SM] Call stack trace:
L 11/09/2022 - 11:06:14: [SM]   [1] Line 202, restrictinc/events.sp::CS_OnBuyCommand
L 11/09/2022 - 11:06:34: [SM] Exception reported: Array index out-of-bounds (index 64, limit 55)
L 11/09/2022 - 11:06:34: [SM] Blaming: weapon_restrict.smx
L 11/09/2022 - 11:06:34: [SM] Call stack trace:
L 11/09/2022 - 11:06:34: [SM]   [1] Line 202, restrictinc/events.sp::CS_OnBuyCommand
L 11/09/2022 - 11:07:00: [SM] Exception reported: Array index out-of-bounds (index 64, limit 55)
L 11/09/2022 - 11:07:00: [SM] Blaming: weapon_restrict.smx
L 11/09/2022 - 11:07:00: [SM] Call stack trace:
L 11/09/2022 - 11:07:00: [SM]   [1] Line 202, restrictinc/events.sp::CS_OnBuyCommand
L 11/09/2022 - 11:15:03: [SM] Exception reported: Array index out-of-bounds (index 64, limit 55)
L 11/09/2022 - 11:15:03: [SM] Blaming: weapon_restrict.smx
L 11/09/2022 - 11:15:03: [SM] Call stack trace:
L 11/09/2022 - 11:15:03: [SM]   [1] Line 202, restrictinc/events.sp::CS_OnBuyCommand
L 11/09/2022 - 11:15:22: [SM] Exception reported: Array index out-of-bounds (index 64, limit 55)
L 11/09/2022 - 11:15:22: [SM] Blaming: weapon_restrict.smx
L 11/09/2022 - 11:15:22: [SM] Call stack trace:
L 11/09/2022 - 11:15:22: [SM]   [1] Line 202, restrictinc/events.sp::CS_OnBuyCommand
L 11/09/2022 - 11:15:36: [SM] Exception reported: Array index out-of-bounds (index 64, limit 55)
L 11/09/2022 - 11:15:36: [SM] Blaming: weapon_restrict.smx
L 11/09/2022 - 11:15:36: [SM] Call stack trace:
L 11/09/2022 - 11:15:36: [SM]   [1] Line 202, restrictinc/events.sp::CS_OnBuyCommand
L 11/09/2022 - 11:15:53: [SM] Exception reported: Array index out-of-bounds (index 64, limit 55)
L 11/09/2022 - 11:15:53: [SM] Blaming: weapon_restrict.smx
L 11/09/2022 - 11:15:53: [SM] Call stack trace:
L 11/09/2022 - 11:15:53: [SM]   [1] Line 202, restrictinc/events.sp::CS_OnBuyCommand
L 11/09/2022 - 11:16:08: [SM] Exception reported: Array index out-of-bounds (index 64, limit 55)
L 11/09/2022 - 11:16:08: [SM] Blaming: weapon_restrict.smx
L 11/09/2022 - 11:16:08: [SM] Call stack trace:
L 11/09/2022 - 11:16:08: [SM]   [1] Line 202, restrictinc/events.sp::CS_OnBuyCommand
L 11/09/2022 - 11:16:15: [SM] Exception reported: Array index out-of-bounds (index 64, limit 55)
L 11/09/2022 - 11:16:15: [SM] Blaming: weapon_restrict.smx
L 11/09/2022 - 11:16:15: [SM] Call stack trace:
L 11/09/2022 - 11:16:15: [SM]   [1] Line 202, restrictinc/events.sp::CS_OnBuyCommand
L 11/09/2022 - 11:16:38: [SM] Exception reported: Array index out-of-bounds (index 64, limit 55)
L 11/09/2022 - 11:16:38: [SM] Blaming: weapon_restrict.smx
L 11/09/2022 - 11:16:38: [SM] Call stack trace:
L 11/09/2022 - 11:16:38: [SM]   [1] Line 202, restrictinc/events.sp::CS_OnBuyCommand
L 11/09/2022 - 11:17:08: [SM] Exception reported: Array index out-of-bounds (index 64, limit 55)
L 11/09/2022 - 11:17:08: [SM] Blaming: weapon_restrict.smx
L 11/09/2022 - 11:17:08: [SM] Call stack trace:
L 11/09/2022 - 11:17:08: [SM]   [1] Line 202, restrictinc/events.sp::CS_OnBuyCommand
L 11/09/2022 - 11:17:15: [SM] Exception reported: Array index out-of-bounds (index 64, limit 55)
L 11/09/2022 - 11:17:15: [SM] Blaming: weapon_restrict.smx
L 11/09/2022 - 11:17:15: [SM] Call stack trace:
L 11/09/2022 - 11:17:15: [SM]   [1] Line 202, restrictinc/events.sp::CS_OnBuyCommand
L 11/09/2022 - 11:17:43: [SM] Exception reported: Array index out-of-bounds (index 64, limit 55)
L 11/09/2022 - 11:17:43: [SM] Blaming: weapon_restrict.smx
L 11/09/2022 - 11:17:43: [SM] Call stack trace:
L 11/09/2022 - 11:17:43: [SM]   [1] Line 202, restrictinc/events.sp::CS_OnBuyCommand
L 11/09/2022 - 11:18:24: [SM] Exception reported: Array index out-of-bounds (index 64, limit 55)
L 11/09/2022 - 11:18:24: [SM] Blaming: weapon_restrict.smx
L 11/09/2022 - 11:18:24: [SM] Call stack trace:
L 11/09/2022 - 11:18:24: [SM]   [1] Line 202, restrictinc/events.sp::CS_OnBuyCommand
L 11/09/2022 - 11:51:27: [SM] Exception reported: Array index out-of-bounds (index 64, limit 55)
L 11/09/2022 - 11:51:27: [SM] Blaming: weapon_restrict.smx
L 11/09/2022 - 11:51:27: [SM] Call stack trace:
L 11/09/2022 - 11:51:27: [SM]   [1] Line 202, restrictinc/events.sp::CS_OnBuyCommand
L 11/09/2022 - 11:55:48: [SM] Exception reported: Array index out-of-bounds (index 64, limit 55)
L 11/09/2022 - 11:55:48: [SM] Blaming: weapon_restrict.smx
L 11/09/2022 - 11:55:48: [SM] Call stack trace:
L 11/09/2022 - 11:55:48: [SM]   [1] Line 202, restrictinc/events.sp::CS_OnBuyCommand
L 11/09/2022 - 11:56:07: [SM] Exception reported: Array index out-of-bounds (index 64, limit 55)
L 11/09/2022 - 11:56:07: [SM] Blaming: weapon_restrict.smx
L 11/09/2022 - 11:56:07: [SM] Call stack trace:
L 11/09/2022 - 11:56:07: [SM]   [1] Line 202, restrictinc/events.sp::CS_OnBuyCommand
L 11/09/2022 - 11:56:15: [SM] Exception reported: Array index out-of-bounds (index 64, limit 55)
L 11/09/2022 - 11:56:15: [SM] Blaming: weapon_restrict.smx
L 11/09/2022 - 11:56:15: [SM] Call stack trace:
L 11/09/2022 - 11:56:15: [SM]   [1] Line 202, restrictinc/events.sp::CS_OnBuyCommand
L 11/09/2022 - 11:56:17: [SM] Exception reported: Array index out-of-bounds (index 63, limit 55)
L 11/09/2022 - 11:56:17: [SM] Blaming: weapon_restrict.smx
L 11/09/2022 - 11:56:17: [SM] Call stack trace:
L 11/09/2022 - 11:56:17: [SM]   [1] Line 202, restrictinc/events.sp::CS_OnBuyCommand
L 11/09/2022 - 11:56:49: [SM] Exception reported: Array index out-of-bounds (index 63, limit 55)
L 11/09/2022 - 11:56:49: [SM] Blaming: weapon_restrict.smx
L 11/09/2022 - 11:56:49: [SM] Call stack trace:
L 11/09/2022 - 11:56:49: [SM]   [1] Line 202, restrictinc/events.sp::CS_OnBuyCommand
L 11/09/2022 - 11:57:00: [SM] Exception reported: Array index out-of-bounds (index 64, limit 55)
L 11/09/2022 - 11:57:00: [SM] Blaming: weapon_restrict.smx
L 11/09/2022 - 11:57:00: [SM] Call stack trace:
L 11/09/2022 - 11:57:00: [SM]   [1] Line 202, restrictinc/events.sp::CS_OnBuyCommand
L 11/09/2022 - 11:57:37: [SM] Exception reported: Array index out-of-bounds (index 64, limit 55)
L 11/09/2022 - 11:57:37: [SM] Blaming: weapon_restrict.smx
L 11/09/2022 - 11:57:37: [SM] Call stack trace:
L 11/09/2022 - 11:57:37: [SM]   [1] Line 202, restrictinc/events.sp::CS_OnBuyCommand
L 11/09/2022 - 11:57:49: [SM] Exception reported: Array index out-of-bounds (index 63, limit 55)
L 11/09/2022 - 11:57:49: [SM] Blaming: weapon_restrict.smx
L 11/09/2022 - 11:57:49: [SM] Call stack trace:
L 11/09/2022 - 11:57:49: [SM]   [1] Line 202, restrictinc/events.sp::CS_OnBuyCommand
L 11/09/2022 - 12:17:40: [SM] Exception reported: Array index out-of-bounds (index 64, limit 55)
L 11/09/2022 - 12:17:40: [SM] Blaming: weapon_restrict.smx
L 11/09/2022 - 12:17:40: [SM] Call stack trace:
L 11/09/2022 - 12:17:40: [SM]   [1] Line 202, restrictinc/events.sp::CS_OnBuyCommand
L 11/09/2022 - 12:20:27: [SM] Exception reported: Array index out-of-bounds (index 64, limit 55)
L 11/09/2022 - 12:20:27: [SM] Blaming: weapon_restrict.smx
L 11/09/2022 - 12:20:27: [SM] Call stack trace:
L 11/09/2022 - 12:20:27: [SM]   [1] Line 202, restrictinc/events.sp::CS_OnBuyCommand
L 11/09/2022 - 12:24:25: [SM] Exception reported: Array index out-of-bounds (index 64, limit 55)
L 11/09/2022 - 12:24:25: [SM] Blaming: weapon_restrict.smx
L 11/09/2022 - 12:24:25: [SM] Call stack trace:
L 11/09/2022 - 12:24:25: [SM]   [1] Line 202, restrictinc/events.sp::CS_OnBuyCommand
L 11/09/2022 - 12:24:33: [SM] Exception reported: Array index out-of-bounds (index 64, limit 55)
L 11/09/2022 - 12:24:33: [SM] Blaming: weapon_restrict.smx
L 11/09/2022 - 12:24:33: [SM] Call stack trace:
L 11/09/2022 - 12:24:33: [SM]   [1] Line 202, restrictinc/events.sp::CS_OnBuyCommand
L 11/09/2022 - 12:33:41: [SM] Exception reported: Array index out-of-bounds (index 64, limit 55)
L 11/09/2022 - 12:33:41: [SM] Blaming: weapon_restrict.smx
L 11/09/2022 - 12:33:41: [SM] Call stack trace:
L 11/09/2022 - 12:33:41: [SM]   [1] Line 202, restrictinc/events.sp::CS_OnBuyCommand
L 11/09/2022 - 12:33:53: [SM] Exception reported: Array index out-of-bounds (index 64, limit 55)
L 11/09/2022 - 12:33:53: [SM] Blaming: weapon_restrict.smx
L 11/09/2022 - 12:33:53: [SM] Call stack trace:
L 11/09/2022 - 12:33:53: [SM]   [1] Line 202, restrictinc/events.sp::CS_OnBuyCommand
L 11/09/2022 - 12:34:17: [SM] Exception reported: Array index out-of-bounds (index 64, limit 55)
L 11/09/2022 - 12:34:17: [SM] Blaming: weapon_restrict.smx
L 11/09/2022 - 12:34:17: [SM] Call stack trace:
L 11/09/2022 - 12:34:17: [SM]   [1] Line 202, restrictinc/events.sp::CS_OnBuyCommand
L 11/09/2022 - 12:34:28: [SM] Exception reported: Array index out-of-bounds (index 64, limit 55)
L 11/09/2022 - 12:34:28: [SM] Blaming: weapon_restrict.smx
L 11/09/2022 - 12:34:28: [SM] Call stack trace:
L 11/09/2022 - 12:34:28: [SM]   [1] Line 202, restrictinc/events.sp::CS_OnBuyCommand
L 11/09/2022 - 12:34:37: [SM] Exception reported: Array index out-of-bounds (index 64, limit 55)
L 11/09/2022 - 12:34:37: [SM] Blaming: weapon_restrict.smx
L 11/09/2022 - 12:34:37: [SM] Call stack trace:
L 11/09/2022 - 12:34:37: [SM]   [1] Line 202, restrictinc/events.sp::CS_OnBuyCommand
L 11/09/2022 - 12:34:44: [SM] Exception reported: Array index out-of-bounds (index 64, limit 55)
L 11/09/2022 - 12:34:44: [SM] Blaming: weapon_restrict.smx
L 11/09/2022 - 12:34:44: [SM] Call stack trace:
L 11/09/2022 - 12:34:44: [SM]   [1] Line 202, restrictinc/events.sp::CS_OnBuyCommand
L 11/09/2022 - 12:34:52: [SM] Exception reported: Array index out-of-bounds (index 64, limit 55)
L 11/09/2022 - 12:34:52: [SM] Blaming: weapon_restrict.smx
L 11/09/2022 - 12:34:52: [SM] Call stack trace:
L 11/09/2022 - 12:34:52: [SM]   [1] Line 202, restrictinc/events.sp::CS_OnBuyCommand
L 11/09/2022 - 12:34:56: [SM] Exception reported: Array index out-of-bounds (index 64, limit 55)
L 11/09/2022 - 12:34:56: [SM] Blaming: weapon_restrict.smx
L 11/09/2022 - 12:34:56: [SM] Call stack trace:
L 11/09/2022 - 12:34:56: [SM]   [1] Line 202, restrictinc/events.sp::CS_OnBuyCommand
L 11/09/2022 - 12:34:57: [SM] Exception reported: Array index out-of-bounds (index 64, limit 55)
L 11/09/2022 - 12:34:57: [SM] Blaming: weapon_restrict.smx
L 11/09/2022 - 12:34:57: [SM] Call stack trace:
L 11/09/2022 - 12:34:57: [SM]   [1] Line 202, restrictinc/events.sp::CS_OnBuyCommand
L 11/09/2022 - 12:35:10: [SM] Exception reported: Array index out-of-bounds (index 64, limit 55)
L 11/09/2022 - 12:35:10: [SM] Blaming: weapon_restrict.smx
L 11/09/2022 - 12:35:10: [SM] Call stack trace:
L 11/09/2022 - 12:35:10: [SM]   [1] Line 202, restrictinc/events.sp::CS_OnBuyCommand
L 11/09/2022 - 12:35:14: [SM] Exception reported: Array index out-of-bounds (index 64, limit 55)
L 11/09/2022 - 12:35:14: [SM] Blaming: weapon_restrict.smx
L 11/09/2022 - 12:35:14: [SM] Call stack trace:
L 11/09/2022 - 12:35:14: [SM]   [1] Line 202, restrictinc/events.sp::CS_OnBuyCommand
L 11/09/2022 - 12:35:24: [SM] Exception reported: Array index out-of-bounds (index 64, limit 55)
L 11/09/2022 - 12:35:24: [SM] Blaming: weapon_restrict.smx
L 11/09/2022 - 12:35:24: [SM] Call stack trace:
L 11/09/2022 - 12:35:24: [SM]   [1] Line 202, restrictinc/events.sp::CS_OnBuyCommand
L 11/09/2022 - 12:35:30: [SM] Exception reported: Array index out-of-bounds (index 64, limit 55)
L 11/09/2022 - 12:35:30: [SM] Blaming: weapon_restrict.smx
L 11/09/2022 - 12:35:30: [SM] Call stack trace:
L 11/09/2022 - 12:35:30: [SM]   [1] Line 202, restrictinc/events.sp::CS_OnBuyCommand
L 11/09/2022 - 12:35:36: [SM] Exception reported: Array index out-of-bounds (index 64, limit 55)
L 11/09/2022 - 12:35:36: [SM] Blaming: weapon_restrict.smx
L 11/09/2022 - 12:35:36: [SM] Call stack trace:
L 11/09/2022 - 12:35:36: [SM]   [1] Line 202, restrictinc/events.sp::CS_OnBuyCommand
L 11/09/2022 - 12:35:39: [SM] Exception reported: Array index out-of-bounds (index 64, limit 55)
L 11/09/2022 - 12:35:39: [SM] Blaming: weapon_restrict.smx
L 11/09/2022 - 12:35:39: [SM] Call stack trace:
L 11/09/2022 - 12:35:39: [SM]   [1] Line 202, restrictinc/events.sp::CS_OnBuyCommand
L 11/09/2022 - 12:35:54: [SM] Exception reported: Array index out-of-bounds (index 64, limit 55)
L 11/09/2022 - 12:35:54: [SM] Blaming: weapon_restrict.smx
L 11/09/2022 - 12:35:54: [SM] Call stack trace:
L 11/09/2022 - 12:35:54: [SM]   [1] Line 202, restrictinc/events.sp::CS_OnBuyCommand
L 11/09/2022 - 12:36:06: [SM] Exception reported: Array index out-of-bounds (index 64, limit 55)
L 11/09/2022 - 12:36:06: [SM] Blaming: weapon_restrict.smx
L 11/09/2022 - 12:36:06: [SM] Call stack trace:
L 11/09/2022 - 12:36:06: [SM]   [1] Line 202, restrictinc/events.sp::CS_OnBuyCommand
L 11/09/2022 - 12:36:13: [SM] Exception reported: Array index out-of-bounds (index 64, limit 55)
L 11/09/2022 - 12:36:13: [SM] Blaming: weapon_restrict.smx
L 11/09/2022 - 12:36:13: [SM] Call stack trace:
L 11/09/2022 - 12:36:13: [SM]   [1] Line 202, restrictinc/events.sp::CS_OnBuyCommand
L 11/09/2022 - 12:36:18: [SM] Exception reported: Array index out-of-bounds (index 64, limit 55)
L 11/09/2022 - 12:36:18: [SM] Blaming: weapon_restrict.smx
L 11/09/2022 - 12:36:18: [SM] Call stack trace:
L 11/09/2022 - 12:36:18: [SM]   [1] Line 202, restrictinc/events.sp::CS_OnBuyCommand
L 11/09/2022 - 12:36:28: [SM] Exception reported: Array index out-of-bounds (index 64, limit 55)
L 11/09/2022 - 12:36:28: [SM] Blaming: weapon_restrict.smx
L 11/09/2022 - 12:36:28: [SM] Call stack trace:
L 11/09/2022 - 12:36:28: [SM]   [1] Line 202, restrictinc/events.sp::CS_OnBuyCommand
L 11/09/2022 - 12:36:46: [SM] Exception reported: Array index out-of-bounds (index 64, limit 55)
L 11/09/2022 - 12:36:46: [SM] Blaming: weapon_restrict.smx
L 11/09/2022 - 12:36:46: [SM] Call stack trace:
L 11/09/2022 - 12:36:46: [SM]   [1] Line 202, restrictinc/events.sp::CS_OnBuyCommand
L 11/09/2022 - 12:37:30: [SM] Exception reported: Array index out-of-bounds (index 64, limit 55)
L 11/09/2022 - 12:37:30: [SM] Blaming: weapon_restrict.smx
L 11/09/2022 - 12:37:30: [SM] Call stack trace:
L 11/09/2022 - 12:37:30: [SM]   [1] Line 202, restrictinc/events.sp::CS_OnBuyCommand
L 11/09/2022 - 12:39:17: [SM] Exception reported: Array index out-of-bounds (index 64, limit 55)
L 11/09/2022 - 12:39:17: [SM] Blaming: weapon_restrict.smx
L 11/09/2022 - 12:39:17: [SM] Call stack trace:
L 11/09/2022 - 12:39:17: [SM]   [1] Line 202, restrictinc/events.sp::CS_OnBuyCommand
L 11/09/2022 - 12:39:41: [SM] Exception reported: Array index out-of-bounds (index 64, limit 55)
L 11/09/2022 - 12:39:41: [SM] Blaming: weapon_restrict.smx
L 11/09/2022 - 12:39:41: [SM] Call stack trace:
L 11/09/2022 - 12:39:41: [SM]   [1] Line 202, restrictinc/events.sp::CS_OnBuyCommand
L 11/09/2022 - 12:40:08: [SM] Exception reported: Array index out-of-bounds (index 64, limit 55)
L 11/09/2022 - 12:40:08: [SM] Blaming: weapon_restrict.smx
L 11/09/2022 - 12:40:08: [SM] Call stack trace:
L 11/09/2022 - 12:40:08: [SM]   [1] Line 202, restrictinc/events.sp::CS_OnBuyCommand
L 11/09/2022 - 12:40:26: [SM] Exception reported: Array index out-of-bounds (index 64, limit 55)
L 11/09/2022 - 12:40:26: [SM] Blaming: weapon_restrict.smx
L 11/09/2022 - 12:40:26: [SM] Call stack trace:
L 11/09/2022 - 12:40:26: [SM]   [1] Line 202, restrictinc/events.sp::CS_OnBuyCommand
L 11/09/2022 - 12:40:50: [SM] Exception reported: Array index out-of-bounds (index 64, limit 55)
L 11/09/2022 - 12:40:50: [SM] Blaming: weapon_restrict.smx
L 11/09/2022 - 12:40:50: [SM] Call stack trace:
L 11/09/2022 - 12:40:50: [SM]   [1] Line 202, restrictinc/events.sp::CS_OnBuyCommand
L 11/09/2022 - 13:05:54: [SM] Exception reported: Array index out-of-bounds (index 63, limit 55)
L 11/09/2022 - 13:05:54: [SM] Blaming: weapon_restrict.smx
L 11/09/2022 - 13:05:54: [SM] Call stack trace:
L 11/09/2022 - 13:05:54: [SM]   [1] Line 202, restrictinc/events.sp::CS_OnBuyCommand
L 11/09/2022 - 13:06:23: [SM] Exception reported: Array index out-of-bounds (index 63, limit 55)
L 11/09/2022 - 13:06:23: [SM] Blaming: weapon_restrict.smx
L 11/09/2022 - 13:06:23: [SM] Call stack trace:
L 11/09/2022 - 13:06:23: [SM]   [1] Line 202, restrictinc/events.sp::CS_OnBuyCommand
L 11/09/2022 - 13:06:37: [SM] Exception reported: Array index out-of-bounds (index 63, limit 55)
L 11/09/2022 - 13:06:37: [SM] Blaming: weapon_restrict.smx
L 11/09/2022 - 13:06:37: [SM] Call stack trace:
L 11/09/2022 - 13:06:37: [SM]   [1] Line 202, restrictinc/events.sp::CS_OnBuyCommand
L 11/09/2022 - 13:07:23: [SM] Exception reported: Array index out-of-bounds (index 63, limit 55)
L 11/09/2022 - 13:07:23: [SM] Blaming: weapon_restrict.smx
L 11/09/2022 - 13:07:23: [SM] Call stack trace:
L 11/09/2022 - 13:07:23: [SM]   [1] Line 202, restrictinc/events.sp::CS_OnBuyCommand
L 11/09/2022 - 13:16:01: [SM] Exception reported: Array index out-of-bounds (index 64, limit 55)
L 11/09/2022 - 13:16:01: [SM] Blaming: weapon_restrict.smx
L 11/09/2022 - 13:16:01: [SM] Call stack trace:
L 11/09/2022 - 13:16:01: [SM]   [1] Line 202, restrictinc/events.sp::CS_OnBuyCommand
L 11/09/2022 - 13:17:27: [SM] Exception reported: Array index out-of-bounds (index 64, limit 55)
L 11/09/2022 - 13:17:27: [SM] Blaming: weapon_restrict.smx
L 11/09/2022 - 13:17:27: [SM] Call stack trace:
L 11/09/2022 - 13:17:27: [SM]   [1] Line 202, restrictinc/events.sp::CS_OnBuyCommand
L 11/09/2022 - 13:17:38: [SM] Exception reported: Array index out-of-bounds (index 64, limit 55)
L 11/09/2022 - 13:17:38: [SM] Blaming: weapon_restrict.smx
L 11/09/2022 - 13:17:38: [SM] Call stack trace:
L 11/09/2022 - 13:17:38: [SM]   [1] Line 202, restrictinc/events.sp::CS_OnBuyCommand
L 11/09/2022 - 13:17:53: [SM] Exception reported: Array index out-of-bounds (index 64, limit 55)
L 11/09/2022 - 13:17:53: [SM] Blaming: weapon_restrict.smx
L 11/09/2022 - 13:17:53: [SM] Call stack trace:
L 11/09/2022 - 13:17:53: [SM]   [1] Line 202, restrictinc/events.sp::CS_OnBuyCommand
L 11/09/2022 - 13:18:05: [SM] Exception reported: Array index out-of-bounds (index 64, limit 55)
L 11/09/2022 - 13:18:05: [SM] Blaming: weapon_restrict.smx
L 11/09/2022 - 13:18:05: [SM] Call stack trace:
L 11/09/2022 - 13:18:05: [SM]   [1] Line 202, restrictinc/events.sp::CS_OnBuyCommand
L 11/09/2022 - 13:18:18: [SM] Exception reported: Array index out-of-bounds (index 64, limit 55)
L 11/09/2022 - 13:18:18: [SM] Blaming: weapon_restrict.smx
L 11/09/2022 - 13:18:18: [SM] Call stack trace:
L 11/09/2022 - 13:18:18: [SM]   [1] Line 202, restrictinc/events.sp::CS_OnBuyCommand
L 11/09/2022 - 14:03:29: Error log file session closed.
L 11/09/2022 - 14:15:36: SourceMod error session started
L 11/09/2022 - 14:15:36: Info (map "de_mirage") (file "/badfupo/server1/csgo/addons/sourcemod/logs/errors_20221109.log")
L 11/09/2022 - 14:15:36: [SM] Exception reported: Array index out-of-bounds (index 64, limit 55)
L 11/09/2022 - 14:15:36: [SM] Blaming: weapon_restrict.smx
L 11/09/2022 - 14:15:36: [SM] Call stack trace:
L 11/09/2022 - 14:15:36: [SM]   [1] Line 202, restrictinc/events.sp::CS_OnBuyCommand
L 11/09/2022 - 14:44:59: Error log file session closed.
L 11/09/2022 - 16:14:46: SourceMod error session started
L 11/09/2022 - 16:14:46: Info (map "de_mirage") (file "/badfupo/server1/csgo/addons/sourcemod/logs/errors_20221109.log")
L 11/09/2022 - 16:14:46: [SM] Exception reported: Array index out-of-bounds (index 64, limit 55)
L 11/09/2022 - 16:14:46: [SM] Blaming: weapon_restrict.smx
L 11/09/2022 - 16:14:46: [SM] Call stack trace:
L 11/09/2022 - 16:14:46: [SM]   [1] Line 202, restrictinc/events.sp::CS_OnBuyCommand
L 11/09/2022 - 16:15:21: [SM] Exception reported: Array index out-of-bounds (index 64, limit 55)
L 11/09/2022 - 16:15:21: [SM] Blaming: weapon_restrict.smx
L 11/09/2022 - 16:15:21: [SM] Call stack trace:
L 11/09/2022 - 16:15:21: [SM]   [1] Line 202, restrictinc/events.sp::CS_OnBuyCommand
L 11/09/2022 - 16:15:39: [SM] Exception reported: Array index out-of-bounds (index 64, limit 55)
L 11/09/2022 - 16:15:39: [SM] Blaming: weapon_restrict.smx
L 11/09/2022 - 16:15:39: [SM] Call stack trace:
L 11/09/2022 - 16:15:39: [SM]   [1] Line 202, restrictinc/events.sp::CS_OnBuyCommand
L 11/09/2022 - 16:15:59: [SM] Exception reported: Array index out-of-bounds (index 64, limit 55)
L 11/09/2022 - 16:15:59: [SM] Blaming: weapon_restrict.smx
L 11/09/2022 - 16:15:59: [SM] Call stack trace:
L 11/09/2022 - 16:15:59: [SM]   [1] Line 202, restrictinc/events.sp::CS_OnBuyCommand
L 11/09/2022 - 16:16:14: [SM] Exception reported: Array index out-of-bounds (index 64, limit 55)
L 11/09/2022 - 16:16:14: [SM] Blaming: weapon_restrict.smx
L 11/09/2022 - 16:16:14: [SM] Call stack trace:
L 11/09/2022 - 16:16:14: [SM]   [1] Line 202, restrictinc/events.sp::CS_OnBuyCommand
L 11/09/2022 - 16:18:44: [SM] Exception reported: Array index out-of-bounds (index 64, limit 55)
L 11/09/2022 - 16:18:44: [SM] Blaming: weapon_restrict.smx
L 11/09/2022 - 16:18:44: [SM] Call stack trace:
L 11/09/2022 - 16:18:44: [SM]   [1] Line 202, restrictinc/events.sp::CS_OnBuyCommand
L 11/09/2022 - 16:19:19: [SM] Exception reported: Array index out-of-bounds (index 64, limit 55)
L 11/09/2022 - 16:19:19: [SM] Blaming: weapon_restrict.smx
L 11/09/2022 - 16:19:19: [SM] Call stack trace:
L 11/09/2022 - 16:19:19: [SM]   [1] Line 202, restrictinc/events.sp::CS_OnBuyCommand
L 11/09/2022 - 16:22:06: [SM] Exception reported: Array index out-of-bounds (index 64, limit 55)
L 11/09/2022 - 16:22:06: [SM] Blaming: weapon_restrict.smx
L 11/09/2022 - 16:22:06: [SM] Call stack trace:
L 11/09/2022 - 16:22:06: [SM]   [1] Line 202, restrictinc/events.sp::CS_OnBuyCommand
L 11/09/2022 - 16:57:05: Error log file session closed.
