L 08/18/2022 - 09:27:24: SourceMod error session started
L 08/18/2022 - 09:27:24: Info (map "de_mirage") (file "/home/csgo/csgo/addons/sourcemod/logs/errors_20220818.log")
L 08/18/2022 - 09:27:24: [SM] Fatal error encountered parsing translation file "movecommands.phrases.txt"
L 08/18/2022 - 09:27:24: [SM] Error (line 0, column 0): Stream failed to open
L 08/18/2022 - 13:17:37: SourceMod error session started
L 08/18/2022 - 13:17:37: Info (map "de_mirage") (file "/home/csgo/csgo/addons/sourcemod/logs/errors_20220818.log")
L 08/18/2022 - 13:17:37: [SM] Fatal error encountered parsing translation file "sourcereport.phrases.txt"
L 08/18/2022 - 13:17:37: [SM] Error (line 0, column 0): Stream failed to open
L 08/18/2022 - 13:17:37: [SM] Fatal error encountered parsing translation file "kento.mvp.phrases.txt"
L 08/18/2022 - 13:17:37: [SM] Error (line 0, column 0): Stream failed to open
L 08/18/2022 - 13:17:37: [SM] Fatal error encountered parsing translation file "sourcesleuth.phrases.txt"
L 08/18/2022 - 13:17:37: [SM] Error (line 0, column 0): Stream failed to open
L 08/18/2022 - 13:17:37: [SM] Unable to load plugin "hextags.smx": Could not find required plugin "chat-processor"
L 08/18/2022 - 13:17:37: [SM] Fatal error encountered parsing translation file "lr_core.phrases.txt"
L 08/18/2022 - 13:17:37: [SM] Error (line 0, column 0): Stream failed to open
L 08/18/2022 - 13:17:37: [SM] Fatal error encountered parsing translation file "lr_core_ranks.phrases.txt"
L 08/18/2022 - 13:17:37: [SM] Error (line 0, column 0): Stream failed to open
L 08/18/2022 - 13:17:37: [SM] Fatal error encountered parsing translation file "sourcebans.phrases.txt"
L 08/18/2022 - 13:17:37: [SM] Error (line 0, column 0): Stream failed to open
L 08/18/2022 - 13:17:37: [SM] Fatal error encountered parsing translation file "sourcecomms.phrases.txt"
L 08/18/2022 - 13:17:37: [SM] Error (line 0, column 0): Stream failed to open
L 08/18/2022 - 13:33:16: SourceMod error session started
L 08/18/2022 - 13:33:16: Info (map "de_mirage") (file "/home/csgo/csgo/addons/sourcemod/logs/errors_20220818.log")
L 08/18/2022 - 13:33:16: [SM] Fatal error encountered parsing translation file "sourcereport.phrases.txt"
L 08/18/2022 - 13:33:16: [SM] Error (line 0, column 0): Stream failed to open
L 08/18/2022 - 13:33:16: [SM] Fatal error encountered parsing translation file "kento.mvp.phrases.txt"
L 08/18/2022 - 13:33:16: [SM] Error (line 0, column 0): Stream failed to open
L 08/18/2022 - 13:33:16: [SM] Fatal error encountered parsing translation file "sourcesleuth.phrases.txt"
L 08/18/2022 - 13:33:16: [SM] Error (line 0, column 0): Stream failed to open
L 08/18/2022 - 13:33:16: [SM] Unable to load plugin "hextags.smx": Could not find required plugin "chat-processor"
L 08/18/2022 - 13:33:16: [SM] Fatal error encountered parsing translation file "lr_core.phrases.txt"
L 08/18/2022 - 13:33:16: [SM] Error (line 0, column 0): Stream failed to open
L 08/18/2022 - 13:33:16: [SM] Fatal error encountered parsing translation file "lr_core_ranks.phrases.txt"
L 08/18/2022 - 13:33:16: [SM] Error (line 0, column 0): Stream failed to open
L 08/18/2022 - 13:33:16: [SM] Fatal error encountered parsing translation file "sourcebans.phrases.txt"
L 08/18/2022 - 13:33:16: [SM] Error (line 0, column 0): Stream failed to open
L 08/18/2022 - 13:33:16: [SM] Fatal error encountered parsing translation file "sourcecomms.phrases.txt"
L 08/18/2022 - 13:33:16: [SM] Error (line 0, column 0): Stream failed to open
L 08/18/2022 - 13:44:22: SourceMod error session started
L 08/18/2022 - 13:44:22: Info (map "de_mirage") (file "/home/csgo/csgo/addons/sourcemod/logs/errors_20220818.log")
L 08/18/2022 - 13:44:22: [SM] Unable to load plugin "hextags.smx": Could not find required plugin "chat-processor"
L 08/18/2022 - 13:48:00: SourceMod error session started
L 08/18/2022 - 13:48:00: Info (map "de_mirage") (file "/home/csgo/csgo/addons/sourcemod/logs/errors_20220818.log")
L 08/18/2022 - 13:48:00: [SM] Unable to load plugin "hextags.smx": Could not find required plugin "chat-processor"
L 08/18/2022 - 13:53:37: [SM] Exception reported: Failed to connect to SourceBans DB, [2003]: Can't connect to MySQL server on '112.124.92.31' (4)
L 08/18/2022 - 13:53:37: [SM] Blaming: sbpp_checker.smx
L 08/18/2022 - 13:53:37: [SM] Call stack trace:
L 08/18/2022 - 13:53:37: [SM]   [0] SetFailState
L 08/18/2022 - 13:53:37: [SM]   [1] Line 75, sbpp_checker.sp::OnDatabaseConnected
L 08/18/2022 - 13:53:37: [sbpp_sleuth.smx] SourceSleuth: Database connection error: [2003]: Can't connect to MySQL server on '112.124.92.31' (4)
L 08/18/2022 - 13:53:37: [SM] Exception reported: Could not connect to the database - [2003]: Can't connect to MySQL server on '112.124.92.31' (4)
L 08/18/2022 - 13:53:37: [SM] Blaming: levelsranks.smx
L 08/18/2022 - 13:53:37: [SM] Call stack trace:
L 08/18/2022 - 13:53:37: [SM]   [0] SetFailState
L 08/18/2022 - 13:53:37: [SM]   [1] Line 145, D:\SourcePawn\plugins\[Levels Ranks]\[Levels Ranks] Core\Game Server\addons\sourcemod\scripting\levels_ranks/database.sp::ConnectToDatabase
L 08/18/2022 - 13:53:37: Error log file session closed.
L 08/18/2022 - 14:00:59: SourceMod error session started
L 08/18/2022 - 14:00:59: Info (map "de_mirage") (file "/home/csgo/csgo/addons/sourcemod/logs/errors_20220818.log")
L 08/18/2022 - 14:00:59: [SM] Exception reported: Failed to connect to SourceBans DB, [2003]: Can't connect to MySQL server on '112.124.92.31' (4)
L 08/18/2022 - 14:00:59: [SM] Blaming: sbpp_checker.smx
L 08/18/2022 - 14:00:59: [SM] Call stack trace:
L 08/18/2022 - 14:00:59: [SM]   [0] SetFailState
L 08/18/2022 - 14:00:59: [SM]   [1] Line 75, sbpp_checker.sp::OnDatabaseConnected
L 08/18/2022 - 14:00:59: [sbpp_sleuth.smx] SourceSleuth: Database connection error: [2003]: Can't connect to MySQL server on '112.124.92.31' (4)
L 08/18/2022 - 14:00:59: [SM] Exception reported: Could not connect to the database - [2003]: Can't connect to MySQL server on '112.124.92.31' (4)
L 08/18/2022 - 14:00:59: [SM] Blaming: levelsranks.smx
L 08/18/2022 - 14:00:59: [SM] Call stack trace:
L 08/18/2022 - 14:00:59: [SM]   [0] SetFailState
L 08/18/2022 - 14:00:59: [SM]   [1] Line 145, D:\SourcePawn\plugins\[Levels Ranks]\[Levels Ranks] Core\Game Server\addons\sourcemod\scripting\levels_ranks/database.sp::ConnectToDatabase
L 08/18/2022 - 14:00:59: Error log file session closed.
L 08/18/2022 - 14:07:03: SourceMod error session started
L 08/18/2022 - 14:07:03: Info (map "de_mirage") (file "/home/csgo/csgo/addons/sourcemod/logs/errors_20220818.log")
L 08/18/2022 - 14:07:03: [SM] Exception reported: Client 1 is not in game
L 08/18/2022 - 14:07:03: [SM] Blaming: c5_pug_voteend.smx
L 08/18/2022 - 14:07:03: [SM] Call stack trace:
L 08/18/2022 - 14:07:03: [SM]   [0] GetClientTeam
L 08/18/2022 - 14:07:03: [SM]   [1] Line 56, F:\Code\sourcepawn\addons\sourcemod\scripting\c5_pug_voteend.sp::OnClientDisconnect
L 08/18/2022 - 14:07:48: [SM] Exception reported: Failed to connect to SourceBans DB, [2003]: Can't connect to MySQL server on '112.124.92.31' (4)
L 08/18/2022 - 14:07:48: [SM] Blaming: sbpp_checker.smx
L 08/18/2022 - 14:07:48: [SM] Call stack trace:
L 08/18/2022 - 14:07:48: [SM]   [0] SetFailState
L 08/18/2022 - 14:07:48: [SM]   [1] Line 75, sbpp_checker.sp::OnDatabaseConnected
L 08/18/2022 - 14:08:48: [sbpp_sleuth.smx] SourceSleuth: Database connection error: [2003]: Can't connect to MySQL server on '112.124.92.31' (4)
L 08/18/2022 - 14:09:48: [SM] Exception reported: Could not connect to the database - [2003]: Can't connect to MySQL server on '112.124.92.31' (4)
L 08/18/2022 - 14:09:48: [SM] Blaming: levelsranks.smx
L 08/18/2022 - 14:09:48: [SM] Call stack trace:
L 08/18/2022 - 14:09:48: [SM]   [0] SetFailState
L 08/18/2022 - 14:09:48: [SM]   [1] Line 145, D:\SourcePawn\plugins\[Levels Ranks]\[Levels Ranks] Core\Game Server\addons\sourcemod\scripting\levels_ranks/database.sp::ConnectToDatabase
L 08/18/2022 - 14:11:47: [SM] Exception reported: Client 2 is not in game
L 08/18/2022 - 14:11:47: [SM] Blaming: c5_pug_voteend.smx
L 08/18/2022 - 14:11:47: [SM] Call stack trace:
L 08/18/2022 - 14:11:47: [SM]   [0] GetClientTeam
L 08/18/2022 - 14:11:47: [SM]   [1] Line 56, F:\Code\sourcepawn\addons\sourcemod\scripting\c5_pug_voteend.sp::OnClientDisconnect
L 08/18/2022 - 14:11:48: [sbpp_comms.smx] Connecting to database failed: [2003]: Can't connect to MySQL server on '112.124.92.31' (4)
L 08/18/2022 - 14:16:45: Error log file session closed.
L 08/18/2022 - 14:17:30: SourceMod error session started
L 08/18/2022 - 14:17:30: Info (map "de_mirage") (file "/home/csgo/csgo/addons/sourcemod/logs/errors_20220818.log")
L 08/18/2022 - 14:17:30: [SM] Exception reported: Client 1 is not in game
L 08/18/2022 - 14:17:30: [SM] Blaming: c5_pug_voteend.smx
L 08/18/2022 - 14:17:30: [SM] Call stack trace:
L 08/18/2022 - 14:17:30: [SM]   [0] GetClientTeam
L 08/18/2022 - 14:17:30: [SM]   [1] Line 56, F:\Code\sourcepawn\addons\sourcemod\scripting\c5_pug_voteend.sp::OnClientDisconnect
L 08/18/2022 - 14:21:37: SourceMod error session started
L 08/18/2022 - 14:21:37: Info (map "de_mirage") (file "/home/csgo/csgo/addons/sourcemod/logs/errors_20220818.log")
L 08/18/2022 - 14:21:37: [SM] Exception reported: Client 1 is not in game
L 08/18/2022 - 14:21:37: [SM] Blaming: c5_pug_voteend.smx
L 08/18/2022 - 14:21:37: [SM] Call stack trace:
L 08/18/2022 - 14:21:37: [SM]   [0] GetClientTeam
L 08/18/2022 - 14:21:37: [SM]   [1] Line 56, F:\Code\sourcepawn\addons\sourcemod\scripting\c5_pug_voteend.sp::OnClientDisconnect
L 08/18/2022 - 14:25:22: [SM] Exception reported: Client 2 is not in game
L 08/18/2022 - 14:25:22: [SM] Blaming: c5_pug_voteend.smx
L 08/18/2022 - 14:25:22: [SM] Call stack trace:
L 08/18/2022 - 14:25:22: [SM]   [0] GetClientTeam
L 08/18/2022 - 14:25:22: [SM]   [1] Line 56, F:\Code\sourcepawn\addons\sourcemod\scripting\c5_pug_voteend.sp::OnClientDisconnect
L 08/18/2022 - 14:29:25: [SM] Exception reported: Client 3 is not in game
L 08/18/2022 - 14:29:25: [SM] Blaming: c5_pug_voteend.smx
L 08/18/2022 - 14:29:25: [SM] Call stack trace:
L 08/18/2022 - 14:29:25: [SM]   [0] GetClientTeam
L 08/18/2022 - 14:29:25: [SM]   [1] Line 56, F:\Code\sourcepawn\addons\sourcemod\scripting\c5_pug_voteend.sp::OnClientDisconnect
L 08/18/2022 - 14:29:47: [SM] Exception reported: Client 3 is not in game
L 08/18/2022 - 14:29:47: [SM] Blaming: c5_pug_voteend.smx
L 08/18/2022 - 14:29:47: [SM] Call stack trace:
L 08/18/2022 - 14:29:47: [SM]   [0] GetClientTeam
L 08/18/2022 - 14:29:47: [SM]   [1] Line 56, F:\Code\sourcepawn\addons\sourcemod\scripting\c5_pug_voteend.sp::OnClientDisconnect
L 08/18/2022 - 14:29:48: Error log file session closed.
L 08/18/2022 - 14:31:21: SourceMod error session started
L 08/18/2022 - 14:31:21: Info (map "de_mirage") (file "/home/csgo/csgo/addons/sourcemod/logs/errors_20220818.log")
L 08/18/2022 - 14:31:21: [SM] Exception reported: Client 3 is not in game
L 08/18/2022 - 14:31:21: [SM] Blaming: c5_pug_voteend.smx
L 08/18/2022 - 14:31:21: [SM] Call stack trace:
L 08/18/2022 - 14:31:21: [SM]   [0] GetClientTeam
L 08/18/2022 - 14:31:21: [SM]   [1] Line 56, F:\Code\sourcepawn\addons\sourcemod\scripting\c5_pug_voteend.sp::OnClientDisconnect
L 08/18/2022 - 14:31:49: [SM] Exception reported: Client 3 is not in game
L 08/18/2022 - 14:31:49: [SM] Blaming: c5_pug_voteend.smx
L 08/18/2022 - 14:31:49: [SM] Call stack trace:
L 08/18/2022 - 14:31:49: [SM]   [0] GetClientTeam
L 08/18/2022 - 14:31:49: [SM]   [1] Line 56, F:\Code\sourcepawn\addons\sourcemod\scripting\c5_pug_voteend.sp::OnClientDisconnect
L 08/18/2022 - 14:32:58: [SM] Exception reported: Client 3 is not in game
L 08/18/2022 - 14:32:58: [SM] Blaming: c5_pug_voteend.smx
L 08/18/2022 - 14:32:58: [SM] Call stack trace:
L 08/18/2022 - 14:32:58: [SM]   [0] GetClientTeam
L 08/18/2022 - 14:32:58: [SM]   [1] Line 56, F:\Code\sourcepawn\addons\sourcemod\scripting\c5_pug_voteend.sp::OnClientDisconnect
L 08/18/2022 - 14:33:02: [SM] Exception reported: Client 3 is not in game
L 08/18/2022 - 14:33:02: [SM] Blaming: c5_pug_voteend.smx
L 08/18/2022 - 14:33:02: [SM] Call stack trace:
L 08/18/2022 - 14:33:02: [SM]   [0] GetClientTeam
L 08/18/2022 - 14:33:02: [SM]   [1] Line 56, F:\Code\sourcepawn\addons\sourcemod\scripting\c5_pug_voteend.sp::OnClientDisconnect
L 08/18/2022 - 14:33:02: Error log file session closed.
L 08/18/2022 - 19:49:27: SourceMod error session started
L 08/18/2022 - 19:49:27: Info (map "de_mirage") (file "/home/csgo/csgo/addons/sourcemod/logs/errors_20220818.log")
L 08/18/2022 - 19:49:27: [SM] Exception reported: Array index out-of-bounds (index 64, limit 55)
L 08/18/2022 - 19:49:27: [SM] Blaming: weapon_restrict.smx
L 08/18/2022 - 19:49:27: [SM] Call stack trace:
L 08/18/2022 - 19:49:27: [SM]   [1] Line 202, restrictinc/events.sp::CS_OnBuyCommand
L 08/18/2022 - 19:50:05: [SM] Exception reported: Array index out-of-bounds (index 64, limit 55)
L 08/18/2022 - 19:50:05: [SM] Blaming: weapon_restrict.smx
L 08/18/2022 - 19:50:05: [SM] Call stack trace:
L 08/18/2022 - 19:50:05: [SM]   [1] Line 202, restrictinc/events.sp::CS_OnBuyCommand
L 08/18/2022 - 19:50:06: [SM] Exception reported: Array index out-of-bounds (index 64, limit 55)
L 08/18/2022 - 19:50:06: [SM] Blaming: weapon_restrict.smx
L 08/18/2022 - 19:50:06: [SM] Call stack trace:
L 08/18/2022 - 19:50:06: [SM]   [1] Line 202, restrictinc/events.sp::CS_OnBuyCommand
L 08/18/2022 - 19:50:07: [SM] Exception reported: Array index out-of-bounds (index 64, limit 55)
L 08/18/2022 - 19:50:07: [SM] Blaming: weapon_restrict.smx
L 08/18/2022 - 19:50:07: [SM] Call stack trace:
L 08/18/2022 - 19:50:07: [SM]   [1] Line 202, restrictinc/events.sp::CS_OnBuyCommand
L 08/18/2022 - 19:51:26: [SM] Exception reported: Array index out-of-bounds (index 64, limit 55)
L 08/18/2022 - 19:51:26: [SM] Blaming: weapon_restrict.smx
L 08/18/2022 - 19:51:26: [SM] Call stack trace:
L 08/18/2022 - 19:51:26: [SM]   [1] Line 202, restrictinc/events.sp::CS_OnBuyCommand
L 08/18/2022 - 19:51:32: [SM] Exception reported: Array index out-of-bounds (index 64, limit 55)
L 08/18/2022 - 19:51:32: [SM] Blaming: weapon_restrict.smx
L 08/18/2022 - 19:51:32: [SM] Call stack trace:
L 08/18/2022 - 19:51:32: [SM]   [1] Line 202, restrictinc/events.sp::CS_OnBuyCommand
L 08/18/2022 - 19:51:58: Error log file session closed.
L 08/18/2022 - 19:53:58: SourceMod error session started
L 08/18/2022 - 19:53:58: Info (map "de_shortnuke") (file "/home/csgo/csgo/addons/sourcemod/logs/errors_20220818.log")
L 08/18/2022 - 19:53:58: [SM] Exception reported: Array index out-of-bounds (index 64, limit 55)
L 08/18/2022 - 19:53:58: [SM] Blaming: weapon_restrict.smx
L 08/18/2022 - 19:53:58: [SM] Call stack trace:
L 08/18/2022 - 19:53:58: [SM]   [1] Line 202, restrictinc/events.sp::CS_OnBuyCommand
L 08/18/2022 - 20:01:45: [SM] Exception reported: Array index out-of-bounds (index 64, limit 55)
L 08/18/2022 - 20:01:45: [SM] Blaming: weapon_restrict.smx
L 08/18/2022 - 20:01:45: [SM] Call stack trace:
L 08/18/2022 - 20:01:45: [SM]   [1] Line 202, restrictinc/events.sp::CS_OnBuyCommand
L 08/18/2022 - 20:03:02: [SM] Exception reported: Array index out-of-bounds (index 64, limit 55)
L 08/18/2022 - 20:03:02: [SM] Blaming: weapon_restrict.smx
L 08/18/2022 - 20:03:02: [SM] Call stack trace:
L 08/18/2022 - 20:03:02: [SM]   [1] Line 202, restrictinc/events.sp::CS_OnBuyCommand
L 08/18/2022 - 20:09:43: Error log file session closed.
L 08/18/2022 - 20:12:59: SourceMod error session started
L 08/18/2022 - 20:12:59: Info (map "de_cbble") (file "/home/csgo/csgo/addons/sourcemod/logs/errors_20220818.log")
L 08/18/2022 - 20:12:59: [SM] Exception reported: Array index out-of-bounds (index 64, limit 55)
L 08/18/2022 - 20:12:59: [SM] Blaming: weapon_restrict.smx
L 08/18/2022 - 20:12:59: [SM] Call stack trace:
L 08/18/2022 - 20:12:59: [SM]   [1] Line 202, restrictinc/events.sp::CS_OnBuyCommand
L 08/18/2022 - 20:13:04: [SM] Exception reported: Array index out-of-bounds (index 64, limit 55)
L 08/18/2022 - 20:13:04: [SM] Blaming: weapon_restrict.smx
L 08/18/2022 - 20:13:04: [SM] Call stack trace:
L 08/18/2022 - 20:13:04: [SM]   [1] Line 202, restrictinc/events.sp::CS_OnBuyCommand
L 08/18/2022 - 20:19:55: [SM] Exception reported: Array index out-of-bounds (index 64, limit 55)
L 08/18/2022 - 20:19:55: [SM] Blaming: weapon_restrict.smx
L 08/18/2022 - 20:19:55: [SM] Call stack trace:
L 08/18/2022 - 20:19:55: [SM]   [1] Line 202, restrictinc/events.sp::CS_OnBuyCommand
L 08/18/2022 - 20:20:51: [SM] Exception reported: Array index out-of-bounds (index 64, limit 55)
L 08/18/2022 - 20:20:51: [SM] Blaming: weapon_restrict.smx
L 08/18/2022 - 20:20:51: [SM] Call stack trace:
L 08/18/2022 - 20:20:51: [SM]   [1] Line 202, restrictinc/events.sp::CS_OnBuyCommand
L 08/18/2022 - 20:39:38: [SM] Exception reported: Array index out-of-bounds (index 64, limit 55)
L 08/18/2022 - 20:39:38: [SM] Blaming: weapon_restrict.smx
L 08/18/2022 - 20:39:38: [SM] Call stack trace:
L 08/18/2022 - 20:39:38: [SM]   [1] Line 202, restrictinc/events.sp::CS_OnBuyCommand
L 08/18/2022 - 20:43:46: [SM] Exception reported: Array index out-of-bounds (index 64, limit 55)
L 08/18/2022 - 20:43:46: [SM] Blaming: weapon_restrict.smx
L 08/18/2022 - 20:43:46: [SM] Call stack trace:
L 08/18/2022 - 20:43:46: [SM]   [1] Line 202, restrictinc/events.sp::CS_OnBuyCommand
L 08/18/2022 - 20:45:57: Error log file session closed.
L 08/18/2022 - 20:51:38: SourceMod error session started
L 08/18/2022 - 20:51:38: Info (map "de_cache") (file "/home/csgo/csgo/addons/sourcemod/logs/errors_20220818.log")
L 08/18/2022 - 20:51:38: [SM] Exception reported: Array index out-of-bounds (index 63, limit 55)
L 08/18/2022 - 20:51:38: [SM] Blaming: weapon_restrict.smx
L 08/18/2022 - 20:51:38: [SM] Call stack trace:
L 08/18/2022 - 20:51:38: [SM]   [1] Line 202, restrictinc/events.sp::CS_OnBuyCommand
L 08/18/2022 - 20:51:49: [SM] Exception reported: Array index out-of-bounds (index 63, limit 55)
L 08/18/2022 - 20:51:49: [SM] Blaming: weapon_restrict.smx
L 08/18/2022 - 20:51:49: [SM] Call stack trace:
L 08/18/2022 - 20:51:49: [SM]   [1] Line 202, restrictinc/events.sp::CS_OnBuyCommand
L 08/18/2022 - 21:26:54: Error log file session closed.
L 08/18/2022 - 21:34:48: SourceMod error session started
L 08/18/2022 - 21:34:48: Info (map "de_vertigo") (file "/home/csgo/csgo/addons/sourcemod/logs/errors_20220818.log")
L 08/18/2022 - 21:34:48: [SM] Exception reported: Array index out-of-bounds (index 64, limit 55)
L 08/18/2022 - 21:34:48: [SM] Blaming: weapon_restrict.smx
L 08/18/2022 - 21:34:48: [SM] Call stack trace:
L 08/18/2022 - 21:34:48: [SM]   [1] Line 202, restrictinc/events.sp::CS_OnBuyCommand
L 08/18/2022 - 21:42:58: [SM] Exception reported: Array index out-of-bounds (index 64, limit 55)
L 08/18/2022 - 21:42:58: [SM] Blaming: weapon_restrict.smx
L 08/18/2022 - 21:42:58: [SM] Call stack trace:
L 08/18/2022 - 21:42:58: [SM]   [1] Line 202, restrictinc/events.sp::CS_OnBuyCommand
L 08/18/2022 - 22:36:58: Error log file session closed.
L 08/18/2022 - 23:02:53: SourceMod error session started
L 08/18/2022 - 23:02:53: Info (map "de_vertigo") (file "/home/csgo/csgo/addons/sourcemod/logs/errors_20220818.log")
L 08/18/2022 - 23:02:53: [SM] Exception reported: Array index out-of-bounds (index 63, limit 55)
L 08/18/2022 - 23:02:53: [SM] Blaming: weapon_restrict.smx
L 08/18/2022 - 23:02:53: [SM] Call stack trace:
L 08/18/2022 - 23:02:53: [SM]   [1] Line 202, restrictinc/events.sp::CS_OnBuyCommand
L 08/18/2022 - 23:02:54: [SM] Exception reported: Array index out-of-bounds (index 64, limit 55)
L 08/18/2022 - 23:02:54: [SM] Blaming: weapon_restrict.smx
L 08/18/2022 - 23:02:54: [SM] Call stack trace:
L 08/18/2022 - 23:02:54: [SM]   [1] Line 202, restrictinc/events.sp::CS_OnBuyCommand
L 08/18/2022 - 23:04:25: [SM] Exception reported: Array index out-of-bounds (index 64, limit 55)
L 08/18/2022 - 23:04:25: [SM] Blaming: weapon_restrict.smx
L 08/18/2022 - 23:04:25: [SM] Call stack trace:
L 08/18/2022 - 23:04:25: [SM]   [1] Line 202, restrictinc/events.sp::CS_OnBuyCommand
L 08/18/2022 - 23:05:56: [SM] Exception reported: Array index out-of-bounds (index 63, limit 55)
L 08/18/2022 - 23:05:56: [SM] Blaming: weapon_restrict.smx
L 08/18/2022 - 23:05:56: [SM] Call stack trace:
L 08/18/2022 - 23:05:56: [SM]   [1] Line 202, restrictinc/events.sp::CS_OnBuyCommand
L 08/18/2022 - 23:06:10: [SM] Exception reported: Array index out-of-bounds (index 64, limit 55)
L 08/18/2022 - 23:06:10: [SM] Blaming: weapon_restrict.smx
L 08/18/2022 - 23:06:10: [SM] Call stack trace:
L 08/18/2022 - 23:06:10: [SM]   [1] Line 202, restrictinc/events.sp::CS_OnBuyCommand
L 08/18/2022 - 23:06:36: [SM] Exception reported: Array index out-of-bounds (index 64, limit 55)
L 08/18/2022 - 23:06:36: [SM] Blaming: weapon_restrict.smx
L 08/18/2022 - 23:06:36: [SM] Call stack trace:
L 08/18/2022 - 23:06:36: [SM]   [1] Line 202, restrictinc/events.sp::CS_OnBuyCommand
L 08/18/2022 - 23:06:56: [SM] Exception reported: Array index out-of-bounds (index 64, limit 55)
L 08/18/2022 - 23:06:56: [SM] Blaming: weapon_restrict.smx
L 08/18/2022 - 23:06:56: [SM] Call stack trace:
L 08/18/2022 - 23:06:56: [SM]   [1] Line 202, restrictinc/events.sp::CS_OnBuyCommand
L 08/18/2022 - 23:07:25: [SM] Exception reported: Array index out-of-bounds (index 64, limit 55)
L 08/18/2022 - 23:07:25: [SM] Blaming: weapon_restrict.smx
L 08/18/2022 - 23:07:25: [SM] Call stack trace:
L 08/18/2022 - 23:07:25: [SM]   [1] Line 202, restrictinc/events.sp::CS_OnBuyCommand
L 08/18/2022 - 23:07:51: [SM] Exception reported: Array index out-of-bounds (index 64, limit 55)
L 08/18/2022 - 23:07:51: [SM] Blaming: weapon_restrict.smx
L 08/18/2022 - 23:07:51: [SM] Call stack trace:
L 08/18/2022 - 23:07:51: [SM]   [1] Line 202, restrictinc/events.sp::CS_OnBuyCommand
L 08/18/2022 - 23:08:03: [SM] Exception reported: Array index out-of-bounds (index 64, limit 55)
L 08/18/2022 - 23:08:03: [SM] Blaming: weapon_restrict.smx
L 08/18/2022 - 23:08:03: [SM] Call stack trace:
L 08/18/2022 - 23:08:03: [SM]   [1] Line 202, restrictinc/events.sp::CS_OnBuyCommand
L 08/18/2022 - 23:08:42: [SM] Exception reported: Array index out-of-bounds (index 64, limit 55)
L 08/18/2022 - 23:08:42: [SM] Blaming: weapon_restrict.smx
L 08/18/2022 - 23:08:42: [SM] Call stack trace:
L 08/18/2022 - 23:08:42: [SM]   [1] Line 202, restrictinc/events.sp::CS_OnBuyCommand
L 08/18/2022 - 23:23:13: [SM] Exception reported: Array index out-of-bounds (index 63, limit 55)
L 08/18/2022 - 23:23:13: [SM] Blaming: weapon_restrict.smx
L 08/18/2022 - 23:23:13: [SM] Call stack trace:
L 08/18/2022 - 23:23:13: [SM]   [1] Line 202, restrictinc/events.sp::CS_OnBuyCommand
L 08/18/2022 - 23:24:39: [SM] Exception reported: Array index out-of-bounds (index 63, limit 55)
L 08/18/2022 - 23:24:39: [SM] Blaming: weapon_restrict.smx
L 08/18/2022 - 23:24:39: [SM] Call stack trace:
L 08/18/2022 - 23:24:39: [SM]   [1] Line 202, restrictinc/events.sp::CS_OnBuyCommand
L 08/18/2022 - 23:25:02: [SM] Exception reported: Array index out-of-bounds (index 63, limit 55)
L 08/18/2022 - 23:25:02: [SM] Blaming: weapon_restrict.smx
L 08/18/2022 - 23:25:02: [SM] Call stack trace:
L 08/18/2022 - 23:25:02: [SM]   [1] Line 202, restrictinc/events.sp::CS_OnBuyCommand
L 08/18/2022 - 23:28:34: [SM] Exception reported: Array index out-of-bounds (index 63, limit 55)
L 08/18/2022 - 23:28:34: [SM] Blaming: weapon_restrict.smx
L 08/18/2022 - 23:28:34: [SM] Call stack trace:
L 08/18/2022 - 23:28:34: [SM]   [1] Line 202, restrictinc/events.sp::CS_OnBuyCommand
L 08/18/2022 - 23:31:46: [SM] Exception reported: Array index out-of-bounds (index 64, limit 55)
L 08/18/2022 - 23:31:46: [SM] Blaming: weapon_restrict.smx
L 08/18/2022 - 23:31:46: [SM] Call stack trace:
L 08/18/2022 - 23:31:46: [SM]   [1] Line 202, restrictinc/events.sp::CS_OnBuyCommand
L 08/18/2022 - 23:43:46: Error log file session closed.
