L 08/22/2022 - 01:34:53: SourceMod error session started
L 08/22/2022 - 01:34:53: Info (map "de_mirage") (file "/home/csgo/csgo/addons/sourcemod/logs/errors_20220822.log")
L 08/22/2022 - 01:34:53: [SM] Exception reported: Array index out-of-bounds (index 64, limit 55)
L 08/22/2022 - 01:34:53: [SM] Blaming: weapon_restrict.smx
L 08/22/2022 - 01:34:53: [SM] Call stack trace:
L 08/22/2022 - 01:34:53: [SM]   [1] Line 202, restrictinc/events.sp::CS_OnBuyCommand
L 08/22/2022 - 01:34:53: [SM] Exception reported: Array index out-of-bounds (index 64, limit 55)
L 08/22/2022 - 01:34:53: [SM] Blaming: weapon_restrict.smx
L 08/22/2022 - 01:34:53: [SM] Call stack trace:
L 08/22/2022 - 01:34:53: [SM]   [1] Line 202, restrictinc/events.sp::CS_OnBuyCommand
L 08/22/2022 - 01:34:53: [SM] Exception reported: Array index out-of-bounds (index 64, limit 55)
L 08/22/2022 - 01:34:53: [SM] Blaming: weapon_restrict.smx
L 08/22/2022 - 01:34:53: [SM] Call stack trace:
L 08/22/2022 - 01:34:53: [SM]   [1] Line 202, restrictinc/events.sp::CS_OnBuyCommand
L 08/22/2022 - 01:34:53: [SM] Exception reported: Array index out-of-bounds (index 64, limit 55)
L 08/22/2022 - 01:34:53: [SM] Blaming: weapon_restrict.smx
L 08/22/2022 - 01:34:53: [SM] Call stack trace:
L 08/22/2022 - 01:34:53: [SM]   [1] Line 202, restrictinc/events.sp::CS_OnBuyCommand
L 08/22/2022 - 01:34:53: [SM] Exception reported: Array index out-of-bounds (index 64, limit 55)
L 08/22/2022 - 01:34:53: [SM] Blaming: weapon_restrict.smx
L 08/22/2022 - 01:34:53: [SM] Call stack trace:
L 08/22/2022 - 01:34:53: [SM]   [1] Line 202, restrictinc/events.sp::CS_OnBuyCommand
L 08/22/2022 - 01:34:53: [SM] Exception reported: Array index out-of-bounds (index 64, limit 55)
L 08/22/2022 - 01:34:53: [SM] Blaming: weapon_restrict.smx
L 08/22/2022 - 01:34:53: [SM] Call stack trace:
L 08/22/2022 - 01:34:53: [SM]   [1] Line 202, restrictinc/events.sp::CS_OnBuyCommand
L 08/22/2022 - 01:34:53: [SM] Exception reported: Array index out-of-bounds (index 64, limit 55)
L 08/22/2022 - 01:34:53: [SM] Blaming: weapon_restrict.smx
L 08/22/2022 - 01:34:53: [SM] Call stack trace:
L 08/22/2022 - 01:34:53: [SM]   [1] Line 202, restrictinc/events.sp::CS_OnBuyCommand
L 08/22/2022 - 01:34:53: [SM] Exception reported: Array index out-of-bounds (index 64, limit 55)
L 08/22/2022 - 01:34:53: [SM] Blaming: weapon_restrict.smx
L 08/22/2022 - 01:34:53: [SM] Call stack trace:
L 08/22/2022 - 01:34:53: [SM]   [1] Line 202, restrictinc/events.sp::CS_OnBuyCommand
L 08/22/2022 - 01:34:53: [SM] Exception reported: Array index out-of-bounds (index 64, limit 55)
L 08/22/2022 - 01:34:53: [SM] Blaming: weapon_restrict.smx
L 08/22/2022 - 01:34:53: [SM] Call stack trace:
L 08/22/2022 - 01:34:53: [SM]   [1] Line 202, restrictinc/events.sp::CS_OnBuyCommand
L 08/22/2022 - 01:34:53: [SM] Exception reported: Array index out-of-bounds (index 64, limit 55)
L 08/22/2022 - 01:34:53: [SM] Blaming: weapon_restrict.smx
L 08/22/2022 - 01:34:53: [SM] Call stack trace:
L 08/22/2022 - 01:34:53: [SM]   [1] Line 202, restrictinc/events.sp::CS_OnBuyCommand
L 08/22/2022 - 01:34:53: [SM] Exception reported: Array index out-of-bounds (index 64, limit 55)
L 08/22/2022 - 01:34:53: [SM] Blaming: weapon_restrict.smx
L 08/22/2022 - 01:34:53: [SM] Call stack trace:
L 08/22/2022 - 01:34:53: [SM]   [1] Line 202, restrictinc/events.sp::CS_OnBuyCommand
L 08/22/2022 - 01:34:53: [SM] Exception reported: Array index out-of-bounds (index 64, limit 55)
L 08/22/2022 - 01:34:53: [SM] Blaming: weapon_restrict.smx
L 08/22/2022 - 01:34:53: [SM] Call stack trace:
L 08/22/2022 - 01:34:53: [SM]   [1] Line 202, restrictinc/events.sp::CS_OnBuyCommand
L 08/22/2022 - 01:34:53: [SM] Exception reported: Array index out-of-bounds (index 64, limit 55)
L 08/22/2022 - 01:34:53: [SM] Blaming: weapon_restrict.smx
L 08/22/2022 - 01:34:53: [SM] Call stack trace:
L 08/22/2022 - 01:34:53: [SM]   [1] Line 202, restrictinc/events.sp::CS_OnBuyCommand
L 08/22/2022 - 01:34:53: [SM] Exception reported: Array index out-of-bounds (index 64, limit 55)
L 08/22/2022 - 01:34:53: [SM] Blaming: weapon_restrict.smx
L 08/22/2022 - 01:34:53: [SM] Call stack trace:
L 08/22/2022 - 01:34:53: [SM]   [1] Line 202, restrictinc/events.sp::CS_OnBuyCommand
L 08/22/2022 - 01:34:53: [SM] Exception reported: Array index out-of-bounds (index 64, limit 55)
L 08/22/2022 - 01:34:53: [SM] Blaming: weapon_restrict.smx
L 08/22/2022 - 01:34:53: [SM] Call stack trace:
L 08/22/2022 - 01:34:53: [SM]   [1] Line 202, restrictinc/events.sp::CS_OnBuyCommand
L 08/22/2022 - 01:34:53: [SM] Exception reported: Array index out-of-bounds (index 64, limit 55)
L 08/22/2022 - 01:34:53: [SM] Blaming: weapon_restrict.smx
L 08/22/2022 - 01:34:53: [SM] Call stack trace:
L 08/22/2022 - 01:34:53: [SM]   [1] Line 202, restrictinc/events.sp::CS_OnBuyCommand
L 08/22/2022 - 01:34:53: [SM] Exception reported: Array index out-of-bounds (index 64, limit 55)
L 08/22/2022 - 01:34:53: [SM] Blaming: weapon_restrict.smx
L 08/22/2022 - 01:34:53: [SM] Call stack trace:
L 08/22/2022 - 01:34:53: [SM]   [1] Line 202, restrictinc/events.sp::CS_OnBuyCommand
L 08/22/2022 - 01:34:53: [SM] Exception reported: Array index out-of-bounds (index 64, limit 55)
L 08/22/2022 - 01:34:53: [SM] Blaming: weapon_restrict.smx
L 08/22/2022 - 01:34:53: [SM] Call stack trace:
L 08/22/2022 - 01:34:53: [SM]   [1] Line 202, restrictinc/events.sp::CS_OnBuyCommand
L 08/22/2022 - 01:34:53: [SM] Exception reported: Array index out-of-bounds (index 64, limit 55)
L 08/22/2022 - 01:34:53: [SM] Blaming: weapon_restrict.smx
L 08/22/2022 - 01:34:53: [SM] Call stack trace:
L 08/22/2022 - 01:34:53: [SM]   [1] Line 202, restrictinc/events.sp::CS_OnBuyCommand
L 08/22/2022 - 01:34:53: [SM] Exception reported: Array index out-of-bounds (index 64, limit 55)
L 08/22/2022 - 01:34:53: [SM] Blaming: weapon_restrict.smx
L 08/22/2022 - 01:34:53: [SM] Call stack trace:
L 08/22/2022 - 01:34:53: [SM]   [1] Line 202, restrictinc/events.sp::CS_OnBuyCommand
L 08/22/2022 - 01:34:53: [SM] Exception reported: Array index out-of-bounds (index 64, limit 55)
L 08/22/2022 - 01:34:53: [SM] Blaming: weapon_restrict.smx
L 08/22/2022 - 01:34:53: [SM] Call stack trace:
L 08/22/2022 - 01:34:53: [SM]   [1] Line 202, restrictinc/events.sp::CS_OnBuyCommand
L 08/22/2022 - 01:34:53: [SM] Exception reported: Array index out-of-bounds (index 64, limit 55)
L 08/22/2022 - 01:34:53: [SM] Blaming: weapon_restrict.smx
L 08/22/2022 - 01:34:53: [SM] Call stack trace:
L 08/22/2022 - 01:34:53: [SM]   [1] Line 202, restrictinc/events.sp::CS_OnBuyCommand
L 08/22/2022 - 01:34:53: [SM] Exception reported: Array index out-of-bounds (index 64, limit 55)
L 08/22/2022 - 01:34:53: [SM] Blaming: weapon_restrict.smx
L 08/22/2022 - 01:34:53: [SM] Call stack trace:
L 08/22/2022 - 01:34:53: [SM]   [1] Line 202, restrictinc/events.sp::CS_OnBuyCommand
L 08/22/2022 - 01:34:53: [SM] Exception reported: Array index out-of-bounds (index 64, limit 55)
L 08/22/2022 - 01:34:53: [SM] Blaming: weapon_restrict.smx
L 08/22/2022 - 01:34:53: [SM] Call stack trace:
L 08/22/2022 - 01:34:53: [SM]   [1] Line 202, restrictinc/events.sp::CS_OnBuyCommand
L 08/22/2022 - 01:34:53: [SM] Exception reported: Array index out-of-bounds (index 64, limit 55)
L 08/22/2022 - 01:34:53: [SM] Blaming: weapon_restrict.smx
L 08/22/2022 - 01:34:53: [SM] Call stack trace:
L 08/22/2022 - 01:34:53: [SM]   [1] Line 202, restrictinc/events.sp::CS_OnBuyCommand
L 08/22/2022 - 01:34:53: [SM] Exception reported: Array index out-of-bounds (index 64, limit 55)
L 08/22/2022 - 01:34:53: [SM] Blaming: weapon_restrict.smx
L 08/22/2022 - 01:34:53: [SM] Call stack trace:
L 08/22/2022 - 01:34:53: [SM]   [1] Line 202, restrictinc/events.sp::CS_OnBuyCommand
L 08/22/2022 - 01:34:53: [SM] Exception reported: Array index out-of-bounds (index 64, limit 55)
L 08/22/2022 - 01:34:53: [SM] Blaming: weapon_restrict.smx
L 08/22/2022 - 01:34:53: [SM] Call stack trace:
L 08/22/2022 - 01:34:53: [SM]   [1] Line 202, restrictinc/events.sp::CS_OnBuyCommand
L 08/22/2022 - 01:34:53: [SM] Exception reported: Array index out-of-bounds (index 64, limit 55)
L 08/22/2022 - 01:34:53: [SM] Blaming: weapon_restrict.smx
L 08/22/2022 - 01:34:53: [SM] Call stack trace:
L 08/22/2022 - 01:34:53: [SM]   [1] Line 202, restrictinc/events.sp::CS_OnBuyCommand
L 08/22/2022 - 01:34:53: [SM] Exception reported: Array index out-of-bounds (index 64, limit 55)
L 08/22/2022 - 01:34:53: [SM] Blaming: weapon_restrict.smx
L 08/22/2022 - 01:34:53: [SM] Call stack trace:
L 08/22/2022 - 01:34:53: [SM]   [1] Line 202, restrictinc/events.sp::CS_OnBuyCommand
L 08/22/2022 - 01:34:53: [SM] Exception reported: Array index out-of-bounds (index 64, limit 55)
L 08/22/2022 - 01:34:53: [SM] Blaming: weapon_restrict.smx
L 08/22/2022 - 01:34:53: [SM] Call stack trace:
L 08/22/2022 - 01:34:53: [SM]   [1] Line 202, restrictinc/events.sp::CS_OnBuyCommand
L 08/22/2022 - 01:34:53: [SM] Exception reported: Array index out-of-bounds (index 64, limit 55)
L 08/22/2022 - 01:34:53: [SM] Blaming: weapon_restrict.smx
L 08/22/2022 - 01:34:53: [SM] Call stack trace:
L 08/22/2022 - 01:34:53: [SM]   [1] Line 202, restrictinc/events.sp::CS_OnBuyCommand
L 08/22/2022 - 01:34:53: [SM] Exception reported: Array index out-of-bounds (index 64, limit 55)
L 08/22/2022 - 01:34:53: [SM] Blaming: weapon_restrict.smx
L 08/22/2022 - 01:34:53: [SM] Call stack trace:
L 08/22/2022 - 01:34:53: [SM]   [1] Line 202, restrictinc/events.sp::CS_OnBuyCommand
L 08/22/2022 - 01:34:53: [SM] Exception reported: Array index out-of-bounds (index 64, limit 55)
L 08/22/2022 - 01:34:53: [SM] Blaming: weapon_restrict.smx
L 08/22/2022 - 01:34:53: [SM] Call stack trace:
L 08/22/2022 - 01:34:53: [SM]   [1] Line 202, restrictinc/events.sp::CS_OnBuyCommand
L 08/22/2022 - 01:34:53: [SM] Exception reported: Array index out-of-bounds (index 64, limit 55)
L 08/22/2022 - 01:34:53: [SM] Blaming: weapon_restrict.smx
L 08/22/2022 - 01:34:53: [SM] Call stack trace:
L 08/22/2022 - 01:34:53: [SM]   [1] Line 202, restrictinc/events.sp::CS_OnBuyCommand
L 08/22/2022 - 01:34:53: [SM] Exception reported: Array index out-of-bounds (index 64, limit 55)
L 08/22/2022 - 01:34:53: [SM] Blaming: weapon_restrict.smx
L 08/22/2022 - 01:34:53: [SM] Call stack trace:
L 08/22/2022 - 01:34:53: [SM]   [1] Line 202, restrictinc/events.sp::CS_OnBuyCommand
L 08/22/2022 - 01:34:53: [SM] Exception reported: Array index out-of-bounds (index 64, limit 55)
L 08/22/2022 - 01:34:53: [SM] Blaming: weapon_restrict.smx
L 08/22/2022 - 01:34:53: [SM] Call stack trace:
L 08/22/2022 - 01:34:53: [SM]   [1] Line 202, restrictinc/events.sp::CS_OnBuyCommand
L 08/22/2022 - 01:34:53: [SM] Exception reported: Array index out-of-bounds (index 64, limit 55)
L 08/22/2022 - 01:34:53: [SM] Blaming: weapon_restrict.smx
L 08/22/2022 - 01:34:53: [SM] Call stack trace:
L 08/22/2022 - 01:34:53: [SM]   [1] Line 202, restrictinc/events.sp::CS_OnBuyCommand
L 08/22/2022 - 01:34:53: [SM] Exception reported: Array index out-of-bounds (index 64, limit 55)
L 08/22/2022 - 01:34:53: [SM] Blaming: weapon_restrict.smx
L 08/22/2022 - 01:34:53: [SM] Call stack trace:
L 08/22/2022 - 01:34:53: [SM]   [1] Line 202, restrictinc/events.sp::CS_OnBuyCommand
L 08/22/2022 - 01:34:53: [SM] Exception reported: Array index out-of-bounds (index 64, limit 55)
L 08/22/2022 - 01:34:53: [SM] Blaming: weapon_restrict.smx
L 08/22/2022 - 01:34:53: [SM] Call stack trace:
L 08/22/2022 - 01:34:53: [SM]   [1] Line 202, restrictinc/events.sp::CS_OnBuyCommand
L 08/22/2022 - 01:34:53: [SM] Exception reported: Array index out-of-bounds (index 64, limit 55)
L 08/22/2022 - 01:34:53: [SM] Blaming: weapon_restrict.smx
L 08/22/2022 - 01:34:53: [SM] Call stack trace:
L 08/22/2022 - 01:34:53: [SM]   [1] Line 202, restrictinc/events.sp::CS_OnBuyCommand
L 08/22/2022 - 01:34:53: [SM] Exception reported: Array index out-of-bounds (index 64, limit 55)
L 08/22/2022 - 01:34:53: [SM] Blaming: weapon_restrict.smx
L 08/22/2022 - 01:34:53: [SM] Call stack trace:
L 08/22/2022 - 01:34:53: [SM]   [1] Line 202, restrictinc/events.sp::CS_OnBuyCommand
L 08/22/2022 - 01:34:53: [SM] Exception reported: Array index out-of-bounds (index 64, limit 55)
L 08/22/2022 - 01:34:53: [SM] Blaming: weapon_restrict.smx
L 08/22/2022 - 01:34:53: [SM] Call stack trace:
L 08/22/2022 - 01:34:53: [SM]   [1] Line 202, restrictinc/events.sp::CS_OnBuyCommand
L 08/22/2022 - 01:34:53: [SM] Exception reported: Array index out-of-bounds (index 64, limit 55)
L 08/22/2022 - 01:34:53: [SM] Blaming: weapon_restrict.smx
L 08/22/2022 - 01:34:53: [SM] Call stack trace:
L 08/22/2022 - 01:34:53: [SM]   [1] Line 202, restrictinc/events.sp::CS_OnBuyCommand
L 08/22/2022 - 01:34:53: [SM] Exception reported: Array index out-of-bounds (index 64, limit 55)
L 08/22/2022 - 01:34:53: [SM] Blaming: weapon_restrict.smx
L 08/22/2022 - 01:34:53: [SM] Call stack trace:
L 08/22/2022 - 01:34:53: [SM]   [1] Line 202, restrictinc/events.sp::CS_OnBuyCommand
L 08/22/2022 - 01:34:53: [SM] Exception reported: Array index out-of-bounds (index 64, limit 55)
L 08/22/2022 - 01:34:53: [SM] Blaming: weapon_restrict.smx
L 08/22/2022 - 01:34:53: [SM] Call stack trace:
L 08/22/2022 - 01:34:53: [SM]   [1] Line 202, restrictinc/events.sp::CS_OnBuyCommand
L 08/22/2022 - 01:34:53: [SM] Exception reported: Array index out-of-bounds (index 64, limit 55)
L 08/22/2022 - 01:34:53: [SM] Blaming: weapon_restrict.smx
L 08/22/2022 - 01:34:53: [SM] Call stack trace:
L 08/22/2022 - 01:34:53: [SM]   [1] Line 202, restrictinc/events.sp::CS_OnBuyCommand
L 08/22/2022 - 01:34:53: [SM] Exception reported: Array index out-of-bounds (index 64, limit 55)
L 08/22/2022 - 01:34:53: [SM] Blaming: weapon_restrict.smx
L 08/22/2022 - 01:34:53: [SM] Call stack trace:
L 08/22/2022 - 01:34:53: [SM]   [1] Line 202, restrictinc/events.sp::CS_OnBuyCommand
L 08/22/2022 - 01:34:53: [SM] Exception reported: Array index out-of-bounds (index 64, limit 55)
L 08/22/2022 - 01:34:53: [SM] Blaming: weapon_restrict.smx
L 08/22/2022 - 01:34:53: [SM] Call stack trace:
L 08/22/2022 - 01:34:53: [SM]   [1] Line 202, restrictinc/events.sp::CS_OnBuyCommand
L 08/22/2022 - 01:34:53: [SM] Exception reported: Array index out-of-bounds (index 64, limit 55)
L 08/22/2022 - 01:34:53: [SM] Blaming: weapon_restrict.smx
L 08/22/2022 - 01:34:53: [SM] Call stack trace:
L 08/22/2022 - 01:34:53: [SM]   [1] Line 202, restrictinc/events.sp::CS_OnBuyCommand
L 08/22/2022 - 01:34:53: [SM] Exception reported: Array index out-of-bounds (index 64, limit 55)
L 08/22/2022 - 01:34:53: [SM] Blaming: weapon_restrict.smx
L 08/22/2022 - 01:34:53: [SM] Call stack trace:
L 08/22/2022 - 01:34:53: [SM]   [1] Line 202, restrictinc/events.sp::CS_OnBuyCommand
L 08/22/2022 - 01:34:53: [SM] Exception reported: Array index out-of-bounds (index 64, limit 55)
L 08/22/2022 - 01:34:53: [SM] Blaming: weapon_restrict.smx
L 08/22/2022 - 01:34:53: [SM] Call stack trace:
L 08/22/2022 - 01:34:53: [SM]   [1] Line 202, restrictinc/events.sp::CS_OnBuyCommand
L 08/22/2022 - 01:34:53: [SM] Exception reported: Array index out-of-bounds (index 64, limit 55)
L 08/22/2022 - 01:34:53: [SM] Blaming: weapon_restrict.smx
L 08/22/2022 - 01:34:53: [SM] Call stack trace:
L 08/22/2022 - 01:34:53: [SM]   [1] Line 202, restrictinc/events.sp::CS_OnBuyCommand
L 08/22/2022 - 01:34:53: [SM] Exception reported: Array index out-of-bounds (index 64, limit 55)
L 08/22/2022 - 01:34:53: [SM] Blaming: weapon_restrict.smx
L 08/22/2022 - 01:34:53: [SM] Call stack trace:
L 08/22/2022 - 01:34:53: [SM]   [1] Line 202, restrictinc/events.sp::CS_OnBuyCommand
L 08/22/2022 - 01:34:53: [SM] Exception reported: Array index out-of-bounds (index 64, limit 55)
L 08/22/2022 - 01:34:53: [SM] Blaming: weapon_restrict.smx
L 08/22/2022 - 01:34:53: [SM] Call stack trace:
L 08/22/2022 - 01:34:53: [SM]   [1] Line 202, restrictinc/events.sp::CS_OnBuyCommand
L 08/22/2022 - 01:34:53: [SM] Exception reported: Array index out-of-bounds (index 64, limit 55)
L 08/22/2022 - 01:34:53: [SM] Blaming: weapon_restrict.smx
L 08/22/2022 - 01:34:53: [SM] Call stack trace:
L 08/22/2022 - 01:34:53: [SM]   [1] Line 202, restrictinc/events.sp::CS_OnBuyCommand
L 08/22/2022 - 01:34:53: [SM] Exception reported: Array index out-of-bounds (index 64, limit 55)
L 08/22/2022 - 01:34:53: [SM] Blaming: weapon_restrict.smx
L 08/22/2022 - 01:34:53: [SM] Call stack trace:
L 08/22/2022 - 01:34:53: [SM]   [1] Line 202, restrictinc/events.sp::CS_OnBuyCommand
L 08/22/2022 - 01:34:53: [SM] Exception reported: Array index out-of-bounds (index 64, limit 55)
L 08/22/2022 - 01:34:53: [SM] Blaming: weapon_restrict.smx
L 08/22/2022 - 01:34:53: [SM] Call stack trace:
L 08/22/2022 - 01:34:53: [SM]   [1] Line 202, restrictinc/events.sp::CS_OnBuyCommand
L 08/22/2022 - 01:34:53: [SM] Exception reported: Array index out-of-bounds (index 64, limit 55)
L 08/22/2022 - 01:34:53: [SM] Blaming: weapon_restrict.smx
L 08/22/2022 - 01:34:53: [SM] Call stack trace:
L 08/22/2022 - 01:34:53: [SM]   [1] Line 202, restrictinc/events.sp::CS_OnBuyCommand
L 08/22/2022 - 01:34:53: [SM] Exception reported: Array index out-of-bounds (index 64, limit 55)
L 08/22/2022 - 01:34:53: [SM] Blaming: weapon_restrict.smx
L 08/22/2022 - 01:34:53: [SM] Call stack trace:
L 08/22/2022 - 01:34:53: [SM]   [1] Line 202, restrictinc/events.sp::CS_OnBuyCommand
L 08/22/2022 - 01:34:53: [SM] Exception reported: Array index out-of-bounds (index 64, limit 55)
L 08/22/2022 - 01:34:53: [SM] Blaming: weapon_restrict.smx
L 08/22/2022 - 01:34:53: [SM] Call stack trace:
L 08/22/2022 - 01:34:53: [SM]   [1] Line 202, restrictinc/events.sp::CS_OnBuyCommand
L 08/22/2022 - 01:34:54: [SM] Exception reported: Array index out-of-bounds (index 64, limit 55)
L 08/22/2022 - 01:34:54: [SM] Blaming: weapon_restrict.smx
L 08/22/2022 - 01:34:54: [SM] Call stack trace:
L 08/22/2022 - 01:34:54: [SM]   [1] Line 202, restrictinc/events.sp::CS_OnBuyCommand
L 08/22/2022 - 01:34:54: [SM] Exception reported: Array index out-of-bounds (index 64, limit 55)
L 08/22/2022 - 01:34:54: [SM] Blaming: weapon_restrict.smx
L 08/22/2022 - 01:34:54: [SM] Call stack trace:
L 08/22/2022 - 01:34:54: [SM]   [1] Line 202, restrictinc/events.sp::CS_OnBuyCommand
L 08/22/2022 - 01:34:54: [SM] Exception reported: Array index out-of-bounds (index 64, limit 55)
L 08/22/2022 - 01:34:54: [SM] Blaming: weapon_restrict.smx
L 08/22/2022 - 01:34:54: [SM] Call stack trace:
L 08/22/2022 - 01:34:54: [SM]   [1] Line 202, restrictinc/events.sp::CS_OnBuyCommand
L 08/22/2022 - 01:34:54: [SM] Exception reported: Array index out-of-bounds (index 64, limit 55)
L 08/22/2022 - 01:34:54: [SM] Blaming: weapon_restrict.smx
L 08/22/2022 - 01:34:54: [SM] Call stack trace:
L 08/22/2022 - 01:34:54: [SM]   [1] Line 202, restrictinc/events.sp::CS_OnBuyCommand
L 08/22/2022 - 01:34:54: [SM] Exception reported: Array index out-of-bounds (index 64, limit 55)
L 08/22/2022 - 01:34:54: [SM] Blaming: weapon_restrict.smx
L 08/22/2022 - 01:34:54: [SM] Call stack trace:
L 08/22/2022 - 01:34:54: [SM]   [1] Line 202, restrictinc/events.sp::CS_OnBuyCommand
L 08/22/2022 - 01:34:54: [SM] Exception reported: Array index out-of-bounds (index 64, limit 55)
L 08/22/2022 - 01:34:54: [SM] Blaming: weapon_restrict.smx
L 08/22/2022 - 01:34:54: [SM] Call stack trace:
L 08/22/2022 - 01:34:54: [SM]   [1] Line 202, restrictinc/events.sp::CS_OnBuyCommand
L 08/22/2022 - 01:34:54: [SM] Exception reported: Array index out-of-bounds (index 64, limit 55)
L 08/22/2022 - 01:34:54: [SM] Blaming: weapon_restrict.smx
L 08/22/2022 - 01:34:54: [SM] Call stack trace:
L 08/22/2022 - 01:34:54: [SM]   [1] Line 202, restrictinc/events.sp::CS_OnBuyCommand
L 08/22/2022 - 01:34:54: [SM] Exception reported: Array index out-of-bounds (index 64, limit 55)
L 08/22/2022 - 01:34:54: [SM] Blaming: weapon_restrict.smx
L 08/22/2022 - 01:34:54: [SM] Call stack trace:
L 08/22/2022 - 01:34:54: [SM]   [1] Line 202, restrictinc/events.sp::CS_OnBuyCommand
L 08/22/2022 - 01:34:54: [SM] Exception reported: Array index out-of-bounds (index 64, limit 55)
L 08/22/2022 - 01:34:54: [SM] Blaming: weapon_restrict.smx
L 08/22/2022 - 01:34:54: [SM] Call stack trace:
L 08/22/2022 - 01:34:54: [SM]   [1] Line 202, restrictinc/events.sp::CS_OnBuyCommand
L 08/22/2022 - 01:34:54: [SM] Exception reported: Array index out-of-bounds (index 64, limit 55)
L 08/22/2022 - 01:34:54: [SM] Blaming: weapon_restrict.smx
L 08/22/2022 - 01:34:54: [SM] Call stack trace:
L 08/22/2022 - 01:34:54: [SM]   [1] Line 202, restrictinc/events.sp::CS_OnBuyCommand
L 08/22/2022 - 01:34:54: [SM] Exception reported: Array index out-of-bounds (index 64, limit 55)
L 08/22/2022 - 01:34:54: [SM] Blaming: weapon_restrict.smx
L 08/22/2022 - 01:34:54: [SM] Call stack trace:
L 08/22/2022 - 01:34:54: [SM]   [1] Line 202, restrictinc/events.sp::CS_OnBuyCommand
L 08/22/2022 - 01:34:54: [SM] Exception reported: Array index out-of-bounds (index 64, limit 55)
L 08/22/2022 - 01:34:54: [SM] Blaming: weapon_restrict.smx
L 08/22/2022 - 01:34:54: [SM] Call stack trace:
L 08/22/2022 - 01:34:54: [SM]   [1] Line 202, restrictinc/events.sp::CS_OnBuyCommand
L 08/22/2022 - 01:34:54: [SM] Exception reported: Array index out-of-bounds (index 64, limit 55)
L 08/22/2022 - 01:34:54: [SM] Blaming: weapon_restrict.smx
L 08/22/2022 - 01:34:54: [SM] Call stack trace:
L 08/22/2022 - 01:34:54: [SM]   [1] Line 202, restrictinc/events.sp::CS_OnBuyCommand
L 08/22/2022 - 01:34:54: [SM] Exception reported: Array index out-of-bounds (index 64, limit 55)
L 08/22/2022 - 01:34:54: [SM] Blaming: weapon_restrict.smx
L 08/22/2022 - 01:34:54: [SM] Call stack trace:
L 08/22/2022 - 01:34:54: [SM]   [1] Line 202, restrictinc/events.sp::CS_OnBuyCommand
L 08/22/2022 - 01:34:54: [SM] Exception reported: Array index out-of-bounds (index 64, limit 55)
L 08/22/2022 - 01:34:54: [SM] Blaming: weapon_restrict.smx
L 08/22/2022 - 01:34:54: [SM] Call stack trace:
L 08/22/2022 - 01:34:54: [SM]   [1] Line 202, restrictinc/events.sp::CS_OnBuyCommand
L 08/22/2022 - 01:34:54: [SM] Exception reported: Array index out-of-bounds (index 64, limit 55)
L 08/22/2022 - 01:34:54: [SM] Blaming: weapon_restrict.smx
L 08/22/2022 - 01:34:54: [SM] Call stack trace:
L 08/22/2022 - 01:34:54: [SM]   [1] Line 202, restrictinc/events.sp::CS_OnBuyCommand
L 08/22/2022 - 01:34:54: [SM] Exception reported: Array index out-of-bounds (index 64, limit 55)
L 08/22/2022 - 01:34:54: [SM] Blaming: weapon_restrict.smx
L 08/22/2022 - 01:34:54: [SM] Call stack trace:
L 08/22/2022 - 01:34:54: [SM]   [1] Line 202, restrictinc/events.sp::CS_OnBuyCommand
L 08/22/2022 - 01:34:54: [SM] Exception reported: Array index out-of-bounds (index 64, limit 55)
L 08/22/2022 - 01:34:54: [SM] Blaming: weapon_restrict.smx
L 08/22/2022 - 01:34:54: [SM] Call stack trace:
L 08/22/2022 - 01:34:54: [SM]   [1] Line 202, restrictinc/events.sp::CS_OnBuyCommand
L 08/22/2022 - 01:34:54: [SM] Exception reported: Array index out-of-bounds (index 64, limit 55)
L 08/22/2022 - 01:34:54: [SM] Blaming: weapon_restrict.smx
L 08/22/2022 - 01:34:54: [SM] Call stack trace:
L 08/22/2022 - 01:34:54: [SM]   [1] Line 202, restrictinc/events.sp::CS_OnBuyCommand
L 08/22/2022 - 01:34:54: [SM] Exception reported: Array index out-of-bounds (index 64, limit 55)
L 08/22/2022 - 01:34:54: [SM] Blaming: weapon_restrict.smx
L 08/22/2022 - 01:34:54: [SM] Call stack trace:
L 08/22/2022 - 01:34:54: [SM]   [1] Line 202, restrictinc/events.sp::CS_OnBuyCommand
L 08/22/2022 - 01:34:54: [SM] Exception reported: Array index out-of-bounds (index 64, limit 55)
L 08/22/2022 - 01:34:54: [SM] Blaming: weapon_restrict.smx
L 08/22/2022 - 01:34:54: [SM] Call stack trace:
L 08/22/2022 - 01:34:54: [SM]   [1] Line 202, restrictinc/events.sp::CS_OnBuyCommand
L 08/22/2022 - 01:34:54: [SM] Exception reported: Array index out-of-bounds (index 64, limit 55)
L 08/22/2022 - 01:34:54: [SM] Blaming: weapon_restrict.smx
L 08/22/2022 - 01:34:54: [SM] Call stack trace:
L 08/22/2022 - 01:34:54: [SM]   [1] Line 202, restrictinc/events.sp::CS_OnBuyCommand
L 08/22/2022 - 01:34:54: [SM] Exception reported: Array index out-of-bounds (index 64, limit 55)
L 08/22/2022 - 01:34:54: [SM] Blaming: weapon_restrict.smx
L 08/22/2022 - 01:34:54: [SM] Call stack trace:
L 08/22/2022 - 01:34:54: [SM]   [1] Line 202, restrictinc/events.sp::CS_OnBuyCommand
L 08/22/2022 - 01:34:54: [SM] Exception reported: Array index out-of-bounds (index 64, limit 55)
L 08/22/2022 - 01:34:54: [SM] Blaming: weapon_restrict.smx
L 08/22/2022 - 01:34:54: [SM] Call stack trace:
L 08/22/2022 - 01:34:54: [SM]   [1] Line 202, restrictinc/events.sp::CS_OnBuyCommand
L 08/22/2022 - 01:34:54: [SM] Exception reported: Array index out-of-bounds (index 64, limit 55)
L 08/22/2022 - 01:34:54: [SM] Blaming: weapon_restrict.smx
L 08/22/2022 - 01:34:54: [SM] Call stack trace:
L 08/22/2022 - 01:34:54: [SM]   [1] Line 202, restrictinc/events.sp::CS_OnBuyCommand
L 08/22/2022 - 01:34:54: [SM] Exception reported: Array index out-of-bounds (index 64, limit 55)
L 08/22/2022 - 01:34:54: [SM] Blaming: weapon_restrict.smx
L 08/22/2022 - 01:34:54: [SM] Call stack trace:
L 08/22/2022 - 01:34:54: [SM]   [1] Line 202, restrictinc/events.sp::CS_OnBuyCommand
L 08/22/2022 - 01:34:54: [SM] Exception reported: Array index out-of-bounds (index 64, limit 55)
L 08/22/2022 - 01:34:54: [SM] Blaming: weapon_restrict.smx
L 08/22/2022 - 01:34:54: [SM] Call stack trace:
L 08/22/2022 - 01:34:54: [SM]   [1] Line 202, restrictinc/events.sp::CS_OnBuyCommand
L 08/22/2022 - 01:34:54: [SM] Exception reported: Array index out-of-bounds (index 64, limit 55)
L 08/22/2022 - 01:34:54: [SM] Blaming: weapon_restrict.smx
L 08/22/2022 - 01:34:54: [SM] Call stack trace:
L 08/22/2022 - 01:34:54: [SM]   [1] Line 202, restrictinc/events.sp::CS_OnBuyCommand
L 08/22/2022 - 01:34:54: [SM] Exception reported: Array index out-of-bounds (index 64, limit 55)
L 08/22/2022 - 01:34:54: [SM] Blaming: weapon_restrict.smx
L 08/22/2022 - 01:34:54: [SM] Call stack trace:
L 08/22/2022 - 01:34:54: [SM]   [1] Line 202, restrictinc/events.sp::CS_OnBuyCommand
L 08/22/2022 - 01:34:54: [SM] Exception reported: Array index out-of-bounds (index 64, limit 55)
L 08/22/2022 - 01:34:54: [SM] Blaming: weapon_restrict.smx
L 08/22/2022 - 01:34:54: [SM] Call stack trace:
L 08/22/2022 - 01:34:54: [SM]   [1] Line 202, restrictinc/events.sp::CS_OnBuyCommand
L 08/22/2022 - 01:34:54: [SM] Exception reported: Array index out-of-bounds (index 64, limit 55)
L 08/22/2022 - 01:34:54: [SM] Blaming: weapon_restrict.smx
L 08/22/2022 - 01:34:54: [SM] Call stack trace:
L 08/22/2022 - 01:34:54: [SM]   [1] Line 202, restrictinc/events.sp::CS_OnBuyCommand
L 08/22/2022 - 01:34:54: [SM] Exception reported: Array index out-of-bounds (index 64, limit 55)
L 08/22/2022 - 01:34:54: [SM] Blaming: weapon_restrict.smx
L 08/22/2022 - 01:34:54: [SM] Call stack trace:
L 08/22/2022 - 01:34:54: [SM]   [1] Line 202, restrictinc/events.sp::CS_OnBuyCommand
L 08/22/2022 - 01:34:54: [SM] Exception reported: Array index out-of-bounds (index 64, limit 55)
L 08/22/2022 - 01:34:54: [SM] Blaming: weapon_restrict.smx
L 08/22/2022 - 01:34:54: [SM] Call stack trace:
L 08/22/2022 - 01:34:54: [SM]   [1] Line 202, restrictinc/events.sp::CS_OnBuyCommand
L 08/22/2022 - 01:34:54: [SM] Exception reported: Array index out-of-bounds (index 64, limit 55)
L 08/22/2022 - 01:34:54: [SM] Blaming: weapon_restrict.smx
L 08/22/2022 - 01:34:54: [SM] Call stack trace:
L 08/22/2022 - 01:34:54: [SM]   [1] Line 202, restrictinc/events.sp::CS_OnBuyCommand
L 08/22/2022 - 01:34:54: [SM] Exception reported: Array index out-of-bounds (index 64, limit 55)
L 08/22/2022 - 01:34:54: [SM] Blaming: weapon_restrict.smx
L 08/22/2022 - 01:34:54: [SM] Call stack trace:
L 08/22/2022 - 01:34:54: [SM]   [1] Line 202, restrictinc/events.sp::CS_OnBuyCommand
L 08/22/2022 - 01:34:54: [SM] Exception reported: Array index out-of-bounds (index 64, limit 55)
L 08/22/2022 - 01:34:54: [SM] Blaming: weapon_restrict.smx
L 08/22/2022 - 01:34:54: [SM] Call stack trace:
L 08/22/2022 - 01:34:54: [SM]   [1] Line 202, restrictinc/events.sp::CS_OnBuyCommand
L 08/22/2022 - 01:34:54: [SM] Exception reported: Array index out-of-bounds (index 64, limit 55)
L 08/22/2022 - 01:34:54: [SM] Blaming: weapon_restrict.smx
L 08/22/2022 - 01:34:54: [SM] Call stack trace:
L 08/22/2022 - 01:34:54: [SM]   [1] Line 202, restrictinc/events.sp::CS_OnBuyCommand
L 08/22/2022 - 01:34:54: [SM] Exception reported: Array index out-of-bounds (index 64, limit 55)
L 08/22/2022 - 01:34:54: [SM] Blaming: weapon_restrict.smx
L 08/22/2022 - 01:34:54: [SM] Call stack trace:
L 08/22/2022 - 01:34:54: [SM]   [1] Line 202, restrictinc/events.sp::CS_OnBuyCommand
L 08/22/2022 - 01:34:54: [SM] Exception reported: Array index out-of-bounds (index 64, limit 55)
L 08/22/2022 - 01:34:54: [SM] Blaming: weapon_restrict.smx
L 08/22/2022 - 01:34:54: [SM] Call stack trace:
L 08/22/2022 - 01:34:54: [SM]   [1] Line 202, restrictinc/events.sp::CS_OnBuyCommand
L 08/22/2022 - 01:34:54: [SM] Exception reported: Array index out-of-bounds (index 64, limit 55)
L 08/22/2022 - 01:34:54: [SM] Blaming: weapon_restrict.smx
L 08/22/2022 - 01:34:54: [SM] Call stack trace:
L 08/22/2022 - 01:34:54: [SM]   [1] Line 202, restrictinc/events.sp::CS_OnBuyCommand
L 08/22/2022 - 01:34:54: [SM] Exception reported: Array index out-of-bounds (index 64, limit 55)
L 08/22/2022 - 01:34:54: [SM] Blaming: weapon_restrict.smx
L 08/22/2022 - 01:34:54: [SM] Call stack trace:
L 08/22/2022 - 01:34:54: [SM]   [1] Line 202, restrictinc/events.sp::CS_OnBuyCommand
L 08/22/2022 - 01:34:54: [SM] Exception reported: Array index out-of-bounds (index 64, limit 55)
L 08/22/2022 - 01:34:54: [SM] Blaming: weapon_restrict.smx
L 08/22/2022 - 01:34:54: [SM] Call stack trace:
L 08/22/2022 - 01:34:54: [SM]   [1] Line 202, restrictinc/events.sp::CS_OnBuyCommand
L 08/22/2022 - 01:34:54: [SM] Exception reported: Array index out-of-bounds (index 64, limit 55)
L 08/22/2022 - 01:34:54: [SM] Blaming: weapon_restrict.smx
L 08/22/2022 - 01:34:54: [SM] Call stack trace:
L 08/22/2022 - 01:34:54: [SM]   [1] Line 202, restrictinc/events.sp::CS_OnBuyCommand
L 08/22/2022 - 01:34:54: [SM] Exception reported: Array index out-of-bounds (index 64, limit 55)
L 08/22/2022 - 01:34:54: [SM] Blaming: weapon_restrict.smx
L 08/22/2022 - 01:34:54: [SM] Call stack trace:
L 08/22/2022 - 01:34:54: [SM]   [1] Line 202, restrictinc/events.sp::CS_OnBuyCommand
L 08/22/2022 - 01:34:54: [SM] Exception reported: Array index out-of-bounds (index 64, limit 55)
L 08/22/2022 - 01:34:54: [SM] Blaming: weapon_restrict.smx
L 08/22/2022 - 01:34:54: [SM] Call stack trace:
L 08/22/2022 - 01:34:54: [SM]   [1] Line 202, restrictinc/events.sp::CS_OnBuyCommand
L 08/22/2022 - 01:34:54: [SM] Exception reported: Array index out-of-bounds (index 64, limit 55)
L 08/22/2022 - 01:34:54: [SM] Blaming: weapon_restrict.smx
L 08/22/2022 - 01:34:54: [SM] Call stack trace:
L 08/22/2022 - 01:34:54: [SM]   [1] Line 202, restrictinc/events.sp::CS_OnBuyCommand
L 08/22/2022 - 01:34:54: [SM] Exception reported: Array index out-of-bounds (index 64, limit 55)
L 08/22/2022 - 01:34:54: [SM] Blaming: weapon_restrict.smx
L 08/22/2022 - 01:34:54: [SM] Call stack trace:
L 08/22/2022 - 01:34:54: [SM]   [1] Line 202, restrictinc/events.sp::CS_OnBuyCommand
L 08/22/2022 - 01:34:54: [SM] Exception reported: Array index out-of-bounds (index 64, limit 55)
L 08/22/2022 - 01:34:54: [SM] Blaming: weapon_restrict.smx
L 08/22/2022 - 01:34:54: [SM] Call stack trace:
L 08/22/2022 - 01:34:54: [SM]   [1] Line 202, restrictinc/events.sp::CS_OnBuyCommand
L 08/22/2022 - 01:34:54: [SM] Exception reported: Array index out-of-bounds (index 64, limit 55)
L 08/22/2022 - 01:34:54: [SM] Blaming: weapon_restrict.smx
L 08/22/2022 - 01:34:54: [SM] Call stack trace:
L 08/22/2022 - 01:34:54: [SM]   [1] Line 202, restrictinc/events.sp::CS_OnBuyCommand
L 08/22/2022 - 01:34:54: [SM] Exception reported: Array index out-of-bounds (index 64, limit 55)
L 08/22/2022 - 01:34:54: [SM] Blaming: weapon_restrict.smx
L 08/22/2022 - 01:34:54: [SM] Call stack trace:
L 08/22/2022 - 01:34:54: [SM]   [1] Line 202, restrictinc/events.sp::CS_OnBuyCommand
L 08/22/2022 - 01:34:54: [SM] Exception reported: Array index out-of-bounds (index 64, limit 55)
L 08/22/2022 - 01:34:54: [SM] Blaming: weapon_restrict.smx
L 08/22/2022 - 01:34:54: [SM] Call stack trace:
L 08/22/2022 - 01:34:54: [SM]   [1] Line 202, restrictinc/events.sp::CS_OnBuyCommand
L 08/22/2022 - 01:34:54: [SM] Exception reported: Array index out-of-bounds (index 64, limit 55)
L 08/22/2022 - 01:34:54: [SM] Blaming: weapon_restrict.smx
L 08/22/2022 - 01:34:54: [SM] Call stack trace:
L 08/22/2022 - 01:34:54: [SM]   [1] Line 202, restrictinc/events.sp::CS_OnBuyCommand
L 08/22/2022 - 01:34:54: [SM] Exception reported: Array index out-of-bounds (index 64, limit 55)
L 08/22/2022 - 01:34:54: [SM] Blaming: weapon_restrict.smx
L 08/22/2022 - 01:34:54: [SM] Call stack trace:
L 08/22/2022 - 01:34:54: [SM]   [1] Line 202, restrictinc/events.sp::CS_OnBuyCommand
L 08/22/2022 - 01:34:54: [SM] Exception reported: Array index out-of-bounds (index 64, limit 55)
L 08/22/2022 - 01:34:54: [SM] Blaming: weapon_restrict.smx
L 08/22/2022 - 01:34:54: [SM] Call stack trace:
L 08/22/2022 - 01:34:54: [SM]   [1] Line 202, restrictinc/events.sp::CS_OnBuyCommand
L 08/22/2022 - 01:34:54: [SM] Exception reported: Array index out-of-bounds (index 64, limit 55)
L 08/22/2022 - 01:34:54: [SM] Blaming: weapon_restrict.smx
L 08/22/2022 - 01:34:54: [SM] Call stack trace:
L 08/22/2022 - 01:34:54: [SM]   [1] Line 202, restrictinc/events.sp::CS_OnBuyCommand
L 08/22/2022 - 01:34:54: [SM] Exception reported: Array index out-of-bounds (index 64, limit 55)
L 08/22/2022 - 01:34:54: [SM] Blaming: weapon_restrict.smx
L 08/22/2022 - 01:34:54: [SM] Call stack trace:
L 08/22/2022 - 01:34:54: [SM]   [1] Line 202, restrictinc/events.sp::CS_OnBuyCommand
L 08/22/2022 - 01:34:54: [SM] Exception reported: Array index out-of-bounds (index 64, limit 55)
L 08/22/2022 - 01:34:54: [SM] Blaming: weapon_restrict.smx
L 08/22/2022 - 01:34:54: [SM] Call stack trace:
L 08/22/2022 - 01:34:54: [SM]   [1] Line 202, restrictinc/events.sp::CS_OnBuyCommand
L 08/22/2022 - 01:34:54: [SM] Exception reported: Array index out-of-bounds (index 64, limit 55)
L 08/22/2022 - 01:34:54: [SM] Blaming: weapon_restrict.smx
L 08/22/2022 - 01:34:54: [SM] Call stack trace:
L 08/22/2022 - 01:34:54: [SM]   [1] Line 202, restrictinc/events.sp::CS_OnBuyCommand
L 08/22/2022 - 01:34:54: [SM] Exception reported: Array index out-of-bounds (index 64, limit 55)
L 08/22/2022 - 01:34:54: [SM] Blaming: weapon_restrict.smx
L 08/22/2022 - 01:34:54: [SM] Call stack trace:
L 08/22/2022 - 01:34:54: [SM]   [1] Line 202, restrictinc/events.sp::CS_OnBuyCommand
L 08/22/2022 - 01:34:54: [SM] Exception reported: Array index out-of-bounds (index 64, limit 55)
L 08/22/2022 - 01:34:54: [SM] Blaming: weapon_restrict.smx
L 08/22/2022 - 01:34:54: [SM] Call stack trace:
L 08/22/2022 - 01:34:54: [SM]   [1] Line 202, restrictinc/events.sp::CS_OnBuyCommand
L 08/22/2022 - 01:34:54: [SM] Exception reported: Array index out-of-bounds (index 64, limit 55)
L 08/22/2022 - 01:34:54: [SM] Blaming: weapon_restrict.smx
L 08/22/2022 - 01:34:54: [SM] Call stack trace:
L 08/22/2022 - 01:34:54: [SM]   [1] Line 202, restrictinc/events.sp::CS_OnBuyCommand
L 08/22/2022 - 01:34:54: [SM] Exception reported: Array index out-of-bounds (index 64, limit 55)
L 08/22/2022 - 01:34:54: [SM] Blaming: weapon_restrict.smx
L 08/22/2022 - 01:34:54: [SM] Call stack trace:
L 08/22/2022 - 01:34:54: [SM]   [1] Line 202, restrictinc/events.sp::CS_OnBuyCommand
L 08/22/2022 - 01:34:54: [SM] Exception reported: Array index out-of-bounds (index 64, limit 55)
L 08/22/2022 - 01:34:54: [SM] Blaming: weapon_restrict.smx
L 08/22/2022 - 01:34:54: [SM] Call stack trace:
L 08/22/2022 - 01:34:54: [SM]   [1] Line 202, restrictinc/events.sp::CS_OnBuyCommand
L 08/22/2022 - 01:34:54: [SM] Exception reported: Array index out-of-bounds (index 64, limit 55)
L 08/22/2022 - 01:34:54: [SM] Blaming: weapon_restrict.smx
L 08/22/2022 - 01:34:54: [SM] Call stack trace:
L 08/22/2022 - 01:34:54: [SM]   [1] Line 202, restrictinc/events.sp::CS_OnBuyCommand
L 08/22/2022 - 01:34:54: [SM] Exception reported: Array index out-of-bounds (index 64, limit 55)
L 08/22/2022 - 01:34:54: [SM] Blaming: weapon_restrict.smx
L 08/22/2022 - 01:34:54: [SM] Call stack trace:
L 08/22/2022 - 01:34:54: [SM]   [1] Line 202, restrictinc/events.sp::CS_OnBuyCommand
L 08/22/2022 - 01:34:55: [SM] Exception reported: Array index out-of-bounds (index 64, limit 55)
L 08/22/2022 - 01:34:55: [SM] Blaming: weapon_restrict.smx
L 08/22/2022 - 01:34:55: [SM] Call stack trace:
L 08/22/2022 - 01:34:55: [SM]   [1] Line 202, restrictinc/events.sp::CS_OnBuyCommand
L 08/22/2022 - 01:34:55: [SM] Exception reported: Array index out-of-bounds (index 64, limit 55)
L 08/22/2022 - 01:34:55: [SM] Blaming: weapon_restrict.smx
L 08/22/2022 - 01:34:55: [SM] Call stack trace:
L 08/22/2022 - 01:34:55: [SM]   [1] Line 202, restrictinc/events.sp::CS_OnBuyCommand
L 08/22/2022 - 01:34:55: [SM] Exception reported: Array index out-of-bounds (index 64, limit 55)
L 08/22/2022 - 01:34:55: [SM] Blaming: weapon_restrict.smx
L 08/22/2022 - 01:34:55: [SM] Call stack trace:
L 08/22/2022 - 01:34:55: [SM]   [1] Line 202, restrictinc/events.sp::CS_OnBuyCommand
L 08/22/2022 - 01:34:55: [SM] Exception reported: Array index out-of-bounds (index 64, limit 55)
L 08/22/2022 - 01:34:55: [SM] Blaming: weapon_restrict.smx
L 08/22/2022 - 01:34:55: [SM] Call stack trace:
L 08/22/2022 - 01:34:55: [SM]   [1] Line 202, restrictinc/events.sp::CS_OnBuyCommand
L 08/22/2022 - 01:34:55: [SM] Exception reported: Array index out-of-bounds (index 64, limit 55)
L 08/22/2022 - 01:34:55: [SM] Blaming: weapon_restrict.smx
L 08/22/2022 - 01:34:55: [SM] Call stack trace:
L 08/22/2022 - 01:34:55: [SM]   [1] Line 202, restrictinc/events.sp::CS_OnBuyCommand
L 08/22/2022 - 01:34:55: [SM] Exception reported: Array index out-of-bounds (index 64, limit 55)
L 08/22/2022 - 01:34:55: [SM] Blaming: weapon_restrict.smx
L 08/22/2022 - 01:34:55: [SM] Call stack trace:
L 08/22/2022 - 01:34:55: [SM]   [1] Line 202, restrictinc/events.sp::CS_OnBuyCommand
L 08/22/2022 - 01:34:55: [SM] Exception reported: Array index out-of-bounds (index 64, limit 55)
L 08/22/2022 - 01:34:55: [SM] Blaming: weapon_restrict.smx
L 08/22/2022 - 01:34:55: [SM] Call stack trace:
L 08/22/2022 - 01:34:55: [SM]   [1] Line 202, restrictinc/events.sp::CS_OnBuyCommand
L 08/22/2022 - 01:34:55: [SM] Exception reported: Array index out-of-bounds (index 64, limit 55)
L 08/22/2022 - 01:34:55: [SM] Blaming: weapon_restrict.smx
L 08/22/2022 - 01:34:55: [SM] Call stack trace:
L 08/22/2022 - 01:34:55: [SM]   [1] Line 202, restrictinc/events.sp::CS_OnBuyCommand
L 08/22/2022 - 01:34:55: [SM] Exception reported: Array index out-of-bounds (index 64, limit 55)
L 08/22/2022 - 01:34:55: [SM] Blaming: weapon_restrict.smx
L 08/22/2022 - 01:34:55: [SM] Call stack trace:
L 08/22/2022 - 01:34:55: [SM]   [1] Line 202, restrictinc/events.sp::CS_OnBuyCommand
L 08/22/2022 - 01:34:55: [SM] Exception reported: Array index out-of-bounds (index 64, limit 55)
L 08/22/2022 - 01:34:55: [SM] Blaming: weapon_restrict.smx
L 08/22/2022 - 01:34:55: [SM] Call stack trace:
L 08/22/2022 - 01:34:55: [SM]   [1] Line 202, restrictinc/events.sp::CS_OnBuyCommand
L 08/22/2022 - 01:34:55: [SM] Exception reported: Array index out-of-bounds (index 64, limit 55)
L 08/22/2022 - 01:34:55: [SM] Blaming: weapon_restrict.smx
L 08/22/2022 - 01:34:55: [SM] Call stack trace:
L 08/22/2022 - 01:34:55: [SM]   [1] Line 202, restrictinc/events.sp::CS_OnBuyCommand
L 08/22/2022 - 01:34:55: [SM] Exception reported: Array index out-of-bounds (index 64, limit 55)
L 08/22/2022 - 01:34:55: [SM] Blaming: weapon_restrict.smx
L 08/22/2022 - 01:34:55: [SM] Call stack trace:
L 08/22/2022 - 01:34:55: [SM]   [1] Line 202, restrictinc/events.sp::CS_OnBuyCommand
L 08/22/2022 - 01:34:55: [SM] Exception reported: Array index out-of-bounds (index 64, limit 55)
L 08/22/2022 - 01:34:55: [SM] Blaming: weapon_restrict.smx
L 08/22/2022 - 01:34:55: [SM] Call stack trace:
L 08/22/2022 - 01:34:55: [SM]   [1] Line 202, restrictinc/events.sp::CS_OnBuyCommand
L 08/22/2022 - 01:34:55: [SM] Exception reported: Array index out-of-bounds (index 64, limit 55)
L 08/22/2022 - 01:34:55: [SM] Blaming: weapon_restrict.smx
L 08/22/2022 - 01:34:55: [SM] Call stack trace:
L 08/22/2022 - 01:34:55: [SM]   [1] Line 202, restrictinc/events.sp::CS_OnBuyCommand
L 08/22/2022 - 01:34:55: [SM] Exception reported: Array index out-of-bounds (index 64, limit 55)
L 08/22/2022 - 01:34:55: [SM] Blaming: weapon_restrict.smx
L 08/22/2022 - 01:34:55: [SM] Call stack trace:
L 08/22/2022 - 01:34:55: [SM]   [1] Line 202, restrictinc/events.sp::CS_OnBuyCommand
L 08/22/2022 - 01:34:55: [SM] Exception reported: Array index out-of-bounds (index 64, limit 55)
L 08/22/2022 - 01:34:55: [SM] Blaming: weapon_restrict.smx
L 08/22/2022 - 01:34:55: [SM] Call stack trace:
L 08/22/2022 - 01:34:55: [SM]   [1] Line 202, restrictinc/events.sp::CS_OnBuyCommand
L 08/22/2022 - 01:34:55: [SM] Exception reported: Array index out-of-bounds (index 64, limit 55)
L 08/22/2022 - 01:34:55: [SM] Blaming: weapon_restrict.smx
L 08/22/2022 - 01:34:55: [SM] Call stack trace:
L 08/22/2022 - 01:34:55: [SM]   [1] Line 202, restrictinc/events.sp::CS_OnBuyCommand
L 08/22/2022 - 01:34:55: [SM] Exception reported: Array index out-of-bounds (index 64, limit 55)
L 08/22/2022 - 01:34:55: [SM] Blaming: weapon_restrict.smx
L 08/22/2022 - 01:34:55: [SM] Call stack trace:
L 08/22/2022 - 01:34:55: [SM]   [1] Line 202, restrictinc/events.sp::CS_OnBuyCommand
L 08/22/2022 - 01:34:55: [SM] Exception reported: Array index out-of-bounds (index 64, limit 55)
L 08/22/2022 - 01:34:55: [SM] Blaming: weapon_restrict.smx
L 08/22/2022 - 01:34:55: [SM] Call stack trace:
L 08/22/2022 - 01:34:55: [SM]   [1] Line 202, restrictinc/events.sp::CS_OnBuyCommand
L 08/22/2022 - 01:34:55: [SM] Exception reported: Array index out-of-bounds (index 64, limit 55)
L 08/22/2022 - 01:34:55: [SM] Blaming: weapon_restrict.smx
L 08/22/2022 - 01:34:55: [SM] Call stack trace:
L 08/22/2022 - 01:34:55: [SM]   [1] Line 202, restrictinc/events.sp::CS_OnBuyCommand
L 08/22/2022 - 01:34:55: [SM] Exception reported: Array index out-of-bounds (index 64, limit 55)
L 08/22/2022 - 01:34:55: [SM] Blaming: weapon_restrict.smx
L 08/22/2022 - 01:34:55: [SM] Call stack trace:
L 08/22/2022 - 01:34:55: [SM]   [1] Line 202, restrictinc/events.sp::CS_OnBuyCommand
L 08/22/2022 - 01:34:55: [SM] Exception reported: Array index out-of-bounds (index 64, limit 55)
L 08/22/2022 - 01:34:55: [SM] Blaming: weapon_restrict.smx
L 08/22/2022 - 01:34:55: [SM] Call stack trace:
L 08/22/2022 - 01:34:55: [SM]   [1] Line 202, restrictinc/events.sp::CS_OnBuyCommand
L 08/22/2022 - 01:34:55: [SM] Exception reported: Array index out-of-bounds (index 64, limit 55)
L 08/22/2022 - 01:34:55: [SM] Blaming: weapon_restrict.smx
L 08/22/2022 - 01:34:55: [SM] Call stack trace:
L 08/22/2022 - 01:34:55: [SM]   [1] Line 202, restrictinc/events.sp::CS_OnBuyCommand
L 08/22/2022 - 01:34:55: [SM] Exception reported: Array index out-of-bounds (index 64, limit 55)
L 08/22/2022 - 01:34:55: [SM] Blaming: weapon_restrict.smx
L 08/22/2022 - 01:34:55: [SM] Call stack trace:
L 08/22/2022 - 01:34:55: [SM]   [1] Line 202, restrictinc/events.sp::CS_OnBuyCommand
L 08/22/2022 - 01:34:55: [SM] Exception reported: Array index out-of-bounds (index 64, limit 55)
L 08/22/2022 - 01:34:55: [SM] Blaming: weapon_restrict.smx
L 08/22/2022 - 01:34:55: [SM] Call stack trace:
L 08/22/2022 - 01:34:55: [SM]   [1] Line 202, restrictinc/events.sp::CS_OnBuyCommand
L 08/22/2022 - 01:34:55: [SM] Exception reported: Array index out-of-bounds (index 64, limit 55)
L 08/22/2022 - 01:34:55: [SM] Blaming: weapon_restrict.smx
L 08/22/2022 - 01:34:55: [SM] Call stack trace:
L 08/22/2022 - 01:34:55: [SM]   [1] Line 202, restrictinc/events.sp::CS_OnBuyCommand
L 08/22/2022 - 01:34:55: [SM] Exception reported: Array index out-of-bounds (index 64, limit 55)
L 08/22/2022 - 01:34:55: [SM] Blaming: weapon_restrict.smx
L 08/22/2022 - 01:34:55: [SM] Call stack trace:
L 08/22/2022 - 01:34:55: [SM]   [1] Line 202, restrictinc/events.sp::CS_OnBuyCommand
L 08/22/2022 - 01:34:55: [SM] Exception reported: Array index out-of-bounds (index 64, limit 55)
L 08/22/2022 - 01:34:55: [SM] Blaming: weapon_restrict.smx
L 08/22/2022 - 01:34:55: [SM] Call stack trace:
L 08/22/2022 - 01:34:55: [SM]   [1] Line 202, restrictinc/events.sp::CS_OnBuyCommand
L 08/22/2022 - 01:34:55: [SM] Exception reported: Array index out-of-bounds (index 64, limit 55)
L 08/22/2022 - 01:34:55: [SM] Blaming: weapon_restrict.smx
L 08/22/2022 - 01:34:55: [SM] Call stack trace:
L 08/22/2022 - 01:34:55: [SM]   [1] Line 202, restrictinc/events.sp::CS_OnBuyCommand
L 08/22/2022 - 01:34:55: [SM] Exception reported: Array index out-of-bounds (index 64, limit 55)
L 08/22/2022 - 01:34:55: [SM] Blaming: weapon_restrict.smx
L 08/22/2022 - 01:34:55: [SM] Call stack trace:
L 08/22/2022 - 01:34:55: [SM]   [1] Line 202, restrictinc/events.sp::CS_OnBuyCommand
L 08/22/2022 - 01:34:55: [SM] Exception reported: Array index out-of-bounds (index 64, limit 55)
L 08/22/2022 - 01:34:55: [SM] Blaming: weapon_restrict.smx
L 08/22/2022 - 01:34:55: [SM] Call stack trace:
L 08/22/2022 - 01:34:55: [SM]   [1] Line 202, restrictinc/events.sp::CS_OnBuyCommand
L 08/22/2022 - 01:34:55: [SM] Exception reported: Array index out-of-bounds (index 64, limit 55)
L 08/22/2022 - 01:34:55: [SM] Blaming: weapon_restrict.smx
L 08/22/2022 - 01:34:55: [SM] Call stack trace:
L 08/22/2022 - 01:34:55: [SM]   [1] Line 202, restrictinc/events.sp::CS_OnBuyCommand
L 08/22/2022 - 01:34:55: [SM] Exception reported: Array index out-of-bounds (index 64, limit 55)
L 08/22/2022 - 01:34:55: [SM] Blaming: weapon_restrict.smx
L 08/22/2022 - 01:34:55: [SM] Call stack trace:
L 08/22/2022 - 01:34:55: [SM]   [1] Line 202, restrictinc/events.sp::CS_OnBuyCommand
L 08/22/2022 - 01:34:55: [SM] Exception reported: Array index out-of-bounds (index 64, limit 55)
L 08/22/2022 - 01:34:55: [SM] Blaming: weapon_restrict.smx
L 08/22/2022 - 01:34:55: [SM] Call stack trace:
L 08/22/2022 - 01:34:55: [SM]   [1] Line 202, restrictinc/events.sp::CS_OnBuyCommand
L 08/22/2022 - 01:34:55: [SM] Exception reported: Array index out-of-bounds (index 64, limit 55)
L 08/22/2022 - 01:34:55: [SM] Blaming: weapon_restrict.smx
L 08/22/2022 - 01:34:55: [SM] Call stack trace:
L 08/22/2022 - 01:34:55: [SM]   [1] Line 202, restrictinc/events.sp::CS_OnBuyCommand
L 08/22/2022 - 01:34:55: [SM] Exception reported: Array index out-of-bounds (index 64, limit 55)
L 08/22/2022 - 01:34:55: [SM] Blaming: weapon_restrict.smx
L 08/22/2022 - 01:34:55: [SM] Call stack trace:
L 08/22/2022 - 01:34:55: [SM]   [1] Line 202, restrictinc/events.sp::CS_OnBuyCommand
L 08/22/2022 - 01:34:55: [SM] Exception reported: Array index out-of-bounds (index 64, limit 55)
L 08/22/2022 - 01:34:55: [SM] Blaming: weapon_restrict.smx
L 08/22/2022 - 01:34:55: [SM] Call stack trace:
L 08/22/2022 - 01:34:55: [SM]   [1] Line 202, restrictinc/events.sp::CS_OnBuyCommand
L 08/22/2022 - 01:34:55: [SM] Exception reported: Array index out-of-bounds (index 64, limit 55)
L 08/22/2022 - 01:34:55: [SM] Blaming: weapon_restrict.smx
L 08/22/2022 - 01:34:55: [SM] Call stack trace:
L 08/22/2022 - 01:34:55: [SM]   [1] Line 202, restrictinc/events.sp::CS_OnBuyCommand
L 08/22/2022 - 01:34:55: [SM] Exception reported: Array index out-of-bounds (index 64, limit 55)
L 08/22/2022 - 01:34:55: [SM] Blaming: weapon_restrict.smx
L 08/22/2022 - 01:34:55: [SM] Call stack trace:
L 08/22/2022 - 01:34:55: [SM]   [1] Line 202, restrictinc/events.sp::CS_OnBuyCommand
L 08/22/2022 - 01:34:55: [SM] Exception reported: Array index out-of-bounds (index 64, limit 55)
L 08/22/2022 - 01:34:55: [SM] Blaming: weapon_restrict.smx
L 08/22/2022 - 01:34:55: [SM] Call stack trace:
L 08/22/2022 - 01:34:55: [SM]   [1] Line 202, restrictinc/events.sp::CS_OnBuyCommand
L 08/22/2022 - 01:34:55: [SM] Exception reported: Array index out-of-bounds (index 64, limit 55)
L 08/22/2022 - 01:34:55: [SM] Blaming: weapon_restrict.smx
L 08/22/2022 - 01:34:55: [SM] Call stack trace:
L 08/22/2022 - 01:34:55: [SM]   [1] Line 202, restrictinc/events.sp::CS_OnBuyCommand
L 08/22/2022 - 01:34:55: [SM] Exception reported: Array index out-of-bounds (index 64, limit 55)
L 08/22/2022 - 01:34:55: [SM] Blaming: weapon_restrict.smx
L 08/22/2022 - 01:34:55: [SM] Call stack trace:
L 08/22/2022 - 01:34:55: [SM]   [1] Line 202, restrictinc/events.sp::CS_OnBuyCommand
L 08/22/2022 - 01:34:55: [SM] Exception reported: Array index out-of-bounds (index 64, limit 55)
L 08/22/2022 - 01:34:55: [SM] Blaming: weapon_restrict.smx
L 08/22/2022 - 01:34:55: [SM] Call stack trace:
L 08/22/2022 - 01:34:55: [SM]   [1] Line 202, restrictinc/events.sp::CS_OnBuyCommand
L 08/22/2022 - 01:34:55: [SM] Exception reported: Array index out-of-bounds (index 64, limit 55)
L 08/22/2022 - 01:34:55: [SM] Blaming: weapon_restrict.smx
L 08/22/2022 - 01:34:55: [SM] Call stack trace:
L 08/22/2022 - 01:34:55: [SM]   [1] Line 202, restrictinc/events.sp::CS_OnBuyCommand
L 08/22/2022 - 01:34:55: [SM] Exception reported: Array index out-of-bounds (index 64, limit 55)
L 08/22/2022 - 01:34:55: [SM] Blaming: weapon_restrict.smx
L 08/22/2022 - 01:34:55: [SM] Call stack trace:
L 08/22/2022 - 01:34:55: [SM]   [1] Line 202, restrictinc/events.sp::CS_OnBuyCommand
L 08/22/2022 - 01:34:55: [SM] Exception reported: Array index out-of-bounds (index 64, limit 55)
L 08/22/2022 - 01:34:55: [SM] Blaming: weapon_restrict.smx
L 08/22/2022 - 01:34:55: [SM] Call stack trace:
L 08/22/2022 - 01:34:55: [SM]   [1] Line 202, restrictinc/events.sp::CS_OnBuyCommand
L 08/22/2022 - 01:34:55: [SM] Exception reported: Array index out-of-bounds (index 64, limit 55)
L 08/22/2022 - 01:34:55: [SM] Blaming: weapon_restrict.smx
L 08/22/2022 - 01:34:55: [SM] Call stack trace:
L 08/22/2022 - 01:34:55: [SM]   [1] Line 202, restrictinc/events.sp::CS_OnBuyCommand
L 08/22/2022 - 01:34:55: [SM] Exception reported: Array index out-of-bounds (index 64, limit 55)
L 08/22/2022 - 01:34:55: [SM] Blaming: weapon_restrict.smx
L 08/22/2022 - 01:34:55: [SM] Call stack trace:
L 08/22/2022 - 01:34:55: [SM]   [1] Line 202, restrictinc/events.sp::CS_OnBuyCommand
L 08/22/2022 - 01:34:55: [SM] Exception reported: Array index out-of-bounds (index 64, limit 55)
L 08/22/2022 - 01:34:55: [SM] Blaming: weapon_restrict.smx
L 08/22/2022 - 01:34:55: [SM] Call stack trace:
L 08/22/2022 - 01:34:55: [SM]   [1] Line 202, restrictinc/events.sp::CS_OnBuyCommand
L 08/22/2022 - 01:34:55: [SM] Exception reported: Array index out-of-bounds (index 64, limit 55)
L 08/22/2022 - 01:34:55: [SM] Blaming: weapon_restrict.smx
L 08/22/2022 - 01:34:55: [SM] Call stack trace:
L 08/22/2022 - 01:34:55: [SM]   [1] Line 202, restrictinc/events.sp::CS_OnBuyCommand
L 08/22/2022 - 01:34:55: [SM] Exception reported: Array index out-of-bounds (index 64, limit 55)
L 08/22/2022 - 01:34:55: [SM] Blaming: weapon_restrict.smx
L 08/22/2022 - 01:34:55: [SM] Call stack trace:
L 08/22/2022 - 01:34:55: [SM]   [1] Line 202, restrictinc/events.sp::CS_OnBuyCommand
L 08/22/2022 - 01:34:55: [SM] Exception reported: Array index out-of-bounds (index 64, limit 55)
L 08/22/2022 - 01:34:55: [SM] Blaming: weapon_restrict.smx
L 08/22/2022 - 01:34:55: [SM] Call stack trace:
L 08/22/2022 - 01:34:55: [SM]   [1] Line 202, restrictinc/events.sp::CS_OnBuyCommand
L 08/22/2022 - 01:34:55: [SM] Exception reported: Array index out-of-bounds (index 64, limit 55)
L 08/22/2022 - 01:34:55: [SM] Blaming: weapon_restrict.smx
L 08/22/2022 - 01:34:55: [SM] Call stack trace:
L 08/22/2022 - 01:34:55: [SM]   [1] Line 202, restrictinc/events.sp::CS_OnBuyCommand
L 08/22/2022 - 01:34:55: [SM] Exception reported: Array index out-of-bounds (index 64, limit 55)
L 08/22/2022 - 01:34:55: [SM] Blaming: weapon_restrict.smx
L 08/22/2022 - 01:34:55: [SM] Call stack trace:
L 08/22/2022 - 01:34:55: [SM]   [1] Line 202, restrictinc/events.sp::CS_OnBuyCommand
L 08/22/2022 - 01:34:55: [SM] Exception reported: Array index out-of-bounds (index 64, limit 55)
L 08/22/2022 - 01:34:55: [SM] Blaming: weapon_restrict.smx
L 08/22/2022 - 01:34:55: [SM] Call stack trace:
L 08/22/2022 - 01:34:55: [SM]   [1] Line 202, restrictinc/events.sp::CS_OnBuyCommand
L 08/22/2022 - 01:34:55: [SM] Exception reported: Array index out-of-bounds (index 64, limit 55)
L 08/22/2022 - 01:34:55: [SM] Blaming: weapon_restrict.smx
L 08/22/2022 - 01:34:55: [SM] Call stack trace:
L 08/22/2022 - 01:34:55: [SM]   [1] Line 202, restrictinc/events.sp::CS_OnBuyCommand
L 08/22/2022 - 01:34:55: [SM] Exception reported: Array index out-of-bounds (index 64, limit 55)
L 08/22/2022 - 01:34:55: [SM] Blaming: weapon_restrict.smx
L 08/22/2022 - 01:34:55: [SM] Call stack trace:
L 08/22/2022 - 01:34:55: [SM]   [1] Line 202, restrictinc/events.sp::CS_OnBuyCommand
L 08/22/2022 - 01:34:55: [SM] Exception reported: Array index out-of-bounds (index 64, limit 55)
L 08/22/2022 - 01:34:55: [SM] Blaming: weapon_restrict.smx
L 08/22/2022 - 01:34:55: [SM] Call stack trace:
L 08/22/2022 - 01:34:55: [SM]   [1] Line 202, restrictinc/events.sp::CS_OnBuyCommand
L 08/22/2022 - 01:34:55: [SM] Exception reported: Array index out-of-bounds (index 64, limit 55)
L 08/22/2022 - 01:34:55: [SM] Blaming: weapon_restrict.smx
L 08/22/2022 - 01:34:55: [SM] Call stack trace:
L 08/22/2022 - 01:34:55: [SM]   [1] Line 202, restrictinc/events.sp::CS_OnBuyCommand
L 08/22/2022 - 01:34:55: [SM] Exception reported: Array index out-of-bounds (index 64, limit 55)
L 08/22/2022 - 01:34:55: [SM] Blaming: weapon_restrict.smx
L 08/22/2022 - 01:34:55: [SM] Call stack trace:
L 08/22/2022 - 01:34:55: [SM]   [1] Line 202, restrictinc/events.sp::CS_OnBuyCommand
L 08/22/2022 - 01:34:55: [SM] Exception reported: Array index out-of-bounds (index 64, limit 55)
L 08/22/2022 - 01:34:55: [SM] Blaming: weapon_restrict.smx
L 08/22/2022 - 01:34:55: [SM] Call stack trace:
L 08/22/2022 - 01:34:55: [SM]   [1] Line 202, restrictinc/events.sp::CS_OnBuyCommand
L 08/22/2022 - 01:34:55: [SM] Exception reported: Array index out-of-bounds (index 64, limit 55)
L 08/22/2022 - 01:34:55: [SM] Blaming: weapon_restrict.smx
L 08/22/2022 - 01:34:55: [SM] Call stack trace:
L 08/22/2022 - 01:34:55: [SM]   [1] Line 202, restrictinc/events.sp::CS_OnBuyCommand
L 08/22/2022 - 01:34:55: [SM] Exception reported: Array index out-of-bounds (index 64, limit 55)
L 08/22/2022 - 01:34:55: [SM] Blaming: weapon_restrict.smx
L 08/22/2022 - 01:34:55: [SM] Call stack trace:
L 08/22/2022 - 01:34:55: [SM]   [1] Line 202, restrictinc/events.sp::CS_OnBuyCommand
L 08/22/2022 - 01:34:55: [SM] Exception reported: Array index out-of-bounds (index 64, limit 55)
L 08/22/2022 - 01:34:55: [SM] Blaming: weapon_restrict.smx
L 08/22/2022 - 01:34:55: [SM] Call stack trace:
L 08/22/2022 - 01:34:55: [SM]   [1] Line 202, restrictinc/events.sp::CS_OnBuyCommand
L 08/22/2022 - 01:34:56: [SM] Exception reported: Array index out-of-bounds (index 64, limit 55)
L 08/22/2022 - 01:34:56: [SM] Blaming: weapon_restrict.smx
L 08/22/2022 - 01:34:56: [SM] Call stack trace:
L 08/22/2022 - 01:34:56: [SM]   [1] Line 202, restrictinc/events.sp::CS_OnBuyCommand
L 08/22/2022 - 01:34:56: [SM] Exception reported: Array index out-of-bounds (index 64, limit 55)
L 08/22/2022 - 01:34:56: [SM] Blaming: weapon_restrict.smx
L 08/22/2022 - 01:34:56: [SM] Call stack trace:
L 08/22/2022 - 01:34:56: [SM]   [1] Line 202, restrictinc/events.sp::CS_OnBuyCommand
L 08/22/2022 - 01:34:56: [SM] Exception reported: Array index out-of-bounds (index 64, limit 55)
L 08/22/2022 - 01:34:56: [SM] Blaming: weapon_restrict.smx
L 08/22/2022 - 01:34:56: [SM] Call stack trace:
L 08/22/2022 - 01:34:56: [SM]   [1] Line 202, restrictinc/events.sp::CS_OnBuyCommand
L 08/22/2022 - 01:34:56: [SM] Exception reported: Array index out-of-bounds (index 64, limit 55)
L 08/22/2022 - 01:34:56: [SM] Blaming: weapon_restrict.smx
L 08/22/2022 - 01:34:56: [SM] Call stack trace:
L 08/22/2022 - 01:34:56: [SM]   [1] Line 202, restrictinc/events.sp::CS_OnBuyCommand
L 08/22/2022 - 01:34:56: [SM] Exception reported: Array index out-of-bounds (index 64, limit 55)
L 08/22/2022 - 01:34:56: [SM] Blaming: weapon_restrict.smx
L 08/22/2022 - 01:34:56: [SM] Call stack trace:
L 08/22/2022 - 01:34:56: [SM]   [1] Line 202, restrictinc/events.sp::CS_OnBuyCommand
L 08/22/2022 - 01:34:56: [SM] Exception reported: Array index out-of-bounds (index 64, limit 55)
L 08/22/2022 - 01:34:56: [SM] Blaming: weapon_restrict.smx
L 08/22/2022 - 01:34:56: [SM] Call stack trace:
L 08/22/2022 - 01:34:56: [SM]   [1] Line 202, restrictinc/events.sp::CS_OnBuyCommand
L 08/22/2022 - 01:34:56: [SM] Exception reported: Array index out-of-bounds (index 64, limit 55)
L 08/22/2022 - 01:34:56: [SM] Blaming: weapon_restrict.smx
L 08/22/2022 - 01:34:56: [SM] Call stack trace:
L 08/22/2022 - 01:34:56: [SM]   [1] Line 202, restrictinc/events.sp::CS_OnBuyCommand
L 08/22/2022 - 01:34:56: [SM] Exception reported: Array index out-of-bounds (index 64, limit 55)
L 08/22/2022 - 01:34:56: [SM] Blaming: weapon_restrict.smx
L 08/22/2022 - 01:34:56: [SM] Call stack trace:
L 08/22/2022 - 01:34:56: [SM]   [1] Line 202, restrictinc/events.sp::CS_OnBuyCommand
L 08/22/2022 - 01:34:56: [SM] Exception reported: Array index out-of-bounds (index 64, limit 55)
L 08/22/2022 - 01:34:56: [SM] Blaming: weapon_restrict.smx
L 08/22/2022 - 01:34:56: [SM] Call stack trace:
L 08/22/2022 - 01:34:56: [SM]   [1] Line 202, restrictinc/events.sp::CS_OnBuyCommand
L 08/22/2022 - 01:34:56: [SM] Exception reported: Array index out-of-bounds (index 64, limit 55)
L 08/22/2022 - 01:34:56: [SM] Blaming: weapon_restrict.smx
L 08/22/2022 - 01:34:56: [SM] Call stack trace:
L 08/22/2022 - 01:34:56: [SM]   [1] Line 202, restrictinc/events.sp::CS_OnBuyCommand
L 08/22/2022 - 01:34:56: [SM] Exception reported: Array index out-of-bounds (index 64, limit 55)
L 08/22/2022 - 01:34:56: [SM] Blaming: weapon_restrict.smx
L 08/22/2022 - 01:34:56: [SM] Call stack trace:
L 08/22/2022 - 01:34:56: [SM]   [1] Line 202, restrictinc/events.sp::CS_OnBuyCommand
L 08/22/2022 - 01:34:56: [SM] Exception reported: Array index out-of-bounds (index 64, limit 55)
L 08/22/2022 - 01:34:56: [SM] Blaming: weapon_restrict.smx
L 08/22/2022 - 01:34:56: [SM] Call stack trace:
L 08/22/2022 - 01:34:56: [SM]   [1] Line 202, restrictinc/events.sp::CS_OnBuyCommand
L 08/22/2022 - 01:34:56: [SM] Exception reported: Array index out-of-bounds (index 64, limit 55)
L 08/22/2022 - 01:34:56: [SM] Blaming: weapon_restrict.smx
L 08/22/2022 - 01:34:56: [SM] Call stack trace:
L 08/22/2022 - 01:34:56: [SM]   [1] Line 202, restrictinc/events.sp::CS_OnBuyCommand
L 08/22/2022 - 01:34:56: [SM] Exception reported: Array index out-of-bounds (index 64, limit 55)
L 08/22/2022 - 01:34:56: [SM] Blaming: weapon_restrict.smx
L 08/22/2022 - 01:34:56: [SM] Call stack trace:
L 08/22/2022 - 01:34:56: [SM]   [1] Line 202, restrictinc/events.sp::CS_OnBuyCommand
L 08/22/2022 - 01:34:56: [SM] Exception reported: Array index out-of-bounds (index 64, limit 55)
L 08/22/2022 - 01:34:56: [SM] Blaming: weapon_restrict.smx
L 08/22/2022 - 01:34:56: [SM] Call stack trace:
L 08/22/2022 - 01:34:56: [SM]   [1] Line 202, restrictinc/events.sp::CS_OnBuyCommand
L 08/22/2022 - 01:34:56: [SM] Exception reported: Array index out-of-bounds (index 64, limit 55)
L 08/22/2022 - 01:34:56: [SM] Blaming: weapon_restrict.smx
L 08/22/2022 - 01:34:56: [SM] Call stack trace:
L 08/22/2022 - 01:34:56: [SM]   [1] Line 202, restrictinc/events.sp::CS_OnBuyCommand
L 08/22/2022 - 01:34:56: [SM] Exception reported: Array index out-of-bounds (index 64, limit 55)
L 08/22/2022 - 01:34:56: [SM] Blaming: weapon_restrict.smx
L 08/22/2022 - 01:34:56: [SM] Call stack trace:
L 08/22/2022 - 01:34:56: [SM]   [1] Line 202, restrictinc/events.sp::CS_OnBuyCommand
L 08/22/2022 - 01:34:56: [SM] Exception reported: Array index out-of-bounds (index 64, limit 55)
L 08/22/2022 - 01:34:56: [SM] Blaming: weapon_restrict.smx
L 08/22/2022 - 01:34:56: [SM] Call stack trace:
L 08/22/2022 - 01:34:56: [SM]   [1] Line 202, restrictinc/events.sp::CS_OnBuyCommand
L 08/22/2022 - 01:34:56: [SM] Exception reported: Array index out-of-bounds (index 64, limit 55)
L 08/22/2022 - 01:34:56: [SM] Blaming: weapon_restrict.smx
L 08/22/2022 - 01:34:56: [SM] Call stack trace:
L 08/22/2022 - 01:34:56: [SM]   [1] Line 202, restrictinc/events.sp::CS_OnBuyCommand
L 08/22/2022 - 01:34:56: [SM] Exception reported: Array index out-of-bounds (index 64, limit 55)
L 08/22/2022 - 01:34:56: [SM] Blaming: weapon_restrict.smx
L 08/22/2022 - 01:34:56: [SM] Call stack trace:
L 08/22/2022 - 01:34:56: [SM]   [1] Line 202, restrictinc/events.sp::CS_OnBuyCommand
L 08/22/2022 - 01:34:56: [SM] Exception reported: Array index out-of-bounds (index 64, limit 55)
L 08/22/2022 - 01:34:56: [SM] Blaming: weapon_restrict.smx
L 08/22/2022 - 01:34:56: [SM] Call stack trace:
L 08/22/2022 - 01:34:56: [SM]   [1] Line 202, restrictinc/events.sp::CS_OnBuyCommand
L 08/22/2022 - 01:34:56: [SM] Exception reported: Array index out-of-bounds (index 64, limit 55)
L 08/22/2022 - 01:34:56: [SM] Blaming: weapon_restrict.smx
L 08/22/2022 - 01:34:56: [SM] Call stack trace:
L 08/22/2022 - 01:34:56: [SM]   [1] Line 202, restrictinc/events.sp::CS_OnBuyCommand
L 08/22/2022 - 01:34:56: [SM] Exception reported: Array index out-of-bounds (index 64, limit 55)
L 08/22/2022 - 01:34:56: [SM] Blaming: weapon_restrict.smx
L 08/22/2022 - 01:34:56: [SM] Call stack trace:
L 08/22/2022 - 01:34:56: [SM]   [1] Line 202, restrictinc/events.sp::CS_OnBuyCommand
L 08/22/2022 - 01:34:56: [SM] Exception reported: Array index out-of-bounds (index 64, limit 55)
L 08/22/2022 - 01:34:56: [SM] Blaming: weapon_restrict.smx
L 08/22/2022 - 01:34:56: [SM] Call stack trace:
L 08/22/2022 - 01:34:56: [SM]   [1] Line 202, restrictinc/events.sp::CS_OnBuyCommand
L 08/22/2022 - 01:34:56: [SM] Exception reported: Array index out-of-bounds (index 64, limit 55)
L 08/22/2022 - 01:34:56: [SM] Blaming: weapon_restrict.smx
L 08/22/2022 - 01:34:56: [SM] Call stack trace:
L 08/22/2022 - 01:34:56: [SM]   [1] Line 202, restrictinc/events.sp::CS_OnBuyCommand
L 08/22/2022 - 01:34:56: [SM] Exception reported: Array index out-of-bounds (index 64, limit 55)
L 08/22/2022 - 01:34:56: [SM] Blaming: weapon_restrict.smx
L 08/22/2022 - 01:34:56: [SM] Call stack trace:
L 08/22/2022 - 01:34:56: [SM]   [1] Line 202, restrictinc/events.sp::CS_OnBuyCommand
L 08/22/2022 - 01:34:56: [SM] Exception reported: Array index out-of-bounds (index 64, limit 55)
L 08/22/2022 - 01:34:56: [SM] Blaming: weapon_restrict.smx
L 08/22/2022 - 01:34:56: [SM] Call stack trace:
L 08/22/2022 - 01:34:56: [SM]   [1] Line 202, restrictinc/events.sp::CS_OnBuyCommand
L 08/22/2022 - 01:34:56: [SM] Exception reported: Array index out-of-bounds (index 64, limit 55)
L 08/22/2022 - 01:34:56: [SM] Blaming: weapon_restrict.smx
L 08/22/2022 - 01:34:56: [SM] Call stack trace:
L 08/22/2022 - 01:34:56: [SM]   [1] Line 202, restrictinc/events.sp::CS_OnBuyCommand
L 08/22/2022 - 01:34:56: [SM] Exception reported: Array index out-of-bounds (index 64, limit 55)
L 08/22/2022 - 01:34:56: [SM] Blaming: weapon_restrict.smx
L 08/22/2022 - 01:34:56: [SM] Call stack trace:
L 08/22/2022 - 01:34:56: [SM]   [1] Line 202, restrictinc/events.sp::CS_OnBuyCommand
L 08/22/2022 - 01:34:56: [SM] Exception reported: Array index out-of-bounds (index 64, limit 55)
L 08/22/2022 - 01:34:56: [SM] Blaming: weapon_restrict.smx
L 08/22/2022 - 01:34:56: [SM] Call stack trace:
L 08/22/2022 - 01:34:56: [SM]   [1] Line 202, restrictinc/events.sp::CS_OnBuyCommand
L 08/22/2022 - 01:34:56: [SM] Exception reported: Array index out-of-bounds (index 64, limit 55)
L 08/22/2022 - 01:34:56: [SM] Blaming: weapon_restrict.smx
L 08/22/2022 - 01:34:56: [SM] Call stack trace:
L 08/22/2022 - 01:34:56: [SM]   [1] Line 202, restrictinc/events.sp::CS_OnBuyCommand
L 08/22/2022 - 01:34:56: [SM] Exception reported: Array index out-of-bounds (index 64, limit 55)
L 08/22/2022 - 01:34:56: [SM] Blaming: weapon_restrict.smx
L 08/22/2022 - 01:34:56: [SM] Call stack trace:
L 08/22/2022 - 01:34:56: [SM]   [1] Line 202, restrictinc/events.sp::CS_OnBuyCommand
L 08/22/2022 - 01:34:56: [SM] Exception reported: Array index out-of-bounds (index 64, limit 55)
L 08/22/2022 - 01:34:56: [SM] Blaming: weapon_restrict.smx
L 08/22/2022 - 01:34:56: [SM] Call stack trace:
L 08/22/2022 - 01:34:56: [SM]   [1] Line 202, restrictinc/events.sp::CS_OnBuyCommand
L 08/22/2022 - 01:34:56: [SM] Exception reported: Array index out-of-bounds (index 64, limit 55)
L 08/22/2022 - 01:34:56: [SM] Blaming: weapon_restrict.smx
L 08/22/2022 - 01:34:56: [SM] Call stack trace:
L 08/22/2022 - 01:34:56: [SM]   [1] Line 202, restrictinc/events.sp::CS_OnBuyCommand
L 08/22/2022 - 01:34:56: [SM] Exception reported: Array index out-of-bounds (index 64, limit 55)
L 08/22/2022 - 01:34:56: [SM] Blaming: weapon_restrict.smx
L 08/22/2022 - 01:34:56: [SM] Call stack trace:
L 08/22/2022 - 01:34:56: [SM]   [1] Line 202, restrictinc/events.sp::CS_OnBuyCommand
L 08/22/2022 - 01:34:56: [SM] Exception reported: Array index out-of-bounds (index 64, limit 55)
L 08/22/2022 - 01:34:56: [SM] Blaming: weapon_restrict.smx
L 08/22/2022 - 01:34:56: [SM] Call stack trace:
L 08/22/2022 - 01:34:56: [SM]   [1] Line 202, restrictinc/events.sp::CS_OnBuyCommand
L 08/22/2022 - 01:34:56: [SM] Exception reported: Array index out-of-bounds (index 64, limit 55)
L 08/22/2022 - 01:34:56: [SM] Blaming: weapon_restrict.smx
L 08/22/2022 - 01:34:56: [SM] Call stack trace:
L 08/22/2022 - 01:34:56: [SM]   [1] Line 202, restrictinc/events.sp::CS_OnBuyCommand
L 08/22/2022 - 01:34:56: [SM] Exception reported: Array index out-of-bounds (index 64, limit 55)
L 08/22/2022 - 01:34:56: [SM] Blaming: weapon_restrict.smx
L 08/22/2022 - 01:34:56: [SM] Call stack trace:
L 08/22/2022 - 01:34:56: [SM]   [1] Line 202, restrictinc/events.sp::CS_OnBuyCommand
L 08/22/2022 - 01:34:56: [SM] Exception reported: Array index out-of-bounds (index 64, limit 55)
L 08/22/2022 - 01:34:56: [SM] Blaming: weapon_restrict.smx
L 08/22/2022 - 01:34:56: [SM] Call stack trace:
L 08/22/2022 - 01:34:56: [SM]   [1] Line 202, restrictinc/events.sp::CS_OnBuyCommand
L 08/22/2022 - 01:34:56: [SM] Exception reported: Array index out-of-bounds (index 64, limit 55)
L 08/22/2022 - 01:34:56: [SM] Blaming: weapon_restrict.smx
L 08/22/2022 - 01:34:56: [SM] Call stack trace:
L 08/22/2022 - 01:34:56: [SM]   [1] Line 202, restrictinc/events.sp::CS_OnBuyCommand
L 08/22/2022 - 01:34:56: [SM] Exception reported: Array index out-of-bounds (index 64, limit 55)
L 08/22/2022 - 01:34:56: [SM] Blaming: weapon_restrict.smx
L 08/22/2022 - 01:34:56: [SM] Call stack trace:
L 08/22/2022 - 01:34:56: [SM]   [1] Line 202, restrictinc/events.sp::CS_OnBuyCommand
L 08/22/2022 - 01:34:56: [SM] Exception reported: Array index out-of-bounds (index 64, limit 55)
L 08/22/2022 - 01:34:56: [SM] Blaming: weapon_restrict.smx
L 08/22/2022 - 01:34:56: [SM] Call stack trace:
L 08/22/2022 - 01:34:56: [SM]   [1] Line 202, restrictinc/events.sp::CS_OnBuyCommand
L 08/22/2022 - 01:34:56: [SM] Exception reported: Array index out-of-bounds (index 64, limit 55)
L 08/22/2022 - 01:34:56: [SM] Blaming: weapon_restrict.smx
L 08/22/2022 - 01:34:56: [SM] Call stack trace:
L 08/22/2022 - 01:34:56: [SM]   [1] Line 202, restrictinc/events.sp::CS_OnBuyCommand
L 08/22/2022 - 01:34:56: [SM] Exception reported: Array index out-of-bounds (index 64, limit 55)
L 08/22/2022 - 01:34:56: [SM] Blaming: weapon_restrict.smx
L 08/22/2022 - 01:34:56: [SM] Call stack trace:
L 08/22/2022 - 01:34:56: [SM]   [1] Line 202, restrictinc/events.sp::CS_OnBuyCommand
L 08/22/2022 - 01:34:56: [SM] Exception reported: Array index out-of-bounds (index 64, limit 55)
L 08/22/2022 - 01:34:56: [SM] Blaming: weapon_restrict.smx
L 08/22/2022 - 01:34:56: [SM] Call stack trace:
L 08/22/2022 - 01:34:56: [SM]   [1] Line 202, restrictinc/events.sp::CS_OnBuyCommand
L 08/22/2022 - 01:34:56: [SM] Exception reported: Array index out-of-bounds (index 64, limit 55)
L 08/22/2022 - 01:34:56: [SM] Blaming: weapon_restrict.smx
L 08/22/2022 - 01:34:56: [SM] Call stack trace:
L 08/22/2022 - 01:34:56: [SM]   [1] Line 202, restrictinc/events.sp::CS_OnBuyCommand
L 08/22/2022 - 01:34:56: [SM] Exception reported: Array index out-of-bounds (index 64, limit 55)
L 08/22/2022 - 01:34:56: [SM] Blaming: weapon_restrict.smx
L 08/22/2022 - 01:34:56: [SM] Call stack trace:
L 08/22/2022 - 01:34:56: [SM]   [1] Line 202, restrictinc/events.sp::CS_OnBuyCommand
L 08/22/2022 - 01:34:56: [SM] Exception reported: Array index out-of-bounds (index 64, limit 55)
L 08/22/2022 - 01:34:56: [SM] Blaming: weapon_restrict.smx
L 08/22/2022 - 01:34:56: [SM] Call stack trace:
L 08/22/2022 - 01:34:56: [SM]   [1] Line 202, restrictinc/events.sp::CS_OnBuyCommand
L 08/22/2022 - 01:34:56: [SM] Exception reported: Array index out-of-bounds (index 64, limit 55)
L 08/22/2022 - 01:34:56: [SM] Blaming: weapon_restrict.smx
L 08/22/2022 - 01:34:56: [SM] Call stack trace:
L 08/22/2022 - 01:34:56: [SM]   [1] Line 202, restrictinc/events.sp::CS_OnBuyCommand
L 08/22/2022 - 01:34:56: [SM] Exception reported: Array index out-of-bounds (index 64, limit 55)
L 08/22/2022 - 01:34:56: [SM] Blaming: weapon_restrict.smx
L 08/22/2022 - 01:34:56: [SM] Call stack trace:
L 08/22/2022 - 01:34:56: [SM]   [1] Line 202, restrictinc/events.sp::CS_OnBuyCommand
L 08/22/2022 - 01:34:56: [SM] Exception reported: Array index out-of-bounds (index 64, limit 55)
L 08/22/2022 - 01:34:56: [SM] Blaming: weapon_restrict.smx
L 08/22/2022 - 01:34:56: [SM] Call stack trace:
L 08/22/2022 - 01:34:56: [SM]   [1] Line 202, restrictinc/events.sp::CS_OnBuyCommand
L 08/22/2022 - 01:34:56: [SM] Exception reported: Array index out-of-bounds (index 64, limit 55)
L 08/22/2022 - 01:34:56: [SM] Blaming: weapon_restrict.smx
L 08/22/2022 - 01:34:56: [SM] Call stack trace:
L 08/22/2022 - 01:34:56: [SM]   [1] Line 202, restrictinc/events.sp::CS_OnBuyCommand
L 08/22/2022 - 01:34:56: [SM] Exception reported: Array index out-of-bounds (index 64, limit 55)
L 08/22/2022 - 01:34:56: [SM] Blaming: weapon_restrict.smx
L 08/22/2022 - 01:34:56: [SM] Call stack trace:
L 08/22/2022 - 01:34:56: [SM]   [1] Line 202, restrictinc/events.sp::CS_OnBuyCommand
L 08/22/2022 - 01:34:56: [SM] Exception reported: Array index out-of-bounds (index 64, limit 55)
L 08/22/2022 - 01:34:56: [SM] Blaming: weapon_restrict.smx
L 08/22/2022 - 01:34:56: [SM] Call stack trace:
L 08/22/2022 - 01:34:56: [SM]   [1] Line 202, restrictinc/events.sp::CS_OnBuyCommand
L 08/22/2022 - 01:34:56: [SM] Exception reported: Array index out-of-bounds (index 64, limit 55)
L 08/22/2022 - 01:34:56: [SM] Blaming: weapon_restrict.smx
L 08/22/2022 - 01:34:56: [SM] Call stack trace:
L 08/22/2022 - 01:34:56: [SM]   [1] Line 202, restrictinc/events.sp::CS_OnBuyCommand
L 08/22/2022 - 01:34:56: [SM] Exception reported: Array index out-of-bounds (index 64, limit 55)
L 08/22/2022 - 01:34:56: [SM] Blaming: weapon_restrict.smx
L 08/22/2022 - 01:34:56: [SM] Call stack trace:
L 08/22/2022 - 01:34:56: [SM]   [1] Line 202, restrictinc/events.sp::CS_OnBuyCommand
L 08/22/2022 - 01:34:56: [SM] Exception reported: Array index out-of-bounds (index 64, limit 55)
L 08/22/2022 - 01:34:56: [SM] Blaming: weapon_restrict.smx
L 08/22/2022 - 01:34:56: [SM] Call stack trace:
L 08/22/2022 - 01:34:56: [SM]   [1] Line 202, restrictinc/events.sp::CS_OnBuyCommand
L 08/22/2022 - 02:15:38: Error log file session closed.
L 08/22/2022 - 02:15:58: SourceMod error session started
L 08/22/2022 - 02:15:58: Info (map "de_mirage") (file "/home/csgo/csgo/addons/sourcemod/logs/errors_20220822.log")
L 08/22/2022 - 02:15:58: [SM] Exception reported: Array index out-of-bounds (index 64, limit 55)
L 08/22/2022 - 02:15:58: [SM] Blaming: weapon_restrict.smx
L 08/22/2022 - 02:15:58: [SM] Call stack trace:
L 08/22/2022 - 02:15:58: [SM]   [1] Line 202, restrictinc/events.sp::CS_OnBuyCommand
L 08/22/2022 - 02:15:59: [SM] Exception reported: Array index out-of-bounds (index 64, limit 55)
L 08/22/2022 - 02:15:59: [SM] Blaming: weapon_restrict.smx
L 08/22/2022 - 02:15:59: [SM] Call stack trace:
L 08/22/2022 - 02:15:59: [SM]   [1] Line 202, restrictinc/events.sp::CS_OnBuyCommand
L 08/22/2022 - 06:09:06: Error log file session closed.
L 08/22/2022 - 14:21:47: SourceMod error session started
L 08/22/2022 - 14:21:47: Info (map "de_vertigo") (file "/home/csgo/csgo/addons/sourcemod/logs/errors_20220822.log")
L 08/22/2022 - 14:21:47: [warmod.smx] Plug-in tEasyFTP.smx required to auto upload demos
L 08/22/2022 - 14:23:10: [warmod.smx] Plug-in tEasyFTP.smx required to auto upload demos
L 08/22/2022 - 14:49:59: [warmod.smx] Plug-in tEasyFTP.smx required to auto upload demos
L 08/22/2022 - 14:53:14: Error log file session closed.
L 08/22/2022 - 15:09:55: SourceMod error session started
L 08/22/2022 - 15:09:55: Info (map "de_train") (file "/home/csgo/csgo/addons/sourcemod/logs/errors_20220822.log")
L 08/22/2022 - 15:09:55: [warmod.smx] Plug-in tEasyFTP.smx required to auto upload demos
L 08/22/2022 - 15:47:01: Error log file session closed.
L 08/22/2022 - 16:31:32: SourceMod error session started
L 08/22/2022 - 16:31:32: Info (map "de_mirage") (file "/home/csgo/csgo/addons/sourcemod/logs/errors_20220822.log")
L 08/22/2022 - 16:31:32: [SM] Exception reported: Array index out-of-bounds (index 64, limit 55)
L 08/22/2022 - 16:31:32: [SM] Blaming: weapon_restrict.smx
L 08/22/2022 - 16:31:32: [SM] Call stack trace:
L 08/22/2022 - 16:31:32: [SM]   [1] Line 202, restrictinc/events.sp::CS_OnBuyCommand
L 08/22/2022 - 16:31:40: [SM] Exception reported: Array index out-of-bounds (index 64, limit 55)
L 08/22/2022 - 16:31:40: [SM] Blaming: weapon_restrict.smx
L 08/22/2022 - 16:31:40: [SM] Call stack trace:
L 08/22/2022 - 16:31:40: [SM]   [1] Line 202, restrictinc/events.sp::CS_OnBuyCommand
L 08/22/2022 - 16:31:54: [SM] Exception reported: Array index out-of-bounds (index 64, limit 55)
L 08/22/2022 - 16:31:54: [SM] Blaming: weapon_restrict.smx
L 08/22/2022 - 16:31:54: [SM] Call stack trace:
L 08/22/2022 - 16:31:54: [SM]   [1] Line 202, restrictinc/events.sp::CS_OnBuyCommand
L 08/22/2022 - 16:31:56: [SM] Exception reported: Array index out-of-bounds (index 64, limit 55)
L 08/22/2022 - 16:31:56: [SM] Blaming: weapon_restrict.smx
L 08/22/2022 - 16:31:56: [SM] Call stack trace:
L 08/22/2022 - 16:31:56: [SM]   [1] Line 202, restrictinc/events.sp::CS_OnBuyCommand
L 08/22/2022 - 16:33:56: [SM] Exception reported: Array index out-of-bounds (index 64, limit 55)
L 08/22/2022 - 16:33:56: [SM] Blaming: weapon_restrict.smx
L 08/22/2022 - 16:33:56: [SM] Call stack trace:
L 08/22/2022 - 16:33:56: [SM]   [1] Line 202, restrictinc/events.sp::CS_OnBuyCommand
L 08/22/2022 - 16:37:32: [SM] Exception reported: Array index out-of-bounds (index 63, limit 55)
L 08/22/2022 - 16:37:32: [SM] Blaming: weapon_restrict.smx
L 08/22/2022 - 16:37:32: [SM] Call stack trace:
L 08/22/2022 - 16:37:32: [SM]   [1] Line 202, restrictinc/events.sp::CS_OnBuyCommand
L 08/22/2022 - 16:39:34: [SM] Exception reported: Array index out-of-bounds (index 64, limit 55)
L 08/22/2022 - 16:39:34: [SM] Blaming: weapon_restrict.smx
L 08/22/2022 - 16:39:34: [SM] Call stack trace:
L 08/22/2022 - 16:39:34: [SM]   [1] Line 202, restrictinc/events.sp::CS_OnBuyCommand
L 08/22/2022 - 16:40:46: [SM] Exception reported: Array index out-of-bounds (index 64, limit 55)
L 08/22/2022 - 16:40:46: [SM] Blaming: weapon_restrict.smx
L 08/22/2022 - 16:40:46: [SM] Call stack trace:
L 08/22/2022 - 16:40:46: [SM]   [1] Line 202, restrictinc/events.sp::CS_OnBuyCommand
L 08/22/2022 - 16:41:33: [SM] Exception reported: Array index out-of-bounds (index 64, limit 55)
L 08/22/2022 - 16:41:33: [SM] Blaming: weapon_restrict.smx
L 08/22/2022 - 16:41:33: [SM] Call stack trace:
L 08/22/2022 - 16:41:33: [SM]   [1] Line 202, restrictinc/events.sp::CS_OnBuyCommand
L 08/22/2022 - 16:43:02: [SM] Exception reported: Array index out-of-bounds (index 63, limit 55)
L 08/22/2022 - 16:43:02: [SM] Blaming: weapon_restrict.smx
L 08/22/2022 - 16:43:02: [SM] Call stack trace:
L 08/22/2022 - 16:43:02: [SM]   [1] Line 202, restrictinc/events.sp::CS_OnBuyCommand
L 08/22/2022 - 16:44:20: [SM] Exception reported: Array index out-of-bounds (index 64, limit 55)
L 08/22/2022 - 16:44:20: [SM] Blaming: weapon_restrict.smx
L 08/22/2022 - 16:44:20: [SM] Call stack trace:
L 08/22/2022 - 16:44:20: [SM]   [1] Line 202, restrictinc/events.sp::CS_OnBuyCommand
L 08/22/2022 - 17:40:00: Error log file session closed.
L 08/22/2022 - 17:57:36: SourceMod error session started
L 08/22/2022 - 17:57:36: Info (map "de_mirage") (file "/home/csgo/csgo/addons/sourcemod/logs/errors_20220822.log")
L 08/22/2022 - 17:57:36: [SM] Exception reported: Array index out-of-bounds (index 64, limit 55)
L 08/22/2022 - 17:57:36: [SM] Blaming: weapon_restrict.smx
L 08/22/2022 - 17:57:36: [SM] Call stack trace:
L 08/22/2022 - 17:57:36: [SM]   [1] Line 202, restrictinc/events.sp::CS_OnBuyCommand
L 08/22/2022 - 17:57:52: [SM] Exception reported: Array index out-of-bounds (index 64, limit 55)
L 08/22/2022 - 17:57:52: [SM] Blaming: weapon_restrict.smx
L 08/22/2022 - 17:57:52: [SM] Call stack trace:
L 08/22/2022 - 17:57:52: [SM]   [1] Line 202, restrictinc/events.sp::CS_OnBuyCommand
L 08/22/2022 - 19:13:35: Error log file session closed.
