L 11/01/2022 - 12:00:16: SourceMod error session started
L 11/01/2022 - 12:00:16: Info (map "de_dust2") (file "/badfupo/server1/csgo/addons/sourcemod/logs/errors_20221101.log")
L 11/01/2022 - 12:00:16: [SM] Exception reported: Array index out-of-bounds (index 64, limit 55)
L 11/01/2022 - 12:00:16: [SM] Blaming: weapon_restrict.smx
L 11/01/2022 - 12:00:16: [SM] Call stack trace:
L 11/01/2022 - 12:00:16: [SM]   [1] Line 202, restrictinc/events.sp::CS_OnBuyCommand
L 11/01/2022 - 12:04:23: [SM] Exception reported: Array index out-of-bounds (index 64, limit 55)
L 11/01/2022 - 12:04:23: [SM] Blaming: weapon_restrict.smx
L 11/01/2022 - 12:04:23: [SM] Call stack trace:
L 11/01/2022 - 12:04:23: [SM]   [1] Line 202, restrictinc/events.sp::CS_OnBuyCommand
L 11/01/2022 - 12:05:04: [warmod.smx] Plug-in tEasyFTP.smx required to auto upload demos
L 11/01/2022 - 12:05:32: Error log file session closed.
L 11/01/2022 - 12:06:59: SourceMod error session started
L 11/01/2022 - 12:06:59: Info (map "de_dust2") (file "/badfupo/server1/csgo/addons/sourcemod/logs/errors_20221101.log")
L 11/01/2022 - 12:06:59: [levelsranks.smx] SQL_TransactionFailure (1): Lost connection to MySQL server during query (-1)
L 11/01/2022 - 12:16:39: [warmod.smx] Plug-in tEasyFTP.smx required to auto upload demos
L 11/01/2022 - 12:38:26: Error log file session closed.
L 11/01/2022 - 12:51:29: SourceMod error session started
L 11/01/2022 - 12:51:29: Info (map "de_dust2") (file "/badfupo/server1/csgo/addons/sourcemod/logs/errors_20221101.log")
L 11/01/2022 - 12:51:29: [SM] Exception reported: Array index out-of-bounds (index 64, limit 55)
L 11/01/2022 - 12:51:29: [SM] Blaming: weapon_restrict.smx
L 11/01/2022 - 12:51:29: [SM] Call stack trace:
L 11/01/2022 - 12:51:29: [SM]   [1] Line 202, restrictinc/events.sp::CS_OnBuyCommand
L 11/01/2022 - 12:52:30: [warmod.smx] Plug-in tEasyFTP.smx required to auto upload demos
L 11/01/2022 - 12:52:58: Error log file session closed.
