L 08/16/2022 - 00:34:14: SourceMod error session started
L 08/16/2022 - 00:34:14: Info (map "de_mirage") (file "/home/csgo/csgo/addons/sourcemod/logs/errors_20220816.log")
L 08/16/2022 - 00:34:14: [SM] Fatal error encountered parsing translation file "movecommands.phrases.txt"
L 08/16/2022 - 00:34:14: [SM] Error (line 0, column 0): Stream failed to open
L 08/16/2022 - 00:38:15: Error log file session closed.
L 08/16/2022 - 00:38:15: SourceMod error session started
L 08/16/2022 - 00:38:15: Info (map "de_mirage") (file "/home/csgo/csgo/addons/sourcemod/logs/errors_20220816.log")
L 08/16/2022 - 00:38:15: [SM] Fatal error encountered parsing translation file "movecommands.phrases.txt"
L 08/16/2022 - 00:38:15: [SM] Error (line 0, column 0): Stream failed to open
L 08/16/2022 - 00:38:41: [c5_pug.smx] GOTV demo could not be recorded since tv_enable is not set to 1
L 08/16/2022 - 00:39:36: [SM] Exception reported: Array index out-of-bounds (index 64, limit 55)
L 08/16/2022 - 00:39:36: [SM] Blaming: weapon_restrict.smx
L 08/16/2022 - 00:39:36: [SM] Call stack trace:
L 08/16/2022 - 00:39:36: [SM]   [1] Line 202, restrictinc/events.sp::CS_OnBuyCommand
L 08/16/2022 - 00:39:40: [SM] Exception reported: Array index out-of-bounds (index 64, limit 55)
L 08/16/2022 - 00:39:40: [SM] Blaming: weapon_restrict.smx
L 08/16/2022 - 00:39:40: [SM] Call stack trace:
L 08/16/2022 - 00:39:40: [SM]   [1] Line 202, restrictinc/events.sp::CS_OnBuyCommand
L 08/16/2022 - 00:54:25: [SM] Exception reported: Array index out-of-bounds (index 64, limit 55)
L 08/16/2022 - 00:54:25: [SM] Blaming: weapon_restrict.smx
L 08/16/2022 - 00:54:25: [SM] Call stack trace:
L 08/16/2022 - 00:54:25: [SM]   [1] Line 202, restrictinc/events.sp::CS_OnBuyCommand
L 08/16/2022 - 00:55:33: Error log file session closed.
L 08/16/2022 - 00:55:33: SourceMod error session started
L 08/16/2022 - 00:55:33: Info (map "de_nuke") (file "/home/csgo/csgo/addons/sourcemod/logs/errors_20220816.log")
L 08/16/2022 - 00:55:33: [SM] Fatal error encountered parsing translation file "movecommands.phrases.txt"
L 08/16/2022 - 00:55:33: [SM] Error (line 0, column 0): Stream failed to open
L 08/16/2022 - 00:56:44: [c5_pug.smx] GOTV demo could not be recorded since tv_enable is not set to 1
L 08/16/2022 - 01:03:49: [SM] Exception reported: Array index out-of-bounds (index 64, limit 55)
L 08/16/2022 - 01:03:49: [SM] Blaming: weapon_restrict.smx
L 08/16/2022 - 01:03:49: [SM] Call stack trace:
L 08/16/2022 - 01:03:49: [SM]   [1] Line 202, restrictinc/events.sp::CS_OnBuyCommand
L 08/16/2022 - 01:09:07: [SM] Exception reported: Array index out-of-bounds (index 64, limit 55)
L 08/16/2022 - 01:09:07: [SM] Blaming: weapon_restrict.smx
L 08/16/2022 - 01:09:07: [SM] Call stack trace:
L 08/16/2022 - 01:09:07: [SM]   [1] Line 202, restrictinc/events.sp::CS_OnBuyCommand
L 08/16/2022 - 01:10:05: [SM] Exception reported: Array index out-of-bounds (index 64, limit 55)
L 08/16/2022 - 01:10:05: [SM] Blaming: weapon_restrict.smx
L 08/16/2022 - 01:10:05: [SM] Call stack trace:
L 08/16/2022 - 01:10:05: [SM]   [1] Line 202, restrictinc/events.sp::CS_OnBuyCommand
L 08/16/2022 - 01:11:09: [SM] Exception reported: Array index out-of-bounds (index 64, limit 55)
L 08/16/2022 - 01:11:09: [SM] Blaming: weapon_restrict.smx
L 08/16/2022 - 01:11:09: [SM] Call stack trace:
L 08/16/2022 - 01:11:09: [SM]   [1] Line 202, restrictinc/events.sp::CS_OnBuyCommand
L 08/16/2022 - 01:11:15: [SM] Exception reported: Array index out-of-bounds (index 64, limit 55)
L 08/16/2022 - 01:11:15: [SM] Blaming: weapon_restrict.smx
L 08/16/2022 - 01:11:15: [SM] Call stack trace:
L 08/16/2022 - 01:11:15: [SM]   [1] Line 202, restrictinc/events.sp::CS_OnBuyCommand
L 08/16/2022 - 01:17:39: [SM] Exception reported: Array index out-of-bounds (index 64, limit 55)
L 08/16/2022 - 01:17:39: [SM] Blaming: weapon_restrict.smx
L 08/16/2022 - 01:17:39: [SM] Call stack trace:
L 08/16/2022 - 01:17:39: [SM]   [1] Line 202, restrictinc/events.sp::CS_OnBuyCommand
L 08/16/2022 - 01:18:53: [SM] Exception reported: Array index out-of-bounds (index 64, limit 55)
L 08/16/2022 - 01:18:53: [SM] Blaming: weapon_restrict.smx
L 08/16/2022 - 01:18:53: [SM] Call stack trace:
L 08/16/2022 - 01:18:53: [SM]   [1] Line 202, restrictinc/events.sp::CS_OnBuyCommand
L 08/16/2022 - 03:14:44: Error log file session closed.
L 08/16/2022 - 03:14:44: SourceMod error session started
L 08/16/2022 - 03:14:44: Info (map "de_nuke") (file "/home/csgo/csgo/addons/sourcemod/logs/errors_20220816.log")
L 08/16/2022 - 03:14:44: [SM] Fatal error encountered parsing translation file "movecommands.phrases.txt"
L 08/16/2022 - 03:14:44: [SM] Error (line 0, column 0): Stream failed to open
L 08/16/2022 - 03:15:29: [SM] Exception reported: Client 2 is not in game
L 08/16/2022 - 03:15:29: [SM] Blaming: c5_pug_voteend.smx
L 08/16/2022 - 03:15:29: [SM] Call stack trace:
L 08/16/2022 - 03:15:29: [SM]   [0] GetClientTeam
L 08/16/2022 - 03:15:29: [SM]   [1] Line 56, F:\Code\sourcepawn\addons\sourcemod\scripting\c5_pug_voteend.sp::OnClientDisconnect
L 08/16/2022 - 03:15:30: Error log file session closed.
L 08/16/2022 - 03:15:30: SourceMod error session started
L 08/16/2022 - 03:15:30: Info (map "de_mirage") (file "/home/csgo/csgo/addons/sourcemod/logs/errors_20220816.log")
L 08/16/2022 - 03:15:30: [SM] Fatal error encountered parsing translation file "movecommands.phrases.txt"
L 08/16/2022 - 03:15:30: [SM] Error (line 0, column 0): Stream failed to open
L 08/16/2022 - 03:16:13: [c5_pug.smx] GOTV demo could not be recorded since tv_enable is not set to 1
L 08/16/2022 - 03:17:11: [SM] Exception reported: Array index out-of-bounds (index 64, limit 55)
L 08/16/2022 - 03:17:11: [SM] Blaming: weapon_restrict.smx
L 08/16/2022 - 03:17:11: [SM] Call stack trace:
L 08/16/2022 - 03:17:11: [SM]   [1] Line 202, restrictinc/events.sp::CS_OnBuyCommand
L 08/16/2022 - 03:27:23: [SM] Exception reported: Array index out-of-bounds (index 64, limit 55)
L 08/16/2022 - 03:27:23: [SM] Blaming: weapon_restrict.smx
L 08/16/2022 - 03:27:23: [SM] Call stack trace:
L 08/16/2022 - 03:27:23: [SM]   [1] Line 202, restrictinc/events.sp::CS_OnBuyCommand
L 08/16/2022 - 03:39:36: Error log file session closed.
L 08/16/2022 - 03:39:36: SourceMod error session started
L 08/16/2022 - 03:39:36: Info (map "de_mirage") (file "/home/csgo/csgo/addons/sourcemod/logs/errors_20220816.log")
L 08/16/2022 - 03:39:36: [SM] Fatal error encountered parsing translation file "movecommands.phrases.txt"
L 08/16/2022 - 03:39:36: [SM] Error (line 0, column 0): Stream failed to open
L 08/16/2022 - 03:45:59: [c5_pug.smx] GOTV demo could not be recorded since tv_enable is not set to 1
L 08/16/2022 - 03:46:43: [SM] Exception reported: Array index out-of-bounds (index 64, limit 55)
L 08/16/2022 - 03:46:43: [SM] Blaming: weapon_restrict.smx
L 08/16/2022 - 03:46:43: [SM] Call stack trace:
L 08/16/2022 - 03:46:43: [SM]   [1] Line 202, restrictinc/events.sp::CS_OnBuyCommand
L 08/16/2022 - 03:58:58: [SM] Exception reported: Array index out-of-bounds (index 64, limit 55)
L 08/16/2022 - 03:58:58: [SM] Blaming: weapon_restrict.smx
L 08/16/2022 - 03:58:58: [SM] Call stack trace:
L 08/16/2022 - 03:58:58: [SM]   [1] Line 202, restrictinc/events.sp::CS_OnBuyCommand
L 08/16/2022 - 04:17:10: [c5_pug.smx] GOTV demo could not be recorded since tv_enable is not set to 1
L 08/16/2022 - 04:17:50: [SM] Exception reported: Array index out-of-bounds (index 64, limit 55)
L 08/16/2022 - 04:17:50: [SM] Blaming: weapon_restrict.smx
L 08/16/2022 - 04:17:50: [SM] Call stack trace:
L 08/16/2022 - 04:17:50: [SM]   [1] Line 202, restrictinc/events.sp::CS_OnBuyCommand
L 08/16/2022 - 04:17:53: [SM] Exception reported: Array index out-of-bounds (index 64, limit 55)
L 08/16/2022 - 04:17:53: [SM] Blaming: weapon_restrict.smx
L 08/16/2022 - 04:17:53: [SM] Call stack trace:
L 08/16/2022 - 04:17:53: [SM]   [1] Line 202, restrictinc/events.sp::CS_OnBuyCommand
L 08/16/2022 - 04:31:55: [SM] Exception reported: Array index out-of-bounds (index 64, limit 55)
L 08/16/2022 - 04:31:55: [SM] Blaming: weapon_restrict.smx
L 08/16/2022 - 04:31:55: [SM] Call stack trace:
L 08/16/2022 - 04:31:55: [SM]   [1] Line 202, restrictinc/events.sp::CS_OnBuyCommand
L 08/16/2022 - 04:32:06: [SM] Exception reported: Array index out-of-bounds (index 64, limit 55)
L 08/16/2022 - 04:32:06: [SM] Blaming: weapon_restrict.smx
L 08/16/2022 - 04:32:06: [SM] Call stack trace:
L 08/16/2022 - 04:32:06: [SM]   [1] Line 202, restrictinc/events.sp::CS_OnBuyCommand
L 08/16/2022 - 04:49:16: [c5_pug.smx] GOTV demo could not be recorded since tv_enable is not set to 1
L 08/16/2022 - 04:50:07: [SM] Exception reported: Array index out-of-bounds (index 64, limit 55)
L 08/16/2022 - 04:50:07: [SM] Blaming: weapon_restrict.smx
L 08/16/2022 - 04:50:07: [SM] Call stack trace:
L 08/16/2022 - 04:50:07: [SM]   [1] Line 202, restrictinc/events.sp::CS_OnBuyCommand
L 08/16/2022 - 05:03:51: [SM] Exception reported: Array index out-of-bounds (index 64, limit 55)
L 08/16/2022 - 05:03:51: [SM] Blaming: weapon_restrict.smx
L 08/16/2022 - 05:03:51: [SM] Call stack trace:
L 08/16/2022 - 05:03:51: [SM]   [1] Line 202, restrictinc/events.sp::CS_OnBuyCommand
L 08/16/2022 - 07:17:30: Error log file session closed.
L 08/16/2022 - 07:17:30: SourceMod error session started
L 08/16/2022 - 07:17:30: Info (map "de_mirage") (file "/home/csgo/csgo/addons/sourcemod/logs/errors_20220816.log")
L 08/16/2022 - 07:17:30: [SM] Fatal error encountered parsing translation file "movecommands.phrases.txt"
L 08/16/2022 - 07:17:30: [SM] Error (line 0, column 0): Stream failed to open
L 08/16/2022 - 07:22:33: Error log file session closed.
L 08/16/2022 - 07:22:33: SourceMod error session started
L 08/16/2022 - 07:22:33: Info (map "de_mirage") (file "/home/csgo/csgo/addons/sourcemod/logs/errors_20220816.log")
L 08/16/2022 - 07:22:33: [SM] Fatal error encountered parsing translation file "movecommands.phrases.txt"
L 08/16/2022 - 07:22:33: [SM] Error (line 0, column 0): Stream failed to open
L 08/16/2022 - 07:23:01: Error log file session closed.
L 08/16/2022 - 07:23:01: SourceMod error session started
L 08/16/2022 - 07:23:01: Info (map "de_overpass") (file "/home/csgo/csgo/addons/sourcemod/logs/errors_20220816.log")
L 08/16/2022 - 07:23:01: [SM] Fatal error encountered parsing translation file "movecommands.phrases.txt"
L 08/16/2022 - 07:23:01: [SM] Error (line 0, column 0): Stream failed to open
L 08/16/2022 - 08:36:43: Error log file session closed.
L 08/16/2022 - 08:36:43: SourceMod error session started
L 08/16/2022 - 08:36:43: Info (map "de_overpass") (file "/home/csgo/csgo/addons/sourcemod/logs/errors_20220816.log")
L 08/16/2022 - 08:36:43: [SM] Fatal error encountered parsing translation file "movecommands.phrases.txt"
L 08/16/2022 - 08:36:43: [SM] Error (line 0, column 0): Stream failed to open
L 08/16/2022 - 08:37:47: Error log file session closed.
L 08/16/2022 - 08:37:47: SourceMod error session started
L 08/16/2022 - 08:37:47: Info (map "de_mirage") (file "/home/csgo/csgo/addons/sourcemod/logs/errors_20220816.log")
L 08/16/2022 - 08:37:47: [SM] Fatal error encountered parsing translation file "movecommands.phrases.txt"
L 08/16/2022 - 08:37:47: [SM] Error (line 0, column 0): Stream failed to open
L 08/16/2022 - 08:39:37: [SM] Exception reported: Array index out-of-bounds (index 64, limit 55)
L 08/16/2022 - 08:39:37: [SM] Blaming: weapon_restrict.smx
L 08/16/2022 - 08:39:37: [SM] Call stack trace:
L 08/16/2022 - 08:39:37: [SM]   [1] Line 202, restrictinc/events.sp::CS_OnBuyCommand
L 08/16/2022 - 09:11:17: [SM] Exception reported: Array index out-of-bounds (index 64, limit 55)
L 08/16/2022 - 09:11:17: [SM] Blaming: weapon_restrict.smx
L 08/16/2022 - 09:11:17: [SM] Call stack trace:
L 08/16/2022 - 09:11:17: [SM]   [1] Line 202, restrictinc/events.sp::CS_OnBuyCommand
L 08/16/2022 - 09:11:19: [SM] Exception reported: Array index out-of-bounds (index 64, limit 55)
L 08/16/2022 - 09:11:19: [SM] Blaming: weapon_restrict.smx
L 08/16/2022 - 09:11:19: [SM] Call stack trace:
L 08/16/2022 - 09:11:19: [SM]   [1] Line 202, restrictinc/events.sp::CS_OnBuyCommand
L 08/16/2022 - 09:11:19: [SM] Exception reported: Array index out-of-bounds (index 64, limit 55)
L 08/16/2022 - 09:11:19: [SM] Blaming: weapon_restrict.smx
L 08/16/2022 - 09:11:19: [SM] Call stack trace:
L 08/16/2022 - 09:11:19: [SM]   [1] Line 202, restrictinc/events.sp::CS_OnBuyCommand
L 08/16/2022 - 09:17:17: [SM] Exception reported: Array index out-of-bounds (index 64, limit 55)
L 08/16/2022 - 09:17:17: [SM] Blaming: weapon_restrict.smx
L 08/16/2022 - 09:17:17: [SM] Call stack trace:
L 08/16/2022 - 09:17:17: [SM]   [1] Line 202, restrictinc/events.sp::CS_OnBuyCommand
L 08/16/2022 - 09:17:18: [SM] Exception reported: Array index out-of-bounds (index 64, limit 55)
L 08/16/2022 - 09:17:18: [SM] Blaming: weapon_restrict.smx
L 08/16/2022 - 09:17:18: [SM] Call stack trace:
L 08/16/2022 - 09:17:18: [SM]   [1] Line 202, restrictinc/events.sp::CS_OnBuyCommand
L 08/16/2022 - 10:19:25: Error log file session closed.
L 08/16/2022 - 10:19:25: SourceMod error session started
L 08/16/2022 - 10:19:25: Info (map "de_mirage") (file "/home/csgo/csgo/addons/sourcemod/logs/errors_20220816.log")
L 08/16/2022 - 10:19:25: [SM] Fatal error encountered parsing translation file "movecommands.phrases.txt"
L 08/16/2022 - 10:19:25: [SM] Error (line 0, column 0): Stream failed to open
L 08/16/2022 - 10:22:23: Error log file session closed.
L 08/16/2022 - 10:22:23: SourceMod error session started
L 08/16/2022 - 10:22:23: Info (map "de_mirage") (file "/home/csgo/csgo/addons/sourcemod/logs/errors_20220816.log")
L 08/16/2022 - 10:22:23: [SM] Fatal error encountered parsing translation file "movecommands.phrases.txt"
L 08/16/2022 - 10:22:23: [SM] Error (line 0, column 0): Stream failed to open
L 08/16/2022 - 10:23:02: [c5_pug.smx] GOTV demo could not be recorded since tv_enable is not set to 1
L 08/16/2022 - 11:06:27: [c5_pug.smx] GOTV demo could not be recorded since tv_enable is not set to 1
L 08/16/2022 - 11:40:02: Error log file session closed.
L 08/16/2022 - 11:40:02: SourceMod error session started
L 08/16/2022 - 11:40:02: Info (map "de_mirage") (file "/home/csgo/csgo/addons/sourcemod/logs/errors_20220816.log")
L 08/16/2022 - 11:40:02: [SM] Fatal error encountered parsing translation file "movecommands.phrases.txt"
L 08/16/2022 - 11:40:02: [SM] Error (line 0, column 0): Stream failed to open
L 08/16/2022 - 11:40:06: [SM] Exception reported: Client 1 is not in game
L 08/16/2022 - 11:40:06: [SM] Blaming: c5_pug_voteend.smx
L 08/16/2022 - 11:40:06: [SM] Call stack trace:
L 08/16/2022 - 11:40:06: [SM]   [0] GetClientTeam
L 08/16/2022 - 11:40:06: [SM]   [1] Line 56, F:\Code\sourcepawn\addons\sourcemod\scripting\c5_pug_voteend.sp::OnClientDisconnect
L 08/16/2022 - 11:41:28: [c5_pug.smx] GOTV demo could not be recorded since tv_enable is not set to 1
L 08/16/2022 - 12:10:36: [c5_pug.smx] GOTV demo could not be recorded since tv_enable is not set to 1
L 08/16/2022 - 12:50:37: Error log file session closed.
L 08/16/2022 - 12:50:37: SourceMod error session started
L 08/16/2022 - 12:50:37: Info (map "de_mirage") (file "/home/csgo/csgo/addons/sourcemod/logs/errors_20220816.log")
L 08/16/2022 - 12:50:37: [SM] Fatal error encountered parsing translation file "movecommands.phrases.txt"
L 08/16/2022 - 12:50:37: [SM] Error (line 0, column 0): Stream failed to open
L 08/16/2022 - 13:03:04: Error log file session closed.
L 08/16/2022 - 13:03:04: SourceMod error session started
L 08/16/2022 - 13:03:04: Info (map "de_mirage") (file "/home/csgo/csgo/addons/sourcemod/logs/errors_20220816.log")
L 08/16/2022 - 13:03:04: [SM] Fatal error encountered parsing translation file "movecommands.phrases.txt"
L 08/16/2022 - 13:03:04: [SM] Error (line 0, column 0): Stream failed to open
L 08/16/2022 - 13:10:37: Error log file session closed.
L 08/16/2022 - 13:10:37: SourceMod error session started
L 08/16/2022 - 13:10:37: Info (map "de_mirage") (file "/home/csgo/csgo/addons/sourcemod/logs/errors_20220816.log")
L 08/16/2022 - 13:10:37: [SM] Fatal error encountered parsing translation file "movecommands.phrases.txt"
L 08/16/2022 - 13:10:37: [SM] Error (line 0, column 0): Stream failed to open
L 08/16/2022 - 13:11:32: [c5_pug.smx] GOTV demo could not be recorded since tv_enable is not set to 1
L 08/16/2022 - 13:13:18: [SM] Exception reported: Array index out-of-bounds (index 64, limit 55)
L 08/16/2022 - 13:13:18: [SM] Blaming: weapon_restrict.smx
L 08/16/2022 - 13:13:18: [SM] Call stack trace:
L 08/16/2022 - 13:13:18: [SM]   [1] Line 202, restrictinc/events.sp::CS_OnBuyCommand
L 08/16/2022 - 13:13:24: [SM] Exception reported: Array index out-of-bounds (index 64, limit 55)
L 08/16/2022 - 13:13:24: [SM] Blaming: weapon_restrict.smx
L 08/16/2022 - 13:13:24: [SM] Call stack trace:
L 08/16/2022 - 13:13:24: [SM]   [1] Line 202, restrictinc/events.sp::CS_OnBuyCommand
L 08/16/2022 - 13:16:40: [SM] Exception reported: Array index out-of-bounds (index 64, limit 55)
L 08/16/2022 - 13:16:40: [SM] Blaming: weapon_restrict.smx
L 08/16/2022 - 13:16:40: [SM] Call stack trace:
L 08/16/2022 - 13:16:40: [SM]   [1] Line 202, restrictinc/events.sp::CS_OnBuyCommand
L 08/16/2022 - 13:19:34: [SM] Exception reported: Array index out-of-bounds (index 64, limit 55)
L 08/16/2022 - 13:19:34: [SM] Blaming: weapon_restrict.smx
L 08/16/2022 - 13:19:34: [SM] Call stack trace:
L 08/16/2022 - 13:19:34: [SM]   [1] Line 202, restrictinc/events.sp::CS_OnBuyCommand
L 08/16/2022 - 13:27:24: [SM] Exception reported: Array index out-of-bounds (index 64, limit 55)
L 08/16/2022 - 13:27:24: [SM] Blaming: weapon_restrict.smx
L 08/16/2022 - 13:27:24: [SM] Call stack trace:
L 08/16/2022 - 13:27:24: [SM]   [1] Line 202, restrictinc/events.sp::CS_OnBuyCommand
L 08/16/2022 - 13:28:37: [SM] Exception reported: Array index out-of-bounds (index 64, limit 55)
L 08/16/2022 - 13:28:37: [SM] Blaming: weapon_restrict.smx
L 08/16/2022 - 13:28:37: [SM] Call stack trace:
L 08/16/2022 - 13:28:37: [SM]   [1] Line 202, restrictinc/events.sp::CS_OnBuyCommand
L 08/16/2022 - 13:30:41: [SM] Exception reported: Array index out-of-bounds (index 64, limit 55)
L 08/16/2022 - 13:30:41: [SM] Blaming: weapon_restrict.smx
L 08/16/2022 - 13:30:41: [SM] Call stack trace:
L 08/16/2022 - 13:30:41: [SM]   [1] Line 202, restrictinc/events.sp::CS_OnBuyCommand
L 08/16/2022 - 13:31:25: [SM] Exception reported: Array index out-of-bounds (index 64, limit 55)
L 08/16/2022 - 13:31:25: [SM] Blaming: weapon_restrict.smx
L 08/16/2022 - 13:31:25: [SM] Call stack trace:
L 08/16/2022 - 13:31:25: [SM]   [1] Line 202, restrictinc/events.sp::CS_OnBuyCommand
L 08/16/2022 - 13:39:22: [SM] Exception reported: Array index out-of-bounds (index 64, limit 55)
L 08/16/2022 - 13:39:22: [SM] Blaming: weapon_restrict.smx
L 08/16/2022 - 13:39:22: [SM] Call stack trace:
L 08/16/2022 - 13:39:22: [SM]   [1] Line 202, restrictinc/events.sp::CS_OnBuyCommand
L 08/16/2022 - 13:39:28: [SM] Exception reported: Array index out-of-bounds (index 64, limit 55)
L 08/16/2022 - 13:39:28: [SM] Blaming: weapon_restrict.smx
L 08/16/2022 - 13:39:28: [SM] Call stack trace:
L 08/16/2022 - 13:39:28: [SM]   [1] Line 202, restrictinc/events.sp::CS_OnBuyCommand
L 08/16/2022 - 13:39:42: [SM] Exception reported: Array index out-of-bounds (index 64, limit 55)
L 08/16/2022 - 13:39:42: [SM] Blaming: weapon_restrict.smx
L 08/16/2022 - 13:39:42: [SM] Call stack trace:
L 08/16/2022 - 13:39:42: [SM]   [1] Line 202, restrictinc/events.sp::CS_OnBuyCommand
L 08/16/2022 - 13:39:50: [SM] Exception reported: Array index out-of-bounds (index 64, limit 55)
L 08/16/2022 - 13:39:50: [SM] Blaming: weapon_restrict.smx
L 08/16/2022 - 13:39:50: [SM] Call stack trace:
L 08/16/2022 - 13:39:50: [SM]   [1] Line 202, restrictinc/events.sp::CS_OnBuyCommand
L 08/16/2022 - 13:40:00: [SM] Exception reported: Array index out-of-bounds (index 64, limit 55)
L 08/16/2022 - 13:40:00: [SM] Blaming: weapon_restrict.smx
L 08/16/2022 - 13:40:00: [SM] Call stack trace:
L 08/16/2022 - 13:40:00: [SM]   [1] Line 202, restrictinc/events.sp::CS_OnBuyCommand
L 08/16/2022 - 13:43:19: [SM] Exception reported: Array index out-of-bounds (index 64, limit 55)
L 08/16/2022 - 13:43:19: [SM] Blaming: weapon_restrict.smx
L 08/16/2022 - 13:43:19: [SM] Call stack trace:
L 08/16/2022 - 13:43:19: [SM]   [1] Line 202, restrictinc/events.sp::CS_OnBuyCommand
L 08/16/2022 - 13:43:56: [SM] Exception reported: Array index out-of-bounds (index 64, limit 55)
L 08/16/2022 - 13:43:56: [SM] Blaming: weapon_restrict.smx
L 08/16/2022 - 13:43:56: [SM] Call stack trace:
L 08/16/2022 - 13:43:56: [SM]   [1] Line 202, restrictinc/events.sp::CS_OnBuyCommand
L 08/16/2022 - 13:44:03: [SM] Exception reported: Array index out-of-bounds (index 64, limit 55)
L 08/16/2022 - 13:44:03: [SM] Blaming: weapon_restrict.smx
L 08/16/2022 - 13:44:03: [SM] Call stack trace:
L 08/16/2022 - 13:44:03: [SM]   [1] Line 202, restrictinc/events.sp::CS_OnBuyCommand
L 08/16/2022 - 13:46:23: [SM] Exception reported: Array index out-of-bounds (index 64, limit 55)
L 08/16/2022 - 13:46:23: [SM] Blaming: weapon_restrict.smx
L 08/16/2022 - 13:46:23: [SM] Call stack trace:
L 08/16/2022 - 13:46:23: [SM]   [1] Line 202, restrictinc/events.sp::CS_OnBuyCommand
L 08/16/2022 - 13:46:48: [SM] Exception reported: Array index out-of-bounds (index 64, limit 55)
L 08/16/2022 - 13:46:48: [SM] Blaming: weapon_restrict.smx
L 08/16/2022 - 13:46:48: [SM] Call stack trace:
L 08/16/2022 - 13:46:48: [SM]   [1] Line 202, restrictinc/events.sp::CS_OnBuyCommand
L 08/16/2022 - 13:47:23: [SM] Exception reported: Array index out-of-bounds (index 64, limit 55)
L 08/16/2022 - 13:47:23: [SM] Blaming: weapon_restrict.smx
L 08/16/2022 - 13:47:23: [SM] Call stack trace:
L 08/16/2022 - 13:47:23: [SM]   [1] Line 202, restrictinc/events.sp::CS_OnBuyCommand
L 08/16/2022 - 13:47:37: [SM] Exception reported: Array index out-of-bounds (index 64, limit 55)
L 08/16/2022 - 13:47:37: [SM] Blaming: weapon_restrict.smx
L 08/16/2022 - 13:47:37: [SM] Call stack trace:
L 08/16/2022 - 13:47:37: [SM]   [1] Line 202, restrictinc/events.sp::CS_OnBuyCommand
L 08/16/2022 - 13:51:44: Error log file session closed.
L 08/16/2022 - 13:51:44: SourceMod error session started
L 08/16/2022 - 13:51:44: Info (map "de_mirage") (file "/home/csgo/csgo/addons/sourcemod/logs/errors_20220816.log")
L 08/16/2022 - 13:51:44: [SM] Fatal error encountered parsing translation file "movecommands.phrases.txt"
L 08/16/2022 - 13:51:44: [SM] Error (line 0, column 0): Stream failed to open
L 08/16/2022 - 13:53:54: Error log file session closed.
L 08/16/2022 - 13:53:54: SourceMod error session started
L 08/16/2022 - 13:53:54: Info (map "de_mirage") (file "/home/csgo/csgo/addons/sourcemod/logs/errors_20220816.log")
L 08/16/2022 - 13:53:54: [SM] Fatal error encountered parsing translation file "movecommands.phrases.txt"
L 08/16/2022 - 13:53:54: [SM] Error (line 0, column 0): Stream failed to open
L 08/16/2022 - 13:55:35: [SM] Exception reported: Client 2 is not in game
L 08/16/2022 - 13:55:35: [SM] Blaming: c5_pug_voteend.smx
L 08/16/2022 - 13:55:35: [SM] Call stack trace:
L 08/16/2022 - 13:55:35: [SM]   [0] GetClientTeam
L 08/16/2022 - 13:55:35: [SM]   [1] Line 56, F:\Code\sourcepawn\addons\sourcemod\scripting\c5_pug_voteend.sp::OnClientDisconnect
L 08/16/2022 - 13:56:50: [c5_pug.smx] GOTV demo could not be recorded since tv_enable is not set to 1
L 08/16/2022 - 13:56:54: [SM] Exception reported: Array index out-of-bounds (index 64, limit 55)
L 08/16/2022 - 13:56:54: [SM] Blaming: weapon_restrict.smx
L 08/16/2022 - 13:56:54: [SM] Call stack trace:
L 08/16/2022 - 13:56:54: [SM]   [1] Line 202, restrictinc/events.sp::CS_OnBuyCommand
L 08/16/2022 - 13:58:17: [SM] Exception reported: Array index out-of-bounds (index 64, limit 55)
L 08/16/2022 - 13:58:17: [SM] Blaming: weapon_restrict.smx
L 08/16/2022 - 13:58:17: [SM] Call stack trace:
L 08/16/2022 - 13:58:17: [SM]   [1] Line 202, restrictinc/events.sp::CS_OnBuyCommand
L 08/16/2022 - 14:01:58: [SM] Exception reported: Array index out-of-bounds (index 64, limit 55)
L 08/16/2022 - 14:01:58: [SM] Blaming: weapon_restrict.smx
L 08/16/2022 - 14:01:58: [SM] Call stack trace:
L 08/16/2022 - 14:01:58: [SM]   [1] Line 202, restrictinc/events.sp::CS_OnBuyCommand
L 08/16/2022 - 14:09:32: [SM] Exception reported: Array index out-of-bounds (index 64, limit 55)
L 08/16/2022 - 14:09:32: [SM] Blaming: weapon_restrict.smx
L 08/16/2022 - 14:09:32: [SM] Call stack trace:
L 08/16/2022 - 14:09:32: [SM]   [1] Line 202, restrictinc/events.sp::CS_OnBuyCommand
L 08/16/2022 - 14:12:55: [SM] Exception reported: Array index out-of-bounds (index 64, limit 55)
L 08/16/2022 - 14:12:55: [SM] Blaming: weapon_restrict.smx
L 08/16/2022 - 14:12:55: [SM] Call stack trace:
L 08/16/2022 - 14:12:55: [SM]   [1] Line 202, restrictinc/events.sp::CS_OnBuyCommand
L 08/16/2022 - 14:20:21: [SM] Exception reported: Array index out-of-bounds (index 64, limit 55)
L 08/16/2022 - 14:20:21: [SM] Blaming: weapon_restrict.smx
L 08/16/2022 - 14:20:21: [SM] Call stack trace:
L 08/16/2022 - 14:20:21: [SM]   [1] Line 202, restrictinc/events.sp::CS_OnBuyCommand
L 08/16/2022 - 14:20:47: [SM] Exception reported: Array index out-of-bounds (index 64, limit 55)
L 08/16/2022 - 14:20:47: [SM] Blaming: weapon_restrict.smx
L 08/16/2022 - 14:20:47: [SM] Call stack trace:
L 08/16/2022 - 14:20:47: [SM]   [1] Line 202, restrictinc/events.sp::CS_OnBuyCommand
L 08/16/2022 - 14:21:15: [SM] Exception reported: Array index out-of-bounds (index 64, limit 55)
L 08/16/2022 - 14:21:15: [SM] Blaming: weapon_restrict.smx
L 08/16/2022 - 14:21:15: [SM] Call stack trace:
L 08/16/2022 - 14:21:15: [SM]   [1] Line 202, restrictinc/events.sp::CS_OnBuyCommand
L 08/16/2022 - 14:21:25: [SM] Exception reported: Array index out-of-bounds (index 64, limit 55)
L 08/16/2022 - 14:21:25: [SM] Blaming: weapon_restrict.smx
L 08/16/2022 - 14:21:25: [SM] Call stack trace:
L 08/16/2022 - 14:21:25: [SM]   [1] Line 202, restrictinc/events.sp::CS_OnBuyCommand
L 08/16/2022 - 14:21:36: [SM] Exception reported: Array index out-of-bounds (index 64, limit 55)
L 08/16/2022 - 14:21:36: [SM] Blaming: weapon_restrict.smx
L 08/16/2022 - 14:21:36: [SM] Call stack trace:
L 08/16/2022 - 14:21:36: [SM]   [1] Line 202, restrictinc/events.sp::CS_OnBuyCommand
L 08/16/2022 - 14:24:22: [SM] Exception reported: Array index out-of-bounds (index 64, limit 55)
L 08/16/2022 - 14:24:22: [SM] Blaming: weapon_restrict.smx
L 08/16/2022 - 14:24:22: [SM] Call stack trace:
L 08/16/2022 - 14:24:22: [SM]   [1] Line 202, restrictinc/events.sp::CS_OnBuyCommand
L 08/16/2022 - 14:24:33: [SM] Exception reported: Array index out-of-bounds (index 64, limit 55)
L 08/16/2022 - 14:24:33: [SM] Blaming: weapon_restrict.smx
L 08/16/2022 - 14:24:33: [SM] Call stack trace:
L 08/16/2022 - 14:24:33: [SM]   [1] Line 202, restrictinc/events.sp::CS_OnBuyCommand
L 08/16/2022 - 14:25:07: [SM] Exception reported: Array index out-of-bounds (index 64, limit 55)
L 08/16/2022 - 14:25:07: [SM] Blaming: weapon_restrict.smx
L 08/16/2022 - 14:25:07: [SM] Call stack trace:
L 08/16/2022 - 14:25:07: [SM]   [1] Line 202, restrictinc/events.sp::CS_OnBuyCommand
L 08/16/2022 - 14:26:46: [SM] Exception reported: Array index out-of-bounds (index 64, limit 55)
L 08/16/2022 - 14:26:46: [SM] Blaming: weapon_restrict.smx
L 08/16/2022 - 14:26:46: [SM] Call stack trace:
L 08/16/2022 - 14:26:46: [SM]   [1] Line 202, restrictinc/events.sp::CS_OnBuyCommand
L 08/16/2022 - 14:29:12: [SM] Exception reported: Array index out-of-bounds (index 64, limit 55)
L 08/16/2022 - 14:29:12: [SM] Blaming: weapon_restrict.smx
L 08/16/2022 - 14:29:12: [SM] Call stack trace:
L 08/16/2022 - 14:29:12: [SM]   [1] Line 202, restrictinc/events.sp::CS_OnBuyCommand
L 08/16/2022 - 14:30:27: [SM] Exception reported: Array index out-of-bounds (index 64, limit 55)
L 08/16/2022 - 14:30:27: [SM] Blaming: weapon_restrict.smx
L 08/16/2022 - 14:30:27: [SM] Call stack trace:
L 08/16/2022 - 14:30:27: [SM]   [1] Line 202, restrictinc/events.sp::CS_OnBuyCommand
L 08/16/2022 - 14:32:27: [SM] Exception reported: Array index out-of-bounds (index 64, limit 55)
L 08/16/2022 - 14:32:27: [SM] Blaming: weapon_restrict.smx
L 08/16/2022 - 14:32:27: [SM] Call stack trace:
L 08/16/2022 - 14:32:27: [SM]   [1] Line 202, restrictinc/events.sp::CS_OnBuyCommand
L 08/16/2022 - 14:33:24: [SM] Exception reported: Array index out-of-bounds (index 64, limit 55)
L 08/16/2022 - 14:33:24: [SM] Blaming: weapon_restrict.smx
L 08/16/2022 - 14:33:24: [SM] Call stack trace:
L 08/16/2022 - 14:33:24: [SM]   [1] Line 202, restrictinc/events.sp::CS_OnBuyCommand
L 08/16/2022 - 14:34:07: [SM] Exception reported: Array index out-of-bounds (index 64, limit 55)
L 08/16/2022 - 14:34:07: [SM] Blaming: weapon_restrict.smx
L 08/16/2022 - 14:34:07: [SM] Call stack trace:
L 08/16/2022 - 14:34:07: [SM]   [1] Line 202, restrictinc/events.sp::CS_OnBuyCommand
L 08/16/2022 - 14:35:59: [SM] Exception reported: Array index out-of-bounds (index 64, limit 55)
L 08/16/2022 - 14:35:59: [SM] Blaming: weapon_restrict.smx
L 08/16/2022 - 14:35:59: [SM] Call stack trace:
L 08/16/2022 - 14:35:59: [SM]   [1] Line 202, restrictinc/events.sp::CS_OnBuyCommand
L 08/16/2022 - 14:38:58: [SM] Exception reported: Array index out-of-bounds (index 64, limit 55)
L 08/16/2022 - 14:38:58: [SM] Blaming: weapon_restrict.smx
L 08/16/2022 - 14:38:58: [SM] Call stack trace:
L 08/16/2022 - 14:38:58: [SM]   [1] Line 202, restrictinc/events.sp::CS_OnBuyCommand
L 08/16/2022 - 15:01:15: Error log file session closed.
L 08/16/2022 - 15:01:15: SourceMod error session started
L 08/16/2022 - 15:01:15: Info (map "de_mirage") (file "/home/csgo/csgo/addons/sourcemod/logs/errors_20220816.log")
L 08/16/2022 - 15:01:15: [SM] Fatal error encountered parsing translation file "movecommands.phrases.txt"
L 08/16/2022 - 15:01:15: [SM] Error (line 0, column 0): Stream failed to open
L 08/16/2022 - 15:02:10: [SM] Exception reported: Array index out-of-bounds (index 64, limit 55)
L 08/16/2022 - 15:02:10: [SM] Blaming: weapon_restrict.smx
L 08/16/2022 - 15:02:10: [SM] Call stack trace:
L 08/16/2022 - 15:02:10: [SM]   [1] Line 202, restrictinc/events.sp::CS_OnBuyCommand
L 08/16/2022 - 15:02:41: [SM] Exception reported: Array index out-of-bounds (index 64, limit 55)
L 08/16/2022 - 15:02:41: [SM] Blaming: weapon_restrict.smx
L 08/16/2022 - 15:02:41: [SM] Call stack trace:
L 08/16/2022 - 15:02:41: [SM]   [1] Line 202, restrictinc/events.sp::CS_OnBuyCommand
L 08/16/2022 - 15:06:21: [SM] Exception reported: Array index out-of-bounds (index 64, limit 55)
L 08/16/2022 - 15:06:21: [SM] Blaming: weapon_restrict.smx
L 08/16/2022 - 15:06:21: [SM] Call stack trace:
L 08/16/2022 - 15:06:21: [SM]   [1] Line 202, restrictinc/events.sp::CS_OnBuyCommand
L 08/16/2022 - 18:30:52: Error log file session closed.
L 08/16/2022 - 18:30:52: SourceMod error session started
L 08/16/2022 - 18:30:52: Info (map "de_mirage") (file "/home/csgo/csgo/addons/sourcemod/logs/errors_20220816.log")
L 08/16/2022 - 18:30:52: [SM] Fatal error encountered parsing translation file "movecommands.phrases.txt"
L 08/16/2022 - 18:30:52: [SM] Error (line 0, column 0): Stream failed to open
L 08/16/2022 - 18:31:58: [SM] Exception reported: Array index out-of-bounds (index 64, limit 55)
L 08/16/2022 - 18:31:58: [SM] Blaming: weapon_restrict.smx
L 08/16/2022 - 18:31:58: [SM] Call stack trace:
L 08/16/2022 - 18:31:58: [SM]   [1] Line 202, restrictinc/events.sp::CS_OnBuyCommand
L 08/16/2022 - 18:32:05: [SM] Exception reported: Array index out-of-bounds (index 64, limit 55)
L 08/16/2022 - 18:32:05: [SM] Blaming: weapon_restrict.smx
L 08/16/2022 - 18:32:05: [SM] Call stack trace:
L 08/16/2022 - 18:32:05: [SM]   [1] Line 202, restrictinc/events.sp::CS_OnBuyCommand
L 08/16/2022 - 18:32:11: [SM] Exception reported: Array index out-of-bounds (index 64, limit 55)
L 08/16/2022 - 18:32:11: [SM] Blaming: weapon_restrict.smx
L 08/16/2022 - 18:32:11: [SM] Call stack trace:
L 08/16/2022 - 18:32:11: [SM]   [1] Line 202, restrictinc/events.sp::CS_OnBuyCommand
L 08/16/2022 - 18:32:31: [SM] Exception reported: Array index out-of-bounds (index 64, limit 55)
L 08/16/2022 - 18:32:31: [SM] Blaming: weapon_restrict.smx
L 08/16/2022 - 18:32:31: [SM] Call stack trace:
L 08/16/2022 - 18:32:31: [SM]   [1] Line 202, restrictinc/events.sp::CS_OnBuyCommand
L 08/16/2022 - 18:32:38: [SM] Exception reported: Array index out-of-bounds (index 64, limit 55)
L 08/16/2022 - 18:32:38: [SM] Blaming: weapon_restrict.smx
L 08/16/2022 - 18:32:38: [SM] Call stack trace:
L 08/16/2022 - 18:32:38: [SM]   [1] Line 202, restrictinc/events.sp::CS_OnBuyCommand
L 08/16/2022 - 18:32:58: [SM] Exception reported: Array index out-of-bounds (index 64, limit 55)
L 08/16/2022 - 18:32:58: [SM] Blaming: weapon_restrict.smx
L 08/16/2022 - 18:32:58: [SM] Call stack trace:
L 08/16/2022 - 18:32:58: [SM]   [1] Line 202, restrictinc/events.sp::CS_OnBuyCommand
L 08/16/2022 - 18:33:07: [SM] Exception reported: Array index out-of-bounds (index 64, limit 55)
L 08/16/2022 - 18:33:07: [SM] Blaming: weapon_restrict.smx
L 08/16/2022 - 18:33:07: [SM] Call stack trace:
L 08/16/2022 - 18:33:07: [SM]   [1] Line 202, restrictinc/events.sp::CS_OnBuyCommand
L 08/16/2022 - 18:33:23: [SM] Exception reported: Array index out-of-bounds (index 64, limit 55)
L 08/16/2022 - 18:33:23: [SM] Blaming: weapon_restrict.smx
L 08/16/2022 - 18:33:23: [SM] Call stack trace:
L 08/16/2022 - 18:33:23: [SM]   [1] Line 202, restrictinc/events.sp::CS_OnBuyCommand
L 08/16/2022 - 18:34:05: [SM] Exception reported: Array index out-of-bounds (index 64, limit 55)
L 08/16/2022 - 18:34:05: [SM] Blaming: weapon_restrict.smx
L 08/16/2022 - 18:34:05: [SM] Call stack trace:
L 08/16/2022 - 18:34:05: [SM]   [1] Line 202, restrictinc/events.sp::CS_OnBuyCommand
L 08/16/2022 - 18:34:44: [SM] Exception reported: Array index out-of-bounds (index 64, limit 55)
L 08/16/2022 - 18:34:44: [SM] Blaming: weapon_restrict.smx
L 08/16/2022 - 18:34:44: [SM] Call stack trace:
L 08/16/2022 - 18:34:44: [SM]   [1] Line 202, restrictinc/events.sp::CS_OnBuyCommand
L 08/16/2022 - 19:19:28: Error log file session closed.
L 08/16/2022 - 19:19:28: SourceMod error session started
L 08/16/2022 - 19:19:28: Info (map "de_mirage") (file "/home/csgo/csgo/addons/sourcemod/logs/errors_20220816.log")
L 08/16/2022 - 19:19:28: [SM] Fatal error encountered parsing translation file "movecommands.phrases.txt"
L 08/16/2022 - 19:19:28: [SM] Error (line 0, column 0): Stream failed to open
L 08/16/2022 - 19:26:50: [SM] Exception reported: Array index out-of-bounds (index 64, limit 55)
L 08/16/2022 - 19:26:50: [SM] Blaming: weapon_restrict.smx
L 08/16/2022 - 19:26:50: [SM] Call stack trace:
L 08/16/2022 - 19:26:50: [SM]   [1] Line 202, restrictinc/events.sp::CS_OnBuyCommand
L 08/16/2022 - 19:53:57: Error log file session closed.
L 08/16/2022 - 19:53:57: SourceMod error session started
L 08/16/2022 - 19:53:57: Info (map "de_mirage") (file "/home/csgo/csgo/addons/sourcemod/logs/errors_20220816.log")
L 08/16/2022 - 19:53:57: [SM] Fatal error encountered parsing translation file "movecommands.phrases.txt"
L 08/16/2022 - 19:53:57: [SM] Error (line 0, column 0): Stream failed to open
L 08/16/2022 - 20:06:10: Error log file session closed.
L 08/16/2022 - 20:06:10: SourceMod error session started
L 08/16/2022 - 20:06:10: Info (map "de_mirage") (file "/home/csgo/csgo/addons/sourcemod/logs/errors_20220816.log")
L 08/16/2022 - 20:06:10: [SM] Fatal error encountered parsing translation file "movecommands.phrases.txt"
L 08/16/2022 - 20:06:10: [SM] Error (line 0, column 0): Stream failed to open
L 08/16/2022 - 20:27:11: [c5_pug.smx] GOTV demo could not be recorded since tv_enable is not set to 1
L 08/16/2022 - 20:29:28: [SM] Exception reported: Array index out-of-bounds (index 64, limit 55)
L 08/16/2022 - 20:29:28: [SM] Blaming: weapon_restrict.smx
L 08/16/2022 - 20:29:28: [SM] Call stack trace:
L 08/16/2022 - 20:29:28: [SM]   [1] Line 202, restrictinc/events.sp::CS_OnBuyCommand
L 08/16/2022 - 20:29:36: [SM] Exception reported: Array index out-of-bounds (index 64, limit 55)
L 08/16/2022 - 20:29:36: [SM] Blaming: weapon_restrict.smx
L 08/16/2022 - 20:29:36: [SM] Call stack trace:
L 08/16/2022 - 20:29:36: [SM]   [1] Line 202, restrictinc/events.sp::CS_OnBuyCommand
L 08/16/2022 - 20:29:40: [SM] Exception reported: Array index out-of-bounds (index 64, limit 55)
L 08/16/2022 - 20:29:40: [SM] Blaming: weapon_restrict.smx
L 08/16/2022 - 20:29:40: [SM] Call stack trace:
L 08/16/2022 - 20:29:40: [SM]   [1] Line 202, restrictinc/events.sp::CS_OnBuyCommand
L 08/16/2022 - 20:29:51: [SM] Exception reported: Array index out-of-bounds (index 64, limit 55)
L 08/16/2022 - 20:29:51: [SM] Blaming: weapon_restrict.smx
L 08/16/2022 - 20:29:51: [SM] Call stack trace:
L 08/16/2022 - 20:29:51: [SM]   [1] Line 202, restrictinc/events.sp::CS_OnBuyCommand
L 08/16/2022 - 20:31:01: [SM] Exception reported: Array index out-of-bounds (index 64, limit 55)
L 08/16/2022 - 20:31:01: [SM] Blaming: weapon_restrict.smx
L 08/16/2022 - 20:31:01: [SM] Call stack trace:
L 08/16/2022 - 20:31:01: [SM]   [1] Line 202, restrictinc/events.sp::CS_OnBuyCommand
L 08/16/2022 - 20:54:47: Error log file session closed.
L 08/16/2022 - 20:54:47: SourceMod error session started
L 08/16/2022 - 20:54:47: Info (map "de_mirage") (file "/home/csgo/csgo/addons/sourcemod/logs/errors_20220816.log")
L 08/16/2022 - 20:54:47: [SM] Fatal error encountered parsing translation file "movecommands.phrases.txt"
L 08/16/2022 - 20:54:47: [SM] Error (line 0, column 0): Stream failed to open
L 08/16/2022 - 21:21:46: Error log file session closed.
L 08/16/2022 - 21:21:46: SourceMod error session started
L 08/16/2022 - 21:21:46: Info (map "de_mirage") (file "/home/csgo/csgo/addons/sourcemod/logs/errors_20220816.log")
L 08/16/2022 - 21:21:46: [SM] Fatal error encountered parsing translation file "movecommands.phrases.txt"
L 08/16/2022 - 21:21:46: [SM] Error (line 0, column 0): Stream failed to open
L 08/16/2022 - 21:37:42: Error log file session closed.
L 08/16/2022 - 21:37:42: SourceMod error session started
L 08/16/2022 - 21:37:42: Info (map "de_mirage") (file "/home/csgo/csgo/addons/sourcemod/logs/errors_20220816.log")
L 08/16/2022 - 21:37:42: [SM] Fatal error encountered parsing translation file "movecommands.phrases.txt"
L 08/16/2022 - 21:37:42: [SM] Error (line 0, column 0): Stream failed to open
L 08/16/2022 - 21:39:05: Error log file session closed.
L 08/16/2022 - 21:39:05: SourceMod error session started
L 08/16/2022 - 21:39:05: Info (map "de_mirage") (file "/home/csgo/csgo/addons/sourcemod/logs/errors_20220816.log")
L 08/16/2022 - 21:39:05: [SM] Fatal error encountered parsing translation file "movecommands.phrases.txt"
L 08/16/2022 - 21:39:05: [SM] Error (line 0, column 0): Stream failed to open
L 08/16/2022 - 21:50:24: [c5_pug.smx] GOTV demo could not be recorded since tv_enable is not set to 1
L 08/16/2022 - 21:52:44: [SM] Exception reported: Array index out-of-bounds (index 64, limit 55)
L 08/16/2022 - 21:52:44: [SM] Blaming: weapon_restrict.smx
L 08/16/2022 - 21:52:44: [SM] Call stack trace:
L 08/16/2022 - 21:52:44: [SM]   [1] Line 202, restrictinc/events.sp::CS_OnBuyCommand
L 08/16/2022 - 21:58:01: [SM] Exception reported: Array index out-of-bounds (index 64, limit 55)
L 08/16/2022 - 21:58:01: [SM] Blaming: weapon_restrict.smx
L 08/16/2022 - 21:58:01: [SM] Call stack trace:
L 08/16/2022 - 21:58:01: [SM]   [1] Line 202, restrictinc/events.sp::CS_OnBuyCommand
L 08/16/2022 - 22:05:44: Error log file session closed.
L 08/16/2022 - 22:05:44: SourceMod error session started
L 08/16/2022 - 22:05:44: Info (map "de_dust2") (file "/home/csgo/csgo/addons/sourcemod/logs/errors_20220816.log")
L 08/16/2022 - 22:05:44: [SM] Fatal error encountered parsing translation file "movecommands.phrases.txt"
L 08/16/2022 - 22:05:44: [SM] Error (line 0, column 0): Stream failed to open
L 08/17/2022 - 00:00:15: Error log file session closed.
