L 11/24/2022 - 11:42:01: SourceMod error session started
L 11/24/2022 - 11:42:01: Info (map "de_mirage") (file "/csgoserver/server1/csgo/addons/sourcemod/logs/errors_20221124.log")
L 11/24/2022 - 11:42:01: [admin-flatfile.smx] Error(s) detected parsing addons/sourcemod/configs/admins_simple.ini
L 11/24/2022 - 11:42:01: [admin-flatfile.smx]  (line 64) Invalid flag detected: x
L 11/24/2022 - 11:53:13: Error log file session closed.
L 11/24/2022 - 11:53:13: SourceMod error session started
L 11/24/2022 - 11:53:13: Info (map "de_mirage") (file "/csgoserver/server1/csgo/addons/sourcemod/logs/errors_20221124.log")
L 11/24/2022 - 11:53:13: [admin-flatfile.smx] Error(s) detected parsing addons/sourcemod/configs/admins_simple.ini
L 11/24/2022 - 11:53:13: [admin-flatfile.smx]  (line 64) Invalid flag detected: x
L 11/24/2022 - 12:01:45: Error log file session closed.
L 11/24/2022 - 12:01:45: SourceMod error session started
L 11/24/2022 - 12:01:45: Info (map "de_mirage") (file "/csgoserver/server1/csgo/addons/sourcemod/logs/errors_20221124.log")
L 11/24/2022 - 12:01:45: [admin-flatfile.smx] Error(s) detected parsing addons/sourcemod/configs/admins_simple.ini
L 11/24/2022 - 12:01:45: [admin-flatfile.smx]  (line 64) Invalid flag detected: x
L 11/24/2022 - 12:25:41: Error log file session closed.
L 11/24/2022 - 12:25:41: SourceMod error session started
L 11/24/2022 - 12:25:41: Info (map "de_mirage") (file "/csgoserver/server1/csgo/addons/sourcemod/logs/errors_20221124.log")
L 11/24/2022 - 12:25:41: [admin-flatfile.smx] Error(s) detected parsing addons/sourcemod/configs/admins_simple.ini
L 11/24/2022 - 12:25:41: [admin-flatfile.smx]  (line 64) Invalid flag detected: x
L 11/24/2022 - 14:22:59: Error log file session closed.
L 11/24/2022 - 14:22:59: SourceMod error session started
L 11/24/2022 - 14:22:59: Info (map "de_mirage") (file "/csgoserver/server1/csgo/addons/sourcemod/logs/errors_20221124.log")
L 11/24/2022 - 14:22:59: [admin-flatfile.smx] Error(s) detected parsing addons/sourcemod/configs/admins_simple.ini
L 11/24/2022 - 14:22:59: [admin-flatfile.smx]  (line 64) Invalid flag detected: x
L 11/24/2022 - 20:35:51: Error log file session closed.
L 11/24/2022 - 20:35:51: SourceMod error session started
L 11/24/2022 - 20:35:51: Info (map "de_mirage") (file "/csgoserver/server1/csgo/addons/sourcemod/logs/errors_20221124.log")
L 11/24/2022 - 20:35:51: [admin-flatfile.smx] Error(s) detected parsing addons/sourcemod/configs/admins_simple.ini
L 11/24/2022 - 20:35:51: [admin-flatfile.smx]  (line 64) Invalid flag detected: x
L 11/24/2022 - 20:50:22: Error log file session closed.
L 11/24/2022 - 20:50:22: SourceMod error session started
L 11/24/2022 - 20:50:22: Info (map "de_mirage") (file "/csgoserver/server1/csgo/addons/sourcemod/logs/errors_20221124.log")
L 11/24/2022 - 20:50:22: [admin-flatfile.smx] Error(s) detected parsing addons/sourcemod/configs/admins_simple.ini
L 11/24/2022 - 20:50:22: [admin-flatfile.smx]  (line 64) Invalid flag detected: x
L 11/24/2022 - 20:59:57: Error log file session closed.
L 11/24/2022 - 20:59:57: SourceMod error session started
L 11/24/2022 - 20:59:57: Info (map "de_mirage") (file "/csgoserver/server1/csgo/addons/sourcemod/logs/errors_20221124.log")
L 11/24/2022 - 20:59:57: [admin-flatfile.smx] Error(s) detected parsing addons/sourcemod/configs/admins_simple.ini
L 11/24/2022 - 20:59:57: [admin-flatfile.smx]  (line 64) Invalid flag detected: x
L 11/25/2022 - 12:59:14: Error log file session closed.
