L 10/25/2022 - 00:50:19: SourceMod error session started
L 10/25/2022 - 00:50:19: Info (map "de_mirage") (file "/badfupo/server1/csgo/addons/sourcemod/logs/errors_20221025.log")
L 10/25/2022 - 00:50:19: [SM] Exception reported: Array index out-of-bounds (index 64, limit 55)
L 10/25/2022 - 00:50:19: [SM] Blaming: weapon_restrict.smx
L 10/25/2022 - 00:50:19: [SM] Call stack trace:
L 10/25/2022 - 00:50:19: [SM]   [1] Line 202, restrictinc/events.sp::CS_OnBuyCommand
L 10/25/2022 - 00:58:15: Error log file session closed.
L 10/25/2022 - 02:42:34: SourceMod error session started
L 10/25/2022 - 02:42:34: Info (map "de_mirage") (file "/badfupo/server1/csgo/addons/sourcemod/logs/errors_20221025.log")
L 10/25/2022 - 02:42:34: [SM] Exception reported: Array index out-of-bounds (index 64, limit 55)
L 10/25/2022 - 02:42:34: [SM] Blaming: weapon_restrict.smx
L 10/25/2022 - 02:42:34: [SM] Call stack trace:
L 10/25/2022 - 02:42:34: [SM]   [1] Line 202, restrictinc/events.sp::CS_OnBuyCommand
L 10/25/2022 - 02:42:53: [SM] Exception reported: Array index out-of-bounds (index 64, limit 55)
L 10/25/2022 - 02:42:53: [SM] Blaming: weapon_restrict.smx
L 10/25/2022 - 02:42:53: [SM] Call stack trace:
L 10/25/2022 - 02:42:53: [SM]   [1] Line 202, restrictinc/events.sp::CS_OnBuyCommand
L 10/25/2022 - 02:42:58: [SM] Exception reported: Array index out-of-bounds (index 64, limit 55)
L 10/25/2022 - 02:42:58: [SM] Blaming: weapon_restrict.smx
L 10/25/2022 - 02:42:59: [SM] Call stack trace:
L 10/25/2022 - 02:42:59: [SM]   [1] Line 202, restrictinc/events.sp::CS_OnBuyCommand
L 10/25/2022 - 02:43:05: [SM] Exception reported: Array index out-of-bounds (index 64, limit 55)
L 10/25/2022 - 02:43:05: [SM] Blaming: weapon_restrict.smx
L 10/25/2022 - 02:43:05: [SM] Call stack trace:
L 10/25/2022 - 02:43:05: [SM]   [1] Line 202, restrictinc/events.sp::CS_OnBuyCommand
L 10/25/2022 - 02:43:55: [SM] Exception reported: Array index out-of-bounds (index 64, limit 55)
L 10/25/2022 - 02:43:55: [SM] Blaming: weapon_restrict.smx
L 10/25/2022 - 02:43:55: [SM] Call stack trace:
L 10/25/2022 - 02:43:55: [SM]   [1] Line 202, restrictinc/events.sp::CS_OnBuyCommand
L 10/25/2022 - 02:44:49: [SM] Exception reported: Array index out-of-bounds (index 64, limit 55)
L 10/25/2022 - 02:44:49: [SM] Blaming: weapon_restrict.smx
L 10/25/2022 - 02:44:49: [SM] Call stack trace:
L 10/25/2022 - 02:44:49: [SM]   [1] Line 202, restrictinc/events.sp::CS_OnBuyCommand
L 10/25/2022 - 02:45:08: [SM] Exception reported: Array index out-of-bounds (index 64, limit 55)
L 10/25/2022 - 02:45:08: [SM] Blaming: weapon_restrict.smx
L 10/25/2022 - 02:45:08: [SM] Call stack trace:
L 10/25/2022 - 02:45:08: [SM]   [1] Line 202, restrictinc/events.sp::CS_OnBuyCommand
L 10/25/2022 - 02:45:45: [SM] Exception reported: Array index out-of-bounds (index 64, limit 55)
L 10/25/2022 - 02:45:45: [SM] Blaming: weapon_restrict.smx
L 10/25/2022 - 02:45:45: [SM] Call stack trace:
L 10/25/2022 - 02:45:45: [SM]   [1] Line 202, restrictinc/events.sp::CS_OnBuyCommand
L 10/25/2022 - 02:45:59: [SM] Exception reported: Array index out-of-bounds (index 64, limit 55)
L 10/25/2022 - 02:45:59: [SM] Blaming: weapon_restrict.smx
L 10/25/2022 - 02:45:59: [SM] Call stack trace:
L 10/25/2022 - 02:45:59: [SM]   [1] Line 202, restrictinc/events.sp::CS_OnBuyCommand
L 10/25/2022 - 02:46:30: [SM] Exception reported: Array index out-of-bounds (index 64, limit 55)
L 10/25/2022 - 02:46:30: [SM] Blaming: weapon_restrict.smx
L 10/25/2022 - 02:46:30: [SM] Call stack trace:
L 10/25/2022 - 02:46:30: [SM]   [1] Line 202, restrictinc/events.sp::CS_OnBuyCommand
L 10/25/2022 - 02:46:51: [SM] Exception reported: Array index out-of-bounds (index 64, limit 55)
L 10/25/2022 - 02:46:51: [SM] Blaming: weapon_restrict.smx
L 10/25/2022 - 02:46:51: [SM] Call stack trace:
L 10/25/2022 - 02:46:51: [SM]   [1] Line 202, restrictinc/events.sp::CS_OnBuyCommand
L 10/25/2022 - 02:47:17: [SM] Exception reported: Array index out-of-bounds (index 64, limit 55)
L 10/25/2022 - 02:47:17: [SM] Blaming: weapon_restrict.smx
L 10/25/2022 - 02:47:17: [SM] Call stack trace:
L 10/25/2022 - 02:47:17: [SM]   [1] Line 202, restrictinc/events.sp::CS_OnBuyCommand
L 10/25/2022 - 02:47:55: [SM] Exception reported: Array index out-of-bounds (index 64, limit 55)
L 10/25/2022 - 02:47:55: [SM] Blaming: weapon_restrict.smx
L 10/25/2022 - 02:47:55: [SM] Call stack trace:
L 10/25/2022 - 02:47:55: [SM]   [1] Line 202, restrictinc/events.sp::CS_OnBuyCommand
L 10/25/2022 - 02:48:21: [SM] Exception reported: Array index out-of-bounds (index 64, limit 55)
L 10/25/2022 - 02:48:21: [SM] Blaming: weapon_restrict.smx
L 10/25/2022 - 02:48:21: [SM] Call stack trace:
L 10/25/2022 - 02:48:21: [SM]   [1] Line 202, restrictinc/events.sp::CS_OnBuyCommand
L 10/25/2022 - 02:48:35: [SM] Exception reported: Array index out-of-bounds (index 64, limit 55)
L 10/25/2022 - 02:48:35: [SM] Blaming: weapon_restrict.smx
L 10/25/2022 - 02:48:35: [SM] Call stack trace:
L 10/25/2022 - 02:48:35: [SM]   [1] Line 202, restrictinc/events.sp::CS_OnBuyCommand
L 10/25/2022 - 02:49:00: [SM] Exception reported: Array index out-of-bounds (index 64, limit 55)
L 10/25/2022 - 02:49:00: [SM] Blaming: weapon_restrict.smx
L 10/25/2022 - 02:49:00: [SM] Call stack trace:
L 10/25/2022 - 02:49:00: [SM]   [1] Line 202, restrictinc/events.sp::CS_OnBuyCommand
L 10/25/2022 - 05:43:49: Error log file session closed.
