L 11/06/2022 - 01:53:09: SourceMod error session started
L 11/06/2022 - 01:53:09: Info (map "de_mirage") (file "/badfupo/server1/csgo/addons/sourcemod/logs/errors_20221106.log")
L 11/06/2022 - 01:53:09: [SM] Exception reported: Array index out-of-bounds (index 64, limit 55)
L 11/06/2022 - 01:53:09: [SM] Blaming: weapon_restrict.smx
L 11/06/2022 - 01:53:09: [SM] Call stack trace:
L 11/06/2022 - 01:53:09: [SM]   [1] Line 202, restrictinc/events.sp::CS_OnBuyCommand
L 11/06/2022 - 02:06:41: [warmod.smx] Plug-in tEasyFTP.smx required to auto upload demos
L 11/06/2022 - 02:17:55: [SM] Exception reported: Array index out-of-bounds (index 64, limit 55)
L 11/06/2022 - 02:17:55: [SM] Blaming: weapon_restrict.smx
L 11/06/2022 - 02:17:55: [SM] Call stack trace:
L 11/06/2022 - 02:17:55: [SM]   [1] Line 202, restrictinc/events.sp::CS_OnBuyCommand
L 11/06/2022 - 02:30:10: [SM] Exception reported: Array index out-of-bounds (index 64, limit 55)
L 11/06/2022 - 02:30:10: [SM] Blaming: weapon_restrict.smx
L 11/06/2022 - 02:30:10: [SM] Call stack trace:
L 11/06/2022 - 02:30:10: [SM]   [1] Line 202, restrictinc/events.sp::CS_OnBuyCommand
L 11/06/2022 - 02:30:11: [SM] Exception reported: Array index out-of-bounds (index 64, limit 55)
L 11/06/2022 - 02:30:11: [SM] Blaming: weapon_restrict.smx
L 11/06/2022 - 02:30:11: [SM] Call stack trace:
L 11/06/2022 - 02:30:11: [SM]   [1] Line 202, restrictinc/events.sp::CS_OnBuyCommand
L 11/06/2022 - 02:32:03: [warmod.smx] Plug-in tEasyFTP.smx required to auto upload demos
L 11/06/2022 - 02:32:30: [SM] Exception reported: Array index out-of-bounds (index 64, limit 55)
L 11/06/2022 - 02:32:30: [SM] Blaming: weapon_restrict.smx
L 11/06/2022 - 02:32:30: [SM] Call stack trace:
L 11/06/2022 - 02:32:30: [SM]   [1] Line 202, restrictinc/events.sp::CS_OnBuyCommand
L 11/06/2022 - 02:32:52: [SM] Exception reported: Array index out-of-bounds (index 64, limit 55)
L 11/06/2022 - 02:32:52: [SM] Blaming: weapon_restrict.smx
L 11/06/2022 - 02:32:52: [SM] Call stack trace:
L 11/06/2022 - 02:32:52: [SM]   [1] Line 202, restrictinc/events.sp::CS_OnBuyCommand
L 11/06/2022 - 02:33:20: [SM] Exception reported: Array index out-of-bounds (index 64, limit 55)
L 11/06/2022 - 02:33:20: [SM] Blaming: weapon_restrict.smx
L 11/06/2022 - 02:33:20: [SM] Call stack trace:
L 11/06/2022 - 02:33:20: [SM]   [1] Line 202, restrictinc/events.sp::CS_OnBuyCommand
L 11/06/2022 - 02:41:24: [SM] Exception reported: Array index out-of-bounds (index 64, limit 55)
L 11/06/2022 - 02:41:24: [SM] Blaming: weapon_restrict.smx
L 11/06/2022 - 02:41:24: [SM] Call stack trace:
L 11/06/2022 - 02:41:24: [SM]   [1] Line 202, restrictinc/events.sp::CS_OnBuyCommand
L 11/06/2022 - 02:43:46: [SM] Exception reported: Array index out-of-bounds (index 64, limit 55)
L 11/06/2022 - 02:43:46: [SM] Blaming: weapon_restrict.smx
L 11/06/2022 - 02:43:46: [SM] Call stack trace:
L 11/06/2022 - 02:43:46: [SM]   [1] Line 202, restrictinc/events.sp::CS_OnBuyCommand
L 11/06/2022 - 02:47:02: [warmod.smx] Plug-in tEasyFTP.smx required to auto upload demos
L 11/06/2022 - 02:47:26: Error log file session closed.
L 11/06/2022 - 03:03:48: SourceMod error session started
L 11/06/2022 - 03:03:48: Info (map "de_mirage") (file "/badfupo/server1/csgo/addons/sourcemod/logs/errors_20221106.log")
L 11/06/2022 - 03:03:48: [SM] Exception reported: Array index out-of-bounds (index 64, limit 55)
L 11/06/2022 - 03:03:48: [SM] Blaming: weapon_restrict.smx
L 11/06/2022 - 03:03:48: [SM] Call stack trace:
L 11/06/2022 - 03:03:48: [SM]   [1] Line 202, restrictinc/events.sp::CS_OnBuyCommand
L 11/06/2022 - 03:03:48: [SM] Exception reported: Array index out-of-bounds (index 64, limit 55)
L 11/06/2022 - 03:03:48: [SM] Blaming: weapon_restrict.smx
L 11/06/2022 - 03:03:48: [SM] Call stack trace:
L 11/06/2022 - 03:03:48: [SM]   [1] Line 202, restrictinc/events.sp::CS_OnBuyCommand
L 11/06/2022 - 03:03:58: [SM] Exception reported: Array index out-of-bounds (index 64, limit 55)
L 11/06/2022 - 03:03:58: [SM] Blaming: weapon_restrict.smx
L 11/06/2022 - 03:03:58: [SM] Call stack trace:
L 11/06/2022 - 03:03:58: [SM]   [1] Line 202, restrictinc/events.sp::CS_OnBuyCommand
L 11/06/2022 - 03:04:25: [SM] Exception reported: Array index out-of-bounds (index 64, limit 55)
L 11/06/2022 - 03:04:25: [SM] Blaming: weapon_restrict.smx
L 11/06/2022 - 03:04:25: [SM] Call stack trace:
L 11/06/2022 - 03:04:25: [SM]   [1] Line 202, restrictinc/events.sp::CS_OnBuyCommand
L 11/06/2022 - 03:05:12: [SM] Exception reported: Array index out-of-bounds (index 64, limit 55)
L 11/06/2022 - 03:05:12: [SM] Blaming: weapon_restrict.smx
L 11/06/2022 - 03:05:12: [SM] Call stack trace:
L 11/06/2022 - 03:05:12: [SM]   [1] Line 202, restrictinc/events.sp::CS_OnBuyCommand
L 11/06/2022 - 03:05:15: [SM] Exception reported: Array index out-of-bounds (index 64, limit 55)
L 11/06/2022 - 03:05:15: [SM] Blaming: weapon_restrict.smx
L 11/06/2022 - 03:05:15: [SM] Call stack trace:
L 11/06/2022 - 03:05:15: [SM]   [1] Line 202, restrictinc/events.sp::CS_OnBuyCommand
L 11/06/2022 - 03:05:36: [SM] Exception reported: Array index out-of-bounds (index 64, limit 55)
L 11/06/2022 - 03:05:36: [SM] Blaming: weapon_restrict.smx
L 11/06/2022 - 03:05:36: [SM] Call stack trace:
L 11/06/2022 - 03:05:36: [SM]   [1] Line 202, restrictinc/events.sp::CS_OnBuyCommand
L 11/06/2022 - 03:05:57: [SM] Exception reported: Array index out-of-bounds (index 64, limit 55)
L 11/06/2022 - 03:05:57: [SM] Blaming: weapon_restrict.smx
L 11/06/2022 - 03:05:57: [SM] Call stack trace:
L 11/06/2022 - 03:05:57: [SM]   [1] Line 202, restrictinc/events.sp::CS_OnBuyCommand
L 11/06/2022 - 03:06:24: [SM] Exception reported: Array index out-of-bounds (index 64, limit 55)
L 11/06/2022 - 03:06:24: [SM] Blaming: weapon_restrict.smx
L 11/06/2022 - 03:06:24: [SM] Call stack trace:
L 11/06/2022 - 03:06:24: [SM]   [1] Line 202, restrictinc/events.sp::CS_OnBuyCommand
L 11/06/2022 - 03:06:32: [SM] Exception reported: Array index out-of-bounds (index 64, limit 55)
L 11/06/2022 - 03:06:32: [SM] Blaming: weapon_restrict.smx
L 11/06/2022 - 03:06:32: [SM] Call stack trace:
L 11/06/2022 - 03:06:32: [SM]   [1] Line 202, restrictinc/events.sp::CS_OnBuyCommand
L 11/06/2022 - 03:06:41: [SM] Exception reported: Array index out-of-bounds (index 64, limit 55)
L 11/06/2022 - 03:06:41: [SM] Blaming: weapon_restrict.smx
L 11/06/2022 - 03:06:41: [SM] Call stack trace:
L 11/06/2022 - 03:06:41: [SM]   [1] Line 202, restrictinc/events.sp::CS_OnBuyCommand
L 11/06/2022 - 03:06:50: [SM] Exception reported: Array index out-of-bounds (index 64, limit 55)
L 11/06/2022 - 03:06:50: [SM] Blaming: weapon_restrict.smx
L 11/06/2022 - 03:06:50: [SM] Call stack trace:
L 11/06/2022 - 03:06:50: [SM]   [1] Line 202, restrictinc/events.sp::CS_OnBuyCommand
L 11/06/2022 - 03:06:57: [SM] Exception reported: Array index out-of-bounds (index 64, limit 55)
L 11/06/2022 - 03:06:57: [SM] Blaming: weapon_restrict.smx
L 11/06/2022 - 03:06:57: [SM] Call stack trace:
L 11/06/2022 - 03:06:57: [SM]   [1] Line 202, restrictinc/events.sp::CS_OnBuyCommand
L 11/06/2022 - 03:07:03: [SM] Exception reported: Array index out-of-bounds (index 64, limit 55)
L 11/06/2022 - 03:07:03: [SM] Blaming: weapon_restrict.smx
L 11/06/2022 - 03:07:03: [SM] Call stack trace:
L 11/06/2022 - 03:07:03: [SM]   [1] Line 202, restrictinc/events.sp::CS_OnBuyCommand
L 11/06/2022 - 03:07:22: [SM] Exception reported: Array index out-of-bounds (index 64, limit 55)
L 11/06/2022 - 03:07:22: [SM] Blaming: weapon_restrict.smx
L 11/06/2022 - 03:07:22: [SM] Call stack trace:
L 11/06/2022 - 03:07:22: [SM]   [1] Line 202, restrictinc/events.sp::CS_OnBuyCommand
L 11/06/2022 - 03:07:36: [SM] Exception reported: Array index out-of-bounds (index 64, limit 55)
L 11/06/2022 - 03:07:36: [SM] Blaming: weapon_restrict.smx
L 11/06/2022 - 03:07:36: [SM] Call stack trace:
L 11/06/2022 - 03:07:36: [SM]   [1] Line 202, restrictinc/events.sp::CS_OnBuyCommand
L 11/06/2022 - 03:07:46: [SM] Exception reported: Array index out-of-bounds (index 64, limit 55)
L 11/06/2022 - 03:07:46: [SM] Blaming: weapon_restrict.smx
L 11/06/2022 - 03:07:46: [SM] Call stack trace:
L 11/06/2022 - 03:07:46: [SM]   [1] Line 202, restrictinc/events.sp::CS_OnBuyCommand
L 11/06/2022 - 03:08:14: [SM] Exception reported: Array index out-of-bounds (index 64, limit 55)
L 11/06/2022 - 03:08:14: [SM] Blaming: weapon_restrict.smx
L 11/06/2022 - 03:08:14: [SM] Call stack trace:
L 11/06/2022 - 03:08:14: [SM]   [1] Line 202, restrictinc/events.sp::CS_OnBuyCommand
L 11/06/2022 - 03:08:22: [SM] Exception reported: Array index out-of-bounds (index 64, limit 55)
L 11/06/2022 - 03:08:22: [SM] Blaming: weapon_restrict.smx
L 11/06/2022 - 03:08:22: [SM] Call stack trace:
L 11/06/2022 - 03:08:22: [SM]   [1] Line 202, restrictinc/events.sp::CS_OnBuyCommand
L 11/06/2022 - 03:08:31: [SM] Exception reported: Array index out-of-bounds (index 64, limit 55)
L 11/06/2022 - 03:08:31: [SM] Blaming: weapon_restrict.smx
L 11/06/2022 - 03:08:31: [SM] Call stack trace:
L 11/06/2022 - 03:08:31: [SM]   [1] Line 202, restrictinc/events.sp::CS_OnBuyCommand
L 11/06/2022 - 03:08:38: [SM] Exception reported: Array index out-of-bounds (index 64, limit 55)
L 11/06/2022 - 03:08:38: [SM] Blaming: weapon_restrict.smx
L 11/06/2022 - 03:08:38: [SM] Call stack trace:
L 11/06/2022 - 03:08:38: [SM]   [1] Line 202, restrictinc/events.sp::CS_OnBuyCommand
L 11/06/2022 - 03:08:45: [SM] Exception reported: Array index out-of-bounds (index 64, limit 55)
L 11/06/2022 - 03:08:45: [SM] Blaming: weapon_restrict.smx
L 11/06/2022 - 03:08:45: [SM] Call stack trace:
L 11/06/2022 - 03:08:45: [SM]   [1] Line 202, restrictinc/events.sp::CS_OnBuyCommand
L 11/06/2022 - 03:08:48: [SM] Exception reported: Array index out-of-bounds (index 64, limit 55)
L 11/06/2022 - 03:08:48: [SM] Blaming: weapon_restrict.smx
L 11/06/2022 - 03:08:48: [SM] Call stack trace:
L 11/06/2022 - 03:08:48: [SM]   [1] Line 202, restrictinc/events.sp::CS_OnBuyCommand
L 11/06/2022 - 03:08:49: [SM] Exception reported: Array index out-of-bounds (index 64, limit 55)
L 11/06/2022 - 03:08:49: [SM] Blaming: weapon_restrict.smx
L 11/06/2022 - 03:08:49: [SM] Call stack trace:
L 11/06/2022 - 03:08:49: [SM]   [1] Line 202, restrictinc/events.sp::CS_OnBuyCommand
L 11/06/2022 - 03:08:52: [SM] Exception reported: Array index out-of-bounds (index 64, limit 55)
L 11/06/2022 - 03:08:52: [SM] Blaming: weapon_restrict.smx
L 11/06/2022 - 03:08:52: [SM] Call stack trace:
L 11/06/2022 - 03:08:52: [SM]   [1] Line 202, restrictinc/events.sp::CS_OnBuyCommand
L 11/06/2022 - 03:08:54: [SM] Exception reported: Array index out-of-bounds (index 64, limit 55)
L 11/06/2022 - 03:08:54: [SM] Blaming: weapon_restrict.smx
L 11/06/2022 - 03:08:54: [SM] Call stack trace:
L 11/06/2022 - 03:08:54: [SM]   [1] Line 202, restrictinc/events.sp::CS_OnBuyCommand
L 11/06/2022 - 03:08:54: [SM] Exception reported: Array index out-of-bounds (index 64, limit 55)
L 11/06/2022 - 03:08:54: [SM] Blaming: weapon_restrict.smx
L 11/06/2022 - 03:08:54: [SM] Call stack trace:
L 11/06/2022 - 03:08:54: [SM]   [1] Line 202, restrictinc/events.sp::CS_OnBuyCommand
L 11/06/2022 - 03:08:55: [SM] Exception reported: Array index out-of-bounds (index 64, limit 55)
L 11/06/2022 - 03:08:55: [SM] Blaming: weapon_restrict.smx
L 11/06/2022 - 03:08:55: [SM] Call stack trace:
L 11/06/2022 - 03:08:55: [SM]   [1] Line 202, restrictinc/events.sp::CS_OnBuyCommand
L 11/06/2022 - 03:08:56: [SM] Exception reported: Array index out-of-bounds (index 64, limit 55)
L 11/06/2022 - 03:08:56: [SM] Blaming: weapon_restrict.smx
L 11/06/2022 - 03:08:56: [SM] Call stack trace:
L 11/06/2022 - 03:08:56: [SM]   [1] Line 202, restrictinc/events.sp::CS_OnBuyCommand
L 11/06/2022 - 03:08:57: [SM] Exception reported: Array index out-of-bounds (index 64, limit 55)
L 11/06/2022 - 03:08:57: [SM] Blaming: weapon_restrict.smx
L 11/06/2022 - 03:08:57: [SM] Call stack trace:
L 11/06/2022 - 03:08:57: [SM]   [1] Line 202, restrictinc/events.sp::CS_OnBuyCommand
L 11/06/2022 - 03:08:58: [SM] Exception reported: Array index out-of-bounds (index 64, limit 55)
L 11/06/2022 - 03:08:58: [SM] Blaming: weapon_restrict.smx
L 11/06/2022 - 03:08:58: [SM] Call stack trace:
L 11/06/2022 - 03:08:58: [SM]   [1] Line 202, restrictinc/events.sp::CS_OnBuyCommand
L 11/06/2022 - 03:08:59: [SM] Exception reported: Array index out-of-bounds (index 64, limit 55)
L 11/06/2022 - 03:08:59: [SM] Blaming: weapon_restrict.smx
L 11/06/2022 - 03:08:59: [SM] Call stack trace:
L 11/06/2022 - 03:08:59: [SM]   [1] Line 202, restrictinc/events.sp::CS_OnBuyCommand
L 11/06/2022 - 03:09:00: [SM] Exception reported: Array index out-of-bounds (index 64, limit 55)
L 11/06/2022 - 03:09:00: [SM] Blaming: weapon_restrict.smx
L 11/06/2022 - 03:09:00: [SM] Call stack trace:
L 11/06/2022 - 03:09:00: [SM]   [1] Line 202, restrictinc/events.sp::CS_OnBuyCommand
L 11/06/2022 - 03:09:01: [SM] Exception reported: Array index out-of-bounds (index 64, limit 55)
L 11/06/2022 - 03:09:01: [SM] Blaming: weapon_restrict.smx
L 11/06/2022 - 03:09:01: [SM] Call stack trace:
L 11/06/2022 - 03:09:01: [SM]   [1] Line 202, restrictinc/events.sp::CS_OnBuyCommand
L 11/06/2022 - 03:09:15: [SM] Exception reported: Array index out-of-bounds (index 64, limit 55)
L 11/06/2022 - 03:09:15: [SM] Blaming: weapon_restrict.smx
L 11/06/2022 - 03:09:15: [SM] Call stack trace:
L 11/06/2022 - 03:09:15: [SM]   [1] Line 202, restrictinc/events.sp::CS_OnBuyCommand
L 11/06/2022 - 03:09:54: [SM] Exception reported: Array index out-of-bounds (index 64, limit 55)
L 11/06/2022 - 03:09:54: [SM] Blaming: weapon_restrict.smx
L 11/06/2022 - 03:09:54: [SM] Call stack trace:
L 11/06/2022 - 03:09:54: [SM]   [1] Line 202, restrictinc/events.sp::CS_OnBuyCommand
L 11/06/2022 - 03:10:00: [SM] Exception reported: Array index out-of-bounds (index 64, limit 55)
L 11/06/2022 - 03:10:00: [SM] Blaming: weapon_restrict.smx
L 11/06/2022 - 03:10:00: [SM] Call stack trace:
L 11/06/2022 - 03:10:00: [SM]   [1] Line 202, restrictinc/events.sp::CS_OnBuyCommand
L 11/06/2022 - 03:10:16: [SM] Exception reported: Array index out-of-bounds (index 64, limit 55)
L 11/06/2022 - 03:10:16: [SM] Blaming: weapon_restrict.smx
L 11/06/2022 - 03:10:16: [SM] Call stack trace:
L 11/06/2022 - 03:10:16: [SM]   [1] Line 202, restrictinc/events.sp::CS_OnBuyCommand
L 11/06/2022 - 03:10:37: [SM] Exception reported: Array index out-of-bounds (index 64, limit 55)
L 11/06/2022 - 03:10:37: [SM] Blaming: weapon_restrict.smx
L 11/06/2022 - 03:10:37: [SM] Call stack trace:
L 11/06/2022 - 03:10:37: [SM]   [1] Line 202, restrictinc/events.sp::CS_OnBuyCommand
L 11/06/2022 - 03:10:43: [SM] Exception reported: Array index out-of-bounds (index 64, limit 55)
L 11/06/2022 - 03:10:43: [SM] Blaming: weapon_restrict.smx
L 11/06/2022 - 03:10:43: [SM] Call stack trace:
L 11/06/2022 - 03:10:43: [SM]   [1] Line 202, restrictinc/events.sp::CS_OnBuyCommand
L 11/06/2022 - 03:10:51: [SM] Exception reported: Array index out-of-bounds (index 64, limit 55)
L 11/06/2022 - 03:10:51: [SM] Blaming: weapon_restrict.smx
L 11/06/2022 - 03:10:51: [SM] Call stack trace:
L 11/06/2022 - 03:10:51: [SM]   [1] Line 202, restrictinc/events.sp::CS_OnBuyCommand
L 11/06/2022 - 03:11:01: [SM] Exception reported: Array index out-of-bounds (index 64, limit 55)
L 11/06/2022 - 03:11:01: [SM] Blaming: weapon_restrict.smx
L 11/06/2022 - 03:11:01: [SM] Call stack trace:
L 11/06/2022 - 03:11:01: [SM]   [1] Line 202, restrictinc/events.sp::CS_OnBuyCommand
L 11/06/2022 - 03:11:15: [SM] Exception reported: Array index out-of-bounds (index 64, limit 55)
L 11/06/2022 - 03:11:15: [SM] Blaming: weapon_restrict.smx
L 11/06/2022 - 03:11:15: [SM] Call stack trace:
L 11/06/2022 - 03:11:15: [SM]   [1] Line 202, restrictinc/events.sp::CS_OnBuyCommand
L 11/06/2022 - 03:11:21: [SM] Exception reported: Array index out-of-bounds (index 64, limit 55)
L 11/06/2022 - 03:11:21: [SM] Blaming: weapon_restrict.smx
L 11/06/2022 - 03:11:21: [SM] Call stack trace:
L 11/06/2022 - 03:11:21: [SM]   [1] Line 202, restrictinc/events.sp::CS_OnBuyCommand
L 11/06/2022 - 03:11:34: [SM] Exception reported: Array index out-of-bounds (index 64, limit 55)
L 11/06/2022 - 03:11:34: [SM] Blaming: weapon_restrict.smx
L 11/06/2022 - 03:11:34: [SM] Call stack trace:
L 11/06/2022 - 03:11:34: [SM]   [1] Line 202, restrictinc/events.sp::CS_OnBuyCommand
L 11/06/2022 - 03:11:43: [SM] Exception reported: Array index out-of-bounds (index 64, limit 55)
L 11/06/2022 - 03:11:43: [SM] Blaming: weapon_restrict.smx
L 11/06/2022 - 03:11:43: [SM] Call stack trace:
L 11/06/2022 - 03:11:43: [SM]   [1] Line 202, restrictinc/events.sp::CS_OnBuyCommand
L 11/06/2022 - 03:11:45: [SM] Exception reported: Array index out-of-bounds (index 64, limit 55)
L 11/06/2022 - 03:11:45: [SM] Blaming: weapon_restrict.smx
L 11/06/2022 - 03:11:45: [SM] Call stack trace:
L 11/06/2022 - 03:11:45: [SM]   [1] Line 202, restrictinc/events.sp::CS_OnBuyCommand
L 11/06/2022 - 03:11:47: [SM] Exception reported: Array index out-of-bounds (index 64, limit 55)
L 11/06/2022 - 03:11:47: [SM] Blaming: weapon_restrict.smx
L 11/06/2022 - 03:11:47: [SM] Call stack trace:
L 11/06/2022 - 03:11:47: [SM]   [1] Line 202, restrictinc/events.sp::CS_OnBuyCommand
L 11/06/2022 - 03:11:48: [SM] Exception reported: Array index out-of-bounds (index 64, limit 55)
L 11/06/2022 - 03:11:48: [SM] Blaming: weapon_restrict.smx
L 11/06/2022 - 03:11:48: [SM] Call stack trace:
L 11/06/2022 - 03:11:48: [SM]   [1] Line 202, restrictinc/events.sp::CS_OnBuyCommand
L 11/06/2022 - 03:11:51: [SM] Exception reported: Array index out-of-bounds (index 64, limit 55)
L 11/06/2022 - 03:11:51: [SM] Blaming: weapon_restrict.smx
L 11/06/2022 - 03:11:51: [SM] Call stack trace:
L 11/06/2022 - 03:11:51: [SM]   [1] Line 202, restrictinc/events.sp::CS_OnBuyCommand
L 11/06/2022 - 03:11:53: [SM] Exception reported: Array index out-of-bounds (index 64, limit 55)
L 11/06/2022 - 03:11:53: [SM] Blaming: weapon_restrict.smx
L 11/06/2022 - 03:11:53: [SM] Call stack trace:
L 11/06/2022 - 03:11:53: [SM]   [1] Line 202, restrictinc/events.sp::CS_OnBuyCommand
L 11/06/2022 - 03:11:54: [SM] Exception reported: Array index out-of-bounds (index 64, limit 55)
L 11/06/2022 - 03:11:54: [SM] Blaming: weapon_restrict.smx
L 11/06/2022 - 03:11:54: [SM] Call stack trace:
L 11/06/2022 - 03:11:54: [SM]   [1] Line 202, restrictinc/events.sp::CS_OnBuyCommand
L 11/06/2022 - 03:11:55: [SM] Exception reported: Array index out-of-bounds (index 64, limit 55)
L 11/06/2022 - 03:11:55: [SM] Blaming: weapon_restrict.smx
L 11/06/2022 - 03:11:55: [SM] Call stack trace:
L 11/06/2022 - 03:11:55: [SM]   [1] Line 202, restrictinc/events.sp::CS_OnBuyCommand
L 11/06/2022 - 03:11:57: [SM] Exception reported: Array index out-of-bounds (index 64, limit 55)
L 11/06/2022 - 03:11:57: [SM] Blaming: weapon_restrict.smx
L 11/06/2022 - 03:11:57: [SM] Call stack trace:
L 11/06/2022 - 03:11:57: [SM]   [1] Line 202, restrictinc/events.sp::CS_OnBuyCommand
L 11/06/2022 - 03:12:23: [SM] Exception reported: Array index out-of-bounds (index 64, limit 55)
L 11/06/2022 - 03:12:23: [SM] Blaming: weapon_restrict.smx
L 11/06/2022 - 03:12:23: [SM] Call stack trace:
L 11/06/2022 - 03:12:23: [SM]   [1] Line 202, restrictinc/events.sp::CS_OnBuyCommand
L 11/06/2022 - 03:12:36: [SM] Exception reported: Array index out-of-bounds (index 64, limit 55)
L 11/06/2022 - 03:12:36: [SM] Blaming: weapon_restrict.smx
L 11/06/2022 - 03:12:36: [SM] Call stack trace:
L 11/06/2022 - 03:12:36: [SM]   [1] Line 202, restrictinc/events.sp::CS_OnBuyCommand
L 11/06/2022 - 03:12:44: [SM] Exception reported: Array index out-of-bounds (index 64, limit 55)
L 11/06/2022 - 03:12:44: [SM] Blaming: weapon_restrict.smx
L 11/06/2022 - 03:12:44: [SM] Call stack trace:
L 11/06/2022 - 03:12:44: [SM]   [1] Line 202, restrictinc/events.sp::CS_OnBuyCommand
L 11/06/2022 - 03:12:53: [SM] Exception reported: Array index out-of-bounds (index 64, limit 55)
L 11/06/2022 - 03:12:53: [SM] Blaming: weapon_restrict.smx
L 11/06/2022 - 03:12:53: [SM] Call stack trace:
L 11/06/2022 - 03:12:53: [SM]   [1] Line 202, restrictinc/events.sp::CS_OnBuyCommand
L 11/06/2022 - 03:13:04: [SM] Exception reported: Array index out-of-bounds (index 64, limit 55)
L 11/06/2022 - 03:13:04: [SM] Blaming: weapon_restrict.smx
L 11/06/2022 - 03:13:04: [SM] Call stack trace:
L 11/06/2022 - 03:13:04: [SM]   [1] Line 202, restrictinc/events.sp::CS_OnBuyCommand
L 11/06/2022 - 03:13:07: [SM] Exception reported: Array index out-of-bounds (index 64, limit 55)
L 11/06/2022 - 03:13:07: [SM] Blaming: weapon_restrict.smx
L 11/06/2022 - 03:13:07: [SM] Call stack trace:
L 11/06/2022 - 03:13:07: [SM]   [1] Line 202, restrictinc/events.sp::CS_OnBuyCommand
L 11/06/2022 - 03:13:08: [SM] Exception reported: Array index out-of-bounds (index 64, limit 55)
L 11/06/2022 - 03:13:08: [SM] Blaming: weapon_restrict.smx
L 11/06/2022 - 03:13:08: [SM] Call stack trace:
L 11/06/2022 - 03:13:08: [SM]   [1] Line 202, restrictinc/events.sp::CS_OnBuyCommand
L 11/06/2022 - 03:13:10: [SM] Exception reported: Array index out-of-bounds (index 64, limit 55)
L 11/06/2022 - 03:13:10: [SM] Blaming: weapon_restrict.smx
L 11/06/2022 - 03:13:10: [SM] Call stack trace:
L 11/06/2022 - 03:13:10: [SM]   [1] Line 202, restrictinc/events.sp::CS_OnBuyCommand
L 11/06/2022 - 03:13:20: [SM] Exception reported: Array index out-of-bounds (index 64, limit 55)
L 11/06/2022 - 03:13:20: [SM] Blaming: weapon_restrict.smx
L 11/06/2022 - 03:13:20: [SM] Call stack trace:
L 11/06/2022 - 03:13:20: [SM]   [1] Line 202, restrictinc/events.sp::CS_OnBuyCommand
L 11/06/2022 - 03:13:28: [SM] Exception reported: Array index out-of-bounds (index 64, limit 55)
L 11/06/2022 - 03:13:28: [SM] Blaming: weapon_restrict.smx
L 11/06/2022 - 03:13:28: [SM] Call stack trace:
L 11/06/2022 - 03:13:28: [SM]   [1] Line 202, restrictinc/events.sp::CS_OnBuyCommand
L 11/06/2022 - 03:13:29: [SM] Exception reported: Array index out-of-bounds (index 64, limit 55)
L 11/06/2022 - 03:13:29: [SM] Blaming: weapon_restrict.smx
L 11/06/2022 - 03:13:29: [SM] Call stack trace:
L 11/06/2022 - 03:13:29: [SM]   [1] Line 202, restrictinc/events.sp::CS_OnBuyCommand
L 11/06/2022 - 03:13:30: [SM] Exception reported: Array index out-of-bounds (index 64, limit 55)
L 11/06/2022 - 03:13:30: [SM] Blaming: weapon_restrict.smx
L 11/06/2022 - 03:13:30: [SM] Call stack trace:
L 11/06/2022 - 03:13:30: [SM]   [1] Line 202, restrictinc/events.sp::CS_OnBuyCommand
L 11/06/2022 - 03:13:31: [SM] Exception reported: Array index out-of-bounds (index 64, limit 55)
L 11/06/2022 - 03:13:31: [SM] Blaming: weapon_restrict.smx
L 11/06/2022 - 03:13:31: [SM] Call stack trace:
L 11/06/2022 - 03:13:31: [SM]   [1] Line 202, restrictinc/events.sp::CS_OnBuyCommand
L 11/06/2022 - 03:13:34: [SM] Exception reported: Array index out-of-bounds (index 64, limit 55)
L 11/06/2022 - 03:13:34: [SM] Blaming: weapon_restrict.smx
L 11/06/2022 - 03:13:34: [SM] Call stack trace:
L 11/06/2022 - 03:13:34: [SM]   [1] Line 202, restrictinc/events.sp::CS_OnBuyCommand
L 11/06/2022 - 03:13:38: [SM] Exception reported: Array index out-of-bounds (index 64, limit 55)
L 11/06/2022 - 03:13:38: [SM] Blaming: weapon_restrict.smx
L 11/06/2022 - 03:13:38: [SM] Call stack trace:
L 11/06/2022 - 03:13:38: [SM]   [1] Line 202, restrictinc/events.sp::CS_OnBuyCommand
L 11/06/2022 - 03:13:39: [SM] Exception reported: Array index out-of-bounds (index 64, limit 55)
L 11/06/2022 - 03:13:39: [SM] Blaming: weapon_restrict.smx
L 11/06/2022 - 03:13:39: [SM] Call stack trace:
L 11/06/2022 - 03:13:39: [SM]   [1] Line 202, restrictinc/events.sp::CS_OnBuyCommand
L 11/06/2022 - 03:13:41: [SM] Exception reported: Array index out-of-bounds (index 64, limit 55)
L 11/06/2022 - 03:13:41: [SM] Blaming: weapon_restrict.smx
L 11/06/2022 - 03:13:41: [SM] Call stack trace:
L 11/06/2022 - 03:13:41: [SM]   [1] Line 202, restrictinc/events.sp::CS_OnBuyCommand
L 11/06/2022 - 03:13:42: [SM] Exception reported: Array index out-of-bounds (index 64, limit 55)
L 11/06/2022 - 03:13:42: [SM] Blaming: weapon_restrict.smx
L 11/06/2022 - 03:13:42: [SM] Call stack trace:
L 11/06/2022 - 03:13:42: [SM]   [1] Line 202, restrictinc/events.sp::CS_OnBuyCommand
L 11/06/2022 - 03:13:44: [SM] Exception reported: Array index out-of-bounds (index 64, limit 55)
L 11/06/2022 - 03:13:44: [SM] Blaming: weapon_restrict.smx
L 11/06/2022 - 03:13:44: [SM] Call stack trace:
L 11/06/2022 - 03:13:44: [SM]   [1] Line 202, restrictinc/events.sp::CS_OnBuyCommand
L 11/06/2022 - 03:13:45: [SM] Exception reported: Array index out-of-bounds (index 64, limit 55)
L 11/06/2022 - 03:13:45: [SM] Blaming: weapon_restrict.smx
L 11/06/2022 - 03:13:45: [SM] Call stack trace:
L 11/06/2022 - 03:13:45: [SM]   [1] Line 202, restrictinc/events.sp::CS_OnBuyCommand
L 11/06/2022 - 03:13:46: [SM] Exception reported: Array index out-of-bounds (index 64, limit 55)
L 11/06/2022 - 03:13:46: [SM] Blaming: weapon_restrict.smx
L 11/06/2022 - 03:13:46: [SM] Call stack trace:
L 11/06/2022 - 03:13:46: [SM]   [1] Line 202, restrictinc/events.sp::CS_OnBuyCommand
L 11/06/2022 - 03:13:48: [SM] Exception reported: Array index out-of-bounds (index 64, limit 55)
L 11/06/2022 - 03:13:48: [SM] Blaming: weapon_restrict.smx
L 11/06/2022 - 03:13:48: [SM] Call stack trace:
L 11/06/2022 - 03:13:48: [SM]   [1] Line 202, restrictinc/events.sp::CS_OnBuyCommand
L 11/06/2022 - 03:13:49: [SM] Exception reported: Array index out-of-bounds (index 64, limit 55)
L 11/06/2022 - 03:13:49: [SM] Blaming: weapon_restrict.smx
L 11/06/2022 - 03:13:49: [SM] Call stack trace:
L 11/06/2022 - 03:13:49: [SM]   [1] Line 202, restrictinc/events.sp::CS_OnBuyCommand
L 11/06/2022 - 03:14:03: [SM] Exception reported: Array index out-of-bounds (index 64, limit 55)
L 11/06/2022 - 03:14:03: [SM] Blaming: weapon_restrict.smx
L 11/06/2022 - 03:14:03: [SM] Call stack trace:
L 11/06/2022 - 03:14:03: [SM]   [1] Line 202, restrictinc/events.sp::CS_OnBuyCommand
L 11/06/2022 - 03:14:10: [SM] Exception reported: Array index out-of-bounds (index 64, limit 55)
L 11/06/2022 - 03:14:10: [SM] Blaming: weapon_restrict.smx
L 11/06/2022 - 03:14:10: [SM] Call stack trace:
L 11/06/2022 - 03:14:10: [SM]   [1] Line 202, restrictinc/events.sp::CS_OnBuyCommand
L 11/06/2022 - 03:14:14: [SM] Exception reported: Array index out-of-bounds (index 64, limit 55)
L 11/06/2022 - 03:14:14: [SM] Blaming: weapon_restrict.smx
L 11/06/2022 - 03:14:14: [SM] Call stack trace:
L 11/06/2022 - 03:14:14: [SM]   [1] Line 202, restrictinc/events.sp::CS_OnBuyCommand
L 11/06/2022 - 03:14:18: [SM] Exception reported: Array index out-of-bounds (index 64, limit 55)
L 11/06/2022 - 03:14:18: [SM] Blaming: weapon_restrict.smx
L 11/06/2022 - 03:14:18: [SM] Call stack trace:
L 11/06/2022 - 03:14:18: [SM]   [1] Line 202, restrictinc/events.sp::CS_OnBuyCommand
L 11/06/2022 - 03:14:21: [SM] Exception reported: Array index out-of-bounds (index 64, limit 55)
L 11/06/2022 - 03:14:21: [SM] Blaming: weapon_restrict.smx
L 11/06/2022 - 03:14:21: [SM] Call stack trace:
L 11/06/2022 - 03:14:21: [SM]   [1] Line 202, restrictinc/events.sp::CS_OnBuyCommand
L 11/06/2022 - 03:14:22: [SM] Exception reported: Array index out-of-bounds (index 64, limit 55)
L 11/06/2022 - 03:14:22: [SM] Blaming: weapon_restrict.smx
L 11/06/2022 - 03:14:22: [SM] Call stack trace:
L 11/06/2022 - 03:14:22: [SM]   [1] Line 202, restrictinc/events.sp::CS_OnBuyCommand
L 11/06/2022 - 03:14:45: [SM] Exception reported: Array index out-of-bounds (index 64, limit 55)
L 11/06/2022 - 03:14:45: [SM] Blaming: weapon_restrict.smx
L 11/06/2022 - 03:14:45: [SM] Call stack trace:
L 11/06/2022 - 03:14:45: [SM]   [1] Line 202, restrictinc/events.sp::CS_OnBuyCommand
L 11/06/2022 - 03:15:00: [SM] Exception reported: Array index out-of-bounds (index 64, limit 55)
L 11/06/2022 - 03:15:00: [SM] Blaming: weapon_restrict.smx
L 11/06/2022 - 03:15:00: [SM] Call stack trace:
L 11/06/2022 - 03:15:00: [SM]   [1] Line 202, restrictinc/events.sp::CS_OnBuyCommand
L 11/06/2022 - 03:15:19: [SM] Exception reported: Array index out-of-bounds (index 64, limit 55)
L 11/06/2022 - 03:15:19: [SM] Blaming: weapon_restrict.smx
L 11/06/2022 - 03:15:19: [SM] Call stack trace:
L 11/06/2022 - 03:15:19: [SM]   [1] Line 202, restrictinc/events.sp::CS_OnBuyCommand
L 11/06/2022 - 03:15:28: [SM] Exception reported: Array index out-of-bounds (index 64, limit 55)
L 11/06/2022 - 03:15:28: [SM] Blaming: weapon_restrict.smx
L 11/06/2022 - 03:15:28: [SM] Call stack trace:
L 11/06/2022 - 03:15:28: [SM]   [1] Line 202, restrictinc/events.sp::CS_OnBuyCommand
L 11/06/2022 - 03:19:39: Error log file session closed.
L 11/06/2022 - 04:18:19: SourceMod error session started
L 11/06/2022 - 04:18:19: Info (map "de_mirage") (file "/badfupo/server1/csgo/addons/sourcemod/logs/errors_20221106.log")
L 11/06/2022 - 04:18:19: [warmod.smx] Plug-in tEasyFTP.smx required to auto upload demos
L 11/06/2022 - 04:18:44: Error log file session closed.
L 11/06/2022 - 05:27:08: SourceMod error session started
L 11/06/2022 - 05:27:08: Info (map "de_mirage") (file "/badfupo/server1/csgo/addons/sourcemod/logs/errors_20221106.log")
L 11/06/2022 - 05:27:08: [SM] Exception reported: Array index out-of-bounds (index 64, limit 55)
L 11/06/2022 - 05:27:08: [SM] Blaming: weapon_restrict.smx
L 11/06/2022 - 05:27:08: [SM] Call stack trace:
L 11/06/2022 - 05:27:08: [SM]   [1] Line 202, restrictinc/events.sp::CS_OnBuyCommand
L 11/06/2022 - 10:55:18: Error log file session closed.
L 11/06/2022 - 12:18:40: SourceMod error session started
L 11/06/2022 - 12:18:40: Info (map "de_mirage") (file "/badfupo/server1/csgo/addons/sourcemod/logs/errors_20221106.log")
L 11/06/2022 - 12:18:40: [SM] Exception reported: Array index out-of-bounds (index 64, limit 55)
L 11/06/2022 - 12:18:40: [SM] Blaming: weapon_restrict.smx
L 11/06/2022 - 12:18:40: [SM] Call stack trace:
L 11/06/2022 - 12:18:40: [SM]   [1] Line 202, restrictinc/events.sp::CS_OnBuyCommand
L 11/06/2022 - 12:24:03: [warmod.smx] Plug-in tEasyFTP.smx required to auto upload demos
L 11/06/2022 - 12:24:28: Error log file session closed.
