L 09/15/2022 - 03:17:21: SourceMod log file session started (file "/badfupo/server1/csgo/addons/sourcemod/logs/L20220915.log") (Version "1.12.0.6912")
L 09/15/2022 - 03:17:21: [basecommands.smx] "Console<0><Console><Console>" changed cvar (cvar "mapcyclefile") (value "map_custom.txt")
L 09/15/2022 - 03:17:25: [warmod.smx] Current Map: de_mirage, Warmod Version: 19.11.21.2253
L 09/15/2022 - 03:17:25: [chat-processor.smx] Message formats generated for game 'csgo'.
L 09/15/2022 - 03:17:25: [chat-processor.smx] Successfully hooked a SayText2 chat hook.
L 09/15/2022 - 04:51:44: -------- Mapchange to de_mirage --------
L 09/15/2022 - 04:51:44: [basecommands.smx] "Console<0><Console><Console>" changed cvar (cvar "mapcyclefile") (value "map_custom.txt")
L 09/15/2022 - 04:51:48: [warmod.smx] Current Map: de_mirage, Warmod Version: 19.11.21.2253
L 09/15/2022 - 04:51:48: [chat-processor.smx] Message formats generated for game 'csgo'.
L 09/15/2022 - 04:51:48: [chat-processor.smx] Successfully hooked a SayText2 chat hook.
L 09/15/2022 - 06:44:08: -------- Mapchange to de_mirage --------
L 09/15/2022 - 06:44:08: [basecommands.smx] "Console<0><Console><Console>" changed cvar (cvar "mapcyclefile") (value "map_custom.txt")
L 09/15/2022 - 06:44:12: [warmod.smx] Current Map: de_mirage, Warmod Version: 19.11.21.2253
L 09/15/2022 - 06:44:12: [chat-processor.smx] Message formats generated for game 'csgo'.
L 09/15/2022 - 06:44:12: [chat-processor.smx] Successfully hooked a SayText2 chat hook.
L 09/15/2022 - 06:55:45: -------- Mapchange to de_mirage --------
L 09/15/2022 - 06:55:46: [basecommands.smx] "Console<0><Console><Console>" changed cvar (cvar "mapcyclefile") (value "map_custom.txt")
L 09/15/2022 - 06:55:49: [warmod.smx] Current Map: de_mirage, Warmod Version: 19.11.21.2253
L 09/15/2022 - 06:55:49: [chat-processor.smx] Message formats generated for game 'csgo'.
L 09/15/2022 - 06:55:49: [chat-processor.smx] Successfully hooked a SayText2 chat hook.
L 09/15/2022 - 07:11:20: -------- Mapchange to de_mirage --------
L 09/15/2022 - 07:11:21: [basecommands.smx] "Console<0><Console><Console>" changed cvar (cvar "mapcyclefile") (value "map_custom.txt")
L 09/15/2022 - 07:11:24: [warmod.smx] Current Map: de_mirage, Warmod Version: 19.11.21.2253
L 09/15/2022 - 07:11:24: [chat-processor.smx] Message formats generated for game 'csgo'.
L 09/15/2022 - 07:11:24: [chat-processor.smx] Successfully hooked a SayText2 chat hook.
L 09/15/2022 - 08:15:16: -------- Mapchange to de_mirage --------
L 09/15/2022 - 08:15:17: [basecommands.smx] "Console<0><Console><Console>" changed cvar (cvar "mapcyclefile") (value "map_custom.txt")
L 09/15/2022 - 08:15:20: [warmod.smx] Current Map: de_mirage, Warmod Version: 19.11.21.2253
L 09/15/2022 - 08:15:20: [chat-processor.smx] Message formats generated for game 'csgo'.
L 09/15/2022 - 08:15:20: [chat-processor.smx] Successfully hooked a SayText2 chat hook.
L 09/15/2022 - 08:58:38: -------- Mapchange to de_mirage --------
L 09/15/2022 - 08:58:38: [basecommands.smx] "Console<0><Console><Console>" changed cvar (cvar "mapcyclefile") (value "map_custom.txt")
L 09/15/2022 - 08:58:41: [warmod.smx] Current Map: de_mirage, Warmod Version: 19.11.21.2253
L 09/15/2022 - 08:58:42: [chat-processor.smx] Message formats generated for game 'csgo'.
L 09/15/2022 - 08:58:42: [chat-processor.smx] Successfully hooked a SayText2 chat hook.
L 09/15/2022 - 10:59:10: -------- Mapchange to de_mirage --------
L 09/15/2022 - 10:59:11: [basecommands.smx] "Console<0><Console><Console>" changed cvar (cvar "mapcyclefile") (value "map_custom.txt")
L 09/15/2022 - 10:59:14: [warmod.smx] Current Map: de_mirage, Warmod Version: 19.11.21.2253
L 09/15/2022 - 10:59:14: [chat-processor.smx] Message formats generated for game 'csgo'.
L 09/15/2022 - 10:59:14: [chat-processor.smx] Successfully hooked a SayText2 chat hook.
L 09/15/2022 - 12:17:56: -------- Mapchange to de_mirage --------
L 09/15/2022 - 12:17:57: [basecommands.smx] "Console<0><Console><Console>" changed cvar (cvar "mapcyclefile") (value "map_custom.txt")
L 09/15/2022 - 12:18:00: [warmod.smx] Current Map: de_mirage, Warmod Version: 19.11.21.2253
L 09/15/2022 - 12:18:00: [chat-processor.smx] Message formats generated for game 'csgo'.
L 09/15/2022 - 12:18:00: [chat-processor.smx] Successfully hooked a SayText2 chat hook.
L 09/15/2022 - 12:24:16: -------- Mapchange to de_mirage --------
L 09/15/2022 - 12:24:16: [basecommands.smx] "Console<0><Console><Console>" changed cvar (cvar "mapcyclefile") (value "map_custom.txt")
L 09/15/2022 - 12:24:19: [warmod.smx] Current Map: de_mirage, Warmod Version: 19.11.21.2253
L 09/15/2022 - 12:24:20: [chat-processor.smx] Message formats generated for game 'csgo'.
L 09/15/2022 - 12:24:20: [chat-processor.smx] Successfully hooked a SayText2 chat hook.
L 09/15/2022 - 12:41:48: -------- Mapchange to de_mirage --------
L 09/15/2022 - 12:41:48: [basecommands.smx] "Console<0><Console><Console>" changed cvar (cvar "mapcyclefile") (value "map_custom.txt")
L 09/15/2022 - 12:41:51: [warmod.smx] Current Map: de_mirage, Warmod Version: 19.11.21.2253
L 09/15/2022 - 12:41:52: [chat-processor.smx] Message formats generated for game 'csgo'.
L 09/15/2022 - 12:41:52: [chat-processor.smx] Successfully hooked a SayText2 chat hook.
L 09/15/2022 - 12:43:39: -------- Mapchange to de_mirage --------
L 09/15/2022 - 12:43:39: [basecommands.smx] "Console<0><Console><Console>" changed cvar (cvar "mapcyclefile") (value "map_custom.txt")
L 09/15/2022 - 12:43:43: [warmod.smx] Current Map: de_mirage, Warmod Version: 19.11.21.2253
L 09/15/2022 - 12:43:43: [chat-processor.smx] Message formats generated for game 'csgo'.
L 09/15/2022 - 12:43:43: [chat-processor.smx] Successfully hooked a SayText2 chat hook.
L 09/15/2022 - 13:32:49: -------- Mapchange to de_mirage --------
L 09/15/2022 - 13:32:49: [basecommands.smx] "Console<0><Console><Console>" changed cvar (cvar "mapcyclefile") (value "map_custom.txt")
L 09/15/2022 - 13:32:52: [warmod.smx] Current Map: de_mirage, Warmod Version: 19.11.21.2253
L 09/15/2022 - 13:32:53: [chat-processor.smx] Message formats generated for game 'csgo'.
L 09/15/2022 - 13:32:53: [chat-processor.smx] Successfully hooked a SayText2 chat hook.
L 09/15/2022 - 15:14:33: -------- Mapchange to de_mirage --------
L 09/15/2022 - 15:14:33: [basecommands.smx] "Console<0><Console><Console>" changed cvar (cvar "mapcyclefile") (value "map_custom.txt")
L 09/15/2022 - 15:14:37: [warmod.smx] Current Map: de_mirage, Warmod Version: 19.11.21.2253
L 09/15/2022 - 15:14:37: [chat-processor.smx] Message formats generated for game 'csgo'.
L 09/15/2022 - 15:14:37: [chat-processor.smx] Successfully hooked a SayText2 chat hook.
L 09/15/2022 - 15:17:49: -------- Mapchange to de_mirage --------
L 09/15/2022 - 15:17:50: [basecommands.smx] "Console<0><Console><Console>" changed cvar (cvar "mapcyclefile") (value "map_custom.txt")
L 09/15/2022 - 15:17:53: [warmod.smx] Current Map: de_mirage, Warmod Version: 19.11.21.2253
L 09/15/2022 - 15:17:53: [chat-processor.smx] Message formats generated for game 'csgo'.
L 09/15/2022 - 15:17:53: [chat-processor.smx] Successfully hooked a SayText2 chat hook.
L 09/15/2022 - 17:00:05: -------- Mapchange to de_mirage --------
L 09/15/2022 - 17:00:06: [basecommands.smx] "Console<0><Console><Console>" changed cvar (cvar "mapcyclefile") (value "map_custom.txt")
L 09/15/2022 - 17:00:09: [warmod.smx] Current Map: de_mirage, Warmod Version: 19.11.21.2253
L 09/15/2022 - 17:00:09: [chat-processor.smx] Message formats generated for game 'csgo'.
L 09/15/2022 - 17:00:09: [chat-processor.smx] Successfully hooked a SayText2 chat hook.
L 09/15/2022 - 18:12:11: -------- Mapchange to de_mirage --------
L 09/15/2022 - 18:12:11: [basecommands.smx] "Console<0><Console><Console>" changed cvar (cvar "mapcyclefile") (value "map_custom.txt")
L 09/15/2022 - 18:12:15: [warmod.smx] Current Map: de_mirage, Warmod Version: 19.11.21.2253
L 09/15/2022 - 18:12:15: [chat-processor.smx] Message formats generated for game 'csgo'.
L 09/15/2022 - 18:12:15: [chat-processor.smx] Successfully hooked a SayText2 chat hook.
L 09/16/2022 - 01:51:17: Log file closed.
