L 10/29/2022 - 03:04:49: SourceMod log file session started (file "/badfupo/server1/csgo/addons/sourcemod/logs/L20221029.log") (Version "1.11.0.6913")
L 10/29/2022 - 03:04:49: [basecommands.smx] "Console<0><Console><Console>" changed cvar (cvar "mapcyclefile") (value "map_custom.txt")
L 10/29/2022 - 03:04:53: [warmod.smx] Current Map: de_dust2, Warmod Version: 19.11.21.2253
L 10/29/2022 - 03:04:54: [chat-processor.smx] Message formats generated for game 'csgo'.
L 10/29/2022 - 03:04:54: [chat-processor.smx] Successfully hooked a SayText2 chat hook.
L 10/29/2022 - 04:01:35: -------- Mapchange to de_dust2 --------
L 10/29/2022 - 04:01:36: [basecommands.smx] "Console<0><Console><Console>" changed cvar (cvar "mapcyclefile") (value "map_custom.txt")
L 10/29/2022 - 04:01:40: [warmod.smx] Current Map: de_dust2, Warmod Version: 19.11.21.2253
L 10/29/2022 - 04:01:41: [chat-processor.smx] Message formats generated for game 'csgo'.
L 10/29/2022 - 04:01:41: [chat-processor.smx] Successfully hooked a SayText2 chat hook.
L 10/29/2022 - 04:07:00: -------- Mapchange to de_dust2 --------
L 10/29/2022 - 04:07:00: [basecommands.smx] "Console<0><Console><Console>" changed cvar (cvar "mapcyclefile") (value "map_custom.txt")
L 10/29/2022 - 04:07:04: [warmod.smx] Current Map: de_dust2, Warmod Version: 19.11.21.2253
L 10/29/2022 - 04:07:05: [chat-processor.smx] Message formats generated for game 'csgo'.
L 10/29/2022 - 04:07:05: [chat-processor.smx] Successfully hooked a SayText2 chat hook.
L 10/29/2022 - 04:13:29: -------- Mapchange to de_dust2 --------
L 10/29/2022 - 04:13:29: [basecommands.smx] "Console<0><Console><Console>" changed cvar (cvar "mapcyclefile") (value "map_custom.txt")
L 10/29/2022 - 04:13:33: [warmod.smx] Current Map: de_dust2, Warmod Version: 19.11.21.2253
L 10/29/2022 - 04:13:34: [chat-processor.smx] Message formats generated for game 'csgo'.
L 10/29/2022 - 04:13:34: [chat-processor.smx] Successfully hooked a SayText2 chat hook.
L 10/29/2022 - 06:37:54: -------- Mapchange to de_dust2 --------
L 10/29/2022 - 06:37:54: [basecommands.smx] "Console<0><Console><Console>" changed cvar (cvar "mapcyclefile") (value "map_custom.txt")
L 10/29/2022 - 06:37:58: [warmod.smx] Current Map: de_dust2, Warmod Version: 19.11.21.2253
L 10/29/2022 - 06:37:59: [chat-processor.smx] Message formats generated for game 'csgo'.
L 10/29/2022 - 06:37:59: [chat-processor.smx] Successfully hooked a SayText2 chat hook.
L 10/29/2022 - 06:55:29: -------- Mapchange to de_dust2 --------
L 10/29/2022 - 06:55:30: [basecommands.smx] "Console<0><Console><Console>" changed cvar (cvar "mapcyclefile") (value "map_custom.txt")
L 10/29/2022 - 06:55:34: [warmod.smx] Current Map: de_dust2, Warmod Version: 19.11.21.2253
L 10/29/2022 - 06:55:35: [chat-processor.smx] Message formats generated for game 'csgo'.
L 10/29/2022 - 06:55:35: [chat-processor.smx] Successfully hooked a SayText2 chat hook.
L 10/29/2022 - 09:05:45: [SM] Changed map to "de_dust"
L 10/29/2022 - 09:05:51: -------- Mapchange to de_dust2 --------
L 10/29/2022 - 09:05:51: [basecommands.smx] "Console<0><Console><Console>" changed cvar (cvar "mapcyclefile") (value "map_custom.txt")
L 10/29/2022 - 09:05:55: [warmod.smx] Current Map: de_dust2, Warmod Version: 19.11.21.2253
L 10/29/2022 - 09:05:56: [chat-processor.smx] Message formats generated for game 'csgo'.
L 10/29/2022 - 09:05:56: [chat-processor.smx] Successfully hooked a SayText2 chat hook.
L 10/29/2022 - 09:15:29: -------- Mapchange to de_dust2 --------
L 10/29/2022 - 09:15:30: [basecommands.smx] "Console<0><Console><Console>" changed cvar (cvar "mapcyclefile") (value "map_custom.txt")
L 10/29/2022 - 09:15:34: [warmod.smx] Current Map: de_dust2, Warmod Version: 19.11.21.2253
L 10/29/2022 - 09:15:34: [chat-processor.smx] Message formats generated for game 'csgo'.
L 10/29/2022 - 09:15:34: [chat-processor.smx] Successfully hooked a SayText2 chat hook.
L 10/29/2022 - 09:30:17: -------- Mapchange to de_dust2 --------
L 10/29/2022 - 09:30:18: [basecommands.smx] "Console<0><Console><Console>" changed cvar (cvar "mapcyclefile") (value "map_custom.txt")
L 10/29/2022 - 09:30:22: [warmod.smx] Current Map: de_dust2, Warmod Version: 19.11.21.2253
L 10/29/2022 - 09:30:22: [chat-processor.smx] Message formats generated for game 'csgo'.
L 10/29/2022 - 09:30:22: [chat-processor.smx] Successfully hooked a SayText2 chat hook.
L 10/29/2022 - 09:42:55: -------- Mapchange to de_dust2 --------
L 10/29/2022 - 09:42:55: [basecommands.smx] "Console<0><Console><Console>" changed cvar (cvar "mapcyclefile") (value "map_custom.txt")
L 10/29/2022 - 09:42:59: [warmod.smx] Current Map: de_dust2, Warmod Version: 19.11.21.2253
L 10/29/2022 - 09:43:00: [chat-processor.smx] Message formats generated for game 'csgo'.
L 10/29/2022 - 09:43:00: [chat-processor.smx] Successfully hooked a SayText2 chat hook.
L 10/29/2022 - 10:07:44: [SM] Changed map to "de_dust"
L 10/29/2022 - 10:07:50: -------- Mapchange to de_dust2 --------
L 10/29/2022 - 10:07:50: [basecommands.smx] "Console<0><Console><Console>" changed cvar (cvar "mapcyclefile") (value "map_custom.txt")
L 10/29/2022 - 10:07:54: [warmod.smx] Current Map: de_dust2, Warmod Version: 19.11.21.2253
L 10/29/2022 - 10:07:55: [chat-processor.smx] Message formats generated for game 'csgo'.
L 10/29/2022 - 10:07:55: [chat-processor.smx] Successfully hooked a SayText2 chat hook.
L 10/29/2022 - 10:31:12: -------- Mapchange to de_dust2 --------
L 10/29/2022 - 10:31:13: [basecommands.smx] "Console<0><Console><Console>" changed cvar (cvar "mapcyclefile") (value "map_custom.txt")
L 10/29/2022 - 10:31:17: [warmod.smx] Current Map: de_dust2, Warmod Version: 19.11.21.2253
L 10/29/2022 - 10:31:18: [chat-processor.smx] Message formats generated for game 'csgo'.
L 10/29/2022 - 10:31:18: [chat-processor.smx] Successfully hooked a SayText2 chat hook.
L 10/29/2022 - 11:17:00: -------- Mapchange to de_dust2 --------
L 10/29/2022 - 11:17:00: [basecommands.smx] "Console<0><Console><Console>" changed cvar (cvar "mapcyclefile") (value "map_custom.txt")
L 10/29/2022 - 11:17:04: [warmod.smx] Current Map: de_dust2, Warmod Version: 19.11.21.2253
L 10/29/2022 - 11:17:05: [chat-processor.smx] Message formats generated for game 'csgo'.
L 10/29/2022 - 11:17:05: [chat-processor.smx] Successfully hooked a SayText2 chat hook.
L 10/29/2022 - 11:21:53: -------- Mapchange to de_dust2 --------
L 10/29/2022 - 11:21:54: [basecommands.smx] "Console<0><Console><Console>" changed cvar (cvar "mapcyclefile") (value "map_custom.txt")
L 10/29/2022 - 11:21:58: [warmod.smx] Current Map: de_dust2, Warmod Version: 19.11.21.2253
L 10/29/2022 - 11:21:59: [chat-processor.smx] Message formats generated for game 'csgo'.
L 10/29/2022 - 11:21:59: [chat-processor.smx] Successfully hooked a SayText2 chat hook.
L 10/29/2022 - 11:41:53: -------- Mapchange to de_dust2 --------
L 10/29/2022 - 11:41:54: [basecommands.smx] "Console<0><Console><Console>" changed cvar (cvar "mapcyclefile") (value "map_custom.txt")
L 10/29/2022 - 11:41:57: [warmod.smx] Current Map: de_dust2, Warmod Version: 19.11.21.2253
L 10/29/2022 - 11:41:58: [chat-processor.smx] Message formats generated for game 'csgo'.
L 10/29/2022 - 11:41:58: [chat-processor.smx] Successfully hooked a SayText2 chat hook.
L 10/29/2022 - 11:50:12: -------- Mapchange to de_dust2 --------
L 10/29/2022 - 11:50:12: [basecommands.smx] "Console<0><Console><Console>" changed cvar (cvar "mapcyclefile") (value "map_custom.txt")
L 10/29/2022 - 11:50:16: [warmod.smx] Current Map: de_dust2, Warmod Version: 19.11.21.2253
L 10/29/2022 - 11:50:17: [chat-processor.smx] Message formats generated for game 'csgo'.
L 10/29/2022 - 11:50:17: [chat-processor.smx] Successfully hooked a SayText2 chat hook.
L 10/29/2022 - 11:54:35: -------- Mapchange to de_dust2 --------
L 10/29/2022 - 11:54:35: [basecommands.smx] "Console<0><Console><Console>" changed cvar (cvar "mapcyclefile") (value "map_custom.txt")
L 10/29/2022 - 11:54:39: [warmod.smx] Current Map: de_dust2, Warmod Version: 19.11.21.2253
L 10/29/2022 - 11:54:39: [chat-processor.smx] Message formats generated for game 'csgo'.
L 10/29/2022 - 11:54:39: [chat-processor.smx] Successfully hooked a SayText2 chat hook.
L 10/29/2022 - 11:58:08: -------- Mapchange to de_dust2 --------
L 10/29/2022 - 11:58:08: [basecommands.smx] "Console<0><Console><Console>" changed cvar (cvar "mapcyclefile") (value "map_custom.txt")
L 10/29/2022 - 11:58:12: [warmod.smx] Current Map: de_dust2, Warmod Version: 19.11.21.2253
L 10/29/2022 - 11:58:13: [chat-processor.smx] Message formats generated for game 'csgo'.
L 10/29/2022 - 11:58:13: [chat-processor.smx] Successfully hooked a SayText2 chat hook.
L 10/29/2022 - 12:00:27: -------- Mapchange to de_dust2 --------
L 10/29/2022 - 12:00:27: [basecommands.smx] "Console<0><Console><Console>" changed cvar (cvar "mapcyclefile") (value "map_custom.txt")
L 10/29/2022 - 12:00:31: [warmod.smx] Current Map: de_dust2, Warmod Version: 19.11.21.2253
L 10/29/2022 - 12:00:32: [chat-processor.smx] Message formats generated for game 'csgo'.
L 10/29/2022 - 12:00:32: [chat-processor.smx] Successfully hooked a SayText2 chat hook.
L 10/29/2022 - 12:30:52: -------- Mapchange to de_dust2 --------
L 10/29/2022 - 12:30:52: [basecommands.smx] "Console<0><Console><Console>" changed cvar (cvar "mapcyclefile") (value "map_custom.txt")
L 10/29/2022 - 12:30:56: [warmod.smx] Current Map: de_dust2, Warmod Version: 19.11.21.2253
L 10/29/2022 - 12:30:57: [chat-processor.smx] Message formats generated for game 'csgo'.
L 10/29/2022 - 12:30:57: [chat-processor.smx] Successfully hooked a SayText2 chat hook.
L 10/29/2022 - 12:35:41: -------- Mapchange to de_dust2 --------
L 10/29/2022 - 12:35:42: [basecommands.smx] "Console<0><Console><Console>" changed cvar (cvar "mapcyclefile") (value "map_custom.txt")
L 10/29/2022 - 12:35:45: [warmod.smx] Current Map: de_dust2, Warmod Version: 19.11.21.2253
L 10/29/2022 - 12:35:46: [chat-processor.smx] Message formats generated for game 'csgo'.
L 10/29/2022 - 12:35:46: [chat-processor.smx] Successfully hooked a SayText2 chat hook.
L 10/29/2022 - 12:37:56: -------- Mapchange to de_dust2 --------
L 10/29/2022 - 12:37:57: [basecommands.smx] "Console<0><Console><Console>" changed cvar (cvar "mapcyclefile") (value "map_custom.txt")
L 10/29/2022 - 12:38:01: [warmod.smx] Current Map: de_dust2, Warmod Version: 19.11.21.2253
L 10/29/2022 - 12:38:02: [chat-processor.smx] Message formats generated for game 'csgo'.
L 10/29/2022 - 12:38:02: [chat-processor.smx] Successfully hooked a SayText2 chat hook.
L 10/29/2022 - 13:01:23: -------- Mapchange to de_dust2 --------
L 10/29/2022 - 13:01:23: [basecommands.smx] "Console<0><Console><Console>" changed cvar (cvar "mapcyclefile") (value "map_custom.txt")
L 10/29/2022 - 13:01:27: [warmod.smx] Current Map: de_dust2, Warmod Version: 19.11.21.2253
L 10/29/2022 - 13:01:28: [chat-processor.smx] Message formats generated for game 'csgo'.
L 10/29/2022 - 13:01:28: [chat-processor.smx] Successfully hooked a SayText2 chat hook.
L 10/29/2022 - 13:05:08: -------- Mapchange to de_dust2 --------
L 10/29/2022 - 13:05:09: [basecommands.smx] "Console<0><Console><Console>" changed cvar (cvar "mapcyclefile") (value "map_custom.txt")
L 10/29/2022 - 13:05:13: [warmod.smx] Current Map: de_dust2, Warmod Version: 19.11.21.2253
L 10/29/2022 - 13:05:13: [chat-processor.smx] Message formats generated for game 'csgo'.
L 10/29/2022 - 13:05:13: [chat-processor.smx] Successfully hooked a SayText2 chat hook.
L 10/29/2022 - 13:14:53: -------- Mapchange to de_dust2 --------
L 10/29/2022 - 13:14:53: [basecommands.smx] "Console<0><Console><Console>" changed cvar (cvar "mapcyclefile") (value "map_custom.txt")
L 10/29/2022 - 13:14:57: [warmod.smx] Current Map: de_dust2, Warmod Version: 19.11.21.2253
L 10/29/2022 - 13:14:58: [chat-processor.smx] Message formats generated for game 'csgo'.
L 10/29/2022 - 13:14:58: [chat-processor.smx] Successfully hooked a SayText2 chat hook.
L 10/29/2022 - 13:26:21: -------- Mapchange to de_dust2 --------
L 10/29/2022 - 13:26:22: [basecommands.smx] "Console<0><Console><Console>" changed cvar (cvar "mapcyclefile") (value "map_custom.txt")
L 10/29/2022 - 13:26:26: [warmod.smx] Current Map: de_dust2, Warmod Version: 19.11.21.2253
L 10/29/2022 - 13:26:27: [chat-processor.smx] Message formats generated for game 'csgo'.
L 10/29/2022 - 13:26:27: [chat-processor.smx] Successfully hooked a SayText2 chat hook.
L 10/29/2022 - 13:29:35: -------- Mapchange to de_dust2 --------
L 10/29/2022 - 13:29:35: [basecommands.smx] "Console<0><Console><Console>" changed cvar (cvar "mapcyclefile") (value "map_custom.txt")
L 10/29/2022 - 13:29:39: [warmod.smx] Current Map: de_dust2, Warmod Version: 19.11.21.2253
L 10/29/2022 - 13:29:40: [chat-processor.smx] Message formats generated for game 'csgo'.
L 10/29/2022 - 13:29:40: [chat-processor.smx] Successfully hooked a SayText2 chat hook.
L 10/29/2022 - 13:38:03: -------- Mapchange to de_dust2 --------
L 10/29/2022 - 13:38:03: [basecommands.smx] "Console<0><Console><Console>" changed cvar (cvar "mapcyclefile") (value "map_custom.txt")
L 10/29/2022 - 13:38:08: [warmod.smx] Current Map: de_dust2, Warmod Version: 19.11.21.2253
L 10/29/2022 - 13:38:08: [chat-processor.smx] Message formats generated for game 'csgo'.
L 10/29/2022 - 13:38:08: [chat-processor.smx] Successfully hooked a SayText2 chat hook.
L 10/29/2022 - 13:42:45: -------- Mapchange to de_dust2 --------
L 10/29/2022 - 13:42:45: [basecommands.smx] "Console<0><Console><Console>" changed cvar (cvar "mapcyclefile") (value "map_custom.txt")
L 10/29/2022 - 13:42:49: [warmod.smx] Current Map: de_dust2, Warmod Version: 19.11.21.2253
L 10/29/2022 - 13:42:50: [chat-processor.smx] Message formats generated for game 'csgo'.
L 10/29/2022 - 13:42:50: [chat-processor.smx] Successfully hooked a SayText2 chat hook.
L 10/29/2022 - 14:50:22: -------- Mapchange to de_dust2 --------
L 10/29/2022 - 14:50:22: [basecommands.smx] "Console<0><Console><Console>" changed cvar (cvar "mapcyclefile") (value "map_custom.txt")
L 10/29/2022 - 14:50:26: [warmod.smx] Current Map: de_dust2, Warmod Version: 19.11.21.2253
L 10/29/2022 - 14:50:27: [chat-processor.smx] Message formats generated for game 'csgo'.
L 10/29/2022 - 14:50:27: [chat-processor.smx] Successfully hooked a SayText2 chat hook.
L 10/29/2022 - 15:11:22: -------- Mapchange to de_dust2 --------
L 10/29/2022 - 15:11:22: [basecommands.smx] "Console<0><Console><Console>" changed cvar (cvar "mapcyclefile") (value "map_custom.txt")
L 10/29/2022 - 15:11:26: [warmod.smx] Current Map: de_dust2, Warmod Version: 19.11.21.2253
L 10/29/2022 - 15:11:27: [chat-processor.smx] Message formats generated for game 'csgo'.
L 10/29/2022 - 15:11:27: [chat-processor.smx] Successfully hooked a SayText2 chat hook.
L 10/29/2022 - 15:43:50: -------- Mapchange to de_dust2 --------
L 10/29/2022 - 15:43:51: [basecommands.smx] "Console<0><Console><Console>" changed cvar (cvar "mapcyclefile") (value "map_custom.txt")
L 10/29/2022 - 15:43:55: [warmod.smx] Current Map: de_dust2, Warmod Version: 19.11.21.2253
L 10/29/2022 - 15:43:56: [chat-processor.smx] Message formats generated for game 'csgo'.
L 10/29/2022 - 15:43:56: [chat-processor.smx] Successfully hooked a SayText2 chat hook.
L 10/29/2022 - 16:20:58: -------- Mapchange to de_dust2 --------
L 10/29/2022 - 16:20:59: [basecommands.smx] "Console<0><Console><Console>" changed cvar (cvar "mapcyclefile") (value "map_custom.txt")
L 10/29/2022 - 16:21:03: [warmod.smx] Current Map: de_dust2, Warmod Version: 19.11.21.2253
L 10/29/2022 - 16:21:03: [chat-processor.smx] Message formats generated for game 'csgo'.
L 10/29/2022 - 16:21:03: [chat-processor.smx] Successfully hooked a SayText2 chat hook.
L 10/29/2022 - 17:37:37: -------- Mapchange to de_dust2 --------
L 10/29/2022 - 17:37:37: [basecommands.smx] "Console<0><Console><Console>" changed cvar (cvar "mapcyclefile") (value "map_custom.txt")
L 10/29/2022 - 17:37:41: [warmod.smx] Current Map: de_dust2, Warmod Version: 19.11.21.2253
L 10/29/2022 - 17:37:42: [chat-processor.smx] Message formats generated for game 'csgo'.
L 10/29/2022 - 17:37:42: [chat-processor.smx] Successfully hooked a SayText2 chat hook.
L 10/29/2022 - 18:16:50: -------- Mapchange to de_dust2 --------
L 10/29/2022 - 18:16:50: [basecommands.smx] "Console<0><Console><Console>" changed cvar (cvar "mapcyclefile") (value "map_custom.txt")
L 10/29/2022 - 18:16:54: [warmod.smx] Current Map: de_dust2, Warmod Version: 19.11.21.2253
L 10/29/2022 - 18:16:55: [chat-processor.smx] Message formats generated for game 'csgo'.
L 10/29/2022 - 18:16:55: [chat-processor.smx] Successfully hooked a SayText2 chat hook.
L 10/29/2022 - 23:08:51: -------- Mapchange to de_dust2 --------
L 10/29/2022 - 23:08:52: [basecommands.smx] "Console<0><Console><Console>" changed cvar (cvar "mapcyclefile") (value "map_custom.txt")
L 10/29/2022 - 23:08:56: [warmod.smx] Current Map: de_dust2, Warmod Version: 19.11.21.2253
L 10/29/2022 - 23:08:57: [chat-processor.smx] Message formats generated for game 'csgo'.
L 10/29/2022 - 23:08:57: [chat-processor.smx] Successfully hooked a SayText2 chat hook.
L 10/29/2022 - 23:55:57: -------- Mapchange to de_dust2 --------
L 10/29/2022 - 23:55:58: [basecommands.smx] "Console<0><Console><Console>" changed cvar (cvar "mapcyclefile") (value "map_custom.txt")
L 10/29/2022 - 23:56:02: [warmod.smx] Current Map: de_dust2, Warmod Version: 19.11.21.2253
L 10/29/2022 - 23:56:03: [chat-processor.smx] Message formats generated for game 'csgo'.
L 10/29/2022 - 23:56:03: [chat-processor.smx] Successfully hooked a SayText2 chat hook.
L 10/30/2022 - 00:02:42: Log file closed.
