L 11/22/2022 - 12:08:04: SourceMod log file session started (file "/csgoserver/server1/csgo/addons/sourcemod/logs/L20221122.log") (Version "1.11.0.6913")
L 11/22/2022 - 12:08:04: [basecommands.smx] "Console<0><Console><Console>" changed cvar (cvar "mapcyclefile") (value "map_custom.txt")
L 11/22/2022 - 12:08:07: [chat-processor.smx] Message formats generated for game 'csgo'.
L 11/22/2022 - 12:08:07: [chat-processor.smx] Successfully hooked a SayText2 chat hook.
L 11/22/2022 - 16:26:53: -------- Mapchange to de_mirage --------
L 11/22/2022 - 16:26:53: [basecommands.smx] "Console<0><Console><Console>" changed cvar (cvar "mapcyclefile") (value "map_custom.txt")
L 11/22/2022 - 16:26:55: [chat-processor.smx] Message formats generated for game 'csgo'.
L 11/22/2022 - 16:26:55: [chat-processor.smx] Successfully hooked a SayText2 chat hook.
L 11/22/2022 - 16:29:32: [funcommands.smx] "7iour<129><STEAM_1:0:37571034><>" toggled noclip on "7iour<129><STEAM_1:0:37571034><>"
L 11/22/2022 - 16:29:37: [funcommands.smx] "7iour<129><STEAM_1:0:37571034><>" toggled noclip on "7iour<129><STEAM_1:0:37571034><>"
L 11/22/2022 - 16:29:41: [funcommands.smx] "7iour<129><STEAM_1:0:37571034><>" toggled noclip on "7iour<129><STEAM_1:0:37571034><>"
L 11/22/2022 - 16:29:46: [funcommands.smx] "7iour<129><STEAM_1:0:37571034><>" toggled noclip on "7iour<129><STEAM_1:0:37571034><>"
L 11/22/2022 - 16:29:47: [funcommands.smx] "7iour<129><STEAM_1:0:37571034><>" toggled noclip on "7iour<129><STEAM_1:0:37571034><>"
L 11/22/2022 - 16:29:48: [funcommands.smx] "7iour<129><STEAM_1:0:37571034><>" toggled noclip on "7iour<129><STEAM_1:0:37571034><>"
L 11/22/2022 - 16:29:49: [funcommands.smx] "7iour<129><STEAM_1:0:37571034><>" toggled noclip on "7iour<129><STEAM_1:0:37571034><>"
L 11/22/2022 - 16:29:50: [funcommands.smx] "7iour<129><STEAM_1:0:37571034><>" toggled noclip on "7iour<129><STEAM_1:0:37571034><>"
L 11/22/2022 - 16:30:03: [funcommands.smx] "7iour<129><STEAM_1:0:37571034><>" toggled noclip on "7iour<129><STEAM_1:0:37571034><>"
L 11/22/2022 - 16:30:07: [funcommands.smx] "7iour<129><STEAM_1:0:37571034><>" toggled noclip on "7iour<129><STEAM_1:0:37571034><>"
L 11/22/2022 - 16:30:08: [funcommands.smx] "7iour<129><STEAM_1:0:37571034><>" toggled noclip on "7iour<129><STEAM_1:0:37571034><>"
L 11/22/2022 - 16:30:09: [funcommands.smx] "7iour<129><STEAM_1:0:37571034><>" toggled noclip on "7iour<129><STEAM_1:0:37571034><>"
L 11/22/2022 - 16:30:09: [funcommands.smx] "7iour<129><STEAM_1:0:37571034><>" toggled noclip on "7iour<129><STEAM_1:0:37571034><>"
L 11/22/2022 - 16:30:10: [funcommands.smx] "7iour<129><STEAM_1:0:37571034><>" toggled noclip on "7iour<129><STEAM_1:0:37571034><>"
L 11/22/2022 - 16:30:13: [funcommands.smx] "7iour<129><STEAM_1:0:37571034><>" toggled noclip on "7iour<129><STEAM_1:0:37571034><>"
L 11/22/2022 - 16:30:15: [funcommands.smx] "7iour<129><STEAM_1:0:37571034><>" toggled noclip on "7iour<129><STEAM_1:0:37571034><>"
L 11/22/2022 - 16:30:27: [playercommands.smx] "7iour<129><STEAM_1:0:37571034><>" slapped "7iour<129><STEAM_1:0:37571034><>" (damage "0")
L 11/22/2022 - 16:30:28: [playercommands.smx] "7iour<129><STEAM_1:0:37571034><>" slapped "7iour<129><STEAM_1:0:37571034><>" (damage "0")
L 11/22/2022 - 16:30:28: [playercommands.smx] "7iour<129><STEAM_1:0:37571034><>" slapped "7iour<129><STEAM_1:0:37571034><>" (damage "0")
L 11/22/2022 - 16:30:28: [playercommands.smx] "7iour<129><STEAM_1:0:37571034><>" slapped "7iour<129><STEAM_1:0:37571034><>" (damage "0")
L 11/22/2022 - 16:30:28: [playercommands.smx] "7iour<129><STEAM_1:0:37571034><>" slapped "7iour<129><STEAM_1:0:37571034><>" (damage "0")
L 11/22/2022 - 16:30:28: [playercommands.smx] "7iour<129><STEAM_1:0:37571034><>" slapped "7iour<129><STEAM_1:0:37571034><>" (damage "0")
L 11/22/2022 - 16:30:30: [playercommands.smx] "7iour<129><STEAM_1:0:37571034><>" slapped "7iour<129><STEAM_1:0:37571034><>" (damage "0")
L 11/22/2022 - 16:30:30: [playercommands.smx] "7iour<129><STEAM_1:0:37571034><>" slapped "7iour<129><STEAM_1:0:37571034><>" (damage "0")
L 11/22/2022 - 16:30:31: [playercommands.smx] "7iour<129><STEAM_1:0:37571034><>" slapped "7iour<129><STEAM_1:0:37571034><>" (damage "0")
L 11/22/2022 - 16:30:31: [playercommands.smx] "7iour<129><STEAM_1:0:37571034><>" slapped "7iour<129><STEAM_1:0:37571034><>" (damage "0")
L 11/22/2022 - 16:30:31: [playercommands.smx] "7iour<129><STEAM_1:0:37571034><>" slapped "7iour<129><STEAM_1:0:37571034><>" (damage "0")
L 11/22/2022 - 16:30:31: [playercommands.smx] "7iour<129><STEAM_1:0:37571034><>" slapped "7iour<129><STEAM_1:0:37571034><>" (damage "0")
L 11/22/2022 - 16:30:31: [playercommands.smx] "7iour<129><STEAM_1:0:37571034><>" slapped "7iour<129><STEAM_1:0:37571034><>" (damage "0")
L 11/22/2022 - 16:30:32: [playercommands.smx] "7iour<129><STEAM_1:0:37571034><>" slapped "7iour<129><STEAM_1:0:37571034><>" (damage "0")
L 11/22/2022 - 16:30:32: [playercommands.smx] "7iour<129><STEAM_1:0:37571034><>" slapped "7iour<129><STEAM_1:0:37571034><>" (damage "0")
L 11/22/2022 - 16:30:32: [playercommands.smx] "7iour<129><STEAM_1:0:37571034><>" slapped "7iour<129><STEAM_1:0:37571034><>" (damage "0")
L 11/22/2022 - 16:30:32: [playercommands.smx] "7iour<129><STEAM_1:0:37571034><>" slapped "7iour<129><STEAM_1:0:37571034><>" (damage "0")
L 11/22/2022 - 16:30:32: [playercommands.smx] "7iour<129><STEAM_1:0:37571034><>" slapped "7iour<129><STEAM_1:0:37571034><>" (damage "0")
L 11/22/2022 - 16:30:32: [playercommands.smx] "7iour<129><STEAM_1:0:37571034><>" slapped "7iour<129><STEAM_1:0:37571034><>" (damage "0")
L 11/22/2022 - 16:30:32: [playercommands.smx] "7iour<129><STEAM_1:0:37571034><>" slapped "7iour<129><STEAM_1:0:37571034><>" (damage "0")
L 11/22/2022 - 16:30:33: [playercommands.smx] "7iour<129><STEAM_1:0:37571034><>" slapped "7iour<129><STEAM_1:0:37571034><>" (damage "0")
L 11/22/2022 - 16:30:33: [playercommands.smx] "7iour<129><STEAM_1:0:37571034><>" slapped "7iour<129><STEAM_1:0:37571034><>" (damage "0")
L 11/22/2022 - 16:30:37: [funcommands.smx] "7iour<129><STEAM_1:0:37571034><>" toggled noclip on "7iour<129><STEAM_1:0:37571034><>"
L 11/22/2022 - 16:30:38: [funcommands.smx] "7iour<129><STEAM_1:0:37571034><>" toggled noclip on "7iour<129><STEAM_1:0:37571034><>"
L 11/22/2022 - 16:33:44: [movecommands.smx] "我是刘毅1337<131><STEAM_1:0:585896478><>" was moved to Spec by "7iour<129><STEAM_1:0:37571034><>"
L 11/22/2022 - 17:37:47: -------- Mapchange to de_mirage --------
L 11/22/2022 - 17:37:47: [basecommands.smx] "Console<0><Console><Console>" changed cvar (cvar "mapcyclefile") (value "map_custom.txt")
L 11/22/2022 - 17:37:49: [chat-processor.smx] Message formats generated for game 'csgo'.
L 11/22/2022 - 17:37:49: [chat-processor.smx] Successfully hooked a SayText2 chat hook.
L 11/23/2022 - 20:38:59: Log file closed.
