L 09/23/2022 - 02:49:56: SourceMod log file session started (file "/badfupo/server1/csgo/addons/sourcemod/logs/L20220923.log") (Version "1.12.0.6912")
L 09/23/2022 - 02:49:56: [basecommands.smx] "Console<0><Console><Console>" changed cvar (cvar "mapcyclefile") (value "map_custom.txt")
L 09/23/2022 - 02:50:00: [warmod.smx] Current Map: de_mirage, Warmod Version: 19.11.21.2253
L 09/23/2022 - 02:50:01: [chat-processor.smx] Message formats generated for game 'csgo'.
L 09/23/2022 - 02:50:01: [chat-processor.smx] Successfully hooked a SayText2 chat hook.
L 09/23/2022 - 05:26:20: -------- Mapchange to de_mirage --------
L 09/23/2022 - 05:26:21: [basecommands.smx] "Console<0><Console><Console>" changed cvar (cvar "mapcyclefile") (value "map_custom.txt")
L 09/23/2022 - 05:26:25: [warmod.smx] Current Map: de_mirage, Warmod Version: 19.11.21.2253
L 09/23/2022 - 05:26:26: [chat-processor.smx] Message formats generated for game 'csgo'.
L 09/23/2022 - 05:26:26: [chat-processor.smx] Successfully hooked a SayText2 chat hook.
L 09/23/2022 - 05:41:53: -------- Mapchange to de_mirage --------
L 09/23/2022 - 05:41:54: [basecommands.smx] "Console<0><Console><Console>" changed cvar (cvar "mapcyclefile") (value "map_custom.txt")
L 09/23/2022 - 05:41:57: [warmod.smx] Current Map: de_mirage, Warmod Version: 19.11.21.2253
L 09/23/2022 - 05:41:58: [chat-processor.smx] Message formats generated for game 'csgo'.
L 09/23/2022 - 05:41:58: [chat-processor.smx] Successfully hooked a SayText2 chat hook.
L 09/23/2022 - 05:42:28: -------- Mapchange to de_mirage --------
L 09/23/2022 - 05:42:29: [basecommands.smx] "Console<0><Console><Console>" changed cvar (cvar "mapcyclefile") (value "map_custom.txt")
L 09/23/2022 - 05:42:33: [warmod.smx] Current Map: de_mirage, Warmod Version: 19.11.21.2253
L 09/23/2022 - 05:42:34: [chat-processor.smx] Message formats generated for game 'csgo'.
L 09/23/2022 - 05:42:34: [chat-processor.smx] Successfully hooked a SayText2 chat hook.
L 09/23/2022 - 05:48:17: -------- Mapchange to de_mirage --------
L 09/23/2022 - 05:48:18: [basecommands.smx] "Console<0><Console><Console>" changed cvar (cvar "mapcyclefile") (value "map_custom.txt")
L 09/23/2022 - 05:48:21: [warmod.smx] Current Map: de_mirage, Warmod Version: 19.11.21.2253
L 09/23/2022 - 05:48:22: [chat-processor.smx] Message formats generated for game 'csgo'.
L 09/23/2022 - 05:48:22: [chat-processor.smx] Successfully hooked a SayText2 chat hook.
L 09/23/2022 - 09:00:45: -------- Mapchange to de_mirage --------
L 09/23/2022 - 09:00:46: [basecommands.smx] "Console<0><Console><Console>" changed cvar (cvar "mapcyclefile") (value "map_custom.txt")
L 09/23/2022 - 09:00:49: [warmod.smx] Current Map: de_mirage, Warmod Version: 19.11.21.2253
L 09/23/2022 - 09:00:50: [chat-processor.smx] Message formats generated for game 'csgo'.
L 09/23/2022 - 09:00:50: [chat-processor.smx] Successfully hooked a SayText2 chat hook.
L 09/23/2022 - 09:28:02: -------- Mapchange to de_mirage --------
L 09/23/2022 - 09:28:03: [basecommands.smx] "Console<0><Console><Console>" changed cvar (cvar "mapcyclefile") (value "map_custom.txt")
L 09/23/2022 - 09:28:06: [warmod.smx] Current Map: de_mirage, Warmod Version: 19.11.21.2253
L 09/23/2022 - 09:28:07: [chat-processor.smx] Message formats generated for game 'csgo'.
L 09/23/2022 - 09:28:07: [chat-processor.smx] Successfully hooked a SayText2 chat hook.
L 09/23/2022 - 09:44:22: -------- Mapchange to de_mirage --------
L 09/23/2022 - 09:44:23: [basecommands.smx] "Console<0><Console><Console>" changed cvar (cvar "mapcyclefile") (value "map_custom.txt")
L 09/23/2022 - 09:44:26: [warmod.smx] Current Map: de_mirage, Warmod Version: 19.11.21.2253
L 09/23/2022 - 09:44:27: [chat-processor.smx] Message formats generated for game 'csgo'.
L 09/23/2022 - 09:44:27: [chat-processor.smx] Successfully hooked a SayText2 chat hook.
L 09/23/2022 - 10:08:28: -------- Mapchange to de_mirage --------
L 09/23/2022 - 10:08:29: [basecommands.smx] "Console<0><Console><Console>" changed cvar (cvar "mapcyclefile") (value "map_custom.txt")
L 09/23/2022 - 10:08:32: [warmod.smx] Current Map: de_mirage, Warmod Version: 19.11.21.2253
L 09/23/2022 - 10:08:34: [chat-processor.smx] Message formats generated for game 'csgo'.
L 09/23/2022 - 10:08:34: [chat-processor.smx] Successfully hooked a SayText2 chat hook.
L 09/23/2022 - 10:21:57: -------- Mapchange to de_mirage --------
L 09/23/2022 - 10:21:58: [basecommands.smx] "Console<0><Console><Console>" changed cvar (cvar "mapcyclefile") (value "map_custom.txt")
L 09/23/2022 - 10:22:02: [warmod.smx] Current Map: de_mirage, Warmod Version: 19.11.21.2253
L 09/23/2022 - 10:22:03: [chat-processor.smx] Message formats generated for game 'csgo'.
L 09/23/2022 - 10:22:03: [chat-processor.smx] Successfully hooked a SayText2 chat hook.
L 09/23/2022 - 11:19:58: -------- Mapchange to de_mirage --------
L 09/23/2022 - 11:19:59: [basecommands.smx] "Console<0><Console><Console>" changed cvar (cvar "mapcyclefile") (value "map_custom.txt")
L 09/23/2022 - 11:20:02: [warmod.smx] Current Map: de_mirage, Warmod Version: 19.11.21.2253
L 09/23/2022 - 11:20:03: [chat-processor.smx] Message formats generated for game 'csgo'.
L 09/23/2022 - 11:20:03: [chat-processor.smx] Successfully hooked a SayText2 chat hook.
L 09/23/2022 - 11:29:54: -------- Mapchange to de_mirage --------
L 09/23/2022 - 11:29:55: [basecommands.smx] "Console<0><Console><Console>" changed cvar (cvar "mapcyclefile") (value "map_custom.txt")
L 09/23/2022 - 11:29:58: [warmod.smx] Current Map: de_mirage, Warmod Version: 19.11.21.2253
L 09/23/2022 - 11:29:59: [chat-processor.smx] Message formats generated for game 'csgo'.
L 09/23/2022 - 11:29:59: [chat-processor.smx] Successfully hooked a SayText2 chat hook.
L 09/23/2022 - 11:31:22: -------- Mapchange to de_mirage --------
L 09/23/2022 - 11:31:23: [basecommands.smx] "Console<0><Console><Console>" changed cvar (cvar "mapcyclefile") (value "map_custom.txt")
L 09/23/2022 - 11:31:27: [warmod.smx] Current Map: de_mirage, Warmod Version: 19.11.21.2253
L 09/23/2022 - 11:31:28: [chat-processor.smx] Message formats generated for game 'csgo'.
L 09/23/2022 - 11:31:28: [chat-processor.smx] Successfully hooked a SayText2 chat hook.
L 09/23/2022 - 11:45:49: -------- Mapchange to de_mirage --------
L 09/23/2022 - 11:45:50: [basecommands.smx] "Console<0><Console><Console>" changed cvar (cvar "mapcyclefile") (value "map_custom.txt")
L 09/23/2022 - 11:45:53: [warmod.smx] Current Map: de_mirage, Warmod Version: 19.11.21.2253
L 09/23/2022 - 11:45:54: [chat-processor.smx] Message formats generated for game 'csgo'.
L 09/23/2022 - 11:45:54: [chat-processor.smx] Successfully hooked a SayText2 chat hook.
L 09/23/2022 - 12:29:42: -------- Mapchange to de_mirage --------
L 09/23/2022 - 12:29:43: [basecommands.smx] "Console<0><Console><Console>" changed cvar (cvar "mapcyclefile") (value "map_custom.txt")
L 09/23/2022 - 12:29:47: [warmod.smx] Current Map: de_mirage, Warmod Version: 19.11.21.2253
L 09/23/2022 - 12:29:48: [chat-processor.smx] Message formats generated for game 'csgo'.
L 09/23/2022 - 12:29:48: [chat-processor.smx] Successfully hooked a SayText2 chat hook.
L 09/23/2022 - 13:22:47: -------- Mapchange to de_mirage --------
L 09/23/2022 - 13:22:48: [basecommands.smx] "Console<0><Console><Console>" changed cvar (cvar "mapcyclefile") (value "map_custom.txt")
L 09/23/2022 - 13:22:51: [warmod.smx] Current Map: de_mirage, Warmod Version: 19.11.21.2253
L 09/23/2022 - 13:22:53: [chat-processor.smx] Message formats generated for game 'csgo'.
L 09/23/2022 - 13:22:53: [chat-processor.smx] Successfully hooked a SayText2 chat hook.
L 09/23/2022 - 13:27:54: -------- Mapchange to de_mirage --------
L 09/23/2022 - 13:27:55: [basecommands.smx] "Console<0><Console><Console>" changed cvar (cvar "mapcyclefile") (value "map_custom.txt")
L 09/23/2022 - 13:27:58: [warmod.smx] Current Map: de_mirage, Warmod Version: 19.11.21.2253
L 09/23/2022 - 13:28:00: [chat-processor.smx] Message formats generated for game 'csgo'.
L 09/23/2022 - 13:28:00: [chat-processor.smx] Successfully hooked a SayText2 chat hook.
L 09/23/2022 - 13:31:43: -------- Mapchange to de_mirage --------
L 09/23/2022 - 13:31:43: [basecommands.smx] "Console<0><Console><Console>" changed cvar (cvar "mapcyclefile") (value "map_custom.txt")
L 09/23/2022 - 13:31:47: [warmod.smx] Current Map: de_mirage, Warmod Version: 19.11.21.2253
L 09/23/2022 - 13:31:48: [chat-processor.smx] Message formats generated for game 'csgo'.
L 09/23/2022 - 13:31:48: [chat-processor.smx] Successfully hooked a SayText2 chat hook.
L 09/23/2022 - 14:17:27: -------- Mapchange to de_mirage --------
L 09/23/2022 - 14:17:28: [basecommands.smx] "Console<0><Console><Console>" changed cvar (cvar "mapcyclefile") (value "map_custom.txt")
L 09/23/2022 - 14:17:31: [warmod.smx] Current Map: de_mirage, Warmod Version: 19.11.21.2253
L 09/23/2022 - 14:17:32: [chat-processor.smx] Message formats generated for game 'csgo'.
L 09/23/2022 - 14:17:32: [chat-processor.smx] Successfully hooked a SayText2 chat hook.
L 09/23/2022 - 14:38:34: -------- Mapchange to de_inferno --------
L 09/23/2022 - 14:38:35: [basecommands.smx] "Console<0><Console><Console>" changed cvar (cvar "mapcyclefile") (value "map_custom.txt")
L 09/23/2022 - 14:38:38: [warmod.smx] Current Map: de_inferno, Warmod Version: 19.11.21.2253
L 09/23/2022 - 14:38:40: [chat-processor.smx] Message formats generated for game 'csgo'.
L 09/23/2022 - 14:38:40: [chat-processor.smx] Successfully hooked a SayText2 chat hook.
L 09/23/2022 - 15:52:36: -------- Mapchange to de_inferno --------
L 09/23/2022 - 15:52:37: [basecommands.smx] "Console<0><Console><Console>" changed cvar (cvar "mapcyclefile") (value "map_custom.txt")
L 09/23/2022 - 15:52:40: [warmod.smx] Current Map: de_inferno, Warmod Version: 19.11.21.2253
L 09/23/2022 - 15:52:41: [chat-processor.smx] Message formats generated for game 'csgo'.
L 09/23/2022 - 15:52:41: [chat-processor.smx] Successfully hooked a SayText2 chat hook.
L 09/24/2022 - 00:47:13: Log file closed.
