L 10/03/2022 - 01:41:54: SourceMod log file session started (file "/badfupo/server1/csgo/addons/sourcemod/logs/L20221003.log") (Version "1.12.0.6912")
L 10/03/2022 - 01:41:54: [basecommands.smx] "Console<0><Console><Console>" changed cvar (cvar "mapcyclefile") (value "map_custom.txt")
L 10/03/2022 - 01:41:58: [warmod.smx] Current Map: de_mirage, Warmod Version: 19.11.21.2253
L 10/03/2022 - 01:41:58: [chat-processor.smx] Message formats generated for game 'csgo'.
L 10/03/2022 - 01:41:58: [chat-processor.smx] Successfully hooked a SayText2 chat hook.
L 10/03/2022 - 03:40:49: -------- Mapchange to de_mirage --------
L 10/03/2022 - 03:40:50: [basecommands.smx] "Console<0><Console><Console>" changed cvar (cvar "mapcyclefile") (value "map_custom.txt")
L 10/03/2022 - 03:40:54: [warmod.smx] Current Map: de_mirage, Warmod Version: 19.11.21.2253
L 10/03/2022 - 03:40:54: [chat-processor.smx] Message formats generated for game 'csgo'.
L 10/03/2022 - 03:40:54: [chat-processor.smx] Successfully hooked a SayText2 chat hook.
L 10/03/2022 - 04:46:19: -------- Mapchange to de_mirage --------
L 10/03/2022 - 04:46:20: [basecommands.smx] "Console<0><Console><Console>" changed cvar (cvar "mapcyclefile") (value "map_custom.txt")
L 10/03/2022 - 04:46:24: [warmod.smx] Current Map: de_mirage, Warmod Version: 19.11.21.2253
L 10/03/2022 - 04:46:25: [chat-processor.smx] Message formats generated for game 'csgo'.
L 10/03/2022 - 04:46:25: [chat-processor.smx] Successfully hooked a SayText2 chat hook.
L 10/03/2022 - 04:53:22: -------- Mapchange to de_mirage --------
L 10/03/2022 - 04:53:22: [basecommands.smx] "Console<0><Console><Console>" changed cvar (cvar "mapcyclefile") (value "map_custom.txt")
L 10/03/2022 - 04:53:26: [warmod.smx] Current Map: de_mirage, Warmod Version: 19.11.21.2253
L 10/03/2022 - 04:53:26: [chat-processor.smx] Message formats generated for game 'csgo'.
L 10/03/2022 - 04:53:26: [chat-processor.smx] Successfully hooked a SayText2 chat hook.
L 10/03/2022 - 05:04:09: -------- Mapchange to de_mirage --------
L 10/03/2022 - 05:04:10: [basecommands.smx] "Console<0><Console><Console>" changed cvar (cvar "mapcyclefile") (value "map_custom.txt")
L 10/03/2022 - 05:04:14: [warmod.smx] Current Map: de_mirage, Warmod Version: 19.11.21.2253
L 10/03/2022 - 05:04:14: [chat-processor.smx] Message formats generated for game 'csgo'.
L 10/03/2022 - 05:04:14: [chat-processor.smx] Successfully hooked a SayText2 chat hook.
L 10/03/2022 - 05:16:43: -------- Mapchange to de_mirage --------
L 10/03/2022 - 05:16:44: [basecommands.smx] "Console<0><Console><Console>" changed cvar (cvar "mapcyclefile") (value "map_custom.txt")
L 10/03/2022 - 05:16:48: [warmod.smx] Current Map: de_mirage, Warmod Version: 19.11.21.2253
L 10/03/2022 - 05:16:48: [chat-processor.smx] Message formats generated for game 'csgo'.
L 10/03/2022 - 05:16:48: [chat-processor.smx] Successfully hooked a SayText2 chat hook.
L 10/03/2022 - 05:17:41: -------- Mapchange to de_mirage --------
L 10/03/2022 - 05:17:41: [basecommands.smx] "Console<0><Console><Console>" changed cvar (cvar "mapcyclefile") (value "map_custom.txt")
L 10/03/2022 - 05:17:45: [warmod.smx] Current Map: de_mirage, Warmod Version: 19.11.21.2253
L 10/03/2022 - 05:17:45: [chat-processor.smx] Message formats generated for game 'csgo'.
L 10/03/2022 - 05:17:45: [chat-processor.smx] Successfully hooked a SayText2 chat hook.
L 10/03/2022 - 05:28:15: -------- Mapchange to de_mirage --------
L 10/03/2022 - 05:28:15: [basecommands.smx] "Console<0><Console><Console>" changed cvar (cvar "mapcyclefile") (value "map_custom.txt")
L 10/03/2022 - 05:28:19: [warmod.smx] Current Map: de_mirage, Warmod Version: 19.11.21.2253
L 10/03/2022 - 05:28:20: [chat-processor.smx] Message formats generated for game 'csgo'.
L 10/03/2022 - 05:28:20: [chat-processor.smx] Successfully hooked a SayText2 chat hook.
L 10/03/2022 - 05:38:02: -------- Mapchange to de_mirage --------
L 10/03/2022 - 05:38:02: [basecommands.smx] "Console<0><Console><Console>" changed cvar (cvar "mapcyclefile") (value "map_custom.txt")
L 10/03/2022 - 05:38:06: [warmod.smx] Current Map: de_mirage, Warmod Version: 19.11.21.2253
L 10/03/2022 - 05:38:06: [chat-processor.smx] Message formats generated for game 'csgo'.
L 10/03/2022 - 05:38:06: [chat-processor.smx] Successfully hooked a SayText2 chat hook.
L 10/03/2022 - 05:45:08: -------- Mapchange to de_mirage --------
L 10/03/2022 - 05:45:09: [basecommands.smx] "Console<0><Console><Console>" changed cvar (cvar "mapcyclefile") (value "map_custom.txt")
L 10/03/2022 - 05:45:13: [warmod.smx] Current Map: de_mirage, Warmod Version: 19.11.21.2253
L 10/03/2022 - 05:45:13: [chat-processor.smx] Message formats generated for game 'csgo'.
L 10/03/2022 - 05:45:13: [chat-processor.smx] Successfully hooked a SayText2 chat hook.
L 10/03/2022 - 05:46:26: -------- Mapchange to de_mirage --------
L 10/03/2022 - 05:46:26: [basecommands.smx] "Console<0><Console><Console>" changed cvar (cvar "mapcyclefile") (value "map_custom.txt")
L 10/03/2022 - 05:46:30: [warmod.smx] Current Map: de_mirage, Warmod Version: 19.11.21.2253
L 10/03/2022 - 05:46:30: [chat-processor.smx] Message formats generated for game 'csgo'.
L 10/03/2022 - 05:46:30: [chat-processor.smx] Successfully hooked a SayText2 chat hook.
L 10/03/2022 - 05:49:39: -------- Mapchange to de_mirage --------
L 10/03/2022 - 05:49:40: [basecommands.smx] "Console<0><Console><Console>" changed cvar (cvar "mapcyclefile") (value "map_custom.txt")
L 10/03/2022 - 05:49:44: [warmod.smx] Current Map: de_mirage, Warmod Version: 19.11.21.2253
L 10/03/2022 - 05:49:44: [chat-processor.smx] Message formats generated for game 'csgo'.
L 10/03/2022 - 05:49:44: [chat-processor.smx] Successfully hooked a SayText2 chat hook.
L 10/03/2022 - 06:02:58: -------- Mapchange to de_mirage --------
L 10/03/2022 - 06:02:58: [basecommands.smx] "Console<0><Console><Console>" changed cvar (cvar "mapcyclefile") (value "map_custom.txt")
L 10/03/2022 - 06:03:03: [warmod.smx] Current Map: de_mirage, Warmod Version: 19.11.21.2253
L 10/03/2022 - 06:03:03: [chat-processor.smx] Message formats generated for game 'csgo'.
L 10/03/2022 - 06:03:03: [chat-processor.smx] Successfully hooked a SayText2 chat hook.
L 10/03/2022 - 06:10:53: -------- Mapchange to de_mirage --------
L 10/03/2022 - 06:10:53: [basecommands.smx] "Console<0><Console><Console>" changed cvar (cvar "mapcyclefile") (value "map_custom.txt")
L 10/03/2022 - 06:10:58: [warmod.smx] Current Map: de_mirage, Warmod Version: 19.11.21.2253
L 10/03/2022 - 06:10:58: [chat-processor.smx] Message formats generated for game 'csgo'.
L 10/03/2022 - 06:10:58: [chat-processor.smx] Successfully hooked a SayText2 chat hook.
L 10/03/2022 - 06:17:28: -------- Mapchange to de_mirage --------
L 10/03/2022 - 06:17:28: [basecommands.smx] "Console<0><Console><Console>" changed cvar (cvar "mapcyclefile") (value "map_custom.txt")
L 10/03/2022 - 06:17:33: [warmod.smx] Current Map: de_mirage, Warmod Version: 19.11.21.2253
L 10/03/2022 - 06:17:33: [chat-processor.smx] Message formats generated for game 'csgo'.
L 10/03/2022 - 06:17:33: [chat-processor.smx] Successfully hooked a SayText2 chat hook.
L 10/03/2022 - 06:35:18: -------- Mapchange to de_inferno --------
L 10/03/2022 - 06:35:18: [basecommands.smx] "Console<0><Console><Console>" changed cvar (cvar "mapcyclefile") (value "map_custom.txt")
L 10/03/2022 - 06:35:22: [warmod.smx] Current Map: de_inferno, Warmod Version: 19.11.21.2253
L 10/03/2022 - 06:35:23: [chat-processor.smx] Message formats generated for game 'csgo'.
L 10/03/2022 - 06:35:23: [chat-processor.smx] Successfully hooked a SayText2 chat hook.
L 10/03/2022 - 06:57:38: -------- Mapchange to de_inferno --------
L 10/03/2022 - 06:57:38: [basecommands.smx] "Console<0><Console><Console>" changed cvar (cvar "mapcyclefile") (value "map_custom.txt")
L 10/03/2022 - 06:57:42: [warmod.smx] Current Map: de_inferno, Warmod Version: 19.11.21.2253
L 10/03/2022 - 06:57:43: [chat-processor.smx] Message formats generated for game 'csgo'.
L 10/03/2022 - 06:57:43: [chat-processor.smx] Successfully hooked a SayText2 chat hook.
L 10/03/2022 - 07:07:58: -------- Mapchange to de_inferno --------
L 10/03/2022 - 07:07:59: [basecommands.smx] "Console<0><Console><Console>" changed cvar (cvar "mapcyclefile") (value "map_custom.txt")
L 10/03/2022 - 07:08:03: [warmod.smx] Current Map: de_inferno, Warmod Version: 19.11.21.2253
L 10/03/2022 - 07:08:03: [chat-processor.smx] Message formats generated for game 'csgo'.
L 10/03/2022 - 07:08:03: [chat-processor.smx] Successfully hooked a SayText2 chat hook.
L 10/03/2022 - 07:13:31: -------- Mapchange to de_inferno --------
L 10/03/2022 - 07:13:31: [basecommands.smx] "Console<0><Console><Console>" changed cvar (cvar "mapcyclefile") (value "map_custom.txt")
L 10/03/2022 - 07:13:35: [warmod.smx] Current Map: de_inferno, Warmod Version: 19.11.21.2253
L 10/03/2022 - 07:13:35: [chat-processor.smx] Message formats generated for game 'csgo'.
L 10/03/2022 - 07:13:35: [chat-processor.smx] Successfully hooked a SayText2 chat hook.
L 10/03/2022 - 07:16:33: -------- Mapchange to de_inferno --------
L 10/03/2022 - 07:16:34: [basecommands.smx] "Console<0><Console><Console>" changed cvar (cvar "mapcyclefile") (value "map_custom.txt")
L 10/03/2022 - 07:16:38: [warmod.smx] Current Map: de_inferno, Warmod Version: 19.11.21.2253
L 10/03/2022 - 07:16:38: [chat-processor.smx] Message formats generated for game 'csgo'.
L 10/03/2022 - 07:16:38: [chat-processor.smx] Successfully hooked a SayText2 chat hook.
L 10/03/2022 - 07:41:45: -------- Mapchange to de_inferno --------
L 10/03/2022 - 07:41:45: [basecommands.smx] "Console<0><Console><Console>" changed cvar (cvar "mapcyclefile") (value "map_custom.txt")
L 10/03/2022 - 07:41:49: [warmod.smx] Current Map: de_inferno, Warmod Version: 19.11.21.2253
L 10/03/2022 - 07:41:50: [chat-processor.smx] Message formats generated for game 'csgo'.
L 10/03/2022 - 07:41:50: [chat-processor.smx] Successfully hooked a SayText2 chat hook.
L 10/03/2022 - 07:44:40: -------- Mapchange to de_inferno --------
L 10/03/2022 - 07:44:41: [basecommands.smx] "Console<0><Console><Console>" changed cvar (cvar "mapcyclefile") (value "map_custom.txt")
L 10/03/2022 - 07:44:45: [warmod.smx] Current Map: de_inferno, Warmod Version: 19.11.21.2253
L 10/03/2022 - 07:44:45: [chat-processor.smx] Message formats generated for game 'csgo'.
L 10/03/2022 - 07:44:45: [chat-processor.smx] Successfully hooked a SayText2 chat hook.
L 10/03/2022 - 07:48:45: -------- Mapchange to de_inferno --------
L 10/03/2022 - 07:48:45: [basecommands.smx] "Console<0><Console><Console>" changed cvar (cvar "mapcyclefile") (value "map_custom.txt")
L 10/03/2022 - 07:48:49: [warmod.smx] Current Map: de_inferno, Warmod Version: 19.11.21.2253
L 10/03/2022 - 07:48:50: [chat-processor.smx] Message formats generated for game 'csgo'.
L 10/03/2022 - 07:48:50: [chat-processor.smx] Successfully hooked a SayText2 chat hook.
L 10/03/2022 - 07:56:08: -------- Mapchange to de_inferno --------
L 10/03/2022 - 07:56:09: [basecommands.smx] "Console<0><Console><Console>" changed cvar (cvar "mapcyclefile") (value "map_custom.txt")
L 10/03/2022 - 07:56:13: [warmod.smx] Current Map: de_inferno, Warmod Version: 19.11.21.2253
L 10/03/2022 - 07:56:13: [chat-processor.smx] Message formats generated for game 'csgo'.
L 10/03/2022 - 07:56:13: [chat-processor.smx] Successfully hooked a SayText2 chat hook.
L 10/03/2022 - 08:21:01: -------- Mapchange to de_inferno --------
L 10/03/2022 - 08:21:01: [basecommands.smx] "Console<0><Console><Console>" changed cvar (cvar "mapcyclefile") (value "map_custom.txt")
L 10/03/2022 - 08:21:05: [warmod.smx] Current Map: de_inferno, Warmod Version: 19.11.21.2253
L 10/03/2022 - 08:21:05: [chat-processor.smx] Message formats generated for game 'csgo'.
L 10/03/2022 - 08:21:05: [chat-processor.smx] Successfully hooked a SayText2 chat hook.
L 10/03/2022 - 09:18:32: -------- Mapchange to de_inferno --------
L 10/03/2022 - 09:18:33: [basecommands.smx] "Console<0><Console><Console>" changed cvar (cvar "mapcyclefile") (value "map_custom.txt")
L 10/03/2022 - 09:18:37: [warmod.smx] Current Map: de_inferno, Warmod Version: 19.11.21.2253
L 10/03/2022 - 09:18:37: [chat-processor.smx] Message formats generated for game 'csgo'.
L 10/03/2022 - 09:18:37: [chat-processor.smx] Successfully hooked a SayText2 chat hook.
L 10/03/2022 - 09:58:21: -------- Mapchange to de_inferno --------
L 10/03/2022 - 09:58:21: [basecommands.smx] "Console<0><Console><Console>" changed cvar (cvar "mapcyclefile") (value "map_custom.txt")
L 10/03/2022 - 09:58:25: [warmod.smx] Current Map: de_inferno, Warmod Version: 19.11.21.2253
L 10/03/2022 - 09:58:26: [chat-processor.smx] Message formats generated for game 'csgo'.
L 10/03/2022 - 09:58:26: [chat-processor.smx] Successfully hooked a SayText2 chat hook.
L 10/03/2022 - 11:53:52: -------- Mapchange to de_inferno --------
L 10/03/2022 - 11:53:53: [basecommands.smx] "Console<0><Console><Console>" changed cvar (cvar "mapcyclefile") (value "map_custom.txt")
L 10/03/2022 - 11:53:57: [warmod.smx] Current Map: de_inferno, Warmod Version: 19.11.21.2253
L 10/03/2022 - 11:53:57: [chat-processor.smx] Message formats generated for game 'csgo'.
L 10/03/2022 - 11:53:57: [chat-processor.smx] Successfully hooked a SayText2 chat hook.
L 10/03/2022 - 12:41:42: -------- Mapchange to de_inferno --------
L 10/03/2022 - 12:41:43: [basecommands.smx] "Console<0><Console><Console>" changed cvar (cvar "mapcyclefile") (value "map_custom.txt")
L 10/03/2022 - 12:41:47: [warmod.smx] Current Map: de_inferno, Warmod Version: 19.11.21.2253
L 10/03/2022 - 12:41:47: [chat-processor.smx] Message formats generated for game 'csgo'.
L 10/03/2022 - 12:41:47: [chat-processor.smx] Successfully hooked a SayText2 chat hook.
L 10/03/2022 - 12:48:06: -------- Mapchange to de_mirage --------
L 10/03/2022 - 12:48:06: [basecommands.smx] "Console<0><Console><Console>" changed cvar (cvar "mapcyclefile") (value "map_custom.txt")
L 10/03/2022 - 12:48:10: [warmod.smx] Current Map: de_mirage, Warmod Version: 19.11.21.2253
L 10/03/2022 - 12:48:11: [chat-processor.smx] Message formats generated for game 'csgo'.
L 10/03/2022 - 12:48:11: [chat-processor.smx] Successfully hooked a SayText2 chat hook.
L 10/03/2022 - 12:50:51: -------- Mapchange to de_mirage --------
L 10/03/2022 - 12:50:51: [basecommands.smx] "Console<0><Console><Console>" changed cvar (cvar "mapcyclefile") (value "map_custom.txt")
L 10/03/2022 - 12:50:55: [warmod.smx] Current Map: de_mirage, Warmod Version: 19.11.21.2253
L 10/03/2022 - 12:50:56: [chat-processor.smx] Message formats generated for game 'csgo'.
L 10/03/2022 - 12:50:56: [chat-processor.smx] Successfully hooked a SayText2 chat hook.
L 10/03/2022 - 13:12:35: -------- Mapchange to de_mirage --------
L 10/03/2022 - 13:12:35: [basecommands.smx] "Console<0><Console><Console>" changed cvar (cvar "mapcyclefile") (value "map_custom.txt")
L 10/03/2022 - 13:12:40: [warmod.smx] Current Map: de_mirage, Warmod Version: 19.11.21.2253
L 10/03/2022 - 13:12:40: [chat-processor.smx] Message formats generated for game 'csgo'.
L 10/03/2022 - 13:12:40: [chat-processor.smx] Successfully hooked a SayText2 chat hook.
L 10/03/2022 - 13:31:04: [basecommands.smx] "sparkles烟花<116><STEAM_1:1:515004150><>" executed config (file "sm_practice.cfg")
L 10/03/2022 - 13:33:15: [basecommands.smx] "sparkles烟花<116><STEAM_1:1:515004150><>" executed config (file "sm_practice.cfg")
L 10/03/2022 - 14:38:27: [basecommands.smx] "sparkles烟花<116><STEAM_1:1:515004150><>" kicked "我是菜狗<121><STEAM_1:0:711884172><>" (reason "")
L 10/03/2022 - 14:38:27: [basecommands.smx] "sparkles烟花<116><STEAM_1:1:515004150><>" kicked "GOTV<111><BOT><>" (reason "")
L 10/03/2022 - 14:42:06: [basecommands.smx] "sparkles烟花<116><STEAM_1:1:515004150><>" changed map to "mirage"
L 10/03/2022 - 14:42:09: [SM] Changed map to "mirage"
L 10/03/2022 - 14:42:11: -------- Mapchange to de_mirage --------
L 10/03/2022 - 14:42:11: [basecommands.smx] "Console<0><Console><Console>" changed cvar (cvar "mapcyclefile") (value "map_custom.txt")
L 10/03/2022 - 14:42:15: [warmod.smx] Current Map: de_mirage, Warmod Version: 19.11.21.2253
L 10/03/2022 - 14:42:16: [chat-processor.smx] Message formats generated for game 'csgo'.
L 10/03/2022 - 14:42:16: [chat-processor.smx] Successfully hooked a SayText2 chat hook.
L 10/03/2022 - 15:54:14: -------- Mapchange to de_mirage --------
L 10/03/2022 - 15:54:14: [basecommands.smx] "Console<0><Console><Console>" changed cvar (cvar "mapcyclefile") (value "map_custom.txt")
L 10/03/2022 - 15:54:18: [warmod.smx] Current Map: de_mirage, Warmod Version: 19.11.21.2253
L 10/03/2022 - 15:54:19: [chat-processor.smx] Message formats generated for game 'csgo'.
L 10/03/2022 - 15:54:19: [chat-processor.smx] Successfully hooked a SayText2 chat hook.
L 10/03/2022 - 16:30:43: -------- Mapchange to de_mirage --------
L 10/03/2022 - 16:30:43: [basecommands.smx] "Console<0><Console><Console>" changed cvar (cvar "mapcyclefile") (value "map_custom.txt")
L 10/03/2022 - 16:30:47: [warmod.smx] Current Map: de_mirage, Warmod Version: 19.11.21.2253
L 10/03/2022 - 16:30:48: [chat-processor.smx] Message formats generated for game 'csgo'.
L 10/03/2022 - 16:30:48: [chat-processor.smx] Successfully hooked a SayText2 chat hook.
L 10/03/2022 - 19:14:06: -------- Mapchange to de_mirage --------
L 10/03/2022 - 19:14:06: [basecommands.smx] "Console<0><Console><Console>" changed cvar (cvar "mapcyclefile") (value "map_custom.txt")
L 10/03/2022 - 19:14:10: [warmod.smx] Current Map: de_mirage, Warmod Version: 19.11.21.2253
L 10/03/2022 - 19:14:11: [chat-processor.smx] Message formats generated for game 'csgo'.
L 10/03/2022 - 19:14:11: [chat-processor.smx] Successfully hooked a SayText2 chat hook.
L 10/03/2022 - 19:16:23: -------- Mapchange to de_mirage --------
L 10/03/2022 - 19:16:23: [basecommands.smx] "Console<0><Console><Console>" changed cvar (cvar "mapcyclefile") (value "map_custom.txt")
L 10/03/2022 - 19:16:27: [warmod.smx] Current Map: de_mirage, Warmod Version: 19.11.21.2253
L 10/03/2022 - 19:16:27: [chat-processor.smx] Message formats generated for game 'csgo'.
L 10/03/2022 - 19:16:27: [chat-processor.smx] Successfully hooked a SayText2 chat hook.
L 10/03/2022 - 19:26:36: -------- Mapchange to de_mirage --------
L 10/03/2022 - 19:26:37: [basecommands.smx] "Console<0><Console><Console>" changed cvar (cvar "mapcyclefile") (value "map_custom.txt")
L 10/03/2022 - 19:26:41: [warmod.smx] Current Map: de_mirage, Warmod Version: 19.11.21.2253
L 10/03/2022 - 19:26:41: [chat-processor.smx] Message formats generated for game 'csgo'.
L 10/03/2022 - 19:26:41: [chat-processor.smx] Successfully hooked a SayText2 chat hook.
L 10/03/2022 - 19:30:42: -------- Mapchange to de_mirage --------
L 10/03/2022 - 19:30:42: [basecommands.smx] "Console<0><Console><Console>" changed cvar (cvar "mapcyclefile") (value "map_custom.txt")
L 10/03/2022 - 19:30:46: [warmod.smx] Current Map: de_mirage, Warmod Version: 19.11.21.2253
L 10/03/2022 - 19:30:46: [chat-processor.smx] Message formats generated for game 'csgo'.
L 10/03/2022 - 19:30:46: [chat-processor.smx] Successfully hooked a SayText2 chat hook.
L 10/03/2022 - 20:37:12: -------- Mapchange to de_mirage --------
L 10/03/2022 - 20:37:13: [basecommands.smx] "Console<0><Console><Console>" changed cvar (cvar "mapcyclefile") (value "map_custom.txt")
L 10/03/2022 - 20:37:17: [warmod.smx] Current Map: de_mirage, Warmod Version: 19.11.21.2253
L 10/03/2022 - 20:37:17: [chat-processor.smx] Message formats generated for game 'csgo'.
L 10/03/2022 - 20:37:17: [chat-processor.smx] Successfully hooked a SayText2 chat hook.
L 10/03/2022 - 23:57:39: -------- Mapchange to de_mirage --------
L 10/03/2022 - 23:57:39: [basecommands.smx] "Console<0><Console><Console>" changed cvar (cvar "mapcyclefile") (value "map_custom.txt")
L 10/03/2022 - 23:57:43: [warmod.smx] Current Map: de_mirage, Warmod Version: 19.11.21.2253
L 10/03/2022 - 23:57:44: [chat-processor.smx] Message formats generated for game 'csgo'.
L 10/03/2022 - 23:57:44: [chat-processor.smx] Successfully hooked a SayText2 chat hook.
L 10/04/2022 - 00:31:08: Log file closed.
