L 11/02/2022 - 03:17:56: SourceMod log file session started (file "/badfupo/server1/csgo/addons/sourcemod/logs/L20221102.log") (Version "1.11.0.6913")
L 11/02/2022 - 03:17:56: [basecommands.smx] "Console<0><Console><Console>" changed cvar (cvar "mapcyclefile") (value "map_custom.txt")
L 11/02/2022 - 03:18:00: [warmod.smx] Current Map: de_dust2, Warmod Version: 19.11.21.2253
L 11/02/2022 - 03:18:01: [chat-processor.smx] Message formats generated for game 'csgo'.
L 11/02/2022 - 03:18:01: [chat-processor.smx] Successfully hooked a SayText2 chat hook.
L 11/02/2022 - 04:46:38: -------- Mapchange to de_dust2 --------
L 11/02/2022 - 04:46:39: [basecommands.smx] "Console<0><Console><Console>" changed cvar (cvar "mapcyclefile") (value "map_custom.txt")
L 11/02/2022 - 04:46:43: [warmod.smx] Current Map: de_dust2, Warmod Version: 19.11.21.2253
L 11/02/2022 - 04:46:45: [chat-processor.smx] Message formats generated for game 'csgo'.
L 11/02/2022 - 04:46:45: [chat-processor.smx] Successfully hooked a SayText2 chat hook.
L 11/02/2022 - 04:51:08: -------- Mapchange to de_dust2 --------
L 11/02/2022 - 04:51:08: [basecommands.smx] "Console<0><Console><Console>" changed cvar (cvar "mapcyclefile") (value "map_custom.txt")
L 11/02/2022 - 04:51:12: [warmod.smx] Current Map: de_dust2, Warmod Version: 19.11.21.2253
L 11/02/2022 - 04:51:14: [chat-processor.smx] Message formats generated for game 'csgo'.
L 11/02/2022 - 04:51:14: [chat-processor.smx] Successfully hooked a SayText2 chat hook.
L 11/02/2022 - 04:54:42: -------- Mapchange to de_dust2 --------
L 11/02/2022 - 04:54:43: [basecommands.smx] "Console<0><Console><Console>" changed cvar (cvar "mapcyclefile") (value "map_custom.txt")
L 11/02/2022 - 04:54:47: [warmod.smx] Current Map: de_dust2, Warmod Version: 19.11.21.2253
L 11/02/2022 - 04:54:48: [chat-processor.smx] Message formats generated for game 'csgo'.
L 11/02/2022 - 04:54:48: [chat-processor.smx] Successfully hooked a SayText2 chat hook.
L 11/02/2022 - 11:22:14: -------- Mapchange to de_dust2 --------
L 11/02/2022 - 11:22:15: [basecommands.smx] "Console<0><Console><Console>" changed cvar (cvar "mapcyclefile") (value "map_custom.txt")
L 11/02/2022 - 11:22:19: [warmod.smx] Current Map: de_dust2, Warmod Version: 19.11.21.2253
L 11/02/2022 - 11:22:20: [chat-processor.smx] Message formats generated for game 'csgo'.
L 11/02/2022 - 11:22:20: [chat-processor.smx] Successfully hooked a SayText2 chat hook.
L 11/02/2022 - 11:32:39: -------- Mapchange to de_dust2 --------
L 11/02/2022 - 11:32:40: [basecommands.smx] "Console<0><Console><Console>" changed cvar (cvar "mapcyclefile") (value "map_custom.txt")
L 11/02/2022 - 11:32:44: [warmod.smx] Current Map: de_dust2, Warmod Version: 19.11.21.2253
L 11/02/2022 - 11:32:45: [chat-processor.smx] Message formats generated for game 'csgo'.
L 11/02/2022 - 11:32:45: [chat-processor.smx] Successfully hooked a SayText2 chat hook.
L 11/02/2022 - 12:33:24: -------- Mapchange to de_dust2 --------
L 11/02/2022 - 12:33:25: [basecommands.smx] "Console<0><Console><Console>" changed cvar (cvar "mapcyclefile") (value "map_custom.txt")
L 11/02/2022 - 12:33:29: [warmod.smx] Current Map: de_dust2, Warmod Version: 19.11.21.2253
L 11/02/2022 - 12:33:30: [chat-processor.smx] Message formats generated for game 'csgo'.
L 11/02/2022 - 12:33:30: [chat-processor.smx] Successfully hooked a SayText2 chat hook.
L 11/02/2022 - 12:50:00: -------- Mapchange to de_dust2 --------
L 11/02/2022 - 12:50:01: [basecommands.smx] "Console<0><Console><Console>" changed cvar (cvar "mapcyclefile") (value "map_custom.txt")
L 11/02/2022 - 12:50:06: [warmod.smx] Current Map: de_dust2, Warmod Version: 19.11.21.2253
L 11/02/2022 - 12:50:07: [chat-processor.smx] Message formats generated for game 'csgo'.
L 11/02/2022 - 12:50:07: [chat-processor.smx] Successfully hooked a SayText2 chat hook.
L 11/02/2022 - 13:01:02: -------- Mapchange to de_dust2 --------
L 11/02/2022 - 13:01:02: [basecommands.smx] "Console<0><Console><Console>" changed cvar (cvar "mapcyclefile") (value "map_custom.txt")
L 11/02/2022 - 13:01:07: [warmod.smx] Current Map: de_dust2, Warmod Version: 19.11.21.2253
L 11/02/2022 - 13:01:08: [chat-processor.smx] Message formats generated for game 'csgo'.
L 11/02/2022 - 13:01:08: [chat-processor.smx] Successfully hooked a SayText2 chat hook.
L 11/02/2022 - 13:15:45: [SM] Changed map to "de_dust"
L 11/02/2022 - 13:15:51: -------- Mapchange to de_dust2 --------
L 11/02/2022 - 13:15:52: [basecommands.smx] "Console<0><Console><Console>" changed cvar (cvar "mapcyclefile") (value "map_custom.txt")
L 11/02/2022 - 13:15:56: [warmod.smx] Current Map: de_dust2, Warmod Version: 19.11.21.2253
L 11/02/2022 - 13:15:57: [chat-processor.smx] Message formats generated for game 'csgo'.
L 11/02/2022 - 13:15:57: [chat-processor.smx] Successfully hooked a SayText2 chat hook.
L 11/02/2022 - 13:30:05: -------- Mapchange to de_dust2 --------
L 11/02/2022 - 13:30:06: [basecommands.smx] "Console<0><Console><Console>" changed cvar (cvar "mapcyclefile") (value "map_custom.txt")
L 11/02/2022 - 13:30:10: [warmod.smx] Current Map: de_dust2, Warmod Version: 19.11.21.2253
L 11/02/2022 - 13:30:11: [chat-processor.smx] Message formats generated for game 'csgo'.
L 11/02/2022 - 13:30:11: [chat-processor.smx] Successfully hooked a SayText2 chat hook.
L 11/02/2022 - 13:45:38: -------- Mapchange to de_dust2 --------
L 11/02/2022 - 13:45:38: [basecommands.smx] "Console<0><Console><Console>" changed cvar (cvar "mapcyclefile") (value "map_custom.txt")
L 11/02/2022 - 13:45:43: [warmod.smx] Current Map: de_dust2, Warmod Version: 19.11.21.2253
L 11/02/2022 - 13:45:44: [chat-processor.smx] Message formats generated for game 'csgo'.
L 11/02/2022 - 13:45:44: [chat-processor.smx] Successfully hooked a SayText2 chat hook.
L 11/02/2022 - 14:23:20: -------- Mapchange to de_dust2 --------
L 11/02/2022 - 14:23:21: [basecommands.smx] "Console<0><Console><Console>" changed cvar (cvar "mapcyclefile") (value "map_custom.txt")
L 11/02/2022 - 14:23:25: [warmod.smx] Current Map: de_dust2, Warmod Version: 19.11.21.2253
L 11/02/2022 - 14:23:26: [chat-processor.smx] Message formats generated for game 'csgo'.
L 11/02/2022 - 14:23:26: [chat-processor.smx] Successfully hooked a SayText2 chat hook.
L 11/02/2022 - 14:24:43: -------- Mapchange to de_dust2 --------
L 11/02/2022 - 14:24:44: [basecommands.smx] "Console<0><Console><Console>" changed cvar (cvar "mapcyclefile") (value "map_custom.txt")
L 11/02/2022 - 14:24:48: [warmod.smx] Current Map: de_dust2, Warmod Version: 19.11.21.2253
L 11/02/2022 - 14:24:49: [chat-processor.smx] Message formats generated for game 'csgo'.
L 11/02/2022 - 14:24:49: [chat-processor.smx] Successfully hooked a SayText2 chat hook.
L 11/02/2022 - 15:00:40: -------- Mapchange to de_dust2 --------
L 11/02/2022 - 15:00:41: [basecommands.smx] "Console<0><Console><Console>" changed cvar (cvar "mapcyclefile") (value "map_custom.txt")
L 11/02/2022 - 15:00:45: [warmod.smx] Current Map: de_dust2, Warmod Version: 19.11.21.2253
L 11/02/2022 - 15:00:46: [chat-processor.smx] Message formats generated for game 'csgo'.
L 11/02/2022 - 15:00:46: [chat-processor.smx] Successfully hooked a SayText2 chat hook.
L 11/03/2022 - 01:08:01: Log file closed.
