L 09/22/2022 - 04:05:55: SourceMod log file session started (file "/badfupo/server1/csgo/addons/sourcemod/logs/L20220922.log") (Version "1.12.0.6912")
L 09/22/2022 - 04:05:55: [basecommands.smx] "Console<0><Console><Console>" changed cvar (cvar "mapcyclefile") (value "map_custom.txt")
L 09/22/2022 - 04:05:58: [warmod.smx] Current Map: de_mirage, Warmod Version: 19.11.21.2253
L 09/22/2022 - 04:05:59: [chat-processor.smx] Message formats generated for game 'csgo'.
L 09/22/2022 - 04:05:59: [chat-processor.smx] Successfully hooked a SayText2 chat hook.
L 09/22/2022 - 04:36:32: -------- Mapchange to de_mirage --------
L 09/22/2022 - 04:36:32: [basecommands.smx] "Console<0><Console><Console>" changed cvar (cvar "mapcyclefile") (value "map_custom.txt")
L 09/22/2022 - 04:36:36: [warmod.smx] Current Map: de_mirage, Warmod Version: 19.11.21.2253
L 09/22/2022 - 04:36:37: [chat-processor.smx] Message formats generated for game 'csgo'.
L 09/22/2022 - 04:36:37: [chat-processor.smx] Successfully hooked a SayText2 chat hook.
L 09/22/2022 - 05:07:04: -------- Mapchange to de_mirage --------
L 09/22/2022 - 05:07:05: [basecommands.smx] "Console<0><Console><Console>" changed cvar (cvar "mapcyclefile") (value "map_custom.txt")
L 09/22/2022 - 05:07:08: [warmod.smx] Current Map: de_mirage, Warmod Version: 19.11.21.2253
L 09/22/2022 - 05:07:09: [chat-processor.smx] Message formats generated for game 'csgo'.
L 09/22/2022 - 05:07:09: [chat-processor.smx] Successfully hooked a SayText2 chat hook.
L 09/22/2022 - 05:14:10: -------- Mapchange to de_mirage --------
L 09/22/2022 - 05:14:11: [basecommands.smx] "Console<0><Console><Console>" changed cvar (cvar "mapcyclefile") (value "map_custom.txt")
L 09/22/2022 - 05:14:14: [warmod.smx] Current Map: de_mirage, Warmod Version: 19.11.21.2253
L 09/22/2022 - 05:14:15: [chat-processor.smx] Message formats generated for game 'csgo'.
L 09/22/2022 - 05:14:15: [chat-processor.smx] Successfully hooked a SayText2 chat hook.
L 09/22/2022 - 06:09:30: -------- Mapchange to de_mirage --------
L 09/22/2022 - 06:09:31: [basecommands.smx] "Console<0><Console><Console>" changed cvar (cvar "mapcyclefile") (value "map_custom.txt")
L 09/22/2022 - 06:09:34: [warmod.smx] Current Map: de_mirage, Warmod Version: 19.11.21.2253
L 09/22/2022 - 06:09:35: [chat-processor.smx] Message formats generated for game 'csgo'.
L 09/22/2022 - 06:09:35: [chat-processor.smx] Successfully hooked a SayText2 chat hook.
L 09/22/2022 - 06:22:58: -------- Mapchange to de_mirage --------
L 09/22/2022 - 06:22:59: [basecommands.smx] "Console<0><Console><Console>" changed cvar (cvar "mapcyclefile") (value "map_custom.txt")
L 09/22/2022 - 06:23:02: [warmod.smx] Current Map: de_mirage, Warmod Version: 19.11.21.2253
L 09/22/2022 - 06:23:03: [chat-processor.smx] Message formats generated for game 'csgo'.
L 09/22/2022 - 06:23:03: [chat-processor.smx] Successfully hooked a SayText2 chat hook.
L 09/22/2022 - 06:45:21: -------- Mapchange to de_mirage --------
L 09/22/2022 - 06:45:22: [basecommands.smx] "Console<0><Console><Console>" changed cvar (cvar "mapcyclefile") (value "map_custom.txt")
L 09/22/2022 - 06:45:25: [warmod.smx] Current Map: de_mirage, Warmod Version: 19.11.21.2253
L 09/22/2022 - 06:45:26: [chat-processor.smx] Message formats generated for game 'csgo'.
L 09/22/2022 - 06:45:26: [chat-processor.smx] Successfully hooked a SayText2 chat hook.
L 09/22/2022 - 07:05:11: -------- Mapchange to de_mirage --------
L 09/22/2022 - 07:05:12: [basecommands.smx] "Console<0><Console><Console>" changed cvar (cvar "mapcyclefile") (value "map_custom.txt")
L 09/22/2022 - 07:05:15: [warmod.smx] Current Map: de_mirage, Warmod Version: 19.11.21.2253
L 09/22/2022 - 07:05:16: [chat-processor.smx] Message formats generated for game 'csgo'.
L 09/22/2022 - 07:05:16: [chat-processor.smx] Successfully hooked a SayText2 chat hook.
L 09/22/2022 - 08:15:26: -------- Mapchange to de_mirage --------
L 09/22/2022 - 08:15:26: [basecommands.smx] "Console<0><Console><Console>" changed cvar (cvar "mapcyclefile") (value "map_custom.txt")
L 09/22/2022 - 08:15:29: [warmod.smx] Current Map: de_mirage, Warmod Version: 19.11.21.2253
L 09/22/2022 - 08:15:30: [chat-processor.smx] Message formats generated for game 'csgo'.
L 09/22/2022 - 08:15:30: [chat-processor.smx] Successfully hooked a SayText2 chat hook.
L 09/22/2022 - 08:42:01: -------- Mapchange to de_mirage --------
L 09/22/2022 - 08:42:02: [basecommands.smx] "Console<0><Console><Console>" changed cvar (cvar "mapcyclefile") (value "map_custom.txt")
L 09/22/2022 - 08:42:05: [warmod.smx] Current Map: de_mirage, Warmod Version: 19.11.21.2253
L 09/22/2022 - 08:42:06: [chat-processor.smx] Message formats generated for game 'csgo'.
L 09/22/2022 - 08:42:06: [chat-processor.smx] Successfully hooked a SayText2 chat hook.
L 09/22/2022 - 09:20:54: -------- Mapchange to de_mirage --------
L 09/22/2022 - 09:20:55: [basecommands.smx] "Console<0><Console><Console>" changed cvar (cvar "mapcyclefile") (value "map_custom.txt")
L 09/22/2022 - 09:20:58: [warmod.smx] Current Map: de_mirage, Warmod Version: 19.11.21.2253
L 09/22/2022 - 09:20:59: [chat-processor.smx] Message formats generated for game 'csgo'.
L 09/22/2022 - 09:20:59: [chat-processor.smx] Successfully hooked a SayText2 chat hook.
L 09/22/2022 - 09:22:21: -------- Mapchange to de_mirage --------
L 09/22/2022 - 09:22:21: [basecommands.smx] "Console<0><Console><Console>" changed cvar (cvar "mapcyclefile") (value "map_custom.txt")
L 09/22/2022 - 09:22:25: [warmod.smx] Current Map: de_mirage, Warmod Version: 19.11.21.2253
L 09/22/2022 - 09:22:26: [chat-processor.smx] Message formats generated for game 'csgo'.
L 09/22/2022 - 09:22:26: [chat-processor.smx] Successfully hooked a SayText2 chat hook.
L 09/22/2022 - 10:16:47: -------- Mapchange to de_mirage --------
L 09/22/2022 - 10:16:48: [basecommands.smx] "Console<0><Console><Console>" changed cvar (cvar "mapcyclefile") (value "map_custom.txt")
L 09/22/2022 - 10:16:52: [warmod.smx] Current Map: de_mirage, Warmod Version: 19.11.21.2253
L 09/22/2022 - 10:16:53: [chat-processor.smx] Message formats generated for game 'csgo'.
L 09/22/2022 - 10:16:53: [chat-processor.smx] Successfully hooked a SayText2 chat hook.
L 09/22/2022 - 10:18:17: -------- Mapchange to de_mirage --------
L 09/22/2022 - 10:18:18: [basecommands.smx] "Console<0><Console><Console>" changed cvar (cvar "mapcyclefile") (value "map_custom.txt")
L 09/22/2022 - 10:18:21: [warmod.smx] Current Map: de_mirage, Warmod Version: 19.11.21.2253
L 09/22/2022 - 10:18:23: [chat-processor.smx] Message formats generated for game 'csgo'.
L 09/22/2022 - 10:18:23: [chat-processor.smx] Successfully hooked a SayText2 chat hook.
L 09/22/2022 - 11:44:01: -------- Mapchange to de_mirage --------
L 09/22/2022 - 11:44:02: [basecommands.smx] "Console<0><Console><Console>" changed cvar (cvar "mapcyclefile") (value "map_custom.txt")
L 09/22/2022 - 11:44:05: [warmod.smx] Current Map: de_mirage, Warmod Version: 19.11.21.2253
L 09/22/2022 - 11:44:06: [chat-processor.smx] Message formats generated for game 'csgo'.
L 09/22/2022 - 11:44:06: [chat-processor.smx] Successfully hooked a SayText2 chat hook.
L 09/22/2022 - 12:08:44: -------- Mapchange to de_mirage --------
L 09/22/2022 - 12:08:45: [basecommands.smx] "Console<0><Console><Console>" changed cvar (cvar "mapcyclefile") (value "map_custom.txt")
L 09/22/2022 - 12:08:48: [warmod.smx] Current Map: de_mirage, Warmod Version: 19.11.21.2253
L 09/22/2022 - 12:08:49: [chat-processor.smx] Message formats generated for game 'csgo'.
L 09/22/2022 - 12:08:49: [chat-processor.smx] Successfully hooked a SayText2 chat hook.
L 09/22/2022 - 12:09:22: [basecommands.smx] "𝙖𝙣 𝙔𝙤𝙪 𝙃𝙚𝙖𝙧 𝙈𝙚<710><STEAM_1:0:239856464><>" executed config (file "sm_competitive2v2.cfg")
L 09/22/2022 - 13:39:21: -------- Mapchange to de_mirage --------
L 09/22/2022 - 13:39:22: [basecommands.smx] "Console<0><Console><Console>" changed cvar (cvar "mapcyclefile") (value "map_custom.txt")
L 09/22/2022 - 13:39:25: [warmod.smx] Current Map: de_mirage, Warmod Version: 19.11.21.2253
L 09/22/2022 - 13:39:26: [chat-processor.smx] Message formats generated for game 'csgo'.
L 09/22/2022 - 13:39:26: [chat-processor.smx] Successfully hooked a SayText2 chat hook.
L 09/22/2022 - 14:05:22: -------- Mapchange to de_mirage --------
L 09/22/2022 - 14:05:22: [basecommands.smx] "Console<0><Console><Console>" changed cvar (cvar "mapcyclefile") (value "map_custom.txt")
L 09/22/2022 - 14:05:26: [warmod.smx] Current Map: de_mirage, Warmod Version: 19.11.21.2253
L 09/22/2022 - 14:05:27: [chat-processor.smx] Message formats generated for game 'csgo'.
L 09/22/2022 - 14:05:27: [chat-processor.smx] Successfully hooked a SayText2 chat hook.
L 09/22/2022 - 14:25:00: -------- Mapchange to de_mirage --------
L 09/22/2022 - 14:25:01: [basecommands.smx] "Console<0><Console><Console>" changed cvar (cvar "mapcyclefile") (value "map_custom.txt")
L 09/22/2022 - 14:25:04: [warmod.smx] Current Map: de_mirage, Warmod Version: 19.11.21.2253
L 09/22/2022 - 14:25:05: [chat-processor.smx] Message formats generated for game 'csgo'.
L 09/22/2022 - 14:25:05: [chat-processor.smx] Successfully hooked a SayText2 chat hook.
L 09/22/2022 - 16:00:21: -------- Mapchange to de_mirage --------
L 09/22/2022 - 16:00:22: [basecommands.smx] "Console<0><Console><Console>" changed cvar (cvar "mapcyclefile") (value "map_custom.txt")
L 09/22/2022 - 16:00:25: [warmod.smx] Current Map: de_mirage, Warmod Version: 19.11.21.2253
L 09/22/2022 - 16:00:26: [chat-processor.smx] Message formats generated for game 'csgo'.
L 09/22/2022 - 16:00:26: [chat-processor.smx] Successfully hooked a SayText2 chat hook.
L 09/22/2022 - 17:09:28: -------- Mapchange to de_mirage --------
L 09/22/2022 - 17:09:29: [basecommands.smx] "Console<0><Console><Console>" changed cvar (cvar "mapcyclefile") (value "map_custom.txt")
L 09/22/2022 - 17:09:32: [warmod.smx] Current Map: de_mirage, Warmod Version: 19.11.21.2253
L 09/22/2022 - 17:09:33: [chat-processor.smx] Message formats generated for game 'csgo'.
L 09/22/2022 - 17:09:33: [chat-processor.smx] Successfully hooked a SayText2 chat hook.
L 09/22/2022 - 18:10:45: -------- Mapchange to de_mirage --------
L 09/22/2022 - 18:10:46: [basecommands.smx] "Console<0><Console><Console>" changed cvar (cvar "mapcyclefile") (value "map_custom.txt")
L 09/22/2022 - 18:10:49: [warmod.smx] Current Map: de_mirage, Warmod Version: 19.11.21.2253
L 09/22/2022 - 18:10:50: [chat-processor.smx] Message formats generated for game 'csgo'.
L 09/22/2022 - 18:10:50: [chat-processor.smx] Successfully hooked a SayText2 chat hook.
L 09/22/2022 - 18:42:02: -------- Mapchange to de_mirage --------
L 09/22/2022 - 18:42:02: [basecommands.smx] "Console<0><Console><Console>" changed cvar (cvar "mapcyclefile") (value "map_custom.txt")
L 09/22/2022 - 18:42:06: [warmod.smx] Current Map: de_mirage, Warmod Version: 19.11.21.2253
L 09/22/2022 - 18:42:07: [chat-processor.smx] Message formats generated for game 'csgo'.
L 09/22/2022 - 18:42:07: [chat-processor.smx] Successfully hooked a SayText2 chat hook.
L 09/23/2022 - 02:49:56: Log file closed.
