L 09/21/2022 - 03:42:36: SourceMod log file session started (file "/badfupo/server1/csgo/addons/sourcemod/logs/L20220921.log") (Version "1.12.0.6912")
L 09/21/2022 - 03:42:36: [basecommands.smx] "Console<0><Console><Console>" changed cvar (cvar "mapcyclefile") (value "map_custom.txt")
L 09/21/2022 - 03:42:39: [warmod.smx] Current Map: de_overpass, Warmod Version: 19.11.21.2253
L 09/21/2022 - 03:42:40: [chat-processor.smx] Message formats generated for game 'csgo'.
L 09/21/2022 - 03:42:40: [chat-processor.smx] Successfully hooked a SayText2 chat hook.
L 09/21/2022 - 04:41:53: -------- Mapchange to de_overpass --------
L 09/21/2022 - 04:41:54: [basecommands.smx] "Console<0><Console><Console>" changed cvar (cvar "mapcyclefile") (value "map_custom.txt")
L 09/21/2022 - 04:41:57: [warmod.smx] Current Map: de_overpass, Warmod Version: 19.11.21.2253
L 09/21/2022 - 04:41:58: [chat-processor.smx] Message formats generated for game 'csgo'.
L 09/21/2022 - 04:41:58: [chat-processor.smx] Successfully hooked a SayText2 chat hook.
L 09/21/2022 - 04:43:15: -------- Mapchange to de_overpass --------
L 09/21/2022 - 04:43:15: [basecommands.smx] "Console<0><Console><Console>" changed cvar (cvar "mapcyclefile") (value "map_custom.txt")
L 09/21/2022 - 04:43:19: [warmod.smx] Current Map: de_overpass, Warmod Version: 19.11.21.2253
L 09/21/2022 - 04:43:20: [chat-processor.smx] Message formats generated for game 'csgo'.
L 09/21/2022 - 04:43:20: [chat-processor.smx] Successfully hooked a SayText2 chat hook.
L 09/21/2022 - 06:11:26: -------- Mapchange to de_overpass --------
L 09/21/2022 - 06:11:26: [basecommands.smx] "Console<0><Console><Console>" changed cvar (cvar "mapcyclefile") (value "map_custom.txt")
L 09/21/2022 - 06:11:29: [warmod.smx] Current Map: de_overpass, Warmod Version: 19.11.21.2253
L 09/21/2022 - 06:11:30: [chat-processor.smx] Message formats generated for game 'csgo'.
L 09/21/2022 - 06:11:30: [chat-processor.smx] Successfully hooked a SayText2 chat hook.
L 09/21/2022 - 06:36:45: -------- Mapchange to de_overpass --------
L 09/21/2022 - 06:36:46: [basecommands.smx] "Console<0><Console><Console>" changed cvar (cvar "mapcyclefile") (value "map_custom.txt")
L 09/21/2022 - 06:36:49: [warmod.smx] Current Map: de_overpass, Warmod Version: 19.11.21.2253
L 09/21/2022 - 06:36:50: [chat-processor.smx] Message formats generated for game 'csgo'.
L 09/21/2022 - 06:36:50: [chat-processor.smx] Successfully hooked a SayText2 chat hook.
L 09/21/2022 - 08:31:53: -------- Mapchange to de_overpass --------
L 09/21/2022 - 08:31:54: [basecommands.smx] "Console<0><Console><Console>" changed cvar (cvar "mapcyclefile") (value "map_custom.txt")
L 09/21/2022 - 08:31:57: [warmod.smx] Current Map: de_overpass, Warmod Version: 19.11.21.2253
L 09/21/2022 - 08:31:58: [chat-processor.smx] Message formats generated for game 'csgo'.
L 09/21/2022 - 08:31:58: [chat-processor.smx] Successfully hooked a SayText2 chat hook.
L 09/21/2022 - 09:37:35: -------- Mapchange to de_overpass --------
L 09/21/2022 - 09:37:35: [basecommands.smx] "Console<0><Console><Console>" changed cvar (cvar "mapcyclefile") (value "map_custom.txt")
L 09/21/2022 - 09:37:39: [warmod.smx] Current Map: de_overpass, Warmod Version: 19.11.21.2253
L 09/21/2022 - 09:37:40: [chat-processor.smx] Message formats generated for game 'csgo'.
L 09/21/2022 - 09:37:40: [chat-processor.smx] Successfully hooked a SayText2 chat hook.
L 09/21/2022 - 10:16:09: -------- Mapchange to de_overpass --------
L 09/21/2022 - 10:16:09: [basecommands.smx] "Console<0><Console><Console>" changed cvar (cvar "mapcyclefile") (value "map_custom.txt")
L 09/21/2022 - 10:16:13: [warmod.smx] Current Map: de_overpass, Warmod Version: 19.11.21.2253
L 09/21/2022 - 10:16:13: [chat-processor.smx] Message formats generated for game 'csgo'.
L 09/21/2022 - 10:16:13: [chat-processor.smx] Successfully hooked a SayText2 chat hook.
L 09/21/2022 - 10:55:29: -------- Mapchange to de_overpass --------
L 09/21/2022 - 10:55:30: [basecommands.smx] "Console<0><Console><Console>" changed cvar (cvar "mapcyclefile") (value "map_custom.txt")
L 09/21/2022 - 10:55:33: [warmod.smx] Current Map: de_overpass, Warmod Version: 19.11.21.2253
L 09/21/2022 - 10:55:34: [chat-processor.smx] Message formats generated for game 'csgo'.
L 09/21/2022 - 10:55:34: [chat-processor.smx] Successfully hooked a SayText2 chat hook.
L 09/21/2022 - 11:14:34: -------- Mapchange to de_overpass --------
L 09/21/2022 - 11:14:35: [basecommands.smx] "Console<0><Console><Console>" changed cvar (cvar "mapcyclefile") (value "map_custom.txt")
L 09/21/2022 - 11:14:38: [warmod.smx] Current Map: de_overpass, Warmod Version: 19.11.21.2253
L 09/21/2022 - 11:14:39: [chat-processor.smx] Message formats generated for game 'csgo'.
L 09/21/2022 - 11:14:39: [chat-processor.smx] Successfully hooked a SayText2 chat hook.
L 09/21/2022 - 12:34:41: -------- Mapchange to de_overpass --------
L 09/21/2022 - 12:34:41: [basecommands.smx] "Console<0><Console><Console>" changed cvar (cvar "mapcyclefile") (value "map_custom.txt")
L 09/21/2022 - 12:34:45: [warmod.smx] Current Map: de_overpass, Warmod Version: 19.11.21.2253
L 09/21/2022 - 12:34:46: [chat-processor.smx] Message formats generated for game 'csgo'.
L 09/21/2022 - 12:34:46: [chat-processor.smx] Successfully hooked a SayText2 chat hook.
L 09/21/2022 - 13:00:21: -------- Mapchange to de_overpass --------
L 09/21/2022 - 13:00:22: [basecommands.smx] "Console<0><Console><Console>" changed cvar (cvar "mapcyclefile") (value "map_custom.txt")
L 09/21/2022 - 13:00:25: [warmod.smx] Current Map: de_overpass, Warmod Version: 19.11.21.2253
L 09/21/2022 - 13:00:26: [chat-processor.smx] Message formats generated for game 'csgo'.
L 09/21/2022 - 13:00:26: [chat-processor.smx] Successfully hooked a SayText2 chat hook.
L 09/21/2022 - 13:29:44: -------- Mapchange to de_overpass --------
L 09/21/2022 - 13:29:45: [basecommands.smx] "Console<0><Console><Console>" changed cvar (cvar "mapcyclefile") (value "map_custom.txt")
L 09/21/2022 - 13:29:48: [warmod.smx] Current Map: de_overpass, Warmod Version: 19.11.21.2253
L 09/21/2022 - 13:29:49: [chat-processor.smx] Message formats generated for game 'csgo'.
L 09/21/2022 - 13:29:49: [chat-processor.smx] Successfully hooked a SayText2 chat hook.
L 09/21/2022 - 14:10:46: -------- Mapchange to de_overpass --------
L 09/21/2022 - 14:10:46: [basecommands.smx] "Console<0><Console><Console>" changed cvar (cvar "mapcyclefile") (value "map_custom.txt")
L 09/21/2022 - 14:10:50: [warmod.smx] Current Map: de_overpass, Warmod Version: 19.11.21.2253
L 09/21/2022 - 14:10:50: [chat-processor.smx] Message formats generated for game 'csgo'.
L 09/21/2022 - 14:10:50: [chat-processor.smx] Successfully hooked a SayText2 chat hook.
L 09/21/2022 - 14:26:47: -------- Mapchange to de_overpass --------
L 09/21/2022 - 14:26:48: [basecommands.smx] "Console<0><Console><Console>" changed cvar (cvar "mapcyclefile") (value "map_custom.txt")
L 09/21/2022 - 14:26:51: [warmod.smx] Current Map: de_overpass, Warmod Version: 19.11.21.2253
L 09/21/2022 - 14:26:52: [chat-processor.smx] Message formats generated for game 'csgo'.
L 09/21/2022 - 14:26:52: [chat-processor.smx] Successfully hooked a SayText2 chat hook.
L 09/21/2022 - 15:41:39: -------- Mapchange to de_overpass --------
L 09/21/2022 - 15:41:39: [basecommands.smx] "Console<0><Console><Console>" changed cvar (cvar "mapcyclefile") (value "map_custom.txt")
L 09/21/2022 - 15:41:43: [warmod.smx] Current Map: de_overpass, Warmod Version: 19.11.21.2253
L 09/21/2022 - 15:41:44: [chat-processor.smx] Message formats generated for game 'csgo'.
L 09/21/2022 - 15:41:44: [chat-processor.smx] Successfully hooked a SayText2 chat hook.
L 09/21/2022 - 15:58:23: -------- Mapchange to de_overpass --------
L 09/21/2022 - 15:58:24: [basecommands.smx] "Console<0><Console><Console>" changed cvar (cvar "mapcyclefile") (value "map_custom.txt")
L 09/21/2022 - 15:58:27: [warmod.smx] Current Map: de_overpass, Warmod Version: 19.11.21.2253
L 09/21/2022 - 15:58:28: [chat-processor.smx] Message formats generated for game 'csgo'.
L 09/21/2022 - 15:58:28: [chat-processor.smx] Successfully hooked a SayText2 chat hook.
L 09/21/2022 - 19:06:23: -------- Mapchange to de_overpass --------
L 09/21/2022 - 19:06:24: [basecommands.smx] "Console<0><Console><Console>" changed cvar (cvar "mapcyclefile") (value "map_custom.txt")
L 09/21/2022 - 19:06:27: [warmod.smx] Current Map: de_overpass, Warmod Version: 19.11.21.2253
L 09/21/2022 - 19:06:28: [chat-processor.smx] Message formats generated for game 'csgo'.
L 09/21/2022 - 19:06:28: [chat-processor.smx] Successfully hooked a SayText2 chat hook.
L 09/21/2022 - 19:08:45: -------- Mapchange to de_overpass --------
L 09/21/2022 - 19:08:46: [basecommands.smx] "Console<0><Console><Console>" changed cvar (cvar "mapcyclefile") (value "map_custom.txt")
L 09/21/2022 - 19:08:49: [warmod.smx] Current Map: de_overpass, Warmod Version: 19.11.21.2253
L 09/21/2022 - 19:08:50: [chat-processor.smx] Message formats generated for game 'csgo'.
L 09/21/2022 - 19:08:50: [chat-processor.smx] Successfully hooked a SayText2 chat hook.
L 09/21/2022 - 20:19:05: -------- Mapchange to de_overpass --------
L 09/21/2022 - 20:19:06: [basecommands.smx] "Console<0><Console><Console>" changed cvar (cvar "mapcyclefile") (value "map_custom.txt")
L 09/21/2022 - 20:19:09: [warmod.smx] Current Map: de_overpass, Warmod Version: 19.11.21.2253
L 09/21/2022 - 20:19:10: [chat-processor.smx] Message formats generated for game 'csgo'.
L 09/21/2022 - 20:19:10: [chat-processor.smx] Successfully hooked a SayText2 chat hook.
L 09/21/2022 - 20:34:25: -------- Mapchange to de_mirage --------
L 09/21/2022 - 20:34:26: [basecommands.smx] "Console<0><Console><Console>" changed cvar (cvar "mapcyclefile") (value "map_custom.txt")
L 09/21/2022 - 20:34:29: [warmod.smx] Current Map: de_mirage, Warmod Version: 19.11.21.2253
L 09/21/2022 - 20:34:30: [chat-processor.smx] Message formats generated for game 'csgo'.
L 09/21/2022 - 20:34:30: [chat-processor.smx] Successfully hooked a SayText2 chat hook.
L 09/21/2022 - 20:44:11: -------- Mapchange to de_inferno --------
L 09/21/2022 - 20:44:12: [basecommands.smx] "Console<0><Console><Console>" changed cvar (cvar "mapcyclefile") (value "map_custom.txt")
L 09/21/2022 - 20:44:15: [warmod.smx] Current Map: de_inferno, Warmod Version: 19.11.21.2253
L 09/21/2022 - 20:44:16: [chat-processor.smx] Message formats generated for game 'csgo'.
L 09/21/2022 - 20:44:16: [chat-processor.smx] Successfully hooked a SayText2 chat hook.
L 09/21/2022 - 20:53:15: -------- Mapchange to de_dust2 --------
L 09/21/2022 - 20:53:15: [basecommands.smx] "Console<0><Console><Console>" changed cvar (cvar "mapcyclefile") (value "map_custom.txt")
L 09/21/2022 - 20:53:18: [warmod.smx] Current Map: de_dust2, Warmod Version: 19.11.21.2253
L 09/21/2022 - 20:53:19: [chat-processor.smx] Message formats generated for game 'csgo'.
L 09/21/2022 - 20:53:19: [chat-processor.smx] Successfully hooked a SayText2 chat hook.
L 09/21/2022 - 21:06:26: -------- Mapchange to de_mirage --------
L 09/21/2022 - 21:06:27: [basecommands.smx] "Console<0><Console><Console>" changed cvar (cvar "mapcyclefile") (value "map_custom.txt")
L 09/21/2022 - 21:06:30: [warmod.smx] Current Map: de_mirage, Warmod Version: 19.11.21.2253
L 09/21/2022 - 21:06:31: [chat-processor.smx] Message formats generated for game 'csgo'.
L 09/21/2022 - 21:06:31: [chat-processor.smx] Successfully hooked a SayText2 chat hook.
L 09/21/2022 - 21:30:10: -------- Mapchange to de_mirage --------
L 09/21/2022 - 21:30:11: [basecommands.smx] "Console<0><Console><Console>" changed cvar (cvar "mapcyclefile") (value "map_custom.txt")
L 09/21/2022 - 21:30:14: [warmod.smx] Current Map: de_mirage, Warmod Version: 19.11.21.2253
L 09/21/2022 - 21:30:15: [chat-processor.smx] Message formats generated for game 'csgo'.
L 09/21/2022 - 21:30:15: [chat-processor.smx] Successfully hooked a SayText2 chat hook.
L 09/21/2022 - 22:45:44: -------- Mapchange to de_mirage --------
L 09/21/2022 - 22:45:45: [basecommands.smx] "Console<0><Console><Console>" changed cvar (cvar "mapcyclefile") (value "map_custom.txt")
L 09/21/2022 - 22:45:48: [warmod.smx] Current Map: de_mirage, Warmod Version: 19.11.21.2253
L 09/21/2022 - 22:45:49: [chat-processor.smx] Message formats generated for game 'csgo'.
L 09/21/2022 - 22:45:49: [chat-processor.smx] Successfully hooked a SayText2 chat hook.
L 09/21/2022 - 23:55:41: -------- Mapchange to de_mirage --------
L 09/21/2022 - 23:55:42: [basecommands.smx] "Console<0><Console><Console>" changed cvar (cvar "mapcyclefile") (value "map_custom.txt")
L 09/21/2022 - 23:55:45: [warmod.smx] Current Map: de_mirage, Warmod Version: 19.11.21.2253
L 09/21/2022 - 23:55:46: [chat-processor.smx] Message formats generated for game 'csgo'.
L 09/21/2022 - 23:55:46: [chat-processor.smx] Successfully hooked a SayText2 chat hook.
L 09/22/2022 - 04:05:54: Log file closed.
