L 09/12/2022 - 01:02:50: SourceMod log file session started (file "/badfupo/server1/csgo/addons/sourcemod/logs/L20220912.log") (Version "1.12.0.6912")
L 09/12/2022 - 01:02:50: [basecommands.smx] "Console<0><Console><Console>" changed cvar (cvar "mapcyclefile") (value "map_custom.txt")
L 09/12/2022 - 01:02:53: [warmod.smx] Current Map: de_inferno, Warmod Version: 19.11.21.2253
L 09/12/2022 - 01:02:53: [chat-processor.smx] Message formats generated for game 'csgo'.
L 09/12/2022 - 01:02:53: [chat-processor.smx] Successfully hooked a SayText2 chat hook.
L 09/12/2022 - 01:55:26: -------- Mapchange to de_inferno --------
L 09/12/2022 - 01:55:27: [basecommands.smx] "Console<0><Console><Console>" changed cvar (cvar "mapcyclefile") (value "map_custom.txt")
L 09/12/2022 - 01:55:30: [warmod.smx] Current Map: de_inferno, Warmod Version: 19.11.21.2253
L 09/12/2022 - 01:55:31: [chat-processor.smx] Message formats generated for game 'csgo'.
L 09/12/2022 - 01:55:31: [chat-processor.smx] Successfully hooked a SayText2 chat hook.
L 09/12/2022 - 02:14:24: Log file closed.
L 09/12/2022 - 02:15:57: SourceMod log file session started (file "/badfupo/server1/csgo/addons/sourcemod/logs/L20220912.log") (Version "1.12.0.6912")
L 09/12/2022 - 02:15:57: [GEOIP] GeoIP2 database loaded: GeoLite2-City (2019-12-17 20:01:26 UTC) (/badfupo/server1/csgo/addons/sourcemod/configs/geoip/GeoLite2-City.mmdb)
L 09/12/2022 - 02:15:57: [GEOIP] GeoIP2 supported languages: de en es fr ja pt-BR ru zh-CN
L 09/12/2022 - 02:15:57: [GEOIP] Your database is older than 90 days. You should consider downloading a newer version from e.g. https://dev.maxmind.com/geoip/geolite2-free-geolocation-data
L 09/12/2022 - 02:15:57: [auto_steam_update.smx] HUD text is supported on this mod. The persistant timer will display.
L 09/12/2022 - 02:16:01: [warmod.smx] Current Map: de_mirage, Warmod Version: 19.11.21.2253
L 09/12/2022 - 02:27:27: -------- Mapchange to de_mirage --------
L 09/12/2022 - 02:27:27: [basecommands.smx] "Console<0><Console><Console>" changed cvar (cvar "mapcyclefile") (value "map_custom.txt")
L 09/12/2022 - 02:27:30: [warmod.smx] Current Map: de_mirage, Warmod Version: 19.11.21.2253
L 09/12/2022 - 02:27:31: [chat-processor.smx] Message formats generated for game 'csgo'.
L 09/12/2022 - 02:27:31: [chat-processor.smx] Successfully hooked a SayText2 chat hook.
L 09/12/2022 - 02:51:36: -------- Mapchange to de_mirage --------
L 09/12/2022 - 02:51:36: [basecommands.smx] "Console<0><Console><Console>" changed cvar (cvar "mapcyclefile") (value "map_custom.txt")
L 09/12/2022 - 02:51:40: [warmod.smx] Current Map: de_mirage, Warmod Version: 19.11.21.2253
L 09/12/2022 - 02:51:40: [chat-processor.smx] Message formats generated for game 'csgo'.
L 09/12/2022 - 02:51:40: [chat-processor.smx] Successfully hooked a SayText2 chat hook.
L 09/12/2022 - 03:18:05: -------- Mapchange to de_mirage --------
L 09/12/2022 - 03:18:05: [basecommands.smx] "Console<0><Console><Console>" changed cvar (cvar "mapcyclefile") (value "map_custom.txt")
L 09/12/2022 - 03:18:08: [warmod.smx] Current Map: de_mirage, Warmod Version: 19.11.21.2253
L 09/12/2022 - 03:18:09: [chat-processor.smx] Message formats generated for game 'csgo'.
L 09/12/2022 - 03:18:09: [chat-processor.smx] Successfully hooked a SayText2 chat hook.
L 09/12/2022 - 04:49:07: Log file closed.
L 09/12/2022 - 04:50:50: SourceMod log file session started (file "/badfupo/server1/csgo/addons/sourcemod/logs/L20220912.log") (Version "1.12.0.6912")
L 09/12/2022 - 04:50:50: [GEOIP] GeoIP2 database loaded: GeoLite2-City (2019-12-17 20:01:26 UTC) (/badfupo/server1/csgo/addons/sourcemod/configs/geoip/GeoLite2-City.mmdb)
L 09/12/2022 - 04:50:50: [GEOIP] GeoIP2 supported languages: de en es fr ja pt-BR ru zh-CN
L 09/12/2022 - 04:50:50: [GEOIP] Your database is older than 90 days. You should consider downloading a newer version from e.g. https://dev.maxmind.com/geoip/geolite2-free-geolocation-data
L 09/12/2022 - 04:50:50: [auto_steam_update.smx] HUD text is supported on this mod. The persistant timer will display.
L 09/12/2022 - 04:50:54: [warmod.smx] Current Map: de_mirage, Warmod Version: 19.11.21.2253
L 09/12/2022 - 05:39:05: Log file closed.
L 09/12/2022 - 05:40:18: SourceMod log file session started (file "/badfupo/server1/csgo/addons/sourcemod/logs/L20220912.log") (Version "1.12.0.6912")
L 09/12/2022 - 05:40:18: [GEOIP] GeoIP2 database loaded: GeoLite2-City (2019-12-17 20:01:26 UTC) (/badfupo/server1/csgo/addons/sourcemod/configs/geoip/GeoLite2-City.mmdb)
L 09/12/2022 - 05:40:18: [GEOIP] GeoIP2 supported languages: de en es fr ja pt-BR ru zh-CN
L 09/12/2022 - 05:40:18: [GEOIP] Your database is older than 90 days. You should consider downloading a newer version from e.g. https://dev.maxmind.com/geoip/geolite2-free-geolocation-data
L 09/12/2022 - 05:40:18: [auto_steam_update.smx] HUD text is supported on this mod. The persistant timer will display.
L 09/12/2022 - 05:40:21: [warmod.smx] Current Map: de_mirage, Warmod Version: 19.11.21.2253
L 09/12/2022 - 05:52:48: -------- Mapchange to de_mirage --------
L 09/12/2022 - 05:52:48: [basecommands.smx] "Console<0><Console><Console>" changed cvar (cvar "mapcyclefile") (value "map_custom.txt")
L 09/12/2022 - 05:52:51: [warmod.smx] Current Map: de_mirage, Warmod Version: 19.11.21.2253
L 09/12/2022 - 05:52:51: [chat-processor.smx] Message formats generated for game 'csgo'.
L 09/12/2022 - 05:52:51: [chat-processor.smx] Successfully hooked a SayText2 chat hook.
L 09/12/2022 - 06:47:58: -------- Mapchange to de_mirage --------
L 09/12/2022 - 06:47:58: [basecommands.smx] "Console<0><Console><Console>" changed cvar (cvar "mapcyclefile") (value "map_custom.txt")
L 09/12/2022 - 06:48:01: [warmod.smx] Current Map: de_mirage, Warmod Version: 19.11.21.2253
L 09/12/2022 - 06:48:01: [chat-processor.smx] Message formats generated for game 'csgo'.
L 09/12/2022 - 06:48:01: [chat-processor.smx] Successfully hooked a SayText2 chat hook.
L 09/12/2022 - 07:20:42: -------- Mapchange to de_mirage --------
L 09/12/2022 - 07:20:42: [basecommands.smx] "Console<0><Console><Console>" changed cvar (cvar "mapcyclefile") (value "map_custom.txt")
L 09/12/2022 - 07:20:46: [warmod.smx] Current Map: de_mirage, Warmod Version: 19.11.21.2253
L 09/12/2022 - 07:20:46: [chat-processor.smx] Message formats generated for game 'csgo'.
L 09/12/2022 - 07:20:46: [chat-processor.smx] Successfully hooked a SayText2 chat hook.
L 09/12/2022 - 07:47:17: -------- Mapchange to de_mirage --------
L 09/12/2022 - 07:47:17: [basecommands.smx] "Console<0><Console><Console>" changed cvar (cvar "mapcyclefile") (value "map_custom.txt")
L 09/12/2022 - 07:47:21: [warmod.smx] Current Map: de_mirage, Warmod Version: 19.11.21.2253
L 09/12/2022 - 07:47:21: [chat-processor.smx] Message formats generated for game 'csgo'.
L 09/12/2022 - 07:47:21: [chat-processor.smx] Successfully hooked a SayText2 chat hook.
L 09/12/2022 - 08:25:58: -------- Mapchange to de_mirage --------
L 09/12/2022 - 08:25:58: [basecommands.smx] "Console<0><Console><Console>" changed cvar (cvar "mapcyclefile") (value "map_custom.txt")
L 09/12/2022 - 08:26:02: [warmod.smx] Current Map: de_mirage, Warmod Version: 19.11.21.2253
L 09/12/2022 - 08:26:02: [chat-processor.smx] Message formats generated for game 'csgo'.
L 09/12/2022 - 08:26:02: [chat-processor.smx] Successfully hooked a SayText2 chat hook.
L 09/12/2022 - 08:30:43: -------- Mapchange to de_mirage --------
L 09/12/2022 - 08:30:44: [basecommands.smx] "Console<0><Console><Console>" changed cvar (cvar "mapcyclefile") (value "map_custom.txt")
L 09/12/2022 - 08:30:47: [warmod.smx] Current Map: de_mirage, Warmod Version: 19.11.21.2253
L 09/12/2022 - 08:30:47: [chat-processor.smx] Message formats generated for game 'csgo'.
L 09/12/2022 - 08:30:47: [chat-processor.smx] Successfully hooked a SayText2 chat hook.
L 09/12/2022 - 08:43:50: -------- Mapchange to de_mirage --------
L 09/12/2022 - 08:43:50: [basecommands.smx] "Console<0><Console><Console>" changed cvar (cvar "mapcyclefile") (value "map_custom.txt")
L 09/12/2022 - 08:43:54: [warmod.smx] Current Map: de_mirage, Warmod Version: 19.11.21.2253
L 09/12/2022 - 08:43:54: [chat-processor.smx] Message formats generated for game 'csgo'.
L 09/12/2022 - 08:43:54: [chat-processor.smx] Successfully hooked a SayText2 chat hook.
L 09/12/2022 - 08:49:53: -------- Mapchange to de_mirage --------
L 09/12/2022 - 08:49:54: [basecommands.smx] "Console<0><Console><Console>" changed cvar (cvar "mapcyclefile") (value "map_custom.txt")
L 09/12/2022 - 08:49:57: [warmod.smx] Current Map: de_mirage, Warmod Version: 19.11.21.2253
L 09/12/2022 - 08:49:57: [chat-processor.smx] Message formats generated for game 'csgo'.
L 09/12/2022 - 08:49:57: [chat-processor.smx] Successfully hooked a SayText2 chat hook.
L 09/12/2022 - 08:53:35: -------- Mapchange to de_mirage --------
L 09/12/2022 - 08:53:35: [basecommands.smx] "Console<0><Console><Console>" changed cvar (cvar "mapcyclefile") (value "map_custom.txt")
L 09/12/2022 - 08:53:39: [warmod.smx] Current Map: de_mirage, Warmod Version: 19.11.21.2253
L 09/12/2022 - 08:53:39: [chat-processor.smx] Message formats generated for game 'csgo'.
L 09/12/2022 - 08:53:39: [chat-processor.smx] Successfully hooked a SayText2 chat hook.
L 09/12/2022 - 08:56:36: -------- Mapchange to de_mirage --------
L 09/12/2022 - 08:56:36: [basecommands.smx] "Console<0><Console><Console>" changed cvar (cvar "mapcyclefile") (value "map_custom.txt")
L 09/12/2022 - 08:56:40: [warmod.smx] Current Map: de_mirage, Warmod Version: 19.11.21.2253
L 09/12/2022 - 08:56:40: [chat-processor.smx] Message formats generated for game 'csgo'.
L 09/12/2022 - 08:56:40: [chat-processor.smx] Successfully hooked a SayText2 chat hook.
L 09/12/2022 - 09:10:36: -------- Mapchange to de_mirage --------
L 09/12/2022 - 09:10:36: [basecommands.smx] "Console<0><Console><Console>" changed cvar (cvar "mapcyclefile") (value "map_custom.txt")
L 09/12/2022 - 09:10:40: [warmod.smx] Current Map: de_mirage, Warmod Version: 19.11.21.2253
L 09/12/2022 - 09:10:40: [chat-processor.smx] Message formats generated for game 'csgo'.
L 09/12/2022 - 09:10:40: [chat-processor.smx] Successfully hooked a SayText2 chat hook.
L 09/12/2022 - 09:12:34: -------- Mapchange to de_mirage --------
L 09/12/2022 - 09:12:34: [basecommands.smx] "Console<0><Console><Console>" changed cvar (cvar "mapcyclefile") (value "map_custom.txt")
L 09/12/2022 - 09:12:38: [warmod.smx] Current Map: de_mirage, Warmod Version: 19.11.21.2253
L 09/12/2022 - 09:12:38: [chat-processor.smx] Message formats generated for game 'csgo'.
L 09/12/2022 - 09:12:38: [chat-processor.smx] Successfully hooked a SayText2 chat hook.
L 09/12/2022 - 09:16:28: -------- Mapchange to de_mirage --------
L 09/12/2022 - 09:16:28: [basecommands.smx] "Console<0><Console><Console>" changed cvar (cvar "mapcyclefile") (value "map_custom.txt")
L 09/12/2022 - 09:16:32: [warmod.smx] Current Map: de_mirage, Warmod Version: 19.11.21.2253
L 09/12/2022 - 09:16:32: [chat-processor.smx] Message formats generated for game 'csgo'.
L 09/12/2022 - 09:16:32: [chat-processor.smx] Successfully hooked a SayText2 chat hook.
L 09/12/2022 - 09:18:18: -------- Mapchange to de_mirage --------
L 09/12/2022 - 09:18:19: [basecommands.smx] "Console<0><Console><Console>" changed cvar (cvar "mapcyclefile") (value "map_custom.txt")
L 09/12/2022 - 09:18:22: [warmod.smx] Current Map: de_mirage, Warmod Version: 19.11.21.2253
L 09/12/2022 - 09:18:22: [chat-processor.smx] Message formats generated for game 'csgo'.
L 09/12/2022 - 09:18:22: [chat-processor.smx] Successfully hooked a SayText2 chat hook.
L 09/12/2022 - 09:21:30: -------- Mapchange to de_mirage --------
L 09/12/2022 - 09:21:31: [basecommands.smx] "Console<0><Console><Console>" changed cvar (cvar "mapcyclefile") (value "map_custom.txt")
L 09/12/2022 - 09:21:34: [warmod.smx] Current Map: de_mirage, Warmod Version: 19.11.21.2253
L 09/12/2022 - 09:21:35: [chat-processor.smx] Message formats generated for game 'csgo'.
L 09/12/2022 - 09:21:35: [chat-processor.smx] Successfully hooked a SayText2 chat hook.
L 09/12/2022 - 09:27:00: -------- Mapchange to de_mirage --------
L 09/12/2022 - 09:27:00: [basecommands.smx] "Console<0><Console><Console>" changed cvar (cvar "mapcyclefile") (value "map_custom.txt")
L 09/12/2022 - 09:27:03: [warmod.smx] Current Map: de_mirage, Warmod Version: 19.11.21.2253
L 09/12/2022 - 09:27:03: [chat-processor.smx] Message formats generated for game 'csgo'.
L 09/12/2022 - 09:27:03: [chat-processor.smx] Successfully hooked a SayText2 chat hook.
L 09/12/2022 - 09:31:40: -------- Mapchange to de_mirage --------
L 09/12/2022 - 09:31:41: [basecommands.smx] "Console<0><Console><Console>" changed cvar (cvar "mapcyclefile") (value "map_custom.txt")
L 09/12/2022 - 09:31:44: [warmod.smx] Current Map: de_mirage, Warmod Version: 19.11.21.2253
L 09/12/2022 - 09:31:44: [chat-processor.smx] Message formats generated for game 'csgo'.
L 09/12/2022 - 09:31:44: [chat-processor.smx] Successfully hooked a SayText2 chat hook.
L 09/12/2022 - 09:38:36: -------- Mapchange to de_mirage --------
L 09/12/2022 - 09:38:36: [basecommands.smx] "Console<0><Console><Console>" changed cvar (cvar "mapcyclefile") (value "map_custom.txt")
L 09/12/2022 - 09:38:39: [warmod.smx] Current Map: de_mirage, Warmod Version: 19.11.21.2253
L 09/12/2022 - 09:38:40: [chat-processor.smx] Message formats generated for game 'csgo'.
L 09/12/2022 - 09:38:40: [chat-processor.smx] Successfully hooked a SayText2 chat hook.
L 09/12/2022 - 09:40:13: -------- Mapchange to de_mirage --------
L 09/12/2022 - 09:40:13: [basecommands.smx] "Console<0><Console><Console>" changed cvar (cvar "mapcyclefile") (value "map_custom.txt")
L 09/12/2022 - 09:40:16: [warmod.smx] Current Map: de_mirage, Warmod Version: 19.11.21.2253
L 09/12/2022 - 09:40:16: [chat-processor.smx] Message formats generated for game 'csgo'.
L 09/12/2022 - 09:40:16: [chat-processor.smx] Successfully hooked a SayText2 chat hook.
L 09/12/2022 - 10:28:33: -------- Mapchange to de_mirage --------
L 09/12/2022 - 10:28:33: [basecommands.smx] "Console<0><Console><Console>" changed cvar (cvar "mapcyclefile") (value "map_custom.txt")
L 09/12/2022 - 10:28:37: [warmod.smx] Current Map: de_mirage, Warmod Version: 19.11.21.2253
L 09/12/2022 - 10:28:37: [chat-processor.smx] Message formats generated for game 'csgo'.
L 09/12/2022 - 10:28:37: [chat-processor.smx] Successfully hooked a SayText2 chat hook.
L 09/12/2022 - 10:30:06: -------- Mapchange to de_mirage --------
L 09/12/2022 - 10:30:07: [basecommands.smx] "Console<0><Console><Console>" changed cvar (cvar "mapcyclefile") (value "map_custom.txt")
L 09/12/2022 - 10:30:10: [warmod.smx] Current Map: de_mirage, Warmod Version: 19.11.21.2253
L 09/12/2022 - 10:30:10: [chat-processor.smx] Message formats generated for game 'csgo'.
L 09/12/2022 - 10:30:10: [chat-processor.smx] Successfully hooked a SayText2 chat hook.
L 09/12/2022 - 10:34:32: -------- Mapchange to de_mirage --------
L 09/12/2022 - 10:34:32: [basecommands.smx] "Console<0><Console><Console>" changed cvar (cvar "mapcyclefile") (value "map_custom.txt")
L 09/12/2022 - 10:34:36: [warmod.smx] Current Map: de_mirage, Warmod Version: 19.11.21.2253
L 09/12/2022 - 10:34:36: [chat-processor.smx] Message formats generated for game 'csgo'.
L 09/12/2022 - 10:34:36: [chat-processor.smx] Successfully hooked a SayText2 chat hook.
L 09/12/2022 - 10:36:49: -------- Mapchange to de_mirage --------
L 09/12/2022 - 10:36:50: [basecommands.smx] "Console<0><Console><Console>" changed cvar (cvar "mapcyclefile") (value "map_custom.txt")
L 09/12/2022 - 10:36:53: [warmod.smx] Current Map: de_mirage, Warmod Version: 19.11.21.2253
L 09/12/2022 - 10:36:53: [chat-processor.smx] Message formats generated for game 'csgo'.
L 09/12/2022 - 10:36:53: [chat-processor.smx] Successfully hooked a SayText2 chat hook.
L 09/12/2022 - 10:50:49: -------- Mapchange to de_mirage --------
L 09/12/2022 - 10:50:49: [basecommands.smx] "Console<0><Console><Console>" changed cvar (cvar "mapcyclefile") (value "map_custom.txt")
L 09/12/2022 - 10:50:53: [warmod.smx] Current Map: de_mirage, Warmod Version: 19.11.21.2253
L 09/12/2022 - 10:50:53: [chat-processor.smx] Message formats generated for game 'csgo'.
L 09/12/2022 - 10:50:53: [chat-processor.smx] Successfully hooked a SayText2 chat hook.
L 09/12/2022 - 10:55:46: -------- Mapchange to de_mirage --------
L 09/12/2022 - 10:55:47: [basecommands.smx] "Console<0><Console><Console>" changed cvar (cvar "mapcyclefile") (value "map_custom.txt")
L 09/12/2022 - 10:55:50: [warmod.smx] Current Map: de_mirage, Warmod Version: 19.11.21.2253
L 09/12/2022 - 10:55:50: [chat-processor.smx] Message formats generated for game 'csgo'.
L 09/12/2022 - 10:55:50: [chat-processor.smx] Successfully hooked a SayText2 chat hook.
L 09/12/2022 - 11:06:35: -------- Mapchange to de_mirage --------
L 09/12/2022 - 11:06:35: [basecommands.smx] "Console<0><Console><Console>" changed cvar (cvar "mapcyclefile") (value "map_custom.txt")
L 09/12/2022 - 11:06:39: [warmod.smx] Current Map: de_mirage, Warmod Version: 19.11.21.2253
L 09/12/2022 - 11:06:39: [chat-processor.smx] Message formats generated for game 'csgo'.
L 09/12/2022 - 11:06:39: [chat-processor.smx] Successfully hooked a SayText2 chat hook.
L 09/12/2022 - 13:16:27: -------- Mapchange to de_mirage --------
L 09/12/2022 - 13:16:28: [basecommands.smx] "Console<0><Console><Console>" changed cvar (cvar "mapcyclefile") (value "map_custom.txt")
L 09/12/2022 - 13:16:31: [warmod.smx] Current Map: de_mirage, Warmod Version: 19.11.21.2253
L 09/12/2022 - 13:16:31: [chat-processor.smx] Message formats generated for game 'csgo'.
L 09/12/2022 - 13:16:31: [chat-processor.smx] Successfully hooked a SayText2 chat hook.
L 09/12/2022 - 13:54:29: -------- Mapchange to de_dust2 --------
L 09/12/2022 - 13:54:29: [basecommands.smx] "Console<0><Console><Console>" changed cvar (cvar "mapcyclefile") (value "map_custom.txt")
L 09/12/2022 - 13:54:33: [warmod.smx] Current Map: de_dust2, Warmod Version: 19.11.21.2253
L 09/12/2022 - 13:54:33: [chat-processor.smx] Message formats generated for game 'csgo'.
L 09/12/2022 - 13:54:33: [chat-processor.smx] Successfully hooked a SayText2 chat hook.
L 09/12/2022 - 14:20:16: -------- Mapchange to de_dust2 --------
L 09/12/2022 - 14:20:17: [basecommands.smx] "Console<0><Console><Console>" changed cvar (cvar "mapcyclefile") (value "map_custom.txt")
L 09/12/2022 - 14:20:20: [warmod.smx] Current Map: de_dust2, Warmod Version: 19.11.21.2253
L 09/12/2022 - 14:20:20: [chat-processor.smx] Message formats generated for game 'csgo'.
L 09/12/2022 - 14:20:20: [chat-processor.smx] Successfully hooked a SayText2 chat hook.
L 09/12/2022 - 15:09:21: -------- Mapchange to de_dust2 --------
L 09/12/2022 - 15:09:21: [basecommands.smx] "Console<0><Console><Console>" changed cvar (cvar "mapcyclefile") (value "map_custom.txt")
L 09/12/2022 - 15:09:25: [warmod.smx] Current Map: de_dust2, Warmod Version: 19.11.21.2253
L 09/12/2022 - 15:09:25: [chat-processor.smx] Message formats generated for game 'csgo'.
L 09/12/2022 - 15:09:25: [chat-processor.smx] Successfully hooked a SayText2 chat hook.
L 09/12/2022 - 16:16:05: -------- Mapchange to de_dust2 --------
L 09/12/2022 - 16:16:05: [basecommands.smx] "Console<0><Console><Console>" changed cvar (cvar "mapcyclefile") (value "map_custom.txt")
L 09/12/2022 - 16:16:09: [warmod.smx] Current Map: de_dust2, Warmod Version: 19.11.21.2253
L 09/12/2022 - 16:16:09: [chat-processor.smx] Message formats generated for game 'csgo'.
L 09/12/2022 - 16:16:09: [chat-processor.smx] Successfully hooked a SayText2 chat hook.
L 09/12/2022 - 17:31:19: -------- Mapchange to de_dust2 --------
L 09/12/2022 - 17:31:20: [basecommands.smx] "Console<0><Console><Console>" changed cvar (cvar "mapcyclefile") (value "map_custom.txt")
L 09/12/2022 - 17:31:24: [warmod.smx] Current Map: de_dust2, Warmod Version: 19.11.21.2253
L 09/12/2022 - 17:31:24: [chat-processor.smx] Message formats generated for game 'csgo'.
L 09/12/2022 - 17:31:24: [chat-processor.smx] Successfully hooked a SayText2 chat hook.
L 09/12/2022 - 18:21:43: -------- Mapchange to de_dust2 --------
L 09/12/2022 - 18:21:44: [basecommands.smx] "Console<0><Console><Console>" changed cvar (cvar "mapcyclefile") (value "map_custom.txt")
L 09/12/2022 - 18:21:48: [warmod.smx] Current Map: de_dust2, Warmod Version: 19.11.21.2253
L 09/12/2022 - 18:21:48: [chat-processor.smx] Message formats generated for game 'csgo'.
L 09/12/2022 - 18:21:48: [chat-processor.smx] Successfully hooked a SayText2 chat hook.
L 09/12/2022 - 18:34:11: -------- Mapchange to de_dust2 --------
L 09/12/2022 - 18:34:11: [basecommands.smx] "Console<0><Console><Console>" changed cvar (cvar "mapcyclefile") (value "map_custom.txt")
L 09/12/2022 - 18:34:14: [warmod.smx] Current Map: de_dust2, Warmod Version: 19.11.21.2253
L 09/12/2022 - 18:34:15: [chat-processor.smx] Message formats generated for game 'csgo'.
L 09/12/2022 - 18:34:15: [chat-processor.smx] Successfully hooked a SayText2 chat hook.
L 09/12/2022 - 18:46:27: -------- Mapchange to de_dust2 --------
L 09/12/2022 - 18:46:28: [basecommands.smx] "Console<0><Console><Console>" changed cvar (cvar "mapcyclefile") (value "map_custom.txt")
L 09/12/2022 - 18:46:31: [warmod.smx] Current Map: de_dust2, Warmod Version: 19.11.21.2253
L 09/12/2022 - 18:46:31: [chat-processor.smx] Message formats generated for game 'csgo'.
L 09/12/2022 - 18:46:31: [chat-processor.smx] Successfully hooked a SayText2 chat hook.
L 09/12/2022 - 19:53:37: -------- Mapchange to de_dust2 --------
L 09/12/2022 - 19:53:37: [basecommands.smx] "Console<0><Console><Console>" changed cvar (cvar "mapcyclefile") (value "map_custom.txt")
L 09/12/2022 - 19:53:41: [warmod.smx] Current Map: de_dust2, Warmod Version: 19.11.21.2253
L 09/12/2022 - 19:53:41: [chat-processor.smx] Message formats generated for game 'csgo'.
L 09/12/2022 - 19:53:41: [chat-processor.smx] Successfully hooked a SayText2 chat hook.
L 09/12/2022 - 20:04:33: -------- Mapchange to de_dust2 --------
L 09/12/2022 - 20:04:34: [basecommands.smx] "Console<0><Console><Console>" changed cvar (cvar "mapcyclefile") (value "map_custom.txt")
L 09/12/2022 - 20:04:37: [warmod.smx] Current Map: de_dust2, Warmod Version: 19.11.21.2253
L 09/12/2022 - 20:04:37: [chat-processor.smx] Message formats generated for game 'csgo'.
L 09/12/2022 - 20:04:37: [chat-processor.smx] Successfully hooked a SayText2 chat hook.
L 09/12/2022 - 20:06:54: -------- Mapchange to de_dust2 --------
L 09/12/2022 - 20:06:54: [basecommands.smx] "Console<0><Console><Console>" changed cvar (cvar "mapcyclefile") (value "map_custom.txt")
L 09/12/2022 - 20:06:58: [warmod.smx] Current Map: de_dust2, Warmod Version: 19.11.21.2253
L 09/12/2022 - 20:06:58: [chat-processor.smx] Message formats generated for game 'csgo'.
L 09/12/2022 - 20:06:58: [chat-processor.smx] Successfully hooked a SayText2 chat hook.
L 09/13/2022 - 02:17:30: Log file closed.
