L 10/19/2022 - 05:04:04: SourceMod log file session started (file "/badfupo/server1/csgo/addons/sourcemod/logs/L20221019.log") (Version "1.12.0.6912")
L 10/19/2022 - 05:04:04: [basecommands.smx] "Console<0><Console><Console>" changed cvar (cvar "mapcyclefile") (value "map_custom.txt")
L 10/19/2022 - 05:04:09: [warmod.smx] Current Map: de_nuke, Warmod Version: 19.11.21.2253
L 10/19/2022 - 05:04:11: [chat-processor.smx] Message formats generated for game 'csgo'.
L 10/19/2022 - 05:04:11: [chat-processor.smx] Successfully hooked a SayText2 chat hook.
L 10/19/2022 - 10:34:19: -------- Mapchange to de_nuke --------
L 10/19/2022 - 10:34:21: [basecommands.smx] "Console<0><Console><Console>" changed cvar (cvar "mapcyclefile") (value "map_custom.txt")
L 10/19/2022 - 10:34:26: [warmod.smx] Current Map: de_nuke, Warmod Version: 19.11.21.2253
L 10/19/2022 - 10:34:29: [chat-processor.smx] Message formats generated for game 'csgo'.
L 10/19/2022 - 10:34:29: [chat-processor.smx] Successfully hooked a SayText2 chat hook.
L 10/19/2022 - 13:03:06: -------- Mapchange to de_nuke --------
L 10/19/2022 - 13:03:08: [basecommands.smx] "Console<0><Console><Console>" changed cvar (cvar "mapcyclefile") (value "map_custom.txt")
L 10/19/2022 - 13:03:13: [warmod.smx] Current Map: de_nuke, Warmod Version: 19.11.21.2253
L 10/19/2022 - 13:03:15: [chat-processor.smx] Message formats generated for game 'csgo'.
L 10/19/2022 - 13:03:15: [chat-processor.smx] Successfully hooked a SayText2 chat hook.
L 10/19/2022 - 13:42:49: -------- Mapchange to de_nuke --------
L 10/19/2022 - 13:42:50: [basecommands.smx] "Console<0><Console><Console>" changed cvar (cvar "mapcyclefile") (value "map_custom.txt")
L 10/19/2022 - 13:42:55: [warmod.smx] Current Map: de_nuke, Warmod Version: 19.11.21.2253
L 10/19/2022 - 13:42:57: [chat-processor.smx] Message formats generated for game 'csgo'.
L 10/19/2022 - 13:42:57: [chat-processor.smx] Successfully hooked a SayText2 chat hook.
L 10/20/2022 - 05:00:47: Log file closed.
