L 11/28/2022 - 01:44:04: SourceMod log file session started (file "/csgoserver/server1/csgo/addons/sourcemod/logs/L20221128.log") (Version "1.11.0.6913")
L 11/28/2022 - 01:44:04: [basecommands.smx] "Console<0><Console><Console>" changed cvar (cvar "mapcyclefile") (value "map_custom.txt")
L 11/28/2022 - 01:44:07: [chat-processor.smx] Message formats generated for game 'csgo'.
L 11/28/2022 - 01:44:07: [chat-processor.smx] Successfully hooked a SayText2 chat hook.
L 11/28/2022 - 01:45:44: [basecommands.smx] "winterbroken<10><STEAM_1:0:553307426><>" changed map to "mir"
L 11/28/2022 - 01:45:47: [SM] Changed map to "mir"
L 11/28/2022 - 01:45:48: -------- Mapchange to de_mirage --------
L 11/28/2022 - 01:45:48: [basecommands.smx] "Console<0><Console><Console>" changed cvar (cvar "mapcyclefile") (value "map_custom.txt")
L 11/28/2022 - 01:45:50: [chat-processor.smx] Message formats generated for game 'csgo'.
L 11/28/2022 - 01:45:50: [chat-processor.smx] Successfully hooked a SayText2 chat hook.
L 11/28/2022 - 13:22:23: -------- Mapchange to de_mirage --------
L 11/28/2022 - 13:22:23: [basecommands.smx] "Console<0><Console><Console>" changed cvar (cvar "mapcyclefile") (value "map_custom.txt")
L 11/28/2022 - 13:22:25: [chat-processor.smx] Message formats generated for game 'csgo'.
L 11/28/2022 - 13:22:25: [chat-processor.smx] Successfully hooked a SayText2 chat hook.
L 11/28/2022 - 13:35:49: -------- Mapchange to de_mirage --------
L 11/28/2022 - 13:35:50: [basecommands.smx] "Console<0><Console><Console>" changed cvar (cvar "mapcyclefile") (value "map_custom.txt")
L 11/28/2022 - 13:35:52: [chat-processor.smx] Message formats generated for game 'csgo'.
L 11/28/2022 - 13:35:52: [chat-processor.smx] Successfully hooked a SayText2 chat hook.
L 11/28/2022 - 17:52:25: -------- Mapchange to de_mirage --------
L 11/28/2022 - 17:52:25: [basecommands.smx] "Console<0><Console><Console>" changed cvar (cvar "mapcyclefile") (value "map_custom.txt")
L 11/28/2022 - 17:52:27: [chat-processor.smx] Message formats generated for game 'csgo'.
L 11/28/2022 - 17:52:27: [chat-processor.smx] Successfully hooked a SayText2 chat hook.
L 11/28/2022 - 19:18:05: -------- Mapchange to de_mirage --------
L 11/28/2022 - 19:18:05: [basecommands.smx] "Console<0><Console><Console>" changed cvar (cvar "mapcyclefile") (value "map_custom.txt")
L 11/28/2022 - 19:18:07: [chat-processor.smx] Message formats generated for game 'csgo'.
L 11/28/2022 - 19:18:07: [chat-processor.smx] Successfully hooked a SayText2 chat hook.
L 11/28/2022 - 19:42:09: -------- Mapchange to de_mirage --------
L 11/28/2022 - 19:42:09: [basecommands.smx] "Console<0><Console><Console>" changed cvar (cvar "mapcyclefile") (value "map_custom.txt")
L 11/28/2022 - 19:42:11: [chat-processor.smx] Message formats generated for game 'csgo'.
L 11/28/2022 - 19:42:11: [chat-processor.smx] Successfully hooked a SayText2 chat hook.
L 11/28/2022 - 19:46:01: -------- Mapchange to de_mirage --------
L 11/28/2022 - 19:46:01: [basecommands.smx] "Console<0><Console><Console>" changed cvar (cvar "mapcyclefile") (value "map_custom.txt")
L 11/28/2022 - 19:46:03: [chat-processor.smx] Message formats generated for game 'csgo'.
L 11/28/2022 - 19:46:03: [chat-processor.smx] Successfully hooked a SayText2 chat hook.
L 11/28/2022 - 20:28:44: [basecommands.smx] "UwU<25><STEAM_1:1:123582752><>" refreshed the admin cache.
L 11/28/2022 - 21:34:45: -------- Mapchange to de_mirage --------
L 11/28/2022 - 21:34:45: [basecommands.smx] "Console<0><Console><Console>" changed cvar (cvar "mapcyclefile") (value "map_custom.txt")
L 11/28/2022 - 21:34:47: [chat-processor.smx] Message formats generated for game 'csgo'.
L 11/28/2022 - 21:34:47: [chat-processor.smx] Successfully hooked a SayText2 chat hook.
L 11/29/2022 - 13:12:01: Log file closed.
