L 09/29/2022 - 06:25:25: SourceMod log file session started (file "/badfupo/server1/csgo/addons/sourcemod/logs/L20220929.log") (Version "1.12.0.6912")
L 09/29/2022 - 06:25:25: [basecommands.smx] "Console<0><Console><Console>" changed cvar (cvar "mapcyclefile") (value "map_custom.txt")
L 09/29/2022 - 06:25:29: [warmod.smx] Current Map: de_mirage, Warmod Version: 19.11.21.2253
L 09/29/2022 - 06:25:29: [chat-processor.smx] Message formats generated for game 'csgo'.
L 09/29/2022 - 06:25:29: [chat-processor.smx] Successfully hooked a SayText2 chat hook.
L 09/29/2022 - 07:13:44: -------- Mapchange to de_mirage --------
L 09/29/2022 - 07:13:44: [basecommands.smx] "Console<0><Console><Console>" changed cvar (cvar "mapcyclefile") (value "map_custom.txt")
L 09/29/2022 - 07:13:48: [warmod.smx] Current Map: de_mirage, Warmod Version: 19.11.21.2253
L 09/29/2022 - 07:13:48: [chat-processor.smx] Message formats generated for game 'csgo'.
L 09/29/2022 - 07:13:48: [chat-processor.smx] Successfully hooked a SayText2 chat hook.
L 09/29/2022 - 09:03:08: -------- Mapchange to de_mirage --------
L 09/29/2022 - 09:03:09: [basecommands.smx] "Console<0><Console><Console>" changed cvar (cvar "mapcyclefile") (value "map_custom.txt")
L 09/29/2022 - 09:03:12: [warmod.smx] Current Map: de_mirage, Warmod Version: 19.11.21.2253
L 09/29/2022 - 09:03:13: [chat-processor.smx] Message formats generated for game 'csgo'.
L 09/29/2022 - 09:03:13: [chat-processor.smx] Successfully hooked a SayText2 chat hook.
L 09/29/2022 - 09:51:14: -------- Mapchange to de_mirage --------
L 09/29/2022 - 09:51:15: [basecommands.smx] "Console<0><Console><Console>" changed cvar (cvar "mapcyclefile") (value "map_custom.txt")
L 09/29/2022 - 09:51:18: [warmod.smx] Current Map: de_mirage, Warmod Version: 19.11.21.2253
L 09/29/2022 - 09:51:18: [chat-processor.smx] Message formats generated for game 'csgo'.
L 09/29/2022 - 09:51:18: [chat-processor.smx] Successfully hooked a SayText2 chat hook.
L 09/29/2022 - 10:17:42: -------- Mapchange to de_mirage --------
L 09/29/2022 - 10:17:42: [basecommands.smx] "Console<0><Console><Console>" changed cvar (cvar "mapcyclefile") (value "map_custom.txt")
L 09/29/2022 - 10:17:46: [warmod.smx] Current Map: de_mirage, Warmod Version: 19.11.21.2253
L 09/29/2022 - 10:17:46: [chat-processor.smx] Message formats generated for game 'csgo'.
L 09/29/2022 - 10:17:46: [chat-processor.smx] Successfully hooked a SayText2 chat hook.
L 09/29/2022 - 11:14:47: -------- Mapchange to de_mirage --------
L 09/29/2022 - 11:14:48: [basecommands.smx] "Console<0><Console><Console>" changed cvar (cvar "mapcyclefile") (value "map_custom.txt")
L 09/29/2022 - 11:14:51: [warmod.smx] Current Map: de_mirage, Warmod Version: 19.11.21.2253
L 09/29/2022 - 11:14:51: [chat-processor.smx] Message formats generated for game 'csgo'.
L 09/29/2022 - 11:14:51: [chat-processor.smx] Successfully hooked a SayText2 chat hook.
L 09/29/2022 - 12:13:14: -------- Mapchange to de_mirage --------
L 09/29/2022 - 12:13:15: [basecommands.smx] "Console<0><Console><Console>" changed cvar (cvar "mapcyclefile") (value "map_custom.txt")
L 09/29/2022 - 12:13:19: [warmod.smx] Current Map: de_mirage, Warmod Version: 19.11.21.2253
L 09/29/2022 - 12:13:19: [chat-processor.smx] Message formats generated for game 'csgo'.
L 09/29/2022 - 12:13:19: [chat-processor.smx] Successfully hooked a SayText2 chat hook.
L 09/29/2022 - 13:01:44: -------- Mapchange to de_mirage --------
L 09/29/2022 - 13:01:44: [basecommands.smx] "Console<0><Console><Console>" changed cvar (cvar "mapcyclefile") (value "map_custom.txt")
L 09/29/2022 - 13:01:48: [warmod.smx] Current Map: de_mirage, Warmod Version: 19.11.21.2253
L 09/29/2022 - 13:01:48: [chat-processor.smx] Message formats generated for game 'csgo'.
L 09/29/2022 - 13:01:48: [chat-processor.smx] Successfully hooked a SayText2 chat hook.
L 09/29/2022 - 17:19:04: -------- Mapchange to de_mirage --------
L 09/29/2022 - 17:19:05: [basecommands.smx] "Console<0><Console><Console>" changed cvar (cvar "mapcyclefile") (value "map_custom.txt")
L 09/29/2022 - 17:19:08: [warmod.smx] Current Map: de_mirage, Warmod Version: 19.11.21.2253
L 09/29/2022 - 17:19:09: [chat-processor.smx] Message formats generated for game 'csgo'.
L 09/29/2022 - 17:19:09: [chat-processor.smx] Successfully hooked a SayText2 chat hook.
L 09/30/2022 - 03:34:34: Log file closed.
