L 11/27/2022 - 10:14:10: SourceMod log file session started (file "/csgoserver/server1/csgo/addons/sourcemod/logs/L20221127.log") (Version "1.11.0.6913")
L 11/27/2022 - 10:14:10: [basecommands.smx] "Console<0><Console><Console>" changed cvar (cvar "mapcyclefile") (value "map_custom.txt")
L 11/27/2022 - 10:14:13: [chat-processor.smx] Message formats generated for game 'csgo'.
L 11/27/2022 - 10:14:13: [chat-processor.smx] Successfully hooked a SayText2 chat hook.
L 11/27/2022 - 10:37:40: -------- Mapchange to de_cache --------
L 11/27/2022 - 10:37:40: [basecommands.smx] "Console<0><Console><Console>" changed cvar (cvar "mapcyclefile") (value "map_custom.txt")
L 11/27/2022 - 10:37:42: [chat-processor.smx] Message formats generated for game 'csgo'.
L 11/27/2022 - 10:37:42: [chat-processor.smx] Successfully hooked a SayText2 chat hook.
L 11/27/2022 - 10:40:38: [basecommands.smx] "не оставляй меня<191><STEAM_1:1:115461458><>" changed map to "MIR"
L 11/27/2022 - 10:40:40: [SM] Changed map to "MIR"
L 11/27/2022 - 10:40:41: -------- Mapchange to de_mirage --------
L 11/27/2022 - 10:40:42: [basecommands.smx] "Console<0><Console><Console>" changed cvar (cvar "mapcyclefile") (value "map_custom.txt")
L 11/27/2022 - 10:40:44: [chat-processor.smx] Message formats generated for game 'csgo'.
L 11/27/2022 - 10:40:44: [chat-processor.smx] Successfully hooked a SayText2 chat hook.
L 11/27/2022 - 10:54:35: [basecommands.smx] "не оставляй меня<191><STEAM_1:1:115461458><>" executed config (file "sm_competitive.cfg")
L 11/27/2022 - 10:54:57: [pugsetup.smx] Recording to pug_2022-11-27_1054_de_mirage
L 11/27/2022 - 10:55:09: [ServerChangeER.smx] addadmin --STEAM_1:1:100521373
L 11/27/2022 - 10:55:09: [basecommands.smx] "Console<0><Console><Console>" refreshed the admin cache.
L 11/27/2022 - 10:56:59: [basecommands.smx] "не оставляй меня<191><STEAM_1:1:115461458><>" changed map to "bank"
L 11/27/2022 - 10:57:02: [SM] Changed map to "bank"
L 11/27/2022 - 10:57:03: -------- Mapchange to de_bank --------
L 11/27/2022 - 10:57:04: [basecommands.smx] "Console<0><Console><Console>" changed cvar (cvar "mapcyclefile") (value "map_custom.txt")
L 11/27/2022 - 10:57:06: [chat-processor.smx] Message formats generated for game 'csgo'.
L 11/27/2022 - 10:57:06: [chat-processor.smx] Successfully hooked a SayText2 chat hook.
L 11/27/2022 - 10:57:44: [pugsetup.smx] Recording to pug_2022-11-27_1057_de_bank
L 11/27/2022 - 10:58:26: [basecommands.smx] "не оставляй меня<191><STEAM_1:1:115461458><>" changed cvar (cvar "mp_maxrounds") (value "16")
L 11/27/2022 - 11:12:58: [basecommands.smx] "悲伤流进我的身体<196><STEAM_1:1:100521373><>" changed map to "stm"
L 11/27/2022 - 11:13:01: [SM] Changed map to "stm"
L 11/27/2022 - 11:13:02: -------- Mapchange to de_stmarc --------
L 11/27/2022 - 11:13:02: [basecommands.smx] "Console<0><Console><Console>" changed cvar (cvar "mapcyclefile") (value "map_custom.txt")
L 11/27/2022 - 11:13:04: [chat-processor.smx] Message formats generated for game 'csgo'.
L 11/27/2022 - 11:13:04: [chat-processor.smx] Successfully hooked a SayText2 chat hook.
L 11/27/2022 - 11:14:28: [pugsetup.smx] Recording to pug_2022-11-27_1114_de_stmarc
L 11/27/2022 - 11:14:52: [basecommands.smx] "не оставляй меня<191><STEAM_1:1:115461458><>" changed cvar (cvar "mp_maxrounds") (value "16")
L 11/27/2022 - 11:27:37: [basecommands.smx] "悲伤流进我的身体<196><STEAM_1:1:100521373><>" changed map to "pass"
L 11/27/2022 - 11:27:40: [SM] Changed map to "pass"
L 11/27/2022 - 11:27:41: -------- Mapchange to de_overpass --------
L 11/27/2022 - 11:27:41: [basecommands.smx] "Console<0><Console><Console>" changed cvar (cvar "mapcyclefile") (value "map_custom.txt")
L 11/27/2022 - 11:27:44: [chat-processor.smx] Message formats generated for game 'csgo'.
L 11/27/2022 - 11:27:44: [chat-processor.smx] Successfully hooked a SayText2 chat hook.
L 11/27/2022 - 11:28:02: [basecommands.smx] "悲伤流进我的身体<196><STEAM_1:1:100521373><>" executed config (file "sm_competitive2v2.cfg")
L 11/27/2022 - 11:28:02: [warmod.smx] Current Map: de_overpass, Warmod Version: 22.10.29.1916
L 11/27/2022 - 11:28:04: [basecommands.smx] "悲伤流进我的身体<196><STEAM_1:1:100521373><>" changed map to "pass"
L 11/27/2022 - 11:28:07: [SM] Changed map to "pass"
L 11/27/2022 - 11:28:08: -------- Mapchange to de_overpass --------
L 11/27/2022 - 11:28:08: [basecommands.smx] "Console<0><Console><Console>" changed cvar (cvar "mapcyclefile") (value "map_custom.txt")
L 11/27/2022 - 11:28:10: [warmod.smx] Current Map: de_overpass, Warmod Version: 22.10.29.1916
L 11/27/2022 - 11:28:11: [chat-processor.smx] Message formats generated for game 'csgo'.
L 11/27/2022 - 11:28:11: [chat-processor.smx] Successfully hooked a SayText2 chat hook.
L 11/27/2022 - 11:30:08: [warmod.smx] "force_end" (player "не оставляй меня<191><STEAM_1:1:115461458><>")
L 11/27/2022 - 11:30:10: [warmod.smx] "knife_on_3" (player "悲伤流进我的身体<196><STEAM_1:1:100521373><>")
L 11/27/2022 - 15:20:33: SourceMod log file session started (file "/csgoserver/server1/csgo/addons/sourcemod/logs/L20221127.log") (Version "1.11.0.6913")
L 11/27/2022 - 15:20:33: [GEOIP] GeoIP2 database loaded: GeoLite2-City (2019-12-17 20:01:26 UTC) (/csgoserver/server1/csgo/addons/sourcemod/configs/geoip/GeoLite2-City.mmdb)
L 11/27/2022 - 15:20:33: [GEOIP] GeoIP2 supported languages: de en es fr ja pt-BR ru zh-CN
L 11/27/2022 - 15:20:33: [GEOIP] Your database is older than 90 days. You should consider downloading a newer version from e.g. https://dev.maxmind.com/geoip/geolite2-free-geolocation-data
L 11/27/2022 - 15:20:34: [auto_steam_update.smx] HUD text is supported on this mod. The persistant timer will display.
L 11/27/2022 - 15:20:36: [warmod.smx] Current Map: de_mirage, Warmod Version: 22.10.29.1916
L 11/27/2022 - 15:20:42: Log file closed.
L 11/27/2022 - 15:22:12: SourceMod log file session started (file "/csgoserver/server1/csgo/addons/sourcemod/logs/L20221127.log") (Version "1.11.0.6913")
L 11/27/2022 - 15:22:12: [GEOIP] GeoIP2 database loaded: GeoLite2-City (2019-12-17 20:01:26 UTC) (/csgoserver/server1/csgo/addons/sourcemod/configs/geoip/GeoLite2-City.mmdb)
L 11/27/2022 - 15:22:12: [GEOIP] GeoIP2 supported languages: de en es fr ja pt-BR ru zh-CN
L 11/27/2022 - 15:22:12: [GEOIP] Your database is older than 90 days. You should consider downloading a newer version from e.g. https://dev.maxmind.com/geoip/geolite2-free-geolocation-data
L 11/27/2022 - 15:22:12: [auto_steam_update.smx] HUD text is supported on this mod. The persistant timer will display.
L 11/27/2022 - 15:22:14: [warmod.smx] Current Map: de_mirage, Warmod Version: 22.10.29.1916
L 11/27/2022 - 15:22:38: Log file closed.
L 11/27/2022 - 15:23:09: SourceMod log file session started (file "/csgoserver/server1/csgo/addons/sourcemod/logs/L20221127.log") (Version "1.11.0.6913")
L 11/27/2022 - 15:23:09: [GEOIP] GeoIP2 database loaded: GeoLite2-City (2019-12-17 20:01:26 UTC) (/csgoserver/server1/csgo/addons/sourcemod/configs/geoip/GeoLite2-City.mmdb)
L 11/27/2022 - 15:23:09: [GEOIP] GeoIP2 supported languages: de en es fr ja pt-BR ru zh-CN
L 11/27/2022 - 15:23:09: [GEOIP] Your database is older than 90 days. You should consider downloading a newer version from e.g. https://dev.maxmind.com/geoip/geolite2-free-geolocation-data
L 11/27/2022 - 15:23:09: [auto_steam_update.smx] HUD text is supported on this mod. The persistant timer will display.
L 11/27/2022 - 15:23:11: [warmod.smx] Current Map: de_mirage, Warmod Version: 22.10.29.1916
L 11/27/2022 - 15:41:56: -------- Mapchange to de_mirage --------
L 11/27/2022 - 15:41:57: [chat-processor.smx] Message formats generated for game 'csgo'.
L 11/27/2022 - 15:41:57: [chat-processor.smx] Successfully hooked a SayText2 chat hook.
L 11/27/2022 - 15:41:57: [basecommands.smx] "Console<0><Console><Console>" changed cvar (cvar "mapcyclefile") (value "map_custom.txt")
L 11/27/2022 - 15:41:58: [warmod.smx] Current Map: de_mirage, Warmod Version: 22.10.29.1916
L 11/27/2022 - 15:43:51: [playercommands.smx] "UwU UwU UwU<4><STEAM_1:1:123582752><>" slapped "winterbroken<2><STEAM_1:0:553307426><>" (damage "0")
L 11/27/2022 - 15:43:51: [playercommands.smx] "UwU UwU UwU<4><STEAM_1:1:123582752><>" slapped "winterbroken<2><STEAM_1:0:553307426><>" (damage "0")
L 11/27/2022 - 15:43:51: [playercommands.smx] "UwU UwU UwU<4><STEAM_1:1:123582752><>" slapped "winterbroken<2><STEAM_1:0:553307426><>" (damage "0")
L 11/27/2022 - 15:43:52: [playercommands.smx] "UwU UwU UwU<4><STEAM_1:1:123582752><>" slapped "winterbroken<2><STEAM_1:0:553307426><>" (damage "0")
L 11/27/2022 - 15:43:52: [playercommands.smx] "UwU UwU UwU<4><STEAM_1:1:123582752><>" slapped "winterbroken<2><STEAM_1:0:553307426><>" (damage "0")
L 11/27/2022 - 15:43:52: [playercommands.smx] "UwU UwU UwU<4><STEAM_1:1:123582752><>" slapped "winterbroken<2><STEAM_1:0:553307426><>" (damage "0")
L 11/27/2022 - 15:43:53: [playercommands.smx] "UwU UwU UwU<4><STEAM_1:1:123582752><>" slapped "winterbroken<2><STEAM_1:0:553307426><>" (damage "0")
L 11/27/2022 - 15:43:53: [playercommands.smx] "UwU UwU UwU<4><STEAM_1:1:123582752><>" slapped "winterbroken<2><STEAM_1:0:553307426><>" (damage "0")
L 11/27/2022 - 15:43:54: [playercommands.smx] "UwU UwU UwU<4><STEAM_1:1:123582752><>" slapped "winterbroken<2><STEAM_1:0:553307426><>" (damage "0")
L 11/27/2022 - 15:43:54: [playercommands.smx] "UwU UwU UwU<4><STEAM_1:1:123582752><>" slapped "winterbroken<2><STEAM_1:0:553307426><>" (damage "0")
L 11/27/2022 - 15:43:57: [playercommands.smx] "UwU UwU UwU<4><STEAM_1:1:123582752><>" slapped "winterbroken<2><STEAM_1:0:553307426><>" (damage "0")
L 11/27/2022 - 15:43:57: [playercommands.smx] "UwU UwU UwU<4><STEAM_1:1:123582752><>" slapped "winterbroken<2><STEAM_1:0:553307426><>" (damage "0")
L 11/27/2022 - 15:43:57: [playercommands.smx] "UwU UwU UwU<4><STEAM_1:1:123582752><>" slapped "winterbroken<2><STEAM_1:0:553307426><>" (damage "0")
L 11/27/2022 - 15:43:57: [playercommands.smx] "UwU UwU UwU<4><STEAM_1:1:123582752><>" slapped "winterbroken<2><STEAM_1:0:553307426><>" (damage "0")
L 11/27/2022 - 15:43:58: [playercommands.smx] "UwU UwU UwU<4><STEAM_1:1:123582752><>" slapped "winterbroken<2><STEAM_1:0:553307426><>" (damage "0")
L 11/27/2022 - 15:43:58: [playercommands.smx] "UwU UwU UwU<4><STEAM_1:1:123582752><>" slapped "winterbroken<2><STEAM_1:0:553307426><>" (damage "0")
L 11/27/2022 - 15:43:58: [playercommands.smx] "UwU UwU UwU<4><STEAM_1:1:123582752><>" slapped "winterbroken<2><STEAM_1:0:553307426><>" (damage "0")
L 11/27/2022 - 15:43:58: [playercommands.smx] "UwU UwU UwU<4><STEAM_1:1:123582752><>" slapped "winterbroken<2><STEAM_1:0:553307426><>" (damage "0")
L 11/27/2022 - 15:43:58: [playercommands.smx] "UwU UwU UwU<4><STEAM_1:1:123582752><>" slapped "winterbroken<2><STEAM_1:0:553307426><>" (damage "0")
L 11/27/2022 - 15:43:59: [playercommands.smx] "UwU UwU UwU<4><STEAM_1:1:123582752><>" slapped "winterbroken<2><STEAM_1:0:553307426><>" (damage "0")
L 11/27/2022 - 15:43:59: [playercommands.smx] "UwU UwU UwU<4><STEAM_1:1:123582752><>" slapped "winterbroken<2><STEAM_1:0:553307426><>" (damage "0")
L 11/27/2022 - 15:43:59: [playercommands.smx] "UwU UwU UwU<4><STEAM_1:1:123582752><>" slapped "winterbroken<2><STEAM_1:0:553307426><>" (damage "0")
L 11/27/2022 - 15:43:59: [playercommands.smx] "UwU UwU UwU<4><STEAM_1:1:123582752><>" slapped "winterbroken<2><STEAM_1:0:553307426><>" (damage "0")
L 11/27/2022 - 15:43:59: [playercommands.smx] "UwU UwU UwU<4><STEAM_1:1:123582752><>" slapped "winterbroken<2><STEAM_1:0:553307426><>" (damage "0")
L 11/27/2022 - 15:44:00: [playercommands.smx] "UwU UwU UwU<4><STEAM_1:1:123582752><>" slapped "winterbroken<2><STEAM_1:0:553307426><>" (damage "0")
L 11/27/2022 - 15:44:00: [playercommands.smx] "UwU UwU UwU<4><STEAM_1:1:123582752><>" slapped "winterbroken<2><STEAM_1:0:553307426><>" (damage "0")
L 11/27/2022 - 15:44:00: [playercommands.smx] "UwU UwU UwU<4><STEAM_1:1:123582752><>" slapped "winterbroken<2><STEAM_1:0:553307426><>" (damage "0")
L 11/27/2022 - 15:44:00: [playercommands.smx] "UwU UwU UwU<4><STEAM_1:1:123582752><>" slapped "winterbroken<2><STEAM_1:0:553307426><>" (damage "0")
L 11/27/2022 - 15:44:36: [basecommands.smx] "winterbroken<2><STEAM_1:0:553307426><>" changed map to "overpass"
L 11/27/2022 - 15:44:39: [SM] Changed map to "overpass"
L 11/27/2022 - 15:44:40: -------- Mapchange to de_overpass --------
L 11/27/2022 - 15:44:41: [basecommands.smx] "Console<0><Console><Console>" changed cvar (cvar "mapcyclefile") (value "map_custom.txt")
L 11/27/2022 - 15:44:42: [warmod.smx] Current Map: de_overpass, Warmod Version: 22.10.29.1916
L 11/27/2022 - 15:44:43: [chat-processor.smx] Message formats generated for game 'csgo'.
L 11/27/2022 - 15:44:43: [chat-processor.smx] Successfully hooked a SayText2 chat hook.
L 11/27/2022 - 15:45:27: [basecommands.smx] "UwU UwU UwU<4><STEAM_1:1:123582752><>" changed map to "bank"
L 11/27/2022 - 15:45:30: [SM] Changed map to "bank"
L 11/27/2022 - 15:45:31: -------- Mapchange to de_bank --------
L 11/27/2022 - 15:45:31: [basecommands.smx] "Console<0><Console><Console>" changed cvar (cvar "mapcyclefile") (value "map_custom.txt")
L 11/27/2022 - 15:45:33: [warmod.smx] Current Map: de_bank, Warmod Version: 22.10.29.1916
L 11/27/2022 - 15:45:33: [chat-processor.smx] Message formats generated for game 'csgo'.
L 11/27/2022 - 15:45:33: [chat-processor.smx] Successfully hooked a SayText2 chat hook.
L 11/27/2022 - 15:46:04: [basecommands.smx] "UwU UwU UwU<4><STEAM_1:1:123582752><>" changed map to "nuke"
L 11/27/2022 - 15:46:07: [SM] Changed map to "nuke"
L 11/27/2022 - 15:46:09: -------- Mapchange to de_shortnuke --------
L 11/27/2022 - 15:46:09: [basecommands.smx] "Console<0><Console><Console>" changed cvar (cvar "mapcyclefile") (value "map_custom.txt")
L 11/27/2022 - 15:46:10: [warmod.smx] Current Map: de_shortnuke, Warmod Version: 22.10.29.1916
L 11/27/2022 - 15:46:10: [chat-processor.smx] Message formats generated for game 'csgo'.
L 11/27/2022 - 15:46:10: [chat-processor.smx] Successfully hooked a SayText2 chat hook.
L 11/27/2022 - 15:47:08: [basecommands.smx] "UwU UwU UwU<4><STEAM_1:1:123582752><>" changed map to "ar_dizzy"
L 11/27/2022 - 15:47:11: [SM] Changed map to "ar_dizzy"
L 11/27/2022 - 15:47:12: -------- Mapchange to ar_dizzy --------
L 11/27/2022 - 15:47:12: [basecommands.smx] "Console<0><Console><Console>" changed cvar (cvar "mapcyclefile") (value "map_custom.txt")
L 11/27/2022 - 15:47:14: [warmod.smx] Current Map: ar_dizzy, Warmod Version: 22.10.29.1916
L 11/27/2022 - 15:47:14: [chat-processor.smx] Message formats generated for game 'csgo'.
L 11/27/2022 - 15:47:14: [chat-processor.smx] Successfully hooked a SayText2 chat hook.
L 11/27/2022 - 15:48:10: [basecommands.smx] "UwU UwU UwU<4><STEAM_1:1:123582752><>" changed map to "de_blagai"
L 11/27/2022 - 15:48:13: [SM] Changed map to "de_blagai"
L 11/27/2022 - 15:48:15: -------- Mapchange to de_blagai --------
L 11/27/2022 - 15:48:15: [basecommands.smx] "Console<0><Console><Console>" changed cvar (cvar "mapcyclefile") (value "map_custom.txt")
L 11/27/2022 - 15:48:17: [warmod.smx] Current Map: de_blagai, Warmod Version: 22.10.29.1916
L 11/27/2022 - 15:48:17: [chat-processor.smx] Message formats generated for game 'csgo'.
L 11/27/2022 - 15:48:17: [chat-processor.smx] Successfully hooked a SayText2 chat hook.
L 11/27/2022 - 15:49:21: [basecommands.smx] "UwU UwU UwU<4><STEAM_1:1:123582752><>" changed map to "lobby_mapveto"
L 11/27/2022 - 15:49:24: [SM] Changed map to "lobby_mapveto"
L 11/27/2022 - 15:49:25: -------- Mapchange to lobby_mapveto --------
L 11/27/2022 - 15:49:25: [basecommands.smx] "Console<0><Console><Console>" changed cvar (cvar "mapcyclefile") (value "map_custom.txt")
L 11/27/2022 - 15:49:27: [warmod.smx] Current Map: lobby_mapveto, Warmod Version: 22.10.29.1916
L 11/27/2022 - 15:49:27: [chat-processor.smx] Message formats generated for game 'csgo'.
L 11/27/2022 - 15:49:27: [chat-processor.smx] Successfully hooked a SayText2 chat hook.
L 11/27/2022 - 15:49:58: [basecommands.smx] "UwU UwU UwU<4><STEAM_1:1:123582752><>" changed map to "dz_vineyard"
L 11/27/2022 - 15:49:59: [basecommands.smx] "winterbroken<2><STEAM_1:0:553307426><>" changed map to "dz_vineyard"
L 11/27/2022 - 15:50:01: [SM] Changed map to "dz_vineyard"
L 11/27/2022 - 15:50:06: -------- Mapchange to dz_vineyard --------
L 11/27/2022 - 15:50:06: [basecommands.smx] "Console<0><Console><Console>" changed cvar (cvar "mapcyclefile") (value "map_custom.txt")
L 11/27/2022 - 15:50:08: [warmod.smx] Current Map: dz_vineyard, Warmod Version: 22.10.29.1916
L 11/27/2022 - 15:50:08: [chat-processor.smx] Message formats generated for game 'csgo'.
L 11/27/2022 - 15:50:08: [chat-processor.smx] Successfully hooked a SayText2 chat hook.
L 11/27/2022 - 15:50:10: [SM] Changed map to "dz_vineyard"
L 11/27/2022 - 15:50:14: -------- Mapchange to dz_vineyard --------
L 11/27/2022 - 15:50:14: [basecommands.smx] "Console<0><Console><Console>" changed cvar (cvar "mapcyclefile") (value "map_custom.txt")
L 11/27/2022 - 15:50:16: [warmod.smx] Current Map: dz_vineyard, Warmod Version: 22.10.29.1916
L 11/27/2022 - 15:50:16: [chat-processor.smx] Message formats generated for game 'csgo'.
L 11/27/2022 - 15:50:16: [chat-processor.smx] Successfully hooked a SayText2 chat hook.
L 11/27/2022 - 15:51:35: [basecommands.smx] "UwU UwU UwU<4><STEAM_1:1:123582752><>" changed map to "mirage"
L 11/27/2022 - 15:51:38: [SM] Changed map to "mirage"
L 11/27/2022 - 15:51:39: -------- Mapchange to de_mirage --------
L 11/27/2022 - 15:51:39: [basecommands.smx] "Console<0><Console><Console>" changed cvar (cvar "mapcyclefile") (value "map_custom.txt")
L 11/27/2022 - 15:51:41: [warmod.smx] Current Map: de_mirage, Warmod Version: 22.10.29.1916
L 11/27/2022 - 15:51:41: [chat-processor.smx] Message formats generated for game 'csgo'.
L 11/27/2022 - 15:51:41: [chat-processor.smx] Successfully hooked a SayText2 chat hook.
L 11/27/2022 - 15:52:03: [basecommands.smx] "UwU UwU UwU<4><STEAM_1:1:123582752><>" executed config (file "sm_practice.cfg")
L 11/27/2022 - 15:52:14: [warmod.smx] "force_start" (player "UwU UwU UwU<4><STEAM_1:1:123582752><>")
L 11/27/2022 - 15:58:31: [basecommands.smx] "winterbroken<2><STEAM_1:0:553307426><>" changed map to "mir"
L 11/27/2022 - 15:58:34: [SM] Changed map to "mir"
L 11/27/2022 - 15:58:35: -------- Mapchange to de_mirage --------
L 11/27/2022 - 15:58:35: [basecommands.smx] "Console<0><Console><Console>" changed cvar (cvar "mapcyclefile") (value "map_custom.txt")
L 11/27/2022 - 15:58:37: [warmod.smx] Current Map: de_mirage, Warmod Version: 22.10.29.1916
L 11/27/2022 - 15:58:37: [chat-processor.smx] Message formats generated for game 'csgo'.
L 11/27/2022 - 15:58:37: [chat-processor.smx] Successfully hooked a SayText2 chat hook.
L 11/27/2022 - 16:18:10: [basecommands.smx] "UwU UwU UwU<4><STEAM_1:1:123582752><>" changed map to "ove"
L 11/27/2022 - 16:18:11: [basecommands.smx] "winterbroken<6><STEAM_1:0:553307426><>" changed map to "over"
L 11/27/2022 - 16:18:13: [SM] Changed map to "ove"
L 11/27/2022 - 16:18:14: -------- Mapchange to de_overpass --------
L 11/27/2022 - 16:18:14: [basecommands.smx] "Console<0><Console><Console>" changed cvar (cvar "mapcyclefile") (value "map_custom.txt")
L 11/27/2022 - 16:18:16: [warmod.smx] Current Map: de_overpass, Warmod Version: 22.10.29.1916
L 11/27/2022 - 16:18:16: [chat-processor.smx] Message formats generated for game 'csgo'.
L 11/27/2022 - 16:18:16: [chat-processor.smx] Successfully hooked a SayText2 chat hook.
L 11/27/2022 - 16:18:16: [SM] Changed map to "over"
L 11/27/2022 - 16:18:17: -------- Mapchange to de_overpass --------
L 11/27/2022 - 16:18:17: [basecommands.smx] "Console<0><Console><Console>" changed cvar (cvar "mapcyclefile") (value "map_custom.txt")
L 11/27/2022 - 16:18:19: [warmod.smx] Current Map: de_overpass, Warmod Version: 22.10.29.1916
L 11/27/2022 - 16:18:19: [chat-processor.smx] Message formats generated for game 'csgo'.
L 11/27/2022 - 16:18:19: [chat-processor.smx] Successfully hooked a SayText2 chat hook.
L 11/27/2022 - 16:25:18: [basecommands.smx] "winterbroken<7><STEAM_1:0:553307426><>" changed map to "mir"
L 11/27/2022 - 16:25:21: [SM] Changed map to "mir"
L 11/27/2022 - 16:25:22: -------- Mapchange to de_mirage --------
L 11/27/2022 - 16:25:22: [basecommands.smx] "Console<0><Console><Console>" changed cvar (cvar "mapcyclefile") (value "map_custom.txt")
L 11/27/2022 - 16:25:24: [warmod.smx] Current Map: de_mirage, Warmod Version: 22.10.29.1916
L 11/27/2022 - 16:25:24: [chat-processor.smx] Message formats generated for game 'csgo'.
L 11/27/2022 - 16:25:24: [chat-processor.smx] Successfully hooked a SayText2 chat hook.
L 11/27/2022 - 16:25:49: [basecommands.smx] "UwU UwU UwU<8><STEAM_1:1:123582752><>" executed config (file "sm_competitive.cfg")
L 11/27/2022 - 16:26:19: -------- Mapchange to de_mirage --------
L 11/27/2022 - 16:26:19: [basecommands.smx] "Console<0><Console><Console>" changed cvar (cvar "mapcyclefile") (value "map_custom.txt")
L 11/27/2022 - 16:26:21: [chat-processor.smx] Message formats generated for game 'csgo'.
L 11/27/2022 - 16:26:21: [chat-processor.smx] Successfully hooked a SayText2 chat hook.
L 11/27/2022 - 16:27:33: [basecommands.smx] "UwU UwU UwU<8><STEAM_1:1:123582752><>" executed config (file "sm_competitive2v2.cfg")
L 11/27/2022 - 16:27:33: [warmod.smx] Current Map: de_mirage, Warmod Version: 22.10.29.1916
L 11/27/2022 - 16:27:42: [basecommands.smx] "UwU UwU UwU<8><STEAM_1:1:123582752><>" executed config (file "sm_competitive.cfg")
L 11/27/2022 - 16:28:57: -------- Mapchange to de_mirage --------
L 11/27/2022 - 16:28:57: [basecommands.smx] "Console<0><Console><Console>" changed cvar (cvar "mapcyclefile") (value "map_custom.txt")
L 11/27/2022 - 16:28:59: [chat-processor.smx] Message formats generated for game 'csgo'.
L 11/27/2022 - 16:28:59: [chat-processor.smx] Successfully hooked a SayText2 chat hook.
L 11/27/2022 - 17:11:39: [basecommands.smx] "winterbroken<9><STEAM_1:0:553307426><>" changed map to "mir"
L 11/27/2022 - 17:11:42: [SM] Changed map to "mir"
L 11/27/2022 - 17:11:43: -------- Mapchange to de_mirage --------
L 11/27/2022 - 17:11:43: [basecommands.smx] "Console<0><Console><Console>" changed cvar (cvar "mapcyclefile") (value "map_custom.txt")
L 11/27/2022 - 17:11:45: [chat-processor.smx] Message formats generated for game 'csgo'.
L 11/27/2022 - 17:11:45: [chat-processor.smx] Successfully hooked a SayText2 chat hook.
L 11/28/2022 - 01:44:04: Log file closed.
