L 09/11/2022 - 02:45:09: SourceMod log file session started (file "/badfupo/server1/csgo/addons/sourcemod/logs/L20220911.log") (Version "1.12.0.6912")
L 09/11/2022 - 02:45:09: [chat-processor.smx] Message formats generated for game 'csgo'.
L 09/11/2022 - 02:45:09: [chat-processor.smx] Successfully hooked a SayText2 chat hook.
L 09/11/2022 - 02:45:09: [basecommands.smx] "Console<0><Console><Console>" changed cvar (cvar "mapcyclefile") (value "map_custom.txt")
L 09/11/2022 - 02:45:13: [warmod.smx] Current Map: de_mirage, Warmod Version: 19.11.21.2253
L 09/11/2022 - 02:52:45: -------- Mapchange to de_mirage --------
L 09/11/2022 - 02:52:45: [basecommands.smx] "Console<0><Console><Console>" changed cvar (cvar "mapcyclefile") (value "map_custom.txt")
L 09/11/2022 - 02:52:48: [warmod.smx] Current Map: de_mirage, Warmod Version: 19.11.21.2253
L 09/11/2022 - 02:52:49: [chat-processor.smx] Message formats generated for game 'csgo'.
L 09/11/2022 - 02:52:49: [chat-processor.smx] Successfully hooked a SayText2 chat hook.
L 09/11/2022 - 03:17:43: Log file closed.
L 09/11/2022 - 03:18:22: SourceMod log file session started (file "/badfupo/server1/csgo/addons/sourcemod/logs/L20220911.log") (Version "1.12.0.6912")
L 09/11/2022 - 03:18:22: [GEOIP] GeoIP2 database loaded: GeoLite2-City (2019-12-17 20:01:26 UTC) (/badfupo/server1/csgo/addons/sourcemod/configs/geoip/GeoLite2-City.mmdb)
L 09/11/2022 - 03:18:22: [GEOIP] GeoIP2 supported languages: de en es fr ja pt-BR ru zh-CN
L 09/11/2022 - 03:18:22: [GEOIP] Your database is older than 90 days. You should consider downloading a newer version from e.g. https://dev.maxmind.com/geoip/geolite2-free-geolocation-data
L 09/11/2022 - 03:18:22: [auto_steam_update.smx] HUD text is supported on this mod. The persistant timer will display.
L 09/11/2022 - 03:18:26: [warmod.smx] Current Map: de_mirage, Warmod Version: 19.11.21.2253
L 09/11/2022 - 03:18:31: -------- Mapchange to de_mirage --------
L 09/11/2022 - 03:18:31: [chat-processor.smx] Message formats generated for game 'csgo'.
L 09/11/2022 - 03:18:31: [chat-processor.smx] Successfully hooked a SayText2 chat hook.
L 09/11/2022 - 03:18:31: [basecommands.smx] "Console<0><Console><Console>" changed cvar (cvar "mapcyclefile") (value "map_custom.txt")
L 09/11/2022 - 03:18:34: [warmod.smx] Current Map: de_mirage, Warmod Version: 19.11.21.2253
L 09/11/2022 - 03:36:28: -------- Mapchange to de_mirage --------
L 09/11/2022 - 03:36:28: [basecommands.smx] "Console<0><Console><Console>" changed cvar (cvar "mapcyclefile") (value "map_custom.txt")
L 09/11/2022 - 03:36:31: [warmod.smx] Current Map: de_mirage, Warmod Version: 19.11.21.2253
L 09/11/2022 - 03:36:32: [chat-processor.smx] Message formats generated for game 'csgo'.
L 09/11/2022 - 03:36:32: [chat-processor.smx] Successfully hooked a SayText2 chat hook.
L 09/11/2022 - 04:22:13: -------- Mapchange to de_mirage --------
L 09/11/2022 - 04:22:13: [basecommands.smx] "Console<0><Console><Console>" changed cvar (cvar "mapcyclefile") (value "map_custom.txt")
L 09/11/2022 - 04:22:17: [warmod.smx] Current Map: de_mirage, Warmod Version: 19.11.21.2253
L 09/11/2022 - 04:22:17: [chat-processor.smx] Message formats generated for game 'csgo'.
L 09/11/2022 - 04:22:17: [chat-processor.smx] Successfully hooked a SayText2 chat hook.
L 09/11/2022 - 05:08:22: -------- Mapchange to de_mirage --------
L 09/11/2022 - 05:08:22: [basecommands.smx] "Console<0><Console><Console>" changed cvar (cvar "mapcyclefile") (value "map_custom.txt")
L 09/11/2022 - 05:08:25: [warmod.smx] Current Map: de_mirage, Warmod Version: 19.11.21.2253
L 09/11/2022 - 05:08:25: [chat-processor.smx] Message formats generated for game 'csgo'.
L 09/11/2022 - 05:08:25: [chat-processor.smx] Successfully hooked a SayText2 chat hook.
L 09/11/2022 - 05:54:39: -------- Mapchange to de_mirage --------
L 09/11/2022 - 05:54:39: [basecommands.smx] "Console<0><Console><Console>" changed cvar (cvar "mapcyclefile") (value "map_custom.txt")
L 09/11/2022 - 05:54:42: [warmod.smx] Current Map: de_mirage, Warmod Version: 19.11.21.2253
L 09/11/2022 - 05:54:42: [chat-processor.smx] Message formats generated for game 'csgo'.
L 09/11/2022 - 05:54:42: [chat-processor.smx] Successfully hooked a SayText2 chat hook.
L 09/11/2022 - 05:57:29: -------- Mapchange to de_mirage --------
L 09/11/2022 - 05:57:30: [basecommands.smx] "Console<0><Console><Console>" changed cvar (cvar "mapcyclefile") (value "map_custom.txt")
L 09/11/2022 - 05:57:33: [warmod.smx] Current Map: de_mirage, Warmod Version: 19.11.21.2253
L 09/11/2022 - 05:57:33: [chat-processor.smx] Message formats generated for game 'csgo'.
L 09/11/2022 - 05:57:33: [chat-processor.smx] Successfully hooked a SayText2 chat hook.
L 09/11/2022 - 06:00:25: -------- Mapchange to de_mirage --------
L 09/11/2022 - 06:00:26: [basecommands.smx] "Console<0><Console><Console>" changed cvar (cvar "mapcyclefile") (value "map_custom.txt")
L 09/11/2022 - 06:00:29: [warmod.smx] Current Map: de_mirage, Warmod Version: 19.11.21.2253
L 09/11/2022 - 06:00:29: [chat-processor.smx] Message formats generated for game 'csgo'.
L 09/11/2022 - 06:00:29: [chat-processor.smx] Successfully hooked a SayText2 chat hook.
L 09/11/2022 - 06:01:50: -------- Mapchange to de_mirage --------
L 09/11/2022 - 06:01:50: [basecommands.smx] "Console<0><Console><Console>" changed cvar (cvar "mapcyclefile") (value "map_custom.txt")
L 09/11/2022 - 06:01:54: [warmod.smx] Current Map: de_mirage, Warmod Version: 19.11.21.2253
L 09/11/2022 - 06:01:54: [chat-processor.smx] Message formats generated for game 'csgo'.
L 09/11/2022 - 06:01:54: [chat-processor.smx] Successfully hooked a SayText2 chat hook.
L 09/11/2022 - 06:06:59: -------- Mapchange to de_mirage --------
L 09/11/2022 - 06:07:00: [basecommands.smx] "Console<0><Console><Console>" changed cvar (cvar "mapcyclefile") (value "map_custom.txt")
L 09/11/2022 - 06:07:03: [warmod.smx] Current Map: de_mirage, Warmod Version: 19.11.21.2253
L 09/11/2022 - 06:07:03: [chat-processor.smx] Message formats generated for game 'csgo'.
L 09/11/2022 - 06:07:03: [chat-processor.smx] Successfully hooked a SayText2 chat hook.
L 09/11/2022 - 06:57:30: -------- Mapchange to de_mirage --------
L 09/11/2022 - 06:57:30: [basecommands.smx] "Console<0><Console><Console>" changed cvar (cvar "mapcyclefile") (value "map_custom.txt")
L 09/11/2022 - 06:57:33: [warmod.smx] Current Map: de_mirage, Warmod Version: 19.11.21.2253
L 09/11/2022 - 06:57:34: [chat-processor.smx] Message formats generated for game 'csgo'.
L 09/11/2022 - 06:57:34: [chat-processor.smx] Successfully hooked a SayText2 chat hook.
L 09/11/2022 - 07:22:55: -------- Mapchange to de_mirage --------
L 09/11/2022 - 07:22:55: [basecommands.smx] "Console<0><Console><Console>" changed cvar (cvar "mapcyclefile") (value "map_custom.txt")
L 09/11/2022 - 07:22:58: [warmod.smx] Current Map: de_mirage, Warmod Version: 19.11.21.2253
L 09/11/2022 - 07:22:59: [chat-processor.smx] Message formats generated for game 'csgo'.
L 09/11/2022 - 07:22:59: [chat-processor.smx] Successfully hooked a SayText2 chat hook.
L 09/11/2022 - 07:29:23: -------- Mapchange to de_mirage --------
L 09/11/2022 - 07:29:23: [basecommands.smx] "Console<0><Console><Console>" changed cvar (cvar "mapcyclefile") (value "map_custom.txt")
L 09/11/2022 - 07:29:26: [warmod.smx] Current Map: de_mirage, Warmod Version: 19.11.21.2253
L 09/11/2022 - 07:29:27: [chat-processor.smx] Message formats generated for game 'csgo'.
L 09/11/2022 - 07:29:27: [chat-processor.smx] Successfully hooked a SayText2 chat hook.
L 09/11/2022 - 07:50:28: -------- Mapchange to de_vertigo --------
L 09/11/2022 - 07:50:29: [basecommands.smx] "Console<0><Console><Console>" changed cvar (cvar "mapcyclefile") (value "map_custom.txt")
L 09/11/2022 - 07:50:32: [warmod.smx] Current Map: de_vertigo, Warmod Version: 19.11.21.2253
L 09/11/2022 - 07:50:33: [chat-processor.smx] Message formats generated for game 'csgo'.
L 09/11/2022 - 07:50:33: [chat-processor.smx] Successfully hooked a SayText2 chat hook.
L 09/11/2022 - 08:02:07: -------- Mapchange to de_dust2 --------
L 09/11/2022 - 08:02:07: [basecommands.smx] "Console<0><Console><Console>" changed cvar (cvar "mapcyclefile") (value "map_custom.txt")
L 09/11/2022 - 08:02:11: [warmod.smx] Current Map: de_dust2, Warmod Version: 19.11.21.2253
L 09/11/2022 - 08:02:11: [chat-processor.smx] Message formats generated for game 'csgo'.
L 09/11/2022 - 08:02:11: [chat-processor.smx] Successfully hooked a SayText2 chat hook.
L 09/11/2022 - 08:18:31: -------- Mapchange to de_mirage --------
L 09/11/2022 - 08:18:31: [basecommands.smx] "Console<0><Console><Console>" changed cvar (cvar "mapcyclefile") (value "map_custom.txt")
L 09/11/2022 - 08:18:35: [warmod.smx] Current Map: de_mirage, Warmod Version: 19.11.21.2253
L 09/11/2022 - 08:18:35: [chat-processor.smx] Message formats generated for game 'csgo'.
L 09/11/2022 - 08:18:35: [chat-processor.smx] Successfully hooked a SayText2 chat hook.
L 09/11/2022 - 09:18:29: -------- Mapchange to de_mirage --------
L 09/11/2022 - 09:18:30: [basecommands.smx] "Console<0><Console><Console>" changed cvar (cvar "mapcyclefile") (value "map_custom.txt")
L 09/11/2022 - 09:18:33: [warmod.smx] Current Map: de_mirage, Warmod Version: 19.11.21.2253
L 09/11/2022 - 09:18:33: [chat-processor.smx] Message formats generated for game 'csgo'.
L 09/11/2022 - 09:18:33: [chat-processor.smx] Successfully hooked a SayText2 chat hook.
L 09/11/2022 - 09:47:08: -------- Mapchange to de_mirage --------
L 09/11/2022 - 09:47:08: [basecommands.smx] "Console<0><Console><Console>" changed cvar (cvar "mapcyclefile") (value "map_custom.txt")
L 09/11/2022 - 09:47:11: [warmod.smx] Current Map: de_mirage, Warmod Version: 19.11.21.2253
L 09/11/2022 - 09:47:12: [chat-processor.smx] Message formats generated for game 'csgo'.
L 09/11/2022 - 09:47:12: [chat-processor.smx] Successfully hooked a SayText2 chat hook.
L 09/11/2022 - 10:08:52: -------- Mapchange to de_mirage --------
L 09/11/2022 - 10:08:52: [basecommands.smx] "Console<0><Console><Console>" changed cvar (cvar "mapcyclefile") (value "map_custom.txt")
L 09/11/2022 - 10:08:56: [warmod.smx] Current Map: de_mirage, Warmod Version: 19.11.21.2253
L 09/11/2022 - 10:08:56: [chat-processor.smx] Message formats generated for game 'csgo'.
L 09/11/2022 - 10:08:56: [chat-processor.smx] Successfully hooked a SayText2 chat hook.
L 09/11/2022 - 10:19:06: -------- Mapchange to de_mirage --------
L 09/11/2022 - 10:19:07: [basecommands.smx] "Console<0><Console><Console>" changed cvar (cvar "mapcyclefile") (value "map_custom.txt")
L 09/11/2022 - 10:19:10: [warmod.smx] Current Map: de_mirage, Warmod Version: 19.11.21.2253
L 09/11/2022 - 10:19:11: [chat-processor.smx] Message formats generated for game 'csgo'.
L 09/11/2022 - 10:19:11: [chat-processor.smx] Successfully hooked a SayText2 chat hook.
L 09/11/2022 - 10:32:46: -------- Mapchange to de_mirage --------
L 09/11/2022 - 10:32:47: [basecommands.smx] "Console<0><Console><Console>" changed cvar (cvar "mapcyclefile") (value "map_custom.txt")
L 09/11/2022 - 10:32:50: [warmod.smx] Current Map: de_mirage, Warmod Version: 19.11.21.2253
L 09/11/2022 - 10:32:50: [chat-processor.smx] Message formats generated for game 'csgo'.
L 09/11/2022 - 10:32:50: [chat-processor.smx] Successfully hooked a SayText2 chat hook.
L 09/11/2022 - 11:47:17: -------- Mapchange to de_inferno --------
L 09/11/2022 - 11:47:17: [basecommands.smx] "Console<0><Console><Console>" changed cvar (cvar "mapcyclefile") (value "map_custom.txt")
L 09/11/2022 - 11:47:21: [warmod.smx] Current Map: de_inferno, Warmod Version: 19.11.21.2253
L 09/11/2022 - 11:47:21: [chat-processor.smx] Message formats generated for game 'csgo'.
L 09/11/2022 - 11:47:21: [chat-processor.smx] Successfully hooked a SayText2 chat hook.
L 09/11/2022 - 15:28:02: -------- Mapchange to de_inferno --------
L 09/11/2022 - 15:28:02: [basecommands.smx] "Console<0><Console><Console>" changed cvar (cvar "mapcyclefile") (value "map_custom.txt")
L 09/11/2022 - 15:28:05: [warmod.smx] Current Map: de_inferno, Warmod Version: 19.11.21.2253
L 09/11/2022 - 15:28:06: [chat-processor.smx] Message formats generated for game 'csgo'.
L 09/11/2022 - 15:28:06: [chat-processor.smx] Successfully hooked a SayText2 chat hook.
L 09/11/2022 - 16:12:39: -------- Mapchange to de_inferno --------
L 09/11/2022 - 16:12:40: [basecommands.smx] "Console<0><Console><Console>" changed cvar (cvar "mapcyclefile") (value "map_custom.txt")
L 09/11/2022 - 16:12:43: [warmod.smx] Current Map: de_inferno, Warmod Version: 19.11.21.2253
L 09/11/2022 - 16:12:44: [chat-processor.smx] Message formats generated for game 'csgo'.
L 09/11/2022 - 16:12:44: [chat-processor.smx] Successfully hooked a SayText2 chat hook.
L 09/11/2022 - 23:23:27: -------- Mapchange to de_inferno --------
L 09/11/2022 - 23:23:28: [basecommands.smx] "Console<0><Console><Console>" changed cvar (cvar "mapcyclefile") (value "map_custom.txt")
L 09/11/2022 - 23:23:31: [warmod.smx] Current Map: de_inferno, Warmod Version: 19.11.21.2253
L 09/11/2022 - 23:23:31: [chat-processor.smx] Message formats generated for game 'csgo'.
L 09/11/2022 - 23:23:31: [chat-processor.smx] Successfully hooked a SayText2 chat hook.
L 09/12/2022 - 01:02:49: Log file closed.
