L 09/16/2022 - 01:51:18: SourceMod log file session started (file "/badfupo/server1/csgo/addons/sourcemod/logs/L20220916.log") (Version "1.12.0.6912")
L 09/16/2022 - 01:51:18: [basecommands.smx] "Console<0><Console><Console>" changed cvar (cvar "mapcyclefile") (value "map_custom.txt")
L 09/16/2022 - 01:51:21: [warmod.smx] Current Map: de_mirage, Warmod Version: 19.11.21.2253
L 09/16/2022 - 01:51:21: [chat-processor.smx] Message formats generated for game 'csgo'.
L 09/16/2022 - 01:51:21: [chat-processor.smx] Successfully hooked a SayText2 chat hook.
L 09/16/2022 - 02:42:29: -------- Mapchange to de_mirage --------
L 09/16/2022 - 02:42:29: [basecommands.smx] "Console<0><Console><Console>" changed cvar (cvar "mapcyclefile") (value "map_custom.txt")
L 09/16/2022 - 02:42:33: [warmod.smx] Current Map: de_mirage, Warmod Version: 19.11.21.2253
L 09/16/2022 - 02:42:33: [chat-processor.smx] Message formats generated for game 'csgo'.
L 09/16/2022 - 02:42:33: [chat-processor.smx] Successfully hooked a SayText2 chat hook.
L 09/16/2022 - 03:30:29: -------- Mapchange to de_mirage --------
L 09/16/2022 - 03:30:29: [basecommands.smx] "Console<0><Console><Console>" changed cvar (cvar "mapcyclefile") (value "map_custom.txt")
L 09/16/2022 - 03:30:33: [warmod.smx] Current Map: de_mirage, Warmod Version: 19.11.21.2253
L 09/16/2022 - 03:30:33: [chat-processor.smx] Message formats generated for game 'csgo'.
L 09/16/2022 - 03:30:33: [chat-processor.smx] Successfully hooked a SayText2 chat hook.
L 09/16/2022 - 04:58:12: -------- Mapchange to de_mirage --------
L 09/16/2022 - 04:58:13: [basecommands.smx] "Console<0><Console><Console>" changed cvar (cvar "mapcyclefile") (value "map_custom.txt")
L 09/16/2022 - 04:58:16: [warmod.smx] Current Map: de_mirage, Warmod Version: 19.11.21.2253
L 09/16/2022 - 04:58:17: [chat-processor.smx] Message formats generated for game 'csgo'.
L 09/16/2022 - 04:58:17: [chat-processor.smx] Successfully hooked a SayText2 chat hook.
L 09/16/2022 - 06:17:26: -------- Mapchange to de_mirage --------
L 09/16/2022 - 06:17:27: [basecommands.smx] "Console<0><Console><Console>" changed cvar (cvar "mapcyclefile") (value "map_custom.txt")
L 09/16/2022 - 06:17:30: [warmod.smx] Current Map: de_mirage, Warmod Version: 19.11.21.2253
L 09/16/2022 - 06:17:30: [chat-processor.smx] Message formats generated for game 'csgo'.
L 09/16/2022 - 06:17:30: [chat-processor.smx] Successfully hooked a SayText2 chat hook.
L 09/16/2022 - 07:39:39: -------- Mapchange to de_mirage --------
L 09/16/2022 - 07:39:39: [basecommands.smx] "Console<0><Console><Console>" changed cvar (cvar "mapcyclefile") (value "map_custom.txt")
L 09/16/2022 - 07:39:43: [warmod.smx] Current Map: de_mirage, Warmod Version: 19.11.21.2253
L 09/16/2022 - 07:39:43: [chat-processor.smx] Message formats generated for game 'csgo'.
L 09/16/2022 - 07:39:43: [chat-processor.smx] Successfully hooked a SayText2 chat hook.
L 09/16/2022 - 09:07:04: -------- Mapchange to de_mirage --------
L 09/16/2022 - 09:07:05: [basecommands.smx] "Console<0><Console><Console>" changed cvar (cvar "mapcyclefile") (value "map_custom.txt")
L 09/16/2022 - 09:07:08: [warmod.smx] Current Map: de_mirage, Warmod Version: 19.11.21.2253
L 09/16/2022 - 09:07:08: [chat-processor.smx] Message formats generated for game 'csgo'.
L 09/16/2022 - 09:07:08: [chat-processor.smx] Successfully hooked a SayText2 chat hook.
L 09/16/2022 - 10:18:36: -------- Mapchange to de_mirage --------
L 09/16/2022 - 10:18:37: [basecommands.smx] "Console<0><Console><Console>" changed cvar (cvar "mapcyclefile") (value "map_custom.txt")
L 09/16/2022 - 10:18:40: [warmod.smx] Current Map: de_mirage, Warmod Version: 19.11.21.2253
L 09/16/2022 - 10:18:41: [chat-processor.smx] Message formats generated for game 'csgo'.
L 09/16/2022 - 10:18:41: [chat-processor.smx] Successfully hooked a SayText2 chat hook.
L 09/16/2022 - 10:27:03: -------- Mapchange to de_mirage --------
L 09/16/2022 - 10:27:04: [basecommands.smx] "Console<0><Console><Console>" changed cvar (cvar "mapcyclefile") (value "map_custom.txt")
L 09/16/2022 - 10:27:07: [warmod.smx] Current Map: de_mirage, Warmod Version: 19.11.21.2253
L 09/16/2022 - 10:27:07: [chat-processor.smx] Message formats generated for game 'csgo'.
L 09/16/2022 - 10:27:07: [chat-processor.smx] Successfully hooked a SayText2 chat hook.
L 09/16/2022 - 10:40:32: -------- Mapchange to de_mirage --------
L 09/16/2022 - 10:40:33: [basecommands.smx] "Console<0><Console><Console>" changed cvar (cvar "mapcyclefile") (value "map_custom.txt")
L 09/16/2022 - 10:40:36: [warmod.smx] Current Map: de_mirage, Warmod Version: 19.11.21.2253
L 09/16/2022 - 10:40:37: [chat-processor.smx] Message formats generated for game 'csgo'.
L 09/16/2022 - 10:40:37: [chat-processor.smx] Successfully hooked a SayText2 chat hook.
L 09/16/2022 - 10:53:47: -------- Mapchange to de_mirage --------
L 09/16/2022 - 10:53:47: [basecommands.smx] "Console<0><Console><Console>" changed cvar (cvar "mapcyclefile") (value "map_custom.txt")
L 09/16/2022 - 10:53:50: [warmod.smx] Current Map: de_mirage, Warmod Version: 19.11.21.2253
L 09/16/2022 - 10:53:51: [chat-processor.smx] Message formats generated for game 'csgo'.
L 09/16/2022 - 10:53:51: [chat-processor.smx] Successfully hooked a SayText2 chat hook.
L 09/16/2022 - 11:20:17: -------- Mapchange to de_mirage --------
L 09/16/2022 - 11:20:18: [basecommands.smx] "Console<0><Console><Console>" changed cvar (cvar "mapcyclefile") (value "map_custom.txt")
L 09/16/2022 - 11:20:21: [warmod.smx] Current Map: de_mirage, Warmod Version: 19.11.21.2253
L 09/16/2022 - 11:20:22: [chat-processor.smx] Message formats generated for game 'csgo'.
L 09/16/2022 - 11:20:22: [chat-processor.smx] Successfully hooked a SayText2 chat hook.
L 09/16/2022 - 11:44:21: -------- Mapchange to de_mirage --------
L 09/16/2022 - 11:44:21: [basecommands.smx] "Console<0><Console><Console>" changed cvar (cvar "mapcyclefile") (value "map_custom.txt")
L 09/16/2022 - 11:44:24: [warmod.smx] Current Map: de_mirage, Warmod Version: 19.11.21.2253
L 09/16/2022 - 11:44:25: [chat-processor.smx] Message formats generated for game 'csgo'.
L 09/16/2022 - 11:44:25: [chat-processor.smx] Successfully hooked a SayText2 chat hook.
L 09/16/2022 - 12:30:02: -------- Mapchange to de_mirage --------
L 09/16/2022 - 12:30:02: [basecommands.smx] "Console<0><Console><Console>" changed cvar (cvar "mapcyclefile") (value "map_custom.txt")
L 09/16/2022 - 12:30:06: [warmod.smx] Current Map: de_mirage, Warmod Version: 19.11.21.2253
L 09/16/2022 - 12:30:06: [chat-processor.smx] Message formats generated for game 'csgo'.
L 09/16/2022 - 12:30:06: [chat-processor.smx] Successfully hooked a SayText2 chat hook.
L 09/16/2022 - 12:32:27: -------- Mapchange to de_mirage --------
L 09/16/2022 - 12:32:28: [basecommands.smx] "Console<0><Console><Console>" changed cvar (cvar "mapcyclefile") (value "map_custom.txt")
L 09/16/2022 - 12:32:31: [warmod.smx] Current Map: de_mirage, Warmod Version: 19.11.21.2253
L 09/16/2022 - 12:32:32: [chat-processor.smx] Message formats generated for game 'csgo'.
L 09/16/2022 - 12:32:32: [chat-processor.smx] Successfully hooked a SayText2 chat hook.
L 09/16/2022 - 14:23:35: -------- Mapchange to de_mirage --------
L 09/16/2022 - 14:23:36: [basecommands.smx] "Console<0><Console><Console>" changed cvar (cvar "mapcyclefile") (value "map_custom.txt")
L 09/16/2022 - 14:23:39: [warmod.smx] Current Map: de_mirage, Warmod Version: 19.11.21.2253
L 09/16/2022 - 14:23:39: [chat-processor.smx] Message formats generated for game 'csgo'.
L 09/16/2022 - 14:23:39: [chat-processor.smx] Successfully hooked a SayText2 chat hook.
L 09/16/2022 - 15:11:31: -------- Mapchange to de_mirage --------
L 09/16/2022 - 15:11:32: [basecommands.smx] "Console<0><Console><Console>" changed cvar (cvar "mapcyclefile") (value "map_custom.txt")
L 09/16/2022 - 15:11:35: [warmod.smx] Current Map: de_mirage, Warmod Version: 19.11.21.2253
L 09/16/2022 - 15:11:36: [chat-processor.smx] Message formats generated for game 'csgo'.
L 09/16/2022 - 15:11:36: [chat-processor.smx] Successfully hooked a SayText2 chat hook.
L 09/16/2022 - 17:10:23: -------- Mapchange to de_mirage --------
L 09/16/2022 - 17:10:24: [basecommands.smx] "Console<0><Console><Console>" changed cvar (cvar "mapcyclefile") (value "map_custom.txt")
L 09/16/2022 - 17:10:27: [warmod.smx] Current Map: de_mirage, Warmod Version: 19.11.21.2253
L 09/16/2022 - 17:10:27: [chat-processor.smx] Message formats generated for game 'csgo'.
L 09/16/2022 - 17:10:27: [chat-processor.smx] Successfully hooked a SayText2 chat hook.
L 09/16/2022 - 17:30:03: -------- Mapchange to de_mirage --------
L 09/16/2022 - 17:30:04: [basecommands.smx] "Console<0><Console><Console>" changed cvar (cvar "mapcyclefile") (value "map_custom.txt")
L 09/16/2022 - 17:30:07: [warmod.smx] Current Map: de_mirage, Warmod Version: 19.11.21.2253
L 09/16/2022 - 17:30:07: [chat-processor.smx] Message formats generated for game 'csgo'.
L 09/16/2022 - 17:30:07: [chat-processor.smx] Successfully hooked a SayText2 chat hook.
L 09/17/2022 - 01:01:36: Log file closed.
