L 09/01/2022 - 00:57:39: SourceMod log file session started (file "/home/csgo/csgo/addons/sourcemod/logs/L20220901.log") (Version "1.12.0.6912")
L 09/01/2022 - 00:57:39: [basecommands.smx] "Console<0><Console><Console>" changed cvar (cvar "mapcyclefile") (value "map_custom.txt")
L 09/01/2022 - 00:57:41: [chat-processor.smx] Message formats generated for game 'csgo'.
L 09/01/2022 - 00:57:41: [chat-processor.smx] Successfully hooked a SayText2 chat hook.
L 09/01/2022 - 12:05:19: -------- Mapchange to de_mirage --------
L 09/01/2022 - 12:05:20: [basecommands.smx] "Console<0><Console><Console>" changed cvar (cvar "mapcyclefile") (value "map_custom.txt")
L 09/01/2022 - 12:05:22: [chat-processor.smx] Message formats generated for game 'csgo'.
L 09/01/2022 - 12:05:22: [chat-processor.smx] Successfully hooked a SayText2 chat hook.
L 09/01/2022 - 14:26:41: -------- Mapchange to de_mirage --------
L 09/01/2022 - 14:26:42: [basecommands.smx] "Console<0><Console><Console>" changed cvar (cvar "mapcyclefile") (value "map_custom.txt")
L 09/01/2022 - 14:26:45: [chat-processor.smx] Message formats generated for game 'csgo'.
L 09/01/2022 - 14:26:45: [chat-processor.smx] Successfully hooked a SayText2 chat hook.
L 09/01/2022 - 15:03:44: -------- Mapchange to de_mirage --------
L 09/01/2022 - 15:03:45: [basecommands.smx] "Console<0><Console><Console>" changed cvar (cvar "mapcyclefile") (value "map_custom.txt")
L 09/01/2022 - 15:03:47: [chat-processor.smx] Message formats generated for game 'csgo'.
L 09/01/2022 - 15:03:47: [chat-processor.smx] Successfully hooked a SayText2 chat hook.
L 09/01/2022 - 15:48:16: -------- Mapchange to de_mirage --------
L 09/01/2022 - 15:48:16: [basecommands.smx] "Console<0><Console><Console>" changed cvar (cvar "mapcyclefile") (value "map_custom.txt")
L 09/01/2022 - 15:48:19: [chat-processor.smx] Message formats generated for game 'csgo'.
L 09/01/2022 - 15:48:19: [chat-processor.smx] Successfully hooked a SayText2 chat hook.
L 09/01/2022 - 16:00:26: -------- Mapchange to de_mirage --------
L 09/01/2022 - 16:00:27: [basecommands.smx] "Console<0><Console><Console>" changed cvar (cvar "mapcyclefile") (value "map_custom.txt")
L 09/01/2022 - 16:00:30: [chat-processor.smx] Message formats generated for game 'csgo'.
L 09/01/2022 - 16:00:30: [chat-processor.smx] Successfully hooked a SayText2 chat hook.
L 09/01/2022 - 18:32:35: -------- Mapchange to de_mirage --------
L 09/01/2022 - 18:32:36: [basecommands.smx] "Console<0><Console><Console>" changed cvar (cvar "mapcyclefile") (value "map_custom.txt")
L 09/01/2022 - 18:32:38: [chat-processor.smx] Message formats generated for game 'csgo'.
L 09/01/2022 - 18:32:38: [chat-processor.smx] Successfully hooked a SayText2 chat hook.
L 09/01/2022 - 22:13:07: -------- Mapchange to de_mirage --------
L 09/01/2022 - 22:13:07: [basecommands.smx] "Console<0><Console><Console>" changed cvar (cvar "mapcyclefile") (value "map_custom.txt")
L 09/01/2022 - 22:13:10: [chat-processor.smx] Message formats generated for game 'csgo'.
L 09/01/2022 - 22:13:10: [chat-processor.smx] Successfully hooked a SayText2 chat hook.
L 09/01/2022 - 23:25:32: -------- Mapchange to de_mirage --------
L 09/01/2022 - 23:25:32: [basecommands.smx] "Console<0><Console><Console>" changed cvar (cvar "mapcyclefile") (value "map_custom.txt")
L 09/01/2022 - 23:25:35: [chat-processor.smx] Message formats generated for game 'csgo'.
L 09/01/2022 - 23:25:35: [chat-processor.smx] Successfully hooked a SayText2 chat hook.
L 09/02/2022 - 12:15:32: Log file closed.
