L 09/05/2022 - 01:49:55: SourceMod log file session started (file "/home/csgo/csgo/addons/sourcemod/logs/L20220905.log") (Version "1.12.0.6912")
L 09/05/2022 - 01:49:55: [basecommands.smx] "Console<0><Console><Console>" changed cvar (cvar "mapcyclefile") (value "map_custom.txt")
L 09/05/2022 - 01:49:58: [chat-processor.smx] Message formats generated for game 'csgo'.
L 09/05/2022 - 01:49:58: [chat-processor.smx] Successfully hooked a SayText2 chat hook.
L 09/05/2022 - 13:52:04: -------- Mapchange to de_mirage --------
L 09/05/2022 - 13:52:05: [basecommands.smx] "Console<0><Console><Console>" changed cvar (cvar "mapcyclefile") (value "map_custom.txt")
L 09/05/2022 - 13:52:08: [chat-processor.smx] Message formats generated for game 'csgo'.
L 09/05/2022 - 13:52:08: [chat-processor.smx] Successfully hooked a SayText2 chat hook.
L 09/05/2022 - 14:42:31: -------- Mapchange to de_mirage --------
L 09/05/2022 - 14:42:32: [basecommands.smx] "Console<0><Console><Console>" changed cvar (cvar "mapcyclefile") (value "map_custom.txt")
L 09/05/2022 - 14:42:35: [chat-processor.smx] Message formats generated for game 'csgo'.
L 09/05/2022 - 14:42:35: [chat-processor.smx] Successfully hooked a SayText2 chat hook.
L 09/05/2022 - 16:20:03: -------- Mapchange to de_mirage --------
L 09/05/2022 - 16:20:03: [basecommands.smx] "Console<0><Console><Console>" changed cvar (cvar "mapcyclefile") (value "map_custom.txt")
L 09/05/2022 - 16:20:06: [chat-processor.smx] Message formats generated for game 'csgo'.
L 09/05/2022 - 16:20:06: [chat-processor.smx] Successfully hooked a SayText2 chat hook.
L 09/05/2022 - 17:18:10: -------- Mapchange to de_mirage --------
L 09/05/2022 - 17:18:10: [basecommands.smx] "Console<0><Console><Console>" changed cvar (cvar "mapcyclefile") (value "map_custom.txt")
L 09/05/2022 - 17:18:13: [chat-processor.smx] Message formats generated for game 'csgo'.
L 09/05/2022 - 17:18:13: [chat-processor.smx] Successfully hooked a SayText2 chat hook.
L 09/05/2022 - 17:22:59: -------- Mapchange to de_mirage --------
L 09/05/2022 - 17:22:59: [basecommands.smx] "Console<0><Console><Console>" changed cvar (cvar "mapcyclefile") (value "map_custom.txt")
L 09/05/2022 - 17:23:02: [chat-processor.smx] Message formats generated for game 'csgo'.
L 09/05/2022 - 17:23:02: [chat-processor.smx] Successfully hooked a SayText2 chat hook.
L 09/05/2022 - 19:35:30: -------- Mapchange to de_mirage --------
L 09/05/2022 - 19:35:31: [basecommands.smx] "Console<0><Console><Console>" changed cvar (cvar "mapcyclefile") (value "map_custom.txt")
L 09/05/2022 - 19:35:34: [chat-processor.smx] Message formats generated for game 'csgo'.
L 09/05/2022 - 19:35:34: [chat-processor.smx] Successfully hooked a SayText2 chat hook.
L 09/05/2022 - 20:48:25: -------- Mapchange to de_mirage --------
L 09/05/2022 - 20:48:26: [basecommands.smx] "Console<0><Console><Console>" changed cvar (cvar "mapcyclefile") (value "map_custom.txt")
L 09/05/2022 - 20:48:28: [chat-processor.smx] Message formats generated for game 'csgo'.
L 09/05/2022 - 20:48:28: [chat-processor.smx] Successfully hooked a SayText2 chat hook.
L 09/05/2022 - 21:20:40: -------- Mapchange to de_mirage --------
L 09/05/2022 - 21:20:40: [basecommands.smx] "Console<0><Console><Console>" changed cvar (cvar "mapcyclefile") (value "map_custom.txt")
L 09/05/2022 - 21:20:43: [chat-processor.smx] Message formats generated for game 'csgo'.
L 09/05/2022 - 21:20:43: [chat-processor.smx] Successfully hooked a SayText2 chat hook.
L 09/05/2022 - 23:01:01: -------- Mapchange to de_mirage --------
L 09/05/2022 - 23:01:01: [basecommands.smx] "Console<0><Console><Console>" changed cvar (cvar "mapcyclefile") (value "map_custom.txt")
L 09/05/2022 - 23:01:04: [chat-processor.smx] Message formats generated for game 'csgo'.
L 09/05/2022 - 23:01:04: [chat-processor.smx] Successfully hooked a SayText2 chat hook.
L 09/06/2022 - 06:41:25: Log file closed.
