L 08/16/2022 - 00:38:15: SourceMod log file session started (file "/home/csgo/csgo/addons/sourcemod/logs/L20220816.log") (Version "1.12.0.6912")
L 08/16/2022 - 00:38:15: -------- Mapchange to de_mirage --------
L 08/16/2022 - 00:55:33: -------- Mapchange to de_nuke --------
L 08/16/2022 - 03:14:44: -------- Mapchange to de_nuke --------
L 08/16/2022 - 03:15:22: [basecommands.smx] "www<476><STEAM_1:0:110600653><>" changed cvar (cvar "game_mode") (value "1")
L 08/16/2022 - 03:15:26: [basecommands.smx] "www<476><STEAM_1:0:110600653><>" changed map to "mir"
L 08/16/2022 - 03:15:29: [SM] Changed map to "mir"
L 08/16/2022 - 03:15:30: -------- Mapchange to de_mirage --------
L 08/16/2022 - 03:39:32: [basecommands.smx] "www<476><STEAM_1:0:110600653><>" changed map to "mir"
L 08/16/2022 - 03:39:35: [SM] Changed map to "mir"
L 08/16/2022 - 03:39:36: -------- Mapchange to de_mirage --------
L 08/16/2022 - 04:29:29: [playercommands.smx] "www<476><STEAM_1:0:110600653><>" slayed "梦里云<479><STEAM_1:1:240908453><>"
L 08/16/2022 - 07:17:30: -------- Mapchange to de_mirage --------
L 08/16/2022 - 07:22:33: -------- Mapchange to de_mirage --------
L 08/16/2022 - 07:22:54: [basecommands.smx] "uR<481><STEAM_1:1:100521373><>" changed cvar (cvar "game_mode") (value "2")
L 08/16/2022 - 07:22:57: [basecommands.smx] "uR<481><STEAM_1:1:100521373><>" changed map to "pass"
L 08/16/2022 - 07:23:00: [SM] Changed map to "pass"
L 08/16/2022 - 07:23:01: -------- Mapchange to de_overpass --------
L 08/16/2022 - 07:25:48: [basecommands.smx] "uR<481><STEAM_1:1:100521373><>" changed cvar (cvar "sv_infinite_ammo") (value "1")
L 08/16/2022 - 07:27:14: [basecommands.smx] "uR<481><STEAM_1:1:100521373><>" changed cvar (cvar "sv_cHeats") (value "1")
L 08/16/2022 - 08:36:43: -------- Mapchange to de_overpass --------
L 08/16/2022 - 08:37:43: [basecommands.smx] "uR<482><STEAM_1:1:100521373><>" changed map to "mir"
L 08/16/2022 - 08:37:46: [SM] Changed map to "mir"
L 08/16/2022 - 08:37:47: -------- Mapchange to de_mirage --------
L 08/16/2022 - 08:46:07: [basecommands.smx] "uR<482><STEAM_1:1:100521373><>" changed cvar (cvar "sv_infinite_ammo") (value "1")
L 08/16/2022 - 10:19:25: -------- Mapchange to de_mirage --------
L 08/16/2022 - 10:22:23: -------- Mapchange to de_mirage --------
L 08/16/2022 - 11:40:02: -------- Mapchange to de_mirage --------
L 08/16/2022 - 12:50:37: -------- Mapchange to de_mirage --------
L 08/16/2022 - 13:03:04: -------- Mapchange to de_mirage --------
L 08/16/2022 - 13:10:37: -------- Mapchange to de_mirage --------
L 08/16/2022 - 13:14:50: [playercommands.smx] "Smile<502><STEAM_1:1:556167744><>" slapped "2 K 2 2 N O .1<503><STEAM_1:0:186191751><>" (damage "0")
L 08/16/2022 - 13:14:51: [playercommands.smx] "Smile<502><STEAM_1:1:556167744><>" slapped "2 K 2 2 N O .1<503><STEAM_1:0:186191751><>" (damage "0")
L 08/16/2022 - 13:14:51: [playercommands.smx] "Smile<502><STEAM_1:1:556167744><>" slapped "2 K 2 2 N O .1<503><STEAM_1:0:186191751><>" (damage "0")
L 08/16/2022 - 13:14:51: [playercommands.smx] "Smile<502><STEAM_1:1:556167744><>" slapped "2 K 2 2 N O .1<503><STEAM_1:0:186191751><>" (damage "0")
L 08/16/2022 - 13:14:51: [playercommands.smx] "Smile<502><STEAM_1:1:556167744><>" slapped "2 K 2 2 N O .1<503><STEAM_1:0:186191751><>" (damage "0")
L 08/16/2022 - 13:14:51: [playercommands.smx] "Smile<502><STEAM_1:1:556167744><>" slapped "2 K 2 2 N O .1<503><STEAM_1:0:186191751><>" (damage "0")
L 08/16/2022 - 13:14:51: [playercommands.smx] "Smile<502><STEAM_1:1:556167744><>" slapped "2 K 2 2 N O .1<503><STEAM_1:0:186191751><>" (damage "0")
L 08/16/2022 - 13:14:52: [playercommands.smx] "Smile<502><STEAM_1:1:556167744><>" slapped "2 K 2 2 N O .1<503><STEAM_1:0:186191751><>" (damage "0")
L 08/16/2022 - 13:14:52: [playercommands.smx] "Smile<502><STEAM_1:1:556167744><>" slapped "2 K 2 2 N O .1<503><STEAM_1:0:186191751><>" (damage "0")
L 08/16/2022 - 13:14:52: [playercommands.smx] "Smile<502><STEAM_1:1:556167744><>" slapped "2 K 2 2 N O .1<503><STEAM_1:0:186191751><>" (damage "0")
L 08/16/2022 - 13:14:52: [playercommands.smx] "Smile<502><STEAM_1:1:556167744><>" slapped "2 K 2 2 N O .1<503><STEAM_1:0:186191751><>" (damage "0")
L 08/16/2022 - 13:14:52: [playercommands.smx] "Smile<502><STEAM_1:1:556167744><>" slapped "2 K 2 2 N O .1<503><STEAM_1:0:186191751><>" (damage "0")
L 08/16/2022 - 13:14:52: [playercommands.smx] "Smile<502><STEAM_1:1:556167744><>" slapped "2 K 2 2 N O .1<503><STEAM_1:0:186191751><>" (damage "0")
L 08/16/2022 - 13:14:52: [playercommands.smx] "Smile<502><STEAM_1:1:556167744><>" slapped "2 K 2 2 N O .1<503><STEAM_1:0:186191751><>" (damage "0")
L 08/16/2022 - 13:14:53: [playercommands.smx] "Smile<502><STEAM_1:1:556167744><>" slapped "2 K 2 2 N O .1<503><STEAM_1:0:186191751><>" (damage "0")
L 08/16/2022 - 13:14:53: [playercommands.smx] "Smile<502><STEAM_1:1:556167744><>" slapped "2 K 2 2 N O .1<503><STEAM_1:0:186191751><>" (damage "0")
L 08/16/2022 - 13:14:53: [playercommands.smx] "Smile<502><STEAM_1:1:556167744><>" slapped "2 K 2 2 N O .1<503><STEAM_1:0:186191751><>" (damage "0")
L 08/16/2022 - 13:14:53: [playercommands.smx] "Smile<502><STEAM_1:1:556167744><>" slapped "2 K 2 2 N O .1<503><STEAM_1:0:186191751><>" (damage "0")
L 08/16/2022 - 13:14:53: [playercommands.smx] "Smile<502><STEAM_1:1:556167744><>" slapped "2 K 2 2 N O .1<503><STEAM_1:0:186191751><>" (damage "0")
L 08/16/2022 - 13:14:53: [playercommands.smx] "Smile<502><STEAM_1:1:556167744><>" slapped "2 K 2 2 N O .1<503><STEAM_1:0:186191751><>" (damage "0")
L 08/16/2022 - 13:14:54: [playercommands.smx] "Smile<502><STEAM_1:1:556167744><>" slapped "2 K 2 2 N O .1<503><STEAM_1:0:186191751><>" (damage "0")
L 08/16/2022 - 13:14:54: [playercommands.smx] "Smile<502><STEAM_1:1:556167744><>" slapped "2 K 2 2 N O .1<503><STEAM_1:0:186191751><>" (damage "0")
L 08/16/2022 - 13:14:54: [playercommands.smx] "Smile<502><STEAM_1:1:556167744><>" slapped "2 K 2 2 N O .1<503><STEAM_1:0:186191751><>" (damage "0")
L 08/16/2022 - 13:14:54: [playercommands.smx] "Smile<502><STEAM_1:1:556167744><>" slapped "2 K 2 2 N O .1<503><STEAM_1:0:186191751><>" (damage "0")
L 08/16/2022 - 13:14:54: [playercommands.smx] "Smile<502><STEAM_1:1:556167744><>" slapped "2 K 2 2 N O .1<503><STEAM_1:0:186191751><>" (damage "0")
L 08/16/2022 - 13:14:54: [playercommands.smx] "Smile<502><STEAM_1:1:556167744><>" slapped "2 K 2 2 N O .1<503><STEAM_1:0:186191751><>" (damage "0")
L 08/16/2022 - 13:14:55: [playercommands.smx] "Smile<502><STEAM_1:1:556167744><>" slapped "2 K 2 2 N O .1<503><STEAM_1:0:186191751><>" (damage "0")
L 08/16/2022 - 13:14:55: [playercommands.smx] "Smile<502><STEAM_1:1:556167744><>" slapped "2 K 2 2 N O .1<503><STEAM_1:0:186191751><>" (damage "0")
L 08/16/2022 - 13:15:17: [playercommands.smx] "Smile<502><STEAM_1:1:556167744><>" slapped "2 K 2 2 N O .1<503><STEAM_1:0:186191751><>" (damage "0")
L 08/16/2022 - 13:15:20: [playercommands.smx] "Smile<502><STEAM_1:1:556167744><>" slapped "2 K 2 2 N O .1<503><STEAM_1:0:186191751><>" (damage "0")
L 08/16/2022 - 13:15:20: [playercommands.smx] "Smile<502><STEAM_1:1:556167744><>" slapped "2 K 2 2 N O .1<503><STEAM_1:0:186191751><>" (damage "0")
L 08/16/2022 - 13:40:36: [funcommands.smx] "Smile<502><STEAM_1:1:556167744><>" set a TimeBomb on "2 K 2 2 N O .1<504><STEAM_1:0:186191751><>"
L 08/16/2022 - 13:44:35: [playercommands.smx] "Smile<502><STEAM_1:1:556167744><>" slayed "2 K 2 2 N O .1<505><STEAM_1:0:186191751><>"
L 08/16/2022 - 13:48:59: [playercommands.smx] "Smile<502><STEAM_1:1:556167744><>" slapped "2 K 2 2 N O .1<505><STEAM_1:0:186191751><>" (damage "0")
L 08/16/2022 - 13:48:59: [playercommands.smx] "Smile<502><STEAM_1:1:556167744><>" slapped "2 K 2 2 N O .1<505><STEAM_1:0:186191751><>" (damage "0")
L 08/16/2022 - 13:48:59: [playercommands.smx] "Smile<502><STEAM_1:1:556167744><>" slapped "2 K 2 2 N O .1<505><STEAM_1:0:186191751><>" (damage "0")
L 08/16/2022 - 13:48:59: [playercommands.smx] "Smile<502><STEAM_1:1:556167744><>" slapped "2 K 2 2 N O .1<505><STEAM_1:0:186191751><>" (damage "0")
L 08/16/2022 - 13:49:00: [playercommands.smx] "Smile<502><STEAM_1:1:556167744><>" slapped "2 K 2 2 N O .1<505><STEAM_1:0:186191751><>" (damage "0")
L 08/16/2022 - 13:49:00: [playercommands.smx] "Smile<502><STEAM_1:1:556167744><>" slapped "2 K 2 2 N O .1<505><STEAM_1:0:186191751><>" (damage "0")
L 08/16/2022 - 13:49:00: [playercommands.smx] "Smile<502><STEAM_1:1:556167744><>" slapped "2 K 2 2 N O .1<505><STEAM_1:0:186191751><>" (damage "0")
L 08/16/2022 - 13:49:00: [playercommands.smx] "Smile<502><STEAM_1:1:556167744><>" slapped "2 K 2 2 N O .1<505><STEAM_1:0:186191751><>" (damage "0")
L 08/16/2022 - 13:49:01: [playercommands.smx] "Smile<502><STEAM_1:1:556167744><>" slapped "2 K 2 2 N O .1<505><STEAM_1:0:186191751><>" (damage "0")
L 08/16/2022 - 13:49:01: [playercommands.smx] "Smile<502><STEAM_1:1:556167744><>" slapped "2 K 2 2 N O .1<505><STEAM_1:0:186191751><>" (damage "0")
L 08/16/2022 - 13:49:02: [playercommands.smx] "Smile<502><STEAM_1:1:556167744><>" slapped "2 K 2 2 N O .1<505><STEAM_1:0:186191751><>" (damage "0")
L 08/16/2022 - 13:49:02: [playercommands.smx] "Smile<502><STEAM_1:1:556167744><>" slapped "2 K 2 2 N O .1<505><STEAM_1:0:186191751><>" (damage "0")
L 08/16/2022 - 13:49:02: [playercommands.smx] "Smile<502><STEAM_1:1:556167744><>" slapped "2 K 2 2 N O .1<505><STEAM_1:0:186191751><>" (damage "0")
L 08/16/2022 - 13:49:02: [playercommands.smx] "Smile<502><STEAM_1:1:556167744><>" slapped "2 K 2 2 N O .1<505><STEAM_1:0:186191751><>" (damage "0")
L 08/16/2022 - 13:49:03: [playercommands.smx] "Smile<502><STEAM_1:1:556167744><>" slapped "2 K 2 2 N O .1<505><STEAM_1:0:186191751><>" (damage "0")
L 08/16/2022 - 13:49:03: [playercommands.smx] "Smile<502><STEAM_1:1:556167744><>" slapped "2 K 2 2 N O .1<505><STEAM_1:0:186191751><>" (damage "0")
L 08/16/2022 - 13:49:03: [playercommands.smx] "Smile<502><STEAM_1:1:556167744><>" slapped "2 K 2 2 N O .1<505><STEAM_1:0:186191751><>" (damage "0")
L 08/16/2022 - 13:49:03: [playercommands.smx] "Smile<502><STEAM_1:1:556167744><>" slapped "2 K 2 2 N O .1<505><STEAM_1:0:186191751><>" (damage "0")
L 08/16/2022 - 13:49:07: [playercommands.smx] "Smile<502><STEAM_1:1:556167744><>" slapped "2 K 2 2 N O .1<505><STEAM_1:0:186191751><>" (damage "0")
L 08/16/2022 - 13:49:07: [playercommands.smx] "Smile<502><STEAM_1:1:556167744><>" slapped "2 K 2 2 N O .1<505><STEAM_1:0:186191751><>" (damage "0")
L 08/16/2022 - 13:49:07: [playercommands.smx] "Smile<502><STEAM_1:1:556167744><>" slapped "2 K 2 2 N O .1<505><STEAM_1:0:186191751><>" (damage "0")
L 08/16/2022 - 13:49:07: [playercommands.smx] "Smile<502><STEAM_1:1:556167744><>" slapped "2 K 2 2 N O .1<505><STEAM_1:0:186191751><>" (damage "0")
L 08/16/2022 - 13:49:07: [playercommands.smx] "Smile<502><STEAM_1:1:556167744><>" slapped "2 K 2 2 N O .1<505><STEAM_1:0:186191751><>" (damage "0")
L 08/16/2022 - 13:49:08: [playercommands.smx] "Smile<502><STEAM_1:1:556167744><>" slapped "2 K 2 2 N O .1<505><STEAM_1:0:186191751><>" (damage "0")
L 08/16/2022 - 13:49:08: [playercommands.smx] "Smile<502><STEAM_1:1:556167744><>" slapped "2 K 2 2 N O .1<505><STEAM_1:0:186191751><>" (damage "0")
L 08/16/2022 - 13:49:08: [playercommands.smx] "Smile<502><STEAM_1:1:556167744><>" slapped "2 K 2 2 N O .1<505><STEAM_1:0:186191751><>" (damage "0")
L 08/16/2022 - 13:49:08: [playercommands.smx] "Smile<502><STEAM_1:1:556167744><>" slapped "2 K 2 2 N O .1<505><STEAM_1:0:186191751><>" (damage "0")
L 08/16/2022 - 13:49:08: [playercommands.smx] "Smile<502><STEAM_1:1:556167744><>" slapped "2 K 2 2 N O .1<505><STEAM_1:0:186191751><>" (damage "0")
L 08/16/2022 - 13:49:20: [playercommands.smx] "Smile<502><STEAM_1:1:556167744><>" slapped "Smile<502><STEAM_1:1:556167744><>" (damage "0")
L 08/16/2022 - 13:49:20: [playercommands.smx] "Smile<502><STEAM_1:1:556167744><>" slapped "Smile<502><STEAM_1:1:556167744><>" (damage "0")
L 08/16/2022 - 13:49:20: [playercommands.smx] "Smile<502><STEAM_1:1:556167744><>" slapped "Smile<502><STEAM_1:1:556167744><>" (damage "0")
L 08/16/2022 - 13:49:21: [playercommands.smx] "Smile<502><STEAM_1:1:556167744><>" slapped "Smile<502><STEAM_1:1:556167744><>" (damage "0")
L 08/16/2022 - 13:49:21: [playercommands.smx] "Smile<502><STEAM_1:1:556167744><>" slapped "Smile<502><STEAM_1:1:556167744><>" (damage "0")
L 08/16/2022 - 13:49:21: [playercommands.smx] "Smile<502><STEAM_1:1:556167744><>" slapped "Smile<502><STEAM_1:1:556167744><>" (damage "0")
L 08/16/2022 - 13:49:22: [playercommands.smx] "Smile<502><STEAM_1:1:556167744><>" slapped "Smile<502><STEAM_1:1:556167744><>" (damage "0")
L 08/16/2022 - 13:49:22: [playercommands.smx] "Smile<502><STEAM_1:1:556167744><>" slapped "Smile<502><STEAM_1:1:556167744><>" (damage "0")
L 08/16/2022 - 13:49:22: [playercommands.smx] "Smile<502><STEAM_1:1:556167744><>" slapped "Smile<502><STEAM_1:1:556167744><>" (damage "0")
L 08/16/2022 - 13:49:22: [playercommands.smx] "Smile<502><STEAM_1:1:556167744><>" slapped "Smile<502><STEAM_1:1:556167744><>" (damage "0")
L 08/16/2022 - 13:51:44: -------- Mapchange to de_mirage --------
L 08/16/2022 - 13:53:54: -------- Mapchange to de_mirage --------
L 08/16/2022 - 14:35:30: [playercommands.smx] "Smile<511><STEAM_1:1:556167744><>" slapped "2 K 2 2 N O .1<506><STEAM_1:0:186191751><>" (damage "0")
L 08/16/2022 - 14:35:30: [playercommands.smx] "Smile<511><STEAM_1:1:556167744><>" slapped "2 K 2 2 N O .1<506><STEAM_1:0:186191751><>" (damage "0")
L 08/16/2022 - 14:35:30: [playercommands.smx] "Smile<511><STEAM_1:1:556167744><>" slapped "2 K 2 2 N O .1<506><STEAM_1:0:186191751><>" (damage "0")
L 08/16/2022 - 14:35:31: [playercommands.smx] "Smile<511><STEAM_1:1:556167744><>" slapped "2 K 2 2 N O .1<506><STEAM_1:0:186191751><>" (damage "0")
L 08/16/2022 - 14:35:31: [playercommands.smx] "Smile<511><STEAM_1:1:556167744><>" slapped "2 K 2 2 N O .1<506><STEAM_1:0:186191751><>" (damage "0")
L 08/16/2022 - 14:35:31: [playercommands.smx] "Smile<511><STEAM_1:1:556167744><>" slapped "2 K 2 2 N O .1<506><STEAM_1:0:186191751><>" (damage "0")
L 08/16/2022 - 14:35:31: [playercommands.smx] "Smile<511><STEAM_1:1:556167744><>" slapped "2 K 2 2 N O .1<506><STEAM_1:0:186191751><>" (damage "0")
L 08/16/2022 - 14:35:32: [playercommands.smx] "Smile<511><STEAM_1:1:556167744><>" slapped "2 K 2 2 N O .1<506><STEAM_1:0:186191751><>" (damage "0")
L 08/16/2022 - 14:35:32: [playercommands.smx] "Smile<511><STEAM_1:1:556167744><>" slapped "2 K 2 2 N O .1<506><STEAM_1:0:186191751><>" (damage "0")
L 08/16/2022 - 14:35:32: [playercommands.smx] "Smile<511><STEAM_1:1:556167744><>" slapped "2 K 2 2 N O .1<506><STEAM_1:0:186191751><>" (damage "0")
L 08/16/2022 - 14:35:32: [playercommands.smx] "Smile<511><STEAM_1:1:556167744><>" slapped "2 K 2 2 N O .1<506><STEAM_1:0:186191751><>" (damage "0")
L 08/16/2022 - 14:35:33: [playercommands.smx] "Smile<511><STEAM_1:1:556167744><>" slapped "2 K 2 2 N O .1<506><STEAM_1:0:186191751><>" (damage "0")
L 08/16/2022 - 14:35:33: [playercommands.smx] "Smile<511><STEAM_1:1:556167744><>" slapped "2 K 2 2 N O .1<506><STEAM_1:0:186191751><>" (damage "0")
L 08/16/2022 - 14:35:33: [playercommands.smx] "Smile<511><STEAM_1:1:556167744><>" slapped "2 K 2 2 N O .1<506><STEAM_1:0:186191751><>" (damage "0")
L 08/16/2022 - 14:35:33: [playercommands.smx] "Smile<511><STEAM_1:1:556167744><>" slapped "2 K 2 2 N O .1<506><STEAM_1:0:186191751><>" (damage "0")
L 08/16/2022 - 14:35:34: [playercommands.smx] "Smile<511><STEAM_1:1:556167744><>" slapped "2 K 2 2 N O .1<506><STEAM_1:0:186191751><>" (damage "0")
L 08/16/2022 - 14:35:34: [playercommands.smx] "Smile<511><STEAM_1:1:556167744><>" slapped "2 K 2 2 N O .1<506><STEAM_1:0:186191751><>" (damage "0")
L 08/16/2022 - 14:35:34: [playercommands.smx] "Smile<511><STEAM_1:1:556167744><>" slapped "2 K 2 2 N O .1<506><STEAM_1:0:186191751><>" (damage "0")
L 08/16/2022 - 14:35:34: [playercommands.smx] "Smile<511><STEAM_1:1:556167744><>" slapped "2 K 2 2 N O .1<506><STEAM_1:0:186191751><>" (damage "0")
L 08/16/2022 - 14:35:35: [playercommands.smx] "Smile<511><STEAM_1:1:556167744><>" slapped "2 K 2 2 N O .1<506><STEAM_1:0:186191751><>" (damage "0")
L 08/16/2022 - 14:35:35: [playercommands.smx] "Smile<511><STEAM_1:1:556167744><>" slapped "2 K 2 2 N O .1<506><STEAM_1:0:186191751><>" (damage "0")
L 08/16/2022 - 14:35:35: [playercommands.smx] "Smile<511><STEAM_1:1:556167744><>" slapped "2 K 2 2 N O .1<506><STEAM_1:0:186191751><>" (damage "0")
L 08/16/2022 - 14:35:35: [playercommands.smx] "Smile<511><STEAM_1:1:556167744><>" slapped "2 K 2 2 N O .1<506><STEAM_1:0:186191751><>" (damage "0")
L 08/16/2022 - 14:35:35: [playercommands.smx] "Smile<511><STEAM_1:1:556167744><>" slapped "2 K 2 2 N O .1<506><STEAM_1:0:186191751><>" (damage "0")
L 08/16/2022 - 14:35:36: [playercommands.smx] "Smile<511><STEAM_1:1:556167744><>" slapped "2 K 2 2 N O .1<506><STEAM_1:0:186191751><>" (damage "0")
L 08/16/2022 - 14:35:36: [playercommands.smx] "Smile<511><STEAM_1:1:556167744><>" slapped "2 K 2 2 N O .1<506><STEAM_1:0:186191751><>" (damage "0")
L 08/16/2022 - 14:35:37: [playercommands.smx] "Smile<511><STEAM_1:1:556167744><>" slapped "2 K 2 2 N O .1<506><STEAM_1:0:186191751><>" (damage "0")
L 08/16/2022 - 14:35:37: [playercommands.smx] "Smile<511><STEAM_1:1:556167744><>" slapped "2 K 2 2 N O .1<506><STEAM_1:0:186191751><>" (damage "0")
L 08/16/2022 - 14:35:42: [playercommands.smx] "Smile<511><STEAM_1:1:556167744><>" slapped "2 K 2 2 N O .1<506><STEAM_1:0:186191751><>" (damage "0")
L 08/16/2022 - 14:35:42: [playercommands.smx] "Smile<511><STEAM_1:1:556167744><>" slapped "2 K 2 2 N O .1<506><STEAM_1:0:186191751><>" (damage "0")
L 08/16/2022 - 14:35:42: [playercommands.smx] "Smile<511><STEAM_1:1:556167744><>" slapped "2 K 2 2 N O .1<506><STEAM_1:0:186191751><>" (damage "0")
L 08/16/2022 - 14:35:43: [playercommands.smx] "Smile<511><STEAM_1:1:556167744><>" slapped "2 K 2 2 N O .1<506><STEAM_1:0:186191751><>" (damage "0")
L 08/16/2022 - 14:35:43: [playercommands.smx] "Smile<511><STEAM_1:1:556167744><>" slapped "2 K 2 2 N O .1<506><STEAM_1:0:186191751><>" (damage "0")
L 08/16/2022 - 14:35:44: [playercommands.smx] "Smile<511><STEAM_1:1:556167744><>" slapped "2 K 2 2 N O .1<506><STEAM_1:0:186191751><>" (damage "0")
L 08/16/2022 - 14:35:44: [playercommands.smx] "Smile<511><STEAM_1:1:556167744><>" slapped "2 K 2 2 N O .1<506><STEAM_1:0:186191751><>" (damage "0")
L 08/16/2022 - 14:35:44: [playercommands.smx] "Smile<511><STEAM_1:1:556167744><>" slapped "2 K 2 2 N O .1<506><STEAM_1:0:186191751><>" (damage "0")
L 08/16/2022 - 14:35:44: [playercommands.smx] "Smile<511><STEAM_1:1:556167744><>" slapped "2 K 2 2 N O .1<506><STEAM_1:0:186191751><>" (damage "0")
L 08/16/2022 - 14:35:45: [playercommands.smx] "Smile<511><STEAM_1:1:556167744><>" slapped "2 K 2 2 N O .1<506><STEAM_1:0:186191751><>" (damage "0")
L 08/16/2022 - 14:35:45: [playercommands.smx] "Smile<511><STEAM_1:1:556167744><>" slapped "2 K 2 2 N O .1<506><STEAM_1:0:186191751><>" (damage "0")
L 08/16/2022 - 14:35:45: [playercommands.smx] "Smile<511><STEAM_1:1:556167744><>" slapped "2 K 2 2 N O .1<506><STEAM_1:0:186191751><>" (damage "0")
L 08/16/2022 - 14:35:45: [playercommands.smx] "Smile<511><STEAM_1:1:556167744><>" slapped "2 K 2 2 N O .1<506><STEAM_1:0:186191751><>" (damage "0")
L 08/16/2022 - 14:35:45: [playercommands.smx] "Smile<511><STEAM_1:1:556167744><>" slapped "2 K 2 2 N O .1<506><STEAM_1:0:186191751><>" (damage "0")
L 08/16/2022 - 14:35:46: [playercommands.smx] "Smile<511><STEAM_1:1:556167744><>" slapped "2 K 2 2 N O .1<506><STEAM_1:0:186191751><>" (damage "0")
L 08/16/2022 - 14:35:46: [playercommands.smx] "Smile<511><STEAM_1:1:556167744><>" slapped "2 K 2 2 N O .1<506><STEAM_1:0:186191751><>" (damage "0")
L 08/16/2022 - 14:35:46: [playercommands.smx] "Smile<511><STEAM_1:1:556167744><>" slapped "2 K 2 2 N O .1<506><STEAM_1:0:186191751><>" (damage "0")
L 08/16/2022 - 14:35:46: [playercommands.smx] "Smile<511><STEAM_1:1:556167744><>" slapped "2 K 2 2 N O .1<506><STEAM_1:0:186191751><>" (damage "0")
L 08/16/2022 - 14:35:47: [playercommands.smx] "Smile<511><STEAM_1:1:556167744><>" slapped "2 K 2 2 N O .1<506><STEAM_1:0:186191751><>" (damage "0")
L 08/16/2022 - 14:35:47: [playercommands.smx] "Smile<511><STEAM_1:1:556167744><>" slapped "2 K 2 2 N O .1<506><STEAM_1:0:186191751><>" (damage "0")
L 08/16/2022 - 14:35:47: [playercommands.smx] "Smile<511><STEAM_1:1:556167744><>" slapped "2 K 2 2 N O .1<506><STEAM_1:0:186191751><>" (damage "0")
L 08/16/2022 - 14:35:47: [playercommands.smx] "Smile<511><STEAM_1:1:556167744><>" slapped "2 K 2 2 N O .1<506><STEAM_1:0:186191751><>" (damage "0")
L 08/16/2022 - 14:35:48: [playercommands.smx] "Smile<511><STEAM_1:1:556167744><>" slapped "2 K 2 2 N O .1<506><STEAM_1:0:186191751><>" (damage "0")
L 08/16/2022 - 14:35:48: [playercommands.smx] "Smile<511><STEAM_1:1:556167744><>" slapped "2 K 2 2 N O .1<506><STEAM_1:0:186191751><>" (damage "0")
L 08/16/2022 - 14:35:48: [playercommands.smx] "Smile<511><STEAM_1:1:556167744><>" slapped "2 K 2 2 N O .1<506><STEAM_1:0:186191751><>" (damage "0")
L 08/16/2022 - 14:35:48: [playercommands.smx] "Smile<511><STEAM_1:1:556167744><>" slapped "2 K 2 2 N O .1<506><STEAM_1:0:186191751><>" (damage "0")
L 08/16/2022 - 14:35:49: [playercommands.smx] "Smile<511><STEAM_1:1:556167744><>" slapped "2 K 2 2 N O .1<506><STEAM_1:0:186191751><>" (damage "0")
L 08/16/2022 - 14:35:49: [playercommands.smx] "Smile<511><STEAM_1:1:556167744><>" slapped "2 K 2 2 N O .1<506><STEAM_1:0:186191751><>" (damage "0")
L 08/16/2022 - 14:35:49: [playercommands.smx] "Smile<511><STEAM_1:1:556167744><>" slapped "2 K 2 2 N O .1<506><STEAM_1:0:186191751><>" (damage "0")
L 08/16/2022 - 14:35:49: [playercommands.smx] "Smile<511><STEAM_1:1:556167744><>" slapped "2 K 2 2 N O .1<506><STEAM_1:0:186191751><>" (damage "0")
L 08/16/2022 - 14:35:49: [playercommands.smx] "Smile<511><STEAM_1:1:556167744><>" slapped "2 K 2 2 N O .1<506><STEAM_1:0:186191751><>" (damage "0")
L 08/16/2022 - 14:35:50: [playercommands.smx] "Smile<511><STEAM_1:1:556167744><>" slapped "2 K 2 2 N O .1<506><STEAM_1:0:186191751><>" (damage "0")
L 08/16/2022 - 14:35:50: [playercommands.smx] "Smile<511><STEAM_1:1:556167744><>" slapped "2 K 2 2 N O .1<506><STEAM_1:0:186191751><>" (damage "0")
L 08/16/2022 - 14:35:50: [playercommands.smx] "Smile<511><STEAM_1:1:556167744><>" slapped "2 K 2 2 N O .1<506><STEAM_1:0:186191751><>" (damage "0")
L 08/16/2022 - 14:35:50: [playercommands.smx] "Smile<511><STEAM_1:1:556167744><>" slapped "2 K 2 2 N O .1<506><STEAM_1:0:186191751><>" (damage "0")
L 08/16/2022 - 14:35:51: [playercommands.smx] "Smile<511><STEAM_1:1:556167744><>" slapped "2 K 2 2 N O .1<506><STEAM_1:0:186191751><>" (damage "0")
L 08/16/2022 - 14:35:51: [playercommands.smx] "Smile<511><STEAM_1:1:556167744><>" slapped "2 K 2 2 N O .1<506><STEAM_1:0:186191751><>" (damage "0")
L 08/16/2022 - 14:35:51: [playercommands.smx] "Smile<511><STEAM_1:1:556167744><>" slapped "2 K 2 2 N O .1<506><STEAM_1:0:186191751><>" (damage "0")
L 08/16/2022 - 14:35:51: [playercommands.smx] "Smile<511><STEAM_1:1:556167744><>" slapped "2 K 2 2 N O .1<506><STEAM_1:0:186191751><>" (damage "0")
L 08/16/2022 - 14:35:52: [playercommands.smx] "Smile<511><STEAM_1:1:556167744><>" slapped "2 K 2 2 N O .1<506><STEAM_1:0:186191751><>" (damage "0")
L 08/16/2022 - 14:35:52: [playercommands.smx] "Smile<511><STEAM_1:1:556167744><>" slapped "2 K 2 2 N O .1<506><STEAM_1:0:186191751><>" (damage "0")
L 08/16/2022 - 15:01:15: -------- Mapchange to de_mirage --------
L 08/16/2022 - 18:30:52: -------- Mapchange to de_mirage --------
L 08/16/2022 - 19:19:28: -------- Mapchange to de_mirage --------
L 08/16/2022 - 19:46:26: [basecommands.smx] "uR<519><STEAM_1:1:100521373><>" changed cvar (cvar "sv_infinite_ammo") (value "1")
L 08/16/2022 - 19:53:57: -------- Mapchange to de_mirage --------
L 08/16/2022 - 20:06:10: -------- Mapchange to de_mirage --------
L 08/16/2022 - 20:20:46: [playercommands.smx] "uR<534><STEAM_1:1:100521373><>" slapped "sene<533><STEAM_1:0:531050560><>" (damage "0")
L 08/16/2022 - 20:20:46: [playercommands.smx] "uR<534><STEAM_1:1:100521373><>" slapped "sene<533><STEAM_1:0:531050560><>" (damage "0")
L 08/16/2022 - 20:20:47: [playercommands.smx] "uR<534><STEAM_1:1:100521373><>" slapped "sene<533><STEAM_1:0:531050560><>" (damage "0")
L 08/16/2022 - 20:20:48: [playercommands.smx] "uR<534><STEAM_1:1:100521373><>" slapped "sene<533><STEAM_1:0:531050560><>" (damage "0")
L 08/16/2022 - 20:20:49: [playercommands.smx] "uR<534><STEAM_1:1:100521373><>" slapped "sene<533><STEAM_1:0:531050560><>" (damage "0")
L 08/16/2022 - 20:20:50: [playercommands.smx] "uR<534><STEAM_1:1:100521373><>" slapped "sene<533><STEAM_1:0:531050560><>" (damage "0")
L 08/16/2022 - 20:20:53: [playercommands.smx] "uR<534><STEAM_1:1:100521373><>" slapped "sene<533><STEAM_1:0:531050560><>" (damage "0")
L 08/16/2022 - 20:20:53: [playercommands.smx] "uR<534><STEAM_1:1:100521373><>" slapped "sene<533><STEAM_1:0:531050560><>" (damage "0")
L 08/16/2022 - 20:20:54: [playercommands.smx] "uR<534><STEAM_1:1:100521373><>" slapped "sene<533><STEAM_1:0:531050560><>" (damage "0")
L 08/16/2022 - 20:20:54: [playercommands.smx] "uR<534><STEAM_1:1:100521373><>" slapped "sene<533><STEAM_1:0:531050560><>" (damage "0")
L 08/16/2022 - 20:21:10: [playercommands.smx] "uR<534><STEAM_1:1:100521373><>" slapped "sene<533><STEAM_1:0:531050560><>" (damage "0")
L 08/16/2022 - 20:21:12: [playercommands.smx] "uR<534><STEAM_1:1:100521373><>" slapped "sene<533><STEAM_1:0:531050560><>" (damage "0")
L 08/16/2022 - 20:21:13: [playercommands.smx] "uR<534><STEAM_1:1:100521373><>" slapped "sene<533><STEAM_1:0:531050560><>" (damage "0")
L 08/16/2022 - 20:21:13: [playercommands.smx] "uR<534><STEAM_1:1:100521373><>" slapped "sene<533><STEAM_1:0:531050560><>" (damage "0")
L 08/16/2022 - 20:21:17: [playercommands.smx] "uR<534><STEAM_1:1:100521373><>" slapped "sene<533><STEAM_1:0:531050560><>" (damage "0")
L 08/16/2022 - 20:21:17: [playercommands.smx] "uR<534><STEAM_1:1:100521373><>" slapped "sene<533><STEAM_1:0:531050560><>" (damage "0")
L 08/16/2022 - 20:21:17: [playercommands.smx] "uR<534><STEAM_1:1:100521373><>" slapped "sene<533><STEAM_1:0:531050560><>" (damage "0")
L 08/16/2022 - 20:21:17: [playercommands.smx] "uR<534><STEAM_1:1:100521373><>" slapped "sene<533><STEAM_1:0:531050560><>" (damage "0")
L 08/16/2022 - 20:21:17: [playercommands.smx] "uR<534><STEAM_1:1:100521373><>" slapped "sene<533><STEAM_1:0:531050560><>" (damage "0")
L 08/16/2022 - 20:21:17: [playercommands.smx] "uR<534><STEAM_1:1:100521373><>" slapped "sene<533><STEAM_1:0:531050560><>" (damage "0")
L 08/16/2022 - 20:21:19: [playercommands.smx] "uR<534><STEAM_1:1:100521373><>" slapped "sene<533><STEAM_1:0:531050560><>" (damage "0")
L 08/16/2022 - 20:21:20: [playercommands.smx] "uR<534><STEAM_1:1:100521373><>" slapped "sene<533><STEAM_1:0:531050560><>" (damage "0")
L 08/16/2022 - 20:21:24: [playercommands.smx] "uR<534><STEAM_1:1:100521373><>" slapped "sene<533><STEAM_1:0:531050560><>" (damage "0")
L 08/16/2022 - 20:21:24: [playercommands.smx] "uR<534><STEAM_1:1:100521373><>" slapped "sene<533><STEAM_1:0:531050560><>" (damage "0")
L 08/16/2022 - 20:21:24: [playercommands.smx] "uR<534><STEAM_1:1:100521373><>" slapped "sene<533><STEAM_1:0:531050560><>" (damage "0")
L 08/16/2022 - 20:21:24: [playercommands.smx] "uR<534><STEAM_1:1:100521373><>" slapped "sene<533><STEAM_1:0:531050560><>" (damage "0")
L 08/16/2022 - 20:21:25: [playercommands.smx] "uR<534><STEAM_1:1:100521373><>" slapped "sene<533><STEAM_1:0:531050560><>" (damage "0")
L 08/16/2022 - 20:21:26: [playercommands.smx] "uR<534><STEAM_1:1:100521373><>" slapped "sene<533><STEAM_1:0:531050560><>" (damage "0")
L 08/16/2022 - 20:21:28: [playercommands.smx] "uR<534><STEAM_1:1:100521373><>" slapped "sene<533><STEAM_1:0:531050560><>" (damage "0")
L 08/16/2022 - 20:21:28: [playercommands.smx] "uR<534><STEAM_1:1:100521373><>" slapped "sene<533><STEAM_1:0:531050560><>" (damage "0")
L 08/16/2022 - 20:21:28: [playercommands.smx] "uR<534><STEAM_1:1:100521373><>" slapped "sene<533><STEAM_1:0:531050560><>" (damage "0")
L 08/16/2022 - 20:21:29: [playercommands.smx] "uR<534><STEAM_1:1:100521373><>" slapped "sene<533><STEAM_1:0:531050560><>" (damage "0")
L 08/16/2022 - 20:21:29: [playercommands.smx] "uR<534><STEAM_1:1:100521373><>" slapped "sene<533><STEAM_1:0:531050560><>" (damage "0")
L 08/16/2022 - 20:21:29: [playercommands.smx] "uR<534><STEAM_1:1:100521373><>" slapped "山山漫漫结成关<532><STEAM_1:1:1361133><>" (damage "0")
L 08/16/2022 - 20:21:30: [playercommands.smx] "uR<534><STEAM_1:1:100521373><>" slapped "山山漫漫结成关<532><STEAM_1:1:1361133><>" (damage "0")
L 08/16/2022 - 20:21:30: [playercommands.smx] "uR<534><STEAM_1:1:100521373><>" slapped "山山漫漫结成关<532><STEAM_1:1:1361133><>" (damage "0")
L 08/16/2022 - 20:21:30: [playercommands.smx] "uR<534><STEAM_1:1:100521373><>" slapped "山山漫漫结成关<532><STEAM_1:1:1361133><>" (damage "0")
L 08/16/2022 - 20:21:31: [playercommands.smx] "uR<534><STEAM_1:1:100521373><>" slapped "sene<533><STEAM_1:0:531050560><>" (damage "0")
L 08/16/2022 - 20:21:31: [playercommands.smx] "uR<534><STEAM_1:1:100521373><>" slapped "sene<533><STEAM_1:0:531050560><>" (damage "0")
L 08/16/2022 - 20:21:31: [playercommands.smx] "uR<534><STEAM_1:1:100521373><>" slapped "sene<533><STEAM_1:0:531050560><>" (damage "0")
L 08/16/2022 - 20:21:32: [playercommands.smx] "uR<534><STEAM_1:1:100521373><>" slapped "sene<533><STEAM_1:0:531050560><>" (damage "0")
L 08/16/2022 - 20:21:32: [playercommands.smx] "uR<534><STEAM_1:1:100521373><>" slapped "sene<533><STEAM_1:0:531050560><>" (damage "0")
L 08/16/2022 - 20:21:32: [playercommands.smx] "uR<534><STEAM_1:1:100521373><>" slapped "sene<533><STEAM_1:0:531050560><>" (damage "0")
L 08/16/2022 - 20:21:32: [playercommands.smx] "uR<534><STEAM_1:1:100521373><>" slapped "sene<533><STEAM_1:0:531050560><>" (damage "0")
L 08/16/2022 - 20:21:33: [playercommands.smx] "uR<534><STEAM_1:1:100521373><>" slapped "sene<533><STEAM_1:0:531050560><>" (damage "0")
L 08/16/2022 - 20:21:33: [playercommands.smx] "uR<534><STEAM_1:1:100521373><>" slapped "sene<533><STEAM_1:0:531050560><>" (damage "0")
L 08/16/2022 - 20:21:33: [playercommands.smx] "uR<534><STEAM_1:1:100521373><>" slapped "sene<533><STEAM_1:0:531050560><>" (damage "0")
L 08/16/2022 - 20:21:33: [playercommands.smx] "uR<534><STEAM_1:1:100521373><>" slapped "sene<533><STEAM_1:0:531050560><>" (damage "0")
L 08/16/2022 - 20:21:33: [playercommands.smx] "uR<534><STEAM_1:1:100521373><>" slapped "sene<533><STEAM_1:0:531050560><>" (damage "0")
L 08/16/2022 - 20:21:34: [playercommands.smx] "uR<534><STEAM_1:1:100521373><>" slapped "sene<533><STEAM_1:0:531050560><>" (damage "0")
L 08/16/2022 - 20:21:34: [playercommands.smx] "uR<534><STEAM_1:1:100521373><>" slapped "sene<533><STEAM_1:0:531050560><>" (damage "0")
L 08/16/2022 - 20:21:34: [playercommands.smx] "uR<534><STEAM_1:1:100521373><>" slapped "sene<533><STEAM_1:0:531050560><>" (damage "0")
L 08/16/2022 - 20:21:34: [playercommands.smx] "uR<534><STEAM_1:1:100521373><>" slapped "sene<533><STEAM_1:0:531050560><>" (damage "0")
L 08/16/2022 - 20:21:34: [playercommands.smx] "uR<534><STEAM_1:1:100521373><>" slapped "sene<533><STEAM_1:0:531050560><>" (damage "0")
L 08/16/2022 - 20:21:34: [playercommands.smx] "uR<534><STEAM_1:1:100521373><>" slapped "sene<533><STEAM_1:0:531050560><>" (damage "0")
L 08/16/2022 - 20:21:35: [playercommands.smx] "uR<534><STEAM_1:1:100521373><>" slapped "sene<533><STEAM_1:0:531050560><>" (damage "0")
L 08/16/2022 - 20:21:35: [playercommands.smx] "uR<534><STEAM_1:1:100521373><>" slapped "sene<533><STEAM_1:0:531050560><>" (damage "0")
L 08/16/2022 - 20:21:35: [playercommands.smx] "uR<534><STEAM_1:1:100521373><>" slapped "sene<533><STEAM_1:0:531050560><>" (damage "0")
L 08/16/2022 - 20:21:35: [playercommands.smx] "uR<534><STEAM_1:1:100521373><>" slapped "sene<533><STEAM_1:0:531050560><>" (damage "0")
L 08/16/2022 - 20:21:35: [playercommands.smx] "uR<534><STEAM_1:1:100521373><>" slapped "sene<533><STEAM_1:0:531050560><>" (damage "0")
L 08/16/2022 - 20:21:35: [playercommands.smx] "uR<534><STEAM_1:1:100521373><>" slapped "sene<533><STEAM_1:0:531050560><>" (damage "0")
L 08/16/2022 - 20:21:36: [playercommands.smx] "uR<534><STEAM_1:1:100521373><>" slapped "sene<533><STEAM_1:0:531050560><>" (damage "0")
L 08/16/2022 - 20:21:36: [playercommands.smx] "uR<534><STEAM_1:1:100521373><>" slapped "sene<533><STEAM_1:0:531050560><>" (damage "0")
L 08/16/2022 - 20:21:36: [playercommands.smx] "uR<534><STEAM_1:1:100521373><>" slapped "sene<533><STEAM_1:0:531050560><>" (damage "0")
L 08/16/2022 - 20:21:36: [playercommands.smx] "uR<534><STEAM_1:1:100521373><>" slapped "sene<533><STEAM_1:0:531050560><>" (damage "0")
L 08/16/2022 - 20:21:36: [playercommands.smx] "uR<534><STEAM_1:1:100521373><>" slapped "sene<533><STEAM_1:0:531050560><>" (damage "0")
L 08/16/2022 - 20:21:36: [playercommands.smx] "uR<534><STEAM_1:1:100521373><>" slapped "sene<533><STEAM_1:0:531050560><>" (damage "0")
L 08/16/2022 - 20:21:36: [playercommands.smx] "uR<534><STEAM_1:1:100521373><>" slapped "sene<533><STEAM_1:0:531050560><>" (damage "0")
L 08/16/2022 - 20:21:37: [playercommands.smx] "uR<534><STEAM_1:1:100521373><>" slapped "sene<533><STEAM_1:0:531050560><>" (damage "0")
L 08/16/2022 - 20:21:37: [playercommands.smx] "uR<534><STEAM_1:1:100521373><>" slapped "sene<533><STEAM_1:0:531050560><>" (damage "0")
L 08/16/2022 - 20:21:37: [playercommands.smx] "uR<534><STEAM_1:1:100521373><>" slapped "sene<533><STEAM_1:0:531050560><>" (damage "0")
L 08/16/2022 - 20:21:37: [playercommands.smx] "uR<534><STEAM_1:1:100521373><>" slapped "sene<533><STEAM_1:0:531050560><>" (damage "0")
L 08/16/2022 - 20:21:37: [playercommands.smx] "uR<534><STEAM_1:1:100521373><>" slapped "sene<533><STEAM_1:0:531050560><>" (damage "0")
L 08/16/2022 - 20:21:37: [playercommands.smx] "uR<534><STEAM_1:1:100521373><>" slapped "sene<533><STEAM_1:0:531050560><>" (damage "0")
L 08/16/2022 - 20:21:38: [playercommands.smx] "uR<534><STEAM_1:1:100521373><>" slapped "sene<533><STEAM_1:0:531050560><>" (damage "0")
L 08/16/2022 - 20:21:38: [playercommands.smx] "uR<534><STEAM_1:1:100521373><>" slapped "sene<533><STEAM_1:0:531050560><>" (damage "0")
L 08/16/2022 - 20:21:38: [playercommands.smx] "uR<534><STEAM_1:1:100521373><>" slapped "sene<533><STEAM_1:0:531050560><>" (damage "0")
L 08/16/2022 - 20:21:38: [playercommands.smx] "uR<534><STEAM_1:1:100521373><>" slapped "sene<533><STEAM_1:0:531050560><>" (damage "0")
L 08/16/2022 - 20:21:38: [playercommands.smx] "uR<534><STEAM_1:1:100521373><>" slapped "sene<533><STEAM_1:0:531050560><>" (damage "0")
L 08/16/2022 - 20:21:38: [playercommands.smx] "uR<534><STEAM_1:1:100521373><>" slapped "sene<533><STEAM_1:0:531050560><>" (damage "0")
L 08/16/2022 - 20:21:39: [playercommands.smx] "uR<534><STEAM_1:1:100521373><>" slapped "sene<533><STEAM_1:0:531050560><>" (damage "0")
L 08/16/2022 - 20:21:39: [playercommands.smx] "uR<534><STEAM_1:1:100521373><>" slapped "sene<533><STEAM_1:0:531050560><>" (damage "0")
L 08/16/2022 - 20:21:40: [playercommands.smx] "uR<534><STEAM_1:1:100521373><>" slapped "sene<533><STEAM_1:0:531050560><>" (damage "0")
L 08/16/2022 - 20:21:40: [playercommands.smx] "uR<534><STEAM_1:1:100521373><>" slapped "sene<533><STEAM_1:0:531050560><>" (damage "0")
L 08/16/2022 - 20:21:40: [playercommands.smx] "uR<534><STEAM_1:1:100521373><>" slapped "sene<533><STEAM_1:0:531050560><>" (damage "0")
L 08/16/2022 - 20:21:40: [playercommands.smx] "uR<534><STEAM_1:1:100521373><>" slapped "sene<533><STEAM_1:0:531050560><>" (damage "0")
L 08/16/2022 - 20:21:40: [playercommands.smx] "uR<534><STEAM_1:1:100521373><>" slapped "sene<533><STEAM_1:0:531050560><>" (damage "0")
L 08/16/2022 - 20:21:40: [playercommands.smx] "uR<534><STEAM_1:1:100521373><>" slapped "sene<533><STEAM_1:0:531050560><>" (damage "0")
L 08/16/2022 - 20:21:40: [playercommands.smx] "uR<534><STEAM_1:1:100521373><>" slapped "sene<533><STEAM_1:0:531050560><>" (damage "0")
L 08/16/2022 - 20:21:41: [playercommands.smx] "uR<534><STEAM_1:1:100521373><>" slapped "sene<533><STEAM_1:0:531050560><>" (damage "0")
L 08/16/2022 - 20:21:42: [playercommands.smx] "uR<534><STEAM_1:1:100521373><>" slapped "sene<533><STEAM_1:0:531050560><>" (damage "0")
L 08/16/2022 - 20:21:42: [playercommands.smx] "uR<534><STEAM_1:1:100521373><>" slapped "sene<533><STEAM_1:0:531050560><>" (damage "0")
L 08/16/2022 - 20:21:42: [playercommands.smx] "uR<534><STEAM_1:1:100521373><>" slapped "sene<533><STEAM_1:0:531050560><>" (damage "0")
L 08/16/2022 - 20:21:42: [playercommands.smx] "uR<534><STEAM_1:1:100521373><>" slapped "sene<533><STEAM_1:0:531050560><>" (damage "0")
L 08/16/2022 - 20:54:47: -------- Mapchange to de_mirage --------
L 08/16/2022 - 21:21:46: -------- Mapchange to de_mirage --------
L 08/16/2022 - 21:37:42: -------- Mapchange to de_mirage --------
L 08/16/2022 - 21:39:05: -------- Mapchange to de_mirage --------
L 08/16/2022 - 22:05:44: -------- Mapchange to de_dust2 --------
L 08/17/2022 - 00:00:15: Log file closed.
