L 08/28/2022 - 13:51:25: SourceMod log file session started (file "/home/csgo/csgo/addons/sourcemod/logs/L20220828.log") (Version "1.12.0.6912")
L 08/28/2022 - 13:51:25: -------- Mapchange to de_mirage --------
L 08/28/2022 - 13:56:26: [basecommands.smx] "Console<0><Console><Console>" changed cvar (cvar "mapcyclefile") (value "map_custom.txt")
L 08/28/2022 - 13:56:28: [chat-processor.smx] Message formats generated for game 'csgo'.
L 08/28/2022 - 13:56:28: [chat-processor.smx] Successfully hooked a SayText2 chat hook.
L 08/28/2022 - 15:46:33: -------- Mapchange to de_mirage --------
L 08/28/2022 - 15:51:33: [basecommands.smx] "Console<0><Console><Console>" changed cvar (cvar "mapcyclefile") (value "map_custom.txt")
L 08/28/2022 - 15:51:35: [chat-processor.smx] Message formats generated for game 'csgo'.
L 08/28/2022 - 15:51:35: [chat-processor.smx] Successfully hooked a SayText2 chat hook.
L 08/28/2022 - 16:20:25: -------- Mapchange to de_mirage --------
L 08/28/2022 - 16:25:25: [basecommands.smx] "Console<0><Console><Console>" changed cvar (cvar "mapcyclefile") (value "map_custom.txt")
L 08/28/2022 - 16:25:27: [chat-processor.smx] Message formats generated for game 'csgo'.
L 08/28/2022 - 16:25:27: [chat-processor.smx] Successfully hooked a SayText2 chat hook.
L 08/28/2022 - 17:10:02: -------- Mapchange to de_mirage --------
L 08/28/2022 - 17:15:02: [basecommands.smx] "Console<0><Console><Console>" changed cvar (cvar "mapcyclefile") (value "map_custom.txt")
L 08/28/2022 - 17:15:05: [chat-processor.smx] Message formats generated for game 'csgo'.
L 08/28/2022 - 17:15:05: [chat-processor.smx] Successfully hooked a SayText2 chat hook.
L 08/28/2022 - 22:20:30: -------- Mapchange to de_mirage --------
L 08/28/2022 - 22:20:30: [basecommands.smx] "Console<0><Console><Console>" changed cvar (cvar "mapcyclefile") (value "map_custom.txt")
L 08/28/2022 - 22:20:33: [chat-processor.smx] Message formats generated for game 'csgo'.
L 08/28/2022 - 22:20:33: [chat-processor.smx] Successfully hooked a SayText2 chat hook.
L 08/28/2022 - 22:32:52: -------- Mapchange to de_mirage --------
L 08/28/2022 - 22:32:52: [basecommands.smx] "Console<0><Console><Console>" changed cvar (cvar "mapcyclefile") (value "map_custom.txt")
L 08/28/2022 - 22:32:55: [chat-processor.smx] Message formats generated for game 'csgo'.
L 08/28/2022 - 22:32:55: [chat-processor.smx] Successfully hooked a SayText2 chat hook.
L 08/28/2022 - 23:01:58: -------- Mapchange to de_mirage --------
L 08/28/2022 - 23:01:58: [basecommands.smx] "Console<0><Console><Console>" changed cvar (cvar "mapcyclefile") (value "map_custom.txt")
L 08/28/2022 - 23:02:01: [chat-processor.smx] Message formats generated for game 'csgo'.
L 08/28/2022 - 23:02:01: [chat-processor.smx] Successfully hooked a SayText2 chat hook.
L 08/29/2022 - 03:19:33: Log file closed.
