L 11/19/2022 - 06:03:44: SourceMod log file session started (file "/csgoserver/server1/csgo/addons/sourcemod/logs/L20221119.log") (Version "1.11.0.6913")
L 11/19/2022 - 06:03:44: Log file closed.
L 11/19/2022 - 06:04:25: SourceMod log file session started (file "/csgoserver/server1/csgo/addons/sourcemod/logs/L20221119.log") (Version "1.11.0.6913")
L 11/19/2022 - 06:04:25: [GEOIP] GeoIP2 database loaded: GeoLite2-City (2019-12-17 20:01:26 UTC) (/csgoserver/server1/csgo/addons/sourcemod/configs/geoip/GeoLite2-City.mmdb)
L 11/19/2022 - 06:04:25: [GEOIP] GeoIP2 supported languages: de en es fr ja pt-BR ru zh-CN
L 11/19/2022 - 06:04:25: [GEOIP] Your database is older than 90 days. You should consider downloading a newer version from e.g. https://dev.maxmind.com/geoip/geolite2-free-geolocation-data
L 11/19/2022 - 06:04:25: [auto_steam_update.smx] HUD text is supported on this mod. The persistant timer will display.
L 11/19/2022 - 06:04:27: [warmod.smx] Current Map: de_mirage, Warmod Version: 22.10.29.1916
L 11/19/2022 - 09:11:30: -------- Mapchange to de_mirage --------
L 11/19/2022 - 09:11:30: [basecommands.smx] "Console<0><Console><Console>" changed cvar (cvar "mapcyclefile") (value "map_custom.txt")
L 11/19/2022 - 09:11:32: [warmod.smx] Current Map: de_mirage, Warmod Version: 22.10.29.1916
L 11/19/2022 - 09:11:32: [chat-processor.smx] Message formats generated for game 'csgo'.
L 11/19/2022 - 09:11:32: [chat-processor.smx] Successfully hooked a SayText2 chat hook.
L 11/19/2022 - 10:00:02: -------- Mapchange to de_mirage --------
L 11/19/2022 - 10:00:02: [basecommands.smx] "Console<0><Console><Console>" changed cvar (cvar "mapcyclefile") (value "map_custom.txt")
L 11/19/2022 - 10:00:04: [warmod.smx] Current Map: de_mirage, Warmod Version: 22.10.29.1916
L 11/19/2022 - 10:00:04: [chat-processor.smx] Message formats generated for game 'csgo'.
L 11/19/2022 - 10:00:04: [chat-processor.smx] Successfully hooked a SayText2 chat hook.
L 11/19/2022 - 10:02:06: [warmod.smx] "force_start" (player "L0v1 Z<6><STEAM_1:0:237026989><>")
L 11/19/2022 - 10:03:41: [warmod.smx] "force_end" (player "L0v1 Z<6><STEAM_1:0:237026989><>")
L 11/19/2022 - 10:04:01: [warmod.smx] "force_end" (player "L0v1 Z<6><STEAM_1:0:237026989><>")
L 11/19/2022 - 10:04:10: [basecommands.smx] "L0v1 Z<6><STEAM_1:0:237026989><>" executed config (file "sm_competitive.cfg")
L 11/19/2022 - 10:25:47: [basecommands.smx] "kumanoi<8><STEAM_1:0:515881234><>" changed map to "mir"
L 11/19/2022 - 10:25:50: [SM] Changed map to "mir"
L 11/19/2022 - 10:25:51: -------- Mapchange to de_mirage --------
L 11/19/2022 - 10:25:51: [basecommands.smx] "Console<0><Console><Console>" changed cvar (cvar "mapcyclefile") (value "map_custom.txt")
L 11/19/2022 - 10:25:53: [chat-processor.smx] Message formats generated for game 'csgo'.
L 11/19/2022 - 10:25:53: [chat-processor.smx] Successfully hooked a SayText2 chat hook.
L 11/19/2022 - 10:39:15: [basecommands.smx] "kumanoi<8><STEAM_1:0:515881234><>" executed config (file "sm_competitive.cfg")
L 11/19/2022 - 10:39:31: [pugsetup.smx] Recording to pug_2022-11-19_1039_de_mirage
L 11/19/2022 - 10:40:49: [basecommands.smx] "kumanoi<8><STEAM_1:0:515881234><>" changed map to "bank"
L 11/19/2022 - 10:40:52: [SM] Changed map to "bank"
L 11/19/2022 - 10:40:53: -------- Mapchange to de_bank --------
L 11/19/2022 - 10:40:53: [basecommands.smx] "Console<0><Console><Console>" changed cvar (cvar "mapcyclefile") (value "map_custom.txt")
L 11/19/2022 - 10:40:55: [chat-processor.smx] Message formats generated for game 'csgo'.
L 11/19/2022 - 10:40:55: [chat-processor.smx] Successfully hooked a SayText2 chat hook.
L 11/19/2022 - 10:42:07: [basecommands.smx] "L0v1 Z<9><STEAM_1:0:237026989><>" changed cvar (cvar "mp_maxrounds") (value "16")
L 11/19/2022 - 10:42:10: [pugsetup.smx] Recording to pug_2022-11-19_1042_de_bank
L 11/19/2022 - 10:51:42: [basecommands.smx] "L0v1 Z<9><STEAM_1:0:237026989><>" changed cvar (cvar "mp_maxrounds") (value "16")
L 11/19/2022 - 11:16:21: [basecommands.smx] "L0v1 Z<9><STEAM_1:0:237026989><>" changed map to "mir"
L 11/19/2022 - 11:16:24: [SM] Changed map to "mir"
L 11/19/2022 - 11:16:25: -------- Mapchange to de_mirage --------
L 11/19/2022 - 11:16:25: [basecommands.smx] "Console<0><Console><Console>" changed cvar (cvar "mapcyclefile") (value "map_custom.txt")
L 11/19/2022 - 11:16:27: [chat-processor.smx] Message formats generated for game 'csgo'.
L 11/19/2022 - 11:16:27: [chat-processor.smx] Successfully hooked a SayText2 chat hook.
L 11/19/2022 - 11:29:45: [movecommands.smx] "gofordickGOFORDICK一队队长<14><STEAM_1:1:115461458><>" was moved to Spec by "L0v1 Z<9><STEAM_1:0:237026989><>"
L 11/19/2022 - 11:38:44: [basecommands.smx] "L0v1 Z<9><STEAM_1:0:237026989><>" refreshed the admin cache.
L 11/19/2022 - 11:46:09: [basecommands.smx] "L0v1 Z<9><STEAM_1:0:237026989><>" changed map to "overpass"
L 11/19/2022 - 11:46:12: [SM] Changed map to "overpass"
L 11/19/2022 - 11:46:14: -------- Mapchange to de_overpass --------
L 11/19/2022 - 11:46:14: [basecommands.smx] "Console<0><Console><Console>" changed cvar (cvar "mapcyclefile") (value "map_custom.txt")
L 11/19/2022 - 11:46:16: [chat-processor.smx] Message formats generated for game 'csgo'.
L 11/19/2022 - 11:46:16: [chat-processor.smx] Successfully hooked a SayText2 chat hook.
L 11/19/2022 - 11:52:27: [basecommands.smx] "L0v1 Z<9><STEAM_1:0:237026989><>" changed map to "mir"
L 11/19/2022 - 11:52:30: [SM] Changed map to "mir"
L 11/19/2022 - 11:52:31: -------- Mapchange to de_mirage --------
L 11/19/2022 - 11:52:31: [basecommands.smx] "Console<0><Console><Console>" changed cvar (cvar "mapcyclefile") (value "map_custom.txt")
L 11/19/2022 - 11:52:34: [chat-processor.smx] Message formats generated for game 'csgo'.
L 11/19/2022 - 11:52:34: [chat-processor.smx] Successfully hooked a SayText2 chat hook.
L 11/19/2022 - 12:21:37: [basecommands.smx] "✧*｡SoulsickBoy✧*｡<17><STEAM_1:1:115461458><>" changed map to "mir"
L 11/19/2022 - 12:21:40: [SM] Changed map to "mir"
L 11/19/2022 - 12:21:41: -------- Mapchange to de_mirage --------
L 11/19/2022 - 12:21:41: [basecommands.smx] "Console<0><Console><Console>" changed cvar (cvar "mapcyclefile") (value "map_custom.txt")
L 11/19/2022 - 12:21:44: [chat-processor.smx] Message formats generated for game 'csgo'.
L 11/19/2022 - 12:21:44: [chat-processor.smx] Successfully hooked a SayText2 chat hook.
L 11/19/2022 - 12:24:50: [movecommands.smx] "Bulb<16><STEAM_1:1:575850573><>" was moved to Spec by "✧*｡SoulsickBoy✧*｡<17><STEAM_1:1:115461458><>"
L 11/19/2022 - 12:24:58: [pugsetup.smx] Recording to pug_2022-11-19_1224_de_mirage
L 11/19/2022 - 12:27:11: [basecommands.smx] "✧*｡SoulsickBoy✧*｡<17><STEAM_1:1:115461458><>" changed map to "SHORTNUKE"
L 11/19/2022 - 12:27:14: [SM] Changed map to "SHORTNUKE"
L 11/19/2022 - 12:27:16: -------- Mapchange to de_shortnuke --------
L 11/19/2022 - 12:27:16: [basecommands.smx] "Console<0><Console><Console>" changed cvar (cvar "mapcyclefile") (value "map_custom.txt")
L 11/19/2022 - 12:27:18: [chat-processor.smx] Message formats generated for game 'csgo'.
L 11/19/2022 - 12:27:18: [chat-processor.smx] Successfully hooked a SayText2 chat hook.
L 11/19/2022 - 12:27:54: [pugsetup.smx] Recording to pug_2022-11-19_1227_de_shortnuke
L 11/19/2022 - 12:31:00: [basecommands.smx] "L0v1 Z<9><STEAM_1:0:237026989><>" changed cvar (cvar "mp_maxrounds") (value "16")
L 11/19/2022 - 13:04:29: -------- Mapchange to de_shortnuke --------
L 11/19/2022 - 13:04:29: [basecommands.smx] "Console<0><Console><Console>" changed cvar (cvar "mapcyclefile") (value "map_custom.txt")
L 11/19/2022 - 13:04:31: [chat-processor.smx] Message formats generated for game 'csgo'.
L 11/19/2022 - 13:04:31: [chat-processor.smx] Successfully hooked a SayText2 chat hook.
L 11/19/2022 - 13:15:23: [movecommands.smx] "L0v1 Z<20><STEAM_1:0:237026989><>" was moved to Spec by "✧*｡SoulsickBoy✧*｡<29><STEAM_1:1:115461458><>"
L 11/19/2022 - 13:15:42: [pugsetup.smx] Recording to pug_2022-11-19_1315_de_shortnuke
L 11/19/2022 - 13:18:06: [basecommands.smx] "社会你飞哥<30><STEAM_1:1:530561868><>" kicked "老Seven<25><STEAM_1:1:634250265><>" (reason "")
L 11/19/2022 - 13:18:28: [basechat.smx] "社会你飞哥<30><STEAM_1:1:530561868><>" triggered sm_say (text 6666)
L 11/19/2022 - 13:19:32: [basechat.smx] "社会你飞哥<30><STEAM_1:1:530561868><>" triggered sm_say (text 不买adm ban掉)
L 11/19/2022 - 13:19:58: [basechat.smx] "社会你飞哥<30><STEAM_1:1:530561868><>" triggered sm_say (text 徐子乐跟刘毅都是废物)
L 11/19/2022 - 13:20:32: [basechat.smx] "社会你飞哥<30><STEAM_1:1:530561868><>" triggered sm_say (text 徐子乐跟刘毅都是废物)
L 11/19/2022 - 13:20:40: [basechat.smx] "社会你飞哥<30><STEAM_1:1:530561868><>" triggered sm_say (text 徐子乐跟刘毅都是废物)
L 11/19/2022 - 13:20:42: [basechat.smx] "社会你飞哥<30><STEAM_1:1:530561868><>" triggered sm_say (text 徐子乐跟刘毅都是废物)
L 11/19/2022 - 13:20:43: [basechat.smx] "社会你飞哥<30><STEAM_1:1:530561868><>" triggered sm_say (text 徐子乐跟刘毅都是废物)
L 11/19/2022 - 13:22:32: [basechat.smx] "社会你飞哥<30><STEAM_1:1:530561868><>" triggered sm_say (text 徐子乐跟刘毅都是废物)
L 11/19/2022 - 13:22:43: [basechat.smx] "社会你飞哥<30><STEAM_1:1:530561868><>" triggered sm_say (text 徐子乐跟刘毅都是废物)
L 11/19/2022 - 13:22:46: [basechat.smx] "社会你飞哥<30><STEAM_1:1:530561868><>" triggered sm_say (text 徐子乐跟刘毅都是废物)
L 11/19/2022 - 13:22:47: [basechat.smx] "社会你飞哥<30><STEAM_1:1:530561868><>" triggered sm_say (text 徐子乐跟刘毅都是废物)
L 11/19/2022 - 13:22:48: [basechat.smx] "社会你飞哥<30><STEAM_1:1:530561868><>" triggered sm_say (text 徐子乐跟刘毅都是废物)
L 11/19/2022 - 13:22:50: [basechat.smx] "社会你飞哥<30><STEAM_1:1:530561868><>" triggered sm_say (text 徐子乐跟刘毅都是废物)
L 11/19/2022 - 13:22:58: [basechat.smx] "社会你飞哥<30><STEAM_1:1:530561868><>" triggered sm_say (text 徐子乐跟刘毅都是废物)
L 11/19/2022 - 13:22:59: [basechat.smx] "社会你飞哥<30><STEAM_1:1:530561868><>" triggered sm_say (text 徐子乐跟刘毅都是废物)
L 11/19/2022 - 13:23:00: [basechat.smx] "社会你飞哥<30><STEAM_1:1:530561868><>" triggered sm_say (text 徐子乐跟刘毅都是废物)
L 11/19/2022 - 13:23:01: [basechat.smx] "社会你飞哥<30><STEAM_1:1:530561868><>" triggered sm_say (text 徐子乐跟刘毅都是废物)
L 11/19/2022 - 13:23:02: [basechat.smx] "社会你飞哥<30><STEAM_1:1:530561868><>" triggered sm_say (text 徐子乐跟刘毅都是废物)
L 11/19/2022 - 13:23:03: [basechat.smx] "社会你飞哥<30><STEAM_1:1:530561868><>" triggered sm_say (text 徐子乐跟刘毅都是废物)
L 11/19/2022 - 13:23:28: [basechat.smx] "社会你飞哥<30><STEAM_1:1:530561868><>" triggered sm_say (text 徐子乐跟刘毅都是废物)
L 11/19/2022 - 13:23:58: [basechat.smx] "社会你飞哥<30><STEAM_1:1:530561868><>" triggered sm_say (text 徐子乐跟刘毅都是废物)
L 11/19/2022 - 13:24:38: [basechat.smx] "社会你飞哥<30><STEAM_1:1:530561868><>" triggered sm_say (text 换回合)
L 11/19/2022 - 13:24:43: [basechat.smx] "社会你飞哥<30><STEAM_1:1:530561868><>" triggered sm_say (text 30 hui he xian zai)
L 11/19/2022 - 13:25:46: [basechat.smx] "社会你飞哥<30><STEAM_1:1:530561868><>" triggered sm_say (text 7k：娱乐55 5=5 打得at加好友 私聊发ip)
L 11/19/2022 - 13:25:50: [basechat.smx] "社会你飞哥<30><STEAM_1:1:530561868><>" triggered sm_say (text 7k：娱乐55 5=5 打得at加好友 私聊发ip)
L 11/19/2022 - 13:25:50: [basechat.smx] "社会你飞哥<30><STEAM_1:1:530561868><>" triggered sm_say (text 7k：娱乐55 5=5 打得at加好友 私聊发ip)
L 11/19/2022 - 13:25:51: [basechat.smx] "社会你飞哥<30><STEAM_1:1:530561868><>" triggered sm_say (text 7k：娱乐55 5=5 打得at加好友 私聊发ip)
L 11/19/2022 - 13:26:04: [basechat.smx] "社会你飞哥<30><STEAM_1:1:530561868><>" triggered sm_say (text 7k：娱乐55 5=5 打得at加好友 私聊发ip)
L 11/19/2022 - 13:26:19: [basechat.smx] "社会你飞哥<30><STEAM_1:1:530561868><>" triggered sm_say (text 7k：娱乐55 5=5 打得at加好友 私聊发ip)
L 11/19/2022 - 13:26:32: [basechat.smx] "社会你飞哥<30><STEAM_1:1:530561868><>" triggered sm_say (text 7k：娱乐55 5=5 打得at加好友 私聊发ip)
L 11/19/2022 - 13:26:36: [basechat.smx] "社会你飞哥<30><STEAM_1:1:530561868><>" triggered sm_say (text 7k：娱乐55 5=5 打得at加好友 私聊发ip)
L 11/19/2022 - 13:26:44: [basechat.smx] "社会你飞哥<30><STEAM_1:1:530561868><>" triggered sm_say (text  迷你世界小泽7k：娱乐55 5=5 打得at加好友 私聊发ip)
L 11/19/2022 - 13:26:54: [basechat.smx] "社会你飞哥<30><STEAM_1:1:530561868><>" triggered sm_say (text 迷你世界小泽          7k：娱乐55 5=5 打得at加好友 私聊发ip)
L 11/19/2022 - 13:27:13: [basechat.smx] "社会你飞哥<30><STEAM_1:1:530561868><>" triggered sm_say (text 上你母？迷你世界小泽7k：娱乐55 5=5 打得at加好友 私聊发ip)
L 11/19/2022 - 13:27:37: [basecommands.smx] "社会你飞哥<30><STEAM_1:1:530561868><>" kicked "老Seven<31><STEAM_1:1:634250265><>" (reason "")
L 11/19/2022 - 13:27:45: [basechat.smx] "社会你飞哥<30><STEAM_1:1:530561868><>" triggered sm_say (text 我帮他走)
L 11/19/2022 - 13:32:47: [basechat.smx] "社会你飞哥<30><STEAM_1:1:530561868><>" triggered sm_say (text 刘毅徐子乐都是废物 )
L 11/19/2022 - 13:34:20: [basechat.smx] "社会你飞哥<30><STEAM_1:1:530561868><>" triggered sm_say (text L)
L 11/19/2022 - 13:35:17: [basechat.smx] "社会你飞哥<30><STEAM_1:1:530561868><>" triggered sm_say (text 刘毅徐子乐都是废物 )
L 11/19/2022 - 13:36:58: [basechat.smx] "社会你飞哥<30><STEAM_1:1:530561868><>" triggered sm_say (text 给你开个无敌别急徐子乐)
L 11/19/2022 - 13:37:04: [basechat.smx] "社会你飞哥<30><STEAM_1:1:530561868><>" triggered sm_say (text !admin)
L 11/19/2022 - 13:37:21: [funcommands.smx] "社会你飞哥<30><STEAM_1:1:530561868><>" froze "H<24><STEAM_1:1:181342971><>"
L 11/19/2022 - 13:37:21: [funcommands.smx] "社会你飞哥<30><STEAM_1:1:530561868><>" froze "じらいおんな<26><STEAM_1:0:737695338><>"
L 11/19/2022 - 13:37:23: [funcommands.smx] "社会你飞哥<30><STEAM_1:1:530561868><>" froze "H<24><STEAM_1:1:181342971><>"
L 11/19/2022 - 13:37:23: [funcommands.smx] "社会你飞哥<30><STEAM_1:1:530561868><>" froze "じらいおんな<26><STEAM_1:0:737695338><>"
L 11/19/2022 - 13:46:00: [funcommands.smx] "社会你飞哥<30><STEAM_1:1:530561868><>" toggled noclip on "社会你飞哥<30><STEAM_1:1:530561868><>"
L 11/19/2022 - 13:46:40: [funcommands.smx] "社会你飞哥<30><STEAM_1:1:530561868><>" toggled noclip on "社会你飞哥<30><STEAM_1:1:530561868><>"
L 11/19/2022 - 13:46:51: [funcommands.smx] "社会你飞哥<30><STEAM_1:1:530561868><>" toggled noclip on "社会你飞哥<30><STEAM_1:1:530561868><>"
L 11/19/2022 - 13:47:34: [funcommands.smx] "社会你飞哥<30><STEAM_1:1:530561868><>" toggled noclip on "社会你飞哥<30><STEAM_1:1:530561868><>"
L 11/19/2022 - 13:47:46: [funcommands.smx] "社会你飞哥<30><STEAM_1:1:530561868><>" toggled noclip on "✧*｡SoulsickBoy✧*｡<32><STEAM_1:1:115461458><>"
L 11/19/2022 - 13:47:46: [funcommands.smx] "社会你飞哥<30><STEAM_1:1:530561868><>" toggled noclip on "✧*｡SoulsickBoy✧*｡<32><STEAM_1:1:115461458><>"
L 11/19/2022 - 13:47:47: [funcommands.smx] "社会你飞哥<30><STEAM_1:1:530561868><>" toggled noclip on "社会你飞哥<30><STEAM_1:1:530561868><>"
L 11/19/2022 - 13:47:52: [funcommands.smx] "社会你飞哥<30><STEAM_1:1:530561868><>" toggled noclip on "社会你飞哥<30><STEAM_1:1:530561868><>"
L 11/19/2022 - 13:48:02: [funcommands.smx] "社会你飞哥<30><STEAM_1:1:530561868><>" toggled noclip on "社会你飞哥<30><STEAM_1:1:530561868><>"
L 11/19/2022 - 13:50:26: [funcommands.smx] "社会你飞哥<30><STEAM_1:1:530561868><>" toggled noclip on "社会你飞哥<30><STEAM_1:1:530561868><>"
L 11/19/2022 - 13:50:37: [funcommands.smx] "社会你飞哥<30><STEAM_1:1:530561868><>" toggled noclip on "社会你飞哥<30><STEAM_1:1:530561868><>"
L 11/19/2022 - 13:51:30: [funcommands.smx] "社会你飞哥<30><STEAM_1:1:530561868><>" toggled noclip on "社会你飞哥<30><STEAM_1:1:530561868><>"
L 11/19/2022 - 13:51:40: [funcommands.smx] "社会你飞哥<30><STEAM_1:1:530561868><>" toggled noclip on "社会你飞哥<30><STEAM_1:1:530561868><>"
L 11/19/2022 - 13:53:09: [funcommands.smx] "社会你飞哥<30><STEAM_1:1:530561868><>" toggled noclip on "✧*｡SoulsickBoy✧*｡<32><STEAM_1:1:115461458><>"
L 11/19/2022 - 13:53:09: [funcommands.smx] "社会你飞哥<30><STEAM_1:1:530561868><>" toggled noclip on "✧*｡SoulsickBoy✧*｡<32><STEAM_1:1:115461458><>"
L 11/19/2022 - 13:53:10: [funcommands.smx] "社会你飞哥<30><STEAM_1:1:530561868><>" toggled noclip on "23<33><STEAM_1:1:612654059><>"
L 11/19/2022 - 13:53:12: [funcommands.smx] "社会你飞哥<30><STEAM_1:1:530561868><>" toggled noclip on "23<33><STEAM_1:1:612654059><>"
L 11/19/2022 - 13:53:12: [funcommands.smx] "社会你飞哥<30><STEAM_1:1:530561868><>" toggled noclip on "社会你飞哥<30><STEAM_1:1:530561868><>"
L 11/19/2022 - 13:53:16: [funcommands.smx] "社会你飞哥<30><STEAM_1:1:530561868><>" toggled noclip on "23<33><STEAM_1:1:612654059><>"
L 11/19/2022 - 13:53:18: [funcommands.smx] "社会你飞哥<30><STEAM_1:1:530561868><>" toggled noclip on "23<33><STEAM_1:1:612654059><>"
L 11/19/2022 - 13:53:19: [funcommands.smx] "社会你飞哥<30><STEAM_1:1:530561868><>" toggled noclip on "23<33><STEAM_1:1:612654059><>"
L 11/19/2022 - 13:53:24: [funcommands.smx] "社会你飞哥<30><STEAM_1:1:530561868><>" toggled noclip on "23<33><STEAM_1:1:612654059><>"
L 11/19/2022 - 13:53:28: [funcommands.smx] "社会你飞哥<30><STEAM_1:1:530561868><>" toggled noclip on "社会你飞哥<30><STEAM_1:1:530561868><>"
L 11/19/2022 - 13:53:29: [funcommands.smx] "社会你飞哥<30><STEAM_1:1:530561868><>" toggled noclip on "社会你飞哥<30><STEAM_1:1:530561868><>"
L 11/19/2022 - 13:53:30: [funcommands.smx] "社会你飞哥<30><STEAM_1:1:530561868><>" toggled noclip on "23<33><STEAM_1:1:612654059><>"
L 11/19/2022 - 13:53:31: [funcommands.smx] "社会你飞哥<30><STEAM_1:1:530561868><>" toggled noclip on "社会你飞哥<30><STEAM_1:1:530561868><>"
L 11/19/2022 - 13:53:32: [funcommands.smx] "社会你飞哥<30><STEAM_1:1:530561868><>" toggled noclip on "✧*｡SoulsickBoy✧*｡<32><STEAM_1:1:115461458><>"
L 11/19/2022 - 13:53:32: [funcommands.smx] "社会你飞哥<30><STEAM_1:1:530561868><>" toggled noclip on "✧*｡SoulsickBoy✧*｡<32><STEAM_1:1:115461458><>"
L 11/19/2022 - 13:53:33: [funcommands.smx] "社会你飞哥<30><STEAM_1:1:530561868><>" toggled noclip on "社会你飞哥<30><STEAM_1:1:530561868><>"
L 11/19/2022 - 13:53:35: [funcommands.smx] "社会你飞哥<30><STEAM_1:1:530561868><>" toggled noclip on "23<33><STEAM_1:1:612654059><>"
L 11/19/2022 - 13:53:35: [funcommands.smx] "社会你飞哥<30><STEAM_1:1:530561868><>" toggled noclip on "社会你飞哥<30><STEAM_1:1:530561868><>"
L 11/19/2022 - 13:53:49: [funcommands.smx] "社会你飞哥<30><STEAM_1:1:530561868><>" toggled noclip on "✧*｡SoulsickBoy✧*｡<32><STEAM_1:1:115461458><>"
L 11/19/2022 - 13:53:50: [funcommands.smx] "社会你飞哥<30><STEAM_1:1:530561868><>" toggled noclip on "✧*｡SoulsickBoy✧*｡<32><STEAM_1:1:115461458><>"
L 11/19/2022 - 13:54:06: [funcommands.smx] "社会你飞哥<30><STEAM_1:1:530561868><>" toggled noclip on "社会你飞哥<30><STEAM_1:1:530561868><>"
L 11/19/2022 - 13:55:58: [funcommands.smx] "社会你飞哥<30><STEAM_1:1:530561868><>" toggled noclip on "✧*｡SoulsickBoy✧*｡<32><STEAM_1:1:115461458><>"
L 11/19/2022 - 13:55:59: [funcommands.smx] "社会你飞哥<30><STEAM_1:1:530561868><>" toggled noclip on "23<33><STEAM_1:1:612654059><>"
L 11/19/2022 - 13:55:59: [funcommands.smx] "社会你飞哥<30><STEAM_1:1:530561868><>" toggled noclip on "✧*｡SoulsickBoy✧*｡<32><STEAM_1:1:115461458><>"
L 11/19/2022 - 13:56:01: [funcommands.smx] "社会你飞哥<30><STEAM_1:1:530561868><>" toggled noclip on "✧*｡SoulsickBoy✧*｡<32><STEAM_1:1:115461458><>"
L 11/19/2022 - 13:56:03: [funcommands.smx] "社会你飞哥<30><STEAM_1:1:530561868><>" toggled noclip on "23<33><STEAM_1:1:612654059><>"
L 11/19/2022 - 13:56:03: [funcommands.smx] "社会你飞哥<30><STEAM_1:1:530561868><>" toggled noclip on "社会你飞哥<30><STEAM_1:1:530561868><>"
L 11/19/2022 - 13:56:06: [funcommands.smx] "社会你飞哥<30><STEAM_1:1:530561868><>" toggled noclip on "23<33><STEAM_1:1:612654059><>"
L 11/19/2022 - 13:56:08: [funcommands.smx] "社会你飞哥<30><STEAM_1:1:530561868><>" toggled noclip on "✧*｡SoulsickBoy✧*｡<32><STEAM_1:1:115461458><>"
L 11/19/2022 - 13:57:05: [funcommands.smx] "社会你飞哥<30><STEAM_1:1:530561868><>" drugged "23<33><STEAM_1:1:612654059><>"
L 11/19/2022 - 13:57:10: [funcommands.smx] "社会你飞哥<30><STEAM_1:1:530561868><>" drugged "✧*｡SoulsickBoy✧*｡<32><STEAM_1:1:115461458><>"
L 11/19/2022 - 13:57:20: [funcommands.smx] "社会你飞哥<30><STEAM_1:1:530561868><>" undrugged "✧*｡SoulsickBoy✧*｡<32><STEAM_1:1:115461458><>"
L 11/19/2022 - 13:57:21: [funcommands.smx] "社会你飞哥<30><STEAM_1:1:530561868><>" drugged "23<33><STEAM_1:1:612654059><>"
L 11/19/2022 - 13:57:22: [funcommands.smx] "社会你飞哥<30><STEAM_1:1:530561868><>" drugged "✧*｡SoulsickBoy✧*｡<32><STEAM_1:1:115461458><>"
L 11/19/2022 - 13:57:33: [funcommands.smx] "社会你飞哥<30><STEAM_1:1:530561868><>" drugged "✧*｡SoulsickBoy✧*｡<32><STEAM_1:1:115461458><>"
L 11/19/2022 - 13:58:30: [basecommands.smx] "Console<0><Console><Console>" changed cvar (cvar "sv_cheats") (value "1")
L 11/19/2022 - 14:19:35: -------- Mapchange to de_shortnuke --------
L 11/19/2022 - 14:19:35: [basecommands.smx] "Console<0><Console><Console>" changed cvar (cvar "mapcyclefile") (value "map_custom.txt")
L 11/19/2022 - 14:19:37: [chat-processor.smx] Message formats generated for game 'csgo'.
L 11/19/2022 - 14:19:37: [chat-processor.smx] Successfully hooked a SayText2 chat hook.
L 11/19/2022 - 14:20:00: [basecommands.smx] "7iour<35><STEAM_1:0:37571034><>" changed map to "de_mir"
L 11/19/2022 - 14:20:03: [SM] Changed map to "de_mir"
L 11/19/2022 - 14:20:04: -------- Mapchange to de_mirage --------
L 11/19/2022 - 14:20:04: [basecommands.smx] "Console<0><Console><Console>" changed cvar (cvar "mapcyclefile") (value "map_custom.txt")
L 11/19/2022 - 14:20:06: [chat-processor.smx] Message formats generated for game 'csgo'.
L 11/19/2022 - 14:20:06: [chat-processor.smx] Successfully hooked a SayText2 chat hook.
L 11/19/2022 - 14:21:42: -------- Mapchange to de_mirage --------
L 11/19/2022 - 14:21:42: [basecommands.smx] "Console<0><Console><Console>" changed cvar (cvar "mapcyclefile") (value "map_custom.txt")
L 11/19/2022 - 14:21:44: [chat-processor.smx] Message formats generated for game 'csgo'.
L 11/19/2022 - 14:21:44: [chat-processor.smx] Successfully hooked a SayText2 chat hook.
L 11/19/2022 - 14:24:02: [basecommands.smx] "7iour<37><STEAM_1:0:37571034><>" changed cvar (cvar "mp_maxrounds") (value "30")
L 11/19/2022 - 14:25:11: -------- Mapchange to de_mirage --------
L 11/19/2022 - 14:25:11: [basecommands.smx] "Console<0><Console><Console>" changed cvar (cvar "mapcyclefile") (value "map_custom.txt")
L 11/19/2022 - 14:25:14: [chat-processor.smx] Message formats generated for game 'csgo'.
L 11/19/2022 - 14:25:14: [chat-processor.smx] Successfully hooked a SayText2 chat hook.
L 11/19/2022 - 14:25:34: [basecommands.smx] "7iour<39><STEAM_1:0:37571034><>" changed cvar (cvar "mp_maxrounds") (value "30")
L 11/19/2022 - 14:26:04: -------- Mapchange to de_mirage --------
L 11/19/2022 - 14:26:04: [basecommands.smx] "Console<0><Console><Console>" changed cvar (cvar "mapcyclefile") (value "map_custom.txt")
L 11/19/2022 - 14:26:06: [chat-processor.smx] Message formats generated for game 'csgo'.
L 11/19/2022 - 14:26:06: [chat-processor.smx] Successfully hooked a SayText2 chat hook.
L 11/19/2022 - 14:26:23: [basecommands.smx] "7iour<39><STEAM_1:0:37571034><>" changed cvar (cvar "mp_maxrounds") (value "30")
L 11/19/2022 - 14:26:55: [basecommands.smx] "7iour<39><STEAM_1:0:37571034><>" changed map to "de_mirage"
L 11/19/2022 - 14:26:58: [SM] Changed map to "de_mirage"
L 11/19/2022 - 14:26:59: -------- Mapchange to de_mirage --------
L 11/19/2022 - 14:26:59: [basecommands.smx] "Console<0><Console><Console>" changed cvar (cvar "mapcyclefile") (value "map_custom.txt")
L 11/19/2022 - 14:27:01: [chat-processor.smx] Message formats generated for game 'csgo'.
L 11/19/2022 - 14:27:01: [chat-processor.smx] Successfully hooked a SayText2 chat hook.
L 11/19/2022 - 14:27:18: [basecommands.smx] "7iour<39><STEAM_1:0:37571034><>" refreshed the admin cache.
L 11/19/2022 - 14:27:50: [basecommands.smx] "7iour<39><STEAM_1:0:37571034><>" executed config (file "server.cfg")
L 11/19/2022 - 14:27:50: [basecommands.smx] "Console<0><Console><Console>" changed cvar (cvar "mapcyclefile") (value "map_custom.txt")
L 11/19/2022 - 14:28:11: [basecommands.smx] "7iour<39><STEAM_1:0:37571034><>" refreshed the admin cache.
L 11/19/2022 - 14:29:19: -------- Mapchange to de_vertigo --------
L 11/19/2022 - 14:29:19: [basecommands.smx] "Console<0><Console><Console>" changed cvar (cvar "mapcyclefile") (value "map_custom.txt")
L 11/19/2022 - 14:29:21: [chat-processor.smx] Message formats generated for game 'csgo'.
L 11/19/2022 - 14:29:21: [chat-processor.smx] Successfully hooked a SayText2 chat hook.
L 11/19/2022 - 14:29:45: [basecommands.smx] "7iour<39><STEAM_1:0:37571034><>" changed map to "de_mir"
L 11/19/2022 - 14:29:48: [SM] Changed map to "de_mir"
L 11/19/2022 - 14:29:49: -------- Mapchange to de_mirage --------
L 11/19/2022 - 14:29:49: [basecommands.smx] "Console<0><Console><Console>" changed cvar (cvar "mapcyclefile") (value "map_custom.txt")
L 11/19/2022 - 14:29:51: [chat-processor.smx] Message formats generated for game 'csgo'.
L 11/19/2022 - 14:29:51: [chat-processor.smx] Successfully hooked a SayText2 chat hook.
L 11/19/2022 - 14:30:36: [basecommands.smx] "7iour<39><STEAM_1:0:37571034><>" changed cvar (cvar "mp_maxrounds") (value "30")
L 11/19/2022 - 14:56:22: -------- Mapchange to de_mirage --------
L 11/19/2022 - 14:56:22: [basecommands.smx] "Console<0><Console><Console>" changed cvar (cvar "mapcyclefile") (value "map_custom.txt")
L 11/19/2022 - 14:56:24: [chat-processor.smx] Message formats generated for game 'csgo'.
L 11/19/2022 - 14:56:24: [chat-processor.smx] Successfully hooked a SayText2 chat hook.
L 11/19/2022 - 15:41:58: -------- Mapchange to de_mirage --------
L 11/19/2022 - 15:41:58: [basecommands.smx] "Console<0><Console><Console>" changed cvar (cvar "mapcyclefile") (value "map_custom.txt")
L 11/19/2022 - 15:42:00: [chat-processor.smx] Message formats generated for game 'csgo'.
L 11/19/2022 - 15:42:00: [chat-processor.smx] Successfully hooked a SayText2 chat hook.
L 11/19/2022 - 16:04:52: [basecommands.smx] "L0v1 Z<45><STEAM_1:0:237026989><>" changed map to "mir"
L 11/19/2022 - 16:04:55: [SM] Changed map to "mir"
L 11/19/2022 - 16:04:56: -------- Mapchange to de_mirage --------
L 11/19/2022 - 16:04:56: [basecommands.smx] "Console<0><Console><Console>" changed cvar (cvar "mapcyclefile") (value "map_custom.txt")
L 11/19/2022 - 16:04:58: [chat-processor.smx] Message formats generated for game 'csgo'.
L 11/19/2022 - 16:04:58: [chat-processor.smx] Successfully hooked a SayText2 chat hook.
L 11/19/2022 - 16:47:45: [basecommands.smx] "L0v1 Z<45><STEAM_1:0:237026989><>" changed map to "nuke"
L 11/19/2022 - 16:47:48: [SM] Changed map to "nuke"
L 11/19/2022 - 16:47:48: -------- Mapchange to de_shortnuke --------
L 11/19/2022 - 16:47:48: [basecommands.smx] "Console<0><Console><Console>" changed cvar (cvar "mapcyclefile") (value "map_custom.txt")
L 11/19/2022 - 16:47:50: [chat-processor.smx] Message formats generated for game 'csgo'.
L 11/19/2022 - 16:47:50: [chat-processor.smx] Successfully hooked a SayText2 chat hook.
L 11/19/2022 - 16:53:11: [basecommands.smx] "L0v1 Z<45><STEAM_1:0:237026989><>" changed map to "mir"
L 11/19/2022 - 16:53:14: [SM] Changed map to "mir"
L 11/19/2022 - 16:53:15: -------- Mapchange to de_mirage --------
L 11/19/2022 - 16:53:15: [basecommands.smx] "Console<0><Console><Console>" changed cvar (cvar "mapcyclefile") (value "map_custom.txt")
L 11/19/2022 - 16:53:17: [chat-processor.smx] Message formats generated for game 'csgo'.
L 11/19/2022 - 16:53:17: [chat-processor.smx] Successfully hooked a SayText2 chat hook.
L 11/20/2022 - 19:32:14: Log file closed.
