L 10/05/2022 - 02:20:53: SourceMod log file session started (file "/badfupo/server1/csgo/addons/sourcemod/logs/L20221005.log") (Version "1.12.0.6912")
L 10/05/2022 - 02:20:53: [basecommands.smx] "Console<0><Console><Console>" changed cvar (cvar "mapcyclefile") (value "map_custom.txt")
L 10/05/2022 - 02:20:57: [warmod.smx] Current Map: de_dust2, Warmod Version: 19.11.21.2253
L 10/05/2022 - 02:20:58: [chat-processor.smx] Message formats generated for game 'csgo'.
L 10/05/2022 - 02:20:58: [chat-processor.smx] Successfully hooked a SayText2 chat hook.
L 10/05/2022 - 02:43:18: -------- Mapchange to de_dust2 --------
L 10/05/2022 - 02:43:19: [basecommands.smx] "Console<0><Console><Console>" changed cvar (cvar "mapcyclefile") (value "map_custom.txt")
L 10/05/2022 - 02:43:24: [warmod.smx] Current Map: de_dust2, Warmod Version: 19.11.21.2253
L 10/05/2022 - 02:43:24: [chat-processor.smx] Message formats generated for game 'csgo'.
L 10/05/2022 - 02:43:24: [chat-processor.smx] Successfully hooked a SayText2 chat hook.
L 10/05/2022 - 03:23:13: -------- Mapchange to de_dust2 --------
L 10/05/2022 - 03:23:13: [basecommands.smx] "Console<0><Console><Console>" changed cvar (cvar "mapcyclefile") (value "map_custom.txt")
L 10/05/2022 - 03:23:19: [warmod.smx] Current Map: de_dust2, Warmod Version: 19.11.21.2253
L 10/05/2022 - 03:23:19: [chat-processor.smx] Message formats generated for game 'csgo'.
L 10/05/2022 - 03:23:19: [chat-processor.smx] Successfully hooked a SayText2 chat hook.
L 10/05/2022 - 05:32:12: -------- Mapchange to de_dust2 --------
L 10/05/2022 - 05:32:12: [basecommands.smx] "Console<0><Console><Console>" changed cvar (cvar "mapcyclefile") (value "map_custom.txt")
L 10/05/2022 - 05:32:17: [warmod.smx] Current Map: de_dust2, Warmod Version: 19.11.21.2253
L 10/05/2022 - 05:32:18: [chat-processor.smx] Message formats generated for game 'csgo'.
L 10/05/2022 - 05:32:18: [chat-processor.smx] Successfully hooked a SayText2 chat hook.
L 10/05/2022 - 06:45:42: -------- Mapchange to de_dust2 --------
L 10/05/2022 - 06:45:43: [basecommands.smx] "Console<0><Console><Console>" changed cvar (cvar "mapcyclefile") (value "map_custom.txt")
L 10/05/2022 - 06:45:47: [warmod.smx] Current Map: de_dust2, Warmod Version: 19.11.21.2253
L 10/05/2022 - 06:45:48: [chat-processor.smx] Message formats generated for game 'csgo'.
L 10/05/2022 - 06:45:48: [chat-processor.smx] Successfully hooked a SayText2 chat hook.
L 10/05/2022 - 06:59:48: -------- Mapchange to de_dust2 --------
L 10/05/2022 - 06:59:48: [basecommands.smx] "Console<0><Console><Console>" changed cvar (cvar "mapcyclefile") (value "map_custom.txt")
L 10/05/2022 - 06:59:53: [warmod.smx] Current Map: de_dust2, Warmod Version: 19.11.21.2253
L 10/05/2022 - 06:59:54: [chat-processor.smx] Message formats generated for game 'csgo'.
L 10/05/2022 - 06:59:54: [chat-processor.smx] Successfully hooked a SayText2 chat hook.
L 10/05/2022 - 07:16:32: -------- Mapchange to de_dust2 --------
L 10/05/2022 - 07:16:33: [basecommands.smx] "Console<0><Console><Console>" changed cvar (cvar "mapcyclefile") (value "map_custom.txt")
L 10/05/2022 - 07:16:37: [warmod.smx] Current Map: de_dust2, Warmod Version: 19.11.21.2253
L 10/05/2022 - 07:16:38: [chat-processor.smx] Message formats generated for game 'csgo'.
L 10/05/2022 - 07:16:38: [chat-processor.smx] Successfully hooked a SayText2 chat hook.
L 10/05/2022 - 09:48:26: -------- Mapchange to de_dust2 --------
L 10/05/2022 - 09:48:28: [basecommands.smx] "Console<0><Console><Console>" changed cvar (cvar "mapcyclefile") (value "map_custom.txt")
L 10/05/2022 - 09:48:33: [warmod.smx] Current Map: de_dust2, Warmod Version: 19.11.21.2253
L 10/05/2022 - 09:48:34: [chat-processor.smx] Message formats generated for game 'csgo'.
L 10/05/2022 - 09:48:34: [chat-processor.smx] Successfully hooked a SayText2 chat hook.
L 10/05/2022 - 09:49:04: -------- Mapchange to de_dust2 --------
L 10/05/2022 - 09:49:06: [basecommands.smx] "Console<0><Console><Console>" changed cvar (cvar "mapcyclefile") (value "map_custom.txt")
L 10/05/2022 - 09:49:10: [warmod.smx] Current Map: de_dust2, Warmod Version: 19.11.21.2253
L 10/05/2022 - 09:49:11: [chat-processor.smx] Message formats generated for game 'csgo'.
L 10/05/2022 - 09:49:11: [chat-processor.smx] Successfully hooked a SayText2 chat hook.
L 10/05/2022 - 10:09:19: -------- Mapchange to de_dust2 --------
L 10/05/2022 - 10:09:19: [basecommands.smx] "Console<0><Console><Console>" changed cvar (cvar "mapcyclefile") (value "map_custom.txt")
L 10/05/2022 - 10:09:24: [warmod.smx] Current Map: de_dust2, Warmod Version: 19.11.21.2253
L 10/05/2022 - 10:09:25: [chat-processor.smx] Message formats generated for game 'csgo'.
L 10/05/2022 - 10:09:25: [chat-processor.smx] Successfully hooked a SayText2 chat hook.
L 10/05/2022 - 10:16:51: -------- Mapchange to de_dust2 --------
L 10/05/2022 - 10:16:52: [basecommands.smx] "Console<0><Console><Console>" changed cvar (cvar "mapcyclefile") (value "map_custom.txt")
L 10/05/2022 - 10:16:57: [warmod.smx] Current Map: de_dust2, Warmod Version: 19.11.21.2253
L 10/05/2022 - 10:16:57: [chat-processor.smx] Message formats generated for game 'csgo'.
L 10/05/2022 - 10:16:57: [chat-processor.smx] Successfully hooked a SayText2 chat hook.
L 10/05/2022 - 10:22:33: -------- Mapchange to de_dust2 --------
L 10/05/2022 - 10:22:33: [basecommands.smx] "Console<0><Console><Console>" changed cvar (cvar "mapcyclefile") (value "map_custom.txt")
L 10/05/2022 - 10:22:38: [warmod.smx] Current Map: de_dust2, Warmod Version: 19.11.21.2253
L 10/05/2022 - 10:22:39: [chat-processor.smx] Message formats generated for game 'csgo'.
L 10/05/2022 - 10:22:39: [chat-processor.smx] Successfully hooked a SayText2 chat hook.
L 10/05/2022 - 10:55:08: -------- Mapchange to de_dust2 --------
L 10/05/2022 - 10:55:09: [basecommands.smx] "Console<0><Console><Console>" changed cvar (cvar "mapcyclefile") (value "map_custom.txt")
L 10/05/2022 - 10:55:13: [warmod.smx] Current Map: de_dust2, Warmod Version: 19.11.21.2253
L 10/05/2022 - 10:55:14: [chat-processor.smx] Message formats generated for game 'csgo'.
L 10/05/2022 - 10:55:14: [chat-processor.smx] Successfully hooked a SayText2 chat hook.
L 10/05/2022 - 11:21:28: -------- Mapchange to de_dust2 --------
L 10/05/2022 - 11:21:29: [basecommands.smx] "Console<0><Console><Console>" changed cvar (cvar "mapcyclefile") (value "map_custom.txt")
L 10/05/2022 - 11:21:33: [warmod.smx] Current Map: de_dust2, Warmod Version: 19.11.21.2253
L 10/05/2022 - 11:21:34: [chat-processor.smx] Message formats generated for game 'csgo'.
L 10/05/2022 - 11:21:34: [chat-processor.smx] Successfully hooked a SayText2 chat hook.
L 10/05/2022 - 11:29:32: -------- Mapchange to de_dust2 --------
L 10/05/2022 - 11:29:32: [basecommands.smx] "Console<0><Console><Console>" changed cvar (cvar "mapcyclefile") (value "map_custom.txt")
L 10/05/2022 - 11:29:37: [warmod.smx] Current Map: de_dust2, Warmod Version: 19.11.21.2253
L 10/05/2022 - 11:29:38: [chat-processor.smx] Message formats generated for game 'csgo'.
L 10/05/2022 - 11:29:38: [chat-processor.smx] Successfully hooked a SayText2 chat hook.
L 10/05/2022 - 12:21:33: -------- Mapchange to de_dust2 --------
L 10/05/2022 - 12:21:34: [basecommands.smx] "Console<0><Console><Console>" changed cvar (cvar "mapcyclefile") (value "map_custom.txt")
L 10/05/2022 - 12:21:39: [warmod.smx] Current Map: de_dust2, Warmod Version: 19.11.21.2253
L 10/05/2022 - 12:21:40: [chat-processor.smx] Message formats generated for game 'csgo'.
L 10/05/2022 - 12:21:40: [chat-processor.smx] Successfully hooked a SayText2 chat hook.
L 10/05/2022 - 12:38:00: -------- Mapchange to de_dust2 --------
L 10/05/2022 - 12:38:01: [basecommands.smx] "Console<0><Console><Console>" changed cvar (cvar "mapcyclefile") (value "map_custom.txt")
L 10/05/2022 - 12:38:05: [warmod.smx] Current Map: de_dust2, Warmod Version: 19.11.21.2253
L 10/05/2022 - 12:38:06: [chat-processor.smx] Message formats generated for game 'csgo'.
L 10/05/2022 - 12:38:06: [chat-processor.smx] Successfully hooked a SayText2 chat hook.
L 10/05/2022 - 13:45:53: -------- Mapchange to de_dust2 --------
L 10/05/2022 - 13:45:54: [basecommands.smx] "Console<0><Console><Console>" changed cvar (cvar "mapcyclefile") (value "map_custom.txt")
L 10/05/2022 - 13:45:59: [warmod.smx] Current Map: de_dust2, Warmod Version: 19.11.21.2253
L 10/05/2022 - 13:46:00: [chat-processor.smx] Message formats generated for game 'csgo'.
L 10/05/2022 - 13:46:00: [chat-processor.smx] Successfully hooked a SayText2 chat hook.
L 10/05/2022 - 13:49:39: -------- Mapchange to de_dust2 --------
L 10/05/2022 - 13:49:39: [basecommands.smx] "Console<0><Console><Console>" changed cvar (cvar "mapcyclefile") (value "map_custom.txt")
L 10/05/2022 - 13:49:44: [warmod.smx] Current Map: de_dust2, Warmod Version: 19.11.21.2253
L 10/05/2022 - 13:49:45: [chat-processor.smx] Message formats generated for game 'csgo'.
L 10/05/2022 - 13:49:45: [chat-processor.smx] Successfully hooked a SayText2 chat hook.
L 10/05/2022 - 14:08:06: -------- Mapchange to de_dust2 --------
L 10/05/2022 - 14:08:06: [basecommands.smx] "Console<0><Console><Console>" changed cvar (cvar "mapcyclefile") (value "map_custom.txt")
L 10/05/2022 - 14:08:11: [warmod.smx] Current Map: de_dust2, Warmod Version: 19.11.21.2253
L 10/05/2022 - 14:08:12: [chat-processor.smx] Message formats generated for game 'csgo'.
L 10/05/2022 - 14:08:12: [chat-processor.smx] Successfully hooked a SayText2 chat hook.
L 10/05/2022 - 14:37:40: -------- Mapchange to de_dust2 --------
L 10/05/2022 - 14:37:41: [basecommands.smx] "Console<0><Console><Console>" changed cvar (cvar "mapcyclefile") (value "map_custom.txt")
L 10/05/2022 - 14:37:45: [warmod.smx] Current Map: de_dust2, Warmod Version: 19.11.21.2253
L 10/05/2022 - 14:37:46: [chat-processor.smx] Message formats generated for game 'csgo'.
L 10/05/2022 - 14:37:46: [chat-processor.smx] Successfully hooked a SayText2 chat hook.
L 10/05/2022 - 14:46:58: -------- Mapchange to de_dust2 --------
L 10/05/2022 - 14:46:58: [basecommands.smx] "Console<0><Console><Console>" changed cvar (cvar "mapcyclefile") (value "map_custom.txt")
L 10/05/2022 - 14:47:03: [warmod.smx] Current Map: de_dust2, Warmod Version: 19.11.21.2253
L 10/05/2022 - 14:47:04: [chat-processor.smx] Message formats generated for game 'csgo'.
L 10/05/2022 - 14:47:04: [chat-processor.smx] Successfully hooked a SayText2 chat hook.
L 10/05/2022 - 15:29:35: -------- Mapchange to de_dust2 --------
L 10/05/2022 - 15:29:36: [basecommands.smx] "Console<0><Console><Console>" changed cvar (cvar "mapcyclefile") (value "map_custom.txt")
L 10/05/2022 - 15:29:40: [warmod.smx] Current Map: de_dust2, Warmod Version: 19.11.21.2253
L 10/05/2022 - 15:29:41: [chat-processor.smx] Message formats generated for game 'csgo'.
L 10/05/2022 - 15:29:41: [chat-processor.smx] Successfully hooked a SayText2 chat hook.
L 10/06/2022 - 01:53:44: Log file closed.
