L 10/20/2022 - 05:00:48: SourceMod log file session started (file "/badfupo/server1/csgo/addons/sourcemod/logs/L20221020.log") (Version "1.12.0.6912")
L 10/20/2022 - 05:00:48: [basecommands.smx] "Console<0><Console><Console>" changed cvar (cvar "mapcyclefile") (value "map_custom.txt")
L 10/20/2022 - 05:00:53: [warmod.smx] Current Map: de_nuke, Warmod Version: 19.11.21.2253
L 10/20/2022 - 05:00:55: [chat-processor.smx] Message formats generated for game 'csgo'.
L 10/20/2022 - 05:00:55: [chat-processor.smx] Successfully hooked a SayText2 chat hook.
L 10/20/2022 - 07:05:15: -------- Mapchange to de_nuke --------
L 10/20/2022 - 07:05:17: [basecommands.smx] "Console<0><Console><Console>" changed cvar (cvar "mapcyclefile") (value "map_custom.txt")
L 10/20/2022 - 07:05:22: [warmod.smx] Current Map: de_nuke, Warmod Version: 19.11.21.2253
L 10/20/2022 - 07:05:25: [chat-processor.smx] Message formats generated for game 'csgo'.
L 10/20/2022 - 07:05:25: [chat-processor.smx] Successfully hooked a SayText2 chat hook.
L 10/20/2022 - 08:08:20: -------- Mapchange to de_nuke --------
L 10/20/2022 - 08:08:22: [basecommands.smx] "Console<0><Console><Console>" changed cvar (cvar "mapcyclefile") (value "map_custom.txt")
L 10/20/2022 - 08:08:26: [warmod.smx] Current Map: de_nuke, Warmod Version: 19.11.21.2253
L 10/20/2022 - 08:08:29: [chat-processor.smx] Message formats generated for game 'csgo'.
L 10/20/2022 - 08:08:29: [chat-processor.smx] Successfully hooked a SayText2 chat hook.
L 10/20/2022 - 11:48:15: -------- Mapchange to de_nuke --------
L 10/20/2022 - 11:48:17: [basecommands.smx] "Console<0><Console><Console>" changed cvar (cvar "mapcyclefile") (value "map_custom.txt")
L 10/20/2022 - 11:48:21: [warmod.smx] Current Map: de_nuke, Warmod Version: 19.11.21.2253
L 10/20/2022 - 11:48:24: [chat-processor.smx] Message formats generated for game 'csgo'.
L 10/20/2022 - 11:48:24: [chat-processor.smx] Successfully hooked a SayText2 chat hook.
L 10/20/2022 - 12:06:18: -------- Mapchange to de_nuke --------
L 10/20/2022 - 12:06:19: [basecommands.smx] "Console<0><Console><Console>" changed cvar (cvar "mapcyclefile") (value "map_custom.txt")
L 10/20/2022 - 12:06:23: [warmod.smx] Current Map: de_nuke, Warmod Version: 19.11.21.2253
L 10/20/2022 - 12:06:26: [chat-processor.smx] Message formats generated for game 'csgo'.
L 10/20/2022 - 12:06:26: [chat-processor.smx] Successfully hooked a SayText2 chat hook.
L 10/20/2022 - 13:15:47: -------- Mapchange to de_nuke --------
L 10/20/2022 - 13:15:49: [basecommands.smx] "Console<0><Console><Console>" changed cvar (cvar "mapcyclefile") (value "map_custom.txt")
L 10/20/2022 - 13:15:53: [warmod.smx] Current Map: de_nuke, Warmod Version: 19.11.21.2253
L 10/20/2022 - 13:15:56: [chat-processor.smx] Message formats generated for game 'csgo'.
L 10/20/2022 - 13:15:56: [chat-processor.smx] Successfully hooked a SayText2 chat hook.
L 10/20/2022 - 14:25:09: -------- Mapchange to de_nuke --------
L 10/20/2022 - 14:25:10: [basecommands.smx] "Console<0><Console><Console>" changed cvar (cvar "mapcyclefile") (value "map_custom.txt")
L 10/20/2022 - 14:25:15: [warmod.smx] Current Map: de_nuke, Warmod Version: 19.11.21.2253
L 10/20/2022 - 14:25:18: [chat-processor.smx] Message formats generated for game 'csgo'.
L 10/20/2022 - 14:25:18: [chat-processor.smx] Successfully hooked a SayText2 chat hook.
L 10/20/2022 - 15:17:15: -------- Mapchange to de_nuke --------
L 10/20/2022 - 15:17:16: [basecommands.smx] "Console<0><Console><Console>" changed cvar (cvar "mapcyclefile") (value "map_custom.txt")
L 10/20/2022 - 15:17:21: [warmod.smx] Current Map: de_nuke, Warmod Version: 19.11.21.2253
L 10/20/2022 - 15:17:24: [chat-processor.smx] Message formats generated for game 'csgo'.
L 10/20/2022 - 15:17:24: [chat-processor.smx] Successfully hooked a SayText2 chat hook.
L 10/20/2022 - 18:15:52: -------- Mapchange to de_nuke --------
L 10/20/2022 - 18:15:54: [basecommands.smx] "Console<0><Console><Console>" changed cvar (cvar "mapcyclefile") (value "map_custom.txt")
L 10/20/2022 - 18:15:59: [warmod.smx] Current Map: de_nuke, Warmod Version: 19.11.21.2253
L 10/20/2022 - 18:16:02: [chat-processor.smx] Message formats generated for game 'csgo'.
L 10/20/2022 - 18:16:02: [chat-processor.smx] Successfully hooked a SayText2 chat hook.
L 10/20/2022 - 23:48:30: -------- Mapchange to de_nuke --------
L 10/20/2022 - 23:48:32: [basecommands.smx] "Console<0><Console><Console>" changed cvar (cvar "mapcyclefile") (value "map_custom.txt")
L 10/20/2022 - 23:48:36: [warmod.smx] Current Map: de_nuke, Warmod Version: 19.11.21.2253
L 10/20/2022 - 23:48:39: [chat-processor.smx] Message formats generated for game 'csgo'.
L 10/20/2022 - 23:48:39: [chat-processor.smx] Successfully hooked a SayText2 chat hook.
L 10/21/2022 - 02:53:18: Log file closed.
