L 09/07/2022 - 13:41:26: SourceMod log file session started (file "/home/csgo/csgo/addons/sourcemod/logs/L20220907.log") (Version "1.12.0.6912")
L 09/07/2022 - 13:41:26: [basecommands.smx] "Console<0><Console><Console>" changed cvar (cvar "mapcyclefile") (value "map_custom.txt")
L 09/07/2022 - 13:41:29: [chat-processor.smx] Message formats generated for game 'csgo'.
L 09/07/2022 - 13:41:29: [chat-processor.smx] Successfully hooked a SayText2 chat hook.
L 09/07/2022 - 14:23:26: -------- Mapchange to de_train --------
L 09/07/2022 - 14:23:26: [basecommands.smx] "Console<0><Console><Console>" changed cvar (cvar "mapcyclefile") (value "map_custom.txt")
L 09/07/2022 - 14:23:29: [chat-processor.smx] Message formats generated for game 'csgo'.
L 09/07/2022 - 14:23:29: [chat-processor.smx] Successfully hooked a SayText2 chat hook.
L 09/07/2022 - 16:06:35: -------- Mapchange to de_train --------
L 09/07/2022 - 16:06:35: [basecommands.smx] "Console<0><Console><Console>" changed cvar (cvar "mapcyclefile") (value "map_custom.txt")
L 09/07/2022 - 16:06:38: [chat-processor.smx] Message formats generated for game 'csgo'.
L 09/07/2022 - 16:06:38: [chat-processor.smx] Successfully hooked a SayText2 chat hook.
L 09/07/2022 - 16:25:55: -------- Mapchange to de_train --------
L 09/07/2022 - 16:25:56: [basecommands.smx] "Console<0><Console><Console>" changed cvar (cvar "mapcyclefile") (value "map_custom.txt")
L 09/07/2022 - 16:25:59: [chat-processor.smx] Message formats generated for game 'csgo'.
L 09/07/2022 - 16:25:59: [chat-processor.smx] Successfully hooked a SayText2 chat hook.
L 09/07/2022 - 17:54:51: -------- Mapchange to de_train --------
L 09/07/2022 - 17:54:51: [basecommands.smx] "Console<0><Console><Console>" changed cvar (cvar "mapcyclefile") (value "map_custom.txt")
L 09/07/2022 - 17:54:54: [chat-processor.smx] Message formats generated for game 'csgo'.
L 09/07/2022 - 17:54:54: [chat-processor.smx] Successfully hooked a SayText2 chat hook.
L 09/07/2022 - 18:07:18: -------- Mapchange to de_train --------
L 09/07/2022 - 18:07:19: [basecommands.smx] "Console<0><Console><Console>" changed cvar (cvar "mapcyclefile") (value "map_custom.txt")
L 09/07/2022 - 18:07:22: [chat-processor.smx] Message formats generated for game 'csgo'.
L 09/07/2022 - 18:07:22: [chat-processor.smx] Successfully hooked a SayText2 chat hook.
L 09/07/2022 - 18:31:15: -------- Mapchange to de_train --------
L 09/07/2022 - 18:31:15: [basecommands.smx] "Console<0><Console><Console>" changed cvar (cvar "mapcyclefile") (value "map_custom.txt")
L 09/07/2022 - 18:31:18: [chat-processor.smx] Message formats generated for game 'csgo'.
L 09/07/2022 - 18:31:18: [chat-processor.smx] Successfully hooked a SayText2 chat hook.
L 09/07/2022 - 19:03:48: -------- Mapchange to de_train --------
L 09/07/2022 - 19:03:49: [basecommands.smx] "Console<0><Console><Console>" changed cvar (cvar "mapcyclefile") (value "map_custom.txt")
L 09/07/2022 - 19:03:51: [chat-processor.smx] Message formats generated for game 'csgo'.
L 09/07/2022 - 19:03:51: [chat-processor.smx] Successfully hooked a SayText2 chat hook.
L 09/07/2022 - 20:27:52: -------- Mapchange to de_train --------
L 09/07/2022 - 20:27:52: [basecommands.smx] "Console<0><Console><Console>" changed cvar (cvar "mapcyclefile") (value "map_custom.txt")
L 09/07/2022 - 20:27:55: [chat-processor.smx] Message formats generated for game 'csgo'.
L 09/07/2022 - 20:27:55: [chat-processor.smx] Successfully hooked a SayText2 chat hook.
L 09/07/2022 - 20:48:01: -------- Mapchange to de_train --------
L 09/07/2022 - 20:48:01: [basecommands.smx] "Console<0><Console><Console>" changed cvar (cvar "mapcyclefile") (value "map_custom.txt")
L 09/07/2022 - 20:48:04: [chat-processor.smx] Message formats generated for game 'csgo'.
L 09/07/2022 - 20:48:04: [chat-processor.smx] Successfully hooked a SayText2 chat hook.
L 09/08/2022 - 07:10:55: Log file closed.
