L 10/30/2022 - 00:02:43: SourceMod log file session started (file "/badfupo/server1/csgo/addons/sourcemod/logs/L20221030.log") (Version "1.11.0.6913")
L 10/30/2022 - 00:02:43: [basecommands.smx] "Console<0><Console><Console>" changed cvar (cvar "mapcyclefile") (value "map_custom.txt")
L 10/30/2022 - 00:02:47: [warmod.smx] Current Map: de_dust2, Warmod Version: 19.11.21.2253
L 10/30/2022 - 00:02:47: [chat-processor.smx] Message formats generated for game 'csgo'.
L 10/30/2022 - 00:02:47: [chat-processor.smx] Successfully hooked a SayText2 chat hook.
L 10/30/2022 - 01:04:45: -------- Mapchange to de_dust2 --------
L 10/30/2022 - 01:04:46: [basecommands.smx] "Console<0><Console><Console>" changed cvar (cvar "mapcyclefile") (value "map_custom.txt")
L 10/30/2022 - 01:04:50: [warmod.smx] Current Map: de_dust2, Warmod Version: 19.11.21.2253
L 10/30/2022 - 01:04:50: [chat-processor.smx] Message formats generated for game 'csgo'.
L 10/30/2022 - 01:04:50: [chat-processor.smx] Successfully hooked a SayText2 chat hook.
L 10/30/2022 - 02:37:03: -------- Mapchange to de_dust2 --------
L 10/30/2022 - 02:37:04: [basecommands.smx] "Console<0><Console><Console>" changed cvar (cvar "mapcyclefile") (value "map_custom.txt")
L 10/30/2022 - 02:37:08: [warmod.smx] Current Map: de_dust2, Warmod Version: 19.11.21.2253
L 10/30/2022 - 02:37:09: [chat-processor.smx] Message formats generated for game 'csgo'.
L 10/30/2022 - 02:37:09: [chat-processor.smx] Successfully hooked a SayText2 chat hook.
L 10/30/2022 - 02:58:40: -------- Mapchange to de_dust2 --------
L 10/30/2022 - 02:58:41: [basecommands.smx] "Console<0><Console><Console>" changed cvar (cvar "mapcyclefile") (value "map_custom.txt")
L 10/30/2022 - 02:58:44: [warmod.smx] Current Map: de_dust2, Warmod Version: 19.11.21.2253
L 10/30/2022 - 02:58:45: [chat-processor.smx] Message formats generated for game 'csgo'.
L 10/30/2022 - 02:58:45: [chat-processor.smx] Successfully hooked a SayText2 chat hook.
L 10/30/2022 - 03:34:51: -------- Mapchange to de_dust2 --------
L 10/30/2022 - 03:34:53: [basecommands.smx] "Console<0><Console><Console>" changed cvar (cvar "mapcyclefile") (value "map_custom.txt")
L 10/30/2022 - 03:34:57: [warmod.smx] Current Map: de_dust2, Warmod Version: 19.11.21.2253
L 10/30/2022 - 03:34:58: [chat-processor.smx] Message formats generated for game 'csgo'.
L 10/30/2022 - 03:34:58: [chat-processor.smx] Successfully hooked a SayText2 chat hook.
L 10/30/2022 - 03:53:28: -------- Mapchange to de_dust2 --------
L 10/30/2022 - 03:53:29: [basecommands.smx] "Console<0><Console><Console>" changed cvar (cvar "mapcyclefile") (value "map_custom.txt")
L 10/30/2022 - 03:53:33: [warmod.smx] Current Map: de_dust2, Warmod Version: 19.11.21.2253
L 10/30/2022 - 03:53:33: [chat-processor.smx] Message formats generated for game 'csgo'.
L 10/30/2022 - 03:53:33: [chat-processor.smx] Successfully hooked a SayText2 chat hook.
L 10/30/2022 - 03:54:19: -------- Mapchange to de_dust2 --------
L 10/30/2022 - 03:54:20: [basecommands.smx] "Console<0><Console><Console>" changed cvar (cvar "mapcyclefile") (value "map_custom.txt")
L 10/30/2022 - 03:54:23: [warmod.smx] Current Map: de_dust2, Warmod Version: 19.11.21.2253
L 10/30/2022 - 03:54:24: [chat-processor.smx] Message formats generated for game 'csgo'.
L 10/30/2022 - 03:54:24: [chat-processor.smx] Successfully hooked a SayText2 chat hook.
L 10/30/2022 - 04:15:58: -------- Mapchange to de_dust2 --------
L 10/30/2022 - 04:15:58: [basecommands.smx] "Console<0><Console><Console>" changed cvar (cvar "mapcyclefile") (value "map_custom.txt")
L 10/30/2022 - 04:16:02: [warmod.smx] Current Map: de_dust2, Warmod Version: 19.11.21.2253
L 10/30/2022 - 04:16:03: [chat-processor.smx] Message formats generated for game 'csgo'.
L 10/30/2022 - 04:16:03: [chat-processor.smx] Successfully hooked a SayText2 chat hook.
L 10/30/2022 - 04:21:04: -------- Mapchange to de_dust2 --------
L 10/30/2022 - 04:21:05: [basecommands.smx] "Console<0><Console><Console>" changed cvar (cvar "mapcyclefile") (value "map_custom.txt")
L 10/30/2022 - 04:21:08: [warmod.smx] Current Map: de_dust2, Warmod Version: 19.11.21.2253
L 10/30/2022 - 04:21:09: [chat-processor.smx] Message formats generated for game 'csgo'.
L 10/30/2022 - 04:21:09: [chat-processor.smx] Successfully hooked a SayText2 chat hook.
L 10/30/2022 - 04:51:27: -------- Mapchange to de_dust2 --------
L 10/30/2022 - 04:51:27: [basecommands.smx] "Console<0><Console><Console>" changed cvar (cvar "mapcyclefile") (value "map_custom.txt")
L 10/30/2022 - 04:51:31: [warmod.smx] Current Map: de_dust2, Warmod Version: 19.11.21.2253
L 10/30/2022 - 04:51:32: [chat-processor.smx] Message formats generated for game 'csgo'.
L 10/30/2022 - 04:51:32: [chat-processor.smx] Successfully hooked a SayText2 chat hook.
L 10/30/2022 - 04:52:33: -------- Mapchange to de_dust2 --------
L 10/30/2022 - 04:52:34: [basecommands.smx] "Console<0><Console><Console>" changed cvar (cvar "mapcyclefile") (value "map_custom.txt")
L 10/30/2022 - 04:52:38: [warmod.smx] Current Map: de_dust2, Warmod Version: 19.11.21.2253
L 10/30/2022 - 04:52:39: [chat-processor.smx] Message formats generated for game 'csgo'.
L 10/30/2022 - 04:52:39: [chat-processor.smx] Successfully hooked a SayText2 chat hook.
L 10/30/2022 - 05:05:33: -------- Mapchange to de_dust2 --------
L 10/30/2022 - 05:05:34: [basecommands.smx] "Console<0><Console><Console>" changed cvar (cvar "mapcyclefile") (value "map_custom.txt")
L 10/30/2022 - 05:05:38: [warmod.smx] Current Map: de_dust2, Warmod Version: 19.11.21.2253
L 10/30/2022 - 05:05:39: [chat-processor.smx] Message formats generated for game 'csgo'.
L 10/30/2022 - 05:05:39: [chat-processor.smx] Successfully hooked a SayText2 chat hook.
L 10/30/2022 - 05:13:20: -------- Mapchange to de_dust2 --------
L 10/30/2022 - 05:13:21: [basecommands.smx] "Console<0><Console><Console>" changed cvar (cvar "mapcyclefile") (value "map_custom.txt")
L 10/30/2022 - 05:13:25: [warmod.smx] Current Map: de_dust2, Warmod Version: 19.11.21.2253
L 10/30/2022 - 05:13:25: [chat-processor.smx] Message formats generated for game 'csgo'.
L 10/30/2022 - 05:13:25: [chat-processor.smx] Successfully hooked a SayText2 chat hook.
L 10/30/2022 - 05:19:48: -------- Mapchange to de_dust2 --------
L 10/30/2022 - 05:19:48: [basecommands.smx] "Console<0><Console><Console>" changed cvar (cvar "mapcyclefile") (value "map_custom.txt")
L 10/30/2022 - 05:19:52: [warmod.smx] Current Map: de_dust2, Warmod Version: 19.11.21.2253
L 10/30/2022 - 05:19:53: [chat-processor.smx] Message formats generated for game 'csgo'.
L 10/30/2022 - 05:19:53: [chat-processor.smx] Successfully hooked a SayText2 chat hook.
L 10/30/2022 - 06:42:50: -------- Mapchange to de_dust2 --------
L 10/30/2022 - 06:42:51: [basecommands.smx] "Console<0><Console><Console>" changed cvar (cvar "mapcyclefile") (value "map_custom.txt")
L 10/30/2022 - 06:42:55: [warmod.smx] Current Map: de_dust2, Warmod Version: 19.11.21.2253
L 10/30/2022 - 06:42:56: [chat-processor.smx] Message formats generated for game 'csgo'.
L 10/30/2022 - 06:42:56: [chat-processor.smx] Successfully hooked a SayText2 chat hook.
L 10/30/2022 - 07:04:53: -------- Mapchange to de_dust2 --------
L 10/30/2022 - 07:04:54: [basecommands.smx] "Console<0><Console><Console>" changed cvar (cvar "mapcyclefile") (value "map_custom.txt")
L 10/30/2022 - 07:04:58: [warmod.smx] Current Map: de_dust2, Warmod Version: 19.11.21.2253
L 10/30/2022 - 07:04:59: [chat-processor.smx] Message formats generated for game 'csgo'.
L 10/30/2022 - 07:04:59: [chat-processor.smx] Successfully hooked a SayText2 chat hook.
L 10/30/2022 - 07:09:06: -------- Mapchange to de_dust2 --------
L 10/30/2022 - 07:09:07: [basecommands.smx] "Console<0><Console><Console>" changed cvar (cvar "mapcyclefile") (value "map_custom.txt")
L 10/30/2022 - 07:09:11: [warmod.smx] Current Map: de_dust2, Warmod Version: 19.11.21.2253
L 10/30/2022 - 07:09:11: [chat-processor.smx] Message formats generated for game 'csgo'.
L 10/30/2022 - 07:09:11: [chat-processor.smx] Successfully hooked a SayText2 chat hook.
L 10/30/2022 - 07:11:42: -------- Mapchange to de_dust2 --------
L 10/30/2022 - 07:11:42: [basecommands.smx] "Console<0><Console><Console>" changed cvar (cvar "mapcyclefile") (value "map_custom.txt")
L 10/30/2022 - 07:11:46: [warmod.smx] Current Map: de_dust2, Warmod Version: 19.11.21.2253
L 10/30/2022 - 07:11:47: [chat-processor.smx] Message formats generated for game 'csgo'.
L 10/30/2022 - 07:11:47: [chat-processor.smx] Successfully hooked a SayText2 chat hook.
L 10/30/2022 - 07:23:57: -------- Mapchange to de_dust2 --------
L 10/30/2022 - 07:23:57: [basecommands.smx] "Console<0><Console><Console>" changed cvar (cvar "mapcyclefile") (value "map_custom.txt")
L 10/30/2022 - 07:24:01: [warmod.smx] Current Map: de_dust2, Warmod Version: 19.11.21.2253
L 10/30/2022 - 07:24:02: [chat-processor.smx] Message formats generated for game 'csgo'.
L 10/30/2022 - 07:24:02: [chat-processor.smx] Successfully hooked a SayText2 chat hook.
L 10/30/2022 - 07:44:14: -------- Mapchange to de_dust2 --------
L 10/30/2022 - 07:44:15: [basecommands.smx] "Console<0><Console><Console>" changed cvar (cvar "mapcyclefile") (value "map_custom.txt")
L 10/30/2022 - 07:44:19: [warmod.smx] Current Map: de_dust2, Warmod Version: 19.11.21.2253
L 10/30/2022 - 07:44:20: [chat-processor.smx] Message formats generated for game 'csgo'.
L 10/30/2022 - 07:44:20: [chat-processor.smx] Successfully hooked a SayText2 chat hook.
L 10/30/2022 - 10:13:08: [playercommands.smx] "lightskin?☂<817><STEAM_1:1:448303934><>" slapped "仙王<812><STEAM_1:0:614688000><>" (damage "0")
L 10/30/2022 - 10:13:08: [playercommands.smx] "lightskin?☂<817><STEAM_1:1:448303934><>" slapped "449709<822><STEAM_1:0:581731074><>" (damage "0")
L 10/30/2022 - 10:13:08: [playercommands.smx] "lightskin?☂<817><STEAM_1:1:448303934><>" slapped "cnm<820><STEAM_1:0:723474048><>" (damage "0")
L 10/30/2022 - 10:13:08: [playercommands.smx] "lightskin?☂<817><STEAM_1:1:448303934><>" slapped "仙王<812><STEAM_1:0:614688000><>" (damage "0")
L 10/30/2022 - 10:13:08: [playercommands.smx] "lightskin?☂<817><STEAM_1:1:448303934><>" slapped "lightskin?☂<817><STEAM_1:1:448303934><>" (damage "0")
L 10/30/2022 - 10:13:09: [playercommands.smx] "lightskin?☂<817><STEAM_1:1:448303934><>" slapped "449709<822><STEAM_1:0:581731074><>" (damage "0")
L 10/30/2022 - 10:13:09: [playercommands.smx] "lightskin?☂<817><STEAM_1:1:448303934><>" slapped "今天只有残留的躯壳<815><STEAM_1:1:722439364><>" (damage "0")
L 10/30/2022 - 10:13:09: [playercommands.smx] "lightskin?☂<817><STEAM_1:1:448303934><>" slapped "lightskin?☂<817><STEAM_1:1:448303934><>" (damage "0")
L 10/30/2022 - 10:13:09: [playercommands.smx] "lightskin?☂<817><STEAM_1:1:448303934><>" slapped "今天只有残留的躯壳<815><STEAM_1:1:722439364><>" (damage "0")
L 10/30/2022 - 10:13:09: [playercommands.smx] "lightskin?☂<817><STEAM_1:1:448303934><>" slapped "cnm<820><STEAM_1:0:723474048><>" (damage "0")
L 10/30/2022 - 10:13:09: [playercommands.smx] "lightskin?☂<817><STEAM_1:1:448303934><>" slapped "lightskin?☂<817><STEAM_1:1:448303934><>" (damage "0")
L 10/30/2022 - 10:13:09: [playercommands.smx] "lightskin?☂<817><STEAM_1:1:448303934><>" slapped "仙王<812><STEAM_1:0:614688000><>" (damage "0")
L 10/30/2022 - 10:13:09: [playercommands.smx] "lightskin?☂<817><STEAM_1:1:448303934><>" slapped "今天只有残留的躯壳<815><STEAM_1:1:722439364><>" (damage "0")
L 10/30/2022 - 10:13:10: [playercommands.smx] "lightskin?☂<817><STEAM_1:1:448303934><>" slapped "360csgo管家<821><STEAM_1:0:169056980><>" (damage "0")
L 10/30/2022 - 10:13:10: [playercommands.smx] "lightskin?☂<817><STEAM_1:1:448303934><>" slapped "cnm<820><STEAM_1:0:723474048><>" (damage "0")
L 10/30/2022 - 10:13:10: [playercommands.smx] "lightskin?☂<817><STEAM_1:1:448303934><>" slapped "360csgo管家<821><STEAM_1:0:169056980><>" (damage "0")
L 10/30/2022 - 10:16:55: [basecommands.smx] "lightskin?☂<817><STEAM_1:1:448303934><>" kicked "哲哲<823><STEAM_1:1:115241501><>" (reason "")
L 10/30/2022 - 10:16:55: [basecommands.smx] "lightskin?☂<817><STEAM_1:1:448303934><>" kicked "GOTV<789><BOT><>" (reason "")
L 10/30/2022 - 10:17:54: [basecommands.smx] "lightskin?☂<817><STEAM_1:1:448303934><>" kicked "2279733531<824><STEAM_1:1:715670144><>" (reason "")
L 10/30/2022 - 10:18:06: [basecommands.smx] "lightskin?☂<817><STEAM_1:1:448303934><>" kicked "哲哲<826><STEAM_1:1:115241501><>" (reason "")
L 10/30/2022 - 10:23:26: [playercommands.smx] "lightskin?☂<817><STEAM_1:1:448303934><>" slapped "今天只有残留的躯壳<815><STEAM_1:1:722439364><>" (damage "0")
L 10/30/2022 - 10:23:26: [playercommands.smx] "lightskin?☂<817><STEAM_1:1:448303934><>" slapped "今天只有残留的躯壳<815><STEAM_1:1:722439364><>" (damage "0")
L 10/30/2022 - 10:23:26: [playercommands.smx] "lightskin?☂<817><STEAM_1:1:448303934><>" slapped "今天只有残留的躯壳<815><STEAM_1:1:722439364><>" (damage "0")
L 10/30/2022 - 10:23:27: [playercommands.smx] "lightskin?☂<817><STEAM_1:1:448303934><>" slapped "今天只有残留的躯壳<815><STEAM_1:1:722439364><>" (damage "0")
L 10/30/2022 - 10:23:27: [playercommands.smx] "lightskin?☂<817><STEAM_1:1:448303934><>" slapped "今天只有残留的躯壳<815><STEAM_1:1:722439364><>" (damage "0")
L 10/30/2022 - 10:23:27: [playercommands.smx] "lightskin?☂<817><STEAM_1:1:448303934><>" slapped "今天只有残留的躯壳<815><STEAM_1:1:722439364><>" (damage "0")
L 10/30/2022 - 10:23:27: [playercommands.smx] "lightskin?☂<817><STEAM_1:1:448303934><>" slapped "今天只有残留的躯壳<815><STEAM_1:1:722439364><>" (damage "0")
L 10/30/2022 - 10:23:27: [playercommands.smx] "lightskin?☂<817><STEAM_1:1:448303934><>" slapped "今天只有残留的躯壳<815><STEAM_1:1:722439364><>" (damage "0")
L 10/30/2022 - 10:23:27: [playercommands.smx] "lightskin?☂<817><STEAM_1:1:448303934><>" slapped "今天只有残留的躯壳<815><STEAM_1:1:722439364><>" (damage "0")
L 10/30/2022 - 10:23:27: [playercommands.smx] "lightskin?☂<817><STEAM_1:1:448303934><>" slapped "今天只有残留的躯壳<815><STEAM_1:1:722439364><>" (damage "0")
L 10/30/2022 - 10:23:27: [playercommands.smx] "lightskin?☂<817><STEAM_1:1:448303934><>" slapped "今天只有残留的躯壳<815><STEAM_1:1:722439364><>" (damage "0")
L 10/30/2022 - 10:23:28: [playercommands.smx] "lightskin?☂<817><STEAM_1:1:448303934><>" slapped "今天只有残留的躯壳<815><STEAM_1:1:722439364><>" (damage "0")
L 10/30/2022 - 10:23:28: [playercommands.smx] "lightskin?☂<817><STEAM_1:1:448303934><>" slapped "今天只有残留的躯壳<815><STEAM_1:1:722439364><>" (damage "0")
L 10/30/2022 - 10:23:28: [playercommands.smx] "lightskin?☂<817><STEAM_1:1:448303934><>" slapped "今天只有残留的躯壳<815><STEAM_1:1:722439364><>" (damage "0")
L 10/30/2022 - 10:23:28: [playercommands.smx] "lightskin?☂<817><STEAM_1:1:448303934><>" slapped "今天只有残留的躯壳<815><STEAM_1:1:722439364><>" (damage "0")
L 10/30/2022 - 10:23:28: [playercommands.smx] "lightskin?☂<817><STEAM_1:1:448303934><>" slapped "今天只有残留的躯壳<815><STEAM_1:1:722439364><>" (damage "0")
L 10/30/2022 - 10:23:28: [playercommands.smx] "lightskin?☂<817><STEAM_1:1:448303934><>" slapped "今天只有残留的躯壳<815><STEAM_1:1:722439364><>" (damage "0")
L 10/30/2022 - 10:23:28: [playercommands.smx] "lightskin?☂<817><STEAM_1:1:448303934><>" slapped "360csgo管家<821><STEAM_1:0:169056980><>" (damage "0")
L 10/30/2022 - 10:23:29: [playercommands.smx] "lightskin?☂<817><STEAM_1:1:448303934><>" slapped "今天只有残留的躯壳<815><STEAM_1:1:722439364><>" (damage "0")
L 10/30/2022 - 10:23:29: [playercommands.smx] "lightskin?☂<817><STEAM_1:1:448303934><>" slapped "今天只有残留的躯壳<815><STEAM_1:1:722439364><>" (damage "0")
L 10/30/2022 - 10:23:29: [playercommands.smx] "lightskin?☂<817><STEAM_1:1:448303934><>" slapped "今天只有残留的躯壳<815><STEAM_1:1:722439364><>" (damage "0")
L 10/30/2022 - 10:23:29: [playercommands.smx] "lightskin?☂<817><STEAM_1:1:448303934><>" slapped "今天只有残留的躯壳<815><STEAM_1:1:722439364><>" (damage "0")
L 10/30/2022 - 10:23:29: [playercommands.smx] "lightskin?☂<817><STEAM_1:1:448303934><>" slapped "今天只有残留的躯壳<815><STEAM_1:1:722439364><>" (damage "0")
L 10/30/2022 - 10:23:30: [playercommands.smx] "lightskin?☂<817><STEAM_1:1:448303934><>" slapped "今天只有残留的躯壳<815><STEAM_1:1:722439364><>" (damage "0")
L 10/30/2022 - 10:23:30: [playercommands.smx] "lightskin?☂<817><STEAM_1:1:448303934><>" slapped "今天只有残留的躯壳<815><STEAM_1:1:722439364><>" (damage "0")
L 10/30/2022 - 10:23:30: [playercommands.smx] "lightskin?☂<817><STEAM_1:1:448303934><>" slapped "今天只有残留的躯壳<815><STEAM_1:1:722439364><>" (damage "0")
L 10/30/2022 - 10:23:30: [playercommands.smx] "lightskin?☂<817><STEAM_1:1:448303934><>" slapped "今天只有残留的躯壳<815><STEAM_1:1:722439364><>" (damage "0")
L 10/30/2022 - 10:23:30: [playercommands.smx] "lightskin?☂<817><STEAM_1:1:448303934><>" slapped "今天只有残留的躯壳<815><STEAM_1:1:722439364><>" (damage "0")
L 10/30/2022 - 10:23:30: [playercommands.smx] "lightskin?☂<817><STEAM_1:1:448303934><>" slapped "今天只有残留的躯壳<815><STEAM_1:1:722439364><>" (damage "0")
L 10/30/2022 - 10:23:30: [playercommands.smx] "lightskin?☂<817><STEAM_1:1:448303934><>" slapped "今天只有残留的躯壳<815><STEAM_1:1:722439364><>" (damage "0")
L 10/30/2022 - 10:23:30: [playercommands.smx] "lightskin?☂<817><STEAM_1:1:448303934><>" slapped "今天只有残留的躯壳<815><STEAM_1:1:722439364><>" (damage "0")
L 10/30/2022 - 10:23:31: [playercommands.smx] "lightskin?☂<817><STEAM_1:1:448303934><>" slapped "今天只有残留的躯壳<815><STEAM_1:1:722439364><>" (damage "0")
L 10/30/2022 - 10:23:31: [playercommands.smx] "lightskin?☂<817><STEAM_1:1:448303934><>" slapped "今天只有残留的躯壳<815><STEAM_1:1:722439364><>" (damage "0")
L 10/30/2022 - 10:23:31: [playercommands.smx] "lightskin?☂<817><STEAM_1:1:448303934><>" slapped "今天只有残留的躯壳<815><STEAM_1:1:722439364><>" (damage "0")
L 10/30/2022 - 10:23:31: [playercommands.smx] "lightskin?☂<817><STEAM_1:1:448303934><>" slapped "今天只有残留的躯壳<815><STEAM_1:1:722439364><>" (damage "0")
L 10/30/2022 - 10:23:31: [playercommands.smx] "lightskin?☂<817><STEAM_1:1:448303934><>" slapped "今天只有残留的躯壳<815><STEAM_1:1:722439364><>" (damage "0")
L 10/30/2022 - 10:23:31: [playercommands.smx] "lightskin?☂<817><STEAM_1:1:448303934><>" slapped "今天只有残留的躯壳<815><STEAM_1:1:722439364><>" (damage "0")
L 10/30/2022 - 10:23:31: [playercommands.smx] "lightskin?☂<817><STEAM_1:1:448303934><>" slapped "今天只有残留的躯壳<815><STEAM_1:1:722439364><>" (damage "0")
L 10/30/2022 - 10:23:32: [playercommands.smx] "lightskin?☂<817><STEAM_1:1:448303934><>" slapped "今天只有残留的躯壳<815><STEAM_1:1:722439364><>" (damage "0")
L 10/30/2022 - 10:23:32: [playercommands.smx] "lightskin?☂<817><STEAM_1:1:448303934><>" slapped "今天只有残留的躯壳<815><STEAM_1:1:722439364><>" (damage "0")
L 10/30/2022 - 10:23:32: [playercommands.smx] "lightskin?☂<817><STEAM_1:1:448303934><>" slapped "今天只有残留的躯壳<815><STEAM_1:1:722439364><>" (damage "0")
L 10/30/2022 - 10:23:32: [playercommands.smx] "lightskin?☂<817><STEAM_1:1:448303934><>" slapped "今天只有残留的躯壳<815><STEAM_1:1:722439364><>" (damage "0")
L 10/30/2022 - 10:23:32: [playercommands.smx] "lightskin?☂<817><STEAM_1:1:448303934><>" slapped "今天只有残留的躯壳<815><STEAM_1:1:722439364><>" (damage "0")
L 10/30/2022 - 10:23:32: [playercommands.smx] "lightskin?☂<817><STEAM_1:1:448303934><>" slapped "今天只有残留的躯壳<815><STEAM_1:1:722439364><>" (damage "0")
L 10/30/2022 - 10:23:32: [playercommands.smx] "lightskin?☂<817><STEAM_1:1:448303934><>" slapped "今天只有残留的躯壳<815><STEAM_1:1:722439364><>" (damage "0")
L 10/30/2022 - 10:23:32: [playercommands.smx] "lightskin?☂<817><STEAM_1:1:448303934><>" slapped "今天只有残留的躯壳<815><STEAM_1:1:722439364><>" (damage "0")
L 10/30/2022 - 10:23:33: [playercommands.smx] "lightskin?☂<817><STEAM_1:1:448303934><>" slapped "今天只有残留的躯壳<815><STEAM_1:1:722439364><>" (damage "0")
L 10/30/2022 - 10:23:33: [playercommands.smx] "lightskin?☂<817><STEAM_1:1:448303934><>" slapped "今天只有残留的躯壳<815><STEAM_1:1:722439364><>" (damage "0")
L 10/30/2022 - 10:23:33: [playercommands.smx] "lightskin?☂<817><STEAM_1:1:448303934><>" slapped "今天只有残留的躯壳<815><STEAM_1:1:722439364><>" (damage "0")
L 10/30/2022 - 10:23:33: [playercommands.smx] "lightskin?☂<817><STEAM_1:1:448303934><>" slapped "今天只有残留的躯壳<815><STEAM_1:1:722439364><>" (damage "0")
L 10/30/2022 - 10:23:33: [playercommands.smx] "lightskin?☂<817><STEAM_1:1:448303934><>" slapped "今天只有残留的躯壳<815><STEAM_1:1:722439364><>" (damage "0")
L 10/30/2022 - 10:23:33: [playercommands.smx] "lightskin?☂<817><STEAM_1:1:448303934><>" slapped "今天只有残留的躯壳<815><STEAM_1:1:722439364><>" (damage "0")
L 10/30/2022 - 10:23:33: [playercommands.smx] "lightskin?☂<817><STEAM_1:1:448303934><>" slapped "今天只有残留的躯壳<815><STEAM_1:1:722439364><>" (damage "0")
L 10/30/2022 - 10:23:34: [playercommands.smx] "lightskin?☂<817><STEAM_1:1:448303934><>" slapped "今天只有残留的躯壳<815><STEAM_1:1:722439364><>" (damage "0")
L 10/30/2022 - 10:23:34: [playercommands.smx] "lightskin?☂<817><STEAM_1:1:448303934><>" slapped "今天只有残留的躯壳<815><STEAM_1:1:722439364><>" (damage "0")
L 10/30/2022 - 10:23:34: [playercommands.smx] "lightskin?☂<817><STEAM_1:1:448303934><>" slapped "今天只有残留的躯壳<815><STEAM_1:1:722439364><>" (damage "0")
L 10/30/2022 - 10:23:34: [playercommands.smx] "lightskin?☂<817><STEAM_1:1:448303934><>" slapped "今天只有残留的躯壳<815><STEAM_1:1:722439364><>" (damage "0")
L 10/30/2022 - 10:23:34: [playercommands.smx] "lightskin?☂<817><STEAM_1:1:448303934><>" slapped "今天只有残留的躯壳<815><STEAM_1:1:722439364><>" (damage "0")
L 10/30/2022 - 10:23:35: [playercommands.smx] "lightskin?☂<817><STEAM_1:1:448303934><>" slapped "今天只有残留的躯壳<815><STEAM_1:1:722439364><>" (damage "0")
L 10/30/2022 - 10:23:35: [playercommands.smx] "lightskin?☂<817><STEAM_1:1:448303934><>" slapped "今天只有残留的躯壳<815><STEAM_1:1:722439364><>" (damage "0")
L 10/30/2022 - 10:23:35: [playercommands.smx] "lightskin?☂<817><STEAM_1:1:448303934><>" slapped "今天只有残留的躯壳<815><STEAM_1:1:722439364><>" (damage "0")
L 10/30/2022 - 10:23:35: [playercommands.smx] "lightskin?☂<817><STEAM_1:1:448303934><>" slapped "今天只有残留的躯壳<815><STEAM_1:1:722439364><>" (damage "0")
L 10/30/2022 - 10:23:35: [playercommands.smx] "lightskin?☂<817><STEAM_1:1:448303934><>" slapped "今天只有残留的躯壳<815><STEAM_1:1:722439364><>" (damage "0")
L 10/30/2022 - 10:23:35: [playercommands.smx] "lightskin?☂<817><STEAM_1:1:448303934><>" slapped "今天只有残留的躯壳<815><STEAM_1:1:722439364><>" (damage "0")
L 10/30/2022 - 10:23:35: [playercommands.smx] "lightskin?☂<817><STEAM_1:1:448303934><>" slapped "今天只有残留的躯壳<815><STEAM_1:1:722439364><>" (damage "0")
L 10/30/2022 - 10:23:36: [playercommands.smx] "lightskin?☂<817><STEAM_1:1:448303934><>" slapped "今天只有残留的躯壳<815><STEAM_1:1:722439364><>" (damage "0")
L 10/30/2022 - 10:23:36: [playercommands.smx] "lightskin?☂<817><STEAM_1:1:448303934><>" slapped "今天只有残留的躯壳<815><STEAM_1:1:722439364><>" (damage "0")
L 10/30/2022 - 10:23:36: [playercommands.smx] "lightskin?☂<817><STEAM_1:1:448303934><>" slapped "今天只有残留的躯壳<815><STEAM_1:1:722439364><>" (damage "0")
L 10/30/2022 - 10:23:36: [playercommands.smx] "lightskin?☂<817><STEAM_1:1:448303934><>" slapped "今天只有残留的躯壳<815><STEAM_1:1:722439364><>" (damage "0")
L 10/30/2022 - 11:35:34: -------- Mapchange to de_dust2 --------
L 10/30/2022 - 11:35:34: [basecommands.smx] "Console<0><Console><Console>" changed cvar (cvar "mapcyclefile") (value "map_custom.txt")
L 10/30/2022 - 11:35:39: [warmod.smx] Current Map: de_dust2, Warmod Version: 19.11.21.2253
L 10/30/2022 - 11:35:39: [chat-processor.smx] Message formats generated for game 'csgo'.
L 10/30/2022 - 11:35:39: [chat-processor.smx] Successfully hooked a SayText2 chat hook.
L 10/30/2022 - 13:01:45: -------- Mapchange to de_dust2 --------
L 10/30/2022 - 13:01:46: [basecommands.smx] "Console<0><Console><Console>" changed cvar (cvar "mapcyclefile") (value "map_custom.txt")
L 10/30/2022 - 13:01:50: [warmod.smx] Current Map: de_dust2, Warmod Version: 19.11.21.2253
L 10/30/2022 - 13:01:51: [chat-processor.smx] Message formats generated for game 'csgo'.
L 10/30/2022 - 13:01:51: [chat-processor.smx] Successfully hooked a SayText2 chat hook.
L 10/30/2022 - 13:39:05: -------- Mapchange to de_dust2 --------
L 10/30/2022 - 13:39:06: [basecommands.smx] "Console<0><Console><Console>" changed cvar (cvar "mapcyclefile") (value "map_custom.txt")
L 10/30/2022 - 13:39:10: [warmod.smx] Current Map: de_dust2, Warmod Version: 19.11.21.2253
L 10/30/2022 - 13:39:11: [chat-processor.smx] Message formats generated for game 'csgo'.
L 10/30/2022 - 13:39:11: [chat-processor.smx] Successfully hooked a SayText2 chat hook.
L 10/30/2022 - 13:41:36: -------- Mapchange to de_dust2 --------
L 10/30/2022 - 13:41:36: [basecommands.smx] "Console<0><Console><Console>" changed cvar (cvar "mapcyclefile") (value "map_custom.txt")
L 10/30/2022 - 13:41:40: [warmod.smx] Current Map: de_dust2, Warmod Version: 19.11.21.2253
L 10/30/2022 - 13:41:41: [chat-processor.smx] Message formats generated for game 'csgo'.
L 10/30/2022 - 13:41:41: [chat-processor.smx] Successfully hooked a SayText2 chat hook.
L 10/30/2022 - 14:07:33: -------- Mapchange to de_dust2 --------
L 10/30/2022 - 14:07:33: [basecommands.smx] "Console<0><Console><Console>" changed cvar (cvar "mapcyclefile") (value "map_custom.txt")
L 10/30/2022 - 14:07:37: [warmod.smx] Current Map: de_dust2, Warmod Version: 19.11.21.2253
L 10/30/2022 - 14:07:38: [chat-processor.smx] Message formats generated for game 'csgo'.
L 10/30/2022 - 14:07:38: [chat-processor.smx] Successfully hooked a SayText2 chat hook.
L 10/30/2022 - 14:32:34: -------- Mapchange to de_dust2 --------
L 10/30/2022 - 14:32:34: [basecommands.smx] "Console<0><Console><Console>" changed cvar (cvar "mapcyclefile") (value "map_custom.txt")
L 10/30/2022 - 14:32:38: [warmod.smx] Current Map: de_dust2, Warmod Version: 19.11.21.2253
L 10/30/2022 - 14:32:39: [chat-processor.smx] Message formats generated for game 'csgo'.
L 10/30/2022 - 14:32:39: [chat-processor.smx] Successfully hooked a SayText2 chat hook.
L 10/30/2022 - 14:46:33: -------- Mapchange to de_dust2 --------
L 10/30/2022 - 14:46:33: [basecommands.smx] "Console<0><Console><Console>" changed cvar (cvar "mapcyclefile") (value "map_custom.txt")
L 10/30/2022 - 14:46:37: [warmod.smx] Current Map: de_dust2, Warmod Version: 19.11.21.2253
L 10/30/2022 - 14:46:38: [chat-processor.smx] Message formats generated for game 'csgo'.
L 10/30/2022 - 14:46:38: [chat-processor.smx] Successfully hooked a SayText2 chat hook.
L 10/30/2022 - 14:53:31: -------- Mapchange to de_dust2 --------
L 10/30/2022 - 14:53:32: [basecommands.smx] "Console<0><Console><Console>" changed cvar (cvar "mapcyclefile") (value "map_custom.txt")
L 10/30/2022 - 14:53:36: [warmod.smx] Current Map: de_dust2, Warmod Version: 19.11.21.2253
L 10/30/2022 - 14:53:36: [chat-processor.smx] Message formats generated for game 'csgo'.
L 10/30/2022 - 14:53:36: [chat-processor.smx] Successfully hooked a SayText2 chat hook.
L 10/30/2022 - 15:19:07: -------- Mapchange to de_dust2 --------
L 10/30/2022 - 15:19:08: [basecommands.smx] "Console<0><Console><Console>" changed cvar (cvar "mapcyclefile") (value "map_custom.txt")
L 10/30/2022 - 15:19:12: [warmod.smx] Current Map: de_dust2, Warmod Version: 19.11.21.2253
L 10/30/2022 - 15:19:13: [chat-processor.smx] Message formats generated for game 'csgo'.
L 10/30/2022 - 15:19:13: [chat-processor.smx] Successfully hooked a SayText2 chat hook.
L 10/31/2022 - 00:57:10: Log file closed.
