L 10/04/2022 - 00:31:08: SourceMod log file session started (file "/badfupo/server1/csgo/addons/sourcemod/logs/L20221004.log") (Version "1.12.0.6912")
L 10/04/2022 - 00:31:08: [basecommands.smx] "sparkles烟花<141><STEAM_1:1:515004150><>" executed config (file "sm_practice.cfg")
L 10/04/2022 - 00:33:16: [basecommands.smx] "sparkles烟花<141><STEAM_1:1:515004150><>" executed config (file "sm_practice.cfg")
L 10/04/2022 - 00:54:53: -------- Mapchange to de_vertigo --------
L 10/04/2022 - 00:54:53: [basecommands.smx] "Console<0><Console><Console>" changed cvar (cvar "mapcyclefile") (value "map_custom.txt")
L 10/04/2022 - 00:54:57: [warmod.smx] Current Map: de_vertigo, Warmod Version: 19.11.21.2253
L 10/04/2022 - 00:54:58: [chat-processor.smx] Message formats generated for game 'csgo'.
L 10/04/2022 - 00:54:58: [chat-processor.smx] Successfully hooked a SayText2 chat hook.
L 10/04/2022 - 00:56:42: [basecommands.smx] "sparkles烟花<141><STEAM_1:1:515004150><>" changed map to "mirage"
L 10/04/2022 - 00:56:45: [SM] Changed map to "mirage"
L 10/04/2022 - 00:56:47: -------- Mapchange to de_mirage --------
L 10/04/2022 - 00:56:48: [basecommands.smx] "Console<0><Console><Console>" changed cvar (cvar "mapcyclefile") (value "map_custom.txt")
L 10/04/2022 - 00:56:52: [warmod.smx] Current Map: de_mirage, Warmod Version: 19.11.21.2253
L 10/04/2022 - 00:56:52: [chat-processor.smx] Message formats generated for game 'csgo'.
L 10/04/2022 - 00:56:52: [chat-processor.smx] Successfully hooked a SayText2 chat hook.
L 10/04/2022 - 01:48:13: -------- Mapchange to de_mirage --------
L 10/04/2022 - 01:48:13: [basecommands.smx] "Console<0><Console><Console>" changed cvar (cvar "mapcyclefile") (value "map_custom.txt")
L 10/04/2022 - 01:48:17: [warmod.smx] Current Map: de_mirage, Warmod Version: 19.11.21.2253
L 10/04/2022 - 01:48:18: [chat-processor.smx] Message formats generated for game 'csgo'.
L 10/04/2022 - 01:48:18: [chat-processor.smx] Successfully hooked a SayText2 chat hook.
L 10/04/2022 - 01:51:09: -------- Mapchange to de_mirage --------
L 10/04/2022 - 01:51:10: [basecommands.smx] "Console<0><Console><Console>" changed cvar (cvar "mapcyclefile") (value "map_custom.txt")
L 10/04/2022 - 01:51:14: [warmod.smx] Current Map: de_mirage, Warmod Version: 19.11.21.2253
L 10/04/2022 - 01:51:15: [chat-processor.smx] Message formats generated for game 'csgo'.
L 10/04/2022 - 01:51:15: [chat-processor.smx] Successfully hooked a SayText2 chat hook.
L 10/04/2022 - 01:59:58: -------- Mapchange to de_mirage --------
L 10/04/2022 - 01:59:58: [basecommands.smx] "Console<0><Console><Console>" changed cvar (cvar "mapcyclefile") (value "map_custom.txt")
L 10/04/2022 - 02:00:02: [warmod.smx] Current Map: de_mirage, Warmod Version: 19.11.21.2253
L 10/04/2022 - 02:00:02: [chat-processor.smx] Message formats generated for game 'csgo'.
L 10/04/2022 - 02:00:02: [chat-processor.smx] Successfully hooked a SayText2 chat hook.
L 10/04/2022 - 02:31:08: -------- Mapchange to de_mirage --------
L 10/04/2022 - 02:31:09: [basecommands.smx] "Console<0><Console><Console>" changed cvar (cvar "mapcyclefile") (value "map_custom.txt")
L 10/04/2022 - 02:31:13: [warmod.smx] Current Map: de_mirage, Warmod Version: 19.11.21.2253
L 10/04/2022 - 02:31:14: [chat-processor.smx] Message formats generated for game 'csgo'.
L 10/04/2022 - 02:31:14: [chat-processor.smx] Successfully hooked a SayText2 chat hook.
L 10/04/2022 - 03:05:58: -------- Mapchange to de_mirage --------
L 10/04/2022 - 03:05:59: [basecommands.smx] "Console<0><Console><Console>" changed cvar (cvar "mapcyclefile") (value "map_custom.txt")
L 10/04/2022 - 03:06:03: [warmod.smx] Current Map: de_mirage, Warmod Version: 19.11.21.2253
L 10/04/2022 - 03:06:03: [chat-processor.smx] Message formats generated for game 'csgo'.
L 10/04/2022 - 03:06:03: [chat-processor.smx] Successfully hooked a SayText2 chat hook.
L 10/04/2022 - 04:00:14: -------- Mapchange to de_mirage --------
L 10/04/2022 - 04:00:15: [basecommands.smx] "Console<0><Console><Console>" changed cvar (cvar "mapcyclefile") (value "map_custom.txt")
L 10/04/2022 - 04:00:19: [warmod.smx] Current Map: de_mirage, Warmod Version: 19.11.21.2253
L 10/04/2022 - 04:00:19: [chat-processor.smx] Message formats generated for game 'csgo'.
L 10/04/2022 - 04:00:19: [chat-processor.smx] Successfully hooked a SayText2 chat hook.
L 10/04/2022 - 04:52:59: -------- Mapchange to de_mirage --------
L 10/04/2022 - 04:53:00: [basecommands.smx] "Console<0><Console><Console>" changed cvar (cvar "mapcyclefile") (value "map_custom.txt")
L 10/04/2022 - 04:53:04: [warmod.smx] Current Map: de_mirage, Warmod Version: 19.11.21.2253
L 10/04/2022 - 04:53:04: [chat-processor.smx] Message formats generated for game 'csgo'.
L 10/04/2022 - 04:53:04: [chat-processor.smx] Successfully hooked a SayText2 chat hook.
L 10/04/2022 - 05:59:07: -------- Mapchange to de_mirage --------
L 10/04/2022 - 05:59:08: [basecommands.smx] "Console<0><Console><Console>" changed cvar (cvar "mapcyclefile") (value "map_custom.txt")
L 10/04/2022 - 05:59:12: [warmod.smx] Current Map: de_mirage, Warmod Version: 19.11.21.2253
L 10/04/2022 - 05:59:12: [chat-processor.smx] Message formats generated for game 'csgo'.
L 10/04/2022 - 05:59:12: [chat-processor.smx] Successfully hooked a SayText2 chat hook.
L 10/04/2022 - 06:16:33: -------- Mapchange to de_mirage --------
L 10/04/2022 - 06:16:33: [basecommands.smx] "Console<0><Console><Console>" changed cvar (cvar "mapcyclefile") (value "map_custom.txt")
L 10/04/2022 - 06:16:37: [warmod.smx] Current Map: de_mirage, Warmod Version: 19.11.21.2253
L 10/04/2022 - 06:16:38: [chat-processor.smx] Message formats generated for game 'csgo'.
L 10/04/2022 - 06:16:38: [chat-processor.smx] Successfully hooked a SayText2 chat hook.
L 10/04/2022 - 06:31:51: -------- Mapchange to de_mirage --------
L 10/04/2022 - 06:31:51: [basecommands.smx] "Console<0><Console><Console>" changed cvar (cvar "mapcyclefile") (value "map_custom.txt")
L 10/04/2022 - 06:31:55: [warmod.smx] Current Map: de_mirage, Warmod Version: 19.11.21.2253
L 10/04/2022 - 06:31:56: [chat-processor.smx] Message formats generated for game 'csgo'.
L 10/04/2022 - 06:31:56: [chat-processor.smx] Successfully hooked a SayText2 chat hook.
L 10/04/2022 - 07:25:42: -------- Mapchange to de_mirage --------
L 10/04/2022 - 07:25:42: [basecommands.smx] "Console<0><Console><Console>" changed cvar (cvar "mapcyclefile") (value "map_custom.txt")
L 10/04/2022 - 07:25:46: [warmod.smx] Current Map: de_mirage, Warmod Version: 19.11.21.2253
L 10/04/2022 - 07:25:47: [chat-processor.smx] Message formats generated for game 'csgo'.
L 10/04/2022 - 07:25:47: [chat-processor.smx] Successfully hooked a SayText2 chat hook.
L 10/04/2022 - 07:36:01: -------- Mapchange to de_mirage --------
L 10/04/2022 - 07:36:01: [basecommands.smx] "Console<0><Console><Console>" changed cvar (cvar "mapcyclefile") (value "map_custom.txt")
L 10/04/2022 - 07:36:05: [warmod.smx] Current Map: de_mirage, Warmod Version: 19.11.21.2253
L 10/04/2022 - 07:36:06: [chat-processor.smx] Message formats generated for game 'csgo'.
L 10/04/2022 - 07:36:06: [chat-processor.smx] Successfully hooked a SayText2 chat hook.
L 10/04/2022 - 08:06:01: -------- Mapchange to de_inferno --------
L 10/04/2022 - 08:06:01: [basecommands.smx] "Console<0><Console><Console>" changed cvar (cvar "mapcyclefile") (value "map_custom.txt")
L 10/04/2022 - 08:06:05: [warmod.smx] Current Map: de_inferno, Warmod Version: 19.11.21.2253
L 10/04/2022 - 08:06:06: [chat-processor.smx] Message formats generated for game 'csgo'.
L 10/04/2022 - 08:06:06: [chat-processor.smx] Successfully hooked a SayText2 chat hook.
L 10/04/2022 - 08:11:16: -------- Mapchange to de_inferno --------
L 10/04/2022 - 08:11:17: [basecommands.smx] "Console<0><Console><Console>" changed cvar (cvar "mapcyclefile") (value "map_custom.txt")
L 10/04/2022 - 08:11:21: [warmod.smx] Current Map: de_inferno, Warmod Version: 19.11.21.2253
L 10/04/2022 - 08:11:21: [chat-processor.smx] Message formats generated for game 'csgo'.
L 10/04/2022 - 08:11:21: [chat-processor.smx] Successfully hooked a SayText2 chat hook.
L 10/04/2022 - 08:12:51: -------- Mapchange to de_inferno --------
L 10/04/2022 - 08:12:51: [basecommands.smx] "Console<0><Console><Console>" changed cvar (cvar "mapcyclefile") (value "map_custom.txt")
L 10/04/2022 - 08:12:55: [warmod.smx] Current Map: de_inferno, Warmod Version: 19.11.21.2253
L 10/04/2022 - 08:12:56: [chat-processor.smx] Message formats generated for game 'csgo'.
L 10/04/2022 - 08:12:56: [chat-processor.smx] Successfully hooked a SayText2 chat hook.
L 10/04/2022 - 08:33:09: -------- Mapchange to de_inferno --------
L 10/04/2022 - 08:33:09: [basecommands.smx] "Console<0><Console><Console>" changed cvar (cvar "mapcyclefile") (value "map_custom.txt")
L 10/04/2022 - 08:33:13: [warmod.smx] Current Map: de_inferno, Warmod Version: 19.11.21.2253
L 10/04/2022 - 08:33:14: [chat-processor.smx] Message formats generated for game 'csgo'.
L 10/04/2022 - 08:33:14: [chat-processor.smx] Successfully hooked a SayText2 chat hook.
L 10/04/2022 - 08:34:30: -------- Mapchange to de_inferno --------
L 10/04/2022 - 08:34:31: [basecommands.smx] "Console<0><Console><Console>" changed cvar (cvar "mapcyclefile") (value "map_custom.txt")
L 10/04/2022 - 08:34:35: [warmod.smx] Current Map: de_inferno, Warmod Version: 19.11.21.2253
L 10/04/2022 - 08:34:35: [chat-processor.smx] Message formats generated for game 'csgo'.
L 10/04/2022 - 08:34:35: [chat-processor.smx] Successfully hooked a SayText2 chat hook.
L 10/04/2022 - 08:50:45: -------- Mapchange to de_mirage --------
L 10/04/2022 - 08:50:45: [basecommands.smx] "Console<0><Console><Console>" changed cvar (cvar "mapcyclefile") (value "map_custom.txt")
L 10/04/2022 - 08:50:50: [warmod.smx] Current Map: de_mirage, Warmod Version: 19.11.21.2253
L 10/04/2022 - 08:50:50: [chat-processor.smx] Message formats generated for game 'csgo'.
L 10/04/2022 - 08:50:50: [chat-processor.smx] Successfully hooked a SayText2 chat hook.
L 10/04/2022 - 09:11:42: -------- Mapchange to de_dust2 --------
L 10/04/2022 - 09:11:42: [basecommands.smx] "Console<0><Console><Console>" changed cvar (cvar "mapcyclefile") (value "map_custom.txt")
L 10/04/2022 - 09:11:47: [warmod.smx] Current Map: de_dust2, Warmod Version: 19.11.21.2253
L 10/04/2022 - 09:11:47: [chat-processor.smx] Message formats generated for game 'csgo'.
L 10/04/2022 - 09:11:47: [chat-processor.smx] Successfully hooked a SayText2 chat hook.
L 10/04/2022 - 09:26:02: -------- Mapchange to de_dust2 --------
L 10/04/2022 - 09:26:03: [basecommands.smx] "Console<0><Console><Console>" changed cvar (cvar "mapcyclefile") (value "map_custom.txt")
L 10/04/2022 - 09:26:07: [warmod.smx] Current Map: de_dust2, Warmod Version: 19.11.21.2253
L 10/04/2022 - 09:26:08: [chat-processor.smx] Message formats generated for game 'csgo'.
L 10/04/2022 - 09:26:08: [chat-processor.smx] Successfully hooked a SayText2 chat hook.
L 10/04/2022 - 09:38:21: -------- Mapchange to de_dust2 --------
L 10/04/2022 - 09:38:21: [basecommands.smx] "Console<0><Console><Console>" changed cvar (cvar "mapcyclefile") (value "map_custom.txt")
L 10/04/2022 - 09:38:26: [warmod.smx] Current Map: de_dust2, Warmod Version: 19.11.21.2253
L 10/04/2022 - 09:38:27: [chat-processor.smx] Message formats generated for game 'csgo'.
L 10/04/2022 - 09:38:27: [chat-processor.smx] Successfully hooked a SayText2 chat hook.
L 10/04/2022 - 09:42:56: -------- Mapchange to de_dust2 --------
L 10/04/2022 - 09:42:56: [basecommands.smx] "Console<0><Console><Console>" changed cvar (cvar "mapcyclefile") (value "map_custom.txt")
L 10/04/2022 - 09:43:01: [warmod.smx] Current Map: de_dust2, Warmod Version: 19.11.21.2253
L 10/04/2022 - 09:43:01: [chat-processor.smx] Message formats generated for game 'csgo'.
L 10/04/2022 - 09:43:01: [chat-processor.smx] Successfully hooked a SayText2 chat hook.
L 10/04/2022 - 09:53:56: -------- Mapchange to de_dust2 --------
L 10/04/2022 - 09:53:56: [basecommands.smx] "Console<0><Console><Console>" changed cvar (cvar "mapcyclefile") (value "map_custom.txt")
L 10/04/2022 - 09:54:01: [warmod.smx] Current Map: de_dust2, Warmod Version: 19.11.21.2253
L 10/04/2022 - 09:54:01: [chat-processor.smx] Message formats generated for game 'csgo'.
L 10/04/2022 - 09:54:01: [chat-processor.smx] Successfully hooked a SayText2 chat hook.
L 10/04/2022 - 10:56:12: -------- Mapchange to de_dust2 --------
L 10/04/2022 - 10:56:13: [basecommands.smx] "Console<0><Console><Console>" changed cvar (cvar "mapcyclefile") (value "map_custom.txt")
L 10/04/2022 - 10:56:17: [warmod.smx] Current Map: de_dust2, Warmod Version: 19.11.21.2253
L 10/04/2022 - 10:56:18: [chat-processor.smx] Message formats generated for game 'csgo'.
L 10/04/2022 - 10:56:18: [chat-processor.smx] Successfully hooked a SayText2 chat hook.
L 10/04/2022 - 11:04:02: -------- Mapchange to de_dust2 --------
L 10/04/2022 - 11:04:03: [basecommands.smx] "Console<0><Console><Console>" changed cvar (cvar "mapcyclefile") (value "map_custom.txt")
L 10/04/2022 - 11:04:07: [warmod.smx] Current Map: de_dust2, Warmod Version: 19.11.21.2253
L 10/04/2022 - 11:04:08: [chat-processor.smx] Message formats generated for game 'csgo'.
L 10/04/2022 - 11:04:08: [chat-processor.smx] Successfully hooked a SayText2 chat hook.
L 10/04/2022 - 11:16:53: -------- Mapchange to de_dust2 --------
L 10/04/2022 - 11:16:54: [basecommands.smx] "Console<0><Console><Console>" changed cvar (cvar "mapcyclefile") (value "map_custom.txt")
L 10/04/2022 - 11:16:58: [warmod.smx] Current Map: de_dust2, Warmod Version: 19.11.21.2253
L 10/04/2022 - 11:16:59: [chat-processor.smx] Message formats generated for game 'csgo'.
L 10/04/2022 - 11:16:59: [chat-processor.smx] Successfully hooked a SayText2 chat hook.
L 10/04/2022 - 11:29:20: -------- Mapchange to de_dust2 --------
L 10/04/2022 - 11:29:21: [basecommands.smx] "Console<0><Console><Console>" changed cvar (cvar "mapcyclefile") (value "map_custom.txt")
L 10/04/2022 - 11:29:26: [warmod.smx] Current Map: de_dust2, Warmod Version: 19.11.21.2253
L 10/04/2022 - 11:29:26: [chat-processor.smx] Message formats generated for game 'csgo'.
L 10/04/2022 - 11:29:26: [chat-processor.smx] Successfully hooked a SayText2 chat hook.
L 10/04/2022 - 11:54:49: -------- Mapchange to de_mirage --------
L 10/04/2022 - 11:54:50: [basecommands.smx] "Console<0><Console><Console>" changed cvar (cvar "mapcyclefile") (value "map_custom.txt")
L 10/04/2022 - 11:54:54: [warmod.smx] Current Map: de_mirage, Warmod Version: 19.11.21.2253
L 10/04/2022 - 11:54:55: [chat-processor.smx] Message formats generated for game 'csgo'.
L 10/04/2022 - 11:54:55: [chat-processor.smx] Successfully hooked a SayText2 chat hook.
L 10/04/2022 - 12:16:58: -------- Mapchange to de_train --------
L 10/04/2022 - 12:16:59: [basecommands.smx] "Console<0><Console><Console>" changed cvar (cvar "mapcyclefile") (value "map_custom.txt")
L 10/04/2022 - 12:17:03: [warmod.smx] Current Map: de_train, Warmod Version: 19.11.21.2253
L 10/04/2022 - 12:17:04: [chat-processor.smx] Message formats generated for game 'csgo'.
L 10/04/2022 - 12:17:04: [chat-processor.smx] Successfully hooked a SayText2 chat hook.
L 10/04/2022 - 12:27:24: -------- Mapchange to de_inferno --------
L 10/04/2022 - 12:27:24: [basecommands.smx] "Console<0><Console><Console>" changed cvar (cvar "mapcyclefile") (value "map_custom.txt")
L 10/04/2022 - 12:27:29: [warmod.smx] Current Map: de_inferno, Warmod Version: 19.11.21.2253
L 10/04/2022 - 12:27:30: [chat-processor.smx] Message formats generated for game 'csgo'.
L 10/04/2022 - 12:27:30: [chat-processor.smx] Successfully hooked a SayText2 chat hook.
L 10/04/2022 - 12:38:54: -------- Mapchange to de_dust2 --------
L 10/04/2022 - 12:38:55: [basecommands.smx] "Console<0><Console><Console>" changed cvar (cvar "mapcyclefile") (value "map_custom.txt")
L 10/04/2022 - 12:38:59: [warmod.smx] Current Map: de_dust2, Warmod Version: 19.11.21.2253
L 10/04/2022 - 12:39:00: [chat-processor.smx] Message formats generated for game 'csgo'.
L 10/04/2022 - 12:39:00: [chat-processor.smx] Successfully hooked a SayText2 chat hook.
L 10/04/2022 - 12:42:36: -------- Mapchange to de_dust2 --------
L 10/04/2022 - 12:42:36: [basecommands.smx] "Console<0><Console><Console>" changed cvar (cvar "mapcyclefile") (value "map_custom.txt")
L 10/04/2022 - 12:42:41: [warmod.smx] Current Map: de_dust2, Warmod Version: 19.11.21.2253
L 10/04/2022 - 12:42:42: [chat-processor.smx] Message formats generated for game 'csgo'.
L 10/04/2022 - 12:42:42: [chat-processor.smx] Successfully hooked a SayText2 chat hook.
L 10/04/2022 - 12:50:54: -------- Mapchange to de_dust2 --------
L 10/04/2022 - 12:50:55: [basecommands.smx] "Console<0><Console><Console>" changed cvar (cvar "mapcyclefile") (value "map_custom.txt")
L 10/04/2022 - 12:50:59: [warmod.smx] Current Map: de_dust2, Warmod Version: 19.11.21.2253
L 10/04/2022 - 12:51:00: [chat-processor.smx] Message formats generated for game 'csgo'.
L 10/04/2022 - 12:51:00: [chat-processor.smx] Successfully hooked a SayText2 chat hook.
L 10/04/2022 - 13:08:11: -------- Mapchange to de_dust2 --------
L 10/04/2022 - 13:08:12: [basecommands.smx] "Console<0><Console><Console>" changed cvar (cvar "mapcyclefile") (value "map_custom.txt")
L 10/04/2022 - 13:08:16: [warmod.smx] Current Map: de_dust2, Warmod Version: 19.11.21.2253
L 10/04/2022 - 13:08:17: [chat-processor.smx] Message formats generated for game 'csgo'.
L 10/04/2022 - 13:08:17: [chat-processor.smx] Successfully hooked a SayText2 chat hook.
L 10/04/2022 - 14:14:38: -------- Mapchange to de_dust2 --------
L 10/04/2022 - 14:14:39: [basecommands.smx] "Console<0><Console><Console>" changed cvar (cvar "mapcyclefile") (value "map_custom.txt")
L 10/04/2022 - 14:14:43: [warmod.smx] Current Map: de_dust2, Warmod Version: 19.11.21.2253
L 10/04/2022 - 14:14:44: [chat-processor.smx] Message formats generated for game 'csgo'.
L 10/04/2022 - 14:14:44: [chat-processor.smx] Successfully hooked a SayText2 chat hook.
L 10/04/2022 - 14:29:06: -------- Mapchange to de_dust2 --------
L 10/04/2022 - 14:29:06: [basecommands.smx] "Console<0><Console><Console>" changed cvar (cvar "mapcyclefile") (value "map_custom.txt")
L 10/04/2022 - 14:29:11: [warmod.smx] Current Map: de_dust2, Warmod Version: 19.11.21.2253
L 10/04/2022 - 14:29:12: [chat-processor.smx] Message formats generated for game 'csgo'.
L 10/04/2022 - 14:29:12: [chat-processor.smx] Successfully hooked a SayText2 chat hook.
L 10/04/2022 - 14:41:18: -------- Mapchange to de_dust2 --------
L 10/04/2022 - 14:41:19: [basecommands.smx] "Console<0><Console><Console>" changed cvar (cvar "mapcyclefile") (value "map_custom.txt")
L 10/04/2022 - 14:41:23: [warmod.smx] Current Map: de_dust2, Warmod Version: 19.11.21.2253
L 10/04/2022 - 14:41:24: [chat-processor.smx] Message formats generated for game 'csgo'.
L 10/04/2022 - 14:41:24: [chat-processor.smx] Successfully hooked a SayText2 chat hook.
L 10/04/2022 - 14:55:05: -------- Mapchange to de_dust2 --------
L 10/04/2022 - 14:55:06: [basecommands.smx] "Console<0><Console><Console>" changed cvar (cvar "mapcyclefile") (value "map_custom.txt")
L 10/04/2022 - 14:55:11: [warmod.smx] Current Map: de_dust2, Warmod Version: 19.11.21.2253
L 10/04/2022 - 14:55:12: [chat-processor.smx] Message formats generated for game 'csgo'.
L 10/04/2022 - 14:55:12: [chat-processor.smx] Successfully hooked a SayText2 chat hook.
L 10/04/2022 - 15:04:31: -------- Mapchange to de_dust2 --------
L 10/04/2022 - 15:04:32: [basecommands.smx] "Console<0><Console><Console>" changed cvar (cvar "mapcyclefile") (value "map_custom.txt")
L 10/04/2022 - 15:04:37: [warmod.smx] Current Map: de_dust2, Warmod Version: 19.11.21.2253
L 10/04/2022 - 15:04:38: [chat-processor.smx] Message formats generated for game 'csgo'.
L 10/04/2022 - 15:04:38: [chat-processor.smx] Successfully hooked a SayText2 chat hook.
L 10/04/2022 - 16:31:40: -------- Mapchange to de_dust2 --------
L 10/04/2022 - 16:31:40: [basecommands.smx] "Console<0><Console><Console>" changed cvar (cvar "mapcyclefile") (value "map_custom.txt")
L 10/04/2022 - 16:31:45: [warmod.smx] Current Map: de_dust2, Warmod Version: 19.11.21.2253
L 10/04/2022 - 16:31:46: [chat-processor.smx] Message formats generated for game 'csgo'.
L 10/04/2022 - 16:31:46: [chat-processor.smx] Successfully hooked a SayText2 chat hook.
L 10/04/2022 - 16:39:53: -------- Mapchange to de_dust2 --------
L 10/04/2022 - 16:39:54: [basecommands.smx] "Console<0><Console><Console>" changed cvar (cvar "mapcyclefile") (value "map_custom.txt")
L 10/04/2022 - 16:39:58: [warmod.smx] Current Map: de_dust2, Warmod Version: 19.11.21.2253
L 10/04/2022 - 16:39:59: [chat-processor.smx] Message formats generated for game 'csgo'.
L 10/04/2022 - 16:39:59: [chat-processor.smx] Successfully hooked a SayText2 chat hook.
L 10/04/2022 - 16:52:56: -------- Mapchange to de_dust2 --------
L 10/04/2022 - 16:52:56: [basecommands.smx] "Console<0><Console><Console>" changed cvar (cvar "mapcyclefile") (value "map_custom.txt")
L 10/04/2022 - 16:53:01: [warmod.smx] Current Map: de_dust2, Warmod Version: 19.11.21.2253
L 10/04/2022 - 16:53:02: [chat-processor.smx] Message formats generated for game 'csgo'.
L 10/04/2022 - 16:53:02: [chat-processor.smx] Successfully hooked a SayText2 chat hook.
L 10/04/2022 - 20:27:27: -------- Mapchange to de_dust2 --------
L 10/04/2022 - 20:27:28: [basecommands.smx] "Console<0><Console><Console>" changed cvar (cvar "mapcyclefile") (value "map_custom.txt")
L 10/04/2022 - 20:27:32: [warmod.smx] Current Map: de_dust2, Warmod Version: 19.11.21.2253
L 10/04/2022 - 20:27:33: [chat-processor.smx] Message formats generated for game 'csgo'.
L 10/04/2022 - 20:27:33: [chat-processor.smx] Successfully hooked a SayText2 chat hook.
L 10/04/2022 - 21:58:53: -------- Mapchange to de_dust2 --------
L 10/04/2022 - 21:58:53: [basecommands.smx] "Console<0><Console><Console>" changed cvar (cvar "mapcyclefile") (value "map_custom.txt")
L 10/04/2022 - 21:58:58: [warmod.smx] Current Map: de_dust2, Warmod Version: 19.11.21.2253
L 10/04/2022 - 21:58:59: [chat-processor.smx] Message formats generated for game 'csgo'.
L 10/04/2022 - 21:58:59: [chat-processor.smx] Successfully hooked a SayText2 chat hook.
L 10/05/2022 - 02:20:52: Log file closed.
