L 11/12/2022 - 00:05:29: SourceMod log file session started (file "/badfupo/server1/csgo/addons/sourcemod/logs/L20221112.log") (Version "1.11.0.6913")
L 11/12/2022 - 00:05:29: [basecommands.smx] "Console<0><Console><Console>" changed cvar (cvar "mapcyclefile") (value "map_custom.txt")
L 11/12/2022 - 00:05:33: [warmod.smx] Current Map: de_mirage, Warmod Version: 22.10.29.1916
L 11/12/2022 - 00:05:34: [chat-processor.smx] Message formats generated for game 'csgo'.
L 11/12/2022 - 00:05:34: [chat-processor.smx] Successfully hooked a SayText2 chat hook.
L 11/12/2022 - 03:52:55: [basecommands.smx] "lightskin?â˜‚<1978><STEAM_1:1:448303934><>" kicked "OneTap<1976><STEAM_1:1:720478597><>" (reason "")
L 11/12/2022 - 03:52:57: [basecommands.smx] "lightskin?â˜‚<1978><STEAM_1:1:448303934><>" kicked "SPPPPPPKEA<1966><STEAM_1:0:689717356><>" (reason "")
L 11/12/2022 - 03:52:57: [basecommands.smx] "lightskin?â˜‚<1978><STEAM_1:1:448303934><>" kicked "mackay<1967><STEAM_1:1:216255255><>" (reason "")
L 11/12/2022 - 03:52:58: [basecommands.smx] "lightskin?â˜‚<1978><STEAM_1:1:448303934><>" kicked "çº¯<1972><STEAM_1:1:611288458><>" (reason "")
L 11/12/2022 - 03:52:58: [basecommands.smx] "lightskin?â˜‚<1978><STEAM_1:1:448303934><>" kicked "ZFBè·‘åˆ†æ— æŠ¼çƒè£™:425230986<1928><STEAM_1:0:461453049><>" (reason "")
L 11/12/2022 - 03:52:59: [basecommands.smx] "lightskin?â˜‚<1978><STEAM_1:1:448303934><>" kicked "n0vA`<1963><STEAM_1:0:612886194><>" (reason "")
L 11/12/2022 - 03:52:59: [basecommands.smx] "lightskin?â˜‚<1978><STEAM_1:1:448303934><>" kicked "å‡Œå¤•<1948><STEAM_1:0:695294676><>" (reason "")
L 11/12/2022 - 03:52:59: [basecommands.smx] "lightskin?â˜‚<1978><STEAM_1:1:448303934><>" kicked "I want to be zeeke<1950><STEAM_1:1:85907089><>" (reason "")
L 11/12/2022 - 03:53:00: [basecommands.smx] "lightskin?â˜‚<1978><STEAM_1:1:448303934><>" kicked "ğ’«ğ’«ğ’«ğ’«ğ’«ğ’«ğ’«ğ’«<1944><STEAM_1:0:728839119><>" (reason "")
L 11/12/2022 - 03:53:00: [basecommands.smx] "lightskin?â˜‚<1978><STEAM_1:1:448303934><>" kicked "è‰¾ä¼¦Â·è€¶æ ¼å°”<1973><STEAM_1:0:85874206><>" (reason "")
L 11/12/2022 - 03:53:01: [basecommands.smx] "lightskin?â˜‚<1978><STEAM_1:1:448303934><>" kicked "Poorstacy<1981><STEAM_1:1:100521373><>" (reason "")
L 11/12/2022 - 03:53:06: [warmod.smx] "force_end" (player "lightskin?â˜‚<1978><STEAM_1:1:448303934><>")
L 11/12/2022 - 03:54:49: [basecommands.smx] "lightskin?â˜‚<1978><STEAM_1:1:448303934><>" kicked "SPPPPPPKEA<1982><STEAM_1:0:689717356><>" (reason "")
L 11/12/2022 - 03:54:49: [basecommands.smx] "lightskin?â˜‚<1978><STEAM_1:1:448303934><>" kicked "çº¯<1984><STEAM_1:1:611288458><>" (reason "")
L 11/12/2022 - 03:54:50: [basecommands.smx] "lightskin?â˜‚<1978><STEAM_1:1:448303934><>" kicked "n0vA`<1985><STEAM_1:0:612886194><>" (reason "")
L 11/12/2022 - 03:54:51: [basecommands.smx] "lightskin?â˜‚<1978><STEAM_1:1:448303934><>" kicked "è‰¾ä¼¦Â·è€¶æ ¼å°”<1986><STEAM_1:0:85874206><>" (reason "")
L 11/12/2022 - 03:54:52: [basecommands.smx] "lightskin?â˜‚<1978><STEAM_1:1:448303934><>" kicked "åå¦<1987><STEAM_1:0:720901959><>" (reason "")
L 11/12/2022 - 03:54:52: [basecommands.smx] "lightskin?â˜‚<1978><STEAM_1:1:448303934><>" kicked "w<1988><STEAM_1:0:114914283><>" (reason "")
L 11/12/2022 - 03:55:00: [warmod.smx] "knife_on_3" (player "lightskin?â˜‚<1978><STEAM_1:1:448303934><>")
L 11/12/2022 - 03:55:13: [sbpp_main.smx] "lightskin?â˜‚<1978><STEAM_1:1:448303934><>" banned "SPPPPPPKEA<1989><STEAM_1:0:689717356><>" (minutes "0") (reason "General Exploit of Game/Map/Server")
L 11/12/2022 - 03:55:18: [sbpp_main.smx] "lightskin?â˜‚<1978><STEAM_1:1:448303934><>" banned "n0vA`<1990><STEAM_1:0:612886194><>" (minutes "0") (reason "General Exploit of Game/Map/Server")
L 11/12/2022 - 03:56:10: [basecommands.smx] "lightskin?â˜‚<1978><STEAM_1:1:448303934><>" changed map to "vertigo"
L 11/12/2022 - 03:56:13: [SM] Changed map to "vertigo"
L 11/12/2022 - 03:56:17: -------- Mapchange to de_vertigo --------
L 11/12/2022 - 03:56:17: [basecommands.smx] "Console<0><Console><Console>" changed cvar (cvar "mapcyclefile") (value "map_custom.txt")
L 11/12/2022 - 03:56:22: [warmod.smx] Current Map: de_vertigo, Warmod Version: 22.10.29.1916
L 11/12/2022 - 03:56:23: [chat-processor.smx] Message formats generated for game 'csgo'.
L 11/12/2022 - 03:56:23: [chat-processor.smx] Successfully hooked a SayText2 chat hook.
L 11/12/2022 - 03:56:59: [sbpp_main.smx] "lightskin?â˜‚<1978><STEAM_1:1:448303934><>" banned "è‡ªä¿¡å°å­<1993><STEAM_1:0:543449645><>" (minutes "0") (reason "General Exploit of Game/Map/Server")
L 11/12/2022 - 03:57:22: [sbpp_main.smx] "lightskin?â˜‚<1978><STEAM_1:1:448303934><>" banned "è€Seven<1995><STEAM_1:0:219965238><>" (minutes "10") (reason "Aimbot")
L 11/12/2022 - 03:57:36: [warmod.smx] "knife_on_3" (player "lightskin?â˜‚<1978><STEAM_1:1:448303934><>")
L 11/12/2022 - 03:58:22: [sbpp_main.smx] "lightskin?â˜‚<1978><STEAM_1:1:448303934><>" banned "æ¢¦æ¯”ä¼˜æ–¯<1996><STEAM_1:1:606628877><>" (minutes "0") (reason "General Exploit of Game/Map/Server")
L 11/12/2022 - 03:59:16: [sbpp_main.smx] "lightskin?â˜‚<1978><STEAM_1:1:448303934><>" banned "danct5<1997><STEAM_1:0:716737077><>" (minutes "10") (reason "Aimbot")
L 11/12/2022 - 04:00:51: [sbpp_main.smx] "lightskin?â˜‚<1978><STEAM_1:1:448303934><>" banned "hfzkuu82<1998><STEAM_1:1:701264065><>" (minutes "0") (reason "General Exploit of Game/Map/Server")
L 11/12/2022 - 04:01:28: [sbpp_main.smx] "lightskin?â˜‚<1978><STEAM_1:1:448303934><>" banned "2121323123232312321321<1999><STEAM_1:0:634410506><>" (minutes "0") (reason "General Exploit of Game/Map/Server")
L 11/12/2022 - 04:02:59: [basecommands.smx] "lightskin?â˜‚<1978><STEAM_1:1:448303934><>" kicked "3116775571<2000><STEAM_1:1:736611402><>" (reason "")
L 11/12/2022 - 04:03:01: [basecommands.smx] "lightskin?â˜‚<1978><STEAM_1:1:448303934><>" kicked "å½­äºæ™<2001><STEAM_1:0:558461875><>" (reason "")
L 11/12/2022 - 04:03:01: [basecommands.smx] "lightskin?â˜‚<1978><STEAM_1:1:448303934><>" kicked "è‰¾ä¼¦Â·è€¶æ ¼å°”<2002><STEAM_1:0:85874206><>" (reason "")
L 11/12/2022 - 04:03:02: [basecommands.smx] "lightskin?â˜‚<1978><STEAM_1:1:448303934><>" kicked "çº¯<2003><STEAM_1:1:611288458><>" (reason "")
L 11/12/2022 - 04:03:59: [basecommands.smx] "lightskin?â˜‚<1978><STEAM_1:1:448303934><>" kicked "è‰¾ç§‹åˆºé’å¸ˆ<2004><STEAM_1:1:528022750><>" (reason "")
L 11/12/2022 - 04:09:06: [sbpp_main.smx] "lightskin?â˜‚<1978><STEAM_1:1:448303934><>" banned "ZFBè·‘åˆ†æ— æŠ¼çƒè£™:425230986<2008><STEAM_1:0:461453049><>" (minutes "0") (reason "General Exploit of Game/Map/Server")
L 11/12/2022 - 04:10:09: [SM] Changed map to "de_mirage"
L 11/12/2022 - 04:10:11: -------- Mapchange to de_mirage --------
L 11/12/2022 - 04:10:12: [basecommands.smx] "Console<0><Console><Console>" changed cvar (cvar "mapcyclefile") (value "map_custom.txt")
L 11/12/2022 - 04:10:16: [warmod.smx] Current Map: de_mirage, Warmod Version: 22.10.29.1916
L 11/12/2022 - 04:10:17: [chat-processor.smx] Message formats generated for game 'csgo'.
L 11/12/2022 - 04:10:17: [chat-processor.smx] Successfully hooked a SayText2 chat hook.
L 11/12/2022 - 04:12:50: -------- Mapchange to de_mirage --------
L 11/12/2022 - 04:12:51: [basecommands.smx] "Console<0><Console><Console>" changed cvar (cvar "mapcyclefile") (value "map_custom.txt")
L 11/12/2022 - 04:12:55: [warmod.smx] Current Map: de_mirage, Warmod Version: 22.10.29.1916
L 11/12/2022 - 04:12:56: [chat-processor.smx] Message formats generated for game 'csgo'.
L 11/12/2022 - 04:12:56: [chat-processor.smx] Successfully hooked a SayText2 chat hook.
L 11/12/2022 - 04:18:31: -------- Mapchange to de_mirage --------
L 11/12/2022 - 04:18:31: [basecommands.smx] "Console<0><Console><Console>" changed cvar (cvar "mapcyclefile") (value "map_custom.txt")
L 11/12/2022 - 04:18:36: [warmod.smx] Current Map: de_mirage, Warmod Version: 22.10.29.1916
L 11/12/2022 - 04:18:37: [chat-processor.smx] Message formats generated for game 'csgo'.
L 11/12/2022 - 04:18:37: [chat-processor.smx] Successfully hooked a SayText2 chat hook.
L 11/12/2022 - 05:13:17: -------- Mapchange to de_mirage --------
L 11/12/2022 - 05:13:17: [basecommands.smx] "Console<0><Console><Console>" changed cvar (cvar "mapcyclefile") (value "map_custom.txt")
L 11/12/2022 - 05:13:21: [warmod.smx] Current Map: de_mirage, Warmod Version: 22.10.29.1916
L 11/12/2022 - 05:13:22: [chat-processor.smx] Message formats generated for game 'csgo'.
L 11/12/2022 - 05:13:22: [chat-processor.smx] Successfully hooked a SayText2 chat hook.
L 11/12/2022 - 07:14:54: [SM] Changed map to "de_mirage"
L 11/12/2022 - 07:14:56: -------- Mapchange to de_mirage --------
L 11/12/2022 - 07:14:57: [basecommands.smx] "Console<0><Console><Console>" changed cvar (cvar "mapcyclefile") (value "map_custom.txt")
L 11/12/2022 - 07:15:01: [warmod.smx] Current Map: de_mirage, Warmod Version: 22.10.29.1916
L 11/12/2022 - 07:15:02: [chat-processor.smx] Message formats generated for game 'csgo'.
L 11/12/2022 - 07:15:02: [chat-processor.smx] Successfully hooked a SayText2 chat hook.
L 11/12/2022 - 07:29:23: [SM] Changed map to "de_mirage"
L 11/12/2022 - 07:29:25: -------- Mapchange to de_mirage --------
L 11/12/2022 - 07:29:25: [basecommands.smx] "Console<0><Console><Console>" changed cvar (cvar "mapcyclefile") (value "map_custom.txt")
L 11/12/2022 - 07:29:29: [warmod.smx] Current Map: de_mirage, Warmod Version: 22.10.29.1916
L 11/12/2022 - 07:29:31: [chat-processor.smx] Message formats generated for game 'csgo'.
L 11/12/2022 - 07:29:31: [chat-processor.smx] Successfully hooked a SayText2 chat hook.
L 11/12/2022 - 07:55:42: [SM] Changed map to "de_mirage"
L 11/12/2022 - 07:55:44: -------- Mapchange to de_mirage --------
L 11/12/2022 - 07:55:45: [basecommands.smx] "Console<0><Console><Console>" changed cvar (cvar "mapcyclefile") (value "map_custom.txt")
L 11/12/2022 - 07:55:49: [warmod.smx] Current Map: de_mirage, Warmod Version: 22.10.29.1916
L 11/12/2022 - 07:55:50: [chat-processor.smx] Message formats generated for game 'csgo'.
L 11/12/2022 - 07:55:50: [chat-processor.smx] Successfully hooked a SayText2 chat hook.
L 11/12/2022 - 09:24:35: -------- Mapchange to de_mirage --------
L 11/12/2022 - 09:24:36: [basecommands.smx] "Console<0><Console><Console>" changed cvar (cvar "mapcyclefile") (value "map_custom.txt")
L 11/12/2022 - 09:24:40: [warmod.smx] Current Map: de_mirage, Warmod Version: 22.10.29.1916
L 11/12/2022 - 09:24:41: [chat-processor.smx] Message formats generated for game 'csgo'.
L 11/12/2022 - 09:24:41: [chat-processor.smx] Successfully hooked a SayText2 chat hook.
L 11/12/2022 - 09:28:11: -------- Mapchange to de_mirage --------
L 11/12/2022 - 09:28:12: [basecommands.smx] "Console<0><Console><Console>" changed cvar (cvar "mapcyclefile") (value "map_custom.txt")
L 11/12/2022 - 09:28:16: [warmod.smx] Current Map: de_mirage, Warmod Version: 22.10.29.1916
L 11/12/2022 - 09:28:17: [chat-processor.smx] Message formats generated for game 'csgo'.
L 11/12/2022 - 09:28:17: [chat-processor.smx] Successfully hooked a SayText2 chat hook.
L 11/12/2022 - 09:38:03: -------- Mapchange to de_mirage --------
L 11/12/2022 - 09:38:03: [basecommands.smx] "Console<0><Console><Console>" changed cvar (cvar "mapcyclefile") (value "map_custom.txt")
L 11/12/2022 - 09:38:07: [warmod.smx] Current Map: de_mirage, Warmod Version: 22.10.29.1916
L 11/12/2022 - 09:38:08: [chat-processor.smx] Message formats generated for game 'csgo'.
L 11/12/2022 - 09:38:08: [chat-processor.smx] Successfully hooked a SayText2 chat hook.
L 11/12/2022 - 10:22:02: [basecommands.smx] "å°æ€§å¥´<2275><STEAM_1:0:544240061><>" kicked "ç»¿è‰²æ¯’åˆº<2278><STEAM_1:1:713412815><>" (reason "")
L 11/12/2022 - 11:27:56: -------- Mapchange to de_mirage --------
L 11/12/2022 - 11:27:57: [basecommands.smx] "Console<0><Console><Console>" changed cvar (cvar "mapcyclefile") (value "map_custom.txt")
L 11/12/2022 - 11:28:01: [warmod.smx] Current Map: de_mirage, Warmod Version: 22.10.29.1916
L 11/12/2022 - 11:28:02: [chat-processor.smx] Message formats generated for game 'csgo'.
L 11/12/2022 - 11:28:02: [chat-processor.smx] Successfully hooked a SayText2 chat hook.
L 11/12/2022 - 11:30:05: -------- Mapchange to de_mirage --------
L 11/12/2022 - 11:30:05: [basecommands.smx] "Console<0><Console><Console>" changed cvar (cvar "mapcyclefile") (value "map_custom.txt")
L 11/12/2022 - 11:30:09: [warmod.smx] Current Map: de_mirage, Warmod Version: 22.10.29.1916
L 11/12/2022 - 11:30:11: [chat-processor.smx] Message formats generated for game 'csgo'.
L 11/12/2022 - 11:30:11: [chat-processor.smx] Successfully hooked a SayText2 chat hook.
L 11/12/2022 - 11:34:02: -------- Mapchange to de_mirage --------
L 11/12/2022 - 11:34:03: [basecommands.smx] "Console<0><Console><Console>" changed cvar (cvar "mapcyclefile") (value "map_custom.txt")
L 11/12/2022 - 11:34:07: [warmod.smx] Current Map: de_mirage, Warmod Version: 22.10.29.1916
L 11/12/2022 - 11:34:08: [chat-processor.smx] Message formats generated for game 'csgo'.
L 11/12/2022 - 11:34:08: [chat-processor.smx] Successfully hooked a SayText2 chat hook.
L 11/12/2022 - 11:34:37: -------- Mapchange to de_mirage --------
L 11/12/2022 - 11:34:38: [basecommands.smx] "Console<0><Console><Console>" changed cvar (cvar "mapcyclefile") (value "map_custom.txt")
L 11/12/2022 - 11:34:42: [warmod.smx] Current Map: de_mirage, Warmod Version: 22.10.29.1916
L 11/12/2022 - 11:34:43: [chat-processor.smx] Message formats generated for game 'csgo'.
L 11/12/2022 - 11:34:43: [chat-processor.smx] Successfully hooked a SayText2 chat hook.
L 11/12/2022 - 12:07:51: [SM] Changed map to "de_mirage"
L 11/12/2022 - 12:07:53: -------- Mapchange to de_mirage --------
L 11/12/2022 - 12:07:54: [basecommands.smx] "Console<0><Console><Console>" changed cvar (cvar "mapcyclefile") (value "map_custom.txt")
L 11/12/2022 - 12:07:58: [warmod.smx] Current Map: de_mirage, Warmod Version: 22.10.29.1916
L 11/12/2022 - 12:07:59: [chat-processor.smx] Message formats generated for game 'csgo'.
L 11/12/2022 - 12:07:59: [chat-processor.smx] Successfully hooked a SayText2 chat hook.
L 11/12/2022 - 14:39:47: [SM] Changed map to "de_mirage"
L 11/12/2022 - 14:39:49: -------- Mapchange to de_mirage --------
L 11/12/2022 - 14:39:50: [basecommands.smx] "Console<0><Console><Console>" changed cvar (cvar "mapcyclefile") (value "map_custom.txt")
L 11/12/2022 - 14:39:54: [warmod.smx] Current Map: de_mirage, Warmod Version: 22.10.29.1916
L 11/12/2022 - 14:39:55: [chat-processor.smx] Message formats generated for game 'csgo'.
L 11/12/2022 - 14:39:55: [chat-processor.smx] Successfully hooked a SayText2 chat hook.
L 11/12/2022 - 17:15:44: -------- Mapchange to de_mirage --------
L 11/12/2022 - 17:15:44: [basecommands.smx] "Console<0><Console><Console>" changed cvar (cvar "mapcyclefile") (value "map_custom.txt")
L 11/12/2022 - 17:15:48: [warmod.smx] Current Map: de_mirage, Warmod Version: 22.10.29.1916
L 11/12/2022 - 17:15:50: [chat-processor.smx] Message formats generated for game 'csgo'.
L 11/12/2022 - 17:15:50: [chat-processor.smx] Successfully hooked a SayText2 chat hook.
L 11/12/2022 - 18:20:23: -------- Mapchange to de_mirage --------
L 11/12/2022 - 18:20:24: [basecommands.smx] "Console<0><Console><Console>" changed cvar (cvar "mapcyclefile") (value "map_custom.txt")
L 11/12/2022 - 18:20:28: [warmod.smx] Current Map: de_mirage, Warmod Version: 22.10.29.1916
L 11/12/2022 - 18:20:29: [chat-processor.smx] Message formats generated for game 'csgo'.
L 11/12/2022 - 18:20:29: [chat-processor.smx] Successfully hooked a SayText2 chat hook.
L 11/12/2022 - 22:08:30: -------- Mapchange to de_mirage --------
L 11/12/2022 - 22:08:30: [basecommands.smx] "Console<0><Console><Console>" changed cvar (cvar "mapcyclefile") (value "map_custom.txt")
L 11/12/2022 - 22:08:34: [warmod.smx] Current Map: de_mirage, Warmod Version: 22.10.29.1916
L 11/12/2022 - 22:08:35: [chat-processor.smx] Message formats generated for game 'csgo'.
L 11/12/2022 - 22:08:35: [chat-processor.smx] Successfully hooked a SayText2 chat hook.
L 11/13/2022 - 00:07:44: Log file closed.
