L 07/30/2022 - 09:34:02: SourceMod log file session started (file "/home/csgo5/csgo/addons/sourcemod/logs/L20220730.log") (Version "1.12.0.6912")
L 07/30/2022 - 09:34:02: [basecommands.smx] "xlpee-å‚æ•°+3523952128ï¼ˆä¸æ˜¯æœ¬äººï¼‰<4><STEAM_1:1:566074940><>" changed map to "cs_italy"
L 07/30/2022 - 09:34:05: [SM] Changed map to "cs_italy"
L 07/30/2022 - 09:34:06: -------- Mapchange to cs_italy --------
L 07/30/2022 - 10:23:53: -------- Mapchange to cs_italy --------
L 07/30/2022 - 14:36:03: -------- Mapchange to cs_italy --------
L 07/30/2022 - 14:49:57: -------- Mapchange to cs_italy --------
L 07/30/2022 - 14:51:00: [funcommands.smx] "xlpee-å‚æ•°+3523952128ï¼ˆä¸æ˜¯æœ¬äººï¼‰<7><STEAM_1:1:566074940><>" toggled noclip on "xlpee-å‚æ•°+3523952128ï¼ˆä¸æ˜¯æœ¬äººï¼‰<7><STEAM_1:1:566074940><>"
L 07/30/2022 - 14:51:07: [funcommands.smx] "xlpee-å‚æ•°+3523952128ï¼ˆä¸æ˜¯æœ¬äººï¼‰<7><STEAM_1:1:566074940><>" toggled noclip on "è¯—é…’è¶å¹´å<8><STEAM_1:0:609313423><>"
L 07/30/2022 - 14:51:14: [funcommands.smx] "xlpee-å‚æ•°+3523952128ï¼ˆä¸æ˜¯æœ¬äººï¼‰<7><STEAM_1:1:566074940><>" toggled noclip on "è¯—é…’è¶å¹´å<8><STEAM_1:0:609313423><>"
L 07/30/2022 - 14:51:15: [funcommands.smx] "xlpee-å‚æ•°+3523952128ï¼ˆä¸æ˜¯æœ¬äººï¼‰<7><STEAM_1:1:566074940><>" toggled noclip on "è¯—é…’è¶å¹´å<8><STEAM_1:0:609313423><>"
L 07/30/2022 - 14:51:18: [funcommands.smx] "xlpee-å‚æ•°+3523952128ï¼ˆä¸æ˜¯æœ¬äººï¼‰<7><STEAM_1:1:566074940><>" toggled noclip on "è¯—é…’è¶å¹´å<8><STEAM_1:0:609313423><>"
L 07/30/2022 - 14:51:23: [funcommands.smx] "xlpee-å‚æ•°+3523952128ï¼ˆä¸æ˜¯æœ¬äººï¼‰<7><STEAM_1:1:566074940><>" toggled noclip on "è¯—é…’è¶å¹´å<8><STEAM_1:0:609313423><>"
L 07/30/2022 - 14:51:26: [funcommands.smx] "xlpee-å‚æ•°+3523952128ï¼ˆä¸æ˜¯æœ¬äººï¼‰<7><STEAM_1:1:566074940><>" toggled noclip on "è¯—é…’è¶å¹´å<8><STEAM_1:0:609313423><>"
L 07/30/2022 - 14:51:28: [funcommands.smx] "xlpee-å‚æ•°+3523952128ï¼ˆä¸æ˜¯æœ¬äººï¼‰<7><STEAM_1:1:566074940><>" toggled noclip on "è¯—é…’è¶å¹´å<8><STEAM_1:0:609313423><>"
L 07/30/2022 - 14:51:37: [funcommands.smx] "xlpee-å‚æ•°+3523952128ï¼ˆä¸æ˜¯æœ¬äººï¼‰<7><STEAM_1:1:566074940><>" toggled noclip on "è¯—é…’è¶å¹´å<8><STEAM_1:0:609313423><>"
L 07/30/2022 - 14:51:39: [funcommands.smx] "xlpee-å‚æ•°+3523952128ï¼ˆä¸æ˜¯æœ¬äººï¼‰<7><STEAM_1:1:566074940><>" toggled noclip on "xlpee-å‚æ•°+3523952128ï¼ˆä¸æ˜¯æœ¬äººï¼‰<7><STEAM_1:1:566074940><>"
L 07/30/2022 - 14:51:41: [funcommands.smx] "xlpee-å‚æ•°+3523952128ï¼ˆä¸æ˜¯æœ¬äººï¼‰<7><STEAM_1:1:566074940><>" toggled noclip on "xlpee-å‚æ•°+3523952128ï¼ˆä¸æ˜¯æœ¬äººï¼‰<7><STEAM_1:1:566074940><>"
L 07/30/2022 - 14:51:43: [funcommands.smx] "xlpee-å‚æ•°+3523952128ï¼ˆä¸æ˜¯æœ¬äººï¼‰<7><STEAM_1:1:566074940><>" toggled noclip on "xlpee-å‚æ•°+3523952128ï¼ˆä¸æ˜¯æœ¬äººï¼‰<7><STEAM_1:1:566074940><>"
L 07/30/2022 - 14:51:45: [funcommands.smx] "xlpee-å‚æ•°+3523952128ï¼ˆä¸æ˜¯æœ¬äººï¼‰<7><STEAM_1:1:566074940><>" toggled noclip on "xlpee-å‚æ•°+3523952128ï¼ˆä¸æ˜¯æœ¬äººï¼‰<7><STEAM_1:1:566074940><>"
L 07/30/2022 - 14:51:52: [funcommands.smx] "xlpee-å‚æ•°+3523952128ï¼ˆä¸æ˜¯æœ¬äººï¼‰<7><STEAM_1:1:566074940><>" toggled noclip on "è¯—é…’è¶å¹´å<8><STEAM_1:0:609313423><>"
L 07/30/2022 - 14:51:57: [funcommands.smx] "xlpee-å‚æ•°+3523952128ï¼ˆä¸æ˜¯æœ¬äººï¼‰<7><STEAM_1:1:566074940><>" toggled noclip on "è¯—é…’è¶å¹´å<8><STEAM_1:0:609313423><>"
L 07/30/2022 - 14:51:59: [funcommands.smx] "xlpee-å‚æ•°+3523952128ï¼ˆä¸æ˜¯æœ¬äººï¼‰<7><STEAM_1:1:566074940><>" toggled noclip on "è¯—é…’è¶å¹´å<8><STEAM_1:0:609313423><>"
L 07/30/2022 - 14:52:10: [funcommands.smx] "xlpee-å‚æ•°+3523952128ï¼ˆä¸æ˜¯æœ¬äººï¼‰<7><STEAM_1:1:566074940><>" toggled noclip on "xlpee-å‚æ•°+3523952128ï¼ˆä¸æ˜¯æœ¬äººï¼‰<7><STEAM_1:1:566074940><>"
L 07/30/2022 - 14:52:42: [basecommands.smx] "xlpee-å‚æ•°+3523952128ï¼ˆä¸æ˜¯æœ¬äººï¼‰<7><STEAM_1:1:566074940><>" refreshed the admin cache.
L 07/30/2022 - 14:52:52: -------- Mapchange to de_mirage --------
L 07/30/2022 - 14:53:52: [playercommands.smx] "xlpee-å‚æ•°+3523952128ï¼ˆä¸æ˜¯æœ¬äººï¼‰<7><STEAM_1:1:566074940><>" slapped "xlpee-å‚æ•°+3523952128ï¼ˆä¸æ˜¯æœ¬äººï¼‰<7><STEAM_1:1:566074940><>" (damage "0")
L 07/30/2022 - 14:53:52: [playercommands.smx] "xlpee-å‚æ•°+3523952128ï¼ˆä¸æ˜¯æœ¬äººï¼‰<7><STEAM_1:1:566074940><>" slapped "xlpee-å‚æ•°+3523952128ï¼ˆä¸æ˜¯æœ¬äººï¼‰<7><STEAM_1:1:566074940><>" (damage "0")
L 07/30/2022 - 14:53:52: [playercommands.smx] "xlpee-å‚æ•°+3523952128ï¼ˆä¸æ˜¯æœ¬äººï¼‰<7><STEAM_1:1:566074940><>" slapped "xlpee-å‚æ•°+3523952128ï¼ˆä¸æ˜¯æœ¬äººï¼‰<7><STEAM_1:1:566074940><>" (damage "0")
L 07/30/2022 - 14:53:52: [playercommands.smx] "xlpee-å‚æ•°+3523952128ï¼ˆä¸æ˜¯æœ¬äººï¼‰<7><STEAM_1:1:566074940><>" slapped "xlpee-å‚æ•°+3523952128ï¼ˆä¸æ˜¯æœ¬äººï¼‰<7><STEAM_1:1:566074940><>" (damage "0")
L 07/30/2022 - 14:53:53: [playercommands.smx] "xlpee-å‚æ•°+3523952128ï¼ˆä¸æ˜¯æœ¬äººï¼‰<7><STEAM_1:1:566074940><>" slapped "xlpee-å‚æ•°+3523952128ï¼ˆä¸æ˜¯æœ¬äººï¼‰<7><STEAM_1:1:566074940><>" (damage "0")
L 07/30/2022 - 14:53:57: [playercommands.smx] "xlpee-å‚æ•°+3523952128ï¼ˆä¸æ˜¯æœ¬äººï¼‰<7><STEAM_1:1:566074940><>" slapped "è¯—é…’è¶å¹´å<8><STEAM_1:0:609313423><>" (damage "0")
L 07/30/2022 - 14:53:58: [playercommands.smx] "xlpee-å‚æ•°+3523952128ï¼ˆä¸æ˜¯æœ¬äººï¼‰<7><STEAM_1:1:566074940><>" slapped "è¯—é…’è¶å¹´å<8><STEAM_1:0:609313423><>" (damage "0")
L 07/30/2022 - 14:53:58: [playercommands.smx] "xlpee-å‚æ•°+3523952128ï¼ˆä¸æ˜¯æœ¬äººï¼‰<7><STEAM_1:1:566074940><>" slapped "è¯—é…’è¶å¹´å<8><STEAM_1:0:609313423><>" (damage "0")
L 07/30/2022 - 14:53:58: [playercommands.smx] "xlpee-å‚æ•°+3523952128ï¼ˆä¸æ˜¯æœ¬äººï¼‰<7><STEAM_1:1:566074940><>" slapped "è¯—é…’è¶å¹´å<8><STEAM_1:0:609313423><>" (damage "0")
L 07/30/2022 - 14:53:58: [playercommands.smx] "xlpee-å‚æ•°+3523952128ï¼ˆä¸æ˜¯æœ¬äººï¼‰<7><STEAM_1:1:566074940><>" slapped "è¯—é…’è¶å¹´å<8><STEAM_1:0:609313423><>" (damage "0")
L 07/30/2022 - 14:53:58: [playercommands.smx] "xlpee-å‚æ•°+3523952128ï¼ˆä¸æ˜¯æœ¬äººï¼‰<7><STEAM_1:1:566074940><>" slapped "è¯—é…’è¶å¹´å<8><STEAM_1:0:609313423><>" (damage "0")
L 07/30/2022 - 14:53:59: [playercommands.smx] "xlpee-å‚æ•°+3523952128ï¼ˆä¸æ˜¯æœ¬äººï¼‰<7><STEAM_1:1:566074940><>" slapped "è¯—é…’è¶å¹´å<8><STEAM_1:0:609313423><>" (damage "0")
L 07/30/2022 - 14:53:59: [playercommands.smx] "xlpee-å‚æ•°+3523952128ï¼ˆä¸æ˜¯æœ¬äººï¼‰<7><STEAM_1:1:566074940><>" slapped "è¯—é…’è¶å¹´å<8><STEAM_1:0:609313423><>" (damage "0")
L 07/30/2022 - 14:53:59: [playercommands.smx] "xlpee-å‚æ•°+3523952128ï¼ˆä¸æ˜¯æœ¬äººï¼‰<7><STEAM_1:1:566074940><>" slapped "è¯—é…’è¶å¹´å<8><STEAM_1:0:609313423><>" (damage "0")
L 07/30/2022 - 14:54:00: [playercommands.smx] "xlpee-å‚æ•°+3523952128ï¼ˆä¸æ˜¯æœ¬äººï¼‰<7><STEAM_1:1:566074940><>" slapped "è¯—é…’è¶å¹´å<8><STEAM_1:0:609313423><>" (damage "0")
L 07/30/2022 - 14:54:00: [playercommands.smx] "xlpee-å‚æ•°+3523952128ï¼ˆä¸æ˜¯æœ¬äººï¼‰<7><STEAM_1:1:566074940><>" slapped "è¯—é…’è¶å¹´å<8><STEAM_1:0:609313423><>" (damage "0")
L 07/30/2022 - 14:54:00: [playercommands.smx] "xlpee-å‚æ•°+3523952128ï¼ˆä¸æ˜¯æœ¬äººï¼‰<7><STEAM_1:1:566074940><>" slapped "è¯—é…’è¶å¹´å<8><STEAM_1:0:609313423><>" (damage "0")
L 07/30/2022 - 14:54:00: [playercommands.smx] "xlpee-å‚æ•°+3523952128ï¼ˆä¸æ˜¯æœ¬äººï¼‰<7><STEAM_1:1:566074940><>" slapped "è¯—é…’è¶å¹´å<8><STEAM_1:0:609313423><>" (damage "0")
L 07/30/2022 - 14:54:00: [playercommands.smx] "xlpee-å‚æ•°+3523952128ï¼ˆä¸æ˜¯æœ¬äººï¼‰<7><STEAM_1:1:566074940><>" slapped "è¯—é…’è¶å¹´å<8><STEAM_1:0:609313423><>" (damage "0")
L 07/30/2022 - 14:54:00: [playercommands.smx] "xlpee-å‚æ•°+3523952128ï¼ˆä¸æ˜¯æœ¬äººï¼‰<7><STEAM_1:1:566074940><>" slapped "è¯—é…’è¶å¹´å<8><STEAM_1:0:609313423><>" (damage "0")
L 07/30/2022 - 14:54:01: [playercommands.smx] "xlpee-å‚æ•°+3523952128ï¼ˆä¸æ˜¯æœ¬äººï¼‰<7><STEAM_1:1:566074940><>" slapped "è¯—é…’è¶å¹´å<8><STEAM_1:0:609313423><>" (damage "0")
L 07/30/2022 - 14:54:03: [playercommands.smx] "xlpee-å‚æ•°+3523952128ï¼ˆä¸æ˜¯æœ¬äººï¼‰<7><STEAM_1:1:566074940><>" slapped "è¯—é…’è¶å¹´å<8><STEAM_1:0:609313423><>" (damage "0")
L 07/30/2022 - 14:54:03: [playercommands.smx] "xlpee-å‚æ•°+3523952128ï¼ˆä¸æ˜¯æœ¬äººï¼‰<7><STEAM_1:1:566074940><>" slapped "è¯—é…’è¶å¹´å<8><STEAM_1:0:609313423><>" (damage "0")
L 07/30/2022 - 14:54:03: [playercommands.smx] "xlpee-å‚æ•°+3523952128ï¼ˆä¸æ˜¯æœ¬äººï¼‰<7><STEAM_1:1:566074940><>" slapped "è¯—é…’è¶å¹´å<8><STEAM_1:0:609313423><>" (damage "0")
L 07/30/2022 - 14:54:04: [playercommands.smx] "xlpee-å‚æ•°+3523952128ï¼ˆä¸æ˜¯æœ¬äººï¼‰<7><STEAM_1:1:566074940><>" slapped "è¯—é…’è¶å¹´å<8><STEAM_1:0:609313423><>" (damage "0")
L 07/30/2022 - 14:54:04: [playercommands.smx] "xlpee-å‚æ•°+3523952128ï¼ˆä¸æ˜¯æœ¬äººï¼‰<7><STEAM_1:1:566074940><>" slapped "è¯—é…’è¶å¹´å<8><STEAM_1:0:609313423><>" (damage "0")
L 07/30/2022 - 14:54:04: [playercommands.smx] "xlpee-å‚æ•°+3523952128ï¼ˆä¸æ˜¯æœ¬äººï¼‰<7><STEAM_1:1:566074940><>" slapped "è¯—é…’è¶å¹´å<8><STEAM_1:0:609313423><>" (damage "0")
L 07/30/2022 - 14:54:04: [playercommands.smx] "xlpee-å‚æ•°+3523952128ï¼ˆä¸æ˜¯æœ¬äººï¼‰<7><STEAM_1:1:566074940><>" slapped "è¯—é…’è¶å¹´å<8><STEAM_1:0:609313423><>" (damage "0")
L 07/30/2022 - 14:54:04: [playercommands.smx] "xlpee-å‚æ•°+3523952128ï¼ˆä¸æ˜¯æœ¬äººï¼‰<7><STEAM_1:1:566074940><>" slapped "è¯—é…’è¶å¹´å<8><STEAM_1:0:609313423><>" (damage "0")
L 07/30/2022 - 14:54:05: [playercommands.smx] "xlpee-å‚æ•°+3523952128ï¼ˆä¸æ˜¯æœ¬äººï¼‰<7><STEAM_1:1:566074940><>" slapped "è¯—é…’è¶å¹´å<8><STEAM_1:0:609313423><>" (damage "0")
L 07/30/2022 - 14:54:05: [playercommands.smx] "xlpee-å‚æ•°+3523952128ï¼ˆä¸æ˜¯æœ¬äººï¼‰<7><STEAM_1:1:566074940><>" slapped "è¯—é…’è¶å¹´å<8><STEAM_1:0:609313423><>" (damage "0")
L 07/30/2022 - 14:54:05: [playercommands.smx] "xlpee-å‚æ•°+3523952128ï¼ˆä¸æ˜¯æœ¬äººï¼‰<7><STEAM_1:1:566074940><>" slapped "è¯—é…’è¶å¹´å<8><STEAM_1:0:609313423><>" (damage "0")
L 07/30/2022 - 14:54:05: [playercommands.smx] "xlpee-å‚æ•°+3523952128ï¼ˆä¸æ˜¯æœ¬äººï¼‰<7><STEAM_1:1:566074940><>" slapped "è¯—é…’è¶å¹´å<8><STEAM_1:0:609313423><>" (damage "0")
L 07/30/2022 - 14:54:05: [playercommands.smx] "xlpee-å‚æ•°+3523952128ï¼ˆä¸æ˜¯æœ¬äººï¼‰<7><STEAM_1:1:566074940><>" slapped "è¯—é…’è¶å¹´å<8><STEAM_1:0:609313423><>" (damage "0")
L 07/30/2022 - 14:54:06: [playercommands.smx] "xlpee-å‚æ•°+3523952128ï¼ˆä¸æ˜¯æœ¬äººï¼‰<7><STEAM_1:1:566074940><>" slapped "è¯—é…’è¶å¹´å<8><STEAM_1:0:609313423><>" (damage "0")
L 07/30/2022 - 14:54:13: [playercommands.smx] "xlpee-å‚æ•°+3523952128ï¼ˆä¸æ˜¯æœ¬äººï¼‰<7><STEAM_1:1:566074940><>" slayed "è¯—é…’è¶å¹´å<8><STEAM_1:0:609313423><>"
L 07/30/2022 - 14:58:32: [basechat.smx] "xlpee-å‚æ•°+3523952128ï¼ˆä¸æ˜¯æœ¬äººï¼‰<7><STEAM_1:1:566074940><>" triggered sm_say (text 111)
L 07/30/2022 - 14:58:57: [basechat.smx] "xlpee-å‚æ•°+3523952128ï¼ˆä¸æ˜¯æœ¬äººï¼‰<7><STEAM_1:1:566074940><>" triggered sm_say (text wo cao ni ma)
L 07/30/2022 - 16:20:09: -------- Mapchange to de_mirage --------
L 07/30/2022 - 16:23:11: [playercommands.smx] "xlpee-å‚æ•°+3523952128ï¼ˆä¸æ˜¯æœ¬äººï¼‰<10><STEAM_1:1:566074940><>" slayed "å¿µå¿<9><STEAM_1:1:633900001><>"
L 07/30/2022 - 16:23:19: [playercommands.smx] "xlpee-å‚æ•°+3523952128ï¼ˆä¸æ˜¯æœ¬äººï¼‰<10><STEAM_1:1:566074940><>" slapped "å¿µå¿<9><STEAM_1:1:633900001><>" (damage "0")
L 07/30/2022 - 16:23:19: [playercommands.smx] "xlpee-å‚æ•°+3523952128ï¼ˆä¸æ˜¯æœ¬äººï¼‰<10><STEAM_1:1:566074940><>" slapped "å¿µå¿<9><STEAM_1:1:633900001><>" (damage "0")
L 07/30/2022 - 16:23:20: [playercommands.smx] "xlpee-å‚æ•°+3523952128ï¼ˆä¸æ˜¯æœ¬äººï¼‰<10><STEAM_1:1:566074940><>" slapped "å¿µå¿<9><STEAM_1:1:633900001><>" (damage "0")
L 07/30/2022 - 16:23:20: [playercommands.smx] "xlpee-å‚æ•°+3523952128ï¼ˆä¸æ˜¯æœ¬äººï¼‰<10><STEAM_1:1:566074940><>" slapped "å¿µå¿<9><STEAM_1:1:633900001><>" (damage "0")
L 07/30/2022 - 16:23:20: [playercommands.smx] "xlpee-å‚æ•°+3523952128ï¼ˆä¸æ˜¯æœ¬äººï¼‰<10><STEAM_1:1:566074940><>" slapped "å¿µå¿<9><STEAM_1:1:633900001><>" (damage "0")
L 07/30/2022 - 16:23:20: [playercommands.smx] "xlpee-å‚æ•°+3523952128ï¼ˆä¸æ˜¯æœ¬äººï¼‰<10><STEAM_1:1:566074940><>" slapped "å¿µå¿<9><STEAM_1:1:633900001><>" (damage "0")
L 07/30/2022 - 16:23:20: [playercommands.smx] "xlpee-å‚æ•°+3523952128ï¼ˆä¸æ˜¯æœ¬äººï¼‰<10><STEAM_1:1:566074940><>" slapped "å¿µå¿<9><STEAM_1:1:633900001><>" (damage "0")
L 07/30/2022 - 16:23:21: [playercommands.smx] "xlpee-å‚æ•°+3523952128ï¼ˆä¸æ˜¯æœ¬äººï¼‰<10><STEAM_1:1:566074940><>" slapped "å¿µå¿<9><STEAM_1:1:633900001><>" (damage "0")
L 07/30/2022 - 16:23:21: [playercommands.smx] "xlpee-å‚æ•°+3523952128ï¼ˆä¸æ˜¯æœ¬äººï¼‰<10><STEAM_1:1:566074940><>" slapped "å¿µå¿<9><STEAM_1:1:633900001><>" (damage "0")
L 07/30/2022 - 16:23:21: [playercommands.smx] "xlpee-å‚æ•°+3523952128ï¼ˆä¸æ˜¯æœ¬äººï¼‰<10><STEAM_1:1:566074940><>" slapped "å¿µå¿<9><STEAM_1:1:633900001><>" (damage "0")
L 07/30/2022 - 16:23:21: [playercommands.smx] "xlpee-å‚æ•°+3523952128ï¼ˆä¸æ˜¯æœ¬äººï¼‰<10><STEAM_1:1:566074940><>" slapped "å¿µå¿<9><STEAM_1:1:633900001><>" (damage "0")
L 07/30/2022 - 16:23:21: [playercommands.smx] "xlpee-å‚æ•°+3523952128ï¼ˆä¸æ˜¯æœ¬äººï¼‰<10><STEAM_1:1:566074940><>" slapped "å¿µå¿<9><STEAM_1:1:633900001><>" (damage "0")
L 07/30/2022 - 16:23:22: [playercommands.smx] "xlpee-å‚æ•°+3523952128ï¼ˆä¸æ˜¯æœ¬äººï¼‰<10><STEAM_1:1:566074940><>" slapped "å¿µå¿<9><STEAM_1:1:633900001><>" (damage "0")
L 07/30/2022 - 16:23:22: [playercommands.smx] "xlpee-å‚æ•°+3523952128ï¼ˆä¸æ˜¯æœ¬äººï¼‰<10><STEAM_1:1:566074940><>" slapped "å¿µå¿<9><STEAM_1:1:633900001><>" (damage "0")
L 07/30/2022 - 16:23:22: [playercommands.smx] "xlpee-å‚æ•°+3523952128ï¼ˆä¸æ˜¯æœ¬äººï¼‰<10><STEAM_1:1:566074940><>" slapped "å¿µå¿<9><STEAM_1:1:633900001><>" (damage "0")
L 07/30/2022 - 16:23:22: [playercommands.smx] "xlpee-å‚æ•°+3523952128ï¼ˆä¸æ˜¯æœ¬äººï¼‰<10><STEAM_1:1:566074940><>" slapped "å¿µå¿<9><STEAM_1:1:633900001><>" (damage "0")
L 07/30/2022 - 16:23:22: [playercommands.smx] "xlpee-å‚æ•°+3523952128ï¼ˆä¸æ˜¯æœ¬äººï¼‰<10><STEAM_1:1:566074940><>" slapped "å¿µå¿<9><STEAM_1:1:633900001><>" (damage "0")
L 07/30/2022 - 16:23:22: [playercommands.smx] "xlpee-å‚æ•°+3523952128ï¼ˆä¸æ˜¯æœ¬äººï¼‰<10><STEAM_1:1:566074940><>" slapped "å¿µå¿<9><STEAM_1:1:633900001><>" (damage "0")
L 07/30/2022 - 16:23:30: [funcommands.smx] "xlpee-å‚æ•°+3523952128ï¼ˆä¸æ˜¯æœ¬äººï¼‰<10><STEAM_1:1:566074940><>" toggled noclip on "xlpee-å‚æ•°+3523952128ï¼ˆä¸æ˜¯æœ¬äººï¼‰<10><STEAM_1:1:566074940><>"
L 07/30/2022 - 16:23:35: [funcommands.smx] "xlpee-å‚æ•°+3523952128ï¼ˆä¸æ˜¯æœ¬äººï¼‰<10><STEAM_1:1:566074940><>" toggled noclip on "å¿µå¿<9><STEAM_1:1:633900001><>"
L 07/30/2022 - 16:23:38: [funcommands.smx] "xlpee-å‚æ•°+3523952128ï¼ˆä¸æ˜¯æœ¬äººï¼‰<10><STEAM_1:1:566074940><>" toggled noclip on "å¿µå¿<9><STEAM_1:1:633900001><>"
L 07/30/2022 - 16:24:02: -------- Mapchange to de_mirage --------
L 07/30/2022 - 16:24:53: [basecommands.smx] "xlpee-å‚æ•°+3523952128ï¼ˆä¸æ˜¯æœ¬äººï¼‰<10><STEAM_1:1:566074940><>" refreshed the admin cache.
L 07/30/2022 - 16:26:34: [funcommands.smx] "xlpee-å‚æ•°+3523952128ï¼ˆä¸æ˜¯æœ¬äººï¼‰<10><STEAM_1:1:566074940><>" set a FreezeBomb on "å¿µå¿<9><STEAM_1:1:633900001><>"
L 07/30/2022 - 16:27:00: [funcommands.smx] "xlpee-å‚æ•°+3523952128ï¼ˆä¸æ˜¯æœ¬äººï¼‰<10><STEAM_1:1:566074940><>" set blind on "å¿µå¿<9><STEAM_1:1:633900001><>" (amount "255")
L 07/30/2022 - 16:27:09: [funcommands.smx] "xlpee-å‚æ•°+3523952128ï¼ˆä¸æ˜¯æœ¬äººï¼‰<10><STEAM_1:1:566074940><>" set blind on "å¿µå¿<9><STEAM_1:1:633900001><>" (amount "0")
L 07/30/2022 - 16:27:45: [funcommands.smx] "xlpee-å‚æ•°+3523952128ï¼ˆä¸æ˜¯æœ¬äººï¼‰<10><STEAM_1:1:566074940><>" set a beacon on "å¿µå¿<9><STEAM_1:1:633900001><>"
L 07/30/2022 - 16:28:13: [playercommands.smx] "xlpee-å‚æ•°+3523952128ï¼ˆä¸æ˜¯æœ¬äººï¼‰<10><STEAM_1:1:566074940><>" renamed "å¿µå¿<9><STEAM_1:1:633900001><>" (to "å¿åå")
L 07/30/2022 - 16:28:28: [playercommands.smx] "xlpee-å‚æ•°+3523952128ï¼ˆä¸æ˜¯æœ¬äººï¼‰<10><STEAM_1:1:566074940><>" renamed "å¿<9><STEAM_1:1:633900001><>" (to "å¿å")
L 07/30/2022 - 16:28:35: [playercommands.smx] "xlpee-å‚æ•°+3523952128ï¼ˆä¸æ˜¯æœ¬äººï¼‰<10><STEAM_1:1:566074940><>" renamed "<9><STEAM_1:1:633900001><>" (to "")
L 07/30/2022 - 16:28:38: [playercommands.smx] "xlpee-å‚æ•°+3523952128ï¼ˆä¸æ˜¯æœ¬äººï¼‰<10><STEAM_1:1:566074940><>" renamed "<9><STEAM_1:1:633900001><>" (to "")
L 07/30/2022 - 16:28:55: [funcommands.smx] "xlpee-å‚æ•°+3523952128ï¼ˆä¸æ˜¯æœ¬äººï¼‰<10><STEAM_1:1:566074940><>" drugged "<9><STEAM_1:1:633900001><>"
L 07/30/2022 - 16:28:59: [funcommands.smx] "xlpee-å‚æ•°+3523952128ï¼ˆä¸æ˜¯æœ¬äººï¼‰<10><STEAM_1:1:566074940><>" drugged "<9><STEAM_1:1:633900001><>"
L 07/30/2022 - 16:30:07: [playercommands.smx] "xlpee-å‚æ•°+3523952128ï¼ˆä¸æ˜¯æœ¬äººï¼‰<10><STEAM_1:1:566074940><>" renamed "<9><STEAM_1:1:633900001><>" (to "")
L 07/30/2022 - 16:30:07: [playercommands.smx] "xlpee-å‚æ•°+3523952128ï¼ˆä¸æ˜¯æœ¬äººï¼‰<10><STEAM_1:1:566074940><>" renamed "<9><STEAM_1:1:633900001><>" (to "")
L 07/30/2022 - 16:30:08: [playercommands.smx] "xlpee-å‚æ•°+3523952128ï¼ˆä¸æ˜¯æœ¬äººï¼‰<10><STEAM_1:1:566074940><>" renamed "<9><STEAM_1:1:633900001><>" (to "")
L 07/30/2022 - 16:30:08: [playercommands.smx] "xlpee-å‚æ•°+3523952128ï¼ˆä¸æ˜¯æœ¬äººï¼‰<10><STEAM_1:1:566074940><>" renamed "<9><STEAM_1:1:633900001><>" (to "")
L 07/30/2022 - 16:30:08: [playercommands.smx] "xlpee-å‚æ•°+3523952128ï¼ˆä¸æ˜¯æœ¬äººï¼‰<10><STEAM_1:1:566074940><>" renamed "<9><STEAM_1:1:633900001><>" (to "")
L 07/30/2022 - 16:30:51: [playercommands.smx] "xlpee-å‚æ•°+3523952128ï¼ˆä¸æ˜¯æœ¬äººï¼‰<10><STEAM_1:1:566074940><>" renamed "xlpee-å‚æ•°+3523952128ï¼ˆä¸æ˜¯æœ¬äººï¼‰<10><STEAM_1:1:566074940><>" (to "¼æp•º¬9p¼¬æä¼5¸‚53æ•˜¼‰æ5lä8•æ93æïxx5e5•æ")
L 07/30/2022 - 16:30:59: [playercommands.smx] "unnamed<10><STEAM_1:1:566074940><>" renamed "<9><STEAM_1:1:633900001><>" (to "")
L 07/30/2022 - 16:30:59: [playercommands.smx] "unnamed<10><STEAM_1:1:566074940><>" renamed "<9><STEAM_1:1:633900001><>" (to "")
L 07/30/2022 - 16:30:59: [playercommands.smx] "unnamed<10><STEAM_1:1:566074940><>" renamed "<9><STEAM_1:1:633900001><>" (to "")
L 07/30/2022 - 16:30:59: [playercommands.smx] "unnamed<10><STEAM_1:1:566074940><>" renamed "<9><STEAM_1:1:633900001><>" (to "")
L 07/30/2022 - 16:30:59: [playercommands.smx] "unnamed<10><STEAM_1:1:566074940><>" renamed "<9><STEAM_1:1:633900001><>" (to "")
L 07/30/2022 - 16:31:02: [playercommands.smx] "unnamed<10><STEAM_1:1:566074940><>" renamed "unnamed<10><STEAM_1:1:566074940><>" (to "dndaunn")
L 07/30/2022 - 16:31:02: [playercommands.smx] "dndaunn<10><STEAM_1:1:566074940><>" renamed "dndaunn<10><STEAM_1:1:566074940><>" (to "nuuunnn")
L 07/30/2022 - 16:31:19: [funcommands.smx] "nuuunnn<10><STEAM_1:1:566074940><>" drugged "<9><STEAM_1:1:633900001><>"
L 07/30/2022 - 16:31:26: [funcommands.smx] "nuuunnn<10><STEAM_1:1:566074940><>" undrugged "<9><STEAM_1:1:633900001><>"
L 07/30/2022 - 16:32:57: [basecommands.smx] "nuuunnn<10><STEAM_1:1:566074940><>" kicked "nuuunnn<10><STEAM_1:1:566074940><>" (reason "")
L 07/30/2022 - 16:34:31: [basecommands.smx] "xlpee-å‚æ•°+3523952128ï¼ˆä¸æ˜¯æœ¬äººï¼‰<11><STEAM_1:1:566074940><>" changed map to "de_dust"
L 07/30/2022 - 16:34:34: [SM] Changed map to "de_dust"
L 07/30/2022 - 16:34:35: -------- Mapchange to de_dust2_2006_accy --------
L 07/31/2022 - 12:02:45: Log file closed.
