L 10/01/2022 - 01:14:44: SourceMod log file session started (file "/badfupo/server1/csgo/addons/sourcemod/logs/L20221001.log") (Version "1.12.0.6912")
L 10/01/2022 - 01:14:44: [basecommands.smx] "Console<0><Console><Console>" changed cvar (cvar "mapcyclefile") (value "map_custom.txt")
L 10/01/2022 - 01:14:48: [warmod.smx] Current Map: de_mirage, Warmod Version: 19.11.21.2253
L 10/01/2022 - 01:14:48: [chat-processor.smx] Message formats generated for game 'csgo'.
L 10/01/2022 - 01:14:48: [chat-processor.smx] Successfully hooked a SayText2 chat hook.
L 10/01/2022 - 01:16:11: -------- Mapchange to de_mirage --------
L 10/01/2022 - 01:16:11: [basecommands.smx] "Console<0><Console><Console>" changed cvar (cvar "mapcyclefile") (value "map_custom.txt")
L 10/01/2022 - 01:16:15: [warmod.smx] Current Map: de_mirage, Warmod Version: 19.11.21.2253
L 10/01/2022 - 01:16:16: [chat-processor.smx] Message formats generated for game 'csgo'.
L 10/01/2022 - 01:16:16: [chat-processor.smx] Successfully hooked a SayText2 chat hook.
L 10/01/2022 - 01:33:21: -------- Mapchange to de_mirage --------
L 10/01/2022 - 01:33:21: [basecommands.smx] "Console<0><Console><Console>" changed cvar (cvar "mapcyclefile") (value "map_custom.txt")
L 10/01/2022 - 01:33:25: [warmod.smx] Current Map: de_mirage, Warmod Version: 19.11.21.2253
L 10/01/2022 - 01:33:26: [chat-processor.smx] Message formats generated for game 'csgo'.
L 10/01/2022 - 01:33:26: [chat-processor.smx] Successfully hooked a SayText2 chat hook.
L 10/01/2022 - 01:40:38: -------- Mapchange to de_mirage --------
L 10/01/2022 - 01:40:39: [basecommands.smx] "Console<0><Console><Console>" changed cvar (cvar "mapcyclefile") (value "map_custom.txt")
L 10/01/2022 - 01:40:43: [warmod.smx] Current Map: de_mirage, Warmod Version: 19.11.21.2253
L 10/01/2022 - 01:40:43: [chat-processor.smx] Message formats generated for game 'csgo'.
L 10/01/2022 - 01:40:43: [chat-processor.smx] Successfully hooked a SayText2 chat hook.
L 10/01/2022 - 01:56:19: -------- Mapchange to de_mirage --------
L 10/01/2022 - 01:56:19: [basecommands.smx] "Console<0><Console><Console>" changed cvar (cvar "mapcyclefile") (value "map_custom.txt")
L 10/01/2022 - 01:56:23: [warmod.smx] Current Map: de_mirage, Warmod Version: 19.11.21.2253
L 10/01/2022 - 01:56:24: [chat-processor.smx] Message formats generated for game 'csgo'.
L 10/01/2022 - 01:56:24: [chat-processor.smx] Successfully hooked a SayText2 chat hook.
L 10/01/2022 - 02:47:34: -------- Mapchange to de_mirage --------
L 10/01/2022 - 02:47:34: [basecommands.smx] "Console<0><Console><Console>" changed cvar (cvar "mapcyclefile") (value "map_custom.txt")
L 10/01/2022 - 02:47:38: [warmod.smx] Current Map: de_mirage, Warmod Version: 19.11.21.2253
L 10/01/2022 - 02:47:39: [chat-processor.smx] Message formats generated for game 'csgo'.
L 10/01/2022 - 02:47:39: [chat-processor.smx] Successfully hooked a SayText2 chat hook.
L 10/01/2022 - 02:59:33: -------- Mapchange to de_mirage --------
L 10/01/2022 - 02:59:33: [basecommands.smx] "Console<0><Console><Console>" changed cvar (cvar "mapcyclefile") (value "map_custom.txt")
L 10/01/2022 - 02:59:37: [warmod.smx] Current Map: de_mirage, Warmod Version: 19.11.21.2253
L 10/01/2022 - 02:59:38: [chat-processor.smx] Message formats generated for game 'csgo'.
L 10/01/2022 - 02:59:38: [chat-processor.smx] Successfully hooked a SayText2 chat hook.
L 10/01/2022 - 03:21:25: -------- Mapchange to de_inferno --------
L 10/01/2022 - 03:21:26: [basecommands.smx] "Console<0><Console><Console>" changed cvar (cvar "mapcyclefile") (value "map_custom.txt")
L 10/01/2022 - 03:21:30: [warmod.smx] Current Map: de_inferno, Warmod Version: 19.11.21.2253
L 10/01/2022 - 03:21:31: [chat-processor.smx] Message formats generated for game 'csgo'.
L 10/01/2022 - 03:21:31: [chat-processor.smx] Successfully hooked a SayText2 chat hook.
L 10/01/2022 - 04:18:12: -------- Mapchange to de_inferno --------
L 10/01/2022 - 04:18:13: [basecommands.smx] "Console<0><Console><Console>" changed cvar (cvar "mapcyclefile") (value "map_custom.txt")
L 10/01/2022 - 04:18:17: [warmod.smx] Current Map: de_inferno, Warmod Version: 19.11.21.2253
L 10/01/2022 - 04:18:17: [chat-processor.smx] Message formats generated for game 'csgo'.
L 10/01/2022 - 04:18:17: [chat-processor.smx] Successfully hooked a SayText2 chat hook.
L 10/01/2022 - 04:19:55: -------- Mapchange to de_inferno --------
L 10/01/2022 - 04:19:56: [basecommands.smx] "Console<0><Console><Console>" changed cvar (cvar "mapcyclefile") (value "map_custom.txt")
L 10/01/2022 - 04:20:00: [warmod.smx] Current Map: de_inferno, Warmod Version: 19.11.21.2253
L 10/01/2022 - 04:20:00: [chat-processor.smx] Message formats generated for game 'csgo'.
L 10/01/2022 - 04:20:00: [chat-processor.smx] Successfully hooked a SayText2 chat hook.
L 10/01/2022 - 04:25:46: -------- Mapchange to de_inferno --------
L 10/01/2022 - 04:25:46: [basecommands.smx] "Console<0><Console><Console>" changed cvar (cvar "mapcyclefile") (value "map_custom.txt")
L 10/01/2022 - 04:25:50: [warmod.smx] Current Map: de_inferno, Warmod Version: 19.11.21.2253
L 10/01/2022 - 04:25:51: [chat-processor.smx] Message formats generated for game 'csgo'.
L 10/01/2022 - 04:25:51: [chat-processor.smx] Successfully hooked a SayText2 chat hook.
L 10/01/2022 - 04:29:48: -------- Mapchange to de_inferno --------
L 10/01/2022 - 04:29:48: [basecommands.smx] "Console<0><Console><Console>" changed cvar (cvar "mapcyclefile") (value "map_custom.txt")
L 10/01/2022 - 04:29:52: [warmod.smx] Current Map: de_inferno, Warmod Version: 19.11.21.2253
L 10/01/2022 - 04:29:53: [chat-processor.smx] Message formats generated for game 'csgo'.
L 10/01/2022 - 04:29:53: [chat-processor.smx] Successfully hooked a SayText2 chat hook.
L 10/01/2022 - 05:12:25: -------- Mapchange to de_inferno --------
L 10/01/2022 - 05:12:25: [basecommands.smx] "Console<0><Console><Console>" changed cvar (cvar "mapcyclefile") (value "map_custom.txt")
L 10/01/2022 - 05:12:30: [warmod.smx] Current Map: de_inferno, Warmod Version: 19.11.21.2253
L 10/01/2022 - 05:12:30: [chat-processor.smx] Message formats generated for game 'csgo'.
L 10/01/2022 - 05:12:30: [chat-processor.smx] Successfully hooked a SayText2 chat hook.
L 10/01/2022 - 07:40:17: -------- Mapchange to de_inferno --------
L 10/01/2022 - 07:40:18: [basecommands.smx] "Console<0><Console><Console>" changed cvar (cvar "mapcyclefile") (value "map_custom.txt")
L 10/01/2022 - 07:40:22: [warmod.smx] Current Map: de_inferno, Warmod Version: 19.11.21.2253
L 10/01/2022 - 07:40:23: [chat-processor.smx] Message formats generated for game 'csgo'.
L 10/01/2022 - 07:40:23: [chat-processor.smx] Successfully hooked a SayText2 chat hook.
L 10/01/2022 - 07:46:49: -------- Mapchange to de_inferno --------
L 10/01/2022 - 07:46:50: [basecommands.smx] "Console<0><Console><Console>" changed cvar (cvar "mapcyclefile") (value "map_custom.txt")
L 10/01/2022 - 07:46:54: [warmod.smx] Current Map: de_inferno, Warmod Version: 19.11.21.2253
L 10/01/2022 - 07:46:54: [chat-processor.smx] Message formats generated for game 'csgo'.
L 10/01/2022 - 07:46:54: [chat-processor.smx] Successfully hooked a SayText2 chat hook.
L 10/01/2022 - 08:30:56: -------- Mapchange to de_inferno --------
L 10/01/2022 - 08:30:57: [basecommands.smx] "Console<0><Console><Console>" changed cvar (cvar "mapcyclefile") (value "map_custom.txt")
L 10/01/2022 - 08:31:01: [warmod.smx] Current Map: de_inferno, Warmod Version: 19.11.21.2253
L 10/01/2022 - 08:31:01: [chat-processor.smx] Message formats generated for game 'csgo'.
L 10/01/2022 - 08:31:01: [chat-processor.smx] Successfully hooked a SayText2 chat hook.
L 10/01/2022 - 09:20:17: -------- Mapchange to de_inferno --------
L 10/01/2022 - 09:20:17: [basecommands.smx] "Console<0><Console><Console>" changed cvar (cvar "mapcyclefile") (value "map_custom.txt")
L 10/01/2022 - 09:20:21: [warmod.smx] Current Map: de_inferno, Warmod Version: 19.11.21.2253
L 10/01/2022 - 09:20:22: [chat-processor.smx] Message formats generated for game 'csgo'.
L 10/01/2022 - 09:20:22: [chat-processor.smx] Successfully hooked a SayText2 chat hook.
L 10/01/2022 - 09:50:56: -------- Mapchange to de_inferno --------
L 10/01/2022 - 09:50:57: [basecommands.smx] "Console<0><Console><Console>" changed cvar (cvar "mapcyclefile") (value "map_custom.txt")
L 10/01/2022 - 09:51:01: [warmod.smx] Current Map: de_inferno, Warmod Version: 19.11.21.2253
L 10/01/2022 - 09:51:02: [chat-processor.smx] Message formats generated for game 'csgo'.
L 10/01/2022 - 09:51:02: [chat-processor.smx] Successfully hooked a SayText2 chat hook.
L 10/01/2022 - 09:58:19: -------- Mapchange to de_inferno --------
L 10/01/2022 - 09:58:20: [basecommands.smx] "Console<0><Console><Console>" changed cvar (cvar "mapcyclefile") (value "map_custom.txt")
L 10/01/2022 - 09:58:24: [warmod.smx] Current Map: de_inferno, Warmod Version: 19.11.21.2253
L 10/01/2022 - 09:58:24: [chat-processor.smx] Message formats generated for game 'csgo'.
L 10/01/2022 - 09:58:24: [chat-processor.smx] Successfully hooked a SayText2 chat hook.
L 10/01/2022 - 10:14:22: -------- Mapchange to de_inferno --------
L 10/01/2022 - 10:14:22: [basecommands.smx] "Console<0><Console><Console>" changed cvar (cvar "mapcyclefile") (value "map_custom.txt")
L 10/01/2022 - 10:14:26: [warmod.smx] Current Map: de_inferno, Warmod Version: 19.11.21.2253
L 10/01/2022 - 10:14:27: [chat-processor.smx] Message formats generated for game 'csgo'.
L 10/01/2022 - 10:14:27: [chat-processor.smx] Successfully hooked a SayText2 chat hook.
L 10/01/2022 - 10:57:03: -------- Mapchange to de_inferno --------
L 10/01/2022 - 10:57:04: [basecommands.smx] "Console<0><Console><Console>" changed cvar (cvar "mapcyclefile") (value "map_custom.txt")
L 10/01/2022 - 10:57:08: [warmod.smx] Current Map: de_inferno, Warmod Version: 19.11.21.2253
L 10/01/2022 - 10:57:09: [chat-processor.smx] Message formats generated for game 'csgo'.
L 10/01/2022 - 10:57:09: [chat-processor.smx] Successfully hooked a SayText2 chat hook.
L 10/01/2022 - 11:20:36: -------- Mapchange to de_inferno --------
L 10/01/2022 - 11:20:36: [basecommands.smx] "Console<0><Console><Console>" changed cvar (cvar "mapcyclefile") (value "map_custom.txt")
L 10/01/2022 - 11:20:41: [warmod.smx] Current Map: de_inferno, Warmod Version: 19.11.21.2253
L 10/01/2022 - 11:20:41: [chat-processor.smx] Message formats generated for game 'csgo'.
L 10/01/2022 - 11:20:41: [chat-processor.smx] Successfully hooked a SayText2 chat hook.
L 10/01/2022 - 11:21:59: -------- Mapchange to de_inferno --------
L 10/01/2022 - 11:22:00: [basecommands.smx] "Console<0><Console><Console>" changed cvar (cvar "mapcyclefile") (value "map_custom.txt")
L 10/01/2022 - 11:22:04: [warmod.smx] Current Map: de_inferno, Warmod Version: 19.11.21.2253
L 10/01/2022 - 11:22:04: [chat-processor.smx] Message formats generated for game 'csgo'.
L 10/01/2022 - 11:22:04: [chat-processor.smx] Successfully hooked a SayText2 chat hook.
L 10/01/2022 - 13:37:08: -------- Mapchange to de_inferno --------
L 10/01/2022 - 13:37:08: [basecommands.smx] "Console<0><Console><Console>" changed cvar (cvar "mapcyclefile") (value "map_custom.txt")
L 10/01/2022 - 13:37:13: [warmod.smx] Current Map: de_inferno, Warmod Version: 19.11.21.2253
L 10/01/2022 - 13:37:13: [chat-processor.smx] Message formats generated for game 'csgo'.
L 10/01/2022 - 13:37:13: [chat-processor.smx] Successfully hooked a SayText2 chat hook.
L 10/01/2022 - 14:37:03: [basecommands.smx] "情绪被悲伤所裹挟<244><STEAM_1:1:223824936><>" kicked "樱岛麻衣<240><STEAM_1:0:490453934><>" (reason "")
L 10/01/2022 - 14:37:05: [basecommands.smx] "情绪被悲伤所裹挟<244><STEAM_1:1:223824936><>" kicked "高处不胜寒<242><STEAM_1:0:699149462><>" (reason "")
L 10/01/2022 - 14:37:06: [basecommands.smx] "情绪被悲伤所裹挟<244><STEAM_1:1:223824936><>" kicked "sp大神作弊<243><STEAM_1:1:207049071><>" (reason "")
L 10/01/2022 - 14:37:09: [basecommands.smx] "情绪被悲伤所裹挟<244><STEAM_1:1:223824936><>" kicked "今天不再是昨天了<245><STEAM_1:1:636252593><>" (reason "")
L 10/01/2022 - 14:37:10: [basecommands.smx] "情绪被悲伤所裹挟<244><STEAM_1:1:223824936><>" kicked "Uestanalit<238><STEAM_1:1:611553475><>" (reason "")
L 10/01/2022 - 14:37:11: [basecommands.smx] "情绪被悲伤所裹挟<244><STEAM_1:1:223824936><>" kicked "...<237><STEAM_1:1:612527910><>" (reason "")
L 10/01/2022 - 14:38:09: [basecommands.smx] "情绪被悲伤所裹挟<247><STEAM_1:1:223824936><>" changed map to "mir"
L 10/01/2022 - 14:38:12: [SM] Changed map to "mir"
L 10/01/2022 - 14:38:14: -------- Mapchange to de_mirage --------
L 10/01/2022 - 14:38:15: [basecommands.smx] "Console<0><Console><Console>" changed cvar (cvar "mapcyclefile") (value "map_custom.txt")
L 10/01/2022 - 14:38:19: [warmod.smx] Current Map: de_mirage, Warmod Version: 19.11.21.2253
L 10/01/2022 - 14:38:20: [chat-processor.smx] Message formats generated for game 'csgo'.
L 10/01/2022 - 14:38:20: [chat-processor.smx] Successfully hooked a SayText2 chat hook.
L 10/01/2022 - 14:41:58: [movecommands.smx] "野兽先辈<249><STEAM_1:1:714984372><>" was moved to Spec by "情绪被悲伤所裹挟<247><STEAM_1:1:223824936><>"
L 10/01/2022 - 14:42:47: [movecommands.smx] "野兽先辈<249><STEAM_1:1:714984372><>" was moved to Spec by "情绪被悲伤所裹挟<247><STEAM_1:1:223824936><>"
L 10/01/2022 - 14:43:32: [basecommands.smx] "情绪被悲伤所裹挟<247><STEAM_1:1:223824936><>" kicked "野兽先辈<249><STEAM_1:1:714984372><>" (reason "")
L 10/01/2022 - 14:45:01: [sbpp_main.smx] "情绪被悲伤所裹挟<247><STEAM_1:1:223824936><>" banned "野兽先辈<251><STEAM_1:1:714984372><>" (minutes "60") (reason "Team Flashing")
L 10/01/2022 - 15:15:45: [basecommands.smx] "情绪被悲伤所裹挟<260><STEAM_1:1:223824936><>" changed map to "ver"
L 10/01/2022 - 15:15:48: [SM] Changed map to "ver"
L 10/01/2022 - 15:15:51: -------- Mapchange to de_vertigo --------
L 10/01/2022 - 15:15:51: [basecommands.smx] "Console<0><Console><Console>" changed cvar (cvar "mapcyclefile") (value "map_custom.txt")
L 10/01/2022 - 15:15:56: [warmod.smx] Current Map: de_vertigo, Warmod Version: 19.11.21.2253
L 10/01/2022 - 15:15:57: [chat-processor.smx] Message formats generated for game 'csgo'.
L 10/01/2022 - 15:15:57: [chat-processor.smx] Successfully hooked a SayText2 chat hook.
L 10/01/2022 - 15:16:31: [movecommands.smx] "九奈卡网gi0.cn/wsYe<258><STEAM_1:0:178007214><>" was moved to Spec by "情绪被悲伤所裹挟<260><STEAM_1:1:223824936><>"
L 10/01/2022 - 15:16:32: [movecommands.smx] "Uestanalit<257><STEAM_1:1:611553475><>" was moved to Spec by "情绪被悲伤所裹挟<260><STEAM_1:1:223824936><>"
L 10/01/2022 - 15:16:44: [movecommands.smx] "九奈卡网gi0.cn/wsYe<258><STEAM_1:0:178007214><>" was moved to Spec by "情绪被悲伤所裹挟<260><STEAM_1:1:223824936><>"
L 10/01/2022 - 15:16:45: [movecommands.smx] "...<259><STEAM_1:1:612527910><>" was moved to Spec by "情绪被悲伤所裹挟<260><STEAM_1:1:223824936><>"
L 10/01/2022 - 15:17:15: [basecommands.smx] "情绪被悲伤所裹挟<260><STEAM_1:1:223824936><>" kicked "Uestanalit<257><STEAM_1:1:611553475><>" (reason "")
L 10/01/2022 - 15:17:16: [basecommands.smx] "情绪被悲伤所裹挟<260><STEAM_1:1:223824936><>" kicked "...<259><STEAM_1:1:612527910><>" (reason "")
L 10/01/2022 - 15:17:16: [basecommands.smx] "情绪被悲伤所裹挟<260><STEAM_1:1:223824936><>" kicked "九奈卡网gi0.cn/wsYe<258><STEAM_1:0:178007214><>" (reason "")
L 10/01/2022 - 15:17:18: [basecommands.smx] "情绪被悲伤所裹挟<260><STEAM_1:1:223824936><>" kicked "75642898561985654892115648156486<264><STEAM_1:0:632294380><>" (reason "")
L 10/01/2022 - 15:17:19: [basecommands.smx] "情绪被悲伤所裹挟<260><STEAM_1:1:223824936><>" kicked "樱岛麻衣<265><STEAM_1:0:490453934><>" (reason "")
L 10/01/2022 - 15:18:06: [sbpp_main.smx] "情绪被悲伤所裹挟<260><STEAM_1:1:223824936><>" banned "75642898561985654892115648156486<266><STEAM_1:0:632294380><>" (minutes "240") (reason "Aimbot")
L 10/01/2022 - 15:18:22: [sbpp_main.smx] "情绪被悲伤所裹挟<260><STEAM_1:1:223824936><>" banned "九奈卡网gi0.cn/wsYe<268><STEAM_1:0:178007214><>" (minutes "1440") (reason "General Exploit of Game/Map/Server")
L 10/01/2022 - 15:18:29: [sbpp_main.smx] "情绪被悲伤所裹挟<260><STEAM_1:1:223824936><>" banned "rw<269><STEAM_1:1:419644229><>" (minutes "240") (reason "Spamming Mic/Chat")
L 10/01/2022 - 15:18:39: [sbpp_main.smx] "情绪被悲伤所裹挟<260><STEAM_1:1:223824936><>" banned "...<267><STEAM_1:1:612527910><>" (minutes "240") (reason "Spamming Mic/Chat")
L 10/01/2022 - 15:18:52: [basecommands.smx] "情绪被悲伤所裹挟<260><STEAM_1:1:223824936><>" executed config (file "server.cfg")
L 10/01/2022 - 15:18:52: [basecommands.smx] "Console<0><Console><Console>" changed cvar (cvar "mapcyclefile") (value "map_custom.txt")
L 10/01/2022 - 15:19:09: [basecommands.smx] "情绪被悲伤所裹挟<260><STEAM_1:1:223824936><>" refreshed the admin cache.
L 10/01/2022 - 15:20:17: [basecommands.smx] "情绪被悲伤所裹挟<260><STEAM_1:1:223824936><>" executed config (file "server.cfg")
L 10/01/2022 - 15:20:17: [basecommands.smx] "Console<0><Console><Console>" changed cvar (cvar "mapcyclefile") (value "map_custom.txt")
L 10/01/2022 - 15:20:21: [basecommands.smx] "情绪被悲伤所裹挟<260><STEAM_1:1:223824936><>" refreshed the admin cache.
L 10/01/2022 - 15:20:22: [basecommands.smx] "情绪被悲伤所裹挟<260><STEAM_1:1:223824936><>" executed config (file "sm_competitive2v2.cfg")
L 10/01/2022 - 15:32:07: -------- Mapchange to de_vertigo --------
L 10/01/2022 - 15:32:08: [basecommands.smx] "Console<0><Console><Console>" changed cvar (cvar "mapcyclefile") (value "map_custom.txt")
L 10/01/2022 - 15:32:12: [warmod.smx] Current Map: de_vertigo, Warmod Version: 19.11.21.2253
L 10/01/2022 - 15:32:13: [chat-processor.smx] Message formats generated for game 'csgo'.
L 10/01/2022 - 15:32:13: [chat-processor.smx] Successfully hooked a SayText2 chat hook.
L 10/01/2022 - 15:40:36: -------- Mapchange to de_vertigo --------
L 10/01/2022 - 15:40:36: [basecommands.smx] "Console<0><Console><Console>" changed cvar (cvar "mapcyclefile") (value "map_custom.txt")
L 10/01/2022 - 15:40:41: [warmod.smx] Current Map: de_vertigo, Warmod Version: 19.11.21.2253
L 10/01/2022 - 15:40:41: [chat-processor.smx] Message formats generated for game 'csgo'.
L 10/01/2022 - 15:40:41: [chat-processor.smx] Successfully hooked a SayText2 chat hook.
L 10/01/2022 - 17:34:48: -------- Mapchange to de_vertigo --------
L 10/01/2022 - 17:34:49: [basecommands.smx] "Console<0><Console><Console>" changed cvar (cvar "mapcyclefile") (value "map_custom.txt")
L 10/01/2022 - 17:34:54: [warmod.smx] Current Map: de_vertigo, Warmod Version: 19.11.21.2253
L 10/01/2022 - 17:34:54: [chat-processor.smx] Message formats generated for game 'csgo'.
L 10/01/2022 - 17:34:54: [chat-processor.smx] Successfully hooked a SayText2 chat hook.
L 10/01/2022 - 17:48:09: -------- Mapchange to de_vertigo --------
L 10/01/2022 - 17:48:09: [basecommands.smx] "Console<0><Console><Console>" changed cvar (cvar "mapcyclefile") (value "map_custom.txt")
L 10/01/2022 - 17:48:13: [warmod.smx] Current Map: de_vertigo, Warmod Version: 19.11.21.2253
L 10/01/2022 - 17:48:14: [chat-processor.smx] Message formats generated for game 'csgo'.
L 10/01/2022 - 17:48:14: [chat-processor.smx] Successfully hooked a SayText2 chat hook.
L 10/01/2022 - 18:23:37: -------- Mapchange to de_vertigo --------
L 10/01/2022 - 18:23:37: [basecommands.smx] "Console<0><Console><Console>" changed cvar (cvar "mapcyclefile") (value "map_custom.txt")
L 10/01/2022 - 18:23:41: [warmod.smx] Current Map: de_vertigo, Warmod Version: 19.11.21.2253
L 10/01/2022 - 18:23:42: [chat-processor.smx] Message formats generated for game 'csgo'.
L 10/01/2022 - 18:23:42: [chat-processor.smx] Successfully hooked a SayText2 chat hook.
L 10/01/2022 - 18:44:40: -------- Mapchange to de_vertigo --------
L 10/01/2022 - 18:44:40: [basecommands.smx] "Console<0><Console><Console>" changed cvar (cvar "mapcyclefile") (value "map_custom.txt")
L 10/01/2022 - 18:44:44: [warmod.smx] Current Map: de_vertigo, Warmod Version: 19.11.21.2253
L 10/01/2022 - 18:44:45: [chat-processor.smx] Message formats generated for game 'csgo'.
L 10/01/2022 - 18:44:45: [chat-processor.smx] Successfully hooked a SayText2 chat hook.
L 10/01/2022 - 19:12:45: -------- Mapchange to de_vertigo --------
L 10/01/2022 - 19:12:45: [basecommands.smx] "Console<0><Console><Console>" changed cvar (cvar "mapcyclefile") (value "map_custom.txt")
L 10/01/2022 - 19:12:50: [warmod.smx] Current Map: de_vertigo, Warmod Version: 19.11.21.2253
L 10/01/2022 - 19:12:50: [chat-processor.smx] Message formats generated for game 'csgo'.
L 10/01/2022 - 19:12:50: [chat-processor.smx] Successfully hooked a SayText2 chat hook.
L 10/01/2022 - 19:27:51: -------- Mapchange to de_vertigo --------
L 10/01/2022 - 19:27:51: [basecommands.smx] "Console<0><Console><Console>" changed cvar (cvar "mapcyclefile") (value "map_custom.txt")
L 10/01/2022 - 19:27:55: [warmod.smx] Current Map: de_vertigo, Warmod Version: 19.11.21.2253
L 10/01/2022 - 19:27:56: [chat-processor.smx] Message formats generated for game 'csgo'.
L 10/01/2022 - 19:27:56: [chat-processor.smx] Successfully hooked a SayText2 chat hook.
L 10/02/2022 - 00:53:09: Log file closed.
