L 10/16/2022 - 00:57:44: SourceMod log file session started (file "/badfupo/server1/csgo/addons/sourcemod/logs/L20221016.log") (Version "1.12.0.6912")
L 10/16/2022 - 00:57:44: [basecommands.smx] "Console<0><Console><Console>" changed cvar (cvar "mapcyclefile") (value "map_custom.txt")
L 10/16/2022 - 00:57:49: [warmod.smx] Current Map: de_train, Warmod Version: 19.11.21.2253
L 10/16/2022 - 00:57:51: [chat-processor.smx] Message formats generated for game 'csgo'.
L 10/16/2022 - 00:57:51: [chat-processor.smx] Successfully hooked a SayText2 chat hook.
L 10/16/2022 - 01:40:50: -------- Mapchange to de_train --------
L 10/16/2022 - 01:40:51: [basecommands.smx] "Console<0><Console><Console>" changed cvar (cvar "mapcyclefile") (value "map_custom.txt")
L 10/16/2022 - 01:40:56: [warmod.smx] Current Map: de_train, Warmod Version: 19.11.21.2253
L 10/16/2022 - 01:40:58: [chat-processor.smx] Message formats generated for game 'csgo'.
L 10/16/2022 - 01:40:58: [chat-processor.smx] Successfully hooked a SayText2 chat hook.
L 10/16/2022 - 02:15:16: -------- Mapchange to de_train --------
L 10/16/2022 - 02:15:17: [basecommands.smx] "Console<0><Console><Console>" changed cvar (cvar "mapcyclefile") (value "map_custom.txt")
L 10/16/2022 - 02:15:21: [warmod.smx] Current Map: de_train, Warmod Version: 19.11.21.2253
L 10/16/2022 - 02:15:23: [chat-processor.smx] Message formats generated for game 'csgo'.
L 10/16/2022 - 02:15:23: [chat-processor.smx] Successfully hooked a SayText2 chat hook.
L 10/16/2022 - 03:12:42: -------- Mapchange to de_train --------
L 10/16/2022 - 03:12:43: [basecommands.smx] "Console<0><Console><Console>" changed cvar (cvar "mapcyclefile") (value "map_custom.txt")
L 10/16/2022 - 03:12:48: [warmod.smx] Current Map: de_train, Warmod Version: 19.11.21.2253
L 10/16/2022 - 03:12:50: [chat-processor.smx] Message formats generated for game 'csgo'.
L 10/16/2022 - 03:12:50: [chat-processor.smx] Successfully hooked a SayText2 chat hook.
L 10/16/2022 - 03:21:19: -------- Mapchange to de_train --------
L 10/16/2022 - 03:21:20: [basecommands.smx] "Console<0><Console><Console>" changed cvar (cvar "mapcyclefile") (value "map_custom.txt")
L 10/16/2022 - 03:21:25: [warmod.smx] Current Map: de_train, Warmod Version: 19.11.21.2253
L 10/16/2022 - 03:21:27: [chat-processor.smx] Message formats generated for game 'csgo'.
L 10/16/2022 - 03:21:27: [chat-processor.smx] Successfully hooked a SayText2 chat hook.
L 10/16/2022 - 03:37:11: -------- Mapchange to de_train --------
L 10/16/2022 - 03:37:12: [basecommands.smx] "Console<0><Console><Console>" changed cvar (cvar "mapcyclefile") (value "map_custom.txt")
L 10/16/2022 - 03:37:17: [warmod.smx] Current Map: de_train, Warmod Version: 19.11.21.2253
L 10/16/2022 - 03:37:19: [chat-processor.smx] Message formats generated for game 'csgo'.
L 10/16/2022 - 03:37:19: [chat-processor.smx] Successfully hooked a SayText2 chat hook.
L 10/16/2022 - 04:38:10: -------- Mapchange to de_train --------
L 10/16/2022 - 04:38:11: [basecommands.smx] "Console<0><Console><Console>" changed cvar (cvar "mapcyclefile") (value "map_custom.txt")
L 10/16/2022 - 04:38:15: [warmod.smx] Current Map: de_train, Warmod Version: 19.11.21.2253
L 10/16/2022 - 04:38:18: [chat-processor.smx] Message formats generated for game 'csgo'.
L 10/16/2022 - 04:38:18: [chat-processor.smx] Successfully hooked a SayText2 chat hook.
L 10/16/2022 - 04:50:06: -------- Mapchange to de_train --------
L 10/16/2022 - 04:50:08: [basecommands.smx] "Console<0><Console><Console>" changed cvar (cvar "mapcyclefile") (value "map_custom.txt")
L 10/16/2022 - 04:50:12: [warmod.smx] Current Map: de_train, Warmod Version: 19.11.21.2253
L 10/16/2022 - 04:50:14: [chat-processor.smx] Message formats generated for game 'csgo'.
L 10/16/2022 - 04:50:14: [chat-processor.smx] Successfully hooked a SayText2 chat hook.
L 10/16/2022 - 05:14:25: -------- Mapchange to de_train --------
L 10/16/2022 - 05:14:26: [basecommands.smx] "Console<0><Console><Console>" changed cvar (cvar "mapcyclefile") (value "map_custom.txt")
L 10/16/2022 - 05:14:30: [warmod.smx] Current Map: de_train, Warmod Version: 19.11.21.2253
L 10/16/2022 - 05:14:32: [chat-processor.smx] Message formats generated for game 'csgo'.
L 10/16/2022 - 05:14:32: [chat-processor.smx] Successfully hooked a SayText2 chat hook.
L 10/16/2022 - 05:35:45: -------- Mapchange to de_train --------
L 10/16/2022 - 05:35:46: [basecommands.smx] "Console<0><Console><Console>" changed cvar (cvar "mapcyclefile") (value "map_custom.txt")
L 10/16/2022 - 05:35:50: [warmod.smx] Current Map: de_train, Warmod Version: 19.11.21.2253
L 10/16/2022 - 05:35:52: [chat-processor.smx] Message formats generated for game 'csgo'.
L 10/16/2022 - 05:35:52: [chat-processor.smx] Successfully hooked a SayText2 chat hook.
L 10/16/2022 - 06:28:40: -------- Mapchange to de_train --------
L 10/16/2022 - 06:28:42: [basecommands.smx] "Console<0><Console><Console>" changed cvar (cvar "mapcyclefile") (value "map_custom.txt")
L 10/16/2022 - 06:28:46: [warmod.smx] Current Map: de_train, Warmod Version: 19.11.21.2253
L 10/16/2022 - 06:28:48: [chat-processor.smx] Message formats generated for game 'csgo'.
L 10/16/2022 - 06:28:48: [chat-processor.smx] Successfully hooked a SayText2 chat hook.
L 10/16/2022 - 06:33:21: -------- Mapchange to de_train --------
L 10/16/2022 - 06:33:23: [basecommands.smx] "Console<0><Console><Console>" changed cvar (cvar "mapcyclefile") (value "map_custom.txt")
L 10/16/2022 - 06:33:27: [warmod.smx] Current Map: de_train, Warmod Version: 19.11.21.2253
L 10/16/2022 - 06:33:29: [chat-processor.smx] Message formats generated for game 'csgo'.
L 10/16/2022 - 06:33:29: [chat-processor.smx] Successfully hooked a SayText2 chat hook.
L 10/16/2022 - 06:45:27: -------- Mapchange to de_inferno --------
L 10/16/2022 - 06:45:28: [basecommands.smx] "Console<0><Console><Console>" changed cvar (cvar "mapcyclefile") (value "map_custom.txt")
L 10/16/2022 - 06:45:33: [warmod.smx] Current Map: de_inferno, Warmod Version: 19.11.21.2253
L 10/16/2022 - 06:45:35: [chat-processor.smx] Message formats generated for game 'csgo'.
L 10/16/2022 - 06:45:35: [chat-processor.smx] Successfully hooked a SayText2 chat hook.
L 10/16/2022 - 06:59:34: -------- Mapchange to de_dust2 --------
L 10/16/2022 - 06:59:35: [basecommands.smx] "Console<0><Console><Console>" changed cvar (cvar "mapcyclefile") (value "map_custom.txt")
L 10/16/2022 - 06:59:40: [warmod.smx] Current Map: de_dust2, Warmod Version: 19.11.21.2253
L 10/16/2022 - 06:59:42: [chat-processor.smx] Message formats generated for game 'csgo'.
L 10/16/2022 - 06:59:42: [chat-processor.smx] Successfully hooked a SayText2 chat hook.
L 10/16/2022 - 07:32:27: -------- Mapchange to de_mirage --------
L 10/16/2022 - 07:32:28: [basecommands.smx] "Console<0><Console><Console>" changed cvar (cvar "mapcyclefile") (value "map_custom.txt")
L 10/16/2022 - 07:32:33: [warmod.smx] Current Map: de_mirage, Warmod Version: 19.11.21.2253
L 10/16/2022 - 07:32:35: [chat-processor.smx] Message formats generated for game 'csgo'.
L 10/16/2022 - 07:32:35: [chat-processor.smx] Successfully hooked a SayText2 chat hook.
L 10/16/2022 - 08:20:44: -------- Mapchange to de_mirage --------
L 10/16/2022 - 08:20:45: [basecommands.smx] "Console<0><Console><Console>" changed cvar (cvar "mapcyclefile") (value "map_custom.txt")
L 10/16/2022 - 08:20:50: [warmod.smx] Current Map: de_mirage, Warmod Version: 19.11.21.2253
L 10/16/2022 - 08:20:53: [chat-processor.smx] Message formats generated for game 'csgo'.
L 10/16/2022 - 08:20:53: [chat-processor.smx] Successfully hooked a SayText2 chat hook.
L 10/16/2022 - 08:35:37: -------- Mapchange to de_mirage --------
L 10/16/2022 - 08:35:38: [basecommands.smx] "Console<0><Console><Console>" changed cvar (cvar "mapcyclefile") (value "map_custom.txt")
L 10/16/2022 - 08:35:43: [warmod.smx] Current Map: de_mirage, Warmod Version: 19.11.21.2253
L 10/16/2022 - 08:35:45: [chat-processor.smx] Message formats generated for game 'csgo'.
L 10/16/2022 - 08:35:45: [chat-processor.smx] Successfully hooked a SayText2 chat hook.
L 10/16/2022 - 08:54:47: -------- Mapchange to de_mirage --------
L 10/16/2022 - 08:54:48: [basecommands.smx] "Console<0><Console><Console>" changed cvar (cvar "mapcyclefile") (value "map_custom.txt")
L 10/16/2022 - 08:54:53: [warmod.smx] Current Map: de_mirage, Warmod Version: 19.11.21.2253
L 10/16/2022 - 08:54:55: [chat-processor.smx] Message formats generated for game 'csgo'.
L 10/16/2022 - 08:54:55: [chat-processor.smx] Successfully hooked a SayText2 chat hook.
L 10/16/2022 - 08:57:48: -------- Mapchange to de_mirage --------
L 10/16/2022 - 08:57:49: [basecommands.smx] "Console<0><Console><Console>" changed cvar (cvar "mapcyclefile") (value "map_custom.txt")
L 10/16/2022 - 08:57:54: [warmod.smx] Current Map: de_mirage, Warmod Version: 19.11.21.2253
L 10/16/2022 - 08:57:56: [chat-processor.smx] Message formats generated for game 'csgo'.
L 10/16/2022 - 08:57:56: [chat-processor.smx] Successfully hooked a SayText2 chat hook.
L 10/16/2022 - 09:26:06: -------- Mapchange to de_inferno --------
L 10/16/2022 - 09:26:08: [basecommands.smx] "Console<0><Console><Console>" changed cvar (cvar "mapcyclefile") (value "map_custom.txt")
L 10/16/2022 - 09:26:12: [warmod.smx] Current Map: de_inferno, Warmod Version: 19.11.21.2253
L 10/16/2022 - 09:26:14: [chat-processor.smx] Message formats generated for game 'csgo'.
L 10/16/2022 - 09:26:14: [chat-processor.smx] Successfully hooked a SayText2 chat hook.
L 10/16/2022 - 09:43:39: -------- Mapchange to de_inferno --------
L 10/16/2022 - 09:43:40: [basecommands.smx] "Console<0><Console><Console>" changed cvar (cvar "mapcyclefile") (value "map_custom.txt")
L 10/16/2022 - 09:43:45: [warmod.smx] Current Map: de_inferno, Warmod Version: 19.11.21.2253
L 10/16/2022 - 09:43:47: [chat-processor.smx] Message formats generated for game 'csgo'.
L 10/16/2022 - 09:43:47: [chat-processor.smx] Successfully hooked a SayText2 chat hook.
L 10/16/2022 - 10:01:35: -------- Mapchange to de_inferno --------
L 10/16/2022 - 10:01:37: [basecommands.smx] "Console<0><Console><Console>" changed cvar (cvar "mapcyclefile") (value "map_custom.txt")
L 10/16/2022 - 10:01:41: [warmod.smx] Current Map: de_inferno, Warmod Version: 19.11.21.2253
L 10/16/2022 - 10:01:43: [chat-processor.smx] Message formats generated for game 'csgo'.
L 10/16/2022 - 10:01:43: [chat-processor.smx] Successfully hooked a SayText2 chat hook.
L 10/16/2022 - 10:15:01: -------- Mapchange to de_inferno --------
L 10/16/2022 - 10:15:03: [basecommands.smx] "Console<0><Console><Console>" changed cvar (cvar "mapcyclefile") (value "map_custom.txt")
L 10/16/2022 - 10:15:07: [warmod.smx] Current Map: de_inferno, Warmod Version: 19.11.21.2253
L 10/16/2022 - 10:15:10: [chat-processor.smx] Message formats generated for game 'csgo'.
L 10/16/2022 - 10:15:10: [chat-processor.smx] Successfully hooked a SayText2 chat hook.
L 10/16/2022 - 10:24:07: -------- Mapchange to de_inferno --------
L 10/16/2022 - 10:24:08: [basecommands.smx] "Console<0><Console><Console>" changed cvar (cvar "mapcyclefile") (value "map_custom.txt")
L 10/16/2022 - 10:24:12: [warmod.smx] Current Map: de_inferno, Warmod Version: 19.11.21.2253
L 10/16/2022 - 10:24:14: [chat-processor.smx] Message formats generated for game 'csgo'.
L 10/16/2022 - 10:24:14: [chat-processor.smx] Successfully hooked a SayText2 chat hook.
L 10/16/2022 - 10:36:32: -------- Mapchange to de_inferno --------
L 10/16/2022 - 10:36:33: [basecommands.smx] "Console<0><Console><Console>" changed cvar (cvar "mapcyclefile") (value "map_custom.txt")
L 10/16/2022 - 10:36:37: [warmod.smx] Current Map: de_inferno, Warmod Version: 19.11.21.2253
L 10/16/2022 - 10:36:40: [chat-processor.smx] Message formats generated for game 'csgo'.
L 10/16/2022 - 10:36:40: [chat-processor.smx] Successfully hooked a SayText2 chat hook.
L 10/16/2022 - 11:12:38: -------- Mapchange to de_inferno --------
L 10/16/2022 - 11:12:39: [basecommands.smx] "Console<0><Console><Console>" changed cvar (cvar "mapcyclefile") (value "map_custom.txt")
L 10/16/2022 - 11:12:44: [warmod.smx] Current Map: de_inferno, Warmod Version: 19.11.21.2253
L 10/16/2022 - 11:12:46: [chat-processor.smx] Message formats generated for game 'csgo'.
L 10/16/2022 - 11:12:46: [chat-processor.smx] Successfully hooked a SayText2 chat hook.
L 10/16/2022 - 11:29:13: -------- Mapchange to de_inferno --------
L 10/16/2022 - 11:29:14: [basecommands.smx] "Console<0><Console><Console>" changed cvar (cvar "mapcyclefile") (value "map_custom.txt")
L 10/16/2022 - 11:29:19: [warmod.smx] Current Map: de_inferno, Warmod Version: 19.11.21.2253
L 10/16/2022 - 11:29:21: [chat-processor.smx] Message formats generated for game 'csgo'.
L 10/16/2022 - 11:29:21: [chat-processor.smx] Successfully hooked a SayText2 chat hook.
L 10/16/2022 - 11:35:01: -------- Mapchange to de_mirage --------
L 10/16/2022 - 11:35:02: [basecommands.smx] "Console<0><Console><Console>" changed cvar (cvar "mapcyclefile") (value "map_custom.txt")
L 10/16/2022 - 11:35:07: [warmod.smx] Current Map: de_mirage, Warmod Version: 19.11.21.2253
L 10/16/2022 - 11:35:09: [chat-processor.smx] Message formats generated for game 'csgo'.
L 10/16/2022 - 11:35:09: [chat-processor.smx] Successfully hooked a SayText2 chat hook.
L 10/16/2022 - 12:00:45: -------- Mapchange to de_mirage --------
L 10/16/2022 - 12:00:47: [basecommands.smx] "Console<0><Console><Console>" changed cvar (cvar "mapcyclefile") (value "map_custom.txt")
L 10/16/2022 - 12:00:51: [warmod.smx] Current Map: de_mirage, Warmod Version: 19.11.21.2253
L 10/16/2022 - 12:00:53: [chat-processor.smx] Message formats generated for game 'csgo'.
L 10/16/2022 - 12:00:53: [chat-processor.smx] Successfully hooked a SayText2 chat hook.
L 10/16/2022 - 12:49:45: -------- Mapchange to de_mirage --------
L 10/16/2022 - 12:49:46: [basecommands.smx] "Console<0><Console><Console>" changed cvar (cvar "mapcyclefile") (value "map_custom.txt")
L 10/16/2022 - 12:49:51: [warmod.smx] Current Map: de_mirage, Warmod Version: 19.11.21.2253
L 10/16/2022 - 12:49:53: [chat-processor.smx] Message formats generated for game 'csgo'.
L 10/16/2022 - 12:49:53: [chat-processor.smx] Successfully hooked a SayText2 chat hook.
L 10/16/2022 - 15:29:43: -------- Mapchange to de_mirage --------
L 10/16/2022 - 15:29:45: [basecommands.smx] "Console<0><Console><Console>" changed cvar (cvar "mapcyclefile") (value "map_custom.txt")
L 10/16/2022 - 15:29:49: [warmod.smx] Current Map: de_mirage, Warmod Version: 19.11.21.2253
L 10/16/2022 - 15:29:52: [chat-processor.smx] Message formats generated for game 'csgo'.
L 10/16/2022 - 15:29:52: [chat-processor.smx] Successfully hooked a SayText2 chat hook.
L 10/16/2022 - 15:59:31: -------- Mapchange to de_mirage --------
L 10/16/2022 - 15:59:33: [basecommands.smx] "Console<0><Console><Console>" changed cvar (cvar "mapcyclefile") (value "map_custom.txt")
L 10/16/2022 - 15:59:37: [warmod.smx] Current Map: de_mirage, Warmod Version: 19.11.21.2253
L 10/16/2022 - 15:59:39: [chat-processor.smx] Message formats generated for game 'csgo'.
L 10/16/2022 - 15:59:39: [chat-processor.smx] Successfully hooked a SayText2 chat hook.
L 10/17/2022 - 00:55:33: Log file closed.
