L 08/25/2022 - 01:04:00: SourceMod log file session started (file "/home/csgo/csgo/addons/sourcemod/logs/L20220825.log") (Version "1.12.0.6912")
L 08/25/2022 - 01:04:00: [basecommands.smx] "Console<0><Console><Console>" changed cvar (cvar "mapcyclefile") (value "map_custom.txt")
L 08/25/2022 - 01:04:03: [warmod.smx] Current Map: de_vertigo, Warmod Version: 19.11.21.2253
L 08/25/2022 - 01:04:03: [chat-processor.smx] Message formats generated for game 'csgo'.
L 08/25/2022 - 01:04:03: [chat-processor.smx] Successfully hooked a SayText2 chat hook.
L 08/25/2022 - 01:28:37: [basecommands.smx] "Ho<48><STEAM_1:1:507599331><>" changed map to "mirage"
L 08/25/2022 - 01:28:40: [SM] Changed map to "mirage"
L 08/25/2022 - 01:28:41: -------- Mapchange to de_mirage --------
L 08/25/2022 - 01:28:41: [basecommands.smx] "Console<0><Console><Console>" changed cvar (cvar "mapcyclefile") (value "map_custom.txt")
L 08/25/2022 - 01:28:43: [warmod.smx] Current Map: de_mirage, Warmod Version: 19.11.21.2253
L 08/25/2022 - 01:28:43: [chat-processor.smx] Message formats generated for game 'csgo'.
L 08/25/2022 - 01:28:43: [chat-processor.smx] Successfully hooked a SayText2 chat hook.
L 08/25/2022 - 01:33:17: [basecommands.smx] "Ho<48><STEAM_1:1:507599331><>" console command (cmdline "weapon_recoil_scale 1.0")
L 08/25/2022 - 01:33:33: [basecommands.smx] "Ho<48><STEAM_1:1:507599331><>" console command (cmdline "weapon_recoil_scale 2")
L 08/25/2022 - 02:25:51: [basecommands.smx] "zy.<53><STEAM_1:1:419277049><>" executed config (file "sm_competitive.cfg")
L 08/25/2022 - 06:31:07: -------- Mapchange to de_mirage --------
L 08/25/2022 - 06:31:08: [basecommands.smx] "Console<0><Console><Console>" changed cvar (cvar "mapcyclefile") (value "map_custom.txt")
L 08/25/2022 - 06:31:10: [chat-processor.smx] Message formats generated for game 'csgo'.
L 08/25/2022 - 06:31:10: [chat-processor.smx] Successfully hooked a SayText2 chat hook.
L 08/25/2022 - 06:32:49: -------- Mapchange to de_mirage --------
L 08/25/2022 - 06:32:49: [basecommands.smx] "Console<0><Console><Console>" changed cvar (cvar "mapcyclefile") (value "map_custom.txt")
L 08/25/2022 - 06:32:51: [chat-processor.smx] Message formats generated for game 'csgo'.
L 08/25/2022 - 06:32:51: [chat-processor.smx] Successfully hooked a SayText2 chat hook.
L 08/25/2022 - 06:35:20: -------- Mapchange to de_mirage --------
L 08/25/2022 - 06:35:20: [basecommands.smx] "Console<0><Console><Console>" changed cvar (cvar "mapcyclefile") (value "map_custom.txt")
L 08/25/2022 - 06:35:23: [chat-processor.smx] Message formats generated for game 'csgo'.
L 08/25/2022 - 06:35:23: [chat-processor.smx] Successfully hooked a SayText2 chat hook.
L 08/25/2022 - 19:13:01: [basecommands.smx] "zy.<105><STEAM_1:1:419277049><>" executed config (file "sm_competitive2v2.cfg")
L 08/25/2022 - 19:13:01: [warmod.smx] Current Map: de_mirage, Warmod Version: 19.11.21.2253
L 08/25/2022 - 19:15:04: [warmod.smx] "knife_on_3" (player "zy.<105><STEAM_1:1:419277049><>")
L 08/25/2022 - 19:21:38: [basecommands.smx] "pluie<103><STEAM_1:0:554871381><>" kicked "北京人#1337<69><STEAM_1:0:233088091><>" (reason "")
L 08/25/2022 - 19:21:39: [basecommands.smx] "pluie<103><STEAM_1:0:554871381><>" kicked "一生丶孤剑<109><STEAM_1:1:595195052><>" (reason "")
L 08/25/2022 - 19:36:55: [basecommands.smx] "pluie<103><STEAM_1:0:554871381><>" changed map to "mir"
L 08/25/2022 - 19:36:58: [SM] Changed map to "mir"
L 08/25/2022 - 19:36:59: -------- Mapchange to de_mirage --------
L 08/25/2022 - 19:36:59: [basecommands.smx] "Console<0><Console><Console>" changed cvar (cvar "mapcyclefile") (value "map_custom.txt")
L 08/25/2022 - 19:37:01: [warmod.smx] Current Map: de_mirage, Warmod Version: 19.11.21.2253
L 08/25/2022 - 19:37:01: [chat-processor.smx] Message formats generated for game 'csgo'.
L 08/25/2022 - 19:37:01: [chat-processor.smx] Successfully hooked a SayText2 chat hook.
L 08/25/2022 - 19:48:27: [funcommands.smx] "zy.<105><STEAM_1:1:419277049><>" toggled noclip on "zy.<105><STEAM_1:1:419277049><>"
L 08/25/2022 - 19:48:36: [funcommands.smx] "zy.<105><STEAM_1:1:419277049><>" toggled noclip on "zy.<105><STEAM_1:1:419277049><>"
L 08/25/2022 - 19:50:17: [basecommands.smx] "zy.<105><STEAM_1:1:419277049><>" kicked "龙游天下<110><STEAM_1:1:424419049><>" (reason "")
L 08/25/2022 - 20:37:50: -------- Mapchange to de_mirage --------
L 08/25/2022 - 20:37:51: [basecommands.smx] "Console<0><Console><Console>" changed cvar (cvar "mapcyclefile") (value "map_custom.txt")
L 08/25/2022 - 20:37:53: [warmod.smx] Current Map: de_mirage, Warmod Version: 19.11.21.2253
L 08/25/2022 - 20:37:53: [chat-processor.smx] Message formats generated for game 'csgo'.
L 08/25/2022 - 20:37:53: [chat-processor.smx] Successfully hooked a SayText2 chat hook.
L 08/25/2022 - 20:44:49: -------- Mapchange to de_mirage --------
L 08/25/2022 - 20:44:49: [basecommands.smx] "Console<0><Console><Console>" changed cvar (cvar "mapcyclefile") (value "map_custom.txt")
L 08/25/2022 - 20:44:51: [warmod.smx] Current Map: de_mirage, Warmod Version: 19.11.21.2253
L 08/25/2022 - 20:44:51: [chat-processor.smx] Message formats generated for game 'csgo'.
L 08/25/2022 - 20:44:51: [chat-processor.smx] Successfully hooked a SayText2 chat hook.
L 08/25/2022 - 21:02:06: [warmod.smx] "force_start" (player "pluie<115><STEAM_1:0:554871381><>")
L 08/25/2022 - 21:02:08: [warmod.smx] "force_end" (player "pluie<115><STEAM_1:0:554871381><>")
L 08/25/2022 - 21:04:17: [basecommands.smx] "pluie<115><STEAM_1:0:554871381><>" changed map to "de_mirage"
L 08/25/2022 - 21:04:20: [SM] Changed map to "de_mirage"
L 08/25/2022 - 21:04:21: -------- Mapchange to de_mirage --------
L 08/25/2022 - 21:04:21: [basecommands.smx] "Console<0><Console><Console>" changed cvar (cvar "mapcyclefile") (value "map_custom.txt")
L 08/25/2022 - 21:04:24: [warmod.smx] Current Map: de_mirage, Warmod Version: 19.11.21.2253
L 08/25/2022 - 21:04:24: [chat-processor.smx] Message formats generated for game 'csgo'.
L 08/25/2022 - 21:04:24: [chat-processor.smx] Successfully hooked a SayText2 chat hook.
L 08/25/2022 - 21:19:00: -------- Mapchange to de_mirage --------
L 08/25/2022 - 21:19:00: [basecommands.smx] "Console<0><Console><Console>" changed cvar (cvar "mapcyclefile") (value "map_custom.txt")
L 08/25/2022 - 21:19:02: [warmod.smx] Current Map: de_mirage, Warmod Version: 19.11.21.2253
L 08/25/2022 - 21:19:03: [chat-processor.smx] Message formats generated for game 'csgo'.
L 08/25/2022 - 21:19:03: [chat-processor.smx] Successfully hooked a SayText2 chat hook.
L 08/25/2022 - 21:37:33: -------- Mapchange to de_mirage --------
L 08/25/2022 - 21:37:33: [basecommands.smx] "Console<0><Console><Console>" changed cvar (cvar "mapcyclefile") (value "map_custom.txt")
L 08/25/2022 - 21:37:36: [warmod.smx] Current Map: de_mirage, Warmod Version: 19.11.21.2253
L 08/25/2022 - 21:37:36: [chat-processor.smx] Message formats generated for game 'csgo'.
L 08/25/2022 - 21:37:36: [chat-processor.smx] Successfully hooked a SayText2 chat hook.
L 08/25/2022 - 22:26:00: -------- Mapchange to de_mirage --------
L 08/25/2022 - 22:26:00: [basecommands.smx] "Console<0><Console><Console>" changed cvar (cvar "mapcyclefile") (value "map_custom.txt")
L 08/25/2022 - 22:26:02: [warmod.smx] Current Map: de_mirage, Warmod Version: 19.11.21.2253
L 08/25/2022 - 22:26:02: [chat-processor.smx] Message formats generated for game 'csgo'.
L 08/25/2022 - 22:26:02: [chat-processor.smx] Successfully hooked a SayText2 chat hook.
L 08/25/2022 - 22:28:00: -------- Mapchange to de_mirage --------
L 08/25/2022 - 22:28:01: [basecommands.smx] "Console<0><Console><Console>" changed cvar (cvar "mapcyclefile") (value "map_custom.txt")
L 08/25/2022 - 22:28:03: [warmod.smx] Current Map: de_mirage, Warmod Version: 19.11.21.2253
L 08/25/2022 - 22:28:03: [chat-processor.smx] Message formats generated for game 'csgo'.
L 08/25/2022 - 22:28:03: [chat-processor.smx] Successfully hooked a SayText2 chat hook.
L 08/25/2022 - 22:32:35: -------- Mapchange to de_mirage --------
L 08/25/2022 - 22:32:35: [basecommands.smx] "Console<0><Console><Console>" changed cvar (cvar "mapcyclefile") (value "map_custom.txt")
L 08/25/2022 - 22:32:37: [warmod.smx] Current Map: de_mirage, Warmod Version: 19.11.21.2253
L 08/25/2022 - 22:32:37: [chat-processor.smx] Message formats generated for game 'csgo'.
L 08/25/2022 - 22:32:37: [chat-processor.smx] Successfully hooked a SayText2 chat hook.
L 08/25/2022 - 22:41:36: -------- Mapchange to de_mirage --------
L 08/25/2022 - 22:41:37: [basecommands.smx] "Console<0><Console><Console>" changed cvar (cvar "mapcyclefile") (value "map_custom.txt")
L 08/25/2022 - 22:41:39: [warmod.smx] Current Map: de_mirage, Warmod Version: 19.11.21.2253
L 08/25/2022 - 22:41:39: [chat-processor.smx] Message formats generated for game 'csgo'.
L 08/25/2022 - 22:41:39: [chat-processor.smx] Successfully hooked a SayText2 chat hook.
L 08/25/2022 - 22:47:44: -------- Mapchange to de_mirage --------
L 08/25/2022 - 22:47:45: [basecommands.smx] "Console<0><Console><Console>" changed cvar (cvar "mapcyclefile") (value "map_custom.txt")
L 08/25/2022 - 22:47:47: [warmod.smx] Current Map: de_mirage, Warmod Version: 19.11.21.2253
L 08/25/2022 - 22:47:47: [chat-processor.smx] Message formats generated for game 'csgo'.
L 08/25/2022 - 22:47:47: [chat-processor.smx] Successfully hooked a SayText2 chat hook.
L 08/25/2022 - 23:10:11: -------- Mapchange to de_mirage --------
L 08/25/2022 - 23:10:11: [basecommands.smx] "Console<0><Console><Console>" changed cvar (cvar "mapcyclefile") (value "map_custom.txt")
L 08/25/2022 - 23:10:14: [warmod.smx] Current Map: de_mirage, Warmod Version: 19.11.21.2253
L 08/25/2022 - 23:10:14: [chat-processor.smx] Message formats generated for game 'csgo'.
L 08/25/2022 - 23:10:14: [chat-processor.smx] Successfully hooked a SayText2 chat hook.
L 08/26/2022 - 09:27:54: Log file closed.
