L 08/26/2022 - 09:27:54: SourceMod log file session started (file "/home/csgo/csgo/addons/sourcemod/logs/L20220826.log") (Version "1.12.0.6912")
L 08/26/2022 - 09:27:54: [basecommands.smx] "Console<0><Console><Console>" changed cvar (cvar "mapcyclefile") (value "map_custom.txt")
L 08/26/2022 - 09:27:56: [warmod.smx] Current Map: de_mirage, Warmod Version: 19.11.21.2253
L 08/26/2022 - 09:27:57: [chat-processor.smx] Message formats generated for game 'csgo'.
L 08/26/2022 - 09:27:57: [chat-processor.smx] Successfully hooked a SayText2 chat hook.
L 08/26/2022 - 11:11:54: -------- Mapchange to de_mirage --------
L 08/26/2022 - 11:11:54: [basecommands.smx] "Console<0><Console><Console>" changed cvar (cvar "mapcyclefile") (value "map_custom.txt")
L 08/26/2022 - 11:11:57: [warmod.smx] Current Map: de_mirage, Warmod Version: 19.11.21.2253
L 08/26/2022 - 11:11:57: [chat-processor.smx] Message formats generated for game 'csgo'.
L 08/26/2022 - 11:11:57: [chat-processor.smx] Successfully hooked a SayText2 chat hook.
L 08/26/2022 - 12:25:30: -------- Mapchange to de_mirage --------
L 08/26/2022 - 12:25:30: [basecommands.smx] "Console<0><Console><Console>" changed cvar (cvar "mapcyclefile") (value "map_custom.txt")
L 08/26/2022 - 12:25:32: [warmod.smx] Current Map: de_mirage, Warmod Version: 19.11.21.2253
L 08/26/2022 - 12:25:33: [chat-processor.smx] Message formats generated for game 'csgo'.
L 08/26/2022 - 12:25:33: [chat-processor.smx] Successfully hooked a SayText2 chat hook.
L 08/26/2022 - 12:34:31: [basecommands.smx] "Ho<167><STEAM_1:1:507599331><>" kicked "我心永恒?！<170><STEAM_1:0:87061297><>" (reason "")
L 08/26/2022 - 13:29:53: -------- Mapchange to de_mirage --------
L 08/26/2022 - 13:29:54: [basecommands.smx] "Console<0><Console><Console>" changed cvar (cvar "mapcyclefile") (value "map_custom.txt")
L 08/26/2022 - 13:29:56: [warmod.smx] Current Map: de_mirage, Warmod Version: 19.11.21.2253
L 08/26/2022 - 13:29:56: [chat-processor.smx] Message formats generated for game 'csgo'.
L 08/26/2022 - 13:29:56: [chat-processor.smx] Successfully hooked a SayText2 chat hook.
L 08/26/2022 - 13:31:50: -------- Mapchange to de_mirage --------
L 08/26/2022 - 13:31:50: [basecommands.smx] "Console<0><Console><Console>" changed cvar (cvar "mapcyclefile") (value "map_custom.txt")
L 08/26/2022 - 13:31:52: [warmod.smx] Current Map: de_mirage, Warmod Version: 19.11.21.2253
L 08/26/2022 - 13:31:52: [chat-processor.smx] Message formats generated for game 'csgo'.
L 08/26/2022 - 13:31:52: [chat-processor.smx] Successfully hooked a SayText2 chat hook.
L 08/26/2022 - 15:07:07: -------- Mapchange to de_mirage --------
L 08/26/2022 - 15:07:07: [basecommands.smx] "Console<0><Console><Console>" changed cvar (cvar "mapcyclefile") (value "map_custom.txt")
L 08/26/2022 - 15:07:10: [warmod.smx] Current Map: de_mirage, Warmod Version: 19.11.21.2253
L 08/26/2022 - 15:07:10: [chat-processor.smx] Message formats generated for game 'csgo'.
L 08/26/2022 - 15:07:10: [chat-processor.smx] Successfully hooked a SayText2 chat hook.
L 08/26/2022 - 15:10:42: -------- Mapchange to de_mirage --------
L 08/26/2022 - 15:10:42: [basecommands.smx] "Console<0><Console><Console>" changed cvar (cvar "mapcyclefile") (value "map_custom.txt")
L 08/26/2022 - 15:10:44: [warmod.smx] Current Map: de_mirage, Warmod Version: 19.11.21.2253
L 08/26/2022 - 15:10:44: [chat-processor.smx] Message formats generated for game 'csgo'.
L 08/26/2022 - 15:10:44: [chat-processor.smx] Successfully hooked a SayText2 chat hook.
L 08/26/2022 - 15:32:42: -------- Mapchange to de_mirage --------
L 08/26/2022 - 15:32:43: [basecommands.smx] "Console<0><Console><Console>" changed cvar (cvar "mapcyclefile") (value "map_custom.txt")
L 08/26/2022 - 15:32:45: [warmod.smx] Current Map: de_mirage, Warmod Version: 19.11.21.2253
L 08/26/2022 - 15:32:45: [chat-processor.smx] Message formats generated for game 'csgo'.
L 08/26/2022 - 15:32:45: [chat-processor.smx] Successfully hooked a SayText2 chat hook.
L 08/26/2022 - 17:15:54: -------- Mapchange to de_mirage --------
L 08/26/2022 - 17:15:54: [basecommands.smx] "Console<0><Console><Console>" changed cvar (cvar "mapcyclefile") (value "map_custom.txt")
L 08/26/2022 - 17:15:57: [warmod.smx] Current Map: de_mirage, Warmod Version: 19.11.21.2253
L 08/26/2022 - 17:15:57: [chat-processor.smx] Message formats generated for game 'csgo'.
L 08/26/2022 - 17:15:57: [chat-processor.smx] Successfully hooked a SayText2 chat hook.
L 08/26/2022 - 17:19:38: -------- Mapchange to de_mirage --------
L 08/26/2022 - 17:19:38: [basecommands.smx] "Console<0><Console><Console>" changed cvar (cvar "mapcyclefile") (value "map_custom.txt")
L 08/26/2022 - 17:19:40: [warmod.smx] Current Map: de_mirage, Warmod Version: 19.11.21.2253
L 08/26/2022 - 17:19:40: [chat-processor.smx] Message formats generated for game 'csgo'.
L 08/26/2022 - 17:19:40: [chat-processor.smx] Successfully hooked a SayText2 chat hook.
L 08/26/2022 - 18:56:46: -------- Mapchange to de_mirage --------
L 08/26/2022 - 18:56:46: [basecommands.smx] "Console<0><Console><Console>" changed cvar (cvar "mapcyclefile") (value "map_custom.txt")
L 08/26/2022 - 18:56:48: [warmod.smx] Current Map: de_mirage, Warmod Version: 19.11.21.2253
L 08/26/2022 - 18:56:49: [chat-processor.smx] Message formats generated for game 'csgo'.
L 08/26/2022 - 18:56:49: [chat-processor.smx] Successfully hooked a SayText2 chat hook.
L 08/26/2022 - 19:15:42: -------- Mapchange to de_mirage --------
L 08/26/2022 - 19:15:42: [basecommands.smx] "Console<0><Console><Console>" changed cvar (cvar "mapcyclefile") (value "map_custom.txt")
L 08/26/2022 - 19:15:45: [warmod.smx] Current Map: de_mirage, Warmod Version: 19.11.21.2253
L 08/26/2022 - 19:15:45: [chat-processor.smx] Message formats generated for game 'csgo'.
L 08/26/2022 - 19:15:45: [chat-processor.smx] Successfully hooked a SayText2 chat hook.
L 08/26/2022 - 19:17:05: -------- Mapchange to de_mirage --------
L 08/26/2022 - 19:17:06: [basecommands.smx] "Console<0><Console><Console>" changed cvar (cvar "mapcyclefile") (value "map_custom.txt")
L 08/26/2022 - 19:17:08: [warmod.smx] Current Map: de_mirage, Warmod Version: 19.11.21.2253
L 08/26/2022 - 19:17:08: [chat-processor.smx] Message formats generated for game 'csgo'.
L 08/26/2022 - 19:17:08: [chat-processor.smx] Successfully hooked a SayText2 chat hook.
L 08/26/2022 - 19:19:36: -------- Mapchange to de_mirage --------
L 08/26/2022 - 19:19:36: [basecommands.smx] "Console<0><Console><Console>" changed cvar (cvar "mapcyclefile") (value "map_custom.txt")
L 08/26/2022 - 19:19:38: [warmod.smx] Current Map: de_mirage, Warmod Version: 19.11.21.2253
L 08/26/2022 - 19:19:39: [chat-processor.smx] Message formats generated for game 'csgo'.
L 08/26/2022 - 19:19:39: [chat-processor.smx] Successfully hooked a SayText2 chat hook.
L 08/26/2022 - 20:30:19: -------- Mapchange to de_mirage --------
L 08/26/2022 - 20:30:19: [basecommands.smx] "Console<0><Console><Console>" changed cvar (cvar "mapcyclefile") (value "map_custom.txt")
L 08/26/2022 - 20:30:21: [warmod.smx] Current Map: de_mirage, Warmod Version: 19.11.21.2253
L 08/26/2022 - 20:30:21: [chat-processor.smx] Message formats generated for game 'csgo'.
L 08/26/2022 - 20:30:21: [chat-processor.smx] Successfully hooked a SayText2 chat hook.
L 08/26/2022 - 20:49:49: -------- Mapchange to de_mirage --------
L 08/26/2022 - 20:49:49: [basecommands.smx] "Console<0><Console><Console>" changed cvar (cvar "mapcyclefile") (value "map_custom.txt")
L 08/26/2022 - 20:49:52: [warmod.smx] Current Map: de_mirage, Warmod Version: 19.11.21.2253
L 08/26/2022 - 20:49:52: [chat-processor.smx] Message formats generated for game 'csgo'.
L 08/26/2022 - 20:49:52: [chat-processor.smx] Successfully hooked a SayText2 chat hook.
L 08/26/2022 - 21:32:59: -------- Mapchange to de_mirage --------
L 08/26/2022 - 21:32:59: [basecommands.smx] "Console<0><Console><Console>" changed cvar (cvar "mapcyclefile") (value "map_custom.txt")
L 08/26/2022 - 21:33:01: [warmod.smx] Current Map: de_mirage, Warmod Version: 19.11.21.2253
L 08/26/2022 - 21:33:02: [chat-processor.smx] Message formats generated for game 'csgo'.
L 08/26/2022 - 21:33:02: [chat-processor.smx] Successfully hooked a SayText2 chat hook.
L 08/26/2022 - 22:22:10: -------- Mapchange to de_mirage --------
L 08/26/2022 - 22:22:11: [basecommands.smx] "Console<0><Console><Console>" changed cvar (cvar "mapcyclefile") (value "map_custom.txt")
L 08/26/2022 - 22:22:13: [warmod.smx] Current Map: de_mirage, Warmod Version: 19.11.21.2253
L 08/26/2022 - 22:22:13: [chat-processor.smx] Message formats generated for game 'csgo'.
L 08/26/2022 - 22:22:13: [chat-processor.smx] Successfully hooked a SayText2 chat hook.
L 08/26/2022 - 22:46:55: -------- Mapchange to de_mirage --------
L 08/26/2022 - 22:46:56: [basecommands.smx] "Console<0><Console><Console>" changed cvar (cvar "mapcyclefile") (value "map_custom.txt")
L 08/26/2022 - 22:46:58: [warmod.smx] Current Map: de_mirage, Warmod Version: 19.11.21.2253
L 08/26/2022 - 22:46:58: [chat-processor.smx] Message formats generated for game 'csgo'.
L 08/26/2022 - 22:46:58: [chat-processor.smx] Successfully hooked a SayText2 chat hook.
L 08/26/2022 - 23:16:34: -------- Mapchange to de_mirage --------
L 08/26/2022 - 23:16:34: [basecommands.smx] "Console<0><Console><Console>" changed cvar (cvar "mapcyclefile") (value "map_custom.txt")
L 08/26/2022 - 23:16:36: [warmod.smx] Current Map: de_mirage, Warmod Version: 19.11.21.2253
L 08/26/2022 - 23:16:36: [chat-processor.smx] Message formats generated for game 'csgo'.
L 08/26/2022 - 23:16:36: [chat-processor.smx] Successfully hooked a SayText2 chat hook.
L 08/27/2022 - 00:19:31: Log file closed.
