L 08/17/2022 - 00:06:39: SourceMod log file session started (file "/home/csgo/csgo/addons/sourcemod/logs/L20220817.log") (Version "1.12.0.6912")
L 08/17/2022 - 00:06:39: [basecommands.smx] "www<554><STEAM_1:0:110600653><>" changed map to "mir"
L 08/17/2022 - 00:06:42: [SM] Changed map to "mir"
L 08/17/2022 - 00:06:44: -------- Mapchange to de_mirage --------
L 08/17/2022 - 00:58:56: -------- Mapchange to de_mirage --------
L 08/17/2022 - 01:03:22: -------- Mapchange to de_mirage --------
L 08/17/2022 - 01:06:22: -------- Mapchange to de_mirage --------
L 08/17/2022 - 01:10:26: [basecommands.smx] "www<558><STEAM_1:0:110600653><>" changed map to "mir"
L 08/17/2022 - 01:10:29: [SM] Changed map to "mir"
L 08/17/2022 - 01:10:30: -------- Mapchange to de_mirage --------
L 08/17/2022 - 05:58:50: Log file closed.
L 08/17/2022 - 06:00:57: SourceMod log file session started (file "/home/csgo/csgo/addons/sourcemod/logs/L20220817.log") (Version "1.12.0.6912")
L 08/17/2022 - 06:00:57: [GEOIP] GeoIP2 database loaded: GeoLite2-City (2019-12-17 20:01:26 UTC) (/home/csgo/csgo/addons/sourcemod/configs/geoip/GeoLite2-City.mmdb)
L 08/17/2022 - 06:00:57: [GEOIP] GeoIP2 supported languages: de en es fr ja pt-BR ru zh-CN
L 08/17/2022 - 06:00:57: [GEOIP] Your database is older than 90 days. You should consider downloading a newer version from e.g. https://dev.maxmind.com/geoip/geolite2-free-geolocation-data
L 08/17/2022 - 06:00:57: [auto_steam_update.smx] HUD text is supported on this mod. The persistant timer will display.
L 08/17/2022 - 07:34:49: -------- Mapchange to de_mirage --------
L 08/17/2022 - 10:18:38: -------- Mapchange to de_mirage --------
L 08/17/2022 - 10:47:23: [basecommands.smx] "uR<3><STEAM_1:1:100521373><>" changed map to "mir"
L 08/17/2022 - 10:47:26: [SM] Changed map to "mir"
L 08/17/2022 - 10:47:26: -------- Mapchange to de_mirage --------
L 08/17/2022 - 10:59:22: [playercommands.smx] "uR<3><STEAM_1:1:100521373><>" slapped "sigma<4><STEAM_1:1:534821522><>" (damage "99")
L 08/17/2022 - 10:59:26: [playercommands.smx] "uR<3><STEAM_1:1:100521373><>" slapped "uR<3><STEAM_1:1:100521373><>" (damage "99")
L 08/17/2022 - 11:02:49: [playercommands.smx] "uR<3><STEAM_1:1:100521373><>" slayed "sigma<4><STEAM_1:1:534821522><>"
L 08/17/2022 - 11:06:05: [playercommands.smx] "uR<3><STEAM_1:1:100521373><>" slapped "uR<3><STEAM_1:1:100521373><>" (damage "0")
L 08/17/2022 - 11:06:06: [playercommands.smx] "uR<3><STEAM_1:1:100521373><>" slapped "sigma<4><STEAM_1:1:534821522><>" (damage "0")
L 08/17/2022 - 11:06:06: [playercommands.smx] "uR<3><STEAM_1:1:100521373><>" slapped "sigma<4><STEAM_1:1:534821522><>" (damage "0")
L 08/17/2022 - 11:06:06: [playercommands.smx] "uR<3><STEAM_1:1:100521373><>" slapped "sigma<4><STEAM_1:1:534821522><>" (damage "0")
L 08/17/2022 - 11:06:06: [playercommands.smx] "uR<3><STEAM_1:1:100521373><>" slapped "sigma<4><STEAM_1:1:534821522><>" (damage "0")
L 08/17/2022 - 11:06:07: [playercommands.smx] "uR<3><STEAM_1:1:100521373><>" slapped "uR<3><STEAM_1:1:100521373><>" (damage "0")
L 08/17/2022 - 11:06:07: [playercommands.smx] "uR<3><STEAM_1:1:100521373><>" slapped "uR<3><STEAM_1:1:100521373><>" (damage "0")
L 08/17/2022 - 11:06:07: [playercommands.smx] "uR<3><STEAM_1:1:100521373><>" slapped "uR<3><STEAM_1:1:100521373><>" (damage "0")
L 08/17/2022 - 11:06:07: [playercommands.smx] "uR<3><STEAM_1:1:100521373><>" slapped "uR<3><STEAM_1:1:100521373><>" (damage "0")
L 08/17/2022 - 11:06:07: [playercommands.smx] "uR<3><STEAM_1:1:100521373><>" slapped "uR<3><STEAM_1:1:100521373><>" (damage "0")
L 08/17/2022 - 11:06:07: [playercommands.smx] "uR<3><STEAM_1:1:100521373><>" slapped "uR<3><STEAM_1:1:100521373><>" (damage "0")
L 08/17/2022 - 11:06:07: [playercommands.smx] "uR<3><STEAM_1:1:100521373><>" slapped "uR<3><STEAM_1:1:100521373><>" (damage "0")
L 08/17/2022 - 11:06:08: [playercommands.smx] "uR<3><STEAM_1:1:100521373><>" slapped "uR<3><STEAM_1:1:100521373><>" (damage "0")
L 08/17/2022 - 11:06:08: [playercommands.smx] "uR<3><STEAM_1:1:100521373><>" slapped "uR<3><STEAM_1:1:100521373><>" (damage "0")
L 08/17/2022 - 11:06:08: [playercommands.smx] "uR<3><STEAM_1:1:100521373><>" slapped "uR<3><STEAM_1:1:100521373><>" (damage "0")
L 08/17/2022 - 11:06:08: [playercommands.smx] "uR<3><STEAM_1:1:100521373><>" slapped "uR<3><STEAM_1:1:100521373><>" (damage "0")
L 08/17/2022 - 11:06:09: [playercommands.smx] "uR<3><STEAM_1:1:100521373><>" slapped "uR<3><STEAM_1:1:100521373><>" (damage "0")
L 08/17/2022 - 11:06:09: [playercommands.smx] "uR<3><STEAM_1:1:100521373><>" slapped "uR<3><STEAM_1:1:100521373><>" (damage "0")
L 08/17/2022 - 11:06:09: [playercommands.smx] "uR<3><STEAM_1:1:100521373><>" slapped "uR<3><STEAM_1:1:100521373><>" (damage "0")
L 08/17/2022 - 11:06:09: [playercommands.smx] "uR<3><STEAM_1:1:100521373><>" slapped "uR<3><STEAM_1:1:100521373><>" (damage "0")
L 08/17/2022 - 11:06:09: [playercommands.smx] "uR<3><STEAM_1:1:100521373><>" slapped "uR<3><STEAM_1:1:100521373><>" (damage "0")
L 08/17/2022 - 11:06:10: [playercommands.smx] "uR<3><STEAM_1:1:100521373><>" slapped "uR<3><STEAM_1:1:100521373><>" (damage "0")
L 08/17/2022 - 11:06:10: [playercommands.smx] "uR<3><STEAM_1:1:100521373><>" slapped "uR<3><STEAM_1:1:100521373><>" (damage "0")
L 08/17/2022 - 11:06:59: [playercommands.smx] "uR<3><STEAM_1:1:100521373><>" slapped "sigma<4><STEAM_1:1:534821522><>" (damage "0")
L 08/17/2022 - 11:07:00: [playercommands.smx] "uR<3><STEAM_1:1:100521373><>" slapped "sigma<4><STEAM_1:1:534821522><>" (damage "0")
L 08/17/2022 - 11:07:00: [playercommands.smx] "uR<3><STEAM_1:1:100521373><>" slapped "sigma<4><STEAM_1:1:534821522><>" (damage "0")
L 08/17/2022 - 11:07:00: [playercommands.smx] "uR<3><STEAM_1:1:100521373><>" slapped "sigma<4><STEAM_1:1:534821522><>" (damage "0")
L 08/17/2022 - 11:07:00: [playercommands.smx] "uR<3><STEAM_1:1:100521373><>" slapped "sigma<4><STEAM_1:1:534821522><>" (damage "0")
L 08/17/2022 - 11:14:23: [playercommands.smx] "uR<3><STEAM_1:1:100521373><>" slapped "sigma<4><STEAM_1:1:534821522><>" (damage "0")
L 08/17/2022 - 11:14:23: [playercommands.smx] "uR<3><STEAM_1:1:100521373><>" slapped "sigma<4><STEAM_1:1:534821522><>" (damage "0")
L 08/17/2022 - 11:14:23: [playercommands.smx] "uR<3><STEAM_1:1:100521373><>" slapped "sigma<4><STEAM_1:1:534821522><>" (damage "0")
L 08/17/2022 - 11:14:24: [playercommands.smx] "uR<3><STEAM_1:1:100521373><>" slapped "sigma<4><STEAM_1:1:534821522><>" (damage "0")
L 08/17/2022 - 11:14:24: [playercommands.smx] "uR<3><STEAM_1:1:100521373><>" slapped "sigma<4><STEAM_1:1:534821522><>" (damage "0")
L 08/17/2022 - 11:14:24: [playercommands.smx] "uR<3><STEAM_1:1:100521373><>" slapped "sigma<4><STEAM_1:1:534821522><>" (damage "0")
L 08/17/2022 - 11:14:25: [playercommands.smx] "uR<3><STEAM_1:1:100521373><>" slapped "sigma<4><STEAM_1:1:534821522><>" (damage "0")
L 08/17/2022 - 11:14:25: [playercommands.smx] "uR<3><STEAM_1:1:100521373><>" slapped "sigma<4><STEAM_1:1:534821522><>" (damage "0")
L 08/17/2022 - 11:14:25: [playercommands.smx] "uR<3><STEAM_1:1:100521373><>" slapped "sigma<4><STEAM_1:1:534821522><>" (damage "0")
L 08/17/2022 - 11:14:26: [playercommands.smx] "uR<3><STEAM_1:1:100521373><>" slapped "sigma<4><STEAM_1:1:534821522><>" (damage "0")
L 08/17/2022 - 11:14:26: [playercommands.smx] "uR<3><STEAM_1:1:100521373><>" slapped "sigma<4><STEAM_1:1:534821522><>" (damage "0")
L 08/17/2022 - 11:14:26: [playercommands.smx] "uR<3><STEAM_1:1:100521373><>" slapped "sigma<4><STEAM_1:1:534821522><>" (damage "0")
L 08/17/2022 - 11:14:26: [playercommands.smx] "uR<3><STEAM_1:1:100521373><>" slapped "sigma<4><STEAM_1:1:534821522><>" (damage "0")
L 08/17/2022 - 11:14:26: [playercommands.smx] "uR<3><STEAM_1:1:100521373><>" slapped "sigma<4><STEAM_1:1:534821522><>" (damage "0")
L 08/17/2022 - 11:14:27: [playercommands.smx] "uR<3><STEAM_1:1:100521373><>" slapped "sigma<4><STEAM_1:1:534821522><>" (damage "0")
L 08/17/2022 - 11:14:27: [playercommands.smx] "uR<3><STEAM_1:1:100521373><>" slapped "sigma<4><STEAM_1:1:534821522><>" (damage "0")
L 08/17/2022 - 11:14:27: [playercommands.smx] "uR<3><STEAM_1:1:100521373><>" slapped "sigma<4><STEAM_1:1:534821522><>" (damage "0")
L 08/17/2022 - 11:14:27: [playercommands.smx] "uR<3><STEAM_1:1:100521373><>" slapped "sigma<4><STEAM_1:1:534821522><>" (damage "0")
L 08/17/2022 - 11:14:27: [playercommands.smx] "uR<3><STEAM_1:1:100521373><>" slapped "sigma<4><STEAM_1:1:534821522><>" (damage "0")
L 08/17/2022 - 11:14:28: [playercommands.smx] "uR<3><STEAM_1:1:100521373><>" slapped "sigma<4><STEAM_1:1:534821522><>" (damage "0")
L 08/17/2022 - 11:14:28: [playercommands.smx] "uR<3><STEAM_1:1:100521373><>" slapped "sigma<4><STEAM_1:1:534821522><>" (damage "0")
L 08/17/2022 - 11:14:28: [playercommands.smx] "uR<3><STEAM_1:1:100521373><>" slapped "sigma<4><STEAM_1:1:534821522><>" (damage "0")
L 08/17/2022 - 11:14:28: [playercommands.smx] "uR<3><STEAM_1:1:100521373><>" slapped "sigma<4><STEAM_1:1:534821522><>" (damage "0")
L 08/17/2022 - 11:14:28: [playercommands.smx] "uR<3><STEAM_1:1:100521373><>" slapped "sigma<4><STEAM_1:1:534821522><>" (damage "0")
L 08/17/2022 - 11:14:28: [playercommands.smx] "uR<3><STEAM_1:1:100521373><>" slapped "sigma<4><STEAM_1:1:534821522><>" (damage "0")
L 08/17/2022 - 11:14:29: [playercommands.smx] "uR<3><STEAM_1:1:100521373><>" slapped "sigma<4><STEAM_1:1:534821522><>" (damage "0")
L 08/17/2022 - 11:14:29: [playercommands.smx] "uR<3><STEAM_1:1:100521373><>" slapped "sigma<4><STEAM_1:1:534821522><>" (damage "0")
L 08/17/2022 - 11:14:29: [playercommands.smx] "uR<3><STEAM_1:1:100521373><>" slapped "sigma<4><STEAM_1:1:534821522><>" (damage "0")
L 08/17/2022 - 11:14:29: [playercommands.smx] "uR<3><STEAM_1:1:100521373><>" slapped "sigma<4><STEAM_1:1:534821522><>" (damage "0")
L 08/17/2022 - 11:14:30: [playercommands.smx] "uR<3><STEAM_1:1:100521373><>" slapped "sigma<4><STEAM_1:1:534821522><>" (damage "0")
L 08/17/2022 - 11:14:30: [playercommands.smx] "uR<3><STEAM_1:1:100521373><>" slapped "sigma<4><STEAM_1:1:534821522><>" (damage "0")
L 08/17/2022 - 11:14:30: [playercommands.smx] "uR<3><STEAM_1:1:100521373><>" slapped "sigma<4><STEAM_1:1:534821522><>" (damage "0")
L 08/17/2022 - 11:14:30: [playercommands.smx] "uR<3><STEAM_1:1:100521373><>" slapped "sigma<4><STEAM_1:1:534821522><>" (damage "0")
L 08/17/2022 - 11:14:30: [playercommands.smx] "uR<3><STEAM_1:1:100521373><>" slapped "sigma<4><STEAM_1:1:534821522><>" (damage "0")
L 08/17/2022 - 11:14:30: [playercommands.smx] "uR<3><STEAM_1:1:100521373><>" slapped "sigma<4><STEAM_1:1:534821522><>" (damage "0")
L 08/17/2022 - 11:14:31: [playercommands.smx] "uR<3><STEAM_1:1:100521373><>" slapped "sigma<4><STEAM_1:1:534821522><>" (damage "0")
L 08/17/2022 - 11:14:31: [playercommands.smx] "uR<3><STEAM_1:1:100521373><>" slapped "sigma<4><STEAM_1:1:534821522><>" (damage "0")
L 08/17/2022 - 11:14:31: [playercommands.smx] "uR<3><STEAM_1:1:100521373><>" slapped "sigma<4><STEAM_1:1:534821522><>" (damage "0")
L 08/17/2022 - 11:14:31: [playercommands.smx] "uR<3><STEAM_1:1:100521373><>" slapped "sigma<4><STEAM_1:1:534821522><>" (damage "0")
L 08/17/2022 - 11:14:31: [playercommands.smx] "uR<3><STEAM_1:1:100521373><>" slapped "sigma<4><STEAM_1:1:534821522><>" (damage "0")
L 08/17/2022 - 11:14:32: [playercommands.smx] "uR<3><STEAM_1:1:100521373><>" slapped "sigma<4><STEAM_1:1:534821522><>" (damage "0")
L 08/17/2022 - 11:14:32: [playercommands.smx] "uR<3><STEAM_1:1:100521373><>" slapped "sigma<4><STEAM_1:1:534821522><>" (damage "0")
L 08/17/2022 - 11:14:32: [playercommands.smx] "uR<3><STEAM_1:1:100521373><>" slapped "sigma<4><STEAM_1:1:534821522><>" (damage "0")
L 08/17/2022 - 11:14:32: [playercommands.smx] "uR<3><STEAM_1:1:100521373><>" slapped "sigma<4><STEAM_1:1:534821522><>" (damage "0")
L 08/17/2022 - 11:14:32: [playercommands.smx] "uR<3><STEAM_1:1:100521373><>" slapped "sigma<4><STEAM_1:1:534821522><>" (damage "0")
L 08/17/2022 - 11:14:33: [playercommands.smx] "uR<3><STEAM_1:1:100521373><>" slapped "sigma<4><STEAM_1:1:534821522><>" (damage "0")
L 08/17/2022 - 11:14:33: [playercommands.smx] "uR<3><STEAM_1:1:100521373><>" slapped "sigma<4><STEAM_1:1:534821522><>" (damage "0")
L 08/17/2022 - 11:14:33: [playercommands.smx] "uR<3><STEAM_1:1:100521373><>" slapped "sigma<4><STEAM_1:1:534821522><>" (damage "0")
L 08/17/2022 - 11:14:33: [playercommands.smx] "uR<3><STEAM_1:1:100521373><>" slapped "sigma<4><STEAM_1:1:534821522><>" (damage "0")
L 08/17/2022 - 11:14:33: [playercommands.smx] "uR<3><STEAM_1:1:100521373><>" slapped "sigma<4><STEAM_1:1:534821522><>" (damage "0")
L 08/17/2022 - 11:14:34: [playercommands.smx] "uR<3><STEAM_1:1:100521373><>" slapped "sigma<4><STEAM_1:1:534821522><>" (damage "0")
L 08/17/2022 - 11:14:34: [playercommands.smx] "uR<3><STEAM_1:1:100521373><>" slapped "sigma<4><STEAM_1:1:534821522><>" (damage "0")
L 08/17/2022 - 11:14:34: [playercommands.smx] "uR<3><STEAM_1:1:100521373><>" slapped "sigma<4><STEAM_1:1:534821522><>" (damage "0")
L 08/17/2022 - 11:14:34: [playercommands.smx] "uR<3><STEAM_1:1:100521373><>" slapped "sigma<4><STEAM_1:1:534821522><>" (damage "0")
L 08/17/2022 - 11:14:34: [playercommands.smx] "uR<3><STEAM_1:1:100521373><>" slapped "sigma<4><STEAM_1:1:534821522><>" (damage "0")
L 08/17/2022 - 11:14:35: [playercommands.smx] "uR<3><STEAM_1:1:100521373><>" slapped "sigma<4><STEAM_1:1:534821522><>" (damage "0")
L 08/17/2022 - 11:14:35: [playercommands.smx] "uR<3><STEAM_1:1:100521373><>" slapped "sigma<4><STEAM_1:1:534821522><>" (damage "0")
L 08/17/2022 - 11:14:35: [playercommands.smx] "uR<3><STEAM_1:1:100521373><>" slapped "sigma<4><STEAM_1:1:534821522><>" (damage "0")
L 08/17/2022 - 11:14:35: [playercommands.smx] "uR<3><STEAM_1:1:100521373><>" slapped "sigma<4><STEAM_1:1:534821522><>" (damage "0")
L 08/17/2022 - 11:14:35: [playercommands.smx] "uR<3><STEAM_1:1:100521373><>" slapped "sigma<4><STEAM_1:1:534821522><>" (damage "0")
L 08/17/2022 - 11:14:36: [playercommands.smx] "uR<3><STEAM_1:1:100521373><>" slapped "sigma<4><STEAM_1:1:534821522><>" (damage "0")
L 08/17/2022 - 11:14:36: [playercommands.smx] "uR<3><STEAM_1:1:100521373><>" slapped "sigma<4><STEAM_1:1:534821522><>" (damage "0")
L 08/17/2022 - 11:14:36: [playercommands.smx] "uR<3><STEAM_1:1:100521373><>" slapped "sigma<4><STEAM_1:1:534821522><>" (damage "0")
L 08/17/2022 - 11:14:36: [playercommands.smx] "uR<3><STEAM_1:1:100521373><>" slapped "sigma<4><STEAM_1:1:534821522><>" (damage "0")
L 08/17/2022 - 11:14:36: [playercommands.smx] "uR<3><STEAM_1:1:100521373><>" slapped "sigma<4><STEAM_1:1:534821522><>" (damage "0")
L 08/17/2022 - 11:14:36: [playercommands.smx] "uR<3><STEAM_1:1:100521373><>" slapped "sigma<4><STEAM_1:1:534821522><>" (damage "0")
L 08/17/2022 - 11:14:37: [playercommands.smx] "uR<3><STEAM_1:1:100521373><>" slapped "sigma<4><STEAM_1:1:534821522><>" (damage "0")
L 08/17/2022 - 11:14:37: [playercommands.smx] "uR<3><STEAM_1:1:100521373><>" slapped "sigma<4><STEAM_1:1:534821522><>" (damage "0")
L 08/17/2022 - 11:14:37: [playercommands.smx] "uR<3><STEAM_1:1:100521373><>" slapped "sigma<4><STEAM_1:1:534821522><>" (damage "0")
L 08/17/2022 - 11:14:37: [playercommands.smx] "uR<3><STEAM_1:1:100521373><>" slapped "sigma<4><STEAM_1:1:534821522><>" (damage "0")
L 08/17/2022 - 11:14:38: [playercommands.smx] "uR<3><STEAM_1:1:100521373><>" slapped "sigma<4><STEAM_1:1:534821522><>" (damage "0")
L 08/17/2022 - 11:14:38: [playercommands.smx] "uR<3><STEAM_1:1:100521373><>" slapped "sigma<4><STEAM_1:1:534821522><>" (damage "0")
L 08/17/2022 - 11:14:38: [playercommands.smx] "uR<3><STEAM_1:1:100521373><>" slapped "sigma<4><STEAM_1:1:534821522><>" (damage "0")
L 08/17/2022 - 11:14:38: [playercommands.smx] "uR<3><STEAM_1:1:100521373><>" slapped "sigma<4><STEAM_1:1:534821522><>" (damage "0")
L 08/17/2022 - 11:14:38: [playercommands.smx] "uR<3><STEAM_1:1:100521373><>" slapped "sigma<4><STEAM_1:1:534821522><>" (damage "0")
L 08/17/2022 - 11:14:39: [playercommands.smx] "uR<3><STEAM_1:1:100521373><>" slapped "sigma<4><STEAM_1:1:534821522><>" (damage "0")
L 08/17/2022 - 11:14:39: [playercommands.smx] "uR<3><STEAM_1:1:100521373><>" slapped "sigma<4><STEAM_1:1:534821522><>" (damage "0")
L 08/17/2022 - 11:14:39: [playercommands.smx] "uR<3><STEAM_1:1:100521373><>" slapped "sigma<4><STEAM_1:1:534821522><>" (damage "0")
L 08/17/2022 - 11:14:39: [playercommands.smx] "uR<3><STEAM_1:1:100521373><>" slapped "sigma<4><STEAM_1:1:534821522><>" (damage "0")
L 08/17/2022 - 11:14:39: [playercommands.smx] "uR<3><STEAM_1:1:100521373><>" slapped "sigma<4><STEAM_1:1:534821522><>" (damage "0")
L 08/17/2022 - 11:14:41: [playercommands.smx] "uR<3><STEAM_1:1:100521373><>" slapped "sigma<4><STEAM_1:1:534821522><>" (damage "0")
L 08/17/2022 - 11:14:41: [playercommands.smx] "uR<3><STEAM_1:1:100521373><>" slapped "sigma<4><STEAM_1:1:534821522><>" (damage "0")
L 08/17/2022 - 11:14:41: [playercommands.smx] "uR<3><STEAM_1:1:100521373><>" slapped "sigma<4><STEAM_1:1:534821522><>" (damage "0")
L 08/17/2022 - 11:14:41: [playercommands.smx] "uR<3><STEAM_1:1:100521373><>" slapped "sigma<4><STEAM_1:1:534821522><>" (damage "0")
L 08/17/2022 - 11:14:41: [playercommands.smx] "uR<3><STEAM_1:1:100521373><>" slapped "sigma<4><STEAM_1:1:534821522><>" (damage "0")
L 08/17/2022 - 11:14:41: [playercommands.smx] "uR<3><STEAM_1:1:100521373><>" slapped "sigma<4><STEAM_1:1:534821522><>" (damage "0")
L 08/17/2022 - 11:14:42: [playercommands.smx] "uR<3><STEAM_1:1:100521373><>" slapped "sigma<4><STEAM_1:1:534821522><>" (damage "0")
L 08/17/2022 - 11:14:42: [playercommands.smx] "uR<3><STEAM_1:1:100521373><>" slapped "sigma<4><STEAM_1:1:534821522><>" (damage "0")
L 08/17/2022 - 11:14:42: [playercommands.smx] "uR<3><STEAM_1:1:100521373><>" slapped "sigma<4><STEAM_1:1:534821522><>" (damage "0")
L 08/17/2022 - 11:14:53: [playercommands.smx] "uR<3><STEAM_1:1:100521373><>" slayed "uR<3><STEAM_1:1:100521373><>"
L 08/17/2022 - 11:15:04: [playercommands.smx] "uR<3><STEAM_1:1:100521373><>" slapped "sigma<4><STEAM_1:1:534821522><>" (damage "0")
L 08/17/2022 - 11:15:04: [playercommands.smx] "uR<3><STEAM_1:1:100521373><>" slapped "sigma<4><STEAM_1:1:534821522><>" (damage "0")
L 08/17/2022 - 11:15:04: [playercommands.smx] "uR<3><STEAM_1:1:100521373><>" slapped "sigma<4><STEAM_1:1:534821522><>" (damage "0")
L 08/17/2022 - 11:15:05: [playercommands.smx] "uR<3><STEAM_1:1:100521373><>" slapped "sigma<4><STEAM_1:1:534821522><>" (damage "0")
L 08/17/2022 - 11:15:05: [playercommands.smx] "uR<3><STEAM_1:1:100521373><>" slapped "sigma<4><STEAM_1:1:534821522><>" (damage "0")
L 08/17/2022 - 11:15:05: [playercommands.smx] "uR<3><STEAM_1:1:100521373><>" slapped "sigma<4><STEAM_1:1:534821522><>" (damage "0")
L 08/17/2022 - 11:15:05: [playercommands.smx] "uR<3><STEAM_1:1:100521373><>" slapped "sigma<4><STEAM_1:1:534821522><>" (damage "0")
L 08/17/2022 - 11:15:05: [playercommands.smx] "uR<3><STEAM_1:1:100521373><>" slapped "sigma<4><STEAM_1:1:534821522><>" (damage "0")
L 08/17/2022 - 11:15:05: [playercommands.smx] "uR<3><STEAM_1:1:100521373><>" slapped "sigma<4><STEAM_1:1:534821522><>" (damage "0")
L 08/17/2022 - 11:15:05: [playercommands.smx] "uR<3><STEAM_1:1:100521373><>" slapped "sigma<4><STEAM_1:1:534821522><>" (damage "0")
L 08/17/2022 - 11:15:06: [playercommands.smx] "uR<3><STEAM_1:1:100521373><>" slapped "sigma<4><STEAM_1:1:534821522><>" (damage "0")
L 08/17/2022 - 11:15:06: [playercommands.smx] "uR<3><STEAM_1:1:100521373><>" slapped "sigma<4><STEAM_1:1:534821522><>" (damage "0")
L 08/17/2022 - 11:15:06: [playercommands.smx] "uR<3><STEAM_1:1:100521373><>" slapped "sigma<4><STEAM_1:1:534821522><>" (damage "0")
L 08/17/2022 - 11:15:06: [playercommands.smx] "uR<3><STEAM_1:1:100521373><>" slapped "sigma<4><STEAM_1:1:534821522><>" (damage "0")
L 08/17/2022 - 11:15:06: [playercommands.smx] "uR<3><STEAM_1:1:100521373><>" slapped "sigma<4><STEAM_1:1:534821522><>" (damage "0")
L 08/17/2022 - 11:15:06: [playercommands.smx] "uR<3><STEAM_1:1:100521373><>" slapped "sigma<4><STEAM_1:1:534821522><>" (damage "0")
L 08/17/2022 - 11:15:06: [playercommands.smx] "uR<3><STEAM_1:1:100521373><>" slapped "sigma<4><STEAM_1:1:534821522><>" (damage "0")
L 08/17/2022 - 11:15:06: [playercommands.smx] "uR<3><STEAM_1:1:100521373><>" slapped "sigma<4><STEAM_1:1:534821522><>" (damage "0")
L 08/17/2022 - 11:15:07: [playercommands.smx] "uR<3><STEAM_1:1:100521373><>" slapped "sigma<4><STEAM_1:1:534821522><>" (damage "0")
L 08/17/2022 - 11:15:07: [playercommands.smx] "uR<3><STEAM_1:1:100521373><>" slapped "sigma<4><STEAM_1:1:534821522><>" (damage "0")
L 08/17/2022 - 11:15:07: [playercommands.smx] "uR<3><STEAM_1:1:100521373><>" slapped "sigma<4><STEAM_1:1:534821522><>" (damage "0")
L 08/17/2022 - 11:15:07: [playercommands.smx] "uR<3><STEAM_1:1:100521373><>" slapped "sigma<4><STEAM_1:1:534821522><>" (damage "0")
L 08/17/2022 - 11:15:07: [playercommands.smx] "uR<3><STEAM_1:1:100521373><>" slapped "sigma<4><STEAM_1:1:534821522><>" (damage "0")
L 08/17/2022 - 11:15:07: [playercommands.smx] "uR<3><STEAM_1:1:100521373><>" slapped "sigma<4><STEAM_1:1:534821522><>" (damage "0")
L 08/17/2022 - 11:15:07: [playercommands.smx] "uR<3><STEAM_1:1:100521373><>" slapped "sigma<4><STEAM_1:1:534821522><>" (damage "0")
L 08/17/2022 - 11:15:08: [playercommands.smx] "uR<3><STEAM_1:1:100521373><>" slapped "sigma<4><STEAM_1:1:534821522><>" (damage "0")
L 08/17/2022 - 11:15:08: [playercommands.smx] "uR<3><STEAM_1:1:100521373><>" slapped "sigma<4><STEAM_1:1:534821522><>" (damage "0")
L 08/17/2022 - 11:15:08: [playercommands.smx] "uR<3><STEAM_1:1:100521373><>" slapped "sigma<4><STEAM_1:1:534821522><>" (damage "0")
L 08/17/2022 - 11:15:08: [playercommands.smx] "uR<3><STEAM_1:1:100521373><>" slapped "sigma<4><STEAM_1:1:534821522><>" (damage "0")
L 08/17/2022 - 11:15:09: [playercommands.smx] "uR<3><STEAM_1:1:100521373><>" slapped "sigma<4><STEAM_1:1:534821522><>" (damage "0")
L 08/17/2022 - 11:15:09: [playercommands.smx] "uR<3><STEAM_1:1:100521373><>" slapped "sigma<4><STEAM_1:1:534821522><>" (damage "0")
L 08/17/2022 - 11:15:09: [playercommands.smx] "uR<3><STEAM_1:1:100521373><>" slapped "sigma<4><STEAM_1:1:534821522><>" (damage "0")
L 08/17/2022 - 11:15:09: [playercommands.smx] "uR<3><STEAM_1:1:100521373><>" slapped "sigma<4><STEAM_1:1:534821522><>" (damage "0")
L 08/17/2022 - 11:15:10: [playercommands.smx] "uR<3><STEAM_1:1:100521373><>" slapped "sigma<4><STEAM_1:1:534821522><>" (damage "0")
L 08/17/2022 - 11:28:00: [basechat.smx] "ICE<8><STEAM_1:0:110600653><>" triggered sm_say (text è¿™ä¸ªè­¦å¯Ÿæ˜¯è°ï¼Ÿ)
L 08/17/2022 - 12:23:43: [playercommands.smx] "ICE<8><STEAM_1:0:110600653><>" slapped "Bç«™å…³æ³¨å®‡ä½çºªusagiè°¢è°¢<7><STEAM_1:0:583450638><>" (damage "1")
L 08/17/2022 - 12:23:43: [playercommands.smx] "ICE<8><STEAM_1:0:110600653><>" slapped "Bç«™å…³æ³¨å®‡ä½çºªusagiè°¢è°¢<7><STEAM_1:0:583450638><>" (damage "1")
L 08/17/2022 - 12:23:58: [playercommands.smx] "Voi<10><STEAM_1:1:515004150><>" slapped "Bç«™å…³æ³¨å®‡ä½çºªusagiè°¢è°¢<7><STEAM_1:0:583450638><>" (damage "0")
L 08/17/2022 - 12:23:59: [playercommands.smx] "Voi<10><STEAM_1:1:515004150><>" slapped "Bç«™å…³æ³¨å®‡ä½çºªusagiè°¢è°¢<7><STEAM_1:0:583450638><>" (damage "0")
L 08/17/2022 - 12:23:59: [playercommands.smx] "Voi<10><STEAM_1:1:515004150><>" slapped "Bç«™å…³æ³¨å®‡ä½çºªusagiè°¢è°¢<7><STEAM_1:0:583450638><>" (damage "0")
L 08/17/2022 - 12:23:59: [playercommands.smx] "Voi<10><STEAM_1:1:515004150><>" slapped "Bç«™å…³æ³¨å®‡ä½çºªusagiè°¢è°¢<7><STEAM_1:0:583450638><>" (damage "0")
L 08/17/2022 - 12:23:59: [playercommands.smx] "Voi<10><STEAM_1:1:515004150><>" slapped "Bç«™å…³æ³¨å®‡ä½çºªusagiè°¢è°¢<7><STEAM_1:0:583450638><>" (damage "0")
L 08/17/2022 - 12:23:59: [playercommands.smx] "Voi<10><STEAM_1:1:515004150><>" slapped "Bç«™å…³æ³¨å®‡ä½çºªusagiè°¢è°¢<7><STEAM_1:0:583450638><>" (damage "0")
L 08/17/2022 - 12:23:59: [playercommands.smx] "Voi<10><STEAM_1:1:515004150><>" slapped "Bç«™å…³æ³¨å®‡ä½çºªusagiè°¢è°¢<7><STEAM_1:0:583450638><>" (damage "0")
L 08/17/2022 - 12:24:00: [playercommands.smx] "Voi<10><STEAM_1:1:515004150><>" slapped "Bç«™å…³æ³¨å®‡ä½çºªusagiè°¢è°¢<7><STEAM_1:0:583450638><>" (damage "0")
L 08/17/2022 - 12:24:00: [playercommands.smx] "Voi<10><STEAM_1:1:515004150><>" slapped "Bç«™å…³æ³¨å®‡ä½çºªusagiè°¢è°¢<7><STEAM_1:0:583450638><>" (damage "0")
L 08/17/2022 - 12:24:00: [playercommands.smx] "Voi<10><STEAM_1:1:515004150><>" slapped "Bç«™å…³æ³¨å®‡ä½çºªusagiè°¢è°¢<7><STEAM_1:0:583450638><>" (damage "0")
L 08/17/2022 - 12:24:00: [playercommands.smx] "Voi<10><STEAM_1:1:515004150><>" slapped "Bç«™å…³æ³¨å®‡ä½çºªusagiè°¢è°¢<7><STEAM_1:0:583450638><>" (damage "0")
L 08/17/2022 - 12:24:00: [playercommands.smx] "Voi<10><STEAM_1:1:515004150><>" slapped "Bç«™å…³æ³¨å®‡ä½çºªusagiè°¢è°¢<7><STEAM_1:0:583450638><>" (damage "0")
L 08/17/2022 - 12:25:00: [playercommands.smx] "Voi<10><STEAM_1:1:515004150><>" slayed "Bç«™å…³æ³¨å®‡ä½çºªusagiè°¢è°¢<7><STEAM_1:0:583450638><>"
L 08/17/2022 - 12:26:57: [playercommands.smx] "Voi<10><STEAM_1:1:515004150><>" slapped "ãƒ¦ãƒ¼ã‚¸ã‚ª<16><STEAM_1:1:419277049><>" (damage "0")
L 08/17/2022 - 12:26:57: [playercommands.smx] "Voi<10><STEAM_1:1:515004150><>" slapped "ãƒ¦ãƒ¼ã‚¸ã‚ª<16><STEAM_1:1:419277049><>" (damage "0")
L 08/17/2022 - 12:26:57: [playercommands.smx] "Voi<10><STEAM_1:1:515004150><>" slapped "ãƒ¦ãƒ¼ã‚¸ã‚ª<16><STEAM_1:1:419277049><>" (damage "0")
L 08/17/2022 - 12:26:57: [playercommands.smx] "Voi<10><STEAM_1:1:515004150><>" slapped "ãƒ¦ãƒ¼ã‚¸ã‚ª<16><STEAM_1:1:419277049><>" (damage "0")
L 08/17/2022 - 12:26:57: [playercommands.smx] "Voi<10><STEAM_1:1:515004150><>" slapped "ãƒ¦ãƒ¼ã‚¸ã‚ª<16><STEAM_1:1:419277049><>" (damage "0")
L 08/17/2022 - 12:26:57: [playercommands.smx] "Voi<10><STEAM_1:1:515004150><>" slapped "ãƒ¦ãƒ¼ã‚¸ã‚ª<16><STEAM_1:1:419277049><>" (damage "0")
L 08/17/2022 - 12:26:57: [playercommands.smx] "Voi<10><STEAM_1:1:515004150><>" slapped "ãƒ¦ãƒ¼ã‚¸ã‚ª<16><STEAM_1:1:419277049><>" (damage "0")
L 08/17/2022 - 12:26:58: [playercommands.smx] "Voi<10><STEAM_1:1:515004150><>" slapped "ãƒ¦ãƒ¼ã‚¸ã‚ª<16><STEAM_1:1:419277049><>" (damage "0")
L 08/17/2022 - 12:26:58: [playercommands.smx] "Voi<10><STEAM_1:1:515004150><>" slapped "ãƒ¦ãƒ¼ã‚¸ã‚ª<16><STEAM_1:1:419277049><>" (damage "0")
L 08/17/2022 - 12:26:58: [playercommands.smx] "Voi<10><STEAM_1:1:515004150><>" slapped "ãƒ¦ãƒ¼ã‚¸ã‚ª<16><STEAM_1:1:419277049><>" (damage "0")
L 08/17/2022 - 12:26:58: [playercommands.smx] "Voi<10><STEAM_1:1:515004150><>" slapped "ãƒ¦ãƒ¼ã‚¸ã‚ª<16><STEAM_1:1:419277049><>" (damage "0")
L 08/17/2022 - 12:26:58: [playercommands.smx] "Voi<10><STEAM_1:1:515004150><>" slapped "ãƒ¦ãƒ¼ã‚¸ã‚ª<16><STEAM_1:1:419277049><>" (damage "0")
L 08/17/2022 - 12:26:58: [playercommands.smx] "Voi<10><STEAM_1:1:515004150><>" slapped "ãƒ¦ãƒ¼ã‚¸ã‚ª<16><STEAM_1:1:419277049><>" (damage "0")
L 08/17/2022 - 12:26:58: [playercommands.smx] "Voi<10><STEAM_1:1:515004150><>" slapped "ãƒ¦ãƒ¼ã‚¸ã‚ª<16><STEAM_1:1:419277049><>" (damage "0")
L 08/17/2022 - 12:26:59: [playercommands.smx] "Voi<10><STEAM_1:1:515004150><>" slapped "ãƒ¦ãƒ¼ã‚¸ã‚ª<16><STEAM_1:1:419277049><>" (damage "0")
L 08/17/2022 - 12:26:59: [playercommands.smx] "Voi<10><STEAM_1:1:515004150><>" slapped "ãƒ¦ãƒ¼ã‚¸ã‚ª<16><STEAM_1:1:419277049><>" (damage "0")
L 08/17/2022 - 12:27:58: [playercommands.smx] "Voi<10><STEAM_1:1:515004150><>" renamed "ãƒ¦ãƒ¼ã‚¸ã‚ª<16><STEAM_1:1:419277049><>" (to "ããƒ‚ãƒª‚¦¸ã‚")
L 08/17/2022 - 12:31:56: [playercommands.smx] "Voi<10><STEAM_1:1:515004150><>" slayed "Bç«™å…³æ³¨å®‡ä½çºªusagiè°¢è°¢<7><STEAM_1:0:583450638><>"
L 08/17/2022 - 12:33:08: [playercommands.smx] "Voi<10><STEAM_1:1:515004150><>" slapped "å”ä¹çœ‹çœ‹ä½ çš„é€¼<14><STEAM_1:0:458533986><>" (damage "0")
L 08/17/2022 - 12:33:08: [playercommands.smx] "Voi<10><STEAM_1:1:515004150><>" slapped "å”ä¹çœ‹çœ‹ä½ çš„é€¼<14><STEAM_1:0:458533986><>" (damage "0")
L 08/17/2022 - 12:33:08: [playercommands.smx] "Voi<10><STEAM_1:1:515004150><>" slapped "å”ä¹çœ‹çœ‹ä½ çš„é€¼<14><STEAM_1:0:458533986><>" (damage "0")
L 08/17/2022 - 12:33:09: [playercommands.smx] "Voi<10><STEAM_1:1:515004150><>" slapped "å”ä¹çœ‹çœ‹ä½ çš„é€¼<14><STEAM_1:0:458533986><>" (damage "0")
L 08/17/2022 - 12:33:09: [playercommands.smx] "Voi<10><STEAM_1:1:515004150><>" slapped "å”ä¹çœ‹çœ‹ä½ çš„é€¼<14><STEAM_1:0:458533986><>" (damage "0")
L 08/17/2022 - 12:33:09: [playercommands.smx] "Voi<10><STEAM_1:1:515004150><>" slapped "å”ä¹çœ‹çœ‹ä½ çš„é€¼<14><STEAM_1:0:458533986><>" (damage "0")
L 08/17/2022 - 12:33:09: [playercommands.smx] "Voi<10><STEAM_1:1:515004150><>" slapped "å”ä¹çœ‹çœ‹ä½ çš„é€¼<14><STEAM_1:0:458533986><>" (damage "0")
L 08/17/2022 - 12:33:09: [playercommands.smx] "Voi<10><STEAM_1:1:515004150><>" slapped "å”ä¹çœ‹çœ‹ä½ çš„é€¼<14><STEAM_1:0:458533986><>" (damage "0")
L 08/17/2022 - 12:33:09: [playercommands.smx] "Voi<10><STEAM_1:1:515004150><>" slapped "å”ä¹çœ‹çœ‹ä½ çš„é€¼<14><STEAM_1:0:458533986><>" (damage "0")
L 08/17/2022 - 12:33:10: [playercommands.smx] "Voi<10><STEAM_1:1:515004150><>" slapped "å”ä¹çœ‹çœ‹ä½ çš„é€¼<14><STEAM_1:0:458533986><>" (damage "0")
L 08/17/2022 - 12:33:10: [playercommands.smx] "Voi<10><STEAM_1:1:515004150><>" slapped "å”ä¹çœ‹çœ‹ä½ çš„é€¼<14><STEAM_1:0:458533986><>" (damage "0")
L 08/17/2022 - 12:33:10: [playercommands.smx] "Voi<10><STEAM_1:1:515004150><>" slapped "å”ä¹çœ‹çœ‹ä½ çš„é€¼<14><STEAM_1:0:458533986><>" (damage "0")
L 08/17/2022 - 12:33:10: [playercommands.smx] "Voi<10><STEAM_1:1:515004150><>" slapped "å”ä¹çœ‹çœ‹ä½ çš„é€¼<14><STEAM_1:0:458533986><>" (damage "0")
L 08/17/2022 - 12:33:10: [playercommands.smx] "Voi<10><STEAM_1:1:515004150><>" slapped "å”ä¹çœ‹çœ‹ä½ çš„é€¼<14><STEAM_1:0:458533986><>" (damage "0")
L 08/17/2022 - 12:33:10: [playercommands.smx] "Voi<10><STEAM_1:1:515004150><>" slapped "å”ä¹çœ‹çœ‹ä½ çš„é€¼<14><STEAM_1:0:458533986><>" (damage "0")
L 08/17/2022 - 12:33:11: [playercommands.smx] "Voi<10><STEAM_1:1:515004150><>" slapped "å”ä¹çœ‹çœ‹ä½ çš„é€¼<14><STEAM_1:0:458533986><>" (damage "0")
L 08/17/2022 - 12:33:23: [funcommands.smx] "ICE<8><STEAM_1:0:110600653><>" set a TimeBomb on "å”ä¹çœ‹çœ‹ä½ çš„é€¼<14><STEAM_1:0:458533986><>"
L 08/17/2022 - 12:35:01: [playercommands.smx] "Voi<10><STEAM_1:1:515004150><>" slapped "Bç«™å…³æ³¨å®‡ä½çºªusagiè°¢è°¢<7><STEAM_1:0:583450638><>" (damage "0")
L 08/17/2022 - 12:35:01: [playercommands.smx] "Voi<10><STEAM_1:1:515004150><>" slapped "Bç«™å…³æ³¨å®‡ä½çºªusagiè°¢è°¢<7><STEAM_1:0:583450638><>" (damage "0")
L 08/17/2022 - 12:35:01: [playercommands.smx] "Voi<10><STEAM_1:1:515004150><>" slapped "Bç«™å…³æ³¨å®‡ä½çºªusagiè°¢è°¢<7><STEAM_1:0:583450638><>" (damage "0")
L 08/17/2022 - 12:35:01: [playercommands.smx] "Voi<10><STEAM_1:1:515004150><>" slapped "Bç«™å…³æ³¨å®‡ä½çºªusagiè°¢è°¢<7><STEAM_1:0:583450638><>" (damage "0")
L 08/17/2022 - 12:35:01: [playercommands.smx] "Voi<10><STEAM_1:1:515004150><>" slapped "Bç«™å…³æ³¨å®‡ä½çºªusagiè°¢è°¢<7><STEAM_1:0:583450638><>" (damage "0")
L 08/17/2022 - 12:35:02: [playercommands.smx] "Voi<10><STEAM_1:1:515004150><>" slapped "Bç«™å…³æ³¨å®‡ä½çºªusagiè°¢è°¢<7><STEAM_1:0:583450638><>" (damage "0")
L 08/17/2022 - 12:35:02: [playercommands.smx] "Voi<10><STEAM_1:1:515004150><>" slapped "Bç«™å…³æ³¨å®‡ä½çºªusagiè°¢è°¢<7><STEAM_1:0:583450638><>" (damage "0")
L 08/17/2022 - 12:35:02: [playercommands.smx] "Voi<10><STEAM_1:1:515004150><>" slapped "Bç«™å…³æ³¨å®‡ä½çºªusagiè°¢è°¢<7><STEAM_1:0:583450638><>" (damage "0")
L 08/17/2022 - 12:35:02: [playercommands.smx] "Voi<10><STEAM_1:1:515004150><>" slapped "Bç«™å…³æ³¨å®‡ä½çºªusagiè°¢è°¢<7><STEAM_1:0:583450638><>" (damage "0")
L 08/17/2022 - 12:35:02: [playercommands.smx] "Voi<10><STEAM_1:1:515004150><>" slapped "Bç«™å…³æ³¨å®‡ä½çºªusagiè°¢è°¢<7><STEAM_1:0:583450638><>" (damage "0")
L 08/17/2022 - 12:35:02: [playercommands.smx] "Voi<10><STEAM_1:1:515004150><>" slapped "Bç«™å…³æ³¨å®‡ä½çºªusagiè°¢è°¢<7><STEAM_1:0:583450638><>" (damage "0")
L 08/17/2022 - 12:35:03: [playercommands.smx] "Voi<10><STEAM_1:1:515004150><>" slapped "Bç«™å…³æ³¨å®‡ä½çºªusagiè°¢è°¢<7><STEAM_1:0:583450638><>" (damage "0")
L 08/17/2022 - 12:35:03: [playercommands.smx] "Voi<10><STEAM_1:1:515004150><>" slapped "Bç«™å…³æ³¨å®‡ä½çºªusagiè°¢è°¢<7><STEAM_1:0:583450638><>" (damage "0")
L 08/17/2022 - 12:35:03: [playercommands.smx] "Voi<10><STEAM_1:1:515004150><>" slapped "Bç«™å…³æ³¨å®‡ä½çºªusagiè°¢è°¢<7><STEAM_1:0:583450638><>" (damage "0")
L 08/17/2022 - 12:35:03: [playercommands.smx] "Voi<10><STEAM_1:1:515004150><>" slapped "Bç«™å…³æ³¨å®‡ä½çºªusagiè°¢è°¢<7><STEAM_1:0:583450638><>" (damage "0")
L 08/17/2022 - 12:35:03: [playercommands.smx] "Voi<10><STEAM_1:1:515004150><>" slapped "Bç«™å…³æ³¨å®‡ä½çºªusagiè°¢è°¢<7><STEAM_1:0:583450638><>" (damage "0")
L 08/17/2022 - 12:35:03: [playercommands.smx] "Voi<10><STEAM_1:1:515004150><>" slapped "Bç«™å…³æ³¨å®‡ä½çºªusagiè°¢è°¢<7><STEAM_1:0:583450638><>" (damage "0")
L 08/17/2022 - 12:35:04: [playercommands.smx] "Voi<10><STEAM_1:1:515004150><>" slapped "Bç«™å…³æ³¨å®‡ä½çºªusagiè°¢è°¢<7><STEAM_1:0:583450638><>" (damage "0")
L 08/17/2022 - 12:35:04: [playercommands.smx] "Voi<10><STEAM_1:1:515004150><>" slapped "Bç«™å…³æ³¨å®‡ä½çºªusagiè°¢è°¢<7><STEAM_1:0:583450638><>" (damage "0")
L 08/17/2022 - 12:35:04: [playercommands.smx] "Voi<10><STEAM_1:1:515004150><>" slapped "Bç«™å…³æ³¨å®‡ä½çºªusagiè°¢è°¢<7><STEAM_1:0:583450638><>" (damage "0")
L 08/17/2022 - 12:35:04: [playercommands.smx] "Voi<10><STEAM_1:1:515004150><>" slapped "Bç«™å…³æ³¨å®‡ä½çºªusagiè°¢è°¢<7><STEAM_1:0:583450638><>" (damage "0")
L 08/17/2022 - 12:35:04: [playercommands.smx] "Voi<10><STEAM_1:1:515004150><>" slapped "Bç«™å…³æ³¨å®‡ä½çºªusagiè°¢è°¢<7><STEAM_1:0:583450638><>" (damage "0")
L 08/17/2022 - 12:35:04: [playercommands.smx] "Voi<10><STEAM_1:1:515004150><>" slapped "Bç«™å…³æ³¨å®‡ä½çºªusagiè°¢è°¢<7><STEAM_1:0:583450638><>" (damage "0")
L 08/17/2022 - 12:35:04: [playercommands.smx] "Voi<10><STEAM_1:1:515004150><>" slapped "Bç«™å…³æ³¨å®‡ä½çºªusagiè°¢è°¢<7><STEAM_1:0:583450638><>" (damage "0")
L 08/17/2022 - 12:35:05: [playercommands.smx] "Voi<10><STEAM_1:1:515004150><>" slapped "Bç«™å…³æ³¨å®‡ä½çºªusagiè°¢è°¢<7><STEAM_1:0:583450638><>" (damage "0")
L 08/17/2022 - 12:35:05: [playercommands.smx] "Voi<10><STEAM_1:1:515004150><>" slapped "Bç«™å…³æ³¨å®‡ä½çºªusagiè°¢è°¢<7><STEAM_1:0:583450638><>" (damage "0")
L 08/17/2022 - 12:35:05: [playercommands.smx] "Voi<10><STEAM_1:1:515004150><>" slapped "Bç«™å…³æ³¨å®‡ä½çºªusagiè°¢è°¢<7><STEAM_1:0:583450638><>" (damage "0")
L 08/17/2022 - 12:35:05: [playercommands.smx] "Voi<10><STEAM_1:1:515004150><>" slapped "Bç«™å…³æ³¨å®‡ä½çºªusagiè°¢è°¢<7><STEAM_1:0:583450638><>" (damage "0")
L 08/17/2022 - 12:35:05: [playercommands.smx] "Voi<10><STEAM_1:1:515004150><>" slapped "Bç«™å…³æ³¨å®‡ä½çºªusagiè°¢è°¢<7><STEAM_1:0:583450638><>" (damage "0")
L 08/17/2022 - 12:35:05: [playercommands.smx] "Voi<10><STEAM_1:1:515004150><>" slapped "Bç«™å…³æ³¨å®‡ä½çºªusagiè°¢è°¢<7><STEAM_1:0:583450638><>" (damage "0")
L 08/17/2022 - 12:35:06: [playercommands.smx] "Voi<10><STEAM_1:1:515004150><>" slapped "Bç«™å…³æ³¨å®‡ä½çºªusagiè°¢è°¢<7><STEAM_1:0:583450638><>" (damage "0")
L 08/17/2022 - 12:35:06: [playercommands.smx] "Voi<10><STEAM_1:1:515004150><>" slapped "Bç«™å…³æ³¨å®‡ä½çºªusagiè°¢è°¢<7><STEAM_1:0:583450638><>" (damage "0")
L 08/17/2022 - 12:35:06: [playercommands.smx] "Voi<10><STEAM_1:1:515004150><>" slapped "Bç«™å…³æ³¨å®‡ä½çºªusagiè°¢è°¢<7><STEAM_1:0:583450638><>" (damage "0")
L 08/17/2022 - 12:35:06: [playercommands.smx] "Voi<10><STEAM_1:1:515004150><>" slapped "Bç«™å…³æ³¨å®‡ä½çºªusagiè°¢è°¢<7><STEAM_1:0:583450638><>" (damage "0")
L 08/17/2022 - 12:35:06: [playercommands.smx] "Voi<10><STEAM_1:1:515004150><>" slapped "Bç«™å…³æ³¨å®‡ä½çºªusagiè°¢è°¢<7><STEAM_1:0:583450638><>" (damage "0")
L 08/17/2022 - 12:35:06: [playercommands.smx] "Voi<10><STEAM_1:1:515004150><>" slapped "Bç«™å…³æ³¨å®‡ä½çºªusagiè°¢è°¢<7><STEAM_1:0:583450638><>" (damage "0")
L 08/17/2022 - 12:35:07: [playercommands.smx] "Voi<10><STEAM_1:1:515004150><>" slapped "Bç«™å…³æ³¨å®‡ä½çºªusagiè°¢è°¢<7><STEAM_1:0:583450638><>" (damage "0")
L 08/17/2022 - 12:35:07: [playercommands.smx] "Voi<10><STEAM_1:1:515004150><>" slapped "Bç«™å…³æ³¨å®‡ä½çºªusagiè°¢è°¢<7><STEAM_1:0:583450638><>" (damage "0")
L 08/17/2022 - 12:35:07: [playercommands.smx] "Voi<10><STEAM_1:1:515004150><>" slapped "Bç«™å…³æ³¨å®‡ä½çºªusagiè°¢è°¢<7><STEAM_1:0:583450638><>" (damage "0")
L 08/17/2022 - 12:35:07: [playercommands.smx] "Voi<10><STEAM_1:1:515004150><>" slapped "Bç«™å…³æ³¨å®‡ä½çºªusagiè°¢è°¢<7><STEAM_1:0:583450638><>" (damage "0")
L 08/17/2022 - 12:35:07: [playercommands.smx] "Voi<10><STEAM_1:1:515004150><>" slapped "Bç«™å…³æ³¨å®‡ä½çºªusagiè°¢è°¢<7><STEAM_1:0:583450638><>" (damage "0")
L 08/17/2022 - 12:35:08: [playercommands.smx] "Voi<10><STEAM_1:1:515004150><>" slapped "Bç«™å…³æ³¨å®‡ä½çºªusagiè°¢è°¢<7><STEAM_1:0:583450638><>" (damage "0")
L 08/17/2022 - 12:35:08: [playercommands.smx] "Voi<10><STEAM_1:1:515004150><>" slapped "Bç«™å…³æ³¨å®‡ä½çºªusagiè°¢è°¢<7><STEAM_1:0:583450638><>" (damage "0")
L 08/17/2022 - 12:35:08: [playercommands.smx] "Voi<10><STEAM_1:1:515004150><>" slapped "Bç«™å…³æ³¨å®‡ä½çºªusagiè°¢è°¢<7><STEAM_1:0:583450638><>" (damage "0")
L 08/17/2022 - 12:35:08: [playercommands.smx] "Voi<10><STEAM_1:1:515004150><>" slapped "Bç«™å…³æ³¨å®‡ä½çºªusagiè°¢è°¢<7><STEAM_1:0:583450638><>" (damage "0")
L 08/17/2022 - 12:35:08: [playercommands.smx] "Voi<10><STEAM_1:1:515004150><>" slapped "Bç«™å…³æ³¨å®‡ä½çºªusagiè°¢è°¢<7><STEAM_1:0:583450638><>" (damage "0")
L 08/17/2022 - 12:35:08: [playercommands.smx] "Voi<10><STEAM_1:1:515004150><>" slapped "Bç«™å…³æ³¨å®‡ä½çºªusagiè°¢è°¢<7><STEAM_1:0:583450638><>" (damage "0")
L 08/17/2022 - 12:35:09: [playercommands.smx] "Voi<10><STEAM_1:1:515004150><>" slapped "Bç«™å…³æ³¨å®‡ä½çºªusagiè°¢è°¢<7><STEAM_1:0:583450638><>" (damage "0")
L 08/17/2022 - 12:35:09: [playercommands.smx] "Voi<10><STEAM_1:1:515004150><>" slapped "Bç«™å…³æ³¨å®‡ä½çºªusagiè°¢è°¢<7><STEAM_1:0:583450638><>" (damage "0")
L 08/17/2022 - 12:35:09: [playercommands.smx] "Voi<10><STEAM_1:1:515004150><>" slapped "Bç«™å…³æ³¨å®‡ä½çºªusagiè°¢è°¢<7><STEAM_1:0:583450638><>" (damage "0")
L 08/17/2022 - 12:35:09: [playercommands.smx] "Voi<10><STEAM_1:1:515004150><>" slapped "Bç«™å…³æ³¨å®‡ä½çºªusagiè°¢è°¢<7><STEAM_1:0:583450638><>" (damage "0")
L 08/17/2022 - 12:35:09: [playercommands.smx] "Voi<10><STEAM_1:1:515004150><>" slapped "Bç«™å…³æ³¨å®‡ä½çºªusagiè°¢è°¢<7><STEAM_1:0:583450638><>" (damage "0")
L 08/17/2022 - 12:35:09: [playercommands.smx] "Voi<10><STEAM_1:1:515004150><>" slapped "Bç«™å…³æ³¨å®‡ä½çºªusagiè°¢è°¢<7><STEAM_1:0:583450638><>" (damage "0")
L 08/17/2022 - 12:35:10: [playercommands.smx] "Voi<10><STEAM_1:1:515004150><>" slapped "Bç«™å…³æ³¨å®‡ä½çºªusagiè°¢è°¢<7><STEAM_1:0:583450638><>" (damage "0")
L 08/17/2022 - 12:35:10: [playercommands.smx] "Voi<10><STEAM_1:1:515004150><>" slapped "Bç«™å…³æ³¨å®‡ä½çºªusagiè°¢è°¢<7><STEAM_1:0:583450638><>" (damage "0")
L 08/17/2022 - 12:35:10: [playercommands.smx] "Voi<10><STEAM_1:1:515004150><>" slapped "Bç«™å…³æ³¨å®‡ä½çºªusagiè°¢è°¢<7><STEAM_1:0:583450638><>" (damage "0")
L 08/17/2022 - 12:35:10: [playercommands.smx] "Voi<10><STEAM_1:1:515004150><>" slapped "Bç«™å…³æ³¨å®‡ä½çºªusagiè°¢è°¢<7><STEAM_1:0:583450638><>" (damage "0")
L 08/17/2022 - 12:35:10: [playercommands.smx] "Voi<10><STEAM_1:1:515004150><>" slapped "Bç«™å…³æ³¨å®‡ä½çºªusagiè°¢è°¢<7><STEAM_1:0:583450638><>" (damage "0")
L 08/17/2022 - 12:35:11: [playercommands.smx] "Voi<10><STEAM_1:1:515004150><>" slapped "Bç«™å…³æ³¨å®‡ä½çºªusagiè°¢è°¢<7><STEAM_1:0:583450638><>" (damage "0")
L 08/17/2022 - 12:35:31: [playercommands.smx] "Voi<10><STEAM_1:1:515004150><>" slapped "Bç«™å…³æ³¨å®‡ä½çºªusagiè°¢è°¢<7><STEAM_1:0:583450638><>" (damage "0")
L 08/17/2022 - 12:35:31: [playercommands.smx] "Voi<10><STEAM_1:1:515004150><>" slapped "Bç«™å…³æ³¨å®‡ä½çºªusagiè°¢è°¢<7><STEAM_1:0:583450638><>" (damage "0")
L 08/17/2022 - 12:35:31: [playercommands.smx] "Voi<10><STEAM_1:1:515004150><>" slapped "Bç«™å…³æ³¨å®‡ä½çºªusagiè°¢è°¢<7><STEAM_1:0:583450638><>" (damage "0")
L 08/17/2022 - 12:35:31: [playercommands.smx] "Voi<10><STEAM_1:1:515004150><>" slapped "Bç«™å…³æ³¨å®‡ä½çºªusagiè°¢è°¢<7><STEAM_1:0:583450638><>" (damage "0")
L 08/17/2022 - 12:35:32: [playercommands.smx] "Voi<10><STEAM_1:1:515004150><>" slapped "Bç«™å…³æ³¨å®‡ä½çºªusagiè°¢è°¢<7><STEAM_1:0:583450638><>" (damage "0")
L 08/17/2022 - 12:35:32: [playercommands.smx] "Voi<10><STEAM_1:1:515004150><>" slapped "Bç«™å…³æ³¨å®‡ä½çºªusagiè°¢è°¢<7><STEAM_1:0:583450638><>" (damage "0")
L 08/17/2022 - 12:35:32: [playercommands.smx] "Voi<10><STEAM_1:1:515004150><>" slapped "Bç«™å…³æ³¨å®‡ä½çºªusagiè°¢è°¢<7><STEAM_1:0:583450638><>" (damage "0")
L 08/17/2022 - 12:35:32: [playercommands.smx] "Voi<10><STEAM_1:1:515004150><>" slapped "Bç«™å…³æ³¨å®‡ä½çºªusagiè°¢è°¢<7><STEAM_1:0:583450638><>" (damage "0")
L 08/17/2022 - 12:35:32: [playercommands.smx] "Voi<10><STEAM_1:1:515004150><>" slapped "Bç«™å…³æ³¨å®‡ä½çºªusagiè°¢è°¢<7><STEAM_1:0:583450638><>" (damage "0")
L 08/17/2022 - 12:55:43: [funcommands.smx] "Voi<10><STEAM_1:1:515004150><>" froze "â™¡å›åˆ°ä»å‰//ã‚€ã‹ã—ã«æˆ»ã‚‹â™¡<21><STEAM_1:0:186191751><>"
L 08/17/2022 - 13:48:10: -------- Mapchange to de_mirage --------
L 08/17/2022 - 13:52:46: [basecommands.smx] "uR<24><STEAM_1:1:100521373><>" changed map to "blagai"
L 08/17/2022 - 13:52:49: [SM] Changed map to "blagai"
L 08/17/2022 - 13:52:52: -------- Mapchange to de_blagai --------
L 08/17/2022 - 13:53:46: [basecommands.smx] "uR<24><STEAM_1:1:100521373><>" changed cvar (cvar "sv_infinite_ammo") (value "1")
L 08/17/2022 - 13:56:39: [basecommands.smx] "uR<24><STEAM_1:1:100521373><>" changed cvar (cvar "sv_cheats") (value "1")
L 08/17/2022 - 14:19:03: -------- Mapchange to de_blagai --------
L 08/17/2022 - 14:24:46: [basecommands.smx] "uR<29><STEAM_1:1:100521373><>" changed cvar (cvar "sv_cheats") (value "1")
L 08/17/2022 - 14:24:54: [basecommands.smx] "uR<29><STEAM_1:1:100521373><>" changed cvar (cvar "sv_infinite_ammo") (value "1")
L 08/17/2022 - 14:45:00: [basecommands.smx] "uR<29><STEAM_1:1:100521373><>" changed map to "mir"
L 08/17/2022 - 14:45:03: [SM] Changed map to "mir"
L 08/17/2022 - 14:45:04: -------- Mapchange to de_mirage --------
L 08/17/2022 - 15:08:43: -------- Mapchange to de_mirage --------
L 08/17/2022 - 15:24:49: [basecommands.smx] "uR<31><STEAM_1:1:100521373><>" changed map to "mir"
L 08/17/2022 - 15:24:52: [SM] Changed map to "mir"
L 08/17/2022 - 15:24:53: -------- Mapchange to de_mirage --------
L 08/17/2022 - 16:19:33: [basecommands.smx] "uR<42><STEAM_1:1:100521373><>" changed map to "mir"
L 08/17/2022 - 16:19:36: [SM] Changed map to "mir"
L 08/17/2022 - 16:19:37: -------- Mapchange to de_mirage --------
L 08/17/2022 - 16:20:34: [basecommands.smx] "uR<42><STEAM_1:1:100521373><>" changed map to "inf"
L 08/17/2022 - 16:20:37: [SM] Changed map to "inf"
L 08/17/2022 - 16:20:38: -------- Mapchange to de_inferno --------
L 08/17/2022 - 17:27:01: -------- Mapchange to de_inferno --------
L 08/17/2022 - 17:46:26: -------- Mapchange to de_inferno --------
L 08/17/2022 - 17:49:56: -------- Mapchange to de_inferno --------
L 08/17/2022 - 17:53:47: -------- Mapchange to de_inferno --------
L 08/17/2022 - 20:20:10: -------- Mapchange to de_inferno --------
L 08/17/2022 - 20:25:53: -------- Mapchange to de_mirage --------
L 08/17/2022 - 20:51:01: -------- Mapchange to de_mirage --------
L 08/17/2022 - 20:58:46: -------- Mapchange to de_cache --------
L 08/17/2022 - 20:59:27: -------- Mapchange to de_inferno --------
L 08/17/2022 - 21:44:19: -------- Mapchange to de_inferno --------
L 08/17/2022 - 21:46:57: [basecommands.smx] "ICE<73><STEAM_1:0:110600653><>" changed map to "mir"
L 08/17/2022 - 21:47:00: [SM] Changed map to "mir"
L 08/17/2022 - 21:47:01: -------- Mapchange to de_mirage --------
L 08/17/2022 - 22:49:07: -------- Mapchange to de_mirage --------
L 08/17/2022 - 22:57:19: -------- Mapchange to de_mirage --------
L 08/17/2022 - 22:57:54: [playercommands.smx] "love story<75><STEAM_1:1:583670379><>" slayed "å¯¹å””ä½ æˆ‘ç³»å·®äºº<76><STEAM_1:0:642174363><>"
L 08/18/2022 - 09:27:24: Log file closed.
