L 11/01/2022 - 03:16:58: SourceMod log file session started (file "/badfupo/server1/csgo/addons/sourcemod/logs/L20221101.log") (Version "1.11.0.6913")
L 11/01/2022 - 03:16:58: [basecommands.smx] "Console<0><Console><Console>" changed cvar (cvar "mapcyclefile") (value "map_custom.txt")
L 11/01/2022 - 03:17:03: [warmod.smx] Current Map: de_dust2, Warmod Version: 19.11.21.2253
L 11/01/2022 - 03:17:03: [chat-processor.smx] Message formats generated for game 'csgo'.
L 11/01/2022 - 03:17:03: [chat-processor.smx] Successfully hooked a SayText2 chat hook.
L 11/01/2022 - 03:25:56: -------- Mapchange to de_dust2 --------
L 11/01/2022 - 03:25:57: [basecommands.smx] "Console<0><Console><Console>" changed cvar (cvar "mapcyclefile") (value "map_custom.txt")
L 11/01/2022 - 03:26:01: [warmod.smx] Current Map: de_dust2, Warmod Version: 19.11.21.2253
L 11/01/2022 - 03:26:02: [chat-processor.smx] Message formats generated for game 'csgo'.
L 11/01/2022 - 03:26:02: [chat-processor.smx] Successfully hooked a SayText2 chat hook.
L 11/01/2022 - 04:56:33: -------- Mapchange to de_dust2 --------
L 11/01/2022 - 04:56:34: [basecommands.smx] "Console<0><Console><Console>" changed cvar (cvar "mapcyclefile") (value "map_custom.txt")
L 11/01/2022 - 04:56:39: [warmod.smx] Current Map: de_dust2, Warmod Version: 19.11.21.2253
L 11/01/2022 - 04:56:39: [chat-processor.smx] Message formats generated for game 'csgo'.
L 11/01/2022 - 04:56:39: [chat-processor.smx] Successfully hooked a SayText2 chat hook.
L 11/01/2022 - 05:40:35: -------- Mapchange to de_dust2 --------
L 11/01/2022 - 05:40:35: [basecommands.smx] "Console<0><Console><Console>" changed cvar (cvar "mapcyclefile") (value "map_custom.txt")
L 11/01/2022 - 05:40:39: [warmod.smx] Current Map: de_dust2, Warmod Version: 19.11.21.2253
L 11/01/2022 - 05:40:40: [chat-processor.smx] Message formats generated for game 'csgo'.
L 11/01/2022 - 05:40:40: [chat-processor.smx] Successfully hooked a SayText2 chat hook.
L 11/01/2022 - 07:59:35: -------- Mapchange to de_dust2 --------
L 11/01/2022 - 07:59:35: [basecommands.smx] "Console<0><Console><Console>" changed cvar (cvar "mapcyclefile") (value "map_custom.txt")
L 11/01/2022 - 07:59:40: [warmod.smx] Current Map: de_dust2, Warmod Version: 19.11.21.2253
L 11/01/2022 - 07:59:41: [chat-processor.smx] Message formats generated for game 'csgo'.
L 11/01/2022 - 07:59:41: [chat-processor.smx] Successfully hooked a SayText2 chat hook.
L 11/01/2022 - 08:44:48: -------- Mapchange to de_dust2 --------
L 11/01/2022 - 08:44:49: [basecommands.smx] "Console<0><Console><Console>" changed cvar (cvar "mapcyclefile") (value "map_custom.txt")
L 11/01/2022 - 08:44:53: [warmod.smx] Current Map: de_dust2, Warmod Version: 19.11.21.2253
L 11/01/2022 - 08:44:54: [chat-processor.smx] Message formats generated for game 'csgo'.
L 11/01/2022 - 08:44:54: [chat-processor.smx] Successfully hooked a SayText2 chat hook.
L 11/01/2022 - 09:07:46: -------- Mapchange to de_dust2 --------
L 11/01/2022 - 09:07:47: [basecommands.smx] "Console<0><Console><Console>" changed cvar (cvar "mapcyclefile") (value "map_custom.txt")
L 11/01/2022 - 09:07:50: [warmod.smx] Current Map: de_dust2, Warmod Version: 19.11.21.2253
L 11/01/2022 - 09:07:51: [chat-processor.smx] Message formats generated for game 'csgo'.
L 11/01/2022 - 09:07:51: [chat-processor.smx] Successfully hooked a SayText2 chat hook.
L 11/01/2022 - 10:31:24: -------- Mapchange to de_dust2 --------
L 11/01/2022 - 10:31:25: [basecommands.smx] "Console<0><Console><Console>" changed cvar (cvar "mapcyclefile") (value "map_custom.txt")
L 11/01/2022 - 10:31:29: [warmod.smx] Current Map: de_dust2, Warmod Version: 19.11.21.2253
L 11/01/2022 - 10:31:30: [chat-processor.smx] Message formats generated for game 'csgo'.
L 11/01/2022 - 10:31:30: [chat-processor.smx] Successfully hooked a SayText2 chat hook.
L 11/01/2022 - 10:55:43: -------- Mapchange to de_dust2 --------
L 11/01/2022 - 10:55:44: [basecommands.smx] "Console<0><Console><Console>" changed cvar (cvar "mapcyclefile") (value "map_custom.txt")
L 11/01/2022 - 10:55:48: [warmod.smx] Current Map: de_dust2, Warmod Version: 19.11.21.2253
L 11/01/2022 - 10:55:49: [chat-processor.smx] Message formats generated for game 'csgo'.
L 11/01/2022 - 10:55:49: [chat-processor.smx] Successfully hooked a SayText2 chat hook.
L 11/01/2022 - 11:43:39: -------- Mapchange to de_dust2 --------
L 11/01/2022 - 11:43:39: [basecommands.smx] "Console<0><Console><Console>" changed cvar (cvar "mapcyclefile") (value "map_custom.txt")
L 11/01/2022 - 11:43:43: [warmod.smx] Current Map: de_dust2, Warmod Version: 19.11.21.2253
L 11/01/2022 - 11:43:44: [chat-processor.smx] Message formats generated for game 'csgo'.
L 11/01/2022 - 11:43:44: [chat-processor.smx] Successfully hooked a SayText2 chat hook.
L 11/01/2022 - 12:05:26: [SM] Changed map to "de_dust"
L 11/01/2022 - 12:05:32: -------- Mapchange to de_dust2 --------
L 11/01/2022 - 12:05:33: [basecommands.smx] "Console<0><Console><Console>" changed cvar (cvar "mapcyclefile") (value "map_custom.txt")
L 11/01/2022 - 12:05:37: [warmod.smx] Current Map: de_dust2, Warmod Version: 19.11.21.2253
L 11/01/2022 - 12:05:37: [chat-processor.smx] Message formats generated for game 'csgo'.
L 11/01/2022 - 12:05:37: [chat-processor.smx] Successfully hooked a SayText2 chat hook.
L 11/01/2022 - 12:38:26: -------- Mapchange to de_dust2 --------
L 11/01/2022 - 12:38:27: [basecommands.smx] "Console<0><Console><Console>" changed cvar (cvar "mapcyclefile") (value "map_custom.txt")
L 11/01/2022 - 12:38:31: [warmod.smx] Current Map: de_dust2, Warmod Version: 19.11.21.2253
L 11/01/2022 - 12:38:32: [chat-processor.smx] Message formats generated for game 'csgo'.
L 11/01/2022 - 12:38:32: [chat-processor.smx] Successfully hooked a SayText2 chat hook.
L 11/01/2022 - 12:52:53: [SM] Changed map to "de_dust"
L 11/01/2022 - 12:52:58: -------- Mapchange to de_dust2 --------
L 11/01/2022 - 12:52:59: [basecommands.smx] "Console<0><Console><Console>" changed cvar (cvar "mapcyclefile") (value "map_custom.txt")
L 11/01/2022 - 12:53:03: [warmod.smx] Current Map: de_dust2, Warmod Version: 19.11.21.2253
L 11/01/2022 - 12:53:04: [chat-processor.smx] Message formats generated for game 'csgo'.
L 11/01/2022 - 12:53:04: [chat-processor.smx] Successfully hooked a SayText2 chat hook.
L 11/01/2022 - 13:02:42: -------- Mapchange to de_dust2 --------
L 11/01/2022 - 13:02:43: [basecommands.smx] "Console<0><Console><Console>" changed cvar (cvar "mapcyclefile") (value "map_custom.txt")
L 11/01/2022 - 13:02:47: [warmod.smx] Current Map: de_dust2, Warmod Version: 19.11.21.2253
L 11/01/2022 - 13:02:48: [chat-processor.smx] Message formats generated for game 'csgo'.
L 11/01/2022 - 13:02:48: [chat-processor.smx] Successfully hooked a SayText2 chat hook.
L 11/01/2022 - 13:10:32: -------- Mapchange to de_dust2 --------
L 11/01/2022 - 13:10:33: [basecommands.smx] "Console<0><Console><Console>" changed cvar (cvar "mapcyclefile") (value "map_custom.txt")
L 11/01/2022 - 13:10:37: [warmod.smx] Current Map: de_dust2, Warmod Version: 19.11.21.2253
L 11/01/2022 - 13:10:38: [chat-processor.smx] Message formats generated for game 'csgo'.
L 11/01/2022 - 13:10:38: [chat-processor.smx] Successfully hooked a SayText2 chat hook.
L 11/01/2022 - 13:33:12: -------- Mapchange to de_dust2 --------
L 11/01/2022 - 13:33:13: [basecommands.smx] "Console<0><Console><Console>" changed cvar (cvar "mapcyclefile") (value "map_custom.txt")
L 11/01/2022 - 13:33:17: [warmod.smx] Current Map: de_dust2, Warmod Version: 19.11.21.2253
L 11/01/2022 - 13:33:18: [chat-processor.smx] Message formats generated for game 'csgo'.
L 11/01/2022 - 13:33:18: [chat-processor.smx] Successfully hooked a SayText2 chat hook.
L 11/01/2022 - 13:36:33: -------- Mapchange to de_dust2 --------
L 11/01/2022 - 13:36:33: [basecommands.smx] "Console<0><Console><Console>" changed cvar (cvar "mapcyclefile") (value "map_custom.txt")
L 11/01/2022 - 13:36:37: [warmod.smx] Current Map: de_dust2, Warmod Version: 19.11.21.2253
L 11/01/2022 - 13:36:38: [chat-processor.smx] Message formats generated for game 'csgo'.
L 11/01/2022 - 13:36:38: [chat-processor.smx] Successfully hooked a SayText2 chat hook.
L 11/01/2022 - 13:39:54: -------- Mapchange to de_dust2 --------
L 11/01/2022 - 13:39:55: [basecommands.smx] "Console<0><Console><Console>" changed cvar (cvar "mapcyclefile") (value "map_custom.txt")
L 11/01/2022 - 13:39:58: [warmod.smx] Current Map: de_dust2, Warmod Version: 19.11.21.2253
L 11/01/2022 - 13:39:59: [chat-processor.smx] Message formats generated for game 'csgo'.
L 11/01/2022 - 13:39:59: [chat-processor.smx] Successfully hooked a SayText2 chat hook.
L 11/01/2022 - 13:48:54: -------- Mapchange to de_dust2 --------
L 11/01/2022 - 13:48:54: [basecommands.smx] "Console<0><Console><Console>" changed cvar (cvar "mapcyclefile") (value "map_custom.txt")
L 11/01/2022 - 13:48:59: [warmod.smx] Current Map: de_dust2, Warmod Version: 19.11.21.2253
L 11/01/2022 - 13:48:59: [chat-processor.smx] Message formats generated for game 'csgo'.
L 11/01/2022 - 13:48:59: [chat-processor.smx] Successfully hooked a SayText2 chat hook.
L 11/01/2022 - 14:14:24: -------- Mapchange to de_dust2 --------
L 11/01/2022 - 14:14:25: [basecommands.smx] "Console<0><Console><Console>" changed cvar (cvar "mapcyclefile") (value "map_custom.txt")
L 11/01/2022 - 14:14:29: [warmod.smx] Current Map: de_dust2, Warmod Version: 19.11.21.2253
L 11/01/2022 - 14:14:30: [chat-processor.smx] Message formats generated for game 'csgo'.
L 11/01/2022 - 14:14:30: [chat-processor.smx] Successfully hooked a SayText2 chat hook.
L 11/01/2022 - 17:24:52: -------- Mapchange to de_dust2 --------
L 11/01/2022 - 17:24:53: [basecommands.smx] "Console<0><Console><Console>" changed cvar (cvar "mapcyclefile") (value "map_custom.txt")
L 11/01/2022 - 17:24:57: [warmod.smx] Current Map: de_dust2, Warmod Version: 19.11.21.2253
L 11/01/2022 - 17:24:58: [chat-processor.smx] Message formats generated for game 'csgo'.
L 11/01/2022 - 17:24:58: [chat-processor.smx] Successfully hooked a SayText2 chat hook.
L 11/01/2022 - 17:44:39: -------- Mapchange to de_dust2 --------
L 11/01/2022 - 17:44:40: [basecommands.smx] "Console<0><Console><Console>" changed cvar (cvar "mapcyclefile") (value "map_custom.txt")
L 11/01/2022 - 17:44:44: [warmod.smx] Current Map: de_dust2, Warmod Version: 19.11.21.2253
L 11/01/2022 - 17:44:45: [chat-processor.smx] Message formats generated for game 'csgo'.
L 11/01/2022 - 17:44:45: [chat-processor.smx] Successfully hooked a SayText2 chat hook.
L 11/02/2022 - 03:17:55: Log file closed.
