L 10/31/2022 - 00:57:11: SourceMod log file session started (file "/badfupo/server1/csgo/addons/sourcemod/logs/L20221031.log") (Version "1.11.0.6913")
L 10/31/2022 - 00:57:11: [basecommands.smx] "Console<0><Console><Console>" changed cvar (cvar "mapcyclefile") (value "map_custom.txt")
L 10/31/2022 - 00:57:15: [warmod.smx] Current Map: de_dust2, Warmod Version: 19.11.21.2253
L 10/31/2022 - 00:57:16: [chat-processor.smx] Message formats generated for game 'csgo'.
L 10/31/2022 - 00:57:16: [chat-processor.smx] Successfully hooked a SayText2 chat hook.
L 10/31/2022 - 03:50:11: -------- Mapchange to de_dust2 --------
L 10/31/2022 - 03:50:12: [basecommands.smx] "Console<0><Console><Console>" changed cvar (cvar "mapcyclefile") (value "map_custom.txt")
L 10/31/2022 - 03:50:16: [warmod.smx] Current Map: de_dust2, Warmod Version: 19.11.21.2253
L 10/31/2022 - 03:50:17: [chat-processor.smx] Message formats generated for game 'csgo'.
L 10/31/2022 - 03:50:17: [chat-processor.smx] Successfully hooked a SayText2 chat hook.
L 10/31/2022 - 03:54:02: -------- Mapchange to de_dust2 --------
L 10/31/2022 - 03:54:02: [basecommands.smx] "Console<0><Console><Console>" changed cvar (cvar "mapcyclefile") (value "map_custom.txt")
L 10/31/2022 - 03:54:06: [warmod.smx] Current Map: de_dust2, Warmod Version: 19.11.21.2253
L 10/31/2022 - 03:54:07: [chat-processor.smx] Message formats generated for game 'csgo'.
L 10/31/2022 - 03:54:07: [chat-processor.smx] Successfully hooked a SayText2 chat hook.
L 10/31/2022 - 04:03:11: -------- Mapchange to de_dust2 --------
L 10/31/2022 - 04:03:11: [basecommands.smx] "Console<0><Console><Console>" changed cvar (cvar "mapcyclefile") (value "map_custom.txt")
L 10/31/2022 - 04:03:15: [warmod.smx] Current Map: de_dust2, Warmod Version: 19.11.21.2253
L 10/31/2022 - 04:03:16: [chat-processor.smx] Message formats generated for game 'csgo'.
L 10/31/2022 - 04:03:16: [chat-processor.smx] Successfully hooked a SayText2 chat hook.
L 10/31/2022 - 04:34:03: -------- Mapchange to de_dust2 --------
L 10/31/2022 - 04:34:03: [basecommands.smx] "Console<0><Console><Console>" changed cvar (cvar "mapcyclefile") (value "map_custom.txt")
L 10/31/2022 - 04:34:08: [warmod.smx] Current Map: de_dust2, Warmod Version: 19.11.21.2253
L 10/31/2022 - 04:34:08: [chat-processor.smx] Message formats generated for game 'csgo'.
L 10/31/2022 - 04:34:08: [chat-processor.smx] Successfully hooked a SayText2 chat hook.
L 10/31/2022 - 05:00:21: -------- Mapchange to de_dust2 --------
L 10/31/2022 - 05:00:22: [basecommands.smx] "Console<0><Console><Console>" changed cvar (cvar "mapcyclefile") (value "map_custom.txt")
L 10/31/2022 - 05:00:26: [warmod.smx] Current Map: de_dust2, Warmod Version: 19.11.21.2253
L 10/31/2022 - 05:00:27: [chat-processor.smx] Message formats generated for game 'csgo'.
L 10/31/2022 - 05:00:27: [chat-processor.smx] Successfully hooked a SayText2 chat hook.
L 10/31/2022 - 05:02:12: -------- Mapchange to de_dust2 --------
L 10/31/2022 - 05:02:13: [basecommands.smx] "Console<0><Console><Console>" changed cvar (cvar "mapcyclefile") (value "map_custom.txt")
L 10/31/2022 - 05:02:16: [warmod.smx] Current Map: de_dust2, Warmod Version: 19.11.21.2253
L 10/31/2022 - 05:02:17: [chat-processor.smx] Message formats generated for game 'csgo'.
L 10/31/2022 - 05:02:17: [chat-processor.smx] Successfully hooked a SayText2 chat hook.
L 10/31/2022 - 06:40:51: -------- Mapchange to de_dust2 --------
L 10/31/2022 - 06:40:52: [basecommands.smx] "Console<0><Console><Console>" changed cvar (cvar "mapcyclefile") (value "map_custom.txt")
L 10/31/2022 - 06:40:56: [warmod.smx] Current Map: de_dust2, Warmod Version: 19.11.21.2253
L 10/31/2022 - 06:40:57: [chat-processor.smx] Message formats generated for game 'csgo'.
L 10/31/2022 - 06:40:57: [chat-processor.smx] Successfully hooked a SayText2 chat hook.
L 10/31/2022 - 07:36:55: -------- Mapchange to de_dust2 --------
L 10/31/2022 - 07:36:56: [basecommands.smx] "Console<0><Console><Console>" changed cvar (cvar "mapcyclefile") (value "map_custom.txt")
L 10/31/2022 - 07:37:00: [warmod.smx] Current Map: de_dust2, Warmod Version: 19.11.21.2253
L 10/31/2022 - 07:37:00: [chat-processor.smx] Message formats generated for game 'csgo'.
L 10/31/2022 - 07:37:00: [chat-processor.smx] Successfully hooked a SayText2 chat hook.
L 10/31/2022 - 11:10:21: -------- Mapchange to de_dust2 --------
L 10/31/2022 - 11:10:22: [basecommands.smx] "Console<0><Console><Console>" changed cvar (cvar "mapcyclefile") (value "map_custom.txt")
L 10/31/2022 - 11:10:26: [warmod.smx] Current Map: de_dust2, Warmod Version: 19.11.21.2253
L 10/31/2022 - 11:10:27: [chat-processor.smx] Message formats generated for game 'csgo'.
L 10/31/2022 - 11:10:27: [chat-processor.smx] Successfully hooked a SayText2 chat hook.
L 10/31/2022 - 13:06:30: -------- Mapchange to de_dust2 --------
L 10/31/2022 - 13:07:32: [basecommands.smx] "Console<0><Console><Console>" changed cvar (cvar "mapcyclefile") (value "map_custom.txt")
L 10/31/2022 - 13:07:36: [warmod.smx] Current Map: de_dust2, Warmod Version: 19.11.21.2253
L 10/31/2022 - 13:07:37: [chat-processor.smx] Message formats generated for game 'csgo'.
L 10/31/2022 - 13:07:37: [chat-processor.smx] Successfully hooked a SayText2 chat hook.
L 10/31/2022 - 13:29:06: -------- Mapchange to de_dust2 --------
L 10/31/2022 - 13:29:07: [basecommands.smx] "Console<0><Console><Console>" changed cvar (cvar "mapcyclefile") (value "map_custom.txt")
L 10/31/2022 - 13:29:11: [warmod.smx] Current Map: de_dust2, Warmod Version: 19.11.21.2253
L 10/31/2022 - 13:29:12: [chat-processor.smx] Message formats generated for game 'csgo'.
L 10/31/2022 - 13:29:12: [chat-processor.smx] Successfully hooked a SayText2 chat hook.
L 10/31/2022 - 13:58:01: -------- Mapchange to de_dust2 --------
L 10/31/2022 - 13:58:02: [basecommands.smx] "Console<0><Console><Console>" changed cvar (cvar "mapcyclefile") (value "map_custom.txt")
L 10/31/2022 - 13:58:06: [warmod.smx] Current Map: de_dust2, Warmod Version: 19.11.21.2253
L 10/31/2022 - 13:58:07: [chat-processor.smx] Message formats generated for game 'csgo'.
L 10/31/2022 - 13:58:07: [chat-processor.smx] Successfully hooked a SayText2 chat hook.
L 10/31/2022 - 14:03:18: -------- Mapchange to de_dust2 --------
L 10/31/2022 - 14:03:18: [basecommands.smx] "Console<0><Console><Console>" changed cvar (cvar "mapcyclefile") (value "map_custom.txt")
L 10/31/2022 - 14:03:22: [warmod.smx] Current Map: de_dust2, Warmod Version: 19.11.21.2253
L 10/31/2022 - 14:03:23: [chat-processor.smx] Message formats generated for game 'csgo'.
L 10/31/2022 - 14:03:23: [chat-processor.smx] Successfully hooked a SayText2 chat hook.
L 10/31/2022 - 14:35:51: -------- Mapchange to de_dust2 --------
L 10/31/2022 - 14:35:51: [basecommands.smx] "Console<0><Console><Console>" changed cvar (cvar "mapcyclefile") (value "map_custom.txt")
L 10/31/2022 - 14:35:55: [warmod.smx] Current Map: de_dust2, Warmod Version: 19.11.21.2253
L 10/31/2022 - 14:35:56: [chat-processor.smx] Message formats generated for game 'csgo'.
L 10/31/2022 - 14:35:56: [chat-processor.smx] Successfully hooked a SayText2 chat hook.
L 10/31/2022 - 14:41:17: -------- Mapchange to de_dust2 --------
L 10/31/2022 - 14:41:17: [basecommands.smx] "Console<0><Console><Console>" changed cvar (cvar "mapcyclefile") (value "map_custom.txt")
L 10/31/2022 - 14:41:21: [warmod.smx] Current Map: de_dust2, Warmod Version: 19.11.21.2253
L 10/31/2022 - 14:41:22: [chat-processor.smx] Message formats generated for game 'csgo'.
L 10/31/2022 - 14:41:22: [chat-processor.smx] Successfully hooked a SayText2 chat hook.
L 10/31/2022 - 14:47:42: -------- Mapchange to de_dust2 --------
L 10/31/2022 - 14:47:43: [basecommands.smx] "Console<0><Console><Console>" changed cvar (cvar "mapcyclefile") (value "map_custom.txt")
L 10/31/2022 - 14:47:47: [warmod.smx] Current Map: de_dust2, Warmod Version: 19.11.21.2253
L 10/31/2022 - 14:47:48: [chat-processor.smx] Message formats generated for game 'csgo'.
L 10/31/2022 - 14:47:48: [chat-processor.smx] Successfully hooked a SayText2 chat hook.
L 10/31/2022 - 19:08:39: -------- Mapchange to de_dust2 --------
L 10/31/2022 - 19:08:39: [basecommands.smx] "Console<0><Console><Console>" changed cvar (cvar "mapcyclefile") (value "map_custom.txt")
L 10/31/2022 - 19:08:43: [warmod.smx] Current Map: de_dust2, Warmod Version: 19.11.21.2253
L 10/31/2022 - 19:08:44: [chat-processor.smx] Message formats generated for game 'csgo'.
L 10/31/2022 - 19:08:44: [chat-processor.smx] Successfully hooked a SayText2 chat hook.
L 10/31/2022 - 20:43:23: -------- Mapchange to de_dust2 --------
L 10/31/2022 - 20:43:24: [basecommands.smx] "Console<0><Console><Console>" changed cvar (cvar "mapcyclefile") (value "map_custom.txt")
L 10/31/2022 - 20:43:27: [warmod.smx] Current Map: de_dust2, Warmod Version: 19.11.21.2253
L 10/31/2022 - 20:43:28: [chat-processor.smx] Message formats generated for game 'csgo'.
L 10/31/2022 - 20:43:28: [chat-processor.smx] Successfully hooked a SayText2 chat hook.
L 10/31/2022 - 23:21:56: -------- Mapchange to de_dust2 --------
L 10/31/2022 - 23:21:57: [basecommands.smx] "Console<0><Console><Console>" changed cvar (cvar "mapcyclefile") (value "map_custom.txt")
L 10/31/2022 - 23:22:01: [warmod.smx] Current Map: de_dust2, Warmod Version: 19.11.21.2253
L 10/31/2022 - 23:22:01: [chat-processor.smx] Message formats generated for game 'csgo'.
L 10/31/2022 - 23:22:01: [chat-processor.smx] Successfully hooked a SayText2 chat hook.
L 11/01/2022 - 03:16:58: Log file closed.
