L 09/10/2022 - 06:35:16: SourceMod log file session started (file "/badfupo/server1/csgo/addons/sourcemod/logs/L20220910.log") (Version "1.12.0.6912")
L 09/10/2022 - 06:35:16: [GEOIP] GeoIP2 database loaded: GeoLite2-City (2019-12-17 20:01:26 UTC) (/badfupo/server1/csgo/addons/sourcemod/configs/geoip/GeoLite2-City.mmdb)
L 09/10/2022 - 06:35:16: [GEOIP] GeoIP2 supported languages: de en es fr ja pt-BR ru zh-CN
L 09/10/2022 - 06:35:16: [GEOIP] Your database is older than 90 days. You should consider downloading a newer version from e.g. https://dev.maxmind.com/geoip/geolite2-free-geolocation-data
L 09/10/2022 - 06:35:16: [auto_steam_update.smx] HUD text is supported on this mod. The persistant timer will display.
L 09/10/2022 - 06:35:21: [warmod.smx] Current Map: de_mirage, Warmod Version: 19.11.21.2253
L 09/10/2022 - 06:35:30: [sm_admin_wd.smx] The server was restarted, attempted to reconnect all players.
L 09/10/2022 - 06:35:32: Log file closed.
L 09/10/2022 - 06:36:43: SourceMod log file session started (file "/badfupo/server1/csgo/addons/sourcemod/logs/L20220910.log") (Version "1.12.0.6912")
L 09/10/2022 - 06:36:43: [GEOIP] GeoIP2 database loaded: GeoLite2-City (2019-12-17 20:01:26 UTC) (/badfupo/server1/csgo/addons/sourcemod/configs/geoip/GeoLite2-City.mmdb)
L 09/10/2022 - 06:36:43: [GEOIP] GeoIP2 supported languages: de en es fr ja pt-BR ru zh-CN
L 09/10/2022 - 06:36:43: [GEOIP] Your database is older than 90 days. You should consider downloading a newer version from e.g. https://dev.maxmind.com/geoip/geolite2-free-geolocation-data
L 09/10/2022 - 06:36:43: [auto_steam_update.smx] HUD text is supported on this mod. The persistant timer will display.
L 09/10/2022 - 06:36:46: [warmod.smx] Current Map: de_mirage, Warmod Version: 19.11.21.2253
L 09/10/2022 - 06:41:39: Log file closed.
L 09/10/2022 - 12:09:13: SourceMod log file session started (file "/badfupo/server1/csgo/addons/sourcemod/logs/L20220910.log") (Version "1.12.0.6912")
L 09/10/2022 - 12:09:13: [GEOIP] GeoIP2 database loaded: GeoLite2-City (2019-12-17 20:01:26 UTC) (/badfupo/server1/csgo/addons/sourcemod/configs/geoip/GeoLite2-City.mmdb)
L 09/10/2022 - 12:09:13: [GEOIP] GeoIP2 supported languages: de en es fr ja pt-BR ru zh-CN
L 09/10/2022 - 12:09:13: [GEOIP] Your database is older than 90 days. You should consider downloading a newer version from e.g. https://dev.maxmind.com/geoip/geolite2-free-geolocation-data
L 09/10/2022 - 12:09:13: [auto_steam_update.smx] HUD text is supported on this mod. The persistant timer will display.
L 09/10/2022 - 12:09:18: [warmod.smx] Current Map: de_mirage, Warmod Version: 19.11.21.2253
L 09/10/2022 - 12:33:32: -------- Mapchange to de_mirage --------
L 09/10/2022 - 12:33:32: [basecommands.smx] "Console<0><Console><Console>" changed cvar (cvar "mapcyclefile") (value "map_custom.txt")
L 09/10/2022 - 12:33:36: [warmod.smx] Current Map: de_mirage, Warmod Version: 19.11.21.2253
L 09/10/2022 - 12:33:36: [chat-processor.smx] Message formats generated for game 'csgo'.
L 09/10/2022 - 12:33:36: [chat-processor.smx] Successfully hooked a SayText2 chat hook.
L 09/10/2022 - 13:06:11: -------- Mapchange to de_mirage --------
L 09/10/2022 - 13:06:12: [basecommands.smx] "Console<0><Console><Console>" changed cvar (cvar "mapcyclefile") (value "map_custom.txt")
L 09/10/2022 - 13:06:15: [warmod.smx] Current Map: de_mirage, Warmod Version: 19.11.21.2253
L 09/10/2022 - 13:06:15: [chat-processor.smx] Message formats generated for game 'csgo'.
L 09/10/2022 - 13:06:15: [chat-processor.smx] Successfully hooked a SayText2 chat hook.
L 09/10/2022 - 14:51:03: -------- Mapchange to de_mirage --------
L 09/10/2022 - 14:51:03: [basecommands.smx] "Console<0><Console><Console>" changed cvar (cvar "mapcyclefile") (value "map_custom.txt")
L 09/10/2022 - 14:51:07: [warmod.smx] Current Map: de_mirage, Warmod Version: 19.11.21.2253
L 09/10/2022 - 14:51:07: [chat-processor.smx] Message formats generated for game 'csgo'.
L 09/10/2022 - 14:51:07: [chat-processor.smx] Successfully hooked a SayText2 chat hook.
L 09/10/2022 - 14:53:08: [basecommands.smx] "KNK<13><STEAM_1:0:126995808><>" kicked "梦 之 泪 伤<14><STEAM_1:0:597648163><>" (reason "")
L 09/10/2022 - 14:53:16: [basecommands.smx] "KNK<13><STEAM_1:0:126995808><>" changed cvar (cvar "game_mode") (value "2")
L 09/10/2022 - 14:53:48: [warmod.smx] "knife_on_3" (player "KNK<13><STEAM_1:0:126995808><>")
L 09/10/2022 - 14:55:22: [basecommands.smx] "KNK<13><STEAM_1:0:126995808><>" changed map to "ver"
L 09/10/2022 - 14:55:25: [SM] Changed map to "ver"
L 09/10/2022 - 14:55:27: -------- Mapchange to de_vertigo --------
L 09/10/2022 - 14:55:27: [basecommands.smx] "Console<0><Console><Console>" changed cvar (cvar "mapcyclefile") (value "map_custom.txt")
L 09/10/2022 - 14:55:31: [warmod.smx] Current Map: de_vertigo, Warmod Version: 19.11.21.2253
L 09/10/2022 - 14:55:31: [chat-processor.smx] Message formats generated for game 'csgo'.
L 09/10/2022 - 14:55:31: [chat-processor.smx] Successfully hooked a SayText2 chat hook.
L 09/10/2022 - 14:56:09: [basecommands.smx] "KNK<13><STEAM_1:0:126995808><>" executed config (file "sm_competitive2v2.cfg")
L 09/10/2022 - 14:56:15: [warmod.smx] "force_start" (player "KNK<13><STEAM_1:0:126995808><>")
L 09/10/2022 - 15:05:11: -------- Mapchange to de_inferno --------
L 09/10/2022 - 15:05:12: [basecommands.smx] "Console<0><Console><Console>" changed cvar (cvar "mapcyclefile") (value "map_custom.txt")
L 09/10/2022 - 15:05:15: [warmod.smx] Current Map: de_inferno, Warmod Version: 19.11.21.2253
L 09/10/2022 - 15:05:15: [chat-processor.smx] Message formats generated for game 'csgo'.
L 09/10/2022 - 15:05:15: [chat-processor.smx] Successfully hooked a SayText2 chat hook.
L 09/10/2022 - 15:10:24: -------- Mapchange to de_inferno --------
L 09/10/2022 - 15:10:24: [basecommands.smx] "Console<0><Console><Console>" changed cvar (cvar "mapcyclefile") (value "map_custom.txt")
L 09/10/2022 - 15:10:27: [warmod.smx] Current Map: de_inferno, Warmod Version: 19.11.21.2253
L 09/10/2022 - 15:10:27: [chat-processor.smx] Message formats generated for game 'csgo'.
L 09/10/2022 - 15:10:27: [chat-processor.smx] Successfully hooked a SayText2 chat hook.
L 09/10/2022 - 16:03:19: -------- Mapchange to de_inferno --------
L 09/10/2022 - 16:03:19: [basecommands.smx] "Console<0><Console><Console>" changed cvar (cvar "mapcyclefile") (value "map_custom.txt")
L 09/10/2022 - 16:03:23: [warmod.smx] Current Map: de_inferno, Warmod Version: 19.11.21.2253
L 09/10/2022 - 16:03:23: [chat-processor.smx] Message formats generated for game 'csgo'.
L 09/10/2022 - 16:03:23: [chat-processor.smx] Successfully hooked a SayText2 chat hook.
L 09/10/2022 - 16:20:52: -------- Mapchange to de_inferno --------
L 09/10/2022 - 16:20:52: [basecommands.smx] "Console<0><Console><Console>" changed cvar (cvar "mapcyclefile") (value "map_custom.txt")
L 09/10/2022 - 16:20:55: [warmod.smx] Current Map: de_inferno, Warmod Version: 19.11.21.2253
L 09/10/2022 - 16:20:55: [chat-processor.smx] Message formats generated for game 'csgo'.
L 09/10/2022 - 16:20:55: [chat-processor.smx] Successfully hooked a SayText2 chat hook.
L 09/10/2022 - 16:55:30: -------- Mapchange to de_inferno --------
L 09/10/2022 - 16:55:31: [basecommands.smx] "Console<0><Console><Console>" changed cvar (cvar "mapcyclefile") (value "map_custom.txt")
L 09/10/2022 - 16:55:34: [warmod.smx] Current Map: de_inferno, Warmod Version: 19.11.21.2253
L 09/10/2022 - 16:55:34: [chat-processor.smx] Message formats generated for game 'csgo'.
L 09/10/2022 - 16:55:34: [chat-processor.smx] Successfully hooked a SayText2 chat hook.
L 09/10/2022 - 17:11:00: -------- Mapchange to de_inferno --------
L 09/10/2022 - 17:11:00: [basecommands.smx] "Console<0><Console><Console>" changed cvar (cvar "mapcyclefile") (value "map_custom.txt")
L 09/10/2022 - 17:11:03: [warmod.smx] Current Map: de_inferno, Warmod Version: 19.11.21.2253
L 09/10/2022 - 17:11:03: [chat-processor.smx] Message formats generated for game 'csgo'.
L 09/10/2022 - 17:11:03: [chat-processor.smx] Successfully hooked a SayText2 chat hook.
L 09/10/2022 - 20:04:49: SourceMod log file session started (file "/badfupo/server1/csgo/addons/sourcemod/logs/L20220910.log") (Version "1.12.0.6912")
L 09/10/2022 - 20:04:49: [GEOIP] GeoIP2 database loaded: GeoLite2-City (2019-12-17 20:01:26 UTC) (/badfupo/server1/csgo/addons/sourcemod/configs/geoip/GeoLite2-City.mmdb)
L 09/10/2022 - 20:04:49: [GEOIP] GeoIP2 supported languages: de en es fr ja pt-BR ru zh-CN
L 09/10/2022 - 20:04:49: [GEOIP] Your database is older than 90 days. You should consider downloading a newer version from e.g. https://dev.maxmind.com/geoip/geolite2-free-geolocation-data
L 09/10/2022 - 20:04:49: [auto_steam_update.smx] HUD text is supported on this mod. The persistant timer will display.
L 09/10/2022 - 20:04:54: [warmod.smx] Current Map: de_mirage, Warmod Version: 19.11.21.2253
L 09/10/2022 - 20:17:18: SourceMod log file session started (file "/badfupo/server1/csgo/addons/sourcemod/logs/L20220910.log") (Version "1.12.0.6912")
L 09/10/2022 - 20:17:18: [GEOIP] GeoIP2 database loaded: GeoLite2-City (2019-12-17 20:01:26 UTC) (/badfupo/server1/csgo/addons/sourcemod/configs/geoip/GeoLite2-City.mmdb)
L 09/10/2022 - 20:17:18: [GEOIP] GeoIP2 supported languages: de en es fr ja pt-BR ru zh-CN
L 09/10/2022 - 20:17:18: [GEOIP] Your database is older than 90 days. You should consider downloading a newer version from e.g. https://dev.maxmind.com/geoip/geolite2-free-geolocation-data
L 09/10/2022 - 20:17:19: [auto_steam_update.smx] HUD text is supported on this mod. The persistant timer will display.
L 09/10/2022 - 20:17:23: [warmod.smx] Current Map: de_mirage, Warmod Version: 19.11.21.2253
L 09/11/2022 - 02:45:09: Log file closed.
