L 10/25/2022 - 00:32:09: SourceMod log file session started (file "/badfupo/server1/csgo/addons/sourcemod/logs/L20221025.log") (Version "1.11.0.6913")
L 10/25/2022 - 00:32:09: [basecommands.smx] "Console<0><Console><Console>" changed cvar (cvar "mapcyclefile") (value "map_custom.txt")
L 10/25/2022 - 00:32:13: [warmod.smx] Current Map: de_mirage, Warmod Version: 19.11.21.2253
L 10/25/2022 - 00:32:14: [chat-processor.smx] Message formats generated for game 'csgo'.
L 10/25/2022 - 00:32:14: [chat-processor.smx] Successfully hooked a SayText2 chat hook.
L 10/25/2022 - 00:38:11: -------- Mapchange to de_mirage --------
L 10/25/2022 - 00:38:11: [basecommands.smx] "Console<0><Console><Console>" changed cvar (cvar "mapcyclefile") (value "map_custom.txt")
L 10/25/2022 - 00:38:15: [warmod.smx] Current Map: de_mirage, Warmod Version: 19.11.21.2253
L 10/25/2022 - 00:38:16: [chat-processor.smx] Message formats generated for game 'csgo'.
L 10/25/2022 - 00:38:16: [chat-processor.smx] Successfully hooked a SayText2 chat hook.
L 10/25/2022 - 00:58:15: -------- Mapchange to de_mirage --------
L 10/25/2022 - 00:58:16: [basecommands.smx] "Console<0><Console><Console>" changed cvar (cvar "mapcyclefile") (value "map_custom.txt")
L 10/25/2022 - 00:58:19: [warmod.smx] Current Map: de_mirage, Warmod Version: 19.11.21.2253
L 10/25/2022 - 00:58:20: [chat-processor.smx] Message formats generated for game 'csgo'.
L 10/25/2022 - 00:58:20: [chat-processor.smx] Successfully hooked a SayText2 chat hook.
L 10/25/2022 - 01:44:03: -------- Mapchange to de_mirage --------
L 10/25/2022 - 01:44:04: [basecommands.smx] "Console<0><Console><Console>" changed cvar (cvar "mapcyclefile") (value "map_custom.txt")
L 10/25/2022 - 01:44:08: [warmod.smx] Current Map: de_mirage, Warmod Version: 19.11.21.2253
L 10/25/2022 - 01:44:08: [chat-processor.smx] Message formats generated for game 'csgo'.
L 10/25/2022 - 01:44:08: [chat-processor.smx] Successfully hooked a SayText2 chat hook.
L 10/25/2022 - 05:43:49: -------- Mapchange to de_mirage --------
L 10/25/2022 - 05:43:49: [basecommands.smx] "Console<0><Console><Console>" changed cvar (cvar "mapcyclefile") (value "map_custom.txt")
L 10/25/2022 - 05:43:53: [warmod.smx] Current Map: de_mirage, Warmod Version: 19.11.21.2253
L 10/25/2022 - 05:43:54: [chat-processor.smx] Message formats generated for game 'csgo'.
L 10/25/2022 - 05:43:54: [chat-processor.smx] Successfully hooked a SayText2 chat hook.
L 10/25/2022 - 09:25:46: -------- Mapchange to de_mirage --------
L 10/25/2022 - 09:25:47: [basecommands.smx] "Console<0><Console><Console>" changed cvar (cvar "mapcyclefile") (value "map_custom.txt")
L 10/25/2022 - 09:25:51: [warmod.smx] Current Map: de_mirage, Warmod Version: 19.11.21.2253
L 10/25/2022 - 09:25:51: [chat-processor.smx] Message formats generated for game 'csgo'.
L 10/25/2022 - 09:25:51: [chat-processor.smx] Successfully hooked a SayText2 chat hook.
L 10/25/2022 - 12:07:38: -------- Mapchange to de_mirage --------
L 10/25/2022 - 12:07:38: [basecommands.smx] "Console<0><Console><Console>" changed cvar (cvar "mapcyclefile") (value "map_custom.txt")
L 10/25/2022 - 12:07:42: [warmod.smx] Current Map: de_mirage, Warmod Version: 19.11.21.2253
L 10/25/2022 - 12:07:43: [chat-processor.smx] Message formats generated for game 'csgo'.
L 10/25/2022 - 12:07:43: [chat-processor.smx] Successfully hooked a SayText2 chat hook.
L 10/25/2022 - 12:15:31: -------- Mapchange to de_mirage --------
L 10/25/2022 - 12:15:31: [basecommands.smx] "Console<0><Console><Console>" changed cvar (cvar "mapcyclefile") (value "map_custom.txt")
L 10/25/2022 - 12:15:35: [warmod.smx] Current Map: de_mirage, Warmod Version: 19.11.21.2253
L 10/25/2022 - 12:15:35: [chat-processor.smx] Message formats generated for game 'csgo'.
L 10/25/2022 - 12:15:35: [chat-processor.smx] Successfully hooked a SayText2 chat hook.
L 10/25/2022 - 13:23:41: -------- Mapchange to de_mirage --------
L 10/25/2022 - 13:23:41: [basecommands.smx] "Console<0><Console><Console>" changed cvar (cvar "mapcyclefile") (value "map_custom.txt")
L 10/25/2022 - 13:23:45: [warmod.smx] Current Map: de_mirage, Warmod Version: 19.11.21.2253
L 10/25/2022 - 13:23:46: [chat-processor.smx] Message formats generated for game 'csgo'.
L 10/25/2022 - 13:23:46: [chat-processor.smx] Successfully hooked a SayText2 chat hook.
L 10/25/2022 - 13:38:59: -------- Mapchange to de_mirage --------
L 10/25/2022 - 13:38:59: [basecommands.smx] "Console<0><Console><Console>" changed cvar (cvar "mapcyclefile") (value "map_custom.txt")
L 10/25/2022 - 13:39:03: [warmod.smx] Current Map: de_mirage, Warmod Version: 19.11.21.2253
L 10/25/2022 - 13:39:04: [chat-processor.smx] Message formats generated for game 'csgo'.
L 10/25/2022 - 13:39:04: [chat-processor.smx] Successfully hooked a SayText2 chat hook.
L 10/25/2022 - 14:25:40: -------- Mapchange to de_mirage --------
L 10/25/2022 - 14:25:41: [basecommands.smx] "Console<0><Console><Console>" changed cvar (cvar "mapcyclefile") (value "map_custom.txt")
L 10/25/2022 - 14:25:45: [warmod.smx] Current Map: de_mirage, Warmod Version: 19.11.21.2253
L 10/25/2022 - 14:25:45: [chat-processor.smx] Message formats generated for game 'csgo'.
L 10/25/2022 - 14:25:45: [chat-processor.smx] Successfully hooked a SayText2 chat hook.
L 10/25/2022 - 16:45:34: -------- Mapchange to de_mirage --------
L 10/25/2022 - 16:45:34: [basecommands.smx] "Console<0><Console><Console>" changed cvar (cvar "mapcyclefile") (value "map_custom.txt")
L 10/25/2022 - 16:45:38: [warmod.smx] Current Map: de_mirage, Warmod Version: 19.11.21.2253
L 10/25/2022 - 16:45:39: [chat-processor.smx] Message formats generated for game 'csgo'.
L 10/25/2022 - 16:45:39: [chat-processor.smx] Successfully hooked a SayText2 chat hook.
L 10/25/2022 - 20:14:16: -------- Mapchange to de_mirage --------
L 10/25/2022 - 20:14:16: [basecommands.smx] "Console<0><Console><Console>" changed cvar (cvar "mapcyclefile") (value "map_custom.txt")
L 10/25/2022 - 20:14:20: [warmod.smx] Current Map: de_mirage, Warmod Version: 19.11.21.2253
L 10/25/2022 - 20:14:21: [chat-processor.smx] Message formats generated for game 'csgo'.
L 10/25/2022 - 20:14:21: [chat-processor.smx] Successfully hooked a SayText2 chat hook.
L 10/25/2022 - 23:34:47: -------- Mapchange to de_mirage --------
L 10/25/2022 - 23:34:48: [basecommands.smx] "Console<0><Console><Console>" changed cvar (cvar "mapcyclefile") (value "map_custom.txt")
L 10/25/2022 - 23:34:52: [warmod.smx] Current Map: de_mirage, Warmod Version: 19.11.21.2253
L 10/25/2022 - 23:34:52: [chat-processor.smx] Message formats generated for game 'csgo'.
L 10/25/2022 - 23:34:52: [chat-processor.smx] Successfully hooked a SayText2 chat hook.
L 10/26/2022 - 00:39:19: Log file closed.
