L 11/24/2022 - 11:42:01: SourceMod log file session started (file "/csgoserver/server1/csgo/addons/sourcemod/logs/L20221124.log") (Version "1.11.0.6913")
L 11/24/2022 - 11:42:01: [basecommands.smx] "Console<0><Console><Console>" changed cvar (cvar "mapcyclefile") (value "map_custom.txt")
L 11/24/2022 - 11:42:03: [chat-processor.smx] Message formats generated for game 'csgo'.
L 11/24/2022 - 11:42:03: [chat-processor.smx] Successfully hooked a SayText2 chat hook.
L 11/24/2022 - 11:53:13: -------- Mapchange to de_mirage --------
L 11/24/2022 - 11:53:14: [basecommands.smx] "Console<0><Console><Console>" changed cvar (cvar "mapcyclefile") (value "map_custom.txt")
L 11/24/2022 - 11:53:16: [chat-processor.smx] Message formats generated for game 'csgo'.
L 11/24/2022 - 11:53:16: [chat-processor.smx] Successfully hooked a SayText2 chat hook.
L 11/24/2022 - 12:01:45: -------- Mapchange to de_mirage --------
L 11/24/2022 - 12:01:45: [basecommands.smx] "Console<0><Console><Console>" changed cvar (cvar "mapcyclefile") (value "map_custom.txt")
L 11/24/2022 - 12:01:48: [chat-processor.smx] Message formats generated for game 'csgo'.
L 11/24/2022 - 12:01:48: [chat-processor.smx] Successfully hooked a SayText2 chat hook.
L 11/24/2022 - 12:25:41: -------- Mapchange to de_mirage --------
L 11/24/2022 - 12:25:41: [basecommands.smx] "Console<0><Console><Console>" changed cvar (cvar "mapcyclefile") (value "map_custom.txt")
L 11/24/2022 - 12:25:43: [chat-processor.smx] Message formats generated for game 'csgo'.
L 11/24/2022 - 12:25:43: [chat-processor.smx] Successfully hooked a SayText2 chat hook.
L 11/24/2022 - 14:22:59: -------- Mapchange to de_mirage --------
L 11/24/2022 - 14:22:59: [basecommands.smx] "Console<0><Console><Console>" changed cvar (cvar "mapcyclefile") (value "map_custom.txt")
L 11/24/2022 - 14:23:01: [chat-processor.smx] Message formats generated for game 'csgo'.
L 11/24/2022 - 14:23:01: [chat-processor.smx] Successfully hooked a SayText2 chat hook.
L 11/24/2022 - 20:35:51: -------- Mapchange to de_mirage --------
L 11/24/2022 - 20:35:51: [basecommands.smx] "Console<0><Console><Console>" changed cvar (cvar "mapcyclefile") (value "map_custom.txt")
L 11/24/2022 - 20:35:53: [chat-processor.smx] Message formats generated for game 'csgo'.
L 11/24/2022 - 20:35:53: [chat-processor.smx] Successfully hooked a SayText2 chat hook.
L 11/24/2022 - 20:50:22: -------- Mapchange to de_mirage --------
L 11/24/2022 - 20:50:22: [basecommands.smx] "Console<0><Console><Console>" changed cvar (cvar "mapcyclefile") (value "map_custom.txt")
L 11/24/2022 - 20:50:24: [chat-processor.smx] Message formats generated for game 'csgo'.
L 11/24/2022 - 20:50:24: [chat-processor.smx] Successfully hooked a SayText2 chat hook.
L 11/24/2022 - 20:59:57: -------- Mapchange to de_mirage --------
L 11/24/2022 - 20:59:57: [basecommands.smx] "Console<0><Console><Console>" changed cvar (cvar "mapcyclefile") (value "map_custom.txt")
L 11/24/2022 - 21:00:00: [chat-processor.smx] Message formats generated for game 'csgo'.
L 11/24/2022 - 21:00:00: [chat-processor.smx] Successfully hooked a SayText2 chat hook.
L 11/25/2022 - 12:59:14: Log file closed.
