L 09/20/2022 - 00:40:02: SourceMod log file session started (file "/badfupo/server1/csgo/addons/sourcemod/logs/L20220920.log") (Version "1.12.0.6912")
L 09/20/2022 - 00:40:02: [basecommands.smx] "Console<0><Console><Console>" changed cvar (cvar "mapcyclefile") (value "map_custom.txt")
L 09/20/2022 - 00:40:06: [warmod.smx] Current Map: de_overpass, Warmod Version: 19.11.21.2253
L 09/20/2022 - 00:40:07: [chat-processor.smx] Message formats generated for game 'csgo'.
L 09/20/2022 - 00:40:07: [chat-processor.smx] Successfully hooked a SayText2 chat hook.
L 09/20/2022 - 02:04:54: -------- Mapchange to de_overpass --------
L 09/20/2022 - 02:04:54: [basecommands.smx] "Console<0><Console><Console>" changed cvar (cvar "mapcyclefile") (value "map_custom.txt")
L 09/20/2022 - 02:04:58: [warmod.smx] Current Map: de_overpass, Warmod Version: 19.11.21.2253
L 09/20/2022 - 02:04:58: [chat-processor.smx] Message formats generated for game 'csgo'.
L 09/20/2022 - 02:04:58: [chat-processor.smx] Successfully hooked a SayText2 chat hook.
L 09/20/2022 - 03:29:52: -------- Mapchange to de_overpass --------
L 09/20/2022 - 03:29:53: [basecommands.smx] "Console<0><Console><Console>" changed cvar (cvar "mapcyclefile") (value "map_custom.txt")
L 09/20/2022 - 03:29:57: [warmod.smx] Current Map: de_overpass, Warmod Version: 19.11.21.2253
L 09/20/2022 - 03:29:57: [chat-processor.smx] Message formats generated for game 'csgo'.
L 09/20/2022 - 03:29:57: [chat-processor.smx] Successfully hooked a SayText2 chat hook.
L 09/20/2022 - 07:05:31: -------- Mapchange to de_overpass --------
L 09/20/2022 - 07:05:32: [basecommands.smx] "Console<0><Console><Console>" changed cvar (cvar "mapcyclefile") (value "map_custom.txt")
L 09/20/2022 - 07:05:36: [warmod.smx] Current Map: de_overpass, Warmod Version: 19.11.21.2253
L 09/20/2022 - 07:05:36: [chat-processor.smx] Message formats generated for game 'csgo'.
L 09/20/2022 - 07:05:36: [chat-processor.smx] Successfully hooked a SayText2 chat hook.
L 09/20/2022 - 07:43:02: -------- Mapchange to de_overpass --------
L 09/20/2022 - 07:43:03: [basecommands.smx] "Console<0><Console><Console>" changed cvar (cvar "mapcyclefile") (value "map_custom.txt")
L 09/20/2022 - 07:43:06: [warmod.smx] Current Map: de_overpass, Warmod Version: 19.11.21.2253
L 09/20/2022 - 07:43:07: [chat-processor.smx] Message formats generated for game 'csgo'.
L 09/20/2022 - 07:43:07: [chat-processor.smx] Successfully hooked a SayText2 chat hook.
L 09/20/2022 - 07:54:06: -------- Mapchange to de_overpass --------
L 09/20/2022 - 07:54:07: [basecommands.smx] "Console<0><Console><Console>" changed cvar (cvar "mapcyclefile") (value "map_custom.txt")
L 09/20/2022 - 07:54:10: [warmod.smx] Current Map: de_overpass, Warmod Version: 19.11.21.2253
L 09/20/2022 - 07:54:11: [chat-processor.smx] Message formats generated for game 'csgo'.
L 09/20/2022 - 07:54:11: [chat-processor.smx] Successfully hooked a SayText2 chat hook.
L 09/20/2022 - 11:07:57: -------- Mapchange to de_overpass --------
L 09/20/2022 - 11:07:58: [basecommands.smx] "Console<0><Console><Console>" changed cvar (cvar "mapcyclefile") (value "map_custom.txt")
L 09/20/2022 - 11:08:01: [warmod.smx] Current Map: de_overpass, Warmod Version: 19.11.21.2253
L 09/20/2022 - 11:08:02: [chat-processor.smx] Message formats generated for game 'csgo'.
L 09/20/2022 - 11:08:02: [chat-processor.smx] Successfully hooked a SayText2 chat hook.
L 09/20/2022 - 11:27:34: -------- Mapchange to de_overpass --------
L 09/20/2022 - 11:27:35: [basecommands.smx] "Console<0><Console><Console>" changed cvar (cvar "mapcyclefile") (value "map_custom.txt")
L 09/20/2022 - 11:27:38: [warmod.smx] Current Map: de_overpass, Warmod Version: 19.11.21.2253
L 09/20/2022 - 11:27:39: [chat-processor.smx] Message formats generated for game 'csgo'.
L 09/20/2022 - 11:27:39: [chat-processor.smx] Successfully hooked a SayText2 chat hook.
L 09/20/2022 - 11:45:26: -------- Mapchange to de_overpass --------
L 09/20/2022 - 11:45:27: [basecommands.smx] "Console<0><Console><Console>" changed cvar (cvar "mapcyclefile") (value "map_custom.txt")
L 09/20/2022 - 11:45:30: [warmod.smx] Current Map: de_overpass, Warmod Version: 19.11.21.2253
L 09/20/2022 - 11:45:31: [chat-processor.smx] Message formats generated for game 'csgo'.
L 09/20/2022 - 11:45:31: [chat-processor.smx] Successfully hooked a SayText2 chat hook.
L 09/20/2022 - 14:06:39: -------- Mapchange to de_overpass --------
L 09/20/2022 - 14:06:39: [basecommands.smx] "Console<0><Console><Console>" changed cvar (cvar "mapcyclefile") (value "map_custom.txt")
L 09/20/2022 - 14:06:43: [warmod.smx] Current Map: de_overpass, Warmod Version: 19.11.21.2253
L 09/20/2022 - 14:06:44: [chat-processor.smx] Message formats generated for game 'csgo'.
L 09/20/2022 - 14:06:44: [chat-processor.smx] Successfully hooked a SayText2 chat hook.
L 09/20/2022 - 14:50:35: -------- Mapchange to de_overpass --------
L 09/20/2022 - 14:50:35: [basecommands.smx] "Console<0><Console><Console>" changed cvar (cvar "mapcyclefile") (value "map_custom.txt")
L 09/20/2022 - 14:50:39: [warmod.smx] Current Map: de_overpass, Warmod Version: 19.11.21.2253
L 09/20/2022 - 14:50:40: [chat-processor.smx] Message formats generated for game 'csgo'.
L 09/20/2022 - 14:50:40: [chat-processor.smx] Successfully hooked a SayText2 chat hook.
L 09/21/2022 - 03:42:35: Log file closed.
