L 11/05/2022 - 01:28:17: SourceMod log file session started (file "/badfupo/server1/csgo/addons/sourcemod/logs/L20221105.log") (Version "1.11.0.6913")
L 11/05/2022 - 01:28:17: [basecommands.smx] "Console<0><Console><Console>" changed cvar (cvar "mapcyclefile") (value "map_custom.txt")
L 11/05/2022 - 01:28:21: [warmod.smx] Current Map: de_mirage, Warmod Version: 22.10.29.1916
L 11/05/2022 - 01:28:21: [chat-processor.smx] Message formats generated for game 'csgo'.
L 11/05/2022 - 01:28:21: [chat-processor.smx] Successfully hooked a SayText2 chat hook.
L 11/05/2022 - 01:51:12: -------- Mapchange to de_mirage --------
L 11/05/2022 - 01:51:12: [basecommands.smx] "Console<0><Console><Console>" changed cvar (cvar "mapcyclefile") (value "map_custom.txt")
L 11/05/2022 - 01:51:16: [warmod.smx] Current Map: de_mirage, Warmod Version: 22.10.29.1916
L 11/05/2022 - 01:51:16: [chat-processor.smx] Message formats generated for game 'csgo'.
L 11/05/2022 - 01:51:16: [chat-processor.smx] Successfully hooked a SayText2 chat hook.
L 11/05/2022 - 02:00:31: -------- Mapchange to de_mirage --------
L 11/05/2022 - 02:00:32: [basecommands.smx] "Console<0><Console><Console>" changed cvar (cvar "mapcyclefile") (value "map_custom.txt")
L 11/05/2022 - 02:00:35: [warmod.smx] Current Map: de_mirage, Warmod Version: 22.10.29.1916
L 11/05/2022 - 02:00:35: [chat-processor.smx] Message formats generated for game 'csgo'.
L 11/05/2022 - 02:00:35: [chat-processor.smx] Successfully hooked a SayText2 chat hook.
L 11/05/2022 - 03:25:01: -------- Mapchange to de_mirage --------
L 11/05/2022 - 03:25:02: [basecommands.smx] "Console<0><Console><Console>" changed cvar (cvar "mapcyclefile") (value "map_custom.txt")
L 11/05/2022 - 03:25:05: [warmod.smx] Current Map: de_mirage, Warmod Version: 22.10.29.1916
L 11/05/2022 - 03:25:06: [chat-processor.smx] Message formats generated for game 'csgo'.
L 11/05/2022 - 03:25:06: [chat-processor.smx] Successfully hooked a SayText2 chat hook.
L 11/05/2022 - 03:34:07: -------- Mapchange to de_mirage --------
L 11/05/2022 - 03:34:07: [basecommands.smx] "Console<0><Console><Console>" changed cvar (cvar "mapcyclefile") (value "map_custom.txt")
L 11/05/2022 - 03:34:11: [warmod.smx] Current Map: de_mirage, Warmod Version: 22.10.29.1916
L 11/05/2022 - 03:34:12: [chat-processor.smx] Message formats generated for game 'csgo'.
L 11/05/2022 - 03:34:12: [chat-processor.smx] Successfully hooked a SayText2 chat hook.
L 11/05/2022 - 03:43:54: -------- Mapchange to de_mirage --------
L 11/05/2022 - 03:43:54: [basecommands.smx] "Console<0><Console><Console>" changed cvar (cvar "mapcyclefile") (value "map_custom.txt")
L 11/05/2022 - 03:43:58: [warmod.smx] Current Map: de_mirage, Warmod Version: 22.10.29.1916
L 11/05/2022 - 03:43:58: [chat-processor.smx] Message formats generated for game 'csgo'.
L 11/05/2022 - 03:43:58: [chat-processor.smx] Successfully hooked a SayText2 chat hook.
L 11/05/2022 - 04:08:38: -------- Mapchange to de_mirage --------
L 11/05/2022 - 04:08:38: [basecommands.smx] "Console<0><Console><Console>" changed cvar (cvar "mapcyclefile") (value "map_custom.txt")
L 11/05/2022 - 04:08:42: [warmod.smx] Current Map: de_mirage, Warmod Version: 22.10.29.1916
L 11/05/2022 - 04:08:42: [chat-processor.smx] Message formats generated for game 'csgo'.
L 11/05/2022 - 04:08:42: [chat-processor.smx] Successfully hooked a SayText2 chat hook.
L 11/05/2022 - 04:13:39: -------- Mapchange to de_mirage --------
L 11/05/2022 - 04:13:40: [basecommands.smx] "Console<0><Console><Console>" changed cvar (cvar "mapcyclefile") (value "map_custom.txt")
L 11/05/2022 - 04:13:43: [warmod.smx] Current Map: de_mirage, Warmod Version: 22.10.29.1916
L 11/05/2022 - 04:13:44: [chat-processor.smx] Message formats generated for game 'csgo'.
L 11/05/2022 - 04:13:44: [chat-processor.smx] Successfully hooked a SayText2 chat hook.
L 11/05/2022 - 04:31:09: -------- Mapchange to de_mirage --------
L 11/05/2022 - 04:31:10: [basecommands.smx] "Console<0><Console><Console>" changed cvar (cvar "mapcyclefile") (value "map_custom.txt")
L 11/05/2022 - 04:31:14: [warmod.smx] Current Map: de_mirage, Warmod Version: 22.10.29.1916
L 11/05/2022 - 04:31:14: [chat-processor.smx] Message formats generated for game 'csgo'.
L 11/05/2022 - 04:31:14: [chat-processor.smx] Successfully hooked a SayText2 chat hook.
L 11/05/2022 - 06:17:08: -------- Mapchange to de_mirage --------
L 11/05/2022 - 06:17:09: [basecommands.smx] "Console<0><Console><Console>" changed cvar (cvar "mapcyclefile") (value "map_custom.txt")
L 11/05/2022 - 06:17:12: [warmod.smx] Current Map: de_mirage, Warmod Version: 22.10.29.1916
L 11/05/2022 - 06:17:13: [chat-processor.smx] Message formats generated for game 'csgo'.
L 11/05/2022 - 06:17:13: [chat-processor.smx] Successfully hooked a SayText2 chat hook.
L 11/05/2022 - 06:18:59: -------- Mapchange to de_mirage --------
L 11/05/2022 - 06:18:59: [basecommands.smx] "Console<0><Console><Console>" changed cvar (cvar "mapcyclefile") (value "map_custom.txt")
L 11/05/2022 - 06:19:03: [warmod.smx] Current Map: de_mirage, Warmod Version: 22.10.29.1916
L 11/05/2022 - 06:19:03: [chat-processor.smx] Message formats generated for game 'csgo'.
L 11/05/2022 - 06:19:03: [chat-processor.smx] Successfully hooked a SayText2 chat hook.
L 11/05/2022 - 06:58:53: -------- Mapchange to de_mirage --------
L 11/05/2022 - 06:58:53: [basecommands.smx] "Console<0><Console><Console>" changed cvar (cvar "mapcyclefile") (value "map_custom.txt")
L 11/05/2022 - 06:58:57: [warmod.smx] Current Map: de_mirage, Warmod Version: 22.10.29.1916
L 11/05/2022 - 06:58:57: [chat-processor.smx] Message formats generated for game 'csgo'.
L 11/05/2022 - 06:58:57: [chat-processor.smx] Successfully hooked a SayText2 chat hook.
L 11/05/2022 - 08:53:37: [movecommands.smx] "Lucyna.<127><STEAM_1:1:638833482><>" was moved to Spec by "⛔KILL EM WIS KINDNE$$⛔<125><STEAM_1:0:544240061><>"
L 11/05/2022 - 08:53:38: [movecommands.smx] "MadCat󰀜<115><STEAM_1:0:562849895><>" was moved to Spec by "⛔KILL EM WIS KINDNE$$⛔<125><STEAM_1:0:544240061><>"
L 11/05/2022 - 08:55:35: [warmod.smx] "force_end" (player "⛔KILL EM WIS KINDNE$$⛔<125><STEAM_1:0:544240061><>")
L 11/05/2022 - 08:56:20: [warmod.smx] "knife_on_3" (player "⛔KILL EM WIS KINDNE$$⛔<125><STEAM_1:0:544240061><>")
L 11/05/2022 - 08:58:02: [basecommands.smx] "⛔KILL EM WIS KINDNE$$⛔<125><STEAM_1:0:544240061><>" changed map to "vertigo"
L 11/05/2022 - 08:58:05: [SM] Changed map to "vertigo"
L 11/05/2022 - 08:58:08: -------- Mapchange to de_vertigo --------
L 11/05/2022 - 08:58:08: [basecommands.smx] "Console<0><Console><Console>" changed cvar (cvar "mapcyclefile") (value "map_custom.txt")
L 11/05/2022 - 08:58:12: [warmod.smx] Current Map: de_vertigo, Warmod Version: 22.10.29.1916
L 11/05/2022 - 08:58:12: [chat-processor.smx] Message formats generated for game 'csgo'.
L 11/05/2022 - 08:58:12: [chat-processor.smx] Successfully hooked a SayText2 chat hook.
L 11/05/2022 - 08:59:09: [warmod.smx] "knife_on_3" (player "⛔KILL EM WIS KINDNE$$⛔<125><STEAM_1:0:544240061><>")
L 11/05/2022 - 08:59:33: [basecommands.smx] "⛔KILL EM WIS KINDNE$$⛔<125><STEAM_1:0:544240061><>" kicked "荆棘出品<130><STEAM_1:0:421443410><>" (reason "")
L 11/05/2022 - 09:00:05: [basecommands.smx] "⛔KILL EM WIS KINDNE$$⛔<125><STEAM_1:0:544240061><>" executed config (file "sm_competitive2v2.cfg")
L 11/05/2022 - 09:00:22: [basecommands.smx] "⛔KILL EM WIS KINDNE$$⛔<125><STEAM_1:0:544240061><>" kicked "老Seven<131><STEAM_1:0:640616120><>" (reason "")
L 11/05/2022 - 09:11:27: [SM] Changed map to "de_mirage"
L 11/05/2022 - 09:11:29: -------- Mapchange to de_mirage --------
L 11/05/2022 - 09:11:30: [basecommands.smx] "Console<0><Console><Console>" changed cvar (cvar "mapcyclefile") (value "map_custom.txt")
L 11/05/2022 - 09:11:33: [warmod.smx] Current Map: de_mirage, Warmod Version: 22.10.29.1916
L 11/05/2022 - 09:11:34: [chat-processor.smx] Message formats generated for game 'csgo'.
L 11/05/2022 - 09:11:34: [chat-processor.smx] Successfully hooked a SayText2 chat hook.
L 11/05/2022 - 09:44:30: -------- Mapchange to de_mirage --------
L 11/05/2022 - 09:44:30: [basecommands.smx] "Console<0><Console><Console>" changed cvar (cvar "mapcyclefile") (value "map_custom.txt")
L 11/05/2022 - 09:44:34: [warmod.smx] Current Map: de_mirage, Warmod Version: 22.10.29.1916
L 11/05/2022 - 09:44:34: [chat-processor.smx] Message formats generated for game 'csgo'.
L 11/05/2022 - 09:44:34: [chat-processor.smx] Successfully hooked a SayText2 chat hook.
L 11/05/2022 - 10:13:10: -------- Mapchange to de_mirage --------
L 11/05/2022 - 10:13:10: [basecommands.smx] "Console<0><Console><Console>" changed cvar (cvar "mapcyclefile") (value "map_custom.txt")
L 11/05/2022 - 10:13:14: [warmod.smx] Current Map: de_mirage, Warmod Version: 22.10.29.1916
L 11/05/2022 - 10:13:15: [chat-processor.smx] Message formats generated for game 'csgo'.
L 11/05/2022 - 10:13:15: [chat-processor.smx] Successfully hooked a SayText2 chat hook.
L 11/05/2022 - 10:26:10: -------- Mapchange to de_mirage --------
L 11/05/2022 - 10:26:11: [basecommands.smx] "Console<0><Console><Console>" changed cvar (cvar "mapcyclefile") (value "map_custom.txt")
L 11/05/2022 - 10:26:14: [warmod.smx] Current Map: de_mirage, Warmod Version: 22.10.29.1916
L 11/05/2022 - 10:26:15: [chat-processor.smx] Message formats generated for game 'csgo'.
L 11/05/2022 - 10:26:15: [chat-processor.smx] Successfully hooked a SayText2 chat hook.
L 11/05/2022 - 10:40:46: -------- Mapchange to de_mirage --------
L 11/05/2022 - 10:40:46: [basecommands.smx] "Console<0><Console><Console>" changed cvar (cvar "mapcyclefile") (value "map_custom.txt")
L 11/05/2022 - 10:40:50: [warmod.smx] Current Map: de_mirage, Warmod Version: 22.10.29.1916
L 11/05/2022 - 10:40:50: [chat-processor.smx] Message formats generated for game 'csgo'.
L 11/05/2022 - 10:40:50: [chat-processor.smx] Successfully hooked a SayText2 chat hook.
L 11/05/2022 - 11:03:20: -------- Mapchange to de_mirage --------
L 11/05/2022 - 11:03:21: [basecommands.smx] "Console<0><Console><Console>" changed cvar (cvar "mapcyclefile") (value "map_custom.txt")
L 11/05/2022 - 11:03:25: [warmod.smx] Current Map: de_mirage, Warmod Version: 22.10.29.1916
L 11/05/2022 - 11:03:25: [chat-processor.smx] Message formats generated for game 'csgo'.
L 11/05/2022 - 11:03:25: [chat-processor.smx] Successfully hooked a SayText2 chat hook.
L 11/05/2022 - 12:42:05: -------- Mapchange to de_mirage --------
L 11/05/2022 - 12:42:06: [basecommands.smx] "Console<0><Console><Console>" changed cvar (cvar "mapcyclefile") (value "map_custom.txt")
L 11/05/2022 - 12:42:10: [warmod.smx] Current Map: de_mirage, Warmod Version: 22.10.29.1916
L 11/05/2022 - 12:42:10: [chat-processor.smx] Message formats generated for game 'csgo'.
L 11/05/2022 - 12:42:10: [chat-processor.smx] Successfully hooked a SayText2 chat hook.
L 11/05/2022 - 12:45:01: -------- Mapchange to de_mirage --------
L 11/05/2022 - 12:45:02: [basecommands.smx] "Console<0><Console><Console>" changed cvar (cvar "mapcyclefile") (value "map_custom.txt")
L 11/05/2022 - 12:45:05: [warmod.smx] Current Map: de_mirage, Warmod Version: 22.10.29.1916
L 11/05/2022 - 12:45:06: [chat-processor.smx] Message formats generated for game 'csgo'.
L 11/05/2022 - 12:45:06: [chat-processor.smx] Successfully hooked a SayText2 chat hook.
L 11/05/2022 - 13:07:03: [SM] Changed map to "de_mirage"
L 11/05/2022 - 13:07:05: -------- Mapchange to de_mirage --------
L 11/05/2022 - 13:07:05: [basecommands.smx] "Console<0><Console><Console>" changed cvar (cvar "mapcyclefile") (value "map_custom.txt")
L 11/05/2022 - 13:07:09: [warmod.smx] Current Map: de_mirage, Warmod Version: 22.10.29.1916
L 11/05/2022 - 13:07:10: [chat-processor.smx] Message formats generated for game 'csgo'.
L 11/05/2022 - 13:07:10: [chat-processor.smx] Successfully hooked a SayText2 chat hook.
L 11/05/2022 - 13:29:28: -------- Mapchange to de_mirage --------
L 11/05/2022 - 13:29:28: [basecommands.smx] "Console<0><Console><Console>" changed cvar (cvar "mapcyclefile") (value "map_custom.txt")
L 11/05/2022 - 13:29:32: [warmod.smx] Current Map: de_mirage, Warmod Version: 22.10.29.1916
L 11/05/2022 - 13:29:32: [chat-processor.smx] Message formats generated for game 'csgo'.
L 11/05/2022 - 13:29:32: [chat-processor.smx] Successfully hooked a SayText2 chat hook.
L 11/05/2022 - 15:04:16: -------- Mapchange to de_mirage --------
L 11/05/2022 - 15:04:16: [basecommands.smx] "Console<0><Console><Console>" changed cvar (cvar "mapcyclefile") (value "map_custom.txt")
L 11/05/2022 - 15:04:20: [warmod.smx] Current Map: de_mirage, Warmod Version: 22.10.29.1916
L 11/05/2022 - 15:04:20: [chat-processor.smx] Message formats generated for game 'csgo'.
L 11/05/2022 - 15:04:20: [chat-processor.smx] Successfully hooked a SayText2 chat hook.
L 11/05/2022 - 15:05:41: -------- Mapchange to de_mirage --------
L 11/05/2022 - 15:05:41: [basecommands.smx] "Console<0><Console><Console>" changed cvar (cvar "mapcyclefile") (value "map_custom.txt")
L 11/05/2022 - 15:05:45: [warmod.smx] Current Map: de_mirage, Warmod Version: 22.10.29.1916
L 11/05/2022 - 15:05:45: [chat-processor.smx] Message formats generated for game 'csgo'.
L 11/05/2022 - 15:05:45: [chat-processor.smx] Successfully hooked a SayText2 chat hook.
L 11/05/2022 - 15:59:36: -------- Mapchange to de_mirage --------
L 11/05/2022 - 15:59:36: [basecommands.smx] "Console<0><Console><Console>" changed cvar (cvar "mapcyclefile") (value "map_custom.txt")
L 11/05/2022 - 15:59:40: [warmod.smx] Current Map: de_mirage, Warmod Version: 22.10.29.1916
L 11/05/2022 - 15:59:40: [chat-processor.smx] Message formats generated for game 'csgo'.
L 11/05/2022 - 15:59:40: [chat-processor.smx] Successfully hooked a SayText2 chat hook.
L 11/05/2022 - 16:20:48: -------- Mapchange to de_mirage --------
L 11/05/2022 - 16:20:49: [basecommands.smx] "Console<0><Console><Console>" changed cvar (cvar "mapcyclefile") (value "map_custom.txt")
L 11/05/2022 - 16:20:53: [warmod.smx] Current Map: de_mirage, Warmod Version: 22.10.29.1916
L 11/05/2022 - 16:20:53: [chat-processor.smx] Message formats generated for game 'csgo'.
L 11/05/2022 - 16:20:53: [chat-processor.smx] Successfully hooked a SayText2 chat hook.
L 11/05/2022 - 17:19:56: -------- Mapchange to de_mirage --------
L 11/05/2022 - 17:19:56: [basecommands.smx] "Console<0><Console><Console>" changed cvar (cvar "mapcyclefile") (value "map_custom.txt")
L 11/05/2022 - 17:20:00: [warmod.smx] Current Map: de_mirage, Warmod Version: 22.10.29.1916
L 11/05/2022 - 17:20:01: [chat-processor.smx] Message formats generated for game 'csgo'.
L 11/05/2022 - 17:20:01: [chat-processor.smx] Successfully hooked a SayText2 chat hook.
L 11/05/2022 - 17:36:15: -------- Mapchange to de_mirage --------
L 11/05/2022 - 17:36:15: [basecommands.smx] "Console<0><Console><Console>" changed cvar (cvar "mapcyclefile") (value "map_custom.txt")
L 11/05/2022 - 17:36:19: [warmod.smx] Current Map: de_mirage, Warmod Version: 22.10.29.1916
L 11/05/2022 - 17:36:19: [chat-processor.smx] Message formats generated for game 'csgo'.
L 11/05/2022 - 17:36:19: [chat-processor.smx] Successfully hooked a SayText2 chat hook.
L 11/05/2022 - 20:57:55: -------- Mapchange to de_mirage --------
L 11/05/2022 - 20:57:56: [basecommands.smx] "Console<0><Console><Console>" changed cvar (cvar "mapcyclefile") (value "map_custom.txt")
L 11/05/2022 - 20:57:59: [warmod.smx] Current Map: de_mirage, Warmod Version: 22.10.29.1916
L 11/05/2022 - 20:57:59: [chat-processor.smx] Message formats generated for game 'csgo'.
L 11/05/2022 - 20:57:59: [chat-processor.smx] Successfully hooked a SayText2 chat hook.
L 11/05/2022 - 22:41:50: -------- Mapchange to de_mirage --------
L 11/05/2022 - 22:41:50: [basecommands.smx] "Console<0><Console><Console>" changed cvar (cvar "mapcyclefile") (value "map_custom.txt")
L 11/05/2022 - 22:41:54: [warmod.smx] Current Map: de_mirage, Warmod Version: 22.10.29.1916
L 11/05/2022 - 22:41:55: [chat-processor.smx] Message formats generated for game 'csgo'.
L 11/05/2022 - 22:41:55: [chat-processor.smx] Successfully hooked a SayText2 chat hook.
L 11/05/2022 - 23:36:46: -------- Mapchange to de_mirage --------
L 11/05/2022 - 23:36:47: [basecommands.smx] "Console<0><Console><Console>" changed cvar (cvar "mapcyclefile") (value "map_custom.txt")
L 11/05/2022 - 23:36:51: [warmod.smx] Current Map: de_mirage, Warmod Version: 22.10.29.1916
L 11/05/2022 - 23:36:51: [chat-processor.smx] Message formats generated for game 'csgo'.
L 11/05/2022 - 23:36:51: [chat-processor.smx] Successfully hooked a SayText2 chat hook.
L 11/05/2022 - 23:48:13: -------- Mapchange to de_mirage --------
L 11/05/2022 - 23:48:13: [basecommands.smx] "Console<0><Console><Console>" changed cvar (cvar "mapcyclefile") (value "map_custom.txt")
L 11/05/2022 - 23:48:17: [warmod.smx] Current Map: de_mirage, Warmod Version: 22.10.29.1916
L 11/05/2022 - 23:48:17: [chat-processor.smx] Message formats generated for game 'csgo'.
L 11/05/2022 - 23:48:17: [chat-processor.smx] Successfully hooked a SayText2 chat hook.
L 11/05/2022 - 23:57:00: -------- Mapchange to de_mirage --------
L 11/05/2022 - 23:57:01: [basecommands.smx] "Console<0><Console><Console>" changed cvar (cvar "mapcyclefile") (value "map_custom.txt")
L 11/05/2022 - 23:57:04: [warmod.smx] Current Map: de_mirage, Warmod Version: 22.10.29.1916
L 11/05/2022 - 23:57:05: [chat-processor.smx] Message formats generated for game 'csgo'.
L 11/05/2022 - 23:57:05: [chat-processor.smx] Successfully hooked a SayText2 chat hook.
L 11/06/2022 - 00:32:30: Log file closed.
