L 09/30/2022 - 03:34:35: SourceMod log file session started (file "/badfupo/server1/csgo/addons/sourcemod/logs/L20220930.log") (Version "1.12.0.6912")
L 09/30/2022 - 03:34:35: [basecommands.smx] "Console<0><Console><Console>" changed cvar (cvar "mapcyclefile") (value "map_custom.txt")
L 09/30/2022 - 03:34:39: [warmod.smx] Current Map: de_mirage, Warmod Version: 19.11.21.2253
L 09/30/2022 - 03:34:39: [chat-processor.smx] Message formats generated for game 'csgo'.
L 09/30/2022 - 03:34:39: [chat-processor.smx] Successfully hooked a SayText2 chat hook.
L 09/30/2022 - 03:42:34: -------- Mapchange to de_mirage --------
L 09/30/2022 - 03:42:34: [basecommands.smx] "Console<0><Console><Console>" changed cvar (cvar "mapcyclefile") (value "map_custom.txt")
L 09/30/2022 - 03:42:38: [warmod.smx] Current Map: de_mirage, Warmod Version: 19.11.21.2253
L 09/30/2022 - 03:42:38: [chat-processor.smx] Message formats generated for game 'csgo'.
L 09/30/2022 - 03:42:38: [chat-processor.smx] Successfully hooked a SayText2 chat hook.
L 09/30/2022 - 06:36:38: -------- Mapchange to de_mirage --------
L 09/30/2022 - 06:36:38: [basecommands.smx] "Console<0><Console><Console>" changed cvar (cvar "mapcyclefile") (value "map_custom.txt")
L 09/30/2022 - 06:36:43: [warmod.smx] Current Map: de_mirage, Warmod Version: 19.11.21.2253
L 09/30/2022 - 06:36:43: [chat-processor.smx] Message formats generated for game 'csgo'.
L 09/30/2022 - 06:36:43: [chat-processor.smx] Successfully hooked a SayText2 chat hook.
L 09/30/2022 - 06:56:35: -------- Mapchange to de_mirage --------
L 09/30/2022 - 06:56:35: [basecommands.smx] "Console<0><Console><Console>" changed cvar (cvar "mapcyclefile") (value "map_custom.txt")
L 09/30/2022 - 06:56:39: [warmod.smx] Current Map: de_mirage, Warmod Version: 19.11.21.2253
L 09/30/2022 - 06:56:39: [chat-processor.smx] Message formats generated for game 'csgo'.
L 09/30/2022 - 06:56:39: [chat-processor.smx] Successfully hooked a SayText2 chat hook.
L 09/30/2022 - 07:14:41: -------- Mapchange to de_mirage --------
L 09/30/2022 - 07:14:42: [basecommands.smx] "Console<0><Console><Console>" changed cvar (cvar "mapcyclefile") (value "map_custom.txt")
L 09/30/2022 - 07:14:46: [warmod.smx] Current Map: de_mirage, Warmod Version: 19.11.21.2253
L 09/30/2022 - 07:14:46: [chat-processor.smx] Message formats generated for game 'csgo'.
L 09/30/2022 - 07:14:46: [chat-processor.smx] Successfully hooked a SayText2 chat hook.
L 09/30/2022 - 09:07:51: -------- Mapchange to de_mirage --------
L 09/30/2022 - 09:07:51: [basecommands.smx] "Console<0><Console><Console>" changed cvar (cvar "mapcyclefile") (value "map_custom.txt")
L 09/30/2022 - 09:07:55: [warmod.smx] Current Map: de_mirage, Warmod Version: 19.11.21.2253
L 09/30/2022 - 09:07:56: [chat-processor.smx] Message formats generated for game 'csgo'.
L 09/30/2022 - 09:07:56: [chat-processor.smx] Successfully hooked a SayText2 chat hook.
L 09/30/2022 - 09:18:51: -------- Mapchange to de_mirage --------
L 09/30/2022 - 09:18:52: [basecommands.smx] "Console<0><Console><Console>" changed cvar (cvar "mapcyclefile") (value "map_custom.txt")
L 09/30/2022 - 09:18:56: [warmod.smx] Current Map: de_mirage, Warmod Version: 19.11.21.2253
L 09/30/2022 - 09:18:56: [chat-processor.smx] Message formats generated for game 'csgo'.
L 09/30/2022 - 09:18:56: [chat-processor.smx] Successfully hooked a SayText2 chat hook.
L 09/30/2022 - 10:22:07: -------- Mapchange to de_mirage --------
L 09/30/2022 - 10:22:07: [basecommands.smx] "Console<0><Console><Console>" changed cvar (cvar "mapcyclefile") (value "map_custom.txt")
L 09/30/2022 - 10:22:11: [warmod.smx] Current Map: de_mirage, Warmod Version: 19.11.21.2253
L 09/30/2022 - 10:22:12: [chat-processor.smx] Message formats generated for game 'csgo'.
L 09/30/2022 - 10:22:12: [chat-processor.smx] Successfully hooked a SayText2 chat hook.
L 09/30/2022 - 10:59:26: -------- Mapchange to de_mirage --------
L 09/30/2022 - 10:59:26: [basecommands.smx] "Console<0><Console><Console>" changed cvar (cvar "mapcyclefile") (value "map_custom.txt")
L 09/30/2022 - 10:59:30: [warmod.smx] Current Map: de_mirage, Warmod Version: 19.11.21.2253
L 09/30/2022 - 10:59:31: [chat-processor.smx] Message formats generated for game 'csgo'.
L 09/30/2022 - 10:59:31: [chat-processor.smx] Successfully hooked a SayText2 chat hook.
L 09/30/2022 - 11:42:52: -------- Mapchange to de_mirage --------
L 09/30/2022 - 11:42:53: [basecommands.smx] "Console<0><Console><Console>" changed cvar (cvar "mapcyclefile") (value "map_custom.txt")
L 09/30/2022 - 11:42:56: [warmod.smx] Current Map: de_mirage, Warmod Version: 19.11.21.2253
L 09/30/2022 - 11:42:57: [chat-processor.smx] Message formats generated for game 'csgo'.
L 09/30/2022 - 11:42:57: [chat-processor.smx] Successfully hooked a SayText2 chat hook.
L 09/30/2022 - 12:24:22: -------- Mapchange to de_mirage --------
L 09/30/2022 - 12:24:23: [basecommands.smx] "Console<0><Console><Console>" changed cvar (cvar "mapcyclefile") (value "map_custom.txt")
L 09/30/2022 - 12:24:27: [warmod.smx] Current Map: de_mirage, Warmod Version: 19.11.21.2253
L 09/30/2022 - 12:24:27: [chat-processor.smx] Message formats generated for game 'csgo'.
L 09/30/2022 - 12:24:27: [chat-processor.smx] Successfully hooked a SayText2 chat hook.
L 09/30/2022 - 12:49:01: -------- Mapchange to de_mirage --------
L 09/30/2022 - 12:49:01: [basecommands.smx] "Console<0><Console><Console>" changed cvar (cvar "mapcyclefile") (value "map_custom.txt")
L 09/30/2022 - 12:49:05: [warmod.smx] Current Map: de_mirage, Warmod Version: 19.11.21.2253
L 09/30/2022 - 12:49:06: [chat-processor.smx] Message formats generated for game 'csgo'.
L 09/30/2022 - 12:49:06: [chat-processor.smx] Successfully hooked a SayText2 chat hook.
L 09/30/2022 - 13:06:20: -------- Mapchange to de_mirage --------
L 09/30/2022 - 13:06:21: [basecommands.smx] "Console<0><Console><Console>" changed cvar (cvar "mapcyclefile") (value "map_custom.txt")
L 09/30/2022 - 13:06:25: [warmod.smx] Current Map: de_mirage, Warmod Version: 19.11.21.2253
L 09/30/2022 - 13:06:26: [chat-processor.smx] Message formats generated for game 'csgo'.
L 09/30/2022 - 13:06:26: [chat-processor.smx] Successfully hooked a SayText2 chat hook.
L 09/30/2022 - 13:13:56: -------- Mapchange to de_mirage --------
L 09/30/2022 - 13:13:56: [basecommands.smx] "Console<0><Console><Console>" changed cvar (cvar "mapcyclefile") (value "map_custom.txt")
L 09/30/2022 - 13:14:00: [warmod.smx] Current Map: de_mirage, Warmod Version: 19.11.21.2253
L 09/30/2022 - 13:14:01: [chat-processor.smx] Message formats generated for game 'csgo'.
L 09/30/2022 - 13:14:01: [chat-processor.smx] Successfully hooked a SayText2 chat hook.
L 09/30/2022 - 13:25:01: -------- Mapchange to de_mirage --------
L 09/30/2022 - 13:25:02: [basecommands.smx] "Console<0><Console><Console>" changed cvar (cvar "mapcyclefile") (value "map_custom.txt")
L 09/30/2022 - 13:25:06: [warmod.smx] Current Map: de_mirage, Warmod Version: 19.11.21.2253
L 09/30/2022 - 13:25:07: [chat-processor.smx] Message formats generated for game 'csgo'.
L 09/30/2022 - 13:25:07: [chat-processor.smx] Successfully hooked a SayText2 chat hook.
L 09/30/2022 - 14:15:50: -------- Mapchange to de_mirage --------
L 09/30/2022 - 14:15:50: [basecommands.smx] "Console<0><Console><Console>" changed cvar (cvar "mapcyclefile") (value "map_custom.txt")
L 09/30/2022 - 14:15:54: [warmod.smx] Current Map: de_mirage, Warmod Version: 19.11.21.2253
L 09/30/2022 - 14:15:55: [chat-processor.smx] Message formats generated for game 'csgo'.
L 09/30/2022 - 14:15:55: [chat-processor.smx] Successfully hooked a SayText2 chat hook.
L 09/30/2022 - 15:24:36: -------- Mapchange to de_mirage --------
L 09/30/2022 - 15:24:36: [basecommands.smx] "Console<0><Console><Console>" changed cvar (cvar "mapcyclefile") (value "map_custom.txt")
L 09/30/2022 - 15:24:41: [warmod.smx] Current Map: de_mirage, Warmod Version: 19.11.21.2253
L 09/30/2022 - 15:24:41: [chat-processor.smx] Message formats generated for game 'csgo'.
L 09/30/2022 - 15:24:41: [chat-processor.smx] Successfully hooked a SayText2 chat hook.
L 09/30/2022 - 15:41:40: -------- Mapchange to de_mirage --------
L 09/30/2022 - 15:41:41: [basecommands.smx] "Console<0><Console><Console>" changed cvar (cvar "mapcyclefile") (value "map_custom.txt")
L 09/30/2022 - 15:41:45: [warmod.smx] Current Map: de_mirage, Warmod Version: 19.11.21.2253
L 09/30/2022 - 15:41:46: [chat-processor.smx] Message formats generated for game 'csgo'.
L 09/30/2022 - 15:41:46: [chat-processor.smx] Successfully hooked a SayText2 chat hook.
L 09/30/2022 - 16:25:34: -------- Mapchange to de_mirage --------
L 09/30/2022 - 16:25:34: [basecommands.smx] "Console<0><Console><Console>" changed cvar (cvar "mapcyclefile") (value "map_custom.txt")
L 09/30/2022 - 16:25:38: [warmod.smx] Current Map: de_mirage, Warmod Version: 19.11.21.2253
L 09/30/2022 - 16:25:38: [chat-processor.smx] Message formats generated for game 'csgo'.
L 09/30/2022 - 16:25:38: [chat-processor.smx] Successfully hooked a SayText2 chat hook.
L 09/30/2022 - 16:51:48: -------- Mapchange to de_mirage --------
L 09/30/2022 - 16:51:48: [basecommands.smx] "Console<0><Console><Console>" changed cvar (cvar "mapcyclefile") (value "map_custom.txt")
L 09/30/2022 - 16:51:52: [warmod.smx] Current Map: de_mirage, Warmod Version: 19.11.21.2253
L 09/30/2022 - 16:51:53: [chat-processor.smx] Message formats generated for game 'csgo'.
L 09/30/2022 - 16:51:53: [chat-processor.smx] Successfully hooked a SayText2 chat hook.
L 10/01/2022 - 01:14:43: Log file closed.
