L 12/02/2022 - 11:22:59: SourceMod log file session started (file "/csgoserver/server1/csgo/addons/sourcemod/logs/L20221202.log") (Version "1.11.0.6913")
L 12/02/2022 - 11:22:59: [basecommands.smx] "Console<0><Console><Console>" changed cvar (cvar "mapcyclefile") (value "map_custom.txt")
L 12/02/2022 - 11:23:01: [warmod.smx] Current Map: de_mirage, Warmod Version: 22.10.29.1916
L 12/02/2022 - 11:23:02: [chat-processor.smx] Message formats generated for game 'csgo'.
L 12/02/2022 - 11:23:02: [chat-processor.smx] Successfully hooked a SayText2 chat hook.
L 12/02/2022 - 20:04:28: -------- Mapchange to de_mirage --------
L 12/02/2022 - 20:04:28: [basecommands.smx] "Console<0><Console><Console>" changed cvar (cvar "mapcyclefile") (value "map_custom.txt")
L 12/02/2022 - 20:04:30: [warmod.smx] Current Map: de_mirage, Warmod Version: 22.10.29.1916
L 12/02/2022 - 20:04:31: [chat-processor.smx] Message formats generated for game 'csgo'.
L 12/02/2022 - 20:04:31: [chat-processor.smx] Successfully hooked a SayText2 chat hook.
L 12/02/2022 - 20:51:15: [basecommands.smx] "Makima1337<57><STEAM_1:1:123582752><>" changed map to "nuke"
L 12/02/2022 - 20:51:18: [SM] Changed map to "nuke"
L 12/02/2022 - 20:51:19: -------- Mapchange to de_shortnuke --------
L 12/02/2022 - 20:51:19: [basecommands.smx] "Console<0><Console><Console>" changed cvar (cvar "mapcyclefile") (value "map_custom.txt")
L 12/02/2022 - 20:51:21: [warmod.smx] Current Map: de_shortnuke, Warmod Version: 22.10.29.1916
L 12/02/2022 - 20:51:21: [chat-processor.smx] Message formats generated for game 'csgo'.
L 12/02/2022 - 20:51:21: [chat-processor.smx] Successfully hooked a SayText2 chat hook.
L 12/02/2022 - 20:55:56: [warmod.smx] "knife_on_3" (player "Makima1337<57><STEAM_1:1:123582752><>")
L 12/02/2022 - 20:57:11: [basecommands.smx] "酷型男<58><STEAM_1:0:553307426><>" changed map to "nuke"
L 12/02/2022 - 20:57:14: [SM] Changed map to "nuke"
L 12/02/2022 - 20:57:15: -------- Mapchange to de_shortnuke --------
L 12/02/2022 - 20:57:15: [basecommands.smx] "Console<0><Console><Console>" changed cvar (cvar "mapcyclefile") (value "map_custom.txt")
L 12/02/2022 - 20:57:17: [warmod.smx] Current Map: de_shortnuke, Warmod Version: 22.10.29.1916
L 12/02/2022 - 20:57:18: [chat-processor.smx] Message formats generated for game 'csgo'.
L 12/02/2022 - 20:57:18: [chat-processor.smx] Successfully hooked a SayText2 chat hook.
L 12/02/2022 - 20:58:51: [warmod.smx] "knife_on_3" (player "Makima1337<62><STEAM_1:1:123582752><>")
L 12/02/2022 - 21:19:49: [warmod.smx] "knife_on_3" (player "酷型男<58><STEAM_1:0:553307426><>")
L 12/02/2022 - 21:20:25: [basecommands.smx] "Makima1337<63><STEAM_1:1:123582752><>" changed map to "shortdust"
L 12/02/2022 - 21:20:28: [SM] Changed map to "shortdust"
L 12/02/2022 - 21:20:31: -------- Mapchange to de_shortdust --------
L 12/02/2022 - 21:20:32: [basecommands.smx] "Console<0><Console><Console>" changed cvar (cvar "mapcyclefile") (value "map_custom.txt")
L 12/02/2022 - 21:20:34: [warmod.smx] Current Map: de_shortdust, Warmod Version: 22.10.29.1916
L 12/02/2022 - 21:20:34: [chat-processor.smx] Message formats generated for game 'csgo'.
L 12/02/2022 - 21:20:34: [chat-processor.smx] Successfully hooked a SayText2 chat hook.
L 12/02/2022 - 21:21:03: [warmod.smx] "knife_on_3" (player "酷型男<58><STEAM_1:0:553307426><>")
L 12/02/2022 - 21:23:42: [warmod.smx] "force_start" (player "Makima1337<63><STEAM_1:1:123582752><>")
L 12/02/2022 - 21:37:48: [warmod.smx] "knife_on_3" (player "Makima1337<63><STEAM_1:1:123582752><>")
L 12/02/2022 - 21:52:06: [basecommands.smx] "Makima1337<63><STEAM_1:1:123582752><>" changed map to "train"
L 12/02/2022 - 21:52:09: [SM] Changed map to "train"
L 12/02/2022 - 21:52:11: -------- Mapchange to training1 --------
L 12/02/2022 - 21:52:12: [basecommands.smx] "Console<0><Console><Console>" changed cvar (cvar "mapcyclefile") (value "map_custom.txt")
L 12/02/2022 - 21:52:14: [warmod.smx] Current Map: training1, Warmod Version: 22.10.29.1916
L 12/02/2022 - 21:52:14: [chat-processor.smx] Message formats generated for game 'csgo'.
L 12/02/2022 - 21:52:14: [chat-processor.smx] Successfully hooked a SayText2 chat hook.
L 12/02/2022 - 21:52:52: [basecommands.smx] "酷型男<65><STEAM_1:0:553307426><>" changed map to "train"
L 12/02/2022 - 21:52:55: [SM] Changed map to "train"
L 12/02/2022 - 21:52:55: -------- Mapchange to training1 --------
L 12/02/2022 - 21:52:55: [basecommands.smx] "Console<0><Console><Console>" changed cvar (cvar "mapcyclefile") (value "map_custom.txt")
L 12/02/2022 - 21:52:57: [warmod.smx] Current Map: training1, Warmod Version: 22.10.29.1916
L 12/02/2022 - 21:52:58: [chat-processor.smx] Message formats generated for game 'csgo'.
L 12/02/2022 - 21:52:58: [chat-processor.smx] Successfully hooked a SayText2 chat hook.
L 12/02/2022 - 21:53:07: [basecommands.smx] "酷型男<65><STEAM_1:0:553307426><>" changed map to "inf"
L 12/02/2022 - 21:53:10: [SM] Changed map to "inf"
L 12/02/2022 - 21:53:12: -------- Mapchange to de_inferno --------
L 12/02/2022 - 21:53:12: [basecommands.smx] "Console<0><Console><Console>" changed cvar (cvar "mapcyclefile") (value "map_custom.txt")
L 12/02/2022 - 21:53:14: [warmod.smx] Current Map: de_inferno, Warmod Version: 22.10.29.1916
L 12/02/2022 - 21:53:14: [chat-processor.smx] Message formats generated for game 'csgo'.
L 12/02/2022 - 21:53:14: [chat-processor.smx] Successfully hooked a SayText2 chat hook.
L 12/02/2022 - 21:54:12: [warmod.smx] "knife_on_3" (player "酷型男<65><STEAM_1:0:553307426><>")
L 12/02/2022 - 21:54:19: [warmod.smx] "knife_on_3" (player "Makima1337<67><STEAM_1:1:123582752><>")
L 12/03/2022 - 17:25:14: Log file closed.
