L 11/11/2022 - 01:13:08: SourceMod log file session started (file "/badfupo/server1/csgo/addons/sourcemod/logs/L20221111.log") (Version "1.11.0.6913")
L 11/11/2022 - 01:13:08: [basecommands.smx] "Console<0><Console><Console>" changed cvar (cvar "mapcyclefile") (value "map_custom.txt")
L 11/11/2022 - 01:13:13: [warmod.smx] Current Map: de_mirage, Warmod Version: 22.10.29.1916
L 11/11/2022 - 01:13:14: [chat-processor.smx] Message formats generated for game 'csgo'.
L 11/11/2022 - 01:13:14: [chat-processor.smx] Successfully hooked a SayText2 chat hook.
L 11/11/2022 - 01:21:27: -------- Mapchange to de_mirage --------
L 11/11/2022 - 01:21:27: [basecommands.smx] "Console<0><Console><Console>" changed cvar (cvar "mapcyclefile") (value "map_custom.txt")
L 11/11/2022 - 01:21:31: [warmod.smx] Current Map: de_mirage, Warmod Version: 22.10.29.1916
L 11/11/2022 - 01:21:32: [chat-processor.smx] Message formats generated for game 'csgo'.
L 11/11/2022 - 01:21:32: [chat-processor.smx] Successfully hooked a SayText2 chat hook.
L 11/11/2022 - 03:16:53: -------- Mapchange to de_mirage --------
L 11/11/2022 - 03:16:54: [basecommands.smx] "Console<0><Console><Console>" changed cvar (cvar "mapcyclefile") (value "map_custom.txt")
L 11/11/2022 - 03:16:58: [warmod.smx] Current Map: de_mirage, Warmod Version: 22.10.29.1916
L 11/11/2022 - 03:16:59: [chat-processor.smx] Message formats generated for game 'csgo'.
L 11/11/2022 - 03:16:59: [chat-processor.smx] Successfully hooked a SayText2 chat hook.
L 11/11/2022 - 03:22:21: -------- Mapchange to de_mirage --------
L 11/11/2022 - 03:22:22: [basecommands.smx] "Console<0><Console><Console>" changed cvar (cvar "mapcyclefile") (value "map_custom.txt")
L 11/11/2022 - 03:22:25: [warmod.smx] Current Map: de_mirage, Warmod Version: 22.10.29.1916
L 11/11/2022 - 03:22:26: [chat-processor.smx] Message formats generated for game 'csgo'.
L 11/11/2022 - 03:22:26: [chat-processor.smx] Successfully hooked a SayText2 chat hook.
L 11/11/2022 - 03:55:26: -------- Mapchange to de_mirage --------
L 11/11/2022 - 03:55:26: [basecommands.smx] "Console<0><Console><Console>" changed cvar (cvar "mapcyclefile") (value "map_custom.txt")
L 11/11/2022 - 03:55:30: [warmod.smx] Current Map: de_mirage, Warmod Version: 22.10.29.1916
L 11/11/2022 - 03:55:31: [chat-processor.smx] Message formats generated for game 'csgo'.
L 11/11/2022 - 03:55:31: [chat-processor.smx] Successfully hooked a SayText2 chat hook.
L 11/11/2022 - 04:07:01: -------- Mapchange to de_mirage --------
L 11/11/2022 - 04:07:02: [basecommands.smx] "Console<0><Console><Console>" changed cvar (cvar "mapcyclefile") (value "map_custom.txt")
L 11/11/2022 - 04:07:06: [warmod.smx] Current Map: de_mirage, Warmod Version: 22.10.29.1916
L 11/11/2022 - 04:07:07: [chat-processor.smx] Message formats generated for game 'csgo'.
L 11/11/2022 - 04:07:07: [chat-processor.smx] Successfully hooked a SayText2 chat hook.
L 11/11/2022 - 04:26:44: -------- Mapchange to de_mirage --------
L 11/11/2022 - 04:26:45: [basecommands.smx] "Console<0><Console><Console>" changed cvar (cvar "mapcyclefile") (value "map_custom.txt")
L 11/11/2022 - 04:26:49: [warmod.smx] Current Map: de_mirage, Warmod Version: 22.10.29.1916
L 11/11/2022 - 04:26:49: [chat-processor.smx] Message formats generated for game 'csgo'.
L 11/11/2022 - 04:26:49: [chat-processor.smx] Successfully hooked a SayText2 chat hook.
L 11/11/2022 - 04:56:08: [SM] Changed map to "de_mirage"
L 11/11/2022 - 04:56:10: -------- Mapchange to de_mirage --------
L 11/11/2022 - 04:56:11: [basecommands.smx] "Console<0><Console><Console>" changed cvar (cvar "mapcyclefile") (value "map_custom.txt")
L 11/11/2022 - 04:56:15: [warmod.smx] Current Map: de_mirage, Warmod Version: 22.10.29.1916
L 11/11/2022 - 04:56:16: [chat-processor.smx] Message formats generated for game 'csgo'.
L 11/11/2022 - 04:56:16: [chat-processor.smx] Successfully hooked a SayText2 chat hook.
L 11/11/2022 - 05:10:51: [SM] Changed map to "de_mirage"
L 11/11/2022 - 05:10:53: -------- Mapchange to de_mirage --------
L 11/11/2022 - 05:10:53: [basecommands.smx] "Console<0><Console><Console>" changed cvar (cvar "mapcyclefile") (value "map_custom.txt")
L 11/11/2022 - 05:10:57: [warmod.smx] Current Map: de_mirage, Warmod Version: 22.10.29.1916
L 11/11/2022 - 05:10:58: [chat-processor.smx] Message formats generated for game 'csgo'.
L 11/11/2022 - 05:10:58: [chat-processor.smx] Successfully hooked a SayText2 chat hook.
L 11/11/2022 - 05:31:23: [SM] Changed map to "de_mirage"
L 11/11/2022 - 05:31:25: -------- Mapchange to de_mirage --------
L 11/11/2022 - 05:31:26: [basecommands.smx] "Console<0><Console><Console>" changed cvar (cvar "mapcyclefile") (value "map_custom.txt")
L 11/11/2022 - 05:31:30: [warmod.smx] Current Map: de_mirage, Warmod Version: 22.10.29.1916
L 11/11/2022 - 05:31:31: [chat-processor.smx] Message formats generated for game 'csgo'.
L 11/11/2022 - 05:31:31: [chat-processor.smx] Successfully hooked a SayText2 chat hook.
L 11/11/2022 - 05:47:08: -------- Mapchange to de_mirage --------
L 11/11/2022 - 05:47:08: [basecommands.smx] "Console<0><Console><Console>" changed cvar (cvar "mapcyclefile") (value "map_custom.txt")
L 11/11/2022 - 05:47:13: [warmod.smx] Current Map: de_mirage, Warmod Version: 22.10.29.1916
L 11/11/2022 - 05:47:13: [chat-processor.smx] Message formats generated for game 'csgo'.
L 11/11/2022 - 05:47:13: [chat-processor.smx] Successfully hooked a SayText2 chat hook.
L 11/11/2022 - 06:09:45: -------- Mapchange to de_mirage --------
L 11/11/2022 - 06:09:46: [basecommands.smx] "Console<0><Console><Console>" changed cvar (cvar "mapcyclefile") (value "map_custom.txt")
L 11/11/2022 - 06:09:50: [warmod.smx] Current Map: de_mirage, Warmod Version: 22.10.29.1916
L 11/11/2022 - 06:09:50: [chat-processor.smx] Message formats generated for game 'csgo'.
L 11/11/2022 - 06:09:50: [chat-processor.smx] Successfully hooked a SayText2 chat hook.
L 11/11/2022 - 06:18:36: -------- Mapchange to de_mirage --------
L 11/11/2022 - 06:18:36: [basecommands.smx] "Console<0><Console><Console>" changed cvar (cvar "mapcyclefile") (value "map_custom.txt")
L 11/11/2022 - 06:18:40: [warmod.smx] Current Map: de_mirage, Warmod Version: 22.10.29.1916
L 11/11/2022 - 06:18:41: [chat-processor.smx] Message formats generated for game 'csgo'.
L 11/11/2022 - 06:18:41: [chat-processor.smx] Successfully hooked a SayText2 chat hook.
L 11/11/2022 - 06:53:29: -------- Mapchange to de_mirage --------
L 11/11/2022 - 06:53:30: [basecommands.smx] "Console<0><Console><Console>" changed cvar (cvar "mapcyclefile") (value "map_custom.txt")
L 11/11/2022 - 06:53:33: [warmod.smx] Current Map: de_mirage, Warmod Version: 22.10.29.1916
L 11/11/2022 - 06:53:34: [chat-processor.smx] Message formats generated for game 'csgo'.
L 11/11/2022 - 06:53:34: [chat-processor.smx] Successfully hooked a SayText2 chat hook.
L 11/11/2022 - 07:41:13: -------- Mapchange to de_mirage --------
L 11/11/2022 - 07:41:14: [basecommands.smx] "Console<0><Console><Console>" changed cvar (cvar "mapcyclefile") (value "map_custom.txt")
L 11/11/2022 - 07:41:18: [warmod.smx] Current Map: de_mirage, Warmod Version: 22.10.29.1916
L 11/11/2022 - 07:41:19: [chat-processor.smx] Message formats generated for game 'csgo'.
L 11/11/2022 - 07:41:19: [chat-processor.smx] Successfully hooked a SayText2 chat hook.
L 11/11/2022 - 07:48:09: -------- Mapchange to de_mirage --------
L 11/11/2022 - 07:48:09: [basecommands.smx] "Console<0><Console><Console>" changed cvar (cvar "mapcyclefile") (value "map_custom.txt")
L 11/11/2022 - 07:48:13: [warmod.smx] Current Map: de_mirage, Warmod Version: 22.10.29.1916
L 11/11/2022 - 07:48:14: [chat-processor.smx] Message formats generated for game 'csgo'.
L 11/11/2022 - 07:48:14: [chat-processor.smx] Successfully hooked a SayText2 chat hook.
L 11/11/2022 - 07:54:28: -------- Mapchange to de_mirage --------
L 11/11/2022 - 07:54:29: [basecommands.smx] "Console<0><Console><Console>" changed cvar (cvar "mapcyclefile") (value "map_custom.txt")
L 11/11/2022 - 07:54:32: [warmod.smx] Current Map: de_mirage, Warmod Version: 22.10.29.1916
L 11/11/2022 - 07:54:33: [chat-processor.smx] Message formats generated for game 'csgo'.
L 11/11/2022 - 07:54:33: [chat-processor.smx] Successfully hooked a SayText2 chat hook.
L 11/11/2022 - 08:07:09: -------- Mapchange to de_mirage --------
L 11/11/2022 - 08:07:10: [basecommands.smx] "Console<0><Console><Console>" changed cvar (cvar "mapcyclefile") (value "map_custom.txt")
L 11/11/2022 - 08:07:14: [warmod.smx] Current Map: de_mirage, Warmod Version: 22.10.29.1916
L 11/11/2022 - 08:07:15: [chat-processor.smx] Message formats generated for game 'csgo'.
L 11/11/2022 - 08:07:15: [chat-processor.smx] Successfully hooked a SayText2 chat hook.
L 11/11/2022 - 08:40:04: -------- Mapchange to de_mirage --------
L 11/11/2022 - 08:40:04: [basecommands.smx] "Console<0><Console><Console>" changed cvar (cvar "mapcyclefile") (value "map_custom.txt")
L 11/11/2022 - 08:40:08: [warmod.smx] Current Map: de_mirage, Warmod Version: 22.10.29.1916
L 11/11/2022 - 08:40:09: [chat-processor.smx] Message formats generated for game 'csgo'.
L 11/11/2022 - 08:40:09: [chat-processor.smx] Successfully hooked a SayText2 chat hook.
L 11/11/2022 - 15:08:00: [SM] Changed map to "de_mirage"
L 11/11/2022 - 15:08:03: -------- Mapchange to de_mirage --------
L 11/11/2022 - 15:08:04: [basecommands.smx] "Console<0><Console><Console>" changed cvar (cvar "mapcyclefile") (value "map_custom.txt")
L 11/11/2022 - 15:08:08: [warmod.smx] Current Map: de_mirage, Warmod Version: 22.10.29.1916
L 11/11/2022 - 15:08:10: [chat-processor.smx] Message formats generated for game 'csgo'.
L 11/11/2022 - 15:08:10: [chat-processor.smx] Successfully hooked a SayText2 chat hook.
L 11/11/2022 - 20:34:06: -------- Mapchange to de_mirage --------
L 11/11/2022 - 20:34:07: [basecommands.smx] "Console<0><Console><Console>" changed cvar (cvar "mapcyclefile") (value "map_custom.txt")
L 11/11/2022 - 20:34:11: [warmod.smx] Current Map: de_mirage, Warmod Version: 22.10.29.1916
L 11/11/2022 - 20:34:12: [chat-processor.smx] Message formats generated for game 'csgo'.
L 11/11/2022 - 20:34:12: [chat-processor.smx] Successfully hooked a SayText2 chat hook.
L 11/11/2022 - 21:54:31: -------- Mapchange to de_mirage --------
L 11/11/2022 - 21:54:32: [basecommands.smx] "Console<0><Console><Console>" changed cvar (cvar "mapcyclefile") (value "map_custom.txt")
L 11/11/2022 - 21:54:36: [warmod.smx] Current Map: de_mirage, Warmod Version: 22.10.29.1916
L 11/11/2022 - 21:54:37: [chat-processor.smx] Message formats generated for game 'csgo'.
L 11/11/2022 - 21:54:37: [chat-processor.smx] Successfully hooked a SayText2 chat hook.
L 11/11/2022 - 23:43:20: -------- Mapchange to de_mirage --------
L 11/11/2022 - 23:43:21: [basecommands.smx] "Console<0><Console><Console>" changed cvar (cvar "mapcyclefile") (value "map_custom.txt")
L 11/11/2022 - 23:43:24: [warmod.smx] Current Map: de_mirage, Warmod Version: 22.10.29.1916
L 11/11/2022 - 23:43:25: [chat-processor.smx] Message formats generated for game 'csgo'.
L 11/11/2022 - 23:43:25: [chat-processor.smx] Successfully hooked a SayText2 chat hook.
L 11/11/2022 - 23:50:33: -------- Mapchange to de_mirage --------
L 11/11/2022 - 23:50:33: [basecommands.smx] "Console<0><Console><Console>" changed cvar (cvar "mapcyclefile") (value "map_custom.txt")
L 11/11/2022 - 23:50:37: [warmod.smx] Current Map: de_mirage, Warmod Version: 22.10.29.1916
L 11/11/2022 - 23:50:38: [chat-processor.smx] Message formats generated for game 'csgo'.
L 11/11/2022 - 23:50:38: [chat-processor.smx] Successfully hooked a SayText2 chat hook.
L 11/11/2022 - 23:53:06: -------- Mapchange to de_mirage --------
L 11/11/2022 - 23:53:07: [basecommands.smx] "Console<0><Console><Console>" changed cvar (cvar "mapcyclefile") (value "map_custom.txt")
L 11/11/2022 - 23:53:11: [warmod.smx] Current Map: de_mirage, Warmod Version: 22.10.29.1916
L 11/11/2022 - 23:53:12: [chat-processor.smx] Message formats generated for game 'csgo'.
L 11/11/2022 - 23:53:12: [chat-processor.smx] Successfully hooked a SayText2 chat hook.
L 11/12/2022 - 00:05:28: Log file closed.
