L 10/06/2022 - 01:53:45: SourceMod log file session started (file "/badfupo/server1/csgo/addons/sourcemod/logs/L20221006.log") (Version "1.12.0.6912")
L 10/06/2022 - 01:53:45: [basecommands.smx] "Console<0><Console><Console>" changed cvar (cvar "mapcyclefile") (value "map_custom.txt")
L 10/06/2022 - 01:53:49: [warmod.smx] Current Map: de_dust2, Warmod Version: 19.11.21.2253
L 10/06/2022 - 01:53:50: [chat-processor.smx] Message formats generated for game 'csgo'.
L 10/06/2022 - 01:53:50: [chat-processor.smx] Successfully hooked a SayText2 chat hook.
L 10/06/2022 - 03:06:04: -------- Mapchange to de_dust2 --------
L 10/06/2022 - 03:06:05: [basecommands.smx] "Console<0><Console><Console>" changed cvar (cvar "mapcyclefile") (value "map_custom.txt")
L 10/06/2022 - 03:06:09: [warmod.smx] Current Map: de_dust2, Warmod Version: 19.11.21.2253
L 10/06/2022 - 03:06:10: [chat-processor.smx] Message formats generated for game 'csgo'.
L 10/06/2022 - 03:06:10: [chat-processor.smx] Successfully hooked a SayText2 chat hook.
L 10/06/2022 - 03:11:06: -------- Mapchange to de_dust2 --------
L 10/06/2022 - 03:11:07: [basecommands.smx] "Console<0><Console><Console>" changed cvar (cvar "mapcyclefile") (value "map_custom.txt")
L 10/06/2022 - 03:11:11: [warmod.smx] Current Map: de_dust2, Warmod Version: 19.11.21.2253
L 10/06/2022 - 03:11:12: [chat-processor.smx] Message formats generated for game 'csgo'.
L 10/06/2022 - 03:11:12: [chat-processor.smx] Successfully hooked a SayText2 chat hook.
L 10/06/2022 - 03:19:00: -------- Mapchange to de_dust2 --------
L 10/06/2022 - 03:19:00: [basecommands.smx] "Console<0><Console><Console>" changed cvar (cvar "mapcyclefile") (value "map_custom.txt")
L 10/06/2022 - 03:19:05: [warmod.smx] Current Map: de_dust2, Warmod Version: 19.11.21.2253
L 10/06/2022 - 03:19:06: [chat-processor.smx] Message formats generated for game 'csgo'.
L 10/06/2022 - 03:19:06: [chat-processor.smx] Successfully hooked a SayText2 chat hook.
L 10/06/2022 - 04:14:19: -------- Mapchange to de_dust2 --------
L 10/06/2022 - 04:14:20: [basecommands.smx] "Console<0><Console><Console>" changed cvar (cvar "mapcyclefile") (value "map_custom.txt")
L 10/06/2022 - 04:14:25: [warmod.smx] Current Map: de_dust2, Warmod Version: 19.11.21.2253
L 10/06/2022 - 04:14:26: [chat-processor.smx] Message formats generated for game 'csgo'.
L 10/06/2022 - 04:14:26: [chat-processor.smx] Successfully hooked a SayText2 chat hook.
L 10/06/2022 - 04:19:11: -------- Mapchange to de_dust2 --------
L 10/06/2022 - 04:19:12: [basecommands.smx] "Console<0><Console><Console>" changed cvar (cvar "mapcyclefile") (value "map_custom.txt")
L 10/06/2022 - 04:19:16: [warmod.smx] Current Map: de_dust2, Warmod Version: 19.11.21.2253
L 10/06/2022 - 04:19:17: [chat-processor.smx] Message formats generated for game 'csgo'.
L 10/06/2022 - 04:19:17: [chat-processor.smx] Successfully hooked a SayText2 chat hook.
L 10/06/2022 - 04:52:48: -------- Mapchange to de_dust2 --------
L 10/06/2022 - 04:52:49: [basecommands.smx] "Console<0><Console><Console>" changed cvar (cvar "mapcyclefile") (value "map_custom.txt")
L 10/06/2022 - 04:52:53: [warmod.smx] Current Map: de_dust2, Warmod Version: 19.11.21.2253
L 10/06/2022 - 04:52:54: [chat-processor.smx] Message formats generated for game 'csgo'.
L 10/06/2022 - 04:52:54: [chat-processor.smx] Successfully hooked a SayText2 chat hook.
L 10/06/2022 - 05:30:43: -------- Mapchange to de_dust2 --------
L 10/06/2022 - 05:30:44: [basecommands.smx] "Console<0><Console><Console>" changed cvar (cvar "mapcyclefile") (value "map_custom.txt")
L 10/06/2022 - 05:30:48: [warmod.smx] Current Map: de_dust2, Warmod Version: 19.11.21.2253
L 10/06/2022 - 05:30:49: [chat-processor.smx] Message formats generated for game 'csgo'.
L 10/06/2022 - 05:30:49: [chat-processor.smx] Successfully hooked a SayText2 chat hook.
L 10/06/2022 - 05:31:46: [basecommands.smx] "情绪被悲伤所裹挟<413><STEAM_1:1:223824936><>" changed map to "mir"
L 10/06/2022 - 05:31:49: [SM] Changed map to "mir"
L 10/06/2022 - 05:31:52: -------- Mapchange to de_mirage --------
L 10/06/2022 - 05:31:53: [basecommands.smx] "Console<0><Console><Console>" changed cvar (cvar "mapcyclefile") (value "map_custom.txt")
L 10/06/2022 - 05:31:57: [warmod.smx] Current Map: de_mirage, Warmod Version: 19.11.21.2253
L 10/06/2022 - 05:31:58: [chat-processor.smx] Message formats generated for game 'csgo'.
L 10/06/2022 - 05:31:58: [chat-processor.smx] Successfully hooked a SayText2 chat hook.
L 10/06/2022 - 06:22:07: -------- Mapchange to de_mirage --------
L 10/06/2022 - 06:22:07: [basecommands.smx] "Console<0><Console><Console>" changed cvar (cvar "mapcyclefile") (value "map_custom.txt")
L 10/06/2022 - 06:22:12: [warmod.smx] Current Map: de_mirage, Warmod Version: 19.11.21.2253
L 10/06/2022 - 06:22:13: [chat-processor.smx] Message formats generated for game 'csgo'.
L 10/06/2022 - 06:22:13: [chat-processor.smx] Successfully hooked a SayText2 chat hook.
L 10/06/2022 - 06:57:19: -------- Mapchange to de_mirage --------
L 10/06/2022 - 06:57:20: [basecommands.smx] "Console<0><Console><Console>" changed cvar (cvar "mapcyclefile") (value "map_custom.txt")
L 10/06/2022 - 06:57:24: [warmod.smx] Current Map: de_mirage, Warmod Version: 19.11.21.2253
L 10/06/2022 - 06:57:25: [chat-processor.smx] Message formats generated for game 'csgo'.
L 10/06/2022 - 06:57:25: [chat-processor.smx] Successfully hooked a SayText2 chat hook.
L 10/06/2022 - 06:59:46: -------- Mapchange to de_mirage --------
L 10/06/2022 - 06:59:47: [basecommands.smx] "Console<0><Console><Console>" changed cvar (cvar "mapcyclefile") (value "map_custom.txt")
L 10/06/2022 - 06:59:51: [warmod.smx] Current Map: de_mirage, Warmod Version: 19.11.21.2253
L 10/06/2022 - 06:59:52: [chat-processor.smx] Message formats generated for game 'csgo'.
L 10/06/2022 - 06:59:52: [chat-processor.smx] Successfully hooked a SayText2 chat hook.
L 10/06/2022 - 07:15:44: -------- Mapchange to de_inferno --------
L 10/06/2022 - 07:15:45: [basecommands.smx] "Console<0><Console><Console>" changed cvar (cvar "mapcyclefile") (value "map_custom.txt")
L 10/06/2022 - 07:15:49: [warmod.smx] Current Map: de_inferno, Warmod Version: 19.11.21.2253
L 10/06/2022 - 07:15:50: [chat-processor.smx] Message formats generated for game 'csgo'.
L 10/06/2022 - 07:15:50: [chat-processor.smx] Successfully hooked a SayText2 chat hook.
L 10/06/2022 - 07:39:51: -------- Mapchange to de_inferno --------
L 10/06/2022 - 07:39:51: [basecommands.smx] "Console<0><Console><Console>" changed cvar (cvar "mapcyclefile") (value "map_custom.txt")
L 10/06/2022 - 07:39:56: [warmod.smx] Current Map: de_inferno, Warmod Version: 19.11.21.2253
L 10/06/2022 - 07:39:57: [chat-processor.smx] Message formats generated for game 'csgo'.
L 10/06/2022 - 07:39:57: [chat-processor.smx] Successfully hooked a SayText2 chat hook.
L 10/06/2022 - 08:44:28: -------- Mapchange to de_inferno --------
L 10/06/2022 - 08:44:29: [basecommands.smx] "Console<0><Console><Console>" changed cvar (cvar "mapcyclefile") (value "map_custom.txt")
L 10/06/2022 - 08:44:33: [warmod.smx] Current Map: de_inferno, Warmod Version: 19.11.21.2253
L 10/06/2022 - 08:44:34: [chat-processor.smx] Message formats generated for game 'csgo'.
L 10/06/2022 - 08:44:34: [chat-processor.smx] Successfully hooked a SayText2 chat hook.
L 10/06/2022 - 09:51:37: -------- Mapchange to de_inferno --------
L 10/06/2022 - 09:51:38: [basecommands.smx] "Console<0><Console><Console>" changed cvar (cvar "mapcyclefile") (value "map_custom.txt")
L 10/06/2022 - 09:51:42: [warmod.smx] Current Map: de_inferno, Warmod Version: 19.11.21.2253
L 10/06/2022 - 09:51:43: [chat-processor.smx] Message formats generated for game 'csgo'.
L 10/06/2022 - 09:51:43: [chat-processor.smx] Successfully hooked a SayText2 chat hook.
L 10/06/2022 - 10:02:08: -------- Mapchange to de_inferno --------
L 10/06/2022 - 10:02:09: [basecommands.smx] "Console<0><Console><Console>" changed cvar (cvar "mapcyclefile") (value "map_custom.txt")
L 10/06/2022 - 10:02:13: [warmod.smx] Current Map: de_inferno, Warmod Version: 19.11.21.2253
L 10/06/2022 - 10:02:14: [chat-processor.smx] Message formats generated for game 'csgo'.
L 10/06/2022 - 10:02:14: [chat-processor.smx] Successfully hooked a SayText2 chat hook.
L 10/06/2022 - 10:04:35: -------- Mapchange to de_inferno --------
L 10/06/2022 - 10:04:36: [basecommands.smx] "Console<0><Console><Console>" changed cvar (cvar "mapcyclefile") (value "map_custom.txt")
L 10/06/2022 - 10:04:40: [warmod.smx] Current Map: de_inferno, Warmod Version: 19.11.21.2253
L 10/06/2022 - 10:04:41: [chat-processor.smx] Message formats generated for game 'csgo'.
L 10/06/2022 - 10:04:41: [chat-processor.smx] Successfully hooked a SayText2 chat hook.
L 10/06/2022 - 10:16:54: -------- Mapchange to de_inferno --------
L 10/06/2022 - 10:16:55: [basecommands.smx] "Console<0><Console><Console>" changed cvar (cvar "mapcyclefile") (value "map_custom.txt")
L 10/06/2022 - 10:16:59: [warmod.smx] Current Map: de_inferno, Warmod Version: 19.11.21.2253
L 10/06/2022 - 10:17:00: [chat-processor.smx] Message formats generated for game 'csgo'.
L 10/06/2022 - 10:17:00: [chat-processor.smx] Successfully hooked a SayText2 chat hook.
L 10/06/2022 - 10:26:27: -------- Mapchange to de_inferno --------
L 10/06/2022 - 10:26:27: [basecommands.smx] "Console<0><Console><Console>" changed cvar (cvar "mapcyclefile") (value "map_custom.txt")
L 10/06/2022 - 10:26:31: [warmod.smx] Current Map: de_inferno, Warmod Version: 19.11.21.2253
L 10/06/2022 - 10:26:32: [chat-processor.smx] Message formats generated for game 'csgo'.
L 10/06/2022 - 10:26:32: [chat-processor.smx] Successfully hooked a SayText2 chat hook.
L 10/06/2022 - 11:10:11: -------- Mapchange to de_inferno --------
L 10/06/2022 - 11:10:12: [basecommands.smx] "Console<0><Console><Console>" changed cvar (cvar "mapcyclefile") (value "map_custom.txt")
L 10/06/2022 - 11:10:16: [warmod.smx] Current Map: de_inferno, Warmod Version: 19.11.21.2253
L 10/06/2022 - 11:10:17: [chat-processor.smx] Message formats generated for game 'csgo'.
L 10/06/2022 - 11:10:17: [chat-processor.smx] Successfully hooked a SayText2 chat hook.
L 10/06/2022 - 11:12:52: -------- Mapchange to de_inferno --------
L 10/06/2022 - 11:12:53: [basecommands.smx] "Console<0><Console><Console>" changed cvar (cvar "mapcyclefile") (value "map_custom.txt")
L 10/06/2022 - 11:12:57: [warmod.smx] Current Map: de_inferno, Warmod Version: 19.11.21.2253
L 10/06/2022 - 11:12:58: [chat-processor.smx] Message formats generated for game 'csgo'.
L 10/06/2022 - 11:12:58: [chat-processor.smx] Successfully hooked a SayText2 chat hook.
L 10/06/2022 - 13:03:55: -------- Mapchange to de_inferno --------
L 10/06/2022 - 13:03:56: [basecommands.smx] "Console<0><Console><Console>" changed cvar (cvar "mapcyclefile") (value "map_custom.txt")
L 10/06/2022 - 13:04:00: [warmod.smx] Current Map: de_inferno, Warmod Version: 19.11.21.2253
L 10/06/2022 - 13:04:01: [chat-processor.smx] Message formats generated for game 'csgo'.
L 10/06/2022 - 13:04:01: [chat-processor.smx] Successfully hooked a SayText2 chat hook.
L 10/06/2022 - 13:26:59: -------- Mapchange to de_inferno --------
L 10/06/2022 - 13:26:59: [basecommands.smx] "Console<0><Console><Console>" changed cvar (cvar "mapcyclefile") (value "map_custom.txt")
L 10/06/2022 - 13:27:04: [warmod.smx] Current Map: de_inferno, Warmod Version: 19.11.21.2253
L 10/06/2022 - 13:27:05: [chat-processor.smx] Message formats generated for game 'csgo'.
L 10/06/2022 - 13:27:05: [chat-processor.smx] Successfully hooked a SayText2 chat hook.
L 10/06/2022 - 13:45:11: -------- Mapchange to de_inferno --------
L 10/06/2022 - 13:45:12: [basecommands.smx] "Console<0><Console><Console>" changed cvar (cvar "mapcyclefile") (value "map_custom.txt")
L 10/06/2022 - 13:45:17: [warmod.smx] Current Map: de_inferno, Warmod Version: 19.11.21.2253
L 10/06/2022 - 13:45:18: [chat-processor.smx] Message formats generated for game 'csgo'.
L 10/06/2022 - 13:45:18: [chat-processor.smx] Successfully hooked a SayText2 chat hook.
L 10/06/2022 - 14:28:44: -------- Mapchange to de_inferno --------
L 10/06/2022 - 14:28:45: [basecommands.smx] "Console<0><Console><Console>" changed cvar (cvar "mapcyclefile") (value "map_custom.txt")
L 10/06/2022 - 14:28:49: [warmod.smx] Current Map: de_inferno, Warmod Version: 19.11.21.2253
L 10/06/2022 - 14:28:50: [chat-processor.smx] Message formats generated for game 'csgo'.
L 10/06/2022 - 14:28:50: [chat-processor.smx] Successfully hooked a SayText2 chat hook.
L 10/06/2022 - 16:00:32: -------- Mapchange to de_inferno --------
L 10/06/2022 - 16:00:33: [basecommands.smx] "Console<0><Console><Console>" changed cvar (cvar "mapcyclefile") (value "map_custom.txt")
L 10/06/2022 - 16:00:37: [warmod.smx] Current Map: de_inferno, Warmod Version: 19.11.21.2253
L 10/06/2022 - 16:00:39: [chat-processor.smx] Message formats generated for game 'csgo'.
L 10/06/2022 - 16:00:39: [chat-processor.smx] Successfully hooked a SayText2 chat hook.
L 10/06/2022 - 16:21:05: -------- Mapchange to de_inferno --------
L 10/06/2022 - 16:21:06: [basecommands.smx] "Console<0><Console><Console>" changed cvar (cvar "mapcyclefile") (value "map_custom.txt")
L 10/06/2022 - 16:21:10: [warmod.smx] Current Map: de_inferno, Warmod Version: 19.11.21.2253
L 10/06/2022 - 16:21:12: [chat-processor.smx] Message formats generated for game 'csgo'.
L 10/06/2022 - 16:21:12: [chat-processor.smx] Successfully hooked a SayText2 chat hook.
L 10/07/2022 - 01:40:07: Log file closed.
