L 08/08/2022 - 00:02:09: SourceMod log file session started (file "/home/csgo/csgo/addons/sourcemod/logs/L20220808.log") (Version "1.12.0.6912")
L 08/08/2022 - 00:02:09: -------- Mapchange to de_mirage --------
L 08/08/2022 - 00:03:32: -------- Mapchange to de_mirage --------
L 08/08/2022 - 00:48:03: -------- Mapchange to de_mirage --------
L 08/08/2022 - 01:28:00: -------- Mapchange to de_mirage --------
L 08/08/2022 - 07:26:00: -------- Mapchange to de_mirage --------
L 08/08/2022 - 13:34:38: -------- Mapchange to de_mirage --------
L 08/08/2022 - 13:36:06: [basecommands.smx] "black flash<63><STEAM_1:0:515881234><>" changed map to "over"
L 08/08/2022 - 13:36:09: [SM] Changed map to "over"
L 08/08/2022 - 13:36:10: -------- Mapchange to de_overpass --------
L 08/08/2022 - 13:44:59: [funvotes.smx] "Sadman<65><STEAM_1:0:151680565><>" initiated an alltalk vote.
L 08/08/2022 - 13:45:08: [funvotes.smx] Changing alltalk to 0 due to vote.
L 08/08/2022 - 13:55:32: [basecommands.smx] "Sadman<65><STEAM_1:0:151680565><>" changed cvar (cvar "game_mode") (value "1")
L 08/08/2022 - 13:55:37: [basecommands.smx] "Sadman<65><STEAM_1:0:151680565><>" changed map to "mir"
L 08/08/2022 - 13:55:40: [SM] Changed map to "mir"
L 08/08/2022 - 13:55:41: -------- Mapchange to de_mirage --------
L 08/08/2022 - 14:03:31: [weapon_restrict.smx] "你妈死<69><STEAM_1:0:110600653><>" setup a pistol round for the next round.
L 08/08/2022 - 14:37:35: [basecommands.smx] "你妈死<69><STEAM_1:0:110600653><>" changed map to "inf"
L 08/08/2022 - 14:37:38: [SM] Changed map to "inf"
L 08/08/2022 - 14:37:39: -------- Mapchange to de_inferno --------
L 08/08/2022 - 14:39:01: [funvotes.smx] "Sadman<65><STEAM_1:0:151680565><>" initiated an alltalk vote.
L 08/08/2022 - 14:39:21: [funvotes.smx] Vote failed.
L 08/08/2022 - 15:13:34: [basecommands.smx] "你妈死<69><STEAM_1:0:110600653><>" changed map to "mir"
L 08/08/2022 - 15:13:37: [SM] Changed map to "mir"
L 08/08/2022 - 15:13:38: -------- Mapchange to de_mirage --------
L 08/08/2022 - 15:27:56: [basecommands.smx] "www<69><STEAM_1:0:110600653><>" kicked "💕路过💕<64><STEAM_1:0:232665013><>" (reason "")
L 08/08/2022 - 16:07:10: -------- Mapchange to de_mirage --------
L 08/08/2022 - 18:22:54: [basecommands.smx] "www<82><STEAM_1:0:110600653><>" changed map to "mir"
L 08/08/2022 - 18:22:57: [SM] Changed map to "mir"
L 08/08/2022 - 18:22:58: -------- Mapchange to de_mirage --------
L 08/08/2022 - 18:31:42: -------- Mapchange to de_mirage --------
L 08/08/2022 - 18:55:02: [basecommands.smx] "www<82><STEAM_1:0:110600653><>" changed map to "mir"
L 08/08/2022 - 18:55:05: [SM] Changed map to "mir"
L 08/08/2022 - 18:55:06: -------- Mapchange to de_mirage --------
L 08/08/2022 - 20:41:47: -------- Mapchange to de_mirage --------
L 08/08/2022 - 21:32:25: -------- Mapchange to de_mirage --------
L 08/08/2022 - 21:33:55: -------- Mapchange to de_mirage --------
L 08/08/2022 - 22:20:13: -------- Mapchange to de_mirage --------
L 08/09/2022 - 00:15:32: Log file closed.
