L 08/30/2022 - 00:45:58: SourceMod log file session started (file "/home/csgo/csgo/addons/sourcemod/logs/L20220830.log") (Version "1.12.0.6912")
L 08/30/2022 - 00:45:58: [basecommands.smx] "Console<0><Console><Console>" changed cvar (cvar "mapcyclefile") (value "map_custom.txt")
L 08/30/2022 - 00:46:00: [warmod.smx] Current Map: de_mirage, Warmod Version: 19.11.21.2253
L 08/30/2022 - 00:46:01: [chat-processor.smx] Message formats generated for game 'csgo'.
L 08/30/2022 - 00:46:01: [chat-processor.smx] Successfully hooked a SayText2 chat hook.
L 08/30/2022 - 01:12:35: -------- Mapchange to de_mirage --------
L 08/30/2022 - 01:12:35: [basecommands.smx] "Console<0><Console><Console>" changed cvar (cvar "mapcyclefile") (value "map_custom.txt")
L 08/30/2022 - 01:12:37: [warmod.smx] Current Map: de_mirage, Warmod Version: 19.11.21.2253
L 08/30/2022 - 01:12:38: [chat-processor.smx] Message formats generated for game 'csgo'.
L 08/30/2022 - 01:12:38: [chat-processor.smx] Successfully hooked a SayText2 chat hook.
L 08/30/2022 - 02:23:58: -------- Mapchange to de_mirage --------
L 08/30/2022 - 02:23:58: [basecommands.smx] "Console<0><Console><Console>" changed cvar (cvar "mapcyclefile") (value "map_custom.txt")
L 08/30/2022 - 02:24:00: [warmod.smx] Current Map: de_mirage, Warmod Version: 19.11.21.2253
L 08/30/2022 - 02:24:01: [chat-processor.smx] Message formats generated for game 'csgo'.
L 08/30/2022 - 02:24:01: [chat-processor.smx] Successfully hooked a SayText2 chat hook.
L 08/30/2022 - 03:21:23: -------- Mapchange to de_mirage --------
L 08/30/2022 - 03:21:23: [basecommands.smx] "Console<0><Console><Console>" changed cvar (cvar "mapcyclefile") (value "map_custom.txt")
L 08/30/2022 - 03:21:25: [warmod.smx] Current Map: de_mirage, Warmod Version: 19.11.21.2253
L 08/30/2022 - 03:21:26: [chat-processor.smx] Message formats generated for game 'csgo'.
L 08/30/2022 - 03:21:26: [chat-processor.smx] Successfully hooked a SayText2 chat hook.
L 08/30/2022 - 04:33:11: -------- Mapchange to de_mirage --------
L 08/30/2022 - 04:33:11: [basecommands.smx] "Console<0><Console><Console>" changed cvar (cvar "mapcyclefile") (value "map_custom.txt")
L 08/30/2022 - 04:33:13: [warmod.smx] Current Map: de_mirage, Warmod Version: 19.11.21.2253
L 08/30/2022 - 04:33:14: [chat-processor.smx] Message formats generated for game 'csgo'.
L 08/30/2022 - 04:33:14: [chat-processor.smx] Successfully hooked a SayText2 chat hook.
L 08/30/2022 - 07:04:00: -------- Mapchange to de_mirage --------
L 08/30/2022 - 07:04:01: [basecommands.smx] "Console<0><Console><Console>" changed cvar (cvar "mapcyclefile") (value "map_custom.txt")
L 08/30/2022 - 07:04:03: [warmod.smx] Current Map: de_mirage, Warmod Version: 19.11.21.2253
L 08/30/2022 - 07:04:03: [chat-processor.smx] Message formats generated for game 'csgo'.
L 08/30/2022 - 07:04:03: [chat-processor.smx] Successfully hooked a SayText2 chat hook.
L 08/30/2022 - 09:16:16: -------- Mapchange to de_mirage --------
L 08/30/2022 - 09:16:16: [basecommands.smx] "Console<0><Console><Console>" changed cvar (cvar "mapcyclefile") (value "map_custom.txt")
L 08/30/2022 - 09:16:18: [warmod.smx] Current Map: de_mirage, Warmod Version: 19.11.21.2253
L 08/30/2022 - 09:16:19: [chat-processor.smx] Message formats generated for game 'csgo'.
L 08/30/2022 - 09:16:19: [chat-processor.smx] Successfully hooked a SayText2 chat hook.
L 08/30/2022 - 09:42:52: -------- Mapchange to de_mirage --------
L 08/30/2022 - 09:42:52: [basecommands.smx] "Console<0><Console><Console>" changed cvar (cvar "mapcyclefile") (value "map_custom.txt")
L 08/30/2022 - 09:42:55: [warmod.smx] Current Map: de_mirage, Warmod Version: 19.11.21.2253
L 08/30/2022 - 09:42:55: [chat-processor.smx] Message formats generated for game 'csgo'.
L 08/30/2022 - 09:42:55: [chat-processor.smx] Successfully hooked a SayText2 chat hook.
L 08/30/2022 - 10:34:50: -------- Mapchange to de_mirage --------
L 08/30/2022 - 10:34:50: [basecommands.smx] "Console<0><Console><Console>" changed cvar (cvar "mapcyclefile") (value "map_custom.txt")
L 08/30/2022 - 10:34:53: [warmod.smx] Current Map: de_mirage, Warmod Version: 19.11.21.2253
L 08/30/2022 - 10:34:53: [chat-processor.smx] Message formats generated for game 'csgo'.
L 08/30/2022 - 10:34:53: [chat-processor.smx] Successfully hooked a SayText2 chat hook.
L 08/30/2022 - 10:43:14: -------- Mapchange to de_mirage --------
L 08/30/2022 - 10:43:15: [basecommands.smx] "Console<0><Console><Console>" changed cvar (cvar "mapcyclefile") (value "map_custom.txt")
L 08/30/2022 - 10:43:17: [warmod.smx] Current Map: de_mirage, Warmod Version: 19.11.21.2253
L 08/30/2022 - 10:43:17: [chat-processor.smx] Message formats generated for game 'csgo'.
L 08/30/2022 - 10:43:17: [chat-processor.smx] Successfully hooked a SayText2 chat hook.
L 08/30/2022 - 13:29:27: -------- Mapchange to de_mirage --------
L 08/30/2022 - 13:29:28: [basecommands.smx] "Console<0><Console><Console>" changed cvar (cvar "mapcyclefile") (value "map_custom.txt")
L 08/30/2022 - 13:29:30: [warmod.smx] Current Map: de_mirage, Warmod Version: 19.11.21.2253
L 08/30/2022 - 13:29:31: [chat-processor.smx] Message formats generated for game 'csgo'.
L 08/30/2022 - 13:29:31: [chat-processor.smx] Successfully hooked a SayText2 chat hook.
L 08/30/2022 - 14:08:41: -------- Mapchange to de_mirage --------
L 08/30/2022 - 14:08:42: [basecommands.smx] "Console<0><Console><Console>" changed cvar (cvar "mapcyclefile") (value "map_custom.txt")
L 08/30/2022 - 14:08:44: [warmod.smx] Current Map: de_mirage, Warmod Version: 19.11.21.2253
L 08/30/2022 - 14:08:45: [chat-processor.smx] Message formats generated for game 'csgo'.
L 08/30/2022 - 14:08:45: [chat-processor.smx] Successfully hooked a SayText2 chat hook.
L 08/30/2022 - 14:25:58: -------- Mapchange to de_mirage --------
L 08/30/2022 - 14:25:59: [basecommands.smx] "Console<0><Console><Console>" changed cvar (cvar "mapcyclefile") (value "map_custom.txt")
L 08/30/2022 - 14:26:01: [warmod.smx] Current Map: de_mirage, Warmod Version: 19.11.21.2253
L 08/30/2022 - 14:26:01: [chat-processor.smx] Message formats generated for game 'csgo'.
L 08/30/2022 - 14:26:01: [chat-processor.smx] Successfully hooked a SayText2 chat hook.
L 08/30/2022 - 16:03:21: -------- Mapchange to de_mirage --------
L 08/30/2022 - 16:03:22: [basecommands.smx] "Console<0><Console><Console>" changed cvar (cvar "mapcyclefile") (value "map_custom.txt")
L 08/30/2022 - 16:03:24: [warmod.smx] Current Map: de_mirage, Warmod Version: 19.11.21.2253
L 08/30/2022 - 16:03:24: [chat-processor.smx] Message formats generated for game 'csgo'.
L 08/30/2022 - 16:03:24: [chat-processor.smx] Successfully hooked a SayText2 chat hook.
L 08/30/2022 - 16:51:35: -------- Mapchange to de_mirage --------
L 08/30/2022 - 16:51:36: [basecommands.smx] "Console<0><Console><Console>" changed cvar (cvar "mapcyclefile") (value "map_custom.txt")
L 08/30/2022 - 16:51:38: [warmod.smx] Current Map: de_mirage, Warmod Version: 19.11.21.2253
L 08/30/2022 - 16:51:39: [chat-processor.smx] Message formats generated for game 'csgo'.
L 08/30/2022 - 16:51:39: [chat-processor.smx] Successfully hooked a SayText2 chat hook.
L 08/30/2022 - 17:30:25: -------- Mapchange to de_mirage --------
L 08/30/2022 - 17:30:25: [basecommands.smx] "Console<0><Console><Console>" changed cvar (cvar "mapcyclefile") (value "map_custom.txt")
L 08/30/2022 - 17:30:28: [warmod.smx] Current Map: de_mirage, Warmod Version: 19.11.21.2253
L 08/30/2022 - 17:30:28: [chat-processor.smx] Message formats generated for game 'csgo'.
L 08/30/2022 - 17:30:28: [chat-processor.smx] Successfully hooked a SayText2 chat hook.
L 08/30/2022 - 17:51:17: -------- Mapchange to de_mirage --------
L 08/30/2022 - 17:51:17: [basecommands.smx] "Console<0><Console><Console>" changed cvar (cvar "mapcyclefile") (value "map_custom.txt")
L 08/30/2022 - 17:51:20: [warmod.smx] Current Map: de_mirage, Warmod Version: 19.11.21.2253
L 08/30/2022 - 17:51:20: [chat-processor.smx] Message formats generated for game 'csgo'.
L 08/30/2022 - 17:51:20: [chat-processor.smx] Successfully hooked a SayText2 chat hook.
L 08/30/2022 - 17:55:35: -------- Mapchange to de_mirage --------
L 08/30/2022 - 17:55:35: [basecommands.smx] "Console<0><Console><Console>" changed cvar (cvar "mapcyclefile") (value "map_custom.txt")
L 08/30/2022 - 17:55:38: [warmod.smx] Current Map: de_mirage, Warmod Version: 19.11.21.2253
L 08/30/2022 - 17:55:38: [chat-processor.smx] Message formats generated for game 'csgo'.
L 08/30/2022 - 17:55:38: [chat-processor.smx] Successfully hooked a SayText2 chat hook.
L 08/30/2022 - 17:57:37: -------- Mapchange to de_mirage --------
L 08/30/2022 - 17:57:37: [basecommands.smx] "Console<0><Console><Console>" changed cvar (cvar "mapcyclefile") (value "map_custom.txt")
L 08/30/2022 - 17:57:39: [warmod.smx] Current Map: de_mirage, Warmod Version: 19.11.21.2253
L 08/30/2022 - 17:57:40: [chat-processor.smx] Message formats generated for game 'csgo'.
L 08/30/2022 - 17:57:40: [chat-processor.smx] Successfully hooked a SayText2 chat hook.
L 08/30/2022 - 18:19:21: -------- Mapchange to de_mirage --------
L 08/30/2022 - 18:19:21: [basecommands.smx] "Console<0><Console><Console>" changed cvar (cvar "mapcyclefile") (value "map_custom.txt")
L 08/30/2022 - 18:19:23: [warmod.smx] Current Map: de_mirage, Warmod Version: 19.11.21.2253
L 08/30/2022 - 18:19:24: [chat-processor.smx] Message formats generated for game 'csgo'.
L 08/30/2022 - 18:19:24: [chat-processor.smx] Successfully hooked a SayText2 chat hook.
L 08/30/2022 - 18:46:51: -------- Mapchange to de_mirage --------
L 08/30/2022 - 18:46:51: [basecommands.smx] "Console<0><Console><Console>" changed cvar (cvar "mapcyclefile") (value "map_custom.txt")
L 08/30/2022 - 18:46:53: [warmod.smx] Current Map: de_mirage, Warmod Version: 19.11.21.2253
L 08/30/2022 - 18:46:54: [chat-processor.smx] Message formats generated for game 'csgo'.
L 08/30/2022 - 18:46:54: [chat-processor.smx] Successfully hooked a SayText2 chat hook.
L 08/30/2022 - 19:08:53: -------- Mapchange to de_mirage --------
L 08/30/2022 - 19:08:54: [basecommands.smx] "Console<0><Console><Console>" changed cvar (cvar "mapcyclefile") (value "map_custom.txt")
L 08/30/2022 - 19:08:56: [warmod.smx] Current Map: de_mirage, Warmod Version: 19.11.21.2253
L 08/30/2022 - 19:08:57: [chat-processor.smx] Message formats generated for game 'csgo'.
L 08/30/2022 - 19:08:57: [chat-processor.smx] Successfully hooked a SayText2 chat hook.
L 08/30/2022 - 20:42:40: -------- Mapchange to de_mirage --------
L 08/30/2022 - 20:42:40: [basecommands.smx] "Console<0><Console><Console>" changed cvar (cvar "mapcyclefile") (value "map_custom.txt")
L 08/30/2022 - 20:42:43: [warmod.smx] Current Map: de_mirage, Warmod Version: 19.11.21.2253
L 08/30/2022 - 20:42:43: [chat-processor.smx] Message formats generated for game 'csgo'.
L 08/30/2022 - 20:42:43: [chat-processor.smx] Successfully hooked a SayText2 chat hook.
L 08/30/2022 - 20:45:13: -------- Mapchange to de_mirage --------
L 08/30/2022 - 20:45:14: [basecommands.smx] "Console<0><Console><Console>" changed cvar (cvar "mapcyclefile") (value "map_custom.txt")
L 08/30/2022 - 20:45:16: [warmod.smx] Current Map: de_mirage, Warmod Version: 19.11.21.2253
L 08/30/2022 - 20:45:17: [chat-processor.smx] Message formats generated for game 'csgo'.
L 08/30/2022 - 20:45:17: [chat-processor.smx] Successfully hooked a SayText2 chat hook.
L 08/30/2022 - 21:23:04: -------- Mapchange to de_mirage --------
L 08/30/2022 - 21:23:04: [basecommands.smx] "Console<0><Console><Console>" changed cvar (cvar "mapcyclefile") (value "map_custom.txt")
L 08/30/2022 - 21:23:06: [warmod.smx] Current Map: de_mirage, Warmod Version: 19.11.21.2253
L 08/30/2022 - 21:23:07: [chat-processor.smx] Message formats generated for game 'csgo'.
L 08/30/2022 - 21:23:07: [chat-processor.smx] Successfully hooked a SayText2 chat hook.
L 08/30/2022 - 21:54:49: -------- Mapchange to de_mirage --------
L 08/30/2022 - 21:54:50: [basecommands.smx] "Console<0><Console><Console>" changed cvar (cvar "mapcyclefile") (value "map_custom.txt")
L 08/30/2022 - 21:54:52: [warmod.smx] Current Map: de_mirage, Warmod Version: 19.11.21.2253
L 08/30/2022 - 21:54:53: [chat-processor.smx] Message formats generated for game 'csgo'.
L 08/30/2022 - 21:54:53: [chat-processor.smx] Successfully hooked a SayText2 chat hook.
L 08/30/2022 - 22:34:16: -------- Mapchange to de_mirage --------
L 08/30/2022 - 22:34:16: [basecommands.smx] "Console<0><Console><Console>" changed cvar (cvar "mapcyclefile") (value "map_custom.txt")
L 08/30/2022 - 22:34:18: [warmod.smx] Current Map: de_mirage, Warmod Version: 19.11.21.2253
L 08/30/2022 - 22:34:19: [chat-processor.smx] Message formats generated for game 'csgo'.
L 08/30/2022 - 22:34:19: [chat-processor.smx] Successfully hooked a SayText2 chat hook.
L 08/30/2022 - 22:55:42: -------- Mapchange to de_mirage --------
L 08/30/2022 - 22:55:42: [basecommands.smx] "Console<0><Console><Console>" changed cvar (cvar "mapcyclefile") (value "map_custom.txt")
L 08/30/2022 - 22:55:45: [warmod.smx] Current Map: de_mirage, Warmod Version: 19.11.21.2253
L 08/30/2022 - 22:55:45: [chat-processor.smx] Message formats generated for game 'csgo'.
L 08/30/2022 - 22:55:45: [chat-processor.smx] Successfully hooked a SayText2 chat hook.
L 08/31/2022 - 00:14:43: Log file closed.
