L 11/14/2022 - 00:25:16: SourceMod log file session started (file "/csgoserver/server1/csgo/addons/sourcemod/logs/L20221114.log") (Version "1.11.0.6913")
L 11/14/2022 - 00:25:16: [basecommands.smx] "Console<0><Console><Console>" changed cvar (cvar "mapcyclefile") (value "map_custom.txt")
L 11/14/2022 - 00:25:18: [chat-processor.smx] Message formats generated for game 'csgo'.
L 11/14/2022 - 00:25:18: [chat-processor.smx] Successfully hooked a SayText2 chat hook.
L 11/14/2022 - 00:37:33: -------- Mapchange to de_mirage --------
L 11/14/2022 - 00:37:33: [basecommands.smx] "Console<0><Console><Console>" changed cvar (cvar "mapcyclefile") (value "map_custom.txt")
L 11/14/2022 - 00:37:35: [chat-processor.smx] Message formats generated for game 'csgo'.
L 11/14/2022 - 00:37:35: [chat-processor.smx] Successfully hooked a SayText2 chat hook.
L 11/14/2022 - 01:07:08: [basecommands.smx] "炼铜龟苓膏☁<37><STEAM_1:1:502834628><>" changed map to "overpass"
L 11/14/2022 - 01:07:11: [SM] Changed map to "overpass"
L 11/14/2022 - 01:07:12: -------- Mapchange to de_overpass --------
L 11/14/2022 - 01:07:12: [basecommands.smx] "Console<0><Console><Console>" changed cvar (cvar "mapcyclefile") (value "map_custom.txt")
L 11/14/2022 - 01:07:14: [chat-processor.smx] Message formats generated for game 'csgo'.
L 11/14/2022 - 01:07:14: [chat-processor.smx] Successfully hooked a SayText2 chat hook.
L 11/14/2022 - 01:14:37: -------- Mapchange to de_overpass --------
L 11/14/2022 - 01:14:37: [basecommands.smx] "Console<0><Console><Console>" changed cvar (cvar "mapcyclefile") (value "map_custom.txt")
L 11/14/2022 - 01:14:40: [chat-processor.smx] Message formats generated for game 'csgo'.
L 11/14/2022 - 01:14:40: [chat-processor.smx] Successfully hooked a SayText2 chat hook.
L 11/14/2022 - 08:03:19: -------- Mapchange to de_overpass --------
L 11/14/2022 - 08:03:48: SourceMod log file session started (file "/csgoserver/server1/csgo/addons/sourcemod/logs/L20221114.log") (Version "1.11.0.6913")
L 11/14/2022 - 08:03:48: [GEOIP] GeoIP2 database loaded: GeoLite2-City (2019-12-17 20:01:26 UTC) (/csgoserver/server1/csgo/addons/sourcemod/configs/geoip/GeoLite2-City.mmdb)
L 11/14/2022 - 08:03:48: [GEOIP] GeoIP2 supported languages: de en es fr ja pt-BR ru zh-CN
L 11/14/2022 - 08:03:48: [GEOIP] Your database is older than 90 days. You should consider downloading a newer version from e.g. https://dev.maxmind.com/geoip/geolite2-free-geolocation-data
L 11/14/2022 - 08:03:48: [auto_steam_update.smx] HUD text is supported on this mod. The persistant timer will display.
L 11/14/2022 - 08:03:50: [warmod.smx] Current Map: de_mirage, Warmod Version: 22.10.29.1916
L 11/14/2022 - 08:05:36: -------- Mapchange to de_mirage --------
L 11/14/2022 - 08:05:36: [chat-processor.smx] Message formats generated for game 'csgo'.
L 11/14/2022 - 08:05:36: [chat-processor.smx] Successfully hooked a SayText2 chat hook.
L 11/14/2022 - 08:05:36: [basecommands.smx] "Console<0><Console><Console>" changed cvar (cvar "mapcyclefile") (value "map_custom.txt")
L 11/14/2022 - 08:05:37: [warmod.smx] Current Map: de_mirage, Warmod Version: 22.10.29.1916
L 11/14/2022 - 08:07:25: [basecommands.smx] "Zymate<2><STEAM_1:0:237026989><>" refreshed the admin cache.
L 11/14/2022 - 08:07:29: [basecommands.smx] "Zymate<2><STEAM_1:0:237026989><>" executed config (file "sm_practice.cfg")
L 11/14/2022 - 08:08:23: [basecommands.smx] "Zymate<2><STEAM_1:0:237026989><>" kicked "GOTV<3><BOT><>" (reason "")
L 11/14/2022 - 08:46:10: [basecommands.smx] "Zymate<2><STEAM_1:0:237026989><>" changed map to "stmarc"
L 11/14/2022 - 08:46:13: [SM] Changed map to "stmarc"
L 11/14/2022 - 08:46:14: -------- Mapchange to de_stmarc --------
L 11/14/2022 - 08:46:14: [basecommands.smx] "Console<0><Console><Console>" changed cvar (cvar "mapcyclefile") (value "map_custom.txt")
L 11/14/2022 - 08:46:16: [warmod.smx] Current Map: de_stmarc, Warmod Version: 22.10.29.1916
L 11/14/2022 - 08:46:16: [chat-processor.smx] Message formats generated for game 'csgo'.
L 11/14/2022 - 08:46:16: [chat-processor.smx] Successfully hooked a SayText2 chat hook.
L 11/14/2022 - 10:22:21: -------- Mapchange to de_stmarc --------
L 11/14/2022 - 10:22:21: [basecommands.smx] "Console<0><Console><Console>" changed cvar (cvar "mapcyclefile") (value "map_custom.txt")
L 11/14/2022 - 10:22:23: [warmod.smx] Current Map: de_stmarc, Warmod Version: 22.10.29.1916
L 11/14/2022 - 10:22:23: [chat-processor.smx] Message formats generated for game 'csgo'.
L 11/14/2022 - 10:22:23: [chat-processor.smx] Successfully hooked a SayText2 chat hook.
L 11/14/2022 - 10:23:20: [basecommands.smx] "Zymate<6><STEAM_1:0:237026989><>" changed map to "mir"
L 11/14/2022 - 10:23:23: [SM] Changed map to "mir"
L 11/14/2022 - 10:23:24: -------- Mapchange to de_mirage --------
L 11/14/2022 - 10:23:24: [basecommands.smx] "Console<0><Console><Console>" changed cvar (cvar "mapcyclefile") (value "map_custom.txt")
L 11/14/2022 - 10:23:26: [warmod.smx] Current Map: de_mirage, Warmod Version: 22.10.29.1916
L 11/14/2022 - 10:23:26: [chat-processor.smx] Message formats generated for game 'csgo'.
L 11/14/2022 - 10:23:26: [chat-processor.smx] Successfully hooked a SayText2 chat hook.
L 11/14/2022 - 11:38:17: -------- Mapchange to de_mirage --------
L 11/14/2022 - 11:38:17: [basecommands.smx] "Console<0><Console><Console>" changed cvar (cvar "mapcyclefile") (value "map_custom.txt")
L 11/14/2022 - 11:38:19: [warmod.smx] Current Map: de_mirage, Warmod Version: 22.10.29.1916
L 11/14/2022 - 11:38:19: [chat-processor.smx] Message formats generated for game 'csgo'.
L 11/14/2022 - 11:38:19: [chat-processor.smx] Successfully hooked a SayText2 chat hook.
L 11/14/2022 - 11:46:52: [warmod.smx] "force_start" (player "Zymate<8><STEAM_1:0:237026989><>")
L 11/14/2022 - 11:47:20: [warmod.smx] "force_end" (player "Zymate<8><STEAM_1:0:237026989><>")
L 11/14/2022 - 11:47:33: [basecommands.smx] "Zymate<8><STEAM_1:0:237026989><>" executed config (file "sm_competitive.cfg")
L 11/14/2022 - 14:33:53: [basecommands.smx] "Zymate<8><STEAM_1:0:237026989><>" executed config (file "server.cfg")
L 11/14/2022 - 14:33:53: [basecommands.smx] "Console<0><Console><Console>" changed cvar (cvar "mapcyclefile") (value "map_custom.txt")
L 11/14/2022 - 17:23:27: -------- Mapchange to de_mirage --------
L 11/14/2022 - 17:23:27: [basecommands.smx] "Console<0><Console><Console>" changed cvar (cvar "mapcyclefile") (value "map_custom.txt")
L 11/14/2022 - 17:23:29: [chat-processor.smx] Message formats generated for game 'csgo'.
L 11/14/2022 - 17:23:29: [chat-processor.smx] Successfully hooked a SayText2 chat hook.
L 11/14/2022 - 17:23:55: -------- Mapchange to de_mirage --------
L 11/14/2022 - 17:23:55: [basecommands.smx] "Console<0><Console><Console>" changed cvar (cvar "mapcyclefile") (value "map_custom.txt")
L 11/14/2022 - 17:23:58: [chat-processor.smx] Message formats generated for game 'csgo'.
L 11/14/2022 - 17:23:58: [chat-processor.smx] Successfully hooked a SayText2 chat hook.
L 11/14/2022 - 20:44:39: [movecommands.smx] "别后十二冬<24><STEAM_1:1:613607147><>" was moved to Spec by "L0ve Z<18><STEAM_1:0:237026989><>"
L 11/14/2022 - 22:47:20: -------- Mapchange to de_mirage --------
L 11/14/2022 - 22:47:20: [basecommands.smx] "Console<0><Console><Console>" changed cvar (cvar "mapcyclefile") (value "map_custom.txt")
L 11/14/2022 - 22:47:22: [chat-processor.smx] Message formats generated for game 'csgo'.
L 11/14/2022 - 22:47:22: [chat-processor.smx] Successfully hooked a SayText2 chat hook.
L 11/14/2022 - 22:48:11: [playercommands.smx] "7iour<27><STEAM_1:0:37571034><>" slayed "7iour<27><STEAM_1:0:37571034><>"
L 11/14/2022 - 22:48:21: [playercommands.smx] "7iour<27><STEAM_1:0:37571034><>" slapped "7iour<27><STEAM_1:0:37571034><>" (damage "0")
L 11/14/2022 - 22:48:21: [playercommands.smx] "7iour<27><STEAM_1:0:37571034><>" slapped "7iour<27><STEAM_1:0:37571034><>" (damage "0")
L 11/14/2022 - 22:48:21: [playercommands.smx] "7iour<27><STEAM_1:0:37571034><>" slapped "7iour<27><STEAM_1:0:37571034><>" (damage "0")
L 11/14/2022 - 22:48:23: [playercommands.smx] "7iour<27><STEAM_1:0:37571034><>" slapped "7iour<27><STEAM_1:0:37571034><>" (damage "0")
L 11/14/2022 - 22:48:24: [playercommands.smx] "7iour<27><STEAM_1:0:37571034><>" slapped "7iour<27><STEAM_1:0:37571034><>" (damage "0")
L 11/14/2022 - 22:48:25: [playercommands.smx] "7iour<27><STEAM_1:0:37571034><>" slapped "7iour<27><STEAM_1:0:37571034><>" (damage "0")
L 11/14/2022 - 22:48:26: [playercommands.smx] "7iour<27><STEAM_1:0:37571034><>" slapped "7iour<27><STEAM_1:0:37571034><>" (damage "0")
L 11/14/2022 - 22:48:27: [playercommands.smx] "7iour<27><STEAM_1:0:37571034><>" slapped "7iour<27><STEAM_1:0:37571034><>" (damage "0")
L 11/14/2022 - 22:48:29: [playercommands.smx] "7iour<27><STEAM_1:0:37571034><>" slapped "7iour<27><STEAM_1:0:37571034><>" (damage "0")
L 11/14/2022 - 22:48:30: [playercommands.smx] "7iour<27><STEAM_1:0:37571034><>" slapped "7iour<27><STEAM_1:0:37571034><>" (damage "0")
L 11/14/2022 - 22:48:31: [playercommands.smx] "7iour<27><STEAM_1:0:37571034><>" slapped "7iour<27><STEAM_1:0:37571034><>" (damage "0")
L 11/14/2022 - 22:48:32: [playercommands.smx] "7iour<27><STEAM_1:0:37571034><>" slapped "7iour<27><STEAM_1:0:37571034><>" (damage "0")
L 11/14/2022 - 22:48:32: [playercommands.smx] "7iour<27><STEAM_1:0:37571034><>" slapped "7iour<27><STEAM_1:0:37571034><>" (damage "0")
L 11/14/2022 - 22:48:32: [playercommands.smx] "7iour<27><STEAM_1:0:37571034><>" slapped "7iour<27><STEAM_1:0:37571034><>" (damage "0")
L 11/14/2022 - 22:48:32: [playercommands.smx] "7iour<27><STEAM_1:0:37571034><>" slapped "7iour<27><STEAM_1:0:37571034><>" (damage "0")
L 11/14/2022 - 22:48:32: [playercommands.smx] "7iour<27><STEAM_1:0:37571034><>" slapped "7iour<27><STEAM_1:0:37571034><>" (damage "0")
L 11/14/2022 - 22:48:32: [playercommands.smx] "7iour<27><STEAM_1:0:37571034><>" slapped "7iour<27><STEAM_1:0:37571034><>" (damage "0")
L 11/14/2022 - 22:48:33: [playercommands.smx] "7iour<27><STEAM_1:0:37571034><>" slapped "7iour<27><STEAM_1:0:37571034><>" (damage "0")
L 11/14/2022 - 22:48:37: [playercommands.smx] "7iour<27><STEAM_1:0:37571034><>" slapped "7iour<27><STEAM_1:0:37571034><>" (damage "0")
L 11/14/2022 - 22:48:38: [playercommands.smx] "7iour<27><STEAM_1:0:37571034><>" slapped "7iour<27><STEAM_1:0:37571034><>" (damage "0")
L 11/14/2022 - 22:48:38: [playercommands.smx] "7iour<27><STEAM_1:0:37571034><>" slapped "7iour<27><STEAM_1:0:37571034><>" (damage "0")
L 11/14/2022 - 22:48:38: [playercommands.smx] "7iour<27><STEAM_1:0:37571034><>" slapped "7iour<27><STEAM_1:0:37571034><>" (damage "0")
L 11/14/2022 - 22:48:38: [playercommands.smx] "7iour<27><STEAM_1:0:37571034><>" slapped "7iour<27><STEAM_1:0:37571034><>" (damage "0")
L 11/14/2022 - 22:48:39: [playercommands.smx] "7iour<27><STEAM_1:0:37571034><>" slapped "7iour<27><STEAM_1:0:37571034><>" (damage "0")
L 11/14/2022 - 22:48:39: [playercommands.smx] "7iour<27><STEAM_1:0:37571034><>" slapped "7iour<27><STEAM_1:0:37571034><>" (damage "0")
L 11/14/2022 - 22:48:39: [playercommands.smx] "7iour<27><STEAM_1:0:37571034><>" slapped "7iour<27><STEAM_1:0:37571034><>" (damage "0")
L 11/14/2022 - 22:48:41: [playercommands.smx] "7iour<27><STEAM_1:0:37571034><>" slapped "7iour<27><STEAM_1:0:37571034><>" (damage "0")
L 11/14/2022 - 22:48:41: [playercommands.smx] "7iour<27><STEAM_1:0:37571034><>" slapped "7iour<27><STEAM_1:0:37571034><>" (damage "0")
L 11/14/2022 - 22:48:42: [playercommands.smx] "7iour<27><STEAM_1:0:37571034><>" slapped "7iour<27><STEAM_1:0:37571034><>" (damage "0")
L 11/14/2022 - 22:48:42: [playercommands.smx] "7iour<27><STEAM_1:0:37571034><>" slapped "7iour<27><STEAM_1:0:37571034><>" (damage "0")
L 11/14/2022 - 22:48:42: [playercommands.smx] "7iour<27><STEAM_1:0:37571034><>" slapped "7iour<27><STEAM_1:0:37571034><>" (damage "0")
L 11/14/2022 - 22:48:43: [playercommands.smx] "7iour<27><STEAM_1:0:37571034><>" slapped "7iour<27><STEAM_1:0:37571034><>" (damage "0")
L 11/14/2022 - 22:48:44: [playercommands.smx] "7iour<27><STEAM_1:0:37571034><>" slapped "7iour<27><STEAM_1:0:37571034><>" (damage "0")
L 11/14/2022 - 22:48:44: [playercommands.smx] "7iour<27><STEAM_1:0:37571034><>" slapped "7iour<27><STEAM_1:0:37571034><>" (damage "0")
L 11/14/2022 - 22:48:45: [playercommands.smx] "7iour<27><STEAM_1:0:37571034><>" slapped "7iour<27><STEAM_1:0:37571034><>" (damage "0")
L 11/14/2022 - 22:48:45: [playercommands.smx] "7iour<27><STEAM_1:0:37571034><>" slapped "7iour<27><STEAM_1:0:37571034><>" (damage "0")
L 11/14/2022 - 22:48:46: [playercommands.smx] "7iour<27><STEAM_1:0:37571034><>" slapped "7iour<27><STEAM_1:0:37571034><>" (damage "0")
L 11/14/2022 - 22:48:47: [playercommands.smx] "7iour<27><STEAM_1:0:37571034><>" slapped "7iour<27><STEAM_1:0:37571034><>" (damage "0")
L 11/14/2022 - 22:48:48: [playercommands.smx] "7iour<27><STEAM_1:0:37571034><>" slapped "7iour<27><STEAM_1:0:37571034><>" (damage "0")
L 11/14/2022 - 22:49:04: [playercommands.smx] "7iour<27><STEAM_1:0:37571034><>" slapped "7iour<27><STEAM_1:0:37571034><>" (damage "0")
L 11/14/2022 - 22:49:05: [playercommands.smx] "7iour<27><STEAM_1:0:37571034><>" slapped "7iour<27><STEAM_1:0:37571034><>" (damage "0")
L 11/14/2022 - 22:49:05: [playercommands.smx] "7iour<27><STEAM_1:0:37571034><>" slapped "7iour<27><STEAM_1:0:37571034><>" (damage "0")
L 11/14/2022 - 22:49:05: [playercommands.smx] "7iour<27><STEAM_1:0:37571034><>" slapped "7iour<27><STEAM_1:0:37571034><>" (damage "0")
L 11/14/2022 - 22:49:06: [playercommands.smx] "7iour<27><STEAM_1:0:37571034><>" slapped "7iour<27><STEAM_1:0:37571034><>" (damage "0")
L 11/14/2022 - 22:49:08: [playercommands.smx] "7iour<27><STEAM_1:0:37571034><>" slapped "7iour<27><STEAM_1:0:37571034><>" (damage "0")
L 11/14/2022 - 22:49:08: [playercommands.smx] "7iour<27><STEAM_1:0:37571034><>" slapped "7iour<27><STEAM_1:0:37571034><>" (damage "0")
L 11/14/2022 - 22:49:09: [playercommands.smx] "7iour<27><STEAM_1:0:37571034><>" slapped "7iour<27><STEAM_1:0:37571034><>" (damage "0")
L 11/14/2022 - 22:49:09: [playercommands.smx] "7iour<27><STEAM_1:0:37571034><>" slapped "7iour<27><STEAM_1:0:37571034><>" (damage "0")
L 11/14/2022 - 22:49:10: [playercommands.smx] "7iour<27><STEAM_1:0:37571034><>" slapped "7iour<27><STEAM_1:0:37571034><>" (damage "0")
L 11/14/2022 - 22:49:11: [playercommands.smx] "7iour<27><STEAM_1:0:37571034><>" slapped "7iour<27><STEAM_1:0:37571034><>" (damage "0")
L 11/14/2022 - 22:49:11: [playercommands.smx] "7iour<27><STEAM_1:0:37571034><>" slapped "7iour<27><STEAM_1:0:37571034><>" (damage "0")
L 11/14/2022 - 22:49:12: [playercommands.smx] "7iour<27><STEAM_1:0:37571034><>" slapped "7iour<27><STEAM_1:0:37571034><>" (damage "0")
L 11/14/2022 - 22:49:12: [playercommands.smx] "7iour<27><STEAM_1:0:37571034><>" slapped "7iour<27><STEAM_1:0:37571034><>" (damage "0")
L 11/14/2022 - 22:49:13: [playercommands.smx] "7iour<27><STEAM_1:0:37571034><>" slapped "7iour<27><STEAM_1:0:37571034><>" (damage "0")
L 11/14/2022 - 22:49:13: [playercommands.smx] "7iour<27><STEAM_1:0:37571034><>" slapped "7iour<27><STEAM_1:0:37571034><>" (damage "0")
L 11/14/2022 - 22:49:14: [playercommands.smx] "7iour<27><STEAM_1:0:37571034><>" slapped "7iour<27><STEAM_1:0:37571034><>" (damage "0")
L 11/14/2022 - 22:49:14: [playercommands.smx] "7iour<27><STEAM_1:0:37571034><>" slapped "7iour<27><STEAM_1:0:37571034><>" (damage "0")
L 11/14/2022 - 22:49:14: [playercommands.smx] "7iour<27><STEAM_1:0:37571034><>" slapped "7iour<27><STEAM_1:0:37571034><>" (damage "0")
L 11/14/2022 - 22:49:15: [playercommands.smx] "7iour<27><STEAM_1:0:37571034><>" slapped "7iour<27><STEAM_1:0:37571034><>" (damage "0")
L 11/14/2022 - 22:49:15: [playercommands.smx] "7iour<27><STEAM_1:0:37571034><>" slapped "7iour<27><STEAM_1:0:37571034><>" (damage "0")
L 11/14/2022 - 22:49:15: [playercommands.smx] "7iour<27><STEAM_1:0:37571034><>" slapped "7iour<27><STEAM_1:0:37571034><>" (damage "0")
L 11/14/2022 - 22:49:15: [playercommands.smx] "7iour<27><STEAM_1:0:37571034><>" slapped "7iour<27><STEAM_1:0:37571034><>" (damage "0")
L 11/14/2022 - 22:49:16: [playercommands.smx] "7iour<27><STEAM_1:0:37571034><>" slapped "7iour<27><STEAM_1:0:37571034><>" (damage "0")
L 11/14/2022 - 22:49:16: [playercommands.smx] "7iour<27><STEAM_1:0:37571034><>" slapped "7iour<27><STEAM_1:0:37571034><>" (damage "0")
L 11/14/2022 - 22:49:17: [playercommands.smx] "7iour<27><STEAM_1:0:37571034><>" slapped "7iour<27><STEAM_1:0:37571034><>" (damage "0")
L 11/14/2022 - 22:49:17: [playercommands.smx] "7iour<27><STEAM_1:0:37571034><>" slapped "7iour<27><STEAM_1:0:37571034><>" (damage "0")
L 11/14/2022 - 22:49:17: [playercommands.smx] "7iour<27><STEAM_1:0:37571034><>" slapped "7iour<27><STEAM_1:0:37571034><>" (damage "0")
L 11/14/2022 - 22:49:17: [playercommands.smx] "7iour<27><STEAM_1:0:37571034><>" slapped "7iour<27><STEAM_1:0:37571034><>" (damage "0")
L 11/14/2022 - 22:49:17: [playercommands.smx] "7iour<27><STEAM_1:0:37571034><>" slapped "7iour<27><STEAM_1:0:37571034><>" (damage "0")
L 11/14/2022 - 22:49:17: [playercommands.smx] "7iour<27><STEAM_1:0:37571034><>" slapped "7iour<27><STEAM_1:0:37571034><>" (damage "0")
L 11/14/2022 - 22:49:18: [playercommands.smx] "7iour<27><STEAM_1:0:37571034><>" slapped "7iour<27><STEAM_1:0:37571034><>" (damage "0")
L 11/14/2022 - 22:49:18: [playercommands.smx] "7iour<27><STEAM_1:0:37571034><>" slapped "7iour<27><STEAM_1:0:37571034><>" (damage "0")
L 11/14/2022 - 22:49:18: [playercommands.smx] "7iour<27><STEAM_1:0:37571034><>" slapped "7iour<27><STEAM_1:0:37571034><>" (damage "0")
L 11/14/2022 - 22:49:18: [playercommands.smx] "7iour<27><STEAM_1:0:37571034><>" slapped "7iour<27><STEAM_1:0:37571034><>" (damage "0")
L 11/14/2022 - 22:49:19: [playercommands.smx] "7iour<27><STEAM_1:0:37571034><>" slapped "7iour<27><STEAM_1:0:37571034><>" (damage "0")
L 11/14/2022 - 22:49:19: [playercommands.smx] "7iour<27><STEAM_1:0:37571034><>" slapped "7iour<27><STEAM_1:0:37571034><>" (damage "0")
L 11/14/2022 - 22:49:19: [playercommands.smx] "7iour<27><STEAM_1:0:37571034><>" slapped "7iour<27><STEAM_1:0:37571034><>" (damage "0")
L 11/14/2022 - 22:49:19: [playercommands.smx] "7iour<27><STEAM_1:0:37571034><>" slapped "7iour<27><STEAM_1:0:37571034><>" (damage "0")
L 11/14/2022 - 22:49:19: [playercommands.smx] "7iour<27><STEAM_1:0:37571034><>" slapped "7iour<27><STEAM_1:0:37571034><>" (damage "0")
L 11/14/2022 - 22:49:20: [playercommands.smx] "7iour<27><STEAM_1:0:37571034><>" slapped "7iour<27><STEAM_1:0:37571034><>" (damage "0")
L 11/14/2022 - 22:49:20: [playercommands.smx] "7iour<27><STEAM_1:0:37571034><>" slapped "7iour<27><STEAM_1:0:37571034><>" (damage "0")
L 11/14/2022 - 22:49:20: [playercommands.smx] "7iour<27><STEAM_1:0:37571034><>" slapped "7iour<27><STEAM_1:0:37571034><>" (damage "0")
L 11/14/2022 - 22:49:20: [playercommands.smx] "7iour<27><STEAM_1:0:37571034><>" slapped "7iour<27><STEAM_1:0:37571034><>" (damage "0")
L 11/14/2022 - 22:49:20: [playercommands.smx] "7iour<27><STEAM_1:0:37571034><>" slapped "7iour<27><STEAM_1:0:37571034><>" (damage "0")
L 11/14/2022 - 22:49:21: [playercommands.smx] "7iour<27><STEAM_1:0:37571034><>" slapped "7iour<27><STEAM_1:0:37571034><>" (damage "0")
L 11/14/2022 - 22:49:21: [playercommands.smx] "7iour<27><STEAM_1:0:37571034><>" slapped "7iour<27><STEAM_1:0:37571034><>" (damage "0")
L 11/14/2022 - 22:49:21: [playercommands.smx] "7iour<27><STEAM_1:0:37571034><>" slapped "7iour<27><STEAM_1:0:37571034><>" (damage "0")
L 11/14/2022 - 22:49:21: [playercommands.smx] "7iour<27><STEAM_1:0:37571034><>" slapped "7iour<27><STEAM_1:0:37571034><>" (damage "0")
L 11/14/2022 - 22:49:21: [playercommands.smx] "7iour<27><STEAM_1:0:37571034><>" slapped "7iour<27><STEAM_1:0:37571034><>" (damage "0")
L 11/14/2022 - 22:49:21: [playercommands.smx] "7iour<27><STEAM_1:0:37571034><>" slapped "7iour<27><STEAM_1:0:37571034><>" (damage "0")
L 11/14/2022 - 22:49:22: [playercommands.smx] "7iour<27><STEAM_1:0:37571034><>" slapped "7iour<27><STEAM_1:0:37571034><>" (damage "0")
L 11/14/2022 - 22:49:22: [playercommands.smx] "7iour<27><STEAM_1:0:37571034><>" slapped "7iour<27><STEAM_1:0:37571034><>" (damage "0")
L 11/14/2022 - 22:49:22: [playercommands.smx] "7iour<27><STEAM_1:0:37571034><>" slapped "7iour<27><STEAM_1:0:37571034><>" (damage "0")
L 11/14/2022 - 22:49:22: [playercommands.smx] "7iour<27><STEAM_1:0:37571034><>" slapped "7iour<27><STEAM_1:0:37571034><>" (damage "0")
L 11/14/2022 - 22:49:23: [playercommands.smx] "7iour<27><STEAM_1:0:37571034><>" slapped "7iour<27><STEAM_1:0:37571034><>" (damage "0")
L 11/14/2022 - 22:49:23: [playercommands.smx] "7iour<27><STEAM_1:0:37571034><>" slapped "7iour<27><STEAM_1:0:37571034><>" (damage "0")
L 11/14/2022 - 22:49:23: [playercommands.smx] "7iour<27><STEAM_1:0:37571034><>" slapped "7iour<27><STEAM_1:0:37571034><>" (damage "0")
L 11/14/2022 - 22:49:23: [playercommands.smx] "7iour<27><STEAM_1:0:37571034><>" slapped "7iour<27><STEAM_1:0:37571034><>" (damage "0")
L 11/14/2022 - 22:49:24: [playercommands.smx] "7iour<27><STEAM_1:0:37571034><>" slapped "7iour<27><STEAM_1:0:37571034><>" (damage "0")
L 11/14/2022 - 22:49:24: [playercommands.smx] "7iour<27><STEAM_1:0:37571034><>" slapped "7iour<27><STEAM_1:0:37571034><>" (damage "0")
L 11/14/2022 - 22:49:24: [playercommands.smx] "7iour<27><STEAM_1:0:37571034><>" slapped "7iour<27><STEAM_1:0:37571034><>" (damage "0")
L 11/14/2022 - 22:49:25: [playercommands.smx] "7iour<27><STEAM_1:0:37571034><>" slapped "7iour<27><STEAM_1:0:37571034><>" (damage "0")
L 11/14/2022 - 22:49:25: [playercommands.smx] "7iour<27><STEAM_1:0:37571034><>" slapped "7iour<27><STEAM_1:0:37571034><>" (damage "0")
L 11/14/2022 - 22:49:25: [playercommands.smx] "7iour<27><STEAM_1:0:37571034><>" slapped "7iour<27><STEAM_1:0:37571034><>" (damage "0")
L 11/14/2022 - 22:49:40: [playercommands.smx] "7iour<27><STEAM_1:0:37571034><>" slapped "7iour<27><STEAM_1:0:37571034><>" (damage "0")
L 11/14/2022 - 22:49:41: [playercommands.smx] "7iour<27><STEAM_1:0:37571034><>" slapped "7iour<27><STEAM_1:0:37571034><>" (damage "0")
L 11/14/2022 - 22:49:41: [playercommands.smx] "7iour<27><STEAM_1:0:37571034><>" slapped "7iour<27><STEAM_1:0:37571034><>" (damage "0")
L 11/14/2022 - 22:49:41: [playercommands.smx] "7iour<27><STEAM_1:0:37571034><>" slapped "7iour<27><STEAM_1:0:37571034><>" (damage "0")
L 11/14/2022 - 22:49:41: [playercommands.smx] "7iour<27><STEAM_1:0:37571034><>" slapped "7iour<27><STEAM_1:0:37571034><>" (damage "0")
L 11/14/2022 - 22:49:41: [playercommands.smx] "7iour<27><STEAM_1:0:37571034><>" slapped "7iour<27><STEAM_1:0:37571034><>" (damage "0")
L 11/14/2022 - 22:49:42: [playercommands.smx] "7iour<27><STEAM_1:0:37571034><>" slapped "7iour<27><STEAM_1:0:37571034><>" (damage "0")
L 11/14/2022 - 22:49:42: [playercommands.smx] "7iour<27><STEAM_1:0:37571034><>" slapped "7iour<27><STEAM_1:0:37571034><>" (damage "0")
L 11/14/2022 - 22:49:42: [playercommands.smx] "7iour<27><STEAM_1:0:37571034><>" slapped "7iour<27><STEAM_1:0:37571034><>" (damage "0")
L 11/14/2022 - 22:49:42: [playercommands.smx] "7iour<27><STEAM_1:0:37571034><>" slapped "7iour<27><STEAM_1:0:37571034><>" (damage "0")
L 11/14/2022 - 22:49:42: [playercommands.smx] "7iour<27><STEAM_1:0:37571034><>" slapped "7iour<27><STEAM_1:0:37571034><>" (damage "0")
L 11/14/2022 - 22:49:42: [playercommands.smx] "7iour<27><STEAM_1:0:37571034><>" slapped "7iour<27><STEAM_1:0:37571034><>" (damage "0")
L 11/14/2022 - 22:49:42: [playercommands.smx] "7iour<27><STEAM_1:0:37571034><>" slapped "7iour<27><STEAM_1:0:37571034><>" (damage "0")
L 11/14/2022 - 22:49:43: [playercommands.smx] "7iour<27><STEAM_1:0:37571034><>" slapped "7iour<27><STEAM_1:0:37571034><>" (damage "0")
L 11/14/2022 - 22:49:43: [playercommands.smx] "7iour<27><STEAM_1:0:37571034><>" slapped "7iour<27><STEAM_1:0:37571034><>" (damage "0")
L 11/14/2022 - 22:49:43: [playercommands.smx] "7iour<27><STEAM_1:0:37571034><>" slapped "7iour<27><STEAM_1:0:37571034><>" (damage "0")
L 11/14/2022 - 22:49:43: [playercommands.smx] "7iour<27><STEAM_1:0:37571034><>" slapped "7iour<27><STEAM_1:0:37571034><>" (damage "0")
L 11/14/2022 - 22:49:43: [playercommands.smx] "7iour<27><STEAM_1:0:37571034><>" slapped "7iour<27><STEAM_1:0:37571034><>" (damage "0")
L 11/14/2022 - 22:49:57: [playercommands.smx] "7iour<27><STEAM_1:0:37571034><>" slapped "7iour<27><STEAM_1:0:37571034><>" (damage "0")
L 11/14/2022 - 22:49:58: [playercommands.smx] "7iour<27><STEAM_1:0:37571034><>" slapped "7iour<27><STEAM_1:0:37571034><>" (damage "0")
L 11/14/2022 - 22:49:58: [playercommands.smx] "7iour<27><STEAM_1:0:37571034><>" slapped "7iour<27><STEAM_1:0:37571034><>" (damage "0")
L 11/14/2022 - 22:49:58: [playercommands.smx] "7iour<27><STEAM_1:0:37571034><>" slapped "7iour<27><STEAM_1:0:37571034><>" (damage "0")
L 11/14/2022 - 22:49:58: [playercommands.smx] "7iour<27><STEAM_1:0:37571034><>" slapped "7iour<27><STEAM_1:0:37571034><>" (damage "0")
L 11/14/2022 - 22:49:58: [playercommands.smx] "7iour<27><STEAM_1:0:37571034><>" slapped "7iour<27><STEAM_1:0:37571034><>" (damage "0")
L 11/14/2022 - 22:49:59: [playercommands.smx] "7iour<27><STEAM_1:0:37571034><>" slapped "7iour<27><STEAM_1:0:37571034><>" (damage "0")
L 11/14/2022 - 22:49:59: [playercommands.smx] "7iour<27><STEAM_1:0:37571034><>" slapped "7iour<27><STEAM_1:0:37571034><>" (damage "0")
L 11/14/2022 - 22:49:59: [playercommands.smx] "7iour<27><STEAM_1:0:37571034><>" slapped "7iour<27><STEAM_1:0:37571034><>" (damage "0")
L 11/14/2022 - 22:49:59: [playercommands.smx] "7iour<27><STEAM_1:0:37571034><>" slapped "7iour<27><STEAM_1:0:37571034><>" (damage "0")
L 11/14/2022 - 22:49:59: [playercommands.smx] "7iour<27><STEAM_1:0:37571034><>" slapped "7iour<27><STEAM_1:0:37571034><>" (damage "0")
L 11/14/2022 - 22:50:00: [playercommands.smx] "7iour<27><STEAM_1:0:37571034><>" slapped "7iour<27><STEAM_1:0:37571034><>" (damage "0")
L 11/14/2022 - 22:50:00: [playercommands.smx] "7iour<27><STEAM_1:0:37571034><>" slapped "7iour<27><STEAM_1:0:37571034><>" (damage "0")
L 11/14/2022 - 22:50:00: [playercommands.smx] "7iour<27><STEAM_1:0:37571034><>" slapped "7iour<27><STEAM_1:0:37571034><>" (damage "0")
L 11/14/2022 - 22:50:00: [playercommands.smx] "7iour<27><STEAM_1:0:37571034><>" slapped "7iour<27><STEAM_1:0:37571034><>" (damage "0")
L 11/14/2022 - 22:50:01: [playercommands.smx] "7iour<27><STEAM_1:0:37571034><>" slapped "7iour<27><STEAM_1:0:37571034><>" (damage "0")
L 11/14/2022 - 22:50:01: [playercommands.smx] "7iour<27><STEAM_1:0:37571034><>" slapped "7iour<27><STEAM_1:0:37571034><>" (damage "0")
L 11/14/2022 - 22:50:02: [playercommands.smx] "7iour<27><STEAM_1:0:37571034><>" slapped "7iour<27><STEAM_1:0:37571034><>" (damage "0")
L 11/14/2022 - 22:50:02: [playercommands.smx] "7iour<27><STEAM_1:0:37571034><>" slapped "7iour<27><STEAM_1:0:37571034><>" (damage "0")
L 11/14/2022 - 22:50:02: [playercommands.smx] "7iour<27><STEAM_1:0:37571034><>" slapped "7iour<27><STEAM_1:0:37571034><>" (damage "0")
L 11/14/2022 - 22:50:03: [playercommands.smx] "7iour<27><STEAM_1:0:37571034><>" slapped "7iour<27><STEAM_1:0:37571034><>" (damage "0")
L 11/14/2022 - 22:50:04: [playercommands.smx] "7iour<27><STEAM_1:0:37571034><>" slapped "7iour<27><STEAM_1:0:37571034><>" (damage "0")
L 11/14/2022 - 22:50:04: [playercommands.smx] "7iour<27><STEAM_1:0:37571034><>" slapped "7iour<27><STEAM_1:0:37571034><>" (damage "0")
L 11/14/2022 - 22:50:04: [playercommands.smx] "7iour<27><STEAM_1:0:37571034><>" slapped "7iour<27><STEAM_1:0:37571034><>" (damage "0")
L 11/14/2022 - 22:50:04: [playercommands.smx] "7iour<27><STEAM_1:0:37571034><>" slapped "7iour<27><STEAM_1:0:37571034><>" (damage "0")
L 11/14/2022 - 22:50:04: [playercommands.smx] "7iour<27><STEAM_1:0:37571034><>" slapped "7iour<27><STEAM_1:0:37571034><>" (damage "0")
L 11/14/2022 - 22:50:05: [playercommands.smx] "7iour<27><STEAM_1:0:37571034><>" slapped "7iour<27><STEAM_1:0:37571034><>" (damage "0")
L 11/14/2022 - 22:50:05: [playercommands.smx] "7iour<27><STEAM_1:0:37571034><>" slapped "7iour<27><STEAM_1:0:37571034><>" (damage "0")
L 11/14/2022 - 22:50:05: [playercommands.smx] "7iour<27><STEAM_1:0:37571034><>" slapped "7iour<27><STEAM_1:0:37571034><>" (damage "0")
L 11/14/2022 - 22:50:05: [playercommands.smx] "7iour<27><STEAM_1:0:37571034><>" slapped "7iour<27><STEAM_1:0:37571034><>" (damage "0")
L 11/14/2022 - 22:50:06: [playercommands.smx] "7iour<27><STEAM_1:0:37571034><>" slapped "7iour<27><STEAM_1:0:37571034><>" (damage "0")
L 11/14/2022 - 22:50:06: [playercommands.smx] "7iour<27><STEAM_1:0:37571034><>" slapped "7iour<27><STEAM_1:0:37571034><>" (damage "0")
L 11/14/2022 - 22:50:06: [playercommands.smx] "7iour<27><STEAM_1:0:37571034><>" slapped "7iour<27><STEAM_1:0:37571034><>" (damage "0")
L 11/14/2022 - 22:50:06: [playercommands.smx] "7iour<27><STEAM_1:0:37571034><>" slapped "7iour<27><STEAM_1:0:37571034><>" (damage "0")
L 11/14/2022 - 22:50:07: [playercommands.smx] "7iour<27><STEAM_1:0:37571034><>" slapped "7iour<27><STEAM_1:0:37571034><>" (damage "0")
L 11/14/2022 - 22:50:07: [playercommands.smx] "7iour<27><STEAM_1:0:37571034><>" slapped "7iour<27><STEAM_1:0:37571034><>" (damage "0")
L 11/14/2022 - 22:50:07: [playercommands.smx] "7iour<27><STEAM_1:0:37571034><>" slapped "7iour<27><STEAM_1:0:37571034><>" (damage "0")
L 11/14/2022 - 22:50:11: [playercommands.smx] "7iour<27><STEAM_1:0:37571034><>" slapped "7iour<27><STEAM_1:0:37571034><>" (damage "0")
L 11/14/2022 - 22:50:18: [playercommands.smx] "7iour<27><STEAM_1:0:37571034><>" slapped "7iour<27><STEAM_1:0:37571034><>" (damage "0")
L 11/14/2022 - 22:50:18: [playercommands.smx] "7iour<27><STEAM_1:0:37571034><>" slapped "7iour<27><STEAM_1:0:37571034><>" (damage "0")
L 11/14/2022 - 22:50:18: [playercommands.smx] "7iour<27><STEAM_1:0:37571034><>" slapped "7iour<27><STEAM_1:0:37571034><>" (damage "0")
L 11/14/2022 - 22:50:18: [playercommands.smx] "7iour<27><STEAM_1:0:37571034><>" slapped "7iour<27><STEAM_1:0:37571034><>" (damage "0")
L 11/14/2022 - 22:50:19: [playercommands.smx] "7iour<27><STEAM_1:0:37571034><>" slapped "7iour<27><STEAM_1:0:37571034><>" (damage "0")
L 11/14/2022 - 22:50:19: [playercommands.smx] "7iour<27><STEAM_1:0:37571034><>" slapped "7iour<27><STEAM_1:0:37571034><>" (damage "0")
L 11/14/2022 - 22:50:19: [playercommands.smx] "7iour<27><STEAM_1:0:37571034><>" slapped "7iour<27><STEAM_1:0:37571034><>" (damage "0")
L 11/14/2022 - 22:50:19: [playercommands.smx] "7iour<27><STEAM_1:0:37571034><>" slapped "7iour<27><STEAM_1:0:37571034><>" (damage "0")
L 11/14/2022 - 22:50:20: [playercommands.smx] "7iour<27><STEAM_1:0:37571034><>" slapped "7iour<27><STEAM_1:0:37571034><>" (damage "0")
L 11/14/2022 - 22:50:20: [playercommands.smx] "7iour<27><STEAM_1:0:37571034><>" slapped "7iour<27><STEAM_1:0:37571034><>" (damage "0")
L 11/14/2022 - 22:50:20: [playercommands.smx] "7iour<27><STEAM_1:0:37571034><>" slapped "7iour<27><STEAM_1:0:37571034><>" (damage "0")
L 11/14/2022 - 22:50:20: [playercommands.smx] "7iour<27><STEAM_1:0:37571034><>" slapped "7iour<27><STEAM_1:0:37571034><>" (damage "0")
L 11/14/2022 - 22:50:21: [playercommands.smx] "7iour<27><STEAM_1:0:37571034><>" slapped "7iour<27><STEAM_1:0:37571034><>" (damage "0")
L 11/14/2022 - 22:50:21: [playercommands.smx] "7iour<27><STEAM_1:0:37571034><>" slapped "7iour<27><STEAM_1:0:37571034><>" (damage "0")
L 11/14/2022 - 22:50:21: [playercommands.smx] "7iour<27><STEAM_1:0:37571034><>" slapped "7iour<27><STEAM_1:0:37571034><>" (damage "0")
L 11/14/2022 - 22:50:21: [playercommands.smx] "7iour<27><STEAM_1:0:37571034><>" slapped "7iour<27><STEAM_1:0:37571034><>" (damage "0")
L 11/14/2022 - 22:50:21: [playercommands.smx] "7iour<27><STEAM_1:0:37571034><>" slapped "7iour<27><STEAM_1:0:37571034><>" (damage "0")
L 11/14/2022 - 22:50:21: [playercommands.smx] "7iour<27><STEAM_1:0:37571034><>" slapped "7iour<27><STEAM_1:0:37571034><>" (damage "0")
L 11/14/2022 - 22:50:21: [playercommands.smx] "7iour<27><STEAM_1:0:37571034><>" slapped "7iour<27><STEAM_1:0:37571034><>" (damage "0")
L 11/14/2022 - 22:50:21: [playercommands.smx] "7iour<27><STEAM_1:0:37571034><>" slapped "7iour<27><STEAM_1:0:37571034><>" (damage "0")
L 11/14/2022 - 22:50:21: [playercommands.smx] "7iour<27><STEAM_1:0:37571034><>" slapped "7iour<27><STEAM_1:0:37571034><>" (damage "0")
L 11/14/2022 - 22:50:22: [playercommands.smx] "7iour<27><STEAM_1:0:37571034><>" slapped "7iour<27><STEAM_1:0:37571034><>" (damage "0")
L 11/14/2022 - 22:50:22: [playercommands.smx] "7iour<27><STEAM_1:0:37571034><>" slapped "7iour<27><STEAM_1:0:37571034><>" (damage "0")
L 11/14/2022 - 22:50:22: [playercommands.smx] "7iour<27><STEAM_1:0:37571034><>" slapped "7iour<27><STEAM_1:0:37571034><>" (damage "0")
L 11/14/2022 - 22:50:22: [playercommands.smx] "7iour<27><STEAM_1:0:37571034><>" slapped "7iour<27><STEAM_1:0:37571034><>" (damage "0")
L 11/14/2022 - 22:50:22: [playercommands.smx] "7iour<27><STEAM_1:0:37571034><>" slapped "7iour<27><STEAM_1:0:37571034><>" (damage "0")
L 11/14/2022 - 22:50:22: [playercommands.smx] "7iour<27><STEAM_1:0:37571034><>" slapped "7iour<27><STEAM_1:0:37571034><>" (damage "0")
L 11/14/2022 - 22:50:22: [playercommands.smx] "7iour<27><STEAM_1:0:37571034><>" slapped "7iour<27><STEAM_1:0:37571034><>" (damage "0")
L 11/14/2022 - 22:50:22: [playercommands.smx] "7iour<27><STEAM_1:0:37571034><>" slapped "7iour<27><STEAM_1:0:37571034><>" (damage "0")
L 11/14/2022 - 22:50:23: [playercommands.smx] "7iour<27><STEAM_1:0:37571034><>" slapped "7iour<27><STEAM_1:0:37571034><>" (damage "0")
L 11/14/2022 - 22:50:23: [playercommands.smx] "7iour<27><STEAM_1:0:37571034><>" slapped "7iour<27><STEAM_1:0:37571034><>" (damage "0")
L 11/14/2022 - 22:50:23: [playercommands.smx] "7iour<27><STEAM_1:0:37571034><>" slapped "7iour<27><STEAM_1:0:37571034><>" (damage "0")
L 11/14/2022 - 22:50:23: [playercommands.smx] "7iour<27><STEAM_1:0:37571034><>" slapped "7iour<27><STEAM_1:0:37571034><>" (damage "0")
L 11/14/2022 - 22:50:23: [playercommands.smx] "7iour<27><STEAM_1:0:37571034><>" slapped "7iour<27><STEAM_1:0:37571034><>" (damage "0")
L 11/14/2022 - 22:50:23: [playercommands.smx] "7iour<27><STEAM_1:0:37571034><>" slapped "7iour<27><STEAM_1:0:37571034><>" (damage "0")
L 11/14/2022 - 22:50:23: [playercommands.smx] "7iour<27><STEAM_1:0:37571034><>" slapped "7iour<27><STEAM_1:0:37571034><>" (damage "0")
L 11/14/2022 - 22:50:23: [playercommands.smx] "7iour<27><STEAM_1:0:37571034><>" slapped "7iour<27><STEAM_1:0:37571034><>" (damage "0")
L 11/14/2022 - 22:50:24: [playercommands.smx] "7iour<27><STEAM_1:0:37571034><>" slapped "7iour<27><STEAM_1:0:37571034><>" (damage "0")
L 11/14/2022 - 22:50:33: [funcommands.smx] "7iour<27><STEAM_1:0:37571034><>" set a beacon on "7iour<27><STEAM_1:0:37571034><>"
L 11/14/2022 - 22:50:41: [funcommands.smx] "7iour<27><STEAM_1:0:37571034><>" set gravity on "7iour<27><STEAM_1:0:37571034><>" (amount "4.000000")
L 11/14/2022 - 22:50:46: [funcommands.smx] "7iour<27><STEAM_1:0:37571034><>" set gravity on "7iour<27><STEAM_1:0:37571034><>" (amount "0.500000")
L 11/14/2022 - 22:50:53: [funcommands.smx] "7iour<27><STEAM_1:0:37571034><>" set gravity on "7iour<27><STEAM_1:0:37571034><>" (amount "0.100000")
L 11/14/2022 - 23:01:22: [playercommands.smx] "7iour<27><STEAM_1:0:37571034><>" slapped "7iour<27><STEAM_1:0:37571034><>" (damage "0")
L 11/14/2022 - 23:01:23: [playercommands.smx] "7iour<27><STEAM_1:0:37571034><>" slapped "7iour<27><STEAM_1:0:37571034><>" (damage "0")
L 11/14/2022 - 23:01:24: [playercommands.smx] "7iour<27><STEAM_1:0:37571034><>" slapped "7iour NL+1825277580<28><STEAM_1:0:528521984><>" (damage "0")
L 11/14/2022 - 23:01:24: [playercommands.smx] "7iour<27><STEAM_1:0:37571034><>" slapped "7iour NL+1825277580<28><STEAM_1:0:528521984><>" (damage "0")
L 11/14/2022 - 23:01:25: [playercommands.smx] "7iour<27><STEAM_1:0:37571034><>" slapped "7iour NL+1825277580<28><STEAM_1:0:528521984><>" (damage "0")
L 11/14/2022 - 23:01:25: [playercommands.smx] "7iour<27><STEAM_1:0:37571034><>" slapped "7iour NL+1825277580<28><STEAM_1:0:528521984><>" (damage "0")
L 11/14/2022 - 23:01:25: [playercommands.smx] "7iour<27><STEAM_1:0:37571034><>" slapped "7iour NL+1825277580<28><STEAM_1:0:528521984><>" (damage "0")
L 11/14/2022 - 23:01:25: [playercommands.smx] "7iour<27><STEAM_1:0:37571034><>" slapped "7iour NL+1825277580<28><STEAM_1:0:528521984><>" (damage "0")
L 11/14/2022 - 23:01:26: [playercommands.smx] "7iour<27><STEAM_1:0:37571034><>" slapped "7iour NL+1825277580<28><STEAM_1:0:528521984><>" (damage "0")
L 11/14/2022 - 23:01:26: [playercommands.smx] "7iour<27><STEAM_1:0:37571034><>" slapped "7iour NL+1825277580<28><STEAM_1:0:528521984><>" (damage "0")
L 11/14/2022 - 23:01:26: [playercommands.smx] "7iour<27><STEAM_1:0:37571034><>" slapped "7iour NL+1825277580<28><STEAM_1:0:528521984><>" (damage "0")
L 11/14/2022 - 23:01:26: [playercommands.smx] "7iour<27><STEAM_1:0:37571034><>" slapped "7iour NL+1825277580<28><STEAM_1:0:528521984><>" (damage "0")
L 11/14/2022 - 23:01:26: [playercommands.smx] "7iour<27><STEAM_1:0:37571034><>" slapped "7iour NL+1825277580<28><STEAM_1:0:528521984><>" (damage "0")
L 11/14/2022 - 23:01:26: [playercommands.smx] "7iour<27><STEAM_1:0:37571034><>" slapped "7iour NL+1825277580<28><STEAM_1:0:528521984><>" (damage "0")
L 11/14/2022 - 23:01:37: [playercommands.smx] "7iour<27><STEAM_1:0:37571034><>" slapped "7iour NL+1825277580<28><STEAM_1:0:528521984><>" (damage "0")
L 11/14/2022 - 23:01:38: [playercommands.smx] "7iour<27><STEAM_1:0:37571034><>" slapped "7iour NL+1825277580<28><STEAM_1:0:528521984><>" (damage "0")
L 11/14/2022 - 23:01:38: [playercommands.smx] "7iour<27><STEAM_1:0:37571034><>" slapped "7iour NL+1825277580<28><STEAM_1:0:528521984><>" (damage "0")
L 11/14/2022 - 23:01:38: [playercommands.smx] "7iour<27><STEAM_1:0:37571034><>" slapped "7iour NL+1825277580<28><STEAM_1:0:528521984><>" (damage "0")
L 11/14/2022 - 23:01:39: [playercommands.smx] "7iour<27><STEAM_1:0:37571034><>" slapped "7iour NL+1825277580<28><STEAM_1:0:528521984><>" (damage "0")
L 11/14/2022 - 23:01:39: [playercommands.smx] "7iour<27><STEAM_1:0:37571034><>" slapped "7iour NL+1825277580<28><STEAM_1:0:528521984><>" (damage "0")
L 11/14/2022 - 23:01:39: [playercommands.smx] "7iour<27><STEAM_1:0:37571034><>" slapped "7iour NL+1825277580<28><STEAM_1:0:528521984><>" (damage "0")
L 11/14/2022 - 23:01:39: [playercommands.smx] "7iour<27><STEAM_1:0:37571034><>" slapped "7iour NL+1825277580<28><STEAM_1:0:528521984><>" (damage "0")
L 11/14/2022 - 23:01:40: [playercommands.smx] "7iour<27><STEAM_1:0:37571034><>" slapped "7iour NL+1825277580<28><STEAM_1:0:528521984><>" (damage "0")
L 11/14/2022 - 23:01:40: [playercommands.smx] "7iour<27><STEAM_1:0:37571034><>" slapped "7iour NL+1825277580<28><STEAM_1:0:528521984><>" (damage "0")
L 11/14/2022 - 23:01:40: [playercommands.smx] "7iour<27><STEAM_1:0:37571034><>" slapped "7iour NL+1825277580<28><STEAM_1:0:528521984><>" (damage "0")
L 11/14/2022 - 23:01:40: [playercommands.smx] "7iour<27><STEAM_1:0:37571034><>" slapped "7iour NL+1825277580<28><STEAM_1:0:528521984><>" (damage "0")
L 11/14/2022 - 23:01:40: [playercommands.smx] "7iour<27><STEAM_1:0:37571034><>" slapped "7iour NL+1825277580<28><STEAM_1:0:528521984><>" (damage "0")
L 11/14/2022 - 23:01:40: [playercommands.smx] "7iour<27><STEAM_1:0:37571034><>" slapped "7iour NL+1825277580<28><STEAM_1:0:528521984><>" (damage "0")
L 11/14/2022 - 23:01:41: [playercommands.smx] "7iour<27><STEAM_1:0:37571034><>" slapped "7iour NL+1825277580<28><STEAM_1:0:528521984><>" (damage "0")
L 11/14/2022 - 23:01:41: [playercommands.smx] "7iour<27><STEAM_1:0:37571034><>" slapped "7iour NL+1825277580<28><STEAM_1:0:528521984><>" (damage "0")
L 11/14/2022 - 23:01:41: [playercommands.smx] "7iour<27><STEAM_1:0:37571034><>" slapped "7iour NL+1825277580<28><STEAM_1:0:528521984><>" (damage "0")
L 11/14/2022 - 23:01:41: [playercommands.smx] "7iour<27><STEAM_1:0:37571034><>" slapped "7iour NL+1825277580<28><STEAM_1:0:528521984><>" (damage "0")
L 11/14/2022 - 23:01:41: [playercommands.smx] "7iour<27><STEAM_1:0:37571034><>" slapped "7iour NL+1825277580<28><STEAM_1:0:528521984><>" (damage "0")
L 11/14/2022 - 23:01:41: [playercommands.smx] "7iour<27><STEAM_1:0:37571034><>" slapped "7iour NL+1825277580<28><STEAM_1:0:528521984><>" (damage "0")
L 11/14/2022 - 23:01:41: [playercommands.smx] "7iour<27><STEAM_1:0:37571034><>" slapped "7iour NL+1825277580<28><STEAM_1:0:528521984><>" (damage "0")
L 11/14/2022 - 23:01:42: [playercommands.smx] "7iour<27><STEAM_1:0:37571034><>" slapped "7iour NL+1825277580<28><STEAM_1:0:528521984><>" (damage "0")
L 11/14/2022 - 23:01:42: [playercommands.smx] "7iour<27><STEAM_1:0:37571034><>" slapped "7iour NL+1825277580<28><STEAM_1:0:528521984><>" (damage "0")
L 11/14/2022 - 23:01:42: [playercommands.smx] "7iour<27><STEAM_1:0:37571034><>" slapped "7iour NL+1825277580<28><STEAM_1:0:528521984><>" (damage "0")
L 11/14/2022 - 23:01:42: [playercommands.smx] "7iour<27><STEAM_1:0:37571034><>" slapped "7iour NL+1825277580<28><STEAM_1:0:528521984><>" (damage "0")
L 11/14/2022 - 23:01:42: [playercommands.smx] "7iour<27><STEAM_1:0:37571034><>" slapped "7iour NL+1825277580<28><STEAM_1:0:528521984><>" (damage "0")
L 11/14/2022 - 23:01:42: [playercommands.smx] "7iour<27><STEAM_1:0:37571034><>" slapped "7iour NL+1825277580<28><STEAM_1:0:528521984><>" (damage "0")
L 11/14/2022 - 23:01:42: [playercommands.smx] "7iour<27><STEAM_1:0:37571034><>" slapped "7iour NL+1825277580<28><STEAM_1:0:528521984><>" (damage "0")
L 11/14/2022 - 23:01:43: [playercommands.smx] "7iour<27><STEAM_1:0:37571034><>" slapped "7iour NL+1825277580<28><STEAM_1:0:528521984><>" (damage "0")
L 11/14/2022 - 23:01:43: [playercommands.smx] "7iour<27><STEAM_1:0:37571034><>" slapped "7iour NL+1825277580<28><STEAM_1:0:528521984><>" (damage "0")
L 11/14/2022 - 23:01:43: [playercommands.smx] "7iour<27><STEAM_1:0:37571034><>" slapped "7iour NL+1825277580<28><STEAM_1:0:528521984><>" (damage "0")
L 11/14/2022 - 23:01:43: [playercommands.smx] "7iour<27><STEAM_1:0:37571034><>" slapped "7iour NL+1825277580<28><STEAM_1:0:528521984><>" (damage "0")
L 11/14/2022 - 23:01:43: [playercommands.smx] "7iour<27><STEAM_1:0:37571034><>" slapped "7iour NL+1825277580<28><STEAM_1:0:528521984><>" (damage "0")
L 11/14/2022 - 23:01:57: [playercommands.smx] "7iour<27><STEAM_1:0:37571034><>" slapped "7iour<27><STEAM_1:0:37571034><>" (damage "0")
L 11/14/2022 - 23:01:57: [playercommands.smx] "7iour<27><STEAM_1:0:37571034><>" slapped "7iour<27><STEAM_1:0:37571034><>" (damage "0")
L 11/14/2022 - 23:01:57: [playercommands.smx] "7iour<27><STEAM_1:0:37571034><>" slapped "7iour NL+1825277580<28><STEAM_1:0:528521984><>" (damage "0")
L 11/14/2022 - 23:01:57: [playercommands.smx] "7iour<27><STEAM_1:0:37571034><>" slapped "7iour<27><STEAM_1:0:37571034><>" (damage "0")
L 11/14/2022 - 23:01:57: [playercommands.smx] "7iour<27><STEAM_1:0:37571034><>" slapped "7iour NL+1825277580<28><STEAM_1:0:528521984><>" (damage "0")
L 11/14/2022 - 23:01:57: [playercommands.smx] "7iour<27><STEAM_1:0:37571034><>" slapped "7iour<27><STEAM_1:0:37571034><>" (damage "0")
L 11/14/2022 - 23:01:57: [playercommands.smx] "7iour<27><STEAM_1:0:37571034><>" slapped "7iour NL+1825277580<28><STEAM_1:0:528521984><>" (damage "0")
L 11/14/2022 - 23:01:58: [playercommands.smx] "7iour<27><STEAM_1:0:37571034><>" slapped "7iour<27><STEAM_1:0:37571034><>" (damage "0")
L 11/14/2022 - 23:01:58: [playercommands.smx] "7iour<27><STEAM_1:0:37571034><>" slapped "7iour NL+1825277580<28><STEAM_1:0:528521984><>" (damage "0")
L 11/14/2022 - 23:01:58: [playercommands.smx] "7iour<27><STEAM_1:0:37571034><>" slapped "7iour<27><STEAM_1:0:37571034><>" (damage "0")
L 11/14/2022 - 23:01:58: [playercommands.smx] "7iour<27><STEAM_1:0:37571034><>" slapped "7iour NL+1825277580<28><STEAM_1:0:528521984><>" (damage "0")
L 11/14/2022 - 23:01:58: [playercommands.smx] "7iour<27><STEAM_1:0:37571034><>" slapped "7iour<27><STEAM_1:0:37571034><>" (damage "0")
L 11/14/2022 - 23:01:58: [playercommands.smx] "7iour<27><STEAM_1:0:37571034><>" slapped "7iour NL+1825277580<28><STEAM_1:0:528521984><>" (damage "0")
L 11/14/2022 - 23:01:58: [playercommands.smx] "7iour<27><STEAM_1:0:37571034><>" slapped "7iour<27><STEAM_1:0:37571034><>" (damage "0")
L 11/14/2022 - 23:01:58: [playercommands.smx] "7iour<27><STEAM_1:0:37571034><>" slapped "7iour NL+1825277580<28><STEAM_1:0:528521984><>" (damage "0")
L 11/14/2022 - 23:01:58: [playercommands.smx] "7iour<27><STEAM_1:0:37571034><>" slapped "7iour<27><STEAM_1:0:37571034><>" (damage "0")
L 11/14/2022 - 23:01:59: [playercommands.smx] "7iour<27><STEAM_1:0:37571034><>" slapped "7iour NL+1825277580<28><STEAM_1:0:528521984><>" (damage "0")
L 11/14/2022 - 23:01:59: [playercommands.smx] "7iour<27><STEAM_1:0:37571034><>" slapped "7iour<27><STEAM_1:0:37571034><>" (damage "0")
L 11/14/2022 - 23:01:59: [playercommands.smx] "7iour<27><STEAM_1:0:37571034><>" slapped "7iour NL+1825277580<28><STEAM_1:0:528521984><>" (damage "0")
L 11/14/2022 - 23:01:59: [playercommands.smx] "7iour<27><STEAM_1:0:37571034><>" slapped "7iour<27><STEAM_1:0:37571034><>" (damage "0")
L 11/14/2022 - 23:01:59: [playercommands.smx] "7iour<27><STEAM_1:0:37571034><>" slapped "7iour NL+1825277580<28><STEAM_1:0:528521984><>" (damage "0")
L 11/14/2022 - 23:01:59: [playercommands.smx] "7iour<27><STEAM_1:0:37571034><>" slapped "7iour NL+1825277580<28><STEAM_1:0:528521984><>" (damage "0")
L 11/14/2022 - 23:01:59: [playercommands.smx] "7iour<27><STEAM_1:0:37571034><>" slapped "7iour NL+1825277580<28><STEAM_1:0:528521984><>" (damage "0")
L 11/14/2022 - 23:02:03: [playercommands.smx] "7iour<27><STEAM_1:0:37571034><>" slapped "7iour<27><STEAM_1:0:37571034><>" (damage "0")
L 11/14/2022 - 23:02:05: [playercommands.smx] "7iour<27><STEAM_1:0:37571034><>" slapped "7iour NL+1825277580<28><STEAM_1:0:528521984><>" (damage "0")
L 11/14/2022 - 23:02:05: [playercommands.smx] "7iour<27><STEAM_1:0:37571034><>" slapped "7iour NL+1825277580<28><STEAM_1:0:528521984><>" (damage "0")
L 11/14/2022 - 23:02:05: [playercommands.smx] "7iour<27><STEAM_1:0:37571034><>" slapped "7iour<27><STEAM_1:0:37571034><>" (damage "0")
L 11/14/2022 - 23:02:05: [playercommands.smx] "7iour<27><STEAM_1:0:37571034><>" slapped "7iour NL+1825277580<28><STEAM_1:0:528521984><>" (damage "0")
L 11/14/2022 - 23:02:05: [playercommands.smx] "7iour<27><STEAM_1:0:37571034><>" slapped "7iour<27><STEAM_1:0:37571034><>" (damage "0")
L 11/14/2022 - 23:02:05: [playercommands.smx] "7iour<27><STEAM_1:0:37571034><>" slapped "7iour NL+1825277580<28><STEAM_1:0:528521984><>" (damage "0")
L 11/14/2022 - 23:02:05: [playercommands.smx] "7iour<27><STEAM_1:0:37571034><>" slapped "7iour<27><STEAM_1:0:37571034><>" (damage "0")
L 11/14/2022 - 23:02:05: [playercommands.smx] "7iour<27><STEAM_1:0:37571034><>" slapped "7iour NL+1825277580<28><STEAM_1:0:528521984><>" (damage "0")
L 11/14/2022 - 23:02:05: [playercommands.smx] "7iour<27><STEAM_1:0:37571034><>" slapped "7iour<27><STEAM_1:0:37571034><>" (damage "0")
L 11/14/2022 - 23:02:06: [playercommands.smx] "7iour<27><STEAM_1:0:37571034><>" slapped "7iour NL+1825277580<28><STEAM_1:0:528521984><>" (damage "0")
L 11/14/2022 - 23:02:06: [playercommands.smx] "7iour<27><STEAM_1:0:37571034><>" slapped "7iour<27><STEAM_1:0:37571034><>" (damage "0")
L 11/14/2022 - 23:02:06: [playercommands.smx] "7iour<27><STEAM_1:0:37571034><>" slapped "7iour NL+1825277580<28><STEAM_1:0:528521984><>" (damage "0")
L 11/14/2022 - 23:02:06: [playercommands.smx] "7iour<27><STEAM_1:0:37571034><>" slapped "7iour<27><STEAM_1:0:37571034><>" (damage "0")
L 11/14/2022 - 23:02:06: [playercommands.smx] "7iour<27><STEAM_1:0:37571034><>" slapped "7iour NL+1825277580<28><STEAM_1:0:528521984><>" (damage "0")
L 11/14/2022 - 23:02:06: [playercommands.smx] "7iour<27><STEAM_1:0:37571034><>" slapped "7iour<27><STEAM_1:0:37571034><>" (damage "0")
L 11/14/2022 - 23:02:06: [playercommands.smx] "7iour<27><STEAM_1:0:37571034><>" slapped "7iour NL+1825277580<28><STEAM_1:0:528521984><>" (damage "0")
L 11/14/2022 - 23:02:06: [playercommands.smx] "7iour<27><STEAM_1:0:37571034><>" slapped "7iour<27><STEAM_1:0:37571034><>" (damage "0")
L 11/14/2022 - 23:02:07: [playercommands.smx] "7iour<27><STEAM_1:0:37571034><>" slapped "7iour<27><STEAM_1:0:37571034><>" (damage "0")
L 11/14/2022 - 23:02:07: [playercommands.smx] "7iour<27><STEAM_1:0:37571034><>" slapped "7iour<27><STEAM_1:0:37571034><>" (damage "0")
L 11/14/2022 - 23:02:07: [playercommands.smx] "7iour<27><STEAM_1:0:37571034><>" slapped "7iour<27><STEAM_1:0:37571034><>" (damage "0")
L 11/14/2022 - 23:02:07: [playercommands.smx] "7iour<27><STEAM_1:0:37571034><>" slapped "7iour<27><STEAM_1:0:37571034><>" (damage "0")
L 11/14/2022 - 23:02:08: [playercommands.smx] "7iour<27><STEAM_1:0:37571034><>" slapped "7iour<27><STEAM_1:0:37571034><>" (damage "0")
L 11/14/2022 - 23:02:13: [playercommands.smx] "7iour<27><STEAM_1:0:37571034><>" slapped "7iour NL+1825277580<28><STEAM_1:0:528521984><>" (damage "0")
L 11/14/2022 - 23:02:13: [playercommands.smx] "7iour<27><STEAM_1:0:37571034><>" slapped "7iour NL+1825277580<28><STEAM_1:0:528521984><>" (damage "0")
L 11/14/2022 - 23:02:13: [playercommands.smx] "7iour<27><STEAM_1:0:37571034><>" slapped "7iour<27><STEAM_1:0:37571034><>" (damage "0")
L 11/14/2022 - 23:02:13: [playercommands.smx] "7iour<27><STEAM_1:0:37571034><>" slapped "7iour NL+1825277580<28><STEAM_1:0:528521984><>" (damage "0")
L 11/14/2022 - 23:02:13: [playercommands.smx] "7iour<27><STEAM_1:0:37571034><>" slapped "7iour<27><STEAM_1:0:37571034><>" (damage "0")
L 11/14/2022 - 23:02:13: [playercommands.smx] "7iour<27><STEAM_1:0:37571034><>" slapped "7iour NL+1825277580<28><STEAM_1:0:528521984><>" (damage "0")
L 11/14/2022 - 23:02:14: [playercommands.smx] "7iour<27><STEAM_1:0:37571034><>" slapped "7iour<27><STEAM_1:0:37571034><>" (damage "0")
L 11/14/2022 - 23:02:14: [playercommands.smx] "7iour<27><STEAM_1:0:37571034><>" slapped "7iour NL+1825277580<28><STEAM_1:0:528521984><>" (damage "0")
L 11/14/2022 - 23:02:14: [playercommands.smx] "7iour<27><STEAM_1:0:37571034><>" slapped "7iour NL+1825277580<28><STEAM_1:0:528521984><>" (damage "0")
L 11/14/2022 - 23:02:14: [playercommands.smx] "7iour<27><STEAM_1:0:37571034><>" slapped "7iour<27><STEAM_1:0:37571034><>" (damage "0")
L 11/14/2022 - 23:02:14: [playercommands.smx] "7iour<27><STEAM_1:0:37571034><>" slapped "7iour NL+1825277580<28><STEAM_1:0:528521984><>" (damage "0")
L 11/14/2022 - 23:02:14: [playercommands.smx] "7iour<27><STEAM_1:0:37571034><>" slapped "7iour<27><STEAM_1:0:37571034><>" (damage "0")
L 11/14/2022 - 23:02:14: [playercommands.smx] "7iour<27><STEAM_1:0:37571034><>" slapped "7iour NL+1825277580<28><STEAM_1:0:528521984><>" (damage "0")
L 11/14/2022 - 23:02:15: [playercommands.smx] "7iour<27><STEAM_1:0:37571034><>" slapped "7iour<27><STEAM_1:0:37571034><>" (damage "0")
L 11/14/2022 - 23:02:15: [playercommands.smx] "7iour<27><STEAM_1:0:37571034><>" slapped "7iour NL+1825277580<28><STEAM_1:0:528521984><>" (damage "0")
L 11/14/2022 - 23:02:15: [playercommands.smx] "7iour<27><STEAM_1:0:37571034><>" slapped "7iour<27><STEAM_1:0:37571034><>" (damage "0")
L 11/14/2022 - 23:02:15: [playercommands.smx] "7iour<27><STEAM_1:0:37571034><>" slapped "7iour NL+1825277580<28><STEAM_1:0:528521984><>" (damage "0")
L 11/14/2022 - 23:02:15: [playercommands.smx] "7iour<27><STEAM_1:0:37571034><>" slapped "7iour<27><STEAM_1:0:37571034><>" (damage "0")
L 11/14/2022 - 23:02:15: [playercommands.smx] "7iour<27><STEAM_1:0:37571034><>" slapped "7iour NL+1825277580<28><STEAM_1:0:528521984><>" (damage "0")
L 11/14/2022 - 23:02:15: [playercommands.smx] "7iour<27><STEAM_1:0:37571034><>" slapped "7iour NL+1825277580<28><STEAM_1:0:528521984><>" (damage "0")
L 11/14/2022 - 23:02:20: [playercommands.smx] "7iour<27><STEAM_1:0:37571034><>" slapped "7iour NL+1825277580<28><STEAM_1:0:528521984><>" (damage "0")
L 11/14/2022 - 23:02:20: [playercommands.smx] "7iour<27><STEAM_1:0:37571034><>" slapped "7iour<27><STEAM_1:0:37571034><>" (damage "0")
L 11/14/2022 - 23:02:20: [playercommands.smx] "7iour<27><STEAM_1:0:37571034><>" slapped "7iour NL+1825277580<28><STEAM_1:0:528521984><>" (damage "0")
L 11/14/2022 - 23:02:20: [playercommands.smx] "7iour<27><STEAM_1:0:37571034><>" slapped "7iour NL+1825277580<28><STEAM_1:0:528521984><>" (damage "0")
L 11/14/2022 - 23:02:20: [playercommands.smx] "7iour<27><STEAM_1:0:37571034><>" slapped "7iour<27><STEAM_1:0:37571034><>" (damage "0")
L 11/14/2022 - 23:02:20: [playercommands.smx] "7iour<27><STEAM_1:0:37571034><>" slapped "7iour NL+1825277580<28><STEAM_1:0:528521984><>" (damage "0")
L 11/14/2022 - 23:02:21: [playercommands.smx] "7iour<27><STEAM_1:0:37571034><>" slapped "7iour<27><STEAM_1:0:37571034><>" (damage "0")
L 11/14/2022 - 23:02:21: [playercommands.smx] "7iour<27><STEAM_1:0:37571034><>" slapped "7iour NL+1825277580<28><STEAM_1:0:528521984><>" (damage "0")
L 11/14/2022 - 23:02:21: [playercommands.smx] "7iour<27><STEAM_1:0:37571034><>" slapped "7iour<27><STEAM_1:0:37571034><>" (damage "0")
L 11/14/2022 - 23:02:21: [playercommands.smx] "7iour<27><STEAM_1:0:37571034><>" slapped "7iour NL+1825277580<28><STEAM_1:0:528521984><>" (damage "0")
L 11/14/2022 - 23:02:21: [playercommands.smx] "7iour<27><STEAM_1:0:37571034><>" slapped "7iour<27><STEAM_1:0:37571034><>" (damage "0")
L 11/14/2022 - 23:02:21: [playercommands.smx] "7iour<27><STEAM_1:0:37571034><>" slapped "7iour<27><STEAM_1:0:37571034><>" (damage "0")
L 11/14/2022 - 23:02:21: [playercommands.smx] "7iour<27><STEAM_1:0:37571034><>" slapped "7iour NL+1825277580<28><STEAM_1:0:528521984><>" (damage "0")
L 11/14/2022 - 23:02:21: [playercommands.smx] "7iour<27><STEAM_1:0:37571034><>" slapped "7iour<27><STEAM_1:0:37571034><>" (damage "0")
L 11/14/2022 - 23:02:21: [playercommands.smx] "7iour<27><STEAM_1:0:37571034><>" slapped "7iour NL+1825277580<28><STEAM_1:0:528521984><>" (damage "0")
L 11/14/2022 - 23:02:22: [playercommands.smx] "7iour<27><STEAM_1:0:37571034><>" slapped "7iour<27><STEAM_1:0:37571034><>" (damage "0")
L 11/14/2022 - 23:02:22: [playercommands.smx] "7iour<27><STEAM_1:0:37571034><>" slapped "7iour NL+1825277580<28><STEAM_1:0:528521984><>" (damage "0")
L 11/14/2022 - 23:02:22: [playercommands.smx] "7iour<27><STEAM_1:0:37571034><>" slapped "7iour NL+1825277580<28><STEAM_1:0:528521984><>" (damage "0")
L 11/14/2022 - 23:02:22: [playercommands.smx] "7iour<27><STEAM_1:0:37571034><>" slapped "7iour<27><STEAM_1:0:37571034><>" (damage "0")
L 11/14/2022 - 23:02:22: [playercommands.smx] "7iour<27><STEAM_1:0:37571034><>" slapped "7iour NL+1825277580<28><STEAM_1:0:528521984><>" (damage "0")
L 11/14/2022 - 23:02:22: [playercommands.smx] "7iour<27><STEAM_1:0:37571034><>" slapped "7iour<27><STEAM_1:0:37571034><>" (damage "0")
L 11/14/2022 - 23:02:26: [playercommands.smx] "7iour<27><STEAM_1:0:37571034><>" slapped "7iour<27><STEAM_1:0:37571034><>" (damage "0")
L 11/14/2022 - 23:02:26: [playercommands.smx] "7iour<27><STEAM_1:0:37571034><>" slapped "7iour NL+1825277580<28><STEAM_1:0:528521984><>" (damage "0")
L 11/14/2022 - 23:02:26: [playercommands.smx] "7iour<27><STEAM_1:0:37571034><>" slapped "7iour<27><STEAM_1:0:37571034><>" (damage "0")
L 11/14/2022 - 23:02:26: [playercommands.smx] "7iour<27><STEAM_1:0:37571034><>" slapped "7iour NL+1825277580<28><STEAM_1:0:528521984><>" (damage "0")
L 11/14/2022 - 23:02:27: [playercommands.smx] "7iour<27><STEAM_1:0:37571034><>" slapped "7iour<27><STEAM_1:0:37571034><>" (damage "0")
L 11/14/2022 - 23:02:27: [playercommands.smx] "7iour<27><STEAM_1:0:37571034><>" slapped "7iour NL+1825277580<28><STEAM_1:0:528521984><>" (damage "0")
L 11/14/2022 - 23:02:27: [playercommands.smx] "7iour<27><STEAM_1:0:37571034><>" slapped "7iour NL+1825277580<28><STEAM_1:0:528521984><>" (damage "0")
L 11/14/2022 - 23:02:27: [playercommands.smx] "7iour<27><STEAM_1:0:37571034><>" slapped "7iour<27><STEAM_1:0:37571034><>" (damage "0")
L 11/14/2022 - 23:02:29: [playercommands.smx] "7iour<27><STEAM_1:0:37571034><>" slapped "7iour NL+1825277580<28><STEAM_1:0:528521984><>" (damage "0")
L 11/14/2022 - 23:02:29: [playercommands.smx] "7iour<27><STEAM_1:0:37571034><>" slapped "7iour<27><STEAM_1:0:37571034><>" (damage "0")
L 11/14/2022 - 23:02:29: [playercommands.smx] "7iour<27><STEAM_1:0:37571034><>" slapped "7iour NL+1825277580<28><STEAM_1:0:528521984><>" (damage "0")
L 11/14/2022 - 23:02:30: [playercommands.smx] "7iour<27><STEAM_1:0:37571034><>" slapped "7iour<27><STEAM_1:0:37571034><>" (damage "0")
L 11/14/2022 - 23:02:30: [playercommands.smx] "7iour<27><STEAM_1:0:37571034><>" slapped "7iour NL+1825277580<28><STEAM_1:0:528521984><>" (damage "0")
L 11/14/2022 - 23:02:30: [playercommands.smx] "7iour<27><STEAM_1:0:37571034><>" slapped "7iour<27><STEAM_1:0:37571034><>" (damage "0")
L 11/14/2022 - 23:02:30: [playercommands.smx] "7iour<27><STEAM_1:0:37571034><>" slapped "7iour NL+1825277580<28><STEAM_1:0:528521984><>" (damage "0")
L 11/14/2022 - 23:02:30: [playercommands.smx] "7iour<27><STEAM_1:0:37571034><>" slapped "7iour<27><STEAM_1:0:37571034><>" (damage "0")
L 11/14/2022 - 23:02:30: [playercommands.smx] "7iour<27><STEAM_1:0:37571034><>" slapped "7iour NL+1825277580<28><STEAM_1:0:528521984><>" (damage "0")
L 11/14/2022 - 23:02:30: [playercommands.smx] "7iour<27><STEAM_1:0:37571034><>" slapped "7iour<27><STEAM_1:0:37571034><>" (damage "0")
L 11/14/2022 - 23:02:31: [playercommands.smx] "7iour<27><STEAM_1:0:37571034><>" slapped "7iour NL+1825277580<28><STEAM_1:0:528521984><>" (damage "0")
L 11/14/2022 - 23:02:31: [playercommands.smx] "7iour<27><STEAM_1:0:37571034><>" slapped "7iour<27><STEAM_1:0:37571034><>" (damage "0")
L 11/14/2022 - 23:02:31: [playercommands.smx] "7iour<27><STEAM_1:0:37571034><>" slapped "7iour NL+1825277580<28><STEAM_1:0:528521984><>" (damage "0")
L 11/14/2022 - 23:02:31: [playercommands.smx] "7iour<27><STEAM_1:0:37571034><>" slapped "7iour<27><STEAM_1:0:37571034><>" (damage "0")
L 11/14/2022 - 23:02:31: [playercommands.smx] "7iour<27><STEAM_1:0:37571034><>" slapped "7iour NL+1825277580<28><STEAM_1:0:528521984><>" (damage "0")
L 11/14/2022 - 23:02:31: [playercommands.smx] "7iour<27><STEAM_1:0:37571034><>" slapped "7iour<27><STEAM_1:0:37571034><>" (damage "0")
L 11/14/2022 - 23:02:31: [playercommands.smx] "7iour<27><STEAM_1:0:37571034><>" slapped "7iour NL+1825277580<28><STEAM_1:0:528521984><>" (damage "0")
L 11/14/2022 - 23:02:31: [playercommands.smx] "7iour<27><STEAM_1:0:37571034><>" slapped "7iour<27><STEAM_1:0:37571034><>" (damage "0")
L 11/14/2022 - 23:02:31: [playercommands.smx] "7iour<27><STEAM_1:0:37571034><>" slapped "7iour NL+1825277580<28><STEAM_1:0:528521984><>" (damage "0")
L 11/14/2022 - 23:02:32: [playercommands.smx] "7iour<27><STEAM_1:0:37571034><>" slapped "7iour<27><STEAM_1:0:37571034><>" (damage "0")
L 11/14/2022 - 23:02:32: [playercommands.smx] "7iour<27><STEAM_1:0:37571034><>" slapped "7iour NL+1825277580<28><STEAM_1:0:528521984><>" (damage "0")
L 11/14/2022 - 23:02:32: [playercommands.smx] "7iour<27><STEAM_1:0:37571034><>" slapped "7iour<27><STEAM_1:0:37571034><>" (damage "0")
L 11/14/2022 - 23:02:32: [playercommands.smx] "7iour<27><STEAM_1:0:37571034><>" slapped "7iour NL+1825277580<28><STEAM_1:0:528521984><>" (damage "0")
L 11/14/2022 - 23:02:32: [playercommands.smx] "7iour<27><STEAM_1:0:37571034><>" slapped "7iour<27><STEAM_1:0:37571034><>" (damage "0")
L 11/14/2022 - 23:02:32: [playercommands.smx] "7iour<27><STEAM_1:0:37571034><>" slapped "7iour NL+1825277580<28><STEAM_1:0:528521984><>" (damage "0")
L 11/14/2022 - 23:02:35: [playercommands.smx] "7iour<27><STEAM_1:0:37571034><>" slapped "7iour<27><STEAM_1:0:37571034><>" (damage "0")
L 11/14/2022 - 23:02:36: [playercommands.smx] "7iour<27><STEAM_1:0:37571034><>" slapped "7iour NL+1825277580<28><STEAM_1:0:528521984><>" (damage "0")
L 11/14/2022 - 23:02:36: [playercommands.smx] "7iour<27><STEAM_1:0:37571034><>" slapped "7iour NL+1825277580<28><STEAM_1:0:528521984><>" (damage "0")
L 11/14/2022 - 23:02:36: [playercommands.smx] "7iour<27><STEAM_1:0:37571034><>" slapped "7iour<27><STEAM_1:0:37571034><>" (damage "0")
L 11/14/2022 - 23:02:37: [playercommands.smx] "7iour<27><STEAM_1:0:37571034><>" slapped "7iour NL+1825277580<28><STEAM_1:0:528521984><>" (damage "0")
L 11/14/2022 - 23:02:37: [playercommands.smx] "7iour<27><STEAM_1:0:37571034><>" slapped "7iour NL+1825277580<28><STEAM_1:0:528521984><>" (damage "0")
L 11/14/2022 - 23:02:37: [playercommands.smx] "7iour<27><STEAM_1:0:37571034><>" slapped "7iour<27><STEAM_1:0:37571034><>" (damage "0")
L 11/14/2022 - 23:02:37: [playercommands.smx] "7iour<27><STEAM_1:0:37571034><>" slapped "7iour NL+1825277580<28><STEAM_1:0:528521984><>" (damage "0")
L 11/14/2022 - 23:02:37: [playercommands.smx] "7iour<27><STEAM_1:0:37571034><>" slapped "7iour<27><STEAM_1:0:37571034><>" (damage "0")
L 11/14/2022 - 23:02:37: [playercommands.smx] "7iour<27><STEAM_1:0:37571034><>" slapped "7iour NL+1825277580<28><STEAM_1:0:528521984><>" (damage "0")
L 11/14/2022 - 23:02:37: [playercommands.smx] "7iour<27><STEAM_1:0:37571034><>" slapped "7iour<27><STEAM_1:0:37571034><>" (damage "0")
L 11/14/2022 - 23:02:38: [playercommands.smx] "7iour<27><STEAM_1:0:37571034><>" slapped "7iour NL+1825277580<28><STEAM_1:0:528521984><>" (damage "0")
L 11/14/2022 - 23:02:38: [playercommands.smx] "7iour<27><STEAM_1:0:37571034><>" slapped "7iour<27><STEAM_1:0:37571034><>" (damage "0")
L 11/14/2022 - 23:02:38: [playercommands.smx] "7iour<27><STEAM_1:0:37571034><>" slapped "7iour NL+1825277580<28><STEAM_1:0:528521984><>" (damage "0")
L 11/14/2022 - 23:02:38: [playercommands.smx] "7iour<27><STEAM_1:0:37571034><>" slapped "7iour<27><STEAM_1:0:37571034><>" (damage "0")
L 11/14/2022 - 23:02:38: [playercommands.smx] "7iour<27><STEAM_1:0:37571034><>" slapped "7iour<27><STEAM_1:0:37571034><>" (damage "0")
L 11/14/2022 - 23:02:38: [playercommands.smx] "7iour<27><STEAM_1:0:37571034><>" slapped "7iour<27><STEAM_1:0:37571034><>" (damage "0")
L 11/14/2022 - 23:02:39: [playercommands.smx] "7iour<27><STEAM_1:0:37571034><>" slapped "7iour NL+1825277580<28><STEAM_1:0:528521984><>" (damage "0")
L 11/14/2022 - 23:06:05: [funcommands.smx] "7iour<27><STEAM_1:0:37571034><>" set blind on "7iour NL+1825277580<28><STEAM_1:0:528521984><>" (amount "0")
L 11/14/2022 - 23:06:15: [funcommands.smx] "7iour<27><STEAM_1:0:37571034><>" set blind on "7iour NL+1825277580<28><STEAM_1:0:528521984><>" (amount "255")
L 11/14/2022 - 23:06:23: [funcommands.smx] "7iour<27><STEAM_1:0:37571034><>" set blind on "7iour NL+1825277580<28><STEAM_1:0:528521984><>" (amount "240")
L 11/14/2022 - 23:06:24: [funcommands.smx] "7iour<27><STEAM_1:0:37571034><>" set blind on "7iour NL+1825277580<28><STEAM_1:0:528521984><>" (amount "255")
L 11/14/2022 - 23:07:24: [funcommands.smx] "7iour<27><STEAM_1:0:37571034><>" set a FreezeBomb on "7iour<27><STEAM_1:0:37571034><>"
L 11/14/2022 - 23:07:34: [funcommands.smx] "7iour<27><STEAM_1:0:37571034><>" set a FreezeBomb on "7iour<27><STEAM_1:0:37571034><>"
L 11/14/2022 - 23:07:35: [funcommands.smx] "7iour<27><STEAM_1:0:37571034><>" set a FreezeBomb on "7iour NL+1825277580<28><STEAM_1:0:528521984><>"
L 11/14/2022 - 23:08:01: [funcommands.smx] "7iour<27><STEAM_1:0:37571034><>" set gravity on "7iour NL+1825277580<28><STEAM_1:0:528521984><>" (amount "4.000000")
L 11/14/2022 - 23:08:03: [funcommands.smx] "7iour<27><STEAM_1:0:37571034><>" set gravity on "7iour<27><STEAM_1:0:37571034><>" (amount "4.000000")
L 11/14/2022 - 23:08:12: [funcommands.smx] "7iour<27><STEAM_1:0:37571034><>" set gravity on "7iour NL+1825277580<28><STEAM_1:0:528521984><>" (amount "0.100000")
L 11/14/2022 - 23:08:14: [funcommands.smx] "7iour<27><STEAM_1:0:37571034><>" set gravity on "7iour<27><STEAM_1:0:37571034><>" (amount "0.100000")
L 11/14/2022 - 23:08:26: [funcommands.smx] "7iour<27><STEAM_1:0:37571034><>" set gravity on "7iour<27><STEAM_1:0:37571034><>" (amount "0.100000")
L 11/14/2022 - 23:08:34: [funcommands.smx] "7iour<27><STEAM_1:0:37571034><>" set gravity on "7iour<27><STEAM_1:0:37571034><>" (amount "0.100000")
L 11/14/2022 - 23:08:46: [funcommands.smx] "7iour<27><STEAM_1:0:37571034><>" set gravity on "7iour NL+1825277580<28><STEAM_1:0:528521984><>" (amount "0.100000")
L 11/14/2022 - 23:09:01: [funcommands.smx] "7iour<27><STEAM_1:0:37571034><>" set gravity on "7iour<27><STEAM_1:0:37571034><>" (amount "0.100000")
L 11/14/2022 - 23:09:17: [funcommands.smx] "7iour<27><STEAM_1:0:37571034><>" set gravity on "7iour NL+1825277580<28><STEAM_1:0:528521984><>" (amount "0.100000")
L 11/14/2022 - 23:09:18: [funcommands.smx] "7iour<27><STEAM_1:0:37571034><>" set gravity on "7iour<27><STEAM_1:0:37571034><>" (amount "0.100000")
L 11/14/2022 - 23:09:31: [funcommands.smx] "7iour<27><STEAM_1:0:37571034><>" set gravity on "7iour NL+1825277580<28><STEAM_1:0:528521984><>" (amount "0.100000")
L 11/14/2022 - 23:09:40: [funcommands.smx] "7iour<27><STEAM_1:0:37571034><>" set gravity on "7iour NL+1825277580<28><STEAM_1:0:528521984><>" (amount "0.100000")
L 11/14/2022 - 23:09:48: [funcommands.smx] "7iour<27><STEAM_1:0:37571034><>" set gravity on "7iour<27><STEAM_1:0:37571034><>" (amount "0.100000")
L 11/14/2022 - 23:10:33: [funcommands.smx] "7iour<27><STEAM_1:0:37571034><>" set gravity on "7iour NL+1825277580<28><STEAM_1:0:528521984><>" (amount "0.100000")
L 11/14/2022 - 23:10:34: [funcommands.smx] "7iour<27><STEAM_1:0:37571034><>" set gravity on "7iour<27><STEAM_1:0:37571034><>" (amount "0.100000")
L 11/14/2022 - 23:10:48: [funcommands.smx] "7iour<27><STEAM_1:0:37571034><>" set gravity on "7iour NL+1825277580<28><STEAM_1:0:528521984><>" (amount "0.100000")
L 11/14/2022 - 23:11:02: [funcommands.smx] "7iour<27><STEAM_1:0:37571034><>" set gravity on "7iour NL+1825277580<28><STEAM_1:0:528521984><>" (amount "0.100000")
L 11/14/2022 - 23:11:09: [funcommands.smx] "7iour<27><STEAM_1:0:37571034><>" set gravity on "7iour NL+1825277580<28><STEAM_1:0:528521984><>" (amount "0.100000")
L 11/14/2022 - 23:11:19: [funcommands.smx] "7iour<27><STEAM_1:0:37571034><>" set gravity on "7iour NL+1825277580<28><STEAM_1:0:528521984><>" (amount "0.100000")
L 11/14/2022 - 23:11:52: [funcommands.smx] "7iour<27><STEAM_1:0:37571034><>" set gravity on "7iour<27><STEAM_1:0:37571034><>" (amount "0.100000")
L 11/14/2022 - 23:12:22: [funcommands.smx] "7iour<27><STEAM_1:0:37571034><>" set gravity on "7iour NL+1825277580<28><STEAM_1:0:528521984><>" (amount "0.100000")
L 11/14/2022 - 23:12:30: [funcommands.smx] "7iour<27><STEAM_1:0:37571034><>" set gravity on "7iour NL+1825277580<28><STEAM_1:0:528521984><>" (amount "0.100000")
L 11/14/2022 - 23:12:40: [funcommands.smx] "7iour<27><STEAM_1:0:37571034><>" set gravity on "7iour<27><STEAM_1:0:37571034><>" (amount "0.100000")
L 11/14/2022 - 23:12:47: [funcommands.smx] "7iour<27><STEAM_1:0:37571034><>" set gravity on "7iour NL+1825277580<28><STEAM_1:0:528521984><>" (amount "0.100000")
L 11/14/2022 - 23:13:03: [funcommands.smx] "7iour<27><STEAM_1:0:37571034><>" set gravity on "7iour NL+1825277580<28><STEAM_1:0:528521984><>" (amount "0.100000")
L 11/14/2022 - 23:13:07: [funcommands.smx] "7iour<27><STEAM_1:0:37571034><>" set gravity on "7iour NL+1825277580<28><STEAM_1:0:528521984><>" (amount "0.100000")
L 11/14/2022 - 23:13:08: [funcommands.smx] "7iour<27><STEAM_1:0:37571034><>" set gravity on "7iour<27><STEAM_1:0:37571034><>" (amount "0.100000")
L 11/14/2022 - 23:13:18: [funcommands.smx] "7iour<27><STEAM_1:0:37571034><>" set gravity on "7iour NL+1825277580<28><STEAM_1:0:528521984><>" (amount "0.100000")
L 11/14/2022 - 23:13:26: [funcommands.smx] "7iour<27><STEAM_1:0:37571034><>" set gravity on "7iour NL+1825277580<28><STEAM_1:0:528521984><>" (amount "0.100000")
L 11/14/2022 - 23:13:40: [funcommands.smx] "7iour<27><STEAM_1:0:37571034><>" set gravity on "7iour<27><STEAM_1:0:37571034><>" (amount "0.100000")
L 11/14/2022 - 23:13:44: [funcommands.smx] "7iour<27><STEAM_1:0:37571034><>" set gravity on "7iour<27><STEAM_1:0:37571034><>" (amount "0.100000")
L 11/14/2022 - 23:13:58: [funcommands.smx] "7iour<27><STEAM_1:0:37571034><>" set gravity on "7iour<27><STEAM_1:0:37571034><>" (amount "0.100000")
L 11/14/2022 - 23:13:59: [funcommands.smx] "7iour<27><STEAM_1:0:37571034><>" set gravity on "7iour NL+1825277580<28><STEAM_1:0:528521984><>" (amount "0.100000")
L 11/14/2022 - 23:14:17: [funcommands.smx] "7iour<27><STEAM_1:0:37571034><>" set gravity on "7iour NL+1825277580<28><STEAM_1:0:528521984><>" (amount "0.100000")
L 11/14/2022 - 23:14:40: [funcommands.smx] "7iour<27><STEAM_1:0:37571034><>" set gravity on "7iour<27><STEAM_1:0:37571034><>" (amount "0.100000")
L 11/14/2022 - 23:14:46: [funcommands.smx] "7iour<27><STEAM_1:0:37571034><>" set gravity on "7iour<27><STEAM_1:0:37571034><>" (amount "0.100000")
L 11/14/2022 - 23:15:06: [funcommands.smx] "7iour<27><STEAM_1:0:37571034><>" set gravity on "7iour<27><STEAM_1:0:37571034><>" (amount "0.100000")
L 11/14/2022 - 23:15:06: [funcommands.smx] "7iour<27><STEAM_1:0:37571034><>" set gravity on "7iour NL+1825277580<28><STEAM_1:0:528521984><>" (amount "0.100000")
L 11/14/2022 - 23:15:13: [funcommands.smx] "7iour<27><STEAM_1:0:37571034><>" set gravity on "7iour<27><STEAM_1:0:37571034><>" (amount "0.100000")
L 11/14/2022 - 23:15:19: [funcommands.smx] "7iour<27><STEAM_1:0:37571034><>" set gravity on "7iour<27><STEAM_1:0:37571034><>" (amount "0.100000")
L 11/14/2022 - 23:15:25: [funcommands.smx] "7iour<27><STEAM_1:0:37571034><>" set gravity on "7iour<27><STEAM_1:0:37571034><>" (amount "0.100000")
L 11/14/2022 - 23:15:36: [funcommands.smx] "7iour<27><STEAM_1:0:37571034><>" set gravity on "7iour NL+1825277580<28><STEAM_1:0:528521984><>" (amount "0.100000")
L 11/14/2022 - 23:15:50: [funcommands.smx] "7iour<27><STEAM_1:0:37571034><>" set gravity on "7iour NL+1825277580<28><STEAM_1:0:528521984><>" (amount "0.100000")
L 11/14/2022 - 23:16:04: [funcommands.smx] "7iour<27><STEAM_1:0:37571034><>" set gravity on "7iour<27><STEAM_1:0:37571034><>" (amount "0.100000")
L 11/14/2022 - 23:16:13: [funcommands.smx] "7iour<27><STEAM_1:0:37571034><>" set gravity on "7iour NL+1825277580<28><STEAM_1:0:528521984><>" (amount "0.100000")
L 11/14/2022 - 23:16:20: [funcommands.smx] "7iour<27><STEAM_1:0:37571034><>" set gravity on "7iour<27><STEAM_1:0:37571034><>" (amount "0.100000")
L 11/14/2022 - 23:16:35: [funcommands.smx] "7iour<27><STEAM_1:0:37571034><>" set gravity on "7iour<27><STEAM_1:0:37571034><>" (amount "0.100000")
L 11/14/2022 - 23:16:39: [funcommands.smx] "7iour<27><STEAM_1:0:37571034><>" set gravity on "7iour<27><STEAM_1:0:37571034><>" (amount "0.100000")
L 11/14/2022 - 23:17:02: [funcommands.smx] "7iour<27><STEAM_1:0:37571034><>" set gravity on "7iour NL+1825277580<28><STEAM_1:0:528521984><>" (amount "0.100000")
L 11/14/2022 - 23:17:13: [funcommands.smx] "7iour<27><STEAM_1:0:37571034><>" set gravity on "7iour<27><STEAM_1:0:37571034><>" (amount "0.100000")
L 11/14/2022 - 23:17:27: [funcommands.smx] "7iour<27><STEAM_1:0:37571034><>" set gravity on "7iour NL+1825277580<28><STEAM_1:0:528521984><>" (amount "0.500000")
L 11/14/2022 - 23:17:33: [funcommands.smx] "7iour<27><STEAM_1:0:37571034><>" set gravity on "7iour NL+1825277580<28><STEAM_1:0:528521984><>" (amount "0.100000")
L 11/14/2022 - 23:17:58: [funcommands.smx] "7iour<27><STEAM_1:0:37571034><>" set gravity on "7iour<27><STEAM_1:0:37571034><>" (amount "0.100000")
L 11/14/2022 - 23:18:09: [funcommands.smx] "7iour<27><STEAM_1:0:37571034><>" set gravity on "7iour NL+1825277580<28><STEAM_1:0:528521984><>" (amount "0.100000")
L 11/14/2022 - 23:18:15: [funcommands.smx] "7iour<27><STEAM_1:0:37571034><>" set gravity on "7iour NL+1825277580<28><STEAM_1:0:528521984><>" (amount "0.100000")
L 11/14/2022 - 23:18:44: [funcommands.smx] "7iour<27><STEAM_1:0:37571034><>" set gravity on "7iour<27><STEAM_1:0:37571034><>" (amount "0.100000")
L 11/14/2022 - 23:18:45: [funcommands.smx] "7iour<27><STEAM_1:0:37571034><>" set gravity on "7iour NL+1825277580<28><STEAM_1:0:528521984><>" (amount "0.100000")
L 11/14/2022 - 23:19:05: [funcommands.smx] "7iour<27><STEAM_1:0:37571034><>" set gravity on "7iour<27><STEAM_1:0:37571034><>" (amount "0.100000")
L 11/14/2022 - 23:19:06: [funcommands.smx] "7iour<27><STEAM_1:0:37571034><>" set gravity on "7iour NL+1825277580<28><STEAM_1:0:528521984><>" (amount "0.100000")
L 11/14/2022 - 23:19:22: [funcommands.smx] "7iour<27><STEAM_1:0:37571034><>" set gravity on "7iour<27><STEAM_1:0:37571034><>" (amount "0.100000")
L 11/14/2022 - 23:19:23: [funcommands.smx] "7iour<27><STEAM_1:0:37571034><>" set gravity on "7iour NL+1825277580<28><STEAM_1:0:528521984><>" (amount "0.100000")
L 11/14/2022 - 23:20:00: [funcommands.smx] "7iour<27><STEAM_1:0:37571034><>" set gravity on "7iour NL+1825277580<28><STEAM_1:0:528521984><>" (amount "0.100000")
L 11/14/2022 - 23:20:30: [funcommands.smx] "7iour<27><STEAM_1:0:37571034><>" set gravity on "7iour<27><STEAM_1:0:37571034><>" (amount "0.100000")
L 11/14/2022 - 23:20:50: [funcommands.smx] "7iour<27><STEAM_1:0:37571034><>" set gravity on "7iour<27><STEAM_1:0:37571034><>" (amount "0.100000")
L 11/14/2022 - 23:21:15: [funcommands.smx] "7iour<27><STEAM_1:0:37571034><>" set gravity on "7iour<27><STEAM_1:0:37571034><>" (amount "0.100000")
L 11/14/2022 - 23:21:21: [funcommands.smx] "7iour<27><STEAM_1:0:37571034><>" set gravity on "7iour NL+1825277580<28><STEAM_1:0:528521984><>" (amount "0.100000")
L 11/14/2022 - 23:21:46: [funcommands.smx] "7iour<27><STEAM_1:0:37571034><>" set gravity on "7iour NL+1825277580<28><STEAM_1:0:528521984><>" (amount "0.100000")
L 11/14/2022 - 23:23:03: [funcommands.smx] "7iour<27><STEAM_1:0:37571034><>" set gravity on "7iour<27><STEAM_1:0:37571034><>" (amount "0.100000")
L 11/14/2022 - 23:23:04: [funcommands.smx] "7iour<27><STEAM_1:0:37571034><>" set gravity on "7iour NL+1825277580<28><STEAM_1:0:528521984><>" (amount "0.100000")
L 11/14/2022 - 23:25:16: [funcommands.smx] "7iour<27><STEAM_1:0:37571034><>" set gravity on "7iour<27><STEAM_1:0:37571034><>" (amount "0.100000")
L 11/14/2022 - 23:25:17: [funcommands.smx] "7iour<27><STEAM_1:0:37571034><>" set gravity on "7iour NL+1825277580<28><STEAM_1:0:528521984><>" (amount "0.100000")
L 11/14/2022 - 23:25:26: [funcommands.smx] "7iour<27><STEAM_1:0:37571034><>" set gravity on "7iour NL+1825277580<28><STEAM_1:0:528521984><>" (amount "0.100000")
L 11/14/2022 - 23:25:44: [funcommands.smx] "7iour<27><STEAM_1:0:37571034><>" set gravity on "7iour NL+1825277580<28><STEAM_1:0:528521984><>" (amount "0.100000")
L 11/14/2022 - 23:25:55: [funcommands.smx] "7iour<27><STEAM_1:0:37571034><>" set gravity on "7iour NL+1825277580<28><STEAM_1:0:528521984><>" (amount "0.100000")
L 11/14/2022 - 23:26:00: [funcommands.smx] "7iour<27><STEAM_1:0:37571034><>" set gravity on "7iour NL+1825277580<28><STEAM_1:0:528521984><>" (amount "0.100000")
L 11/14/2022 - 23:26:19: [funcommands.smx] "7iour<27><STEAM_1:0:37571034><>" set gravity on "7iour NL+1825277580<28><STEAM_1:0:528521984><>" (amount "0.100000")
L 11/14/2022 - 23:26:24: [funcommands.smx] "7iour<27><STEAM_1:0:37571034><>" set gravity on "7iour<27><STEAM_1:0:37571034><>" (amount "0.100000")
L 11/14/2022 - 23:26:37: [funcommands.smx] "7iour<27><STEAM_1:0:37571034><>" set gravity on "7iour NL+1825277580<28><STEAM_1:0:528521984><>" (amount "0.100000")
L 11/14/2022 - 23:26:57: [funcommands.smx] "7iour<27><STEAM_1:0:37571034><>" set gravity on "7iour<27><STEAM_1:0:37571034><>" (amount "0.100000")
L 11/14/2022 - 23:27:02: [funcommands.smx] "7iour<27><STEAM_1:0:37571034><>" set gravity on "7iour NL+1825277580<28><STEAM_1:0:528521984><>" (amount "0.100000")
L 11/14/2022 - 23:27:35: [funcommands.smx] "7iour<27><STEAM_1:0:37571034><>" set gravity on "7iour<27><STEAM_1:0:37571034><>" (amount "0.100000")
L 11/14/2022 - 23:27:45: [funcommands.smx] "7iour<27><STEAM_1:0:37571034><>" set gravity on "7iour NL+1825277580<28><STEAM_1:0:528521984><>" (amount "0.100000")
L 11/14/2022 - 23:27:58: [funcommands.smx] "7iour<27><STEAM_1:0:37571034><>" set gravity on "7iour<27><STEAM_1:0:37571034><>" (amount "0.100000")
L 11/14/2022 - 23:28:06: [funcommands.smx] "7iour<27><STEAM_1:0:37571034><>" set gravity on "7iour NL+1825277580<28><STEAM_1:0:528521984><>" (amount "0.100000")
L 11/14/2022 - 23:28:15: [funcommands.smx] "7iour<27><STEAM_1:0:37571034><>" set gravity on "7iour NL+1825277580<28><STEAM_1:0:528521984><>" (amount "0.100000")
L 11/14/2022 - 23:28:29: [funcommands.smx] "7iour<27><STEAM_1:0:37571034><>" set gravity on "7iour<27><STEAM_1:0:37571034><>" (amount "0.100000")
L 11/14/2022 - 23:28:40: [funcommands.smx] "7iour<27><STEAM_1:0:37571034><>" set gravity on "7iour<27><STEAM_1:0:37571034><>" (amount "0.100000")
L 11/14/2022 - 23:29:22: [funcommands.smx] "7iour<27><STEAM_1:0:37571034><>" set gravity on "7iour<27><STEAM_1:0:37571034><>" (amount "0.100000")
L 11/14/2022 - 23:29:51: [funcommands.smx] "7iour<27><STEAM_1:0:37571034><>" set gravity on "7iour<27><STEAM_1:0:37571034><>" (amount "0.100000")
L 11/14/2022 - 23:29:52: [funcommands.smx] "7iour<27><STEAM_1:0:37571034><>" set gravity on "7iour NL+1825277580<28><STEAM_1:0:528521984><>" (amount "0.100000")
L 11/14/2022 - 23:29:57: [funcommands.smx] "7iour<27><STEAM_1:0:37571034><>" set gravity on "7iour NL+1825277580<28><STEAM_1:0:528521984><>" (amount "0.100000")
L 11/14/2022 - 23:30:25: [funcommands.smx] "7iour<27><STEAM_1:0:37571034><>" set gravity on "7iour NL+1825277580<28><STEAM_1:0:528521984><>" (amount "0.100000")
L 11/14/2022 - 23:30:37: [funcommands.smx] "7iour<27><STEAM_1:0:37571034><>" set gravity on "7iour<27><STEAM_1:0:37571034><>" (amount "0.100000")
L 11/14/2022 - 23:30:50: [funcommands.smx] "7iour<27><STEAM_1:0:37571034><>" set gravity on "7iour NL+1825277580<28><STEAM_1:0:528521984><>" (amount "0.100000")
L 11/14/2022 - 23:30:55: [funcommands.smx] "7iour<27><STEAM_1:0:37571034><>" set gravity on "7iour NL+1825277580<28><STEAM_1:0:528521984><>" (amount "0.100000")
L 11/14/2022 - 23:30:56: [funcommands.smx] "7iour<27><STEAM_1:0:37571034><>" set gravity on "7iour<27><STEAM_1:0:37571034><>" (amount "0.100000")
L 11/14/2022 - 23:31:08: [funcommands.smx] "7iour<27><STEAM_1:0:37571034><>" set gravity on "7iour NL+1825277580<28><STEAM_1:0:528521984><>" (amount "0.100000")
L 11/14/2022 - 23:31:17: [funcommands.smx] "7iour<27><STEAM_1:0:37571034><>" set gravity on "7iour<27><STEAM_1:0:37571034><>" (amount "0.100000")
L 11/14/2022 - 23:31:29: [funcommands.smx] "7iour<27><STEAM_1:0:37571034><>" set gravity on "7iour<27><STEAM_1:0:37571034><>" (amount "0.100000")
L 11/14/2022 - 23:31:34: [funcommands.smx] "7iour<27><STEAM_1:0:37571034><>" set gravity on "7iour<27><STEAM_1:0:37571034><>" (amount "0.100000")
L 11/14/2022 - 23:31:45: [funcommands.smx] "7iour<27><STEAM_1:0:37571034><>" set gravity on "7iour<27><STEAM_1:0:37571034><>" (amount "0.100000")
L 11/14/2022 - 23:31:46: [funcommands.smx] "7iour<27><STEAM_1:0:37571034><>" set gravity on "7iour NL+1825277580<28><STEAM_1:0:528521984><>" (amount "0.100000")
L 11/14/2022 - 23:31:59: [funcommands.smx] "7iour<27><STEAM_1:0:37571034><>" set gravity on "7iour<27><STEAM_1:0:37571034><>" (amount "0.100000")
L 11/14/2022 - 23:32:13: [funcommands.smx] "7iour<27><STEAM_1:0:37571034><>" set gravity on "7iour NL+1825277580<28><STEAM_1:0:528521984><>" (amount "0.100000")
L 11/14/2022 - 23:32:19: [funcommands.smx] "7iour<27><STEAM_1:0:37571034><>" set gravity on "7iour<27><STEAM_1:0:37571034><>" (amount "0.100000")
L 11/14/2022 - 23:32:19: [funcommands.smx] "7iour<27><STEAM_1:0:37571034><>" set gravity on "7iour NL+1825277580<28><STEAM_1:0:528521984><>" (amount "0.100000")
L 11/14/2022 - 23:32:24: [funcommands.smx] "7iour<27><STEAM_1:0:37571034><>" set gravity on "7iour NL+1825277580<28><STEAM_1:0:528521984><>" (amount "0.100000")
L 11/14/2022 - 23:32:30: [funcommands.smx] "7iour<27><STEAM_1:0:37571034><>" set gravity on "7iour<27><STEAM_1:0:37571034><>" (amount "0.100000")
L 11/14/2022 - 23:32:40: [funcommands.smx] "7iour<27><STEAM_1:0:37571034><>" set gravity on "7iour<27><STEAM_1:0:37571034><>" (amount "0.100000")
L 11/14/2022 - 23:32:44: [funcommands.smx] "7iour<27><STEAM_1:0:37571034><>" set gravity on "7iour NL+1825277580<28><STEAM_1:0:528521984><>" (amount "0.100000")
L 11/14/2022 - 23:32:53: [funcommands.smx] "7iour<27><STEAM_1:0:37571034><>" set gravity on "7iour<27><STEAM_1:0:37571034><>" (amount "0.100000")
L 11/14/2022 - 23:33:05: [funcommands.smx] "7iour<27><STEAM_1:0:37571034><>" set gravity on "7iour NL+1825277580<28><STEAM_1:0:528521984><>" (amount "0.100000")
L 11/14/2022 - 23:33:12: [funcommands.smx] "7iour<27><STEAM_1:0:37571034><>" set gravity on "7iour NL+1825277580<28><STEAM_1:0:528521984><>" (amount "0.100000")
L 11/14/2022 - 23:33:14: [funcommands.smx] "7iour<27><STEAM_1:0:37571034><>" set gravity on "7iour<27><STEAM_1:0:37571034><>" (amount "0.100000")
L 11/14/2022 - 23:33:36: [funcommands.smx] "7iour<27><STEAM_1:0:37571034><>" set gravity on "7iour<27><STEAM_1:0:37571034><>" (amount "0.100000")
L 11/14/2022 - 23:33:40: [funcommands.smx] "7iour<27><STEAM_1:0:37571034><>" set gravity on "7iour NL+1825277580<28><STEAM_1:0:528521984><>" (amount "0.100000")
L 11/14/2022 - 23:33:42: [funcommands.smx] "7iour<27><STEAM_1:0:37571034><>" set gravity on "7iour NL+1825277580<28><STEAM_1:0:528521984><>" (amount "0.100000")
L 11/14/2022 - 23:33:48: [funcommands.smx] "7iour<27><STEAM_1:0:37571034><>" set gravity on "7iour<27><STEAM_1:0:37571034><>" (amount "0.100000")
L 11/14/2022 - 23:33:59: [funcommands.smx] "7iour<27><STEAM_1:0:37571034><>" set gravity on "7iour NL+1825277580<28><STEAM_1:0:528521984><>" (amount "4.000000")
L 11/14/2022 - 23:34:03: [funcommands.smx] "7iour<27><STEAM_1:0:37571034><>" set gravity on "7iour NL+1825277580<28><STEAM_1:0:528521984><>" (amount "0.100000")
L 11/14/2022 - 23:34:07: [funcommands.smx] "7iour<27><STEAM_1:0:37571034><>" set gravity on "7iour NL+1825277580<28><STEAM_1:0:528521984><>" (amount "4.000000")
L 11/14/2022 - 23:34:09: [funcommands.smx] "7iour<27><STEAM_1:0:37571034><>" set gravity on "7iour NL+1825277580<28><STEAM_1:0:528521984><>" (amount "0.100000")
L 11/14/2022 - 23:34:13: [funcommands.smx] "7iour<27><STEAM_1:0:37571034><>" set gravity on "7iour NL+1825277580<28><STEAM_1:0:528521984><>" (amount "0.100000")
L 11/14/2022 - 23:34:27: [funcommands.smx] "7iour<27><STEAM_1:0:37571034><>" set gravity on "7iour<27><STEAM_1:0:37571034><>" (amount "0.500000")
L 11/14/2022 - 23:34:31: [funcommands.smx] "7iour<27><STEAM_1:0:37571034><>" set gravity on "7iour NL+1825277580<28><STEAM_1:0:528521984><>" (amount "0.500000")
L 11/14/2022 - 23:36:36: [funcommands.smx] "7iour<27><STEAM_1:0:37571034><>" toggled noclip on "7iour<27><STEAM_1:0:37571034><>"
L 11/14/2022 - 23:36:37: [funcommands.smx] "7iour<27><STEAM_1:0:37571034><>" toggled noclip on "7iour NL+1825277580<28><STEAM_1:0:528521984><>"
L 11/14/2022 - 23:36:56: [funcommands.smx] "7iour<27><STEAM_1:0:37571034><>" toggled noclip on "7iour NL+1825277580<28><STEAM_1:0:528521984><>"
L 11/15/2022 - 02:22:40: Log file closed.
