L 08/18/2022 - 13:17:37: SourceMod log file session started (file "/home/csgo/csgo/addons/sourcemod/logs/L20220818.log") (Version "1.12.0.6912")
L 08/18/2022 - 13:17:37: [GEOIP] GeoIP2 database loaded: GeoLite2-City (2019-12-17 20:01:26 UTC) (/home/csgo/csgo/addons/sourcemod/configs/geoip/GeoLite2-City.mmdb)
L 08/18/2022 - 13:17:37: [GEOIP] GeoIP2 supported languages: de en es fr ja pt-BR ru zh-CN
L 08/18/2022 - 13:17:37: [GEOIP] Your database is older than 90 days. You should consider downloading a newer version from e.g. https://dev.maxmind.com/geoip/geolite2-free-geolocation-data
L 08/18/2022 - 13:17:37: [auto_steam_update.smx] HUD text is supported on this mod. The persistant timer will display.
L 08/18/2022 - 13:33:16: SourceMod log file session started (file "/home/csgo/csgo/addons/sourcemod/logs/L20220818.log") (Version "1.12.0.6912")
L 08/18/2022 - 13:33:16: [GEOIP] GeoIP2 database loaded: GeoLite2-City (2019-12-17 20:01:26 UTC) (/home/csgo/csgo/addons/sourcemod/configs/geoip/GeoLite2-City.mmdb)
L 08/18/2022 - 13:33:16: [GEOIP] GeoIP2 supported languages: de en es fr ja pt-BR ru zh-CN
L 08/18/2022 - 13:33:16: [GEOIP] Your database is older than 90 days. You should consider downloading a newer version from e.g. https://dev.maxmind.com/geoip/geolite2-free-geolocation-data
L 08/18/2022 - 13:33:16: [auto_steam_update.smx] HUD text is supported on this mod. The persistant timer will display.
L 08/18/2022 - 13:44:22: SourceMod log file session started (file "/home/csgo/csgo/addons/sourcemod/logs/L20220818.log") (Version "1.12.0.6912")
L 08/18/2022 - 13:44:22: [GEOIP] GeoIP2 database loaded: GeoLite2-City (2019-12-17 20:01:26 UTC) (/home/csgo/csgo/addons/sourcemod/configs/geoip/GeoLite2-City.mmdb)
L 08/18/2022 - 13:44:22: [GEOIP] GeoIP2 supported languages: de en es fr ja pt-BR ru zh-CN
L 08/18/2022 - 13:44:22: [GEOIP] Your database is older than 90 days. You should consider downloading a newer version from e.g. https://dev.maxmind.com/geoip/geolite2-free-geolocation-data
L 08/18/2022 - 13:44:22: [auto_steam_update.smx] HUD text is supported on this mod. The persistant timer will display.
L 08/18/2022 - 13:44:22: [ServerChangeER.smx] admins line can't find!!
L 08/18/2022 - 13:44:22: [ServerChangeER.smx] deleted admins.cfg
L 08/18/2022 - 13:44:22: [ServerChangeER.smx] Deleted File And Restart admins.cfg!!
L 08/18/2022 - 13:48:00: SourceMod log file session started (file "/home/csgo/csgo/addons/sourcemod/logs/L20220818.log") (Version "1.12.0.6912")
L 08/18/2022 - 13:48:00: [GEOIP] GeoIP2 database loaded: GeoLite2-City (2019-12-17 20:01:26 UTC) (/home/csgo/csgo/addons/sourcemod/configs/geoip/GeoLite2-City.mmdb)
L 08/18/2022 - 13:48:00: [GEOIP] GeoIP2 supported languages: de en es fr ja pt-BR ru zh-CN
L 08/18/2022 - 13:48:00: [GEOIP] Your database is older than 90 days. You should consider downloading a newer version from e.g. https://dev.maxmind.com/geoip/geolite2-free-geolocation-data
L 08/18/2022 - 13:48:00: [auto_steam_update.smx] HUD text is supported on this mod. The persistant timer will display.
L 08/18/2022 - 13:53:36: [sm_admin_wd.smx] The server was restarted, attempted to reconnect all players.
L 08/18/2022 - 13:53:37: Log file closed.
L 08/18/2022 - 13:54:00: SourceMod log file session started (file "/home/csgo/csgo/addons/sourcemod/logs/L20220818.log") (Version "1.12.0.6912")
L 08/18/2022 - 13:54:00: [GEOIP] GeoIP2 database loaded: GeoLite2-City (2019-12-17 20:01:26 UTC) (/home/csgo/csgo/addons/sourcemod/configs/geoip/GeoLite2-City.mmdb)
L 08/18/2022 - 13:54:00: [GEOIP] GeoIP2 supported languages: de en es fr ja pt-BR ru zh-CN
L 08/18/2022 - 13:54:00: [GEOIP] Your database is older than 90 days. You should consider downloading a newer version from e.g. https://dev.maxmind.com/geoip/geolite2-free-geolocation-data
L 08/18/2022 - 13:54:00: [auto_steam_update.smx] HUD text is supported on this mod. The persistant timer will display.
L 08/18/2022 - 14:00:59: Log file closed.
L 08/18/2022 - 14:01:30: SourceMod log file session started (file "/home/csgo/csgo/addons/sourcemod/logs/L20220818.log") (Version "1.12.0.6912")
L 08/18/2022 - 14:01:30: [GEOIP] GeoIP2 database loaded: GeoLite2-City (2019-12-17 20:01:26 UTC) (/home/csgo/csgo/addons/sourcemod/configs/geoip/GeoLite2-City.mmdb)
L 08/18/2022 - 14:01:30: [GEOIP] GeoIP2 supported languages: de en es fr ja pt-BR ru zh-CN
L 08/18/2022 - 14:01:30: [GEOIP] Your database is older than 90 days. You should consider downloading a newer version from e.g. https://dev.maxmind.com/geoip/geolite2-free-geolocation-data
L 08/18/2022 - 14:01:30: [auto_steam_update.smx] HUD text is supported on this mod. The persistant timer will display.
L 08/18/2022 - 14:01:49: -------- Mapchange to de_mirage --------
L 08/18/2022 - 14:01:49: [chat-processor.smx] Message formats generated for game 'csgo'.
L 08/18/2022 - 14:01:49: [chat-processor.smx] Successfully hooked a SayText2 chat hook.
L 08/18/2022 - 14:06:48: SourceMod log file session started (file "/home/csgo/csgo/addons/sourcemod/logs/L20220818.log") (Version "1.12.0.6912")
L 08/18/2022 - 14:06:48: [GEOIP] GeoIP2 database loaded: GeoLite2-City (2019-12-17 20:01:26 UTC) (/home/csgo/csgo/addons/sourcemod/configs/geoip/GeoLite2-City.mmdb)
L 08/18/2022 - 14:06:48: [GEOIP] GeoIP2 supported languages: de en es fr ja pt-BR ru zh-CN
L 08/18/2022 - 14:06:48: [GEOIP] Your database is older than 90 days. You should consider downloading a newer version from e.g. https://dev.maxmind.com/geoip/geolite2-free-geolocation-data
L 08/18/2022 - 14:06:48: [auto_steam_update.smx] HUD text is supported on this mod. The persistant timer will display.
L 08/18/2022 - 14:07:00: -------- Mapchange to de_mirage --------
L 08/18/2022 - 14:07:00: [chat-processor.smx] Message formats generated for game 'csgo'.
L 08/18/2022 - 14:07:00: [chat-processor.smx] Successfully hooked a SayText2 chat hook.
L 08/18/2022 - 14:07:00: [basecommands.smx] "Console<0><Console><Console>" changed cvar (cvar "mapcyclefile") (value "map_custom.txt")
L 08/18/2022 - 14:16:45: [sm_admin_wd.smx] The server was restarted, attempted to reconnect all players.
L 08/18/2022 - 14:16:45: Log file closed.
L 08/18/2022 - 14:17:17: SourceMod log file session started (file "/home/csgo/csgo/addons/sourcemod/logs/L20220818.log") (Version "1.12.0.6912")
L 08/18/2022 - 14:17:17: [GEOIP] GeoIP2 database loaded: GeoLite2-City (2019-12-17 20:01:26 UTC) (/home/csgo/csgo/addons/sourcemod/configs/geoip/GeoLite2-City.mmdb)
L 08/18/2022 - 14:17:17: [GEOIP] GeoIP2 supported languages: de en es fr ja pt-BR ru zh-CN
L 08/18/2022 - 14:17:17: [GEOIP] Your database is older than 90 days. You should consider downloading a newer version from e.g. https://dev.maxmind.com/geoip/geolite2-free-geolocation-data
L 08/18/2022 - 14:17:17: [auto_steam_update.smx] HUD text is supported on this mod. The persistant timer will display.
L 08/18/2022 - 14:17:26: -------- Mapchange to de_mirage --------
L 08/18/2022 - 14:17:26: [chat-processor.smx] Message formats generated for game 'csgo'.
L 08/18/2022 - 14:17:26: [chat-processor.smx] Successfully hooked a SayText2 chat hook.
L 08/18/2022 - 14:17:26: [basecommands.smx] "Console<0><Console><Console>" changed cvar (cvar "mapcyclefile") (value "map_custom.txt")
L 08/18/2022 - 14:21:23: SourceMod log file session started (file "/home/csgo/csgo/addons/sourcemod/logs/L20220818.log") (Version "1.12.0.6912")
L 08/18/2022 - 14:21:23: [GEOIP] GeoIP2 database loaded: GeoLite2-City (2019-12-17 20:01:26 UTC) (/home/csgo/csgo/addons/sourcemod/configs/geoip/GeoLite2-City.mmdb)
L 08/18/2022 - 14:21:23: [GEOIP] GeoIP2 supported languages: de en es fr ja pt-BR ru zh-CN
L 08/18/2022 - 14:21:23: [GEOIP] Your database is older than 90 days. You should consider downloading a newer version from e.g. https://dev.maxmind.com/geoip/geolite2-free-geolocation-data
L 08/18/2022 - 14:21:23: [auto_steam_update.smx] HUD text is supported on this mod. The persistant timer will display.
L 08/18/2022 - 14:21:34: -------- Mapchange to de_mirage --------
L 08/18/2022 - 14:21:34: [chat-processor.smx] Message formats generated for game 'csgo'.
L 08/18/2022 - 14:21:34: [chat-processor.smx] Successfully hooked a SayText2 chat hook.
L 08/18/2022 - 14:21:34: [basecommands.smx] "Console<0><Console><Console>" changed cvar (cvar "mapcyclefile") (value "map_custom.txt")
L 08/18/2022 - 14:26:12: [ServerChangeER.smx]  Ho 【badfupo】满十二服 change host name
L 08/18/2022 - 14:29:44: [basecommands.smx] "Ho<3><STEAM_1:1:507599331><>" changed map to "mirage"
L 08/18/2022 - 14:29:47: [SM] Changed map to "mirage"
L 08/18/2022 - 14:29:48: -------- Mapchange to de_mirage --------
L 08/18/2022 - 14:29:48: [basecommands.smx] "Console<0><Console><Console>" changed cvar (cvar "mapcyclefile") (value "map_custom.txt")
L 08/18/2022 - 14:29:51: [chat-processor.smx] Message formats generated for game 'csgo'.
L 08/18/2022 - 14:29:51: [chat-processor.smx] Successfully hooked a SayText2 chat hook.
L 08/18/2022 - 14:30:24: [basecommands.smx] "Ho<3><STEAM_1:1:507599331><>" executed config (file "sm_competitive.cfg")
L 08/18/2022 - 14:33:02: Log file closed.
L 08/18/2022 - 14:33:32: SourceMod log file session started (file "/home/csgo/csgo/addons/sourcemod/logs/L20220818.log") (Version "1.12.0.6912")
L 08/18/2022 - 14:33:32: [GEOIP] GeoIP2 database loaded: GeoLite2-City (2019-12-17 20:01:26 UTC) (/home/csgo/csgo/addons/sourcemod/configs/geoip/GeoLite2-City.mmdb)
L 08/18/2022 - 14:33:32: [GEOIP] GeoIP2 supported languages: de en es fr ja pt-BR ru zh-CN
L 08/18/2022 - 14:33:32: [GEOIP] Your database is older than 90 days. You should consider downloading a newer version from e.g. https://dev.maxmind.com/geoip/geolite2-free-geolocation-data
L 08/18/2022 - 14:33:32: [auto_steam_update.smx] HUD text is supported on this mod. The persistant timer will display.
L 08/18/2022 - 14:33:39: -------- Mapchange to de_mirage --------
L 08/18/2022 - 14:33:39: [basecommands.smx] "Console<0><Console><Console>" changed cvar (cvar "mapcyclefile") (value "map_custom.txt")
L 08/18/2022 - 14:33:42: [chat-processor.smx] Message formats generated for game 'csgo'.
L 08/18/2022 - 14:33:42: [chat-processor.smx] Successfully hooked a SayText2 chat hook.
L 08/18/2022 - 14:41:14: Log file closed.
L 08/18/2022 - 14:41:39: SourceMod log file session started (file "/home/csgo/csgo/addons/sourcemod/logs/L20220818.log") (Version "1.12.0.6912")
L 08/18/2022 - 14:41:39: [GEOIP] GeoIP2 database loaded: GeoLite2-City (2019-12-17 20:01:26 UTC) (/home/csgo/csgo/addons/sourcemod/configs/geoip/GeoLite2-City.mmdb)
L 08/18/2022 - 14:41:39: [GEOIP] GeoIP2 supported languages: de en es fr ja pt-BR ru zh-CN
L 08/18/2022 - 14:41:39: [GEOIP] Your database is older than 90 days. You should consider downloading a newer version from e.g. https://dev.maxmind.com/geoip/geolite2-free-geolocation-data
L 08/18/2022 - 14:41:39: [auto_steam_update.smx] HUD text is supported on this mod. The persistant timer will display.
L 08/18/2022 - 14:42:19: -------- Mapchange to de_mirage --------
L 08/18/2022 - 14:42:19: [chat-processor.smx] Message formats generated for game 'csgo'.
L 08/18/2022 - 14:42:19: [chat-processor.smx] Successfully hooked a SayText2 chat hook.
L 08/18/2022 - 14:42:19: [basecommands.smx] "Console<0><Console><Console>" changed cvar (cvar "mapcyclefile") (value "map_custom.txt")
L 08/18/2022 - 15:10:25: [levelsranks.smx] Ho<2><STEAM_1:1:507599331><> 1000 exp (1078) from Ho<2><STEAM_1:1:507599331><>
L 08/18/2022 - 15:10:25: [levelsranks.smx] Ho<2><STEAM_1:1:507599331><> 1000 exp (2078) from Ho<2><STEAM_1:1:507599331><>
L 08/18/2022 - 15:10:25: [levelsranks.smx] Ho<2><STEAM_1:1:507599331><> 1000 exp (3078) from Ho<2><STEAM_1:1:507599331><>
L 08/18/2022 - 15:10:25: [levelsranks.smx] Ho<2><STEAM_1:1:507599331><> 1000 exp (4078) from Ho<2><STEAM_1:1:507599331><>
L 08/18/2022 - 15:10:25: [levelsranks.smx] Ho<2><STEAM_1:1:507599331><> 1000 exp (5078) from Ho<2><STEAM_1:1:507599331><>
L 08/18/2022 - 15:10:26: [levelsranks.smx] Ho<2><STEAM_1:1:507599331><> 1000 exp (6078) from Ho<2><STEAM_1:1:507599331><>
L 08/18/2022 - 15:10:26: [levelsranks.smx] Ho<2><STEAM_1:1:507599331><> 1000 exp (7078) from Ho<2><STEAM_1:1:507599331><>
L 08/18/2022 - 15:10:26: [levelsranks.smx] Ho<2><STEAM_1:1:507599331><> 1000 exp (8078) from Ho<2><STEAM_1:1:507599331><>
L 08/18/2022 - 15:10:26: [levelsranks.smx] Ho<2><STEAM_1:1:507599331><> 1000 exp (9078) from Ho<2><STEAM_1:1:507599331><>
L 08/18/2022 - 15:10:27: [levelsranks.smx] Ho<2><STEAM_1:1:507599331><> 1000 exp (10078) from Ho<2><STEAM_1:1:507599331><>
L 08/18/2022 - 15:10:27: [levelsranks.smx] Ho<2><STEAM_1:1:507599331><> 1000 exp (11078) from Ho<2><STEAM_1:1:507599331><>
L 08/18/2022 - 15:10:27: [levelsranks.smx] Ho<2><STEAM_1:1:507599331><> 1000 exp (12078) from Ho<2><STEAM_1:1:507599331><>
L 08/18/2022 - 15:10:27: [levelsranks.smx] Ho<2><STEAM_1:1:507599331><> 1000 exp (13078) from Ho<2><STEAM_1:1:507599331><>
L 08/18/2022 - 15:10:27: [levelsranks.smx] Ho<2><STEAM_1:1:507599331><> 1000 exp (14078) from Ho<2><STEAM_1:1:507599331><>
L 08/18/2022 - 15:10:27: [levelsranks.smx] Ho<2><STEAM_1:1:507599331><> 1000 exp (15078) from Ho<2><STEAM_1:1:507599331><>
L 08/18/2022 - 15:10:28: [levelsranks.smx] Ho<2><STEAM_1:1:507599331><> 1000 exp (16078) from Ho<2><STEAM_1:1:507599331><>
L 08/18/2022 - 15:10:28: [levelsranks.smx] Ho<2><STEAM_1:1:507599331><> 1000 exp (17078) from Ho<2><STEAM_1:1:507599331><>
L 08/18/2022 - 15:10:28: [levelsranks.smx] Ho<2><STEAM_1:1:507599331><> 1000 exp (18078) from Ho<2><STEAM_1:1:507599331><>
L 08/18/2022 - 15:10:28: [levelsranks.smx] Ho<2><STEAM_1:1:507599331><> 1000 exp (19078) from Ho<2><STEAM_1:1:507599331><>
L 08/18/2022 - 15:10:28: [levelsranks.smx] Ho<2><STEAM_1:1:507599331><> 1000 exp (20078) from Ho<2><STEAM_1:1:507599331><>
L 08/18/2022 - 15:10:28: [levelsranks.smx] Ho<2><STEAM_1:1:507599331><> 1000 exp (21078) from Ho<2><STEAM_1:1:507599331><>
L 08/18/2022 - 15:10:28: [levelsranks.smx] Ho<2><STEAM_1:1:507599331><> 1000 exp (22078) from Ho<2><STEAM_1:1:507599331><>
L 08/18/2022 - 15:10:28: [levelsranks.smx] Ho<2><STEAM_1:1:507599331><> 1000 exp (23078) from Ho<2><STEAM_1:1:507599331><>
L 08/18/2022 - 15:10:29: [levelsranks.smx] Ho<2><STEAM_1:1:507599331><> 1000 exp (24078) from Ho<2><STEAM_1:1:507599331><>
L 08/18/2022 - 15:10:29: [levelsranks.smx] Ho<2><STEAM_1:1:507599331><> 1000 exp (25078) from Ho<2><STEAM_1:1:507599331><>
L 08/18/2022 - 15:10:29: [levelsranks.smx] Ho<2><STEAM_1:1:507599331><> 1000 exp (26078) from Ho<2><STEAM_1:1:507599331><>
L 08/18/2022 - 15:10:29: [levelsranks.smx] Ho<2><STEAM_1:1:507599331><> 1000 exp (27078) from Ho<2><STEAM_1:1:507599331><>
L 08/18/2022 - 15:10:29: [levelsranks.smx] Ho<2><STEAM_1:1:507599331><> 1000 exp (28078) from Ho<2><STEAM_1:1:507599331><>
L 08/18/2022 - 16:31:52: -------- Mapchange to de_mirage --------
L 08/18/2022 - 16:31:52: [basecommands.smx] "Console<0><Console><Console>" changed cvar (cvar "mapcyclefile") (value "map_custom.txt")
L 08/18/2022 - 16:31:54: [chat-processor.smx] Message formats generated for game 'csgo'.
L 08/18/2022 - 16:31:54: [chat-processor.smx] Successfully hooked a SayText2 chat hook.
L 08/18/2022 - 19:02:42: -------- Mapchange to de_mirage --------
L 08/18/2022 - 19:02:42: [basecommands.smx] "Console<0><Console><Console>" changed cvar (cvar "mapcyclefile") (value "map_custom.txt")
L 08/18/2022 - 19:02:45: [chat-processor.smx] Message formats generated for game 'csgo'.
L 08/18/2022 - 19:02:45: [chat-processor.smx] Successfully hooked a SayText2 chat hook.
L 08/18/2022 - 19:26:26: -------- Mapchange to de_mirage --------
L 08/18/2022 - 19:26:26: [basecommands.smx] "Console<0><Console><Console>" changed cvar (cvar "mapcyclefile") (value "map_custom.txt")
L 08/18/2022 - 19:26:28: [chat-processor.smx] Message formats generated for game 'csgo'.
L 08/18/2022 - 19:26:28: [chat-processor.smx] Successfully hooked a SayText2 chat hook.
L 08/18/2022 - 19:48:05: [basecommands.smx] "Ho<10><STEAM_1:1:507599331><>" executed config (file "sm_competitive.cfg")
L 08/18/2022 - 19:49:55: [movecommands.smx] "不讲武德<13><STEAM_1:0:240968408><>" was moved to Spec by "love river<9><STEAM_1:1:583670379><>"
L 08/18/2022 - 19:51:48: [basecommands.smx] "love river<9><STEAM_1:1:583670379><>" changed map to "short"
L 08/18/2022 - 19:51:51: [SM] Changed map to "short"
L 08/18/2022 - 19:51:58: -------- Mapchange to de_shortnuke --------
L 08/18/2022 - 19:51:58: [basecommands.smx] "Console<0><Console><Console>" changed cvar (cvar "mapcyclefile") (value "map_custom.txt")
L 08/18/2022 - 19:52:00: [chat-processor.smx] Message formats generated for game 'csgo'.
L 08/18/2022 - 19:52:00: [chat-processor.smx] Successfully hooked a SayText2 chat hook.
L 08/18/2022 - 19:52:37: [basecommands.smx] "Ho<10><STEAM_1:1:507599331><>" executed config (file "sm_competitive2v2.cfg")
L 08/18/2022 - 19:53:49: [basecommands.smx] "Ho<10><STEAM_1:1:507599331><>" executed config (file "sm_competitive2v2.cfg")
L 08/18/2022 - 19:53:59: [weapon_restrict.smx] "Ho<10><STEAM_1:1:507599331><>" forced the C4 bomb to be dropped.
L 08/18/2022 - 20:09:35: [basecommands.smx] "Ho<10><STEAM_1:1:507599331><>" changed map to "de_cbble"
L 08/18/2022 - 20:09:38: [SM] Changed map to "de_cbble"
L 08/18/2022 - 20:09:43: -------- Mapchange to de_cbble --------
L 08/18/2022 - 20:09:43: [basecommands.smx] "Console<0><Console><Console>" changed cvar (cvar "mapcyclefile") (value "map_custom.txt")
L 08/18/2022 - 20:09:46: [chat-processor.smx] Message formats generated for game 'csgo'.
L 08/18/2022 - 20:09:46: [chat-processor.smx] Successfully hooked a SayText2 chat hook.
L 08/18/2022 - 20:10:38: [movecommands.smx] "9<14><STEAM_1:1:461526547><>" was moved to T by "love river<9><STEAM_1:1:583670379><>"
L 08/18/2022 - 20:10:46: [movecommands.smx] "可惜生活不是电影<16><STEAM_1:1:1361133><>" was moved to CT by "love river<9><STEAM_1:1:583670379><>"
L 08/18/2022 - 20:13:02: [basecommands.smx] "Ho<10><STEAM_1:1:507599331><>" executed config (file "sm_competitive2v2.cfg")
L 08/18/2022 - 20:45:38: [basecommands.smx] "love river<9><STEAM_1:1:583670379><>" changed map to "cache"
L 08/18/2022 - 20:45:41: [SM] Changed map to "cache"
L 08/18/2022 - 20:45:57: -------- Mapchange to de_cache --------
L 08/18/2022 - 20:45:57: [basecommands.smx] "Console<0><Console><Console>" changed cvar (cvar "mapcyclefile") (value "map_custom.txt")
L 08/18/2022 - 20:46:00: [chat-processor.smx] Message formats generated for game 'csgo'.
L 08/18/2022 - 20:46:00: [chat-processor.smx] Successfully hooked a SayText2 chat hook.
L 08/18/2022 - 21:26:54: -------- Mapchange to de_cache --------
L 08/18/2022 - 21:26:55: [basecommands.smx] "Console<0><Console><Console>" changed cvar (cvar "mapcyclefile") (value "map_custom.txt")
L 08/18/2022 - 21:26:58: [chat-processor.smx] Message formats generated for game 'csgo'.
L 08/18/2022 - 21:26:58: [chat-processor.smx] Successfully hooked a SayText2 chat hook.
L 08/18/2022 - 21:29:51: [basecommands.smx] "love river<25><STEAM_1:1:583670379><>" executed config (file "sm_competitive2v2.cfg")
L 08/18/2022 - 21:32:06: [basecommands.smx] "love river<25><STEAM_1:1:583670379><>" changed map to "VER"
L 08/18/2022 - 21:32:09: [SM] Changed map to "VER"
L 08/18/2022 - 21:32:13: -------- Mapchange to de_vertigo --------
L 08/18/2022 - 21:32:13: [basecommands.smx] "Console<0><Console><Console>" changed cvar (cvar "mapcyclefile") (value "map_custom.txt")
L 08/18/2022 - 21:32:17: [chat-processor.smx] Message formats generated for game 'csgo'.
L 08/18/2022 - 21:32:17: [chat-processor.smx] Successfully hooked a SayText2 chat hook.
L 08/18/2022 - 21:33:03: [movecommands.smx] "HEELFLIP♡<23><STEAM_1:0:99261158><>" was moved to CT by "love river<25><STEAM_1:1:583670379><>"
L 08/18/2022 - 21:33:07: [movecommands.smx] "love river<25><STEAM_1:1:583670379><>" was moved to T by "love river<25><STEAM_1:1:583670379><>"
L 08/18/2022 - 21:37:03: [basecommands.smx] "love river<25><STEAM_1:1:583670379><>" changed cvar (cvar "mp_maxrounds") (value "16")
L 08/18/2022 - 22:36:58: -------- Mapchange to de_vertigo --------
L 08/18/2022 - 22:36:58: [basecommands.smx] "Console<0><Console><Console>" changed cvar (cvar "mapcyclefile") (value "map_custom.txt")
L 08/18/2022 - 22:37:01: [chat-processor.smx] Message formats generated for game 'csgo'.
L 08/18/2022 - 22:37:01: [chat-processor.smx] Successfully hooked a SayText2 chat hook.
L 08/18/2022 - 23:00:37: -------- Mapchange to de_vertigo --------
L 08/18/2022 - 23:00:37: [basecommands.smx] "Console<0><Console><Console>" changed cvar (cvar "mapcyclefile") (value "map_custom.txt")
L 08/18/2022 - 23:00:40: [chat-processor.smx] Message formats generated for game 'csgo'.
L 08/18/2022 - 23:00:40: [chat-processor.smx] Successfully hooked a SayText2 chat hook.
L 08/18/2022 - 23:43:46: -------- Mapchange to de_vertigo --------
L 08/18/2022 - 23:43:46: [basecommands.smx] "Console<0><Console><Console>" changed cvar (cvar "mapcyclefile") (value "map_custom.txt")
L 08/18/2022 - 23:43:48: [chat-processor.smx] Message formats generated for game 'csgo'.
L 08/18/2022 - 23:43:48: [chat-processor.smx] Successfully hooked a SayText2 chat hook.
L 08/19/2022 - 02:28:07: Log file closed.
