L 08/22/2022 - 01:11:07: SourceMod log file session started (file "/home/csgo/csgo/addons/sourcemod/logs/L20220822.log") (Version "1.12.0.6912")
L 08/22/2022 - 01:11:07: [basecommands.smx] "Console<0><Console><Console>" changed cvar (cvar "mapcyclefile") (value "map_custom.txt")
L 08/22/2022 - 01:11:09: [warmod.smx] Current Map: de_mirage, Warmod Version: 19.11.21.2253
L 08/22/2022 - 01:11:09: [chat-processor.smx] Message formats generated for game 'csgo'.
L 08/22/2022 - 01:11:09: [chat-processor.smx] Successfully hooked a SayText2 chat hook.
L 08/22/2022 - 02:15:38: -------- Mapchange to de_mirage --------
L 08/22/2022 - 02:15:38: [basecommands.smx] "Console<0><Console><Console>" changed cvar (cvar "mapcyclefile") (value "map_custom.txt")
L 08/22/2022 - 02:15:40: [warmod.smx] Current Map: de_mirage, Warmod Version: 19.11.21.2253
L 08/22/2022 - 02:15:40: [chat-processor.smx] Message formats generated for game 'csgo'.
L 08/22/2022 - 02:15:40: [chat-processor.smx] Successfully hooked a SayText2 chat hook.
L 08/22/2022 - 06:09:06: -------- Mapchange to de_mirage --------
L 08/22/2022 - 06:09:06: [basecommands.smx] "Console<0><Console><Console>" changed cvar (cvar "mapcyclefile") (value "map_custom.txt")
L 08/22/2022 - 06:09:08: [warmod.smx] Current Map: de_mirage, Warmod Version: 19.11.21.2253
L 08/22/2022 - 06:09:08: [chat-processor.smx] Message formats generated for game 'csgo'.
L 08/22/2022 - 06:09:08: [chat-processor.smx] Successfully hooked a SayText2 chat hook.
L 08/22/2022 - 06:16:41: -------- Mapchange to de_mirage --------
L 08/22/2022 - 06:16:41: [basecommands.smx] "Console<0><Console><Console>" changed cvar (cvar "mapcyclefile") (value "map_custom.txt")
L 08/22/2022 - 06:16:44: [warmod.smx] Current Map: de_mirage, Warmod Version: 19.11.21.2253
L 08/22/2022 - 06:16:44: [chat-processor.smx] Message formats generated for game 'csgo'.
L 08/22/2022 - 06:16:44: [chat-processor.smx] Successfully hooked a SayText2 chat hook.
L 08/22/2022 - 06:25:38: -------- Mapchange to de_mirage --------
L 08/22/2022 - 06:25:38: [basecommands.smx] "Console<0><Console><Console>" changed cvar (cvar "mapcyclefile") (value "map_custom.txt")
L 08/22/2022 - 06:25:40: [warmod.smx] Current Map: de_mirage, Warmod Version: 19.11.21.2253
L 08/22/2022 - 06:25:40: [chat-processor.smx] Message formats generated for game 'csgo'.
L 08/22/2022 - 06:25:40: [chat-processor.smx] Successfully hooked a SayText2 chat hook.
L 08/22/2022 - 08:16:35: -------- Mapchange to de_mirage --------
L 08/22/2022 - 08:16:35: [basecommands.smx] "Console<0><Console><Console>" changed cvar (cvar "mapcyclefile") (value "map_custom.txt")
L 08/22/2022 - 08:16:37: [warmod.smx] Current Map: de_mirage, Warmod Version: 19.11.21.2253
L 08/22/2022 - 08:16:38: [chat-processor.smx] Message formats generated for game 'csgo'.
L 08/22/2022 - 08:16:38: [chat-processor.smx] Successfully hooked a SayText2 chat hook.
L 08/22/2022 - 08:41:25: -------- Mapchange to de_mirage --------
L 08/22/2022 - 08:41:25: [basecommands.smx] "Console<0><Console><Console>" changed cvar (cvar "mapcyclefile") (value "map_custom.txt")
L 08/22/2022 - 08:41:27: [warmod.smx] Current Map: de_mirage, Warmod Version: 19.11.21.2253
L 08/22/2022 - 08:41:27: [chat-processor.smx] Message formats generated for game 'csgo'.
L 08/22/2022 - 08:41:27: [chat-processor.smx] Successfully hooked a SayText2 chat hook.
L 08/22/2022 - 10:23:04: -------- Mapchange to de_mirage --------
L 08/22/2022 - 10:23:04: [basecommands.smx] "Console<0><Console><Console>" changed cvar (cvar "mapcyclefile") (value "map_custom.txt")
L 08/22/2022 - 10:23:06: [warmod.smx] Current Map: de_mirage, Warmod Version: 19.11.21.2253
L 08/22/2022 - 10:23:06: [chat-processor.smx] Message formats generated for game 'csgo'.
L 08/22/2022 - 10:23:06: [chat-processor.smx] Successfully hooked a SayText2 chat hook.
L 08/22/2022 - 10:47:51: -------- Mapchange to de_mirage --------
L 08/22/2022 - 10:47:52: [basecommands.smx] "Console<0><Console><Console>" changed cvar (cvar "mapcyclefile") (value "map_custom.txt")
L 08/22/2022 - 10:47:54: [warmod.smx] Current Map: de_mirage, Warmod Version: 19.11.21.2253
L 08/22/2022 - 10:47:54: [chat-processor.smx] Message formats generated for game 'csgo'.
L 08/22/2022 - 10:47:54: [chat-processor.smx] Successfully hooked a SayText2 chat hook.
L 08/22/2022 - 10:48:39: [basecommands.smx] "deste<60><STEAM_1:0:515881234><>" executed config (file "sm_competitive.cfg")
L 08/22/2022 - 10:50:01: [basecommands.smx] "deste<60><STEAM_1:0:515881234><>" changed map to "de_bank"
L 08/22/2022 - 10:50:04: [SM] Changed map to "de_bank"
L 08/22/2022 - 10:50:05: -------- Mapchange to de_bank --------
L 08/22/2022 - 10:50:05: [basecommands.smx] "Console<0><Console><Console>" changed cvar (cvar "mapcyclefile") (value "map_custom.txt")
L 08/22/2022 - 10:50:08: [chat-processor.smx] Message formats generated for game 'csgo'.
L 08/22/2022 - 10:50:08: [chat-processor.smx] Successfully hooked a SayText2 chat hook.
L 08/22/2022 - 10:59:19: [basecommands.smx] "deste<60><STEAM_1:0:515881234><>" executed config (file "sm_practice.cfg")
L 08/22/2022 - 11:02:39: [basecommands.smx] "Voi<61><STEAM_1:1:515004150><>" executed config (file "sm_practice.cfg")
L 08/22/2022 - 11:04:21: [basecommands.smx] "Voi<61><STEAM_1:1:515004150><>" executed config (file "sm_practice.cfg")
L 08/22/2022 - 11:05:16: [basecommands.smx] "Voi<61><STEAM_1:1:515004150><>" executed config (file "sm_practice.cfg")
L 08/22/2022 - 11:06:13: [basecommands.smx] "Voi<61><STEAM_1:1:515004150><>" executed config (file "sm_practice.cfg")
L 08/22/2022 - 11:09:27: [basecommands.smx] "deste<60><STEAM_1:0:515881234><>" executed config (file "sm_competitive.cfg")
L 08/22/2022 - 11:40:43: [basecommands.smx] "Voi<62><STEAM_1:1:515004150><>" changed map to "VER"
L 08/22/2022 - 11:40:46: [SM] Changed map to "VER"
L 08/22/2022 - 11:40:47: -------- Mapchange to de_vertigo --------
L 08/22/2022 - 11:40:47: [basecommands.smx] "Console<0><Console><Console>" changed cvar (cvar "mapcyclefile") (value "map_custom.txt")
L 08/22/2022 - 11:40:50: [chat-processor.smx] Message formats generated for game 'csgo'.
L 08/22/2022 - 11:40:50: [chat-processor.smx] Successfully hooked a SayText2 chat hook.
L 08/22/2022 - 11:57:09: [basecommands.smx] "Voi<62><STEAM_1:1:515004150><>" executed config (file "sm_practice.cfg")
L 08/22/2022 - 12:51:24: -------- Mapchange to de_vertigo --------
L 08/22/2022 - 12:51:24: [basecommands.smx] "Console<0><Console><Console>" changed cvar (cvar "mapcyclefile") (value "map_custom.txt")
L 08/22/2022 - 12:51:26: [chat-processor.smx] Message formats generated for game 'csgo'.
L 08/22/2022 - 12:51:26: [chat-processor.smx] Successfully hooked a SayText2 chat hook.
L 08/22/2022 - 13:50:56: -------- Mapchange to de_vertigo --------
L 08/22/2022 - 13:50:56: [basecommands.smx] "Console<0><Console><Console>" changed cvar (cvar "mapcyclefile") (value "map_custom.txt")
L 08/22/2022 - 13:50:59: [chat-processor.smx] Message formats generated for game 'csgo'.
L 08/22/2022 - 13:50:59: [chat-processor.smx] Successfully hooked a SayText2 chat hook.
L 08/22/2022 - 13:52:26: [basecommands.smx] "Ho<69><STEAM_1:1:507599331><>" executed config (file "sm_competitive2v2.cfg")
L 08/22/2022 - 13:52:26: [warmod.smx] Current Map: de_vertigo, Warmod Version: 19.11.21.2253
L 08/22/2022 - 13:52:35: [warmod.smx] "knife_on_3" (player "Ho<69><STEAM_1:1:507599331><>")
L 08/22/2022 - 13:56:03: [basechat.smx] "Ho<69><STEAM_1:1:507599331><>" triggered sm_say (text ?)
L 08/22/2022 - 13:56:10: [basechat.smx] "Ho<69><STEAM_1:1:507599331><>" triggered sm_say (text 你确定换办公室吗)
L 08/22/2022 - 13:56:20: [basecommands.smx] "Ho<69><STEAM_1:1:507599331><>" changed map to "office"
L 08/22/2022 - 13:56:23: [SM] Changed map to "office"
L 08/22/2022 - 13:56:26: -------- Mapchange to cs_office --------
L 08/22/2022 - 13:56:26: [basecommands.smx] "Console<0><Console><Console>" changed cvar (cvar "mapcyclefile") (value "map_custom.txt")
L 08/22/2022 - 13:56:28: [warmod.smx] Current Map: cs_office, Warmod Version: 19.11.21.2253
L 08/22/2022 - 13:56:28: [chat-processor.smx] Message formats generated for game 'csgo'.
L 08/22/2022 - 13:56:28: [chat-processor.smx] Successfully hooked a SayText2 chat hook.
L 08/22/2022 - 13:58:25: [basechat.smx] "Ho<69><STEAM_1:1:507599331><>" triggered sm_say (text 防爆盾解除不了)
L 08/22/2022 - 13:58:29: [basechat.smx] "Ho<69><STEAM_1:1:507599331><>" triggered sm_say (text 特殊模式才有)
L 08/22/2022 - 13:58:44: [basechat.smx] "Ho<69><STEAM_1:1:507599331><>" triggered sm_say (text 懒。)
L 08/22/2022 - 14:03:12: [basechat.smx] "Ho<69><STEAM_1:1:507599331><>" triggered sm_say (text 额)
L 08/22/2022 - 14:03:14: [basechat.smx] "Ho<69><STEAM_1:1:507599331><>" triggered sm_say (text 好了么？)
L 08/22/2022 - 14:03:18: [basechat.smx] "Ho<69><STEAM_1:1:507599331><>" triggered sm_say (text 好了就开了)
L 08/22/2022 - 14:05:25: [basecommands.smx] "Ho<69><STEAM_1:1:507599331><>" changed map to "vertigo"
L 08/22/2022 - 14:05:28: [SM] Changed map to "vertigo"
L 08/22/2022 - 14:05:29: -------- Mapchange to de_vertigo --------
L 08/22/2022 - 14:05:29: [basecommands.smx] "Console<0><Console><Console>" changed cvar (cvar "mapcyclefile") (value "map_custom.txt")
L 08/22/2022 - 14:05:31: [warmod.smx] Current Map: de_vertigo, Warmod Version: 19.11.21.2253
L 08/22/2022 - 14:05:32: [chat-processor.smx] Message formats generated for game 'csgo'.
L 08/22/2022 - 14:05:32: [chat-processor.smx] Successfully hooked a SayText2 chat hook.
L 08/22/2022 - 14:06:19: [basechat.smx] "Ho<69><STEAM_1:1:507599331><>" triggered sm_say (text 可以开了吗？)
L 08/22/2022 - 14:06:21: [warmod.smx] "knife_on_3" (player "Ho<69><STEAM_1:1:507599331><>")
L 08/22/2022 - 14:06:58: [basechat.smx] "Ho<69><STEAM_1:1:507599331><>" triggered sm_say (text 额)
L 08/22/2022 - 14:07:01: [basechat.smx] "Ho<69><STEAM_1:1:507599331><>" triggered sm_say (text 要重开吗)
L 08/22/2022 - 14:07:21: [basecommands.smx] "Ho<69><STEAM_1:1:507599331><>" executed config (file "sm_competitive2v2.cfg")
L 08/22/2022 - 14:21:17: [warmod.smx] "force_end" (player "Ho<69><STEAM_1:1:507599331><>")
L 08/22/2022 - 14:21:33: [basecommands.smx] "Ho<69><STEAM_1:1:507599331><>" executed config (file "sm_competitive2v2.cfg")
L 08/22/2022 - 14:21:42: [warmod.smx] "force_end" (player "Ho<69><STEAM_1:1:507599331><>")
L 08/22/2022 - 14:21:55: [warmod.smx] "knife_on_3" (player "Ho<69><STEAM_1:1:507599331><>")
L 08/22/2022 - 14:22:55: [basecommands.smx] "Ho<69><STEAM_1:1:507599331><>" executed config (file "sm_competitive2v2.cfg")
L 08/22/2022 - 14:23:05: [warmod.smx] "force_end" (player "Ho<69><STEAM_1:1:507599331><>")
L 08/22/2022 - 14:38:27: [warmod.smx] "knife_on_3" (player "Ho<69><STEAM_1:1:507599331><>")
L 08/22/2022 - 14:39:19: [basecommands.smx] "Ho<69><STEAM_1:1:507599331><>" executed config (file "sm_competitive2v2.cfg")
L 08/22/2022 - 14:50:40: [basechat.smx] "Ho<69><STEAM_1:1:507599331><>" triggered sm_say (text 啥图)
L 08/22/2022 - 14:52:09: [warmod.smx] "knife_on_3" (player "Ho<69><STEAM_1:1:507599331><>")
L 08/22/2022 - 14:53:09: [basecommands.smx] "Ho<69><STEAM_1:1:507599331><>" changed map to "train"
L 08/22/2022 - 14:53:12: [SM] Changed map to "train"
L 08/22/2022 - 14:53:14: -------- Mapchange to training1 --------
L 08/22/2022 - 14:53:14: [basecommands.smx] "Console<0><Console><Console>" changed cvar (cvar "mapcyclefile") (value "map_custom.txt")
L 08/22/2022 - 14:53:17: [warmod.smx] Current Map: training1, Warmod Version: 19.11.21.2253
L 08/22/2022 - 14:53:17: [chat-processor.smx] Message formats generated for game 'csgo'.
L 08/22/2022 - 14:53:17: [chat-processor.smx] Successfully hooked a SayText2 chat hook.
L 08/22/2022 - 14:53:36: [basecommands.smx] "Ho<69><STEAM_1:1:507599331><>" changed map to "de_train"
L 08/22/2022 - 14:53:39: [SM] Changed map to "de_train"
L 08/22/2022 - 14:53:46: -------- Mapchange to de_train --------
L 08/22/2022 - 14:53:46: [basecommands.smx] "Console<0><Console><Console>" changed cvar (cvar "mapcyclefile") (value "map_custom.txt")
L 08/22/2022 - 14:53:48: [warmod.smx] Current Map: de_train, Warmod Version: 19.11.21.2253
L 08/22/2022 - 14:53:49: [chat-processor.smx] Message formats generated for game 'csgo'.
L 08/22/2022 - 14:53:49: [chat-processor.smx] Successfully hooked a SayText2 chat hook.
L 08/22/2022 - 14:55:50: [warmod.smx] "knife_on_3" (player "Ho<69><STEAM_1:1:507599331><>")
L 08/22/2022 - 15:46:57: [basecommands.smx] "Ho<69><STEAM_1:1:507599331><>" changed map to "mirage"
L 08/22/2022 - 15:47:00: [SM] Changed map to "mirage"
L 08/22/2022 - 15:47:01: -------- Mapchange to de_mirage --------
L 08/22/2022 - 15:47:01: [basecommands.smx] "Console<0><Console><Console>" changed cvar (cvar "mapcyclefile") (value "map_custom.txt")
L 08/22/2022 - 15:47:03: [warmod.smx] Current Map: de_mirage, Warmod Version: 19.11.21.2253
L 08/22/2022 - 15:47:03: [chat-processor.smx] Message formats generated for game 'csgo'.
L 08/22/2022 - 15:47:03: [chat-processor.smx] Successfully hooked a SayText2 chat hook.
L 08/22/2022 - 15:47:49: [basecommands.smx] "Ho<69><STEAM_1:1:507599331><>" executed config (file "sm_competitive.cfg")
L 08/22/2022 - 16:20:50: -------- Mapchange to de_mirage --------
L 08/22/2022 - 16:20:50: [basecommands.smx] "Console<0><Console><Console>" changed cvar (cvar "mapcyclefile") (value "map_custom.txt")
L 08/22/2022 - 16:20:52: [chat-processor.smx] Message formats generated for game 'csgo'.
L 08/22/2022 - 16:20:52: [chat-processor.smx] Successfully hooked a SayText2 chat hook.
L 08/22/2022 - 16:30:20: -------- Mapchange to de_mirage --------
L 08/22/2022 - 16:30:20: [basecommands.smx] "Console<0><Console><Console>" changed cvar (cvar "mapcyclefile") (value "map_custom.txt")
L 08/22/2022 - 16:30:23: [chat-processor.smx] Message formats generated for game 'csgo'.
L 08/22/2022 - 16:30:23: [chat-processor.smx] Successfully hooked a SayText2 chat hook.
L 08/22/2022 - 16:31:28: [pugsetup.smx] Recording to pug_2022-08-22_1631_de_mirage
L 08/22/2022 - 17:40:00: -------- Mapchange to de_mirage --------
L 08/22/2022 - 17:40:00: [basecommands.smx] "Console<0><Console><Console>" changed cvar (cvar "mapcyclefile") (value "map_custom.txt")
L 08/22/2022 - 17:40:02: [chat-processor.smx] Message formats generated for game 'csgo'.
L 08/22/2022 - 17:40:02: [chat-processor.smx] Successfully hooked a SayText2 chat hook.
L 08/22/2022 - 19:13:35: -------- Mapchange to de_mirage --------
L 08/22/2022 - 19:13:35: [basecommands.smx] "Console<0><Console><Console>" changed cvar (cvar "mapcyclefile") (value "map_custom.txt")
L 08/22/2022 - 19:13:37: [chat-processor.smx] Message formats generated for game 'csgo'.
L 08/22/2022 - 19:13:37: [chat-processor.smx] Successfully hooked a SayText2 chat hook.
L 08/23/2022 - 20:21:56: Log file closed.
