L 11/15/2022 - 02:22:40: SourceMod log file session started (file "/csgoserver/server1/csgo/addons/sourcemod/logs/L20221115.log") (Version "1.11.0.6913")
L 11/15/2022 - 02:22:40: [basecommands.smx] "Console<0><Console><Console>" changed cvar (cvar "mapcyclefile") (value "map_custom.txt")
L 11/15/2022 - 02:22:42: [chat-processor.smx] Message formats generated for game 'csgo'.
L 11/15/2022 - 02:22:42: [chat-processor.smx] Successfully hooked a SayText2 chat hook.
L 11/15/2022 - 02:23:33: [funcommands.smx] "7iour<30><STEAM_1:0:37571034><>" toggled noclip on "7iour<30><STEAM_1:0:37571034><>"
L 11/15/2022 - 02:24:33: [funcommands.smx] "7iour<30><STEAM_1:0:37571034><>" toggled noclip on "7iour<30><STEAM_1:0:37571034><>"
L 11/15/2022 - 02:25:42: [funcommands.smx] "7iour<30><STEAM_1:0:37571034><>" toggled noclip on "7iour<30><STEAM_1:0:37571034><>"
L 11/15/2022 - 02:25:50: [funcommands.smx] "7iour<30><STEAM_1:0:37571034><>" toggled noclip on "7iour<30><STEAM_1:0:37571034><>"
L 11/15/2022 - 10:37:19: -------- Mapchange to de_mirage --------
L 11/15/2022 - 10:37:19: [basecommands.smx] "Console<0><Console><Console>" changed cvar (cvar "mapcyclefile") (value "map_custom.txt")
L 11/15/2022 - 10:37:21: [chat-processor.smx] Message formats generated for game 'csgo'.
L 11/15/2022 - 10:37:21: [chat-processor.smx] Successfully hooked a SayText2 chat hook.
L 11/15/2022 - 10:42:15: -------- Mapchange to de_mirage --------
L 11/15/2022 - 10:42:15: [basecommands.smx] "Console<0><Console><Console>" changed cvar (cvar "mapcyclefile") (value "map_custom.txt")
L 11/15/2022 - 10:42:17: [chat-processor.smx] Message formats generated for game 'csgo'.
L 11/15/2022 - 10:42:17: [chat-processor.smx] Successfully hooked a SayText2 chat hook.
L 11/15/2022 - 10:50:15: [funcommands.smx] "7iour<34><STEAM_1:0:37571034><>" toggled noclip on "7iour<34><STEAM_1:0:37571034><>"
L 11/15/2022 - 10:50:40: [funcommands.smx] "7iour<34><STEAM_1:0:37571034><>" toggled noclip on "7iour<34><STEAM_1:0:37571034><>"
L 11/15/2022 - 10:56:11: -------- Mapchange to de_mirage --------
L 11/15/2022 - 10:56:11: [basecommands.smx] "Console<0><Console><Console>" changed cvar (cvar "mapcyclefile") (value "map_custom.txt")
L 11/15/2022 - 10:56:13: [chat-processor.smx] Message formats generated for game 'csgo'.
L 11/15/2022 - 10:56:13: [chat-processor.smx] Successfully hooked a SayText2 chat hook.
L 11/15/2022 - 10:56:33: [basecommands.smx] "7iour<36><STEAM_1:0:37571034><>" changed map to "overpass"
L 11/15/2022 - 10:56:36: [SM] Changed map to "overpass"
L 11/15/2022 - 10:56:37: -------- Mapchange to de_overpass --------
L 11/15/2022 - 10:56:37: [basecommands.smx] "Console<0><Console><Console>" changed cvar (cvar "mapcyclefile") (value "map_custom.txt")
L 11/15/2022 - 10:56:39: [chat-processor.smx] Message formats generated for game 'csgo'.
L 11/15/2022 - 10:56:39: [chat-processor.smx] Successfully hooked a SayText2 chat hook.
L 11/15/2022 - 13:08:40: -------- Mapchange to de_overpass --------
L 11/15/2022 - 13:08:40: [basecommands.smx] "Console<0><Console><Console>" changed cvar (cvar "mapcyclefile") (value "map_custom.txt")
L 11/15/2022 - 13:08:43: [chat-processor.smx] Message formats generated for game 'csgo'.
L 11/15/2022 - 13:08:43: [chat-processor.smx] Successfully hooked a SayText2 chat hook.
L 11/15/2022 - 13:58:52: -------- Mapchange to de_overpass --------
L 11/15/2022 - 13:58:52: [basecommands.smx] "Console<0><Console><Console>" changed cvar (cvar "mapcyclefile") (value "map_custom.txt")
L 11/15/2022 - 13:58:54: [chat-processor.smx] Message formats generated for game 'csgo'.
L 11/15/2022 - 13:58:54: [chat-processor.smx] Successfully hooked a SayText2 chat hook.
L 11/15/2022 - 14:15:19: [funcommands.smx] "7iour<41><STEAM_1:0:37571034><>" toggled noclip on "7iour<41><STEAM_1:0:37571034><>"
L 11/15/2022 - 14:17:23: [funcommands.smx] "7iour<41><STEAM_1:0:37571034><>" toggled noclip on "H<40><STEAM_1:1:181342971><>"
L 11/15/2022 - 14:17:24: [funcommands.smx] "7iour<41><STEAM_1:0:37571034><>" toggled noclip on "H<40><STEAM_1:1:181342971><>"
L 11/15/2022 - 14:17:25: [funcommands.smx] "7iour<41><STEAM_1:0:37571034><>" toggled noclip on "7iour<41><STEAM_1:0:37571034><>"
L 11/15/2022 - 14:26:10: [basecommands.smx] "7iour<41><STEAM_1:0:37571034><>" changed map to "de_vertigo"
L 11/15/2022 - 14:26:13: [SM] Changed map to "de_vertigo"
L 11/15/2022 - 14:26:14: -------- Mapchange to de_vertigo --------
L 11/15/2022 - 14:26:14: [basecommands.smx] "Console<0><Console><Console>" changed cvar (cvar "mapcyclefile") (value "map_custom.txt")
L 11/15/2022 - 14:26:17: [chat-processor.smx] Message formats generated for game 'csgo'.
L 11/15/2022 - 14:26:17: [chat-processor.smx] Successfully hooked a SayText2 chat hook.
L 11/15/2022 - 14:27:07: [playercommands.smx] "7iour<41><STEAM_1:0:37571034><>" slapped "清风看看大骚逼<43><STEAM_1:0:626148676><>" (damage "0")
L 11/15/2022 - 14:27:07: [playercommands.smx] "7iour<41><STEAM_1:0:37571034><>" slapped "清风看看大骚逼<43><STEAM_1:0:626148676><>" (damage "0")
L 11/15/2022 - 14:27:07: [playercommands.smx] "7iour<41><STEAM_1:0:37571034><>" slapped "清风看看大骚逼<43><STEAM_1:0:626148676><>" (damage "0")
L 11/15/2022 - 14:27:07: [playercommands.smx] "7iour<41><STEAM_1:0:37571034><>" slapped "清风看看大骚逼<43><STEAM_1:0:626148676><>" (damage "0")
L 11/15/2022 - 14:27:08: [playercommands.smx] "7iour<41><STEAM_1:0:37571034><>" slapped "清风看看大骚逼<43><STEAM_1:0:626148676><>" (damage "0")
L 11/15/2022 - 14:27:08: [playercommands.smx] "7iour<41><STEAM_1:0:37571034><>" slapped "清风看看大骚逼<43><STEAM_1:0:626148676><>" (damage "0")
L 11/15/2022 - 14:27:08: [playercommands.smx] "7iour<41><STEAM_1:0:37571034><>" slapped "清风看看大骚逼<43><STEAM_1:0:626148676><>" (damage "0")
L 11/15/2022 - 14:27:08: [playercommands.smx] "7iour<41><STEAM_1:0:37571034><>" slapped "清风看看大骚逼<43><STEAM_1:0:626148676><>" (damage "0")
L 11/15/2022 - 14:27:08: [playercommands.smx] "7iour<41><STEAM_1:0:37571034><>" slapped "清风看看大骚逼<43><STEAM_1:0:626148676><>" (damage "0")
L 11/15/2022 - 14:27:08: [playercommands.smx] "7iour<41><STEAM_1:0:37571034><>" slapped "清风看看大骚逼<43><STEAM_1:0:626148676><>" (damage "0")
L 11/15/2022 - 14:27:08: [playercommands.smx] "7iour<41><STEAM_1:0:37571034><>" slapped "清风看看大骚逼<43><STEAM_1:0:626148676><>" (damage "0")
L 11/15/2022 - 14:27:08: [playercommands.smx] "7iour<41><STEAM_1:0:37571034><>" slapped "清风看看大骚逼<43><STEAM_1:0:626148676><>" (damage "0")
L 11/15/2022 - 14:27:09: [playercommands.smx] "7iour<41><STEAM_1:0:37571034><>" slapped "清风看看大骚逼<43><STEAM_1:0:626148676><>" (damage "0")
L 11/15/2022 - 14:27:09: [playercommands.smx] "7iour<41><STEAM_1:0:37571034><>" slapped "清风看看大骚逼<43><STEAM_1:0:626148676><>" (damage "0")
L 11/15/2022 - 14:27:09: [playercommands.smx] "7iour<41><STEAM_1:0:37571034><>" slapped "清风看看大骚逼<43><STEAM_1:0:626148676><>" (damage "0")
L 11/15/2022 - 14:27:09: [playercommands.smx] "7iour<41><STEAM_1:0:37571034><>" slapped "清风看看大骚逼<43><STEAM_1:0:626148676><>" (damage "0")
L 11/15/2022 - 14:27:09: [playercommands.smx] "7iour<41><STEAM_1:0:37571034><>" slapped "清风看看大骚逼<43><STEAM_1:0:626148676><>" (damage "0")
L 11/15/2022 - 14:27:09: [playercommands.smx] "7iour<41><STEAM_1:0:37571034><>" slapped "清风看看大骚逼<43><STEAM_1:0:626148676><>" (damage "0")
L 11/15/2022 - 14:27:09: [playercommands.smx] "7iour<41><STEAM_1:0:37571034><>" slapped "清风看看大骚逼<43><STEAM_1:0:626148676><>" (damage "0")
L 11/15/2022 - 14:27:10: [playercommands.smx] "7iour<41><STEAM_1:0:37571034><>" slapped "清风看看大骚逼<43><STEAM_1:0:626148676><>" (damage "0")
L 11/15/2022 - 14:27:10: [playercommands.smx] "7iour<41><STEAM_1:0:37571034><>" slapped "7iour<41><STEAM_1:0:37571034><>" (damage "0")
L 11/15/2022 - 14:27:10: [playercommands.smx] "7iour<41><STEAM_1:0:37571034><>" slapped "清风看看大骚逼<43><STEAM_1:0:626148676><>" (damage "0")
L 11/15/2022 - 14:27:10: [playercommands.smx] "7iour<41><STEAM_1:0:37571034><>" slapped "7iour<41><STEAM_1:0:37571034><>" (damage "0")
L 11/15/2022 - 14:27:10: [playercommands.smx] "7iour<41><STEAM_1:0:37571034><>" slapped "清风看看大骚逼<43><STEAM_1:0:626148676><>" (damage "0")
L 11/15/2022 - 14:27:10: [playercommands.smx] "7iour<41><STEAM_1:0:37571034><>" slapped "7iour<41><STEAM_1:0:37571034><>" (damage "0")
L 11/15/2022 - 14:27:10: [playercommands.smx] "7iour<41><STEAM_1:0:37571034><>" slapped "清风看看大骚逼<43><STEAM_1:0:626148676><>" (damage "0")
L 11/15/2022 - 14:27:10: [playercommands.smx] "7iour<41><STEAM_1:0:37571034><>" slapped "清风看看大骚逼<43><STEAM_1:0:626148676><>" (damage "0")
L 11/15/2022 - 14:27:10: [playercommands.smx] "7iour<41><STEAM_1:0:37571034><>" slapped "7iour<41><STEAM_1:0:37571034><>" (damage "0")
L 11/15/2022 - 14:27:10: [playercommands.smx] "7iour<41><STEAM_1:0:37571034><>" slapped "清风看看大骚逼<43><STEAM_1:0:626148676><>" (damage "0")
L 11/15/2022 - 14:27:11: [playercommands.smx] "7iour<41><STEAM_1:0:37571034><>" slapped "7iour<41><STEAM_1:0:37571034><>" (damage "0")
L 11/15/2022 - 14:27:11: [playercommands.smx] "7iour<41><STEAM_1:0:37571034><>" slapped "7iour<41><STEAM_1:0:37571034><>" (damage "0")
L 11/15/2022 - 14:27:11: [playercommands.smx] "7iour<41><STEAM_1:0:37571034><>" slapped "清风看看大骚逼<43><STEAM_1:0:626148676><>" (damage "0")
L 11/15/2022 - 14:27:11: [playercommands.smx] "7iour<41><STEAM_1:0:37571034><>" slapped "清风看看大骚逼<43><STEAM_1:0:626148676><>" (damage "0")
L 11/15/2022 - 14:27:11: [playercommands.smx] "7iour<41><STEAM_1:0:37571034><>" slapped "7iour<41><STEAM_1:0:37571034><>" (damage "0")
L 11/15/2022 - 14:27:11: [playercommands.smx] "7iour<41><STEAM_1:0:37571034><>" slapped "7iour<41><STEAM_1:0:37571034><>" (damage "0")
L 11/15/2022 - 14:27:11: [playercommands.smx] "7iour<41><STEAM_1:0:37571034><>" slapped "清风看看大骚逼<43><STEAM_1:0:626148676><>" (damage "0")
L 11/15/2022 - 14:27:12: [playercommands.smx] "7iour<41><STEAM_1:0:37571034><>" slapped "7iour<41><STEAM_1:0:37571034><>" (damage "0")
L 11/15/2022 - 14:27:12: [playercommands.smx] "7iour<41><STEAM_1:0:37571034><>" slapped "清风看看大骚逼<43><STEAM_1:0:626148676><>" (damage "0")
L 11/15/2022 - 14:27:12: [playercommands.smx] "7iour<41><STEAM_1:0:37571034><>" slapped "7iour<41><STEAM_1:0:37571034><>" (damage "0")
L 11/15/2022 - 14:27:12: [playercommands.smx] "7iour<41><STEAM_1:0:37571034><>" slapped "清风看看大骚逼<43><STEAM_1:0:626148676><>" (damage "0")
L 11/15/2022 - 14:27:12: [playercommands.smx] "7iour<41><STEAM_1:0:37571034><>" slapped "7iour<41><STEAM_1:0:37571034><>" (damage "0")
L 11/15/2022 - 14:27:21: [playercommands.smx] "7iour<41><STEAM_1:0:37571034><>" slapped "7iour<41><STEAM_1:0:37571034><>" (damage "0")
L 11/15/2022 - 14:27:21: [playercommands.smx] "7iour<41><STEAM_1:0:37571034><>" slapped "7iour<41><STEAM_1:0:37571034><>" (damage "0")
L 11/15/2022 - 14:27:21: [playercommands.smx] "7iour<41><STEAM_1:0:37571034><>" slapped "7iour<41><STEAM_1:0:37571034><>" (damage "0")
L 11/15/2022 - 14:27:21: [playercommands.smx] "7iour<41><STEAM_1:0:37571034><>" slapped "7iour<41><STEAM_1:0:37571034><>" (damage "0")
L 11/15/2022 - 14:27:22: [playercommands.smx] "7iour<41><STEAM_1:0:37571034><>" slapped "7iour<41><STEAM_1:0:37571034><>" (damage "0")
L 11/15/2022 - 14:27:22: [playercommands.smx] "7iour<41><STEAM_1:0:37571034><>" slapped "7iour<41><STEAM_1:0:37571034><>" (damage "0")
L 11/15/2022 - 14:27:22: [playercommands.smx] "7iour<41><STEAM_1:0:37571034><>" slapped "7iour<41><STEAM_1:0:37571034><>" (damage "0")
L 11/15/2022 - 14:27:22: [playercommands.smx] "7iour<41><STEAM_1:0:37571034><>" slapped "7iour<41><STEAM_1:0:37571034><>" (damage "0")
L 11/15/2022 - 14:27:22: [playercommands.smx] "7iour<41><STEAM_1:0:37571034><>" slapped "7iour<41><STEAM_1:0:37571034><>" (damage "0")
L 11/15/2022 - 14:27:23: [playercommands.smx] "7iour<41><STEAM_1:0:37571034><>" slapped "7iour<41><STEAM_1:0:37571034><>" (damage "0")
L 11/15/2022 - 14:27:23: [playercommands.smx] "7iour<41><STEAM_1:0:37571034><>" slapped "7iour<41><STEAM_1:0:37571034><>" (damage "0")
L 11/15/2022 - 14:27:23: [playercommands.smx] "7iour<41><STEAM_1:0:37571034><>" slapped "7iour<41><STEAM_1:0:37571034><>" (damage "0")
L 11/15/2022 - 14:27:23: [playercommands.smx] "7iour<41><STEAM_1:0:37571034><>" slapped "7iour<41><STEAM_1:0:37571034><>" (damage "0")
L 11/15/2022 - 14:27:23: [playercommands.smx] "7iour<41><STEAM_1:0:37571034><>" slapped "7iour<41><STEAM_1:0:37571034><>" (damage "0")
L 11/15/2022 - 14:27:23: [playercommands.smx] "7iour<41><STEAM_1:0:37571034><>" slapped "7iour<41><STEAM_1:0:37571034><>" (damage "0")
L 11/15/2022 - 14:27:23: [playercommands.smx] "7iour<41><STEAM_1:0:37571034><>" slapped "7iour<41><STEAM_1:0:37571034><>" (damage "0")
L 11/15/2022 - 14:27:24: [playercommands.smx] "7iour<41><STEAM_1:0:37571034><>" slapped "7iour<41><STEAM_1:0:37571034><>" (damage "0")
L 11/15/2022 - 14:27:24: [playercommands.smx] "7iour<41><STEAM_1:0:37571034><>" slapped "7iour<41><STEAM_1:0:37571034><>" (damage "0")
L 11/15/2022 - 14:27:24: [playercommands.smx] "7iour<41><STEAM_1:0:37571034><>" slapped "7iour<41><STEAM_1:0:37571034><>" (damage "0")
L 11/15/2022 - 14:27:24: [playercommands.smx] "7iour<41><STEAM_1:0:37571034><>" slapped "7iour<41><STEAM_1:0:37571034><>" (damage "0")
L 11/15/2022 - 14:27:24: [playercommands.smx] "7iour<41><STEAM_1:0:37571034><>" slapped "7iour<41><STEAM_1:0:37571034><>" (damage "0")
L 11/15/2022 - 14:27:24: [playercommands.smx] "7iour<41><STEAM_1:0:37571034><>" slapped "7iour<41><STEAM_1:0:37571034><>" (damage "0")
L 11/15/2022 - 14:27:24: [playercommands.smx] "7iour<41><STEAM_1:0:37571034><>" slapped "7iour<41><STEAM_1:0:37571034><>" (damage "0")
L 11/15/2022 - 14:27:25: [playercommands.smx] "7iour<41><STEAM_1:0:37571034><>" slapped "7iour<41><STEAM_1:0:37571034><>" (damage "0")
L 11/15/2022 - 14:27:25: [playercommands.smx] "7iour<41><STEAM_1:0:37571034><>" slapped "7iour<41><STEAM_1:0:37571034><>" (damage "0")
L 11/15/2022 - 14:27:25: [playercommands.smx] "7iour<41><STEAM_1:0:37571034><>" slapped "7iour<41><STEAM_1:0:37571034><>" (damage "0")
L 11/15/2022 - 14:27:25: [playercommands.smx] "7iour<41><STEAM_1:0:37571034><>" slapped "7iour<41><STEAM_1:0:37571034><>" (damage "0")
L 11/15/2022 - 14:27:25: [playercommands.smx] "7iour<41><STEAM_1:0:37571034><>" slapped "7iour<41><STEAM_1:0:37571034><>" (damage "0")
L 11/15/2022 - 14:27:25: [playercommands.smx] "7iour<41><STEAM_1:0:37571034><>" slapped "7iour<41><STEAM_1:0:37571034><>" (damage "0")
L 11/15/2022 - 14:27:25: [playercommands.smx] "7iour<41><STEAM_1:0:37571034><>" slapped "7iour<41><STEAM_1:0:37571034><>" (damage "0")
L 11/15/2022 - 14:27:26: [playercommands.smx] "7iour<41><STEAM_1:0:37571034><>" slapped "7iour<41><STEAM_1:0:37571034><>" (damage "0")
L 11/15/2022 - 14:27:26: [playercommands.smx] "7iour<41><STEAM_1:0:37571034><>" slapped "7iour<41><STEAM_1:0:37571034><>" (damage "0")
L 11/15/2022 - 14:27:26: [playercommands.smx] "7iour<41><STEAM_1:0:37571034><>" slapped "7iour<41><STEAM_1:0:37571034><>" (damage "0")
L 11/15/2022 - 14:27:26: [playercommands.smx] "7iour<41><STEAM_1:0:37571034><>" slapped "7iour<41><STEAM_1:0:37571034><>" (damage "0")
L 11/15/2022 - 14:27:26: [playercommands.smx] "7iour<41><STEAM_1:0:37571034><>" slapped "7iour<41><STEAM_1:0:37571034><>" (damage "0")
L 11/15/2022 - 14:27:26: [playercommands.smx] "7iour<41><STEAM_1:0:37571034><>" slapped "7iour<41><STEAM_1:0:37571034><>" (damage "0")
L 11/15/2022 - 14:27:26: [playercommands.smx] "7iour<41><STEAM_1:0:37571034><>" slapped "7iour<41><STEAM_1:0:37571034><>" (damage "0")
L 11/15/2022 - 14:27:27: [playercommands.smx] "7iour<41><STEAM_1:0:37571034><>" slapped "7iour<41><STEAM_1:0:37571034><>" (damage "0")
L 11/15/2022 - 14:27:27: [playercommands.smx] "7iour<41><STEAM_1:0:37571034><>" slapped "7iour<41><STEAM_1:0:37571034><>" (damage "0")
L 11/15/2022 - 14:27:27: [playercommands.smx] "7iour<41><STEAM_1:0:37571034><>" slapped "7iour<41><STEAM_1:0:37571034><>" (damage "0")
L 11/15/2022 - 14:27:27: [playercommands.smx] "7iour<41><STEAM_1:0:37571034><>" slapped "7iour<41><STEAM_1:0:37571034><>" (damage "0")
L 11/15/2022 - 14:27:27: [playercommands.smx] "7iour<41><STEAM_1:0:37571034><>" slapped "7iour<41><STEAM_1:0:37571034><>" (damage "0")
L 11/15/2022 - 14:27:28: [playercommands.smx] "7iour<41><STEAM_1:0:37571034><>" slapped "7iour<41><STEAM_1:0:37571034><>" (damage "0")
L 11/15/2022 - 14:27:28: [playercommands.smx] "7iour<41><STEAM_1:0:37571034><>" slapped "7iour<41><STEAM_1:0:37571034><>" (damage "0")
L 11/15/2022 - 14:27:28: [playercommands.smx] "7iour<41><STEAM_1:0:37571034><>" slapped "7iour<41><STEAM_1:0:37571034><>" (damage "0")
L 11/15/2022 - 14:27:28: [playercommands.smx] "7iour<41><STEAM_1:0:37571034><>" slapped "7iour<41><STEAM_1:0:37571034><>" (damage "0")
L 11/15/2022 - 14:27:28: [playercommands.smx] "7iour<41><STEAM_1:0:37571034><>" slapped "7iour<41><STEAM_1:0:37571034><>" (damage "0")
L 11/15/2022 - 14:27:30: [playercommands.smx] "7iour<41><STEAM_1:0:37571034><>" slapped "7iour<41><STEAM_1:0:37571034><>" (damage "0")
L 11/15/2022 - 14:27:31: [playercommands.smx] "7iour<41><STEAM_1:0:37571034><>" slapped "7iour<41><STEAM_1:0:37571034><>" (damage "0")
L 11/15/2022 - 14:27:31: [playercommands.smx] "7iour<41><STEAM_1:0:37571034><>" slapped "7iour<41><STEAM_1:0:37571034><>" (damage "0")
L 11/15/2022 - 14:29:50: [playercommands.smx] "7iour<41><STEAM_1:0:37571034><>" slapped "7iour<41><STEAM_1:0:37571034><>" (damage "0")
L 11/15/2022 - 14:29:51: [playercommands.smx] "7iour<41><STEAM_1:0:37571034><>" slapped "7iour<41><STEAM_1:0:37571034><>" (damage "0")
L 11/15/2022 - 14:29:51: [playercommands.smx] "7iour<41><STEAM_1:0:37571034><>" slapped "7iour<41><STEAM_1:0:37571034><>" (damage "0")
L 11/15/2022 - 14:29:51: [playercommands.smx] "7iour<41><STEAM_1:0:37571034><>" slapped "7iour<41><STEAM_1:0:37571034><>" (damage "0")
L 11/15/2022 - 14:29:51: [playercommands.smx] "7iour<41><STEAM_1:0:37571034><>" slapped "7iour<41><STEAM_1:0:37571034><>" (damage "0")
L 11/15/2022 - 14:29:52: [playercommands.smx] "7iour<41><STEAM_1:0:37571034><>" slapped "7iour<41><STEAM_1:0:37571034><>" (damage "0")
L 11/15/2022 - 14:29:52: [playercommands.smx] "7iour<41><STEAM_1:0:37571034><>" slapped "7iour<41><STEAM_1:0:37571034><>" (damage "0")
L 11/15/2022 - 14:29:52: [playercommands.smx] "7iour<41><STEAM_1:0:37571034><>" slapped "7iour<41><STEAM_1:0:37571034><>" (damage "0")
L 11/15/2022 - 14:29:52: [playercommands.smx] "7iour<41><STEAM_1:0:37571034><>" slapped "清风看看大骚逼<43><STEAM_1:0:626148676><>" (damage "0")
L 11/15/2022 - 14:30:46: [funcommands.smx] "7iour<41><STEAM_1:0:37571034><>" set gravity on "7iour<41><STEAM_1:0:37571034><>" (amount "0.100000")
L 11/15/2022 - 14:31:49: [basecommands.smx] "7iour<41><STEAM_1:0:37571034><>" executed config (file "sm_competitive2v2.cfg")
L 11/15/2022 - 14:31:49: [warmod.smx] Current Map: de_vertigo, Warmod Version: 22.10.29.1916
L 11/15/2022 - 14:32:27: [basecommands.smx] "7iour<41><STEAM_1:0:37571034><>" executed config (file "sm_competitive2v2.cfg")
L 11/15/2022 - 14:33:16: [warmod.smx] "force_start" (player "7iour<41><STEAM_1:0:37571034><>")
L 11/15/2022 - 14:33:36: [warmod.smx] "knife_on_3" (player "7iour<41><STEAM_1:0:37571034><>")
L 11/15/2022 - 14:49:23: [basecommands.smx] "7iour<41><STEAM_1:0:37571034><>" refreshed the admin cache.
L 11/15/2022 - 14:49:28: [warmod.smx] "force_start" (player "7iour<41><STEAM_1:0:37571034><>")
L 11/15/2022 - 14:49:37: [basecommands.smx] "7iour<41><STEAM_1:0:37571034><>" executed config (file "server.cfg")
L 11/15/2022 - 14:49:37: [basecommands.smx] "Console<0><Console><Console>" changed cvar (cvar "mapcyclefile") (value "map_custom.txt")
L 11/15/2022 - 14:50:55: [basecommands.smx] "7iour<41><STEAM_1:0:37571034><>" executed config (file "sm_practice.cfg")
L 11/15/2022 - 14:56:08: [basecommands.smx] "7iour<48><STEAM_1:0:37571034><>" executed config (file "server.cfg")
L 11/15/2022 - 14:56:09: [basecommands.smx] "Console<0><Console><Console>" changed cvar (cvar "mapcyclefile") (value "map_custom.txt")
L 11/15/2022 - 14:58:05: [basecommands.smx] "7iour<48><STEAM_1:0:37571034><>" refreshed the admin cache.
L 11/15/2022 - 14:58:44: [basecommands.smx] "7iour<48><STEAM_1:0:37571034><>" changed map to "de_inferno"
L 11/15/2022 - 14:58:47: [SM] Changed map to "de_inferno"
L 11/15/2022 - 14:58:49: -------- Mapchange to de_inferno --------
L 11/15/2022 - 14:58:49: [basecommands.smx] "Console<0><Console><Console>" changed cvar (cvar "mapcyclefile") (value "map_custom.txt")
L 11/15/2022 - 14:58:51: [warmod.smx] Current Map: de_inferno, Warmod Version: 22.10.29.1916
L 11/15/2022 - 14:58:51: [chat-processor.smx] Message formats generated for game 'csgo'.
L 11/15/2022 - 14:58:51: [chat-processor.smx] Successfully hooked a SayText2 chat hook.
L 11/15/2022 - 15:02:33: [basecommands.smx] "7iour<48><STEAM_1:0:37571034><>" executed config (file "sm_competitive2v2.cfg")
L 11/15/2022 - 15:02:36: [warmod.smx] "knife_on_3" (player "7iour<48><STEAM_1:0:37571034><>")
L 11/15/2022 - 15:02:39: [warmod.smx] "force_start" (player "7iour<48><STEAM_1:0:37571034><>")
L 11/15/2022 - 15:02:46: [warmod.smx] "knife_on_3" (player "7iour<48><STEAM_1:0:37571034><>")
L 11/15/2022 - 15:02:49: [basecommands.smx] "Godfather✞<49><STEAM_1:1:530561868><>" kicked "原神<47><STEAM_1:0:736092334><>" (reason "")
L 11/15/2022 - 15:03:08: [funcommands.smx] "Godfather✞<49><STEAM_1:1:530561868><>" toggled noclip on "Godfather✞<49><STEAM_1:1:530561868><>"
L 11/15/2022 - 15:04:14: [funcommands.smx] "Godfather✞<49><STEAM_1:1:530561868><>" toggled noclip on "Godfather✞<49><STEAM_1:1:530561868><>"
L 11/15/2022 - 15:04:43: [warmod.smx] "force_start" (player "Godfather✞<49><STEAM_1:1:530561868><>")
L 11/15/2022 - 15:04:52: [warmod.smx] "knife_on_3" (player "7iour<48><STEAM_1:0:37571034><>")
L 11/15/2022 - 15:05:07: [movecommands.smx] "Godfather✞<49><STEAM_1:1:530561868><>" was moved to Spec by "7iour<48><STEAM_1:0:37571034><>"
L 11/15/2022 - 15:05:41: [funcommands.smx] "Godfather✞<49><STEAM_1:1:530561868><>" toggled noclip on "Godfather✞<49><STEAM_1:1:530561868><>"
L 11/15/2022 - 15:06:34: [weapon_restrict.smx] "7iour<48><STEAM_1:0:37571034><>" forced the C4 bomb to be dropped.
L 11/15/2022 - 15:06:54: [movecommands.smx] "Godfather✞<49><STEAM_1:1:530561868><>" was moved to Spec by "Godfather✞<49><STEAM_1:1:530561868><>"
L 11/15/2022 - 15:07:38: [basecommands.smx] "7iour<48><STEAM_1:0:37571034><>" executed config (file "sm_competitive2v2.cfg")
L 11/15/2022 - 15:07:49: [funcommands.smx] "Godfather✞<49><STEAM_1:1:530561868><>" toggled noclip on "Godfather✞<49><STEAM_1:1:530561868><>"
L 11/15/2022 - 15:07:59: [basecommands.smx] "7iour<48><STEAM_1:0:37571034><>" executed config (file "sm_competitive2v2.cfg")
L 11/15/2022 - 15:08:32: SourceMod log file session started (file "/csgoserver/server1/csgo/addons/sourcemod/logs/L20221115.log") (Version "1.11.0.6913")
L 11/15/2022 - 15:08:32: [GEOIP] GeoIP2 database loaded: GeoLite2-City (2019-12-17 20:01:26 UTC) (/csgoserver/server1/csgo/addons/sourcemod/configs/geoip/GeoLite2-City.mmdb)
L 11/15/2022 - 15:08:32: [GEOIP] GeoIP2 supported languages: de en es fr ja pt-BR ru zh-CN
L 11/15/2022 - 15:08:32: [GEOIP] Your database is older than 90 days. You should consider downloading a newer version from e.g. https://dev.maxmind.com/geoip/geolite2-free-geolocation-data
L 11/15/2022 - 15:08:32: [auto_steam_update.smx] HUD text is supported on this mod. The persistant timer will display.
L 11/15/2022 - 15:08:34: [warmod.smx] Current Map: de_mirage, Warmod Version: 22.10.29.1916
L 11/15/2022 - 15:08:38: -------- Mapchange to de_mirage --------
L 11/15/2022 - 15:08:38: [basecommands.smx] "Console<0><Console><Console>" changed cvar (cvar "mapcyclefile") (value "map_custom.txt")
L 11/15/2022 - 15:08:40: [warmod.smx] Current Map: de_mirage, Warmod Version: 22.10.29.1916
L 11/15/2022 - 15:08:40: [chat-processor.smx] Message formats generated for game 'csgo'.
L 11/15/2022 - 15:08:40: [chat-processor.smx] Successfully hooked a SayText2 chat hook.
L 11/15/2022 - 15:09:15: [funcommands.smx] "Godfather✞<3><STEAM_1:1:530561868><>" toggled noclip on "Godfather✞<3><STEAM_1:1:530561868><>"
L 11/15/2022 - 15:10:20: [funcommands.smx] "Godfather✞<3><STEAM_1:1:530561868><>" froze "7iour<4><STEAM_1:0:37571034><>"
L 11/15/2022 - 15:10:21: [funcommands.smx] "Godfather✞<3><STEAM_1:1:530561868><>" froze "7iour<4><STEAM_1:0:37571034><>"
L 11/15/2022 - 15:10:22: [funcommands.smx] "Godfather✞<3><STEAM_1:1:530561868><>" froze "原神<5><STEAM_1:0:736092334><>"
L 11/15/2022 - 15:10:28: [funcommands.smx] "Godfather✞<3><STEAM_1:1:530561868><>" froze "H<7><STEAM_1:1:181342971><>"
L 11/15/2022 - 15:10:30: [funcommands.smx] "Godfather✞<3><STEAM_1:1:530561868><>" froze "原神<5><STEAM_1:0:736092334><>"
L 11/15/2022 - 15:10:30: [funcommands.smx] "Godfather✞<3><STEAM_1:1:530561868><>" froze "原神<5><STEAM_1:0:736092334><>"
L 11/15/2022 - 15:10:31: [funcommands.smx] "Godfather✞<3><STEAM_1:1:530561868><>" froze "H<7><STEAM_1:1:181342971><>"
L 11/15/2022 - 15:10:32: [funcommands.smx] "Godfather✞<3><STEAM_1:1:530561868><>" froze "H<7><STEAM_1:1:181342971><>"
L 11/15/2022 - 15:10:44: [funcommands.smx] "Godfather✞<3><STEAM_1:1:530561868><>" froze "清风看看大骚逼<6><STEAM_1:0:626148676><>"
L 11/15/2022 - 15:10:45: [funcommands.smx] "Godfather✞<3><STEAM_1:1:530561868><>" froze "H<7><STEAM_1:1:181342971><>"
L 11/15/2022 - 15:10:46: [funcommands.smx] "Godfather✞<3><STEAM_1:1:530561868><>" froze "原神<5><STEAM_1:0:736092334><>"
L 11/15/2022 - 15:10:50: [funcommands.smx] "Godfather✞<3><STEAM_1:1:530561868><>" froze "原神<5><STEAM_1:0:736092334><>"
L 11/15/2022 - 15:10:52: [funcommands.smx] "Godfather✞<3><STEAM_1:1:530561868><>" froze "原神<5><STEAM_1:0:736092334><>"
L 11/15/2022 - 15:10:59: [funcommands.smx] "Godfather✞<3><STEAM_1:1:530561868><>" froze "H<7><STEAM_1:1:181342971><>"
L 11/15/2022 - 15:11:01: [funcommands.smx] "Godfather✞<3><STEAM_1:1:530561868><>" froze "原神<5><STEAM_1:0:736092334><>"
L 11/15/2022 - 15:11:01: [funcommands.smx] "Godfather✞<3><STEAM_1:1:530561868><>" froze "原神<5><STEAM_1:0:736092334><>"
L 11/15/2022 - 15:11:16: [playercommands.smx] "Godfather✞<3><STEAM_1:1:530561868><>" slapped "原神<5><STEAM_1:0:736092334><>" (damage "0")
L 11/15/2022 - 15:11:17: [playercommands.smx] "Godfather✞<3><STEAM_1:1:530561868><>" slapped "原神<5><STEAM_1:0:736092334><>" (damage "0")
L 11/15/2022 - 15:11:17: [playercommands.smx] "Godfather✞<3><STEAM_1:1:530561868><>" slapped "原神<5><STEAM_1:0:736092334><>" (damage "0")
L 11/15/2022 - 15:11:17: [playercommands.smx] "Godfather✞<3><STEAM_1:1:530561868><>" slapped "原神<5><STEAM_1:0:736092334><>" (damage "0")
L 11/15/2022 - 15:11:17: [playercommands.smx] "Godfather✞<3><STEAM_1:1:530561868><>" slapped "原神<5><STEAM_1:0:736092334><>" (damage "0")
L 11/15/2022 - 15:11:17: [playercommands.smx] "Godfather✞<3><STEAM_1:1:530561868><>" slapped "原神<5><STEAM_1:0:736092334><>" (damage "0")
L 11/15/2022 - 15:11:17: [playercommands.smx] "Godfather✞<3><STEAM_1:1:530561868><>" slapped "原神<5><STEAM_1:0:736092334><>" (damage "0")
L 11/15/2022 - 15:11:17: [playercommands.smx] "Godfather✞<3><STEAM_1:1:530561868><>" slapped "原神<5><STEAM_1:0:736092334><>" (damage "0")
L 11/15/2022 - 15:11:18: [playercommands.smx] "Godfather✞<3><STEAM_1:1:530561868><>" slapped "原神<5><STEAM_1:0:736092334><>" (damage "0")
L 11/15/2022 - 15:11:18: [playercommands.smx] "Godfather✞<3><STEAM_1:1:530561868><>" slapped "原神<5><STEAM_1:0:736092334><>" (damage "0")
L 11/15/2022 - 15:11:18: [playercommands.smx] "Godfather✞<3><STEAM_1:1:530561868><>" slapped "原神<5><STEAM_1:0:736092334><>" (damage "0")
L 11/15/2022 - 15:11:18: [playercommands.smx] "Godfather✞<3><STEAM_1:1:530561868><>" slapped "原神<5><STEAM_1:0:736092334><>" (damage "0")
L 11/15/2022 - 15:11:18: [playercommands.smx] "Godfather✞<3><STEAM_1:1:530561868><>" slapped "原神<5><STEAM_1:0:736092334><>" (damage "0")
L 11/15/2022 - 15:11:19: [playercommands.smx] "Godfather✞<3><STEAM_1:1:530561868><>" slapped "H<7><STEAM_1:1:181342971><>" (damage "0")
L 11/15/2022 - 15:11:19: [playercommands.smx] "Godfather✞<3><STEAM_1:1:530561868><>" slapped "H<7><STEAM_1:1:181342971><>" (damage "0")
L 11/15/2022 - 15:11:19: [playercommands.smx] "Godfather✞<3><STEAM_1:1:530561868><>" slapped "H<7><STEAM_1:1:181342971><>" (damage "0")
L 11/15/2022 - 15:11:19: [playercommands.smx] "Godfather✞<3><STEAM_1:1:530561868><>" slapped "H<7><STEAM_1:1:181342971><>" (damage "0")
L 11/15/2022 - 15:11:19: [playercommands.smx] "Godfather✞<3><STEAM_1:1:530561868><>" slapped "原神<5><STEAM_1:0:736092334><>" (damage "0")
L 11/15/2022 - 15:11:19: [playercommands.smx] "Godfather✞<3><STEAM_1:1:530561868><>" slapped "H<7><STEAM_1:1:181342971><>" (damage "0")
L 11/15/2022 - 15:11:20: [playercommands.smx] "Godfather✞<3><STEAM_1:1:530561868><>" slapped "原神<5><STEAM_1:0:736092334><>" (damage "0")
L 11/15/2022 - 15:11:20: [playercommands.smx] "Godfather✞<3><STEAM_1:1:530561868><>" slapped "原神<5><STEAM_1:0:736092334><>" (damage "0")
L 11/15/2022 - 15:11:20: [playercommands.smx] "Godfather✞<3><STEAM_1:1:530561868><>" slapped "原神<5><STEAM_1:0:736092334><>" (damage "0")
L 11/15/2022 - 15:11:20: [playercommands.smx] "Godfather✞<3><STEAM_1:1:530561868><>" slapped "H<7><STEAM_1:1:181342971><>" (damage "0")
L 11/15/2022 - 15:11:20: [playercommands.smx] "Godfather✞<3><STEAM_1:1:530561868><>" slapped "H<7><STEAM_1:1:181342971><>" (damage "0")
L 11/15/2022 - 15:11:20: [playercommands.smx] "Godfather✞<3><STEAM_1:1:530561868><>" slapped "H<7><STEAM_1:1:181342971><>" (damage "0")
L 11/15/2022 - 15:11:21: [playercommands.smx] "Godfather✞<3><STEAM_1:1:530561868><>" slapped "H<7><STEAM_1:1:181342971><>" (damage "0")
L 11/15/2022 - 15:11:21: [playercommands.smx] "Godfather✞<3><STEAM_1:1:530561868><>" slapped "H<7><STEAM_1:1:181342971><>" (damage "0")
L 11/15/2022 - 15:11:21: [playercommands.smx] "Godfather✞<3><STEAM_1:1:530561868><>" slapped "原神<5><STEAM_1:0:736092334><>" (damage "0")
L 11/15/2022 - 15:11:21: [playercommands.smx] "Godfather✞<3><STEAM_1:1:530561868><>" slapped "H<7><STEAM_1:1:181342971><>" (damage "0")
L 11/15/2022 - 15:11:21: [playercommands.smx] "Godfather✞<3><STEAM_1:1:530561868><>" slapped "原神<5><STEAM_1:0:736092334><>" (damage "0")
L 11/15/2022 - 15:11:22: [playercommands.smx] "Godfather✞<3><STEAM_1:1:530561868><>" slapped "H<7><STEAM_1:1:181342971><>" (damage "0")
L 11/15/2022 - 15:11:22: [playercommands.smx] "Godfather✞<3><STEAM_1:1:530561868><>" slapped "原神<5><STEAM_1:0:736092334><>" (damage "0")
L 11/15/2022 - 15:11:22: [playercommands.smx] "Godfather✞<3><STEAM_1:1:530561868><>" slapped "原神<5><STEAM_1:0:736092334><>" (damage "0")
L 11/15/2022 - 15:11:22: [playercommands.smx] "Godfather✞<3><STEAM_1:1:530561868><>" slapped "原神<5><STEAM_1:0:736092334><>" (damage "0")
L 11/15/2022 - 15:11:22: [playercommands.smx] "Godfather✞<3><STEAM_1:1:530561868><>" slapped "原神<5><STEAM_1:0:736092334><>" (damage "0")
L 11/15/2022 - 15:11:22: [playercommands.smx] "Godfather✞<3><STEAM_1:1:530561868><>" slapped "原神<5><STEAM_1:0:736092334><>" (damage "0")
L 11/15/2022 - 15:11:22: [playercommands.smx] "Godfather✞<3><STEAM_1:1:530561868><>" slapped "原神<5><STEAM_1:0:736092334><>" (damage "0")
L 11/15/2022 - 15:11:23: [playercommands.smx] "Godfather✞<3><STEAM_1:1:530561868><>" slapped "原神<5><STEAM_1:0:736092334><>" (damage "0")
L 11/15/2022 - 15:11:23: [playercommands.smx] "Godfather✞<3><STEAM_1:1:530561868><>" slapped "原神<5><STEAM_1:0:736092334><>" (damage "0")
L 11/15/2022 - 15:11:23: [playercommands.smx] "Godfather✞<3><STEAM_1:1:530561868><>" slapped "原神<5><STEAM_1:0:736092334><>" (damage "0")
L 11/15/2022 - 15:11:23: [playercommands.smx] "Godfather✞<3><STEAM_1:1:530561868><>" slapped "原神<5><STEAM_1:0:736092334><>" (damage "0")
L 11/15/2022 - 15:11:23: [playercommands.smx] "Godfather✞<3><STEAM_1:1:530561868><>" slapped "原神<5><STEAM_1:0:736092334><>" (damage "0")
L 11/15/2022 - 15:11:23: [playercommands.smx] "Godfather✞<3><STEAM_1:1:530561868><>" slapped "原神<5><STEAM_1:0:736092334><>" (damage "0")
L 11/15/2022 - 15:11:24: [playercommands.smx] "Godfather✞<3><STEAM_1:1:530561868><>" slapped "原神<5><STEAM_1:0:736092334><>" (damage "0")
L 11/15/2022 - 15:11:24: [playercommands.smx] "Godfather✞<3><STEAM_1:1:530561868><>" slapped "原神<5><STEAM_1:0:736092334><>" (damage "0")
L 11/15/2022 - 15:11:24: [playercommands.smx] "Godfather✞<3><STEAM_1:1:530561868><>" slapped "原神<5><STEAM_1:0:736092334><>" (damage "0")
L 11/15/2022 - 15:11:24: [playercommands.smx] "Godfather✞<3><STEAM_1:1:530561868><>" slapped "原神<5><STEAM_1:0:736092334><>" (damage "0")
L 11/15/2022 - 15:11:24: [playercommands.smx] "Godfather✞<3><STEAM_1:1:530561868><>" slapped "原神<5><STEAM_1:0:736092334><>" (damage "0")
L 11/15/2022 - 15:11:24: [playercommands.smx] "Godfather✞<3><STEAM_1:1:530561868><>" slapped "原神<5><STEAM_1:0:736092334><>" (damage "0")
L 11/15/2022 - 15:11:25: [playercommands.smx] "Godfather✞<3><STEAM_1:1:530561868><>" slapped "原神<5><STEAM_1:0:736092334><>" (damage "0")
L 11/15/2022 - 15:11:25: [playercommands.smx] "Godfather✞<3><STEAM_1:1:530561868><>" slapped "原神<5><STEAM_1:0:736092334><>" (damage "0")
L 11/15/2022 - 15:11:25: [playercommands.smx] "Godfather✞<3><STEAM_1:1:530561868><>" slapped "原神<5><STEAM_1:0:736092334><>" (damage "0")
L 11/15/2022 - 15:11:25: [playercommands.smx] "Godfather✞<3><STEAM_1:1:530561868><>" slapped "H<7><STEAM_1:1:181342971><>" (damage "0")
L 11/15/2022 - 15:11:25: [playercommands.smx] "Godfather✞<3><STEAM_1:1:530561868><>" slapped "H<7><STEAM_1:1:181342971><>" (damage "0")
L 11/15/2022 - 15:11:26: [playercommands.smx] "Godfather✞<3><STEAM_1:1:530561868><>" slapped "H<7><STEAM_1:1:181342971><>" (damage "0")
L 11/15/2022 - 15:11:26: [playercommands.smx] "Godfather✞<3><STEAM_1:1:530561868><>" slapped "H<7><STEAM_1:1:181342971><>" (damage "0")
L 11/15/2022 - 15:11:26: [playercommands.smx] "Godfather✞<3><STEAM_1:1:530561868><>" slapped "H<7><STEAM_1:1:181342971><>" (damage "0")
L 11/15/2022 - 15:11:26: [playercommands.smx] "Godfather✞<3><STEAM_1:1:530561868><>" slapped "H<7><STEAM_1:1:181342971><>" (damage "0")
L 11/15/2022 - 15:11:26: [playercommands.smx] "Godfather✞<3><STEAM_1:1:530561868><>" slapped "H<7><STEAM_1:1:181342971><>" (damage "0")
L 11/15/2022 - 15:11:26: [playercommands.smx] "Godfather✞<3><STEAM_1:1:530561868><>" slapped "原神<5><STEAM_1:0:736092334><>" (damage "0")
L 11/15/2022 - 15:11:27: [playercommands.smx] "Godfather✞<3><STEAM_1:1:530561868><>" slapped "原神<5><STEAM_1:0:736092334><>" (damage "0")
L 11/15/2022 - 15:11:27: [playercommands.smx] "Godfather✞<3><STEAM_1:1:530561868><>" slapped "原神<5><STEAM_1:0:736092334><>" (damage "0")
L 11/15/2022 - 15:11:27: [playercommands.smx] "Godfather✞<3><STEAM_1:1:530561868><>" slapped "原神<5><STEAM_1:0:736092334><>" (damage "0")
L 11/15/2022 - 15:11:27: [playercommands.smx] "Godfather✞<3><STEAM_1:1:530561868><>" slapped "原神<5><STEAM_1:0:736092334><>" (damage "0")
L 11/15/2022 - 15:11:27: [playercommands.smx] "Godfather✞<3><STEAM_1:1:530561868><>" slapped "原神<5><STEAM_1:0:736092334><>" (damage "0")
L 11/15/2022 - 15:11:27: [playercommands.smx] "Godfather✞<3><STEAM_1:1:530561868><>" slapped "原神<5><STEAM_1:0:736092334><>" (damage "0")
L 11/15/2022 - 15:11:28: [playercommands.smx] "Godfather✞<3><STEAM_1:1:530561868><>" slapped "H<7><STEAM_1:1:181342971><>" (damage "0")
L 11/15/2022 - 15:11:28: [playercommands.smx] "Godfather✞<3><STEAM_1:1:530561868><>" slapped "H<7><STEAM_1:1:181342971><>" (damage "0")
L 11/15/2022 - 15:11:28: [playercommands.smx] "Godfather✞<3><STEAM_1:1:530561868><>" slapped "H<7><STEAM_1:1:181342971><>" (damage "0")
L 11/15/2022 - 15:11:28: [playercommands.smx] "Godfather✞<3><STEAM_1:1:530561868><>" slapped "H<7><STEAM_1:1:181342971><>" (damage "0")
L 11/15/2022 - 15:11:28: [playercommands.smx] "Godfather✞<3><STEAM_1:1:530561868><>" slapped "H<7><STEAM_1:1:181342971><>" (damage "0")
L 11/15/2022 - 15:11:28: [playercommands.smx] "Godfather✞<3><STEAM_1:1:530561868><>" slapped "H<7><STEAM_1:1:181342971><>" (damage "0")
L 11/15/2022 - 15:11:29: [playercommands.smx] "Godfather✞<3><STEAM_1:1:530561868><>" slapped "H<7><STEAM_1:1:181342971><>" (damage "0")
L 11/15/2022 - 15:11:29: [playercommands.smx] "Godfather✞<3><STEAM_1:1:530561868><>" slapped "H<7><STEAM_1:1:181342971><>" (damage "0")
L 11/15/2022 - 15:11:29: [playercommands.smx] "Godfather✞<3><STEAM_1:1:530561868><>" slapped "H<7><STEAM_1:1:181342971><>" (damage "0")
L 11/15/2022 - 15:11:29: [playercommands.smx] "Godfather✞<3><STEAM_1:1:530561868><>" slapped "H<7><STEAM_1:1:181342971><>" (damage "0")
L 11/15/2022 - 15:11:29: [playercommands.smx] "Godfather✞<3><STEAM_1:1:530561868><>" slapped "H<7><STEAM_1:1:181342971><>" (damage "0")
L 11/15/2022 - 15:11:30: [playercommands.smx] "Godfather✞<3><STEAM_1:1:530561868><>" slapped "H<7><STEAM_1:1:181342971><>" (damage "0")
L 11/15/2022 - 15:11:30: [playercommands.smx] "Godfather✞<3><STEAM_1:1:530561868><>" slapped "H<7><STEAM_1:1:181342971><>" (damage "0")
L 11/15/2022 - 15:11:30: [playercommands.smx] "Godfather✞<3><STEAM_1:1:530561868><>" slapped "H<7><STEAM_1:1:181342971><>" (damage "0")
L 11/15/2022 - 15:11:30: [playercommands.smx] "Godfather✞<3><STEAM_1:1:530561868><>" slapped "原神<5><STEAM_1:0:736092334><>" (damage "0")
L 11/15/2022 - 15:11:30: [playercommands.smx] "Godfather✞<3><STEAM_1:1:530561868><>" slapped "原神<5><STEAM_1:0:736092334><>" (damage "0")
L 11/15/2022 - 15:11:30: [playercommands.smx] "Godfather✞<3><STEAM_1:1:530561868><>" slapped "原神<5><STEAM_1:0:736092334><>" (damage "0")
L 11/15/2022 - 15:11:31: [playercommands.smx] "Godfather✞<3><STEAM_1:1:530561868><>" slapped "原神<5><STEAM_1:0:736092334><>" (damage "0")
L 11/15/2022 - 15:11:31: [playercommands.smx] "Godfather✞<3><STEAM_1:1:530561868><>" slapped "原神<5><STEAM_1:0:736092334><>" (damage "0")
L 11/15/2022 - 15:11:31: [playercommands.smx] "Godfather✞<3><STEAM_1:1:530561868><>" slapped "H<7><STEAM_1:1:181342971><>" (damage "0")
L 11/15/2022 - 15:11:31: [playercommands.smx] "Godfather✞<3><STEAM_1:1:530561868><>" slapped "H<7><STEAM_1:1:181342971><>" (damage "0")
L 11/15/2022 - 15:11:31: [playercommands.smx] "Godfather✞<3><STEAM_1:1:530561868><>" slapped "H<7><STEAM_1:1:181342971><>" (damage "0")
L 11/15/2022 - 15:11:31: [playercommands.smx] "Godfather✞<3><STEAM_1:1:530561868><>" slapped "H<7><STEAM_1:1:181342971><>" (damage "0")
L 11/15/2022 - 15:11:32: [playercommands.smx] "Godfather✞<3><STEAM_1:1:530561868><>" slapped "H<7><STEAM_1:1:181342971><>" (damage "0")
L 11/15/2022 - 15:11:32: [playercommands.smx] "Godfather✞<3><STEAM_1:1:530561868><>" slapped "H<7><STEAM_1:1:181342971><>" (damage "0")
L 11/15/2022 - 15:11:32: [playercommands.smx] "Godfather✞<3><STEAM_1:1:530561868><>" slapped "H<7><STEAM_1:1:181342971><>" (damage "0")
L 11/15/2022 - 15:11:32: [playercommands.smx] "Godfather✞<3><STEAM_1:1:530561868><>" slapped "H<7><STEAM_1:1:181342971><>" (damage "0")
L 11/15/2022 - 15:11:32: [playercommands.smx] "Godfather✞<3><STEAM_1:1:530561868><>" slapped "H<7><STEAM_1:1:181342971><>" (damage "0")
L 11/15/2022 - 15:11:33: [playercommands.smx] "Godfather✞<3><STEAM_1:1:530561868><>" slapped "H<7><STEAM_1:1:181342971><>" (damage "0")
L 11/15/2022 - 15:11:33: [playercommands.smx] "Godfather✞<3><STEAM_1:1:530561868><>" slapped "H<7><STEAM_1:1:181342971><>" (damage "0")
L 11/15/2022 - 15:11:33: [playercommands.smx] "Godfather✞<3><STEAM_1:1:530561868><>" slapped "H<7><STEAM_1:1:181342971><>" (damage "0")
L 11/15/2022 - 15:11:33: [playercommands.smx] "Godfather✞<3><STEAM_1:1:530561868><>" slapped "H<7><STEAM_1:1:181342971><>" (damage "0")
L 11/15/2022 - 15:11:33: [playercommands.smx] "Godfather✞<3><STEAM_1:1:530561868><>" slapped "H<7><STEAM_1:1:181342971><>" (damage "0")
L 11/15/2022 - 15:11:34: [playercommands.smx] "Godfather✞<3><STEAM_1:1:530561868><>" slapped "H<7><STEAM_1:1:181342971><>" (damage "0")
L 11/15/2022 - 15:11:34: [playercommands.smx] "Godfather✞<3><STEAM_1:1:530561868><>" slapped "H<7><STEAM_1:1:181342971><>" (damage "0")
L 11/15/2022 - 15:11:34: [playercommands.smx] "Godfather✞<3><STEAM_1:1:530561868><>" slapped "H<7><STEAM_1:1:181342971><>" (damage "0")
L 11/15/2022 - 15:11:34: [playercommands.smx] "Godfather✞<3><STEAM_1:1:530561868><>" slapped "H<7><STEAM_1:1:181342971><>" (damage "0")
L 11/15/2022 - 15:11:34: [playercommands.smx] "Godfather✞<3><STEAM_1:1:530561868><>" slapped "H<7><STEAM_1:1:181342971><>" (damage "0")
L 11/15/2022 - 15:11:34: [playercommands.smx] "Godfather✞<3><STEAM_1:1:530561868><>" slapped "H<7><STEAM_1:1:181342971><>" (damage "0")
L 11/15/2022 - 15:11:35: [playercommands.smx] "Godfather✞<3><STEAM_1:1:530561868><>" slapped "H<7><STEAM_1:1:181342971><>" (damage "0")
L 11/15/2022 - 15:11:35: [playercommands.smx] "Godfather✞<3><STEAM_1:1:530561868><>" slapped "原神<5><STEAM_1:0:736092334><>" (damage "0")
L 11/15/2022 - 15:11:35: [playercommands.smx] "Godfather✞<3><STEAM_1:1:530561868><>" slapped "原神<5><STEAM_1:0:736092334><>" (damage "0")
L 11/15/2022 - 15:11:35: [playercommands.smx] "Godfather✞<3><STEAM_1:1:530561868><>" slapped "原神<5><STEAM_1:0:736092334><>" (damage "0")
L 11/15/2022 - 15:11:35: [playercommands.smx] "Godfather✞<3><STEAM_1:1:530561868><>" slapped "原神<5><STEAM_1:0:736092334><>" (damage "0")
L 11/15/2022 - 15:11:35: [playercommands.smx] "Godfather✞<3><STEAM_1:1:530561868><>" slapped "原神<5><STEAM_1:0:736092334><>" (damage "0")
L 11/15/2022 - 15:11:36: [playercommands.smx] "Godfather✞<3><STEAM_1:1:530561868><>" slapped "原神<5><STEAM_1:0:736092334><>" (damage "0")
L 11/15/2022 - 15:11:36: [playercommands.smx] "Godfather✞<3><STEAM_1:1:530561868><>" slapped "原神<5><STEAM_1:0:736092334><>" (damage "0")
L 11/15/2022 - 15:11:36: [playercommands.smx] "Godfather✞<3><STEAM_1:1:530561868><>" slapped "原神<5><STEAM_1:0:736092334><>" (damage "0")
L 11/15/2022 - 15:11:36: [playercommands.smx] "Godfather✞<3><STEAM_1:1:530561868><>" slapped "原神<5><STEAM_1:0:736092334><>" (damage "0")
L 11/15/2022 - 15:11:36: [playercommands.smx] "Godfather✞<3><STEAM_1:1:530561868><>" slapped "原神<5><STEAM_1:0:736092334><>" (damage "0")
L 11/15/2022 - 15:11:37: [playercommands.smx] "Godfather✞<3><STEAM_1:1:530561868><>" slapped "原神<5><STEAM_1:0:736092334><>" (damage "0")
L 11/15/2022 - 15:11:37: [playercommands.smx] "Godfather✞<3><STEAM_1:1:530561868><>" slapped "原神<5><STEAM_1:0:736092334><>" (damage "0")
L 11/15/2022 - 15:11:37: [playercommands.smx] "Godfather✞<3><STEAM_1:1:530561868><>" slapped "原神<5><STEAM_1:0:736092334><>" (damage "0")
L 11/15/2022 - 15:11:37: [playercommands.smx] "Godfather✞<3><STEAM_1:1:530561868><>" slapped "原神<5><STEAM_1:0:736092334><>" (damage "0")
L 11/15/2022 - 15:11:37: [playercommands.smx] "Godfather✞<3><STEAM_1:1:530561868><>" slapped "原神<5><STEAM_1:0:736092334><>" (damage "0")
L 11/15/2022 - 15:11:43: [funcommands.smx] "Godfather✞<3><STEAM_1:1:530561868><>" ignited "原神<5><STEAM_1:0:736092334><>" (seconds "20.000000")
L 11/15/2022 - 15:11:48: [funcommands.smx] "Godfather✞<3><STEAM_1:1:530561868><>" ignited "原神<5><STEAM_1:0:736092334><>" (seconds "20.000000")
L 11/15/2022 - 15:11:49: [funcommands.smx] "Godfather✞<3><STEAM_1:1:530561868><>" ignited "H<7><STEAM_1:1:181342971><>" (seconds "20.000000")
L 11/15/2022 - 15:11:54: [funcommands.smx] "Godfather✞<3><STEAM_1:1:530561868><>" ignited "原神<5><STEAM_1:0:736092334><>" (seconds "20.000000")
L 11/15/2022 - 15:11:54: [funcommands.smx] "Godfather✞<3><STEAM_1:1:530561868><>" ignited "H<7><STEAM_1:1:181342971><>" (seconds "20.000000")
L 11/15/2022 - 15:11:57: [funcommands.smx] "Godfather✞<3><STEAM_1:1:530561868><>" ignited "Godfather✞<3><STEAM_1:1:530561868><>" (seconds "20.000000")
L 11/15/2022 - 15:12:10: [funcommands.smx] "Godfather✞<3><STEAM_1:1:530561868><>" ignited "Godfather✞<3><STEAM_1:1:530561868><>" (seconds "20.000000")
L 11/15/2022 - 15:12:16: [funcommands.smx] "7iour<4><STEAM_1:0:37571034><>" toggled noclip on "7iour<4><STEAM_1:0:37571034><>"
L 11/15/2022 - 15:12:24: [funcommands.smx] "7iour<4><STEAM_1:0:37571034><>" set a TimeBomb on "7iour<4><STEAM_1:0:37571034><>"
L 11/15/2022 - 15:12:27: [funcommands.smx] "7iour<4><STEAM_1:0:37571034><>" set a FireBomb on "7iour<4><STEAM_1:0:37571034><>"
L 11/15/2022 - 15:12:40: [funcommands.smx] "Godfather✞<3><STEAM_1:1:530561868><>" toggled noclip on "7iour<4><STEAM_1:0:37571034><>"
L 11/15/2022 - 15:12:40: [funcommands.smx] "Godfather✞<3><STEAM_1:1:530561868><>" toggled noclip on "原神<5><STEAM_1:0:736092334><>"
L 11/15/2022 - 15:12:41: [funcommands.smx] "Godfather✞<3><STEAM_1:1:530561868><>" toggled noclip on "清风看看大骚逼<6><STEAM_1:0:626148676><>"
L 11/15/2022 - 15:12:41: [funcommands.smx] "Godfather✞<3><STEAM_1:1:530561868><>" toggled noclip on "H<7><STEAM_1:1:181342971><>"
L 11/15/2022 - 15:12:48: [funcommands.smx] "Godfather✞<3><STEAM_1:1:530561868><>" toggled noclip on "Godfather✞<3><STEAM_1:1:530561868><>"
L 11/15/2022 - 15:12:52: [funcommands.smx] "Godfather✞<3><STEAM_1:1:530561868><>" toggled noclip on "Godfather✞<3><STEAM_1:1:530561868><>"
L 11/15/2022 - 15:12:53: [funcommands.smx] "Godfather✞<3><STEAM_1:1:530561868><>" toggled noclip on "Godfather✞<3><STEAM_1:1:530561868><>"
L 11/15/2022 - 15:12:59: [funcommands.smx] "Godfather✞<3><STEAM_1:1:530561868><>" toggled noclip on "原神<5><STEAM_1:0:736092334><>"
L 11/15/2022 - 15:13:03: [funcommands.smx] "Godfather✞<3><STEAM_1:1:530561868><>" toggled noclip on "Godfather✞<3><STEAM_1:1:530561868><>"
L 11/15/2022 - 15:13:04: [funcommands.smx] "Godfather✞<3><STEAM_1:1:530561868><>" toggled noclip on "Godfather✞<3><STEAM_1:1:530561868><>"
L 11/15/2022 - 15:13:06: [funcommands.smx] "Godfather✞<3><STEAM_1:1:530561868><>" toggled noclip on "Godfather✞<3><STEAM_1:1:530561868><>"
L 11/15/2022 - 15:13:09: [funcommands.smx] "Godfather✞<3><STEAM_1:1:530561868><>" toggled noclip on "H<7><STEAM_1:1:181342971><>"
L 11/15/2022 - 15:13:15: [funcommands.smx] "7iour<4><STEAM_1:0:37571034><>" toggled noclip on "清风看看大骚逼<6><STEAM_1:0:626148676><>"
L 11/15/2022 - 15:13:21: [funcommands.smx] "7iour<4><STEAM_1:0:37571034><>" toggled noclip on "7iour<4><STEAM_1:0:37571034><>"
L 11/15/2022 - 15:13:21: [funcommands.smx] "Godfather✞<3><STEAM_1:1:530561868><>" toggled noclip on "H<7><STEAM_1:1:181342971><>"
L 11/15/2022 - 15:13:27: [funcommands.smx] "Godfather✞<3><STEAM_1:1:530561868><>" toggled noclip on "7iour<4><STEAM_1:0:37571034><>"
L 11/15/2022 - 15:13:27: [funcommands.smx] "Godfather✞<3><STEAM_1:1:530561868><>" toggled noclip on "清风看看大骚逼<6><STEAM_1:0:626148676><>"
L 11/15/2022 - 15:13:28: [funcommands.smx] "7iour<4><STEAM_1:0:37571034><>" toggled noclip on "7iour<4><STEAM_1:0:37571034><>"
L 11/15/2022 - 15:13:29: [funcommands.smx] "Godfather✞<3><STEAM_1:1:530561868><>" toggled noclip on "清风看看大骚逼<6><STEAM_1:0:626148676><>"
L 11/15/2022 - 15:13:29: [funcommands.smx] "7iour<4><STEAM_1:0:37571034><>" toggled noclip on "7iour<4><STEAM_1:0:37571034><>"
L 11/15/2022 - 15:13:31: [funcommands.smx] "Godfather✞<3><STEAM_1:1:530561868><>" toggled noclip on "7iour<4><STEAM_1:0:37571034><>"
L 11/15/2022 - 15:13:31: [funcommands.smx] "Godfather✞<3><STEAM_1:1:530561868><>" toggled noclip on "清风看看大骚逼<6><STEAM_1:0:626148676><>"
L 11/15/2022 - 15:13:32: [funcommands.smx] "7iour<4><STEAM_1:0:37571034><>" toggled noclip on "7iour<4><STEAM_1:0:37571034><>"
L 11/15/2022 - 15:13:36: [funcommands.smx] "Godfather✞<3><STEAM_1:1:530561868><>" toggled noclip on "H<7><STEAM_1:1:181342971><>"
L 11/15/2022 - 15:13:37: [funcommands.smx] "7iour<4><STEAM_1:0:37571034><>" toggled noclip on "清风看看大骚逼<6><STEAM_1:0:626148676><>"
L 11/15/2022 - 15:13:41: [funcommands.smx] "7iour<4><STEAM_1:0:37571034><>" toggled noclip on "H<7><STEAM_1:1:181342971><>"
L 11/15/2022 - 15:13:42: [funcommands.smx] "7iour<4><STEAM_1:0:37571034><>" toggled noclip on "H<7><STEAM_1:1:181342971><>"
L 11/15/2022 - 15:13:43: [funcommands.smx] "7iour<4><STEAM_1:0:37571034><>" toggled noclip on "H<7><STEAM_1:1:181342971><>"
L 11/15/2022 - 15:13:44: [funcommands.smx] "Godfather✞<3><STEAM_1:1:530561868><>" toggled noclip on "H<7><STEAM_1:1:181342971><>"
L 11/15/2022 - 15:13:51: [funcommands.smx] "Godfather✞<3><STEAM_1:1:530561868><>" toggled noclip on "原神<5><STEAM_1:0:736092334><>"
L 11/15/2022 - 15:13:53: [funcommands.smx] "7iour<4><STEAM_1:0:37571034><>" toggled noclip on "H<7><STEAM_1:1:181342971><>"
L 11/15/2022 - 15:13:54: [funcommands.smx] "Godfather✞<3><STEAM_1:1:530561868><>" toggled noclip on "H<7><STEAM_1:1:181342971><>"
L 11/15/2022 - 15:13:57: [funcommands.smx] "Godfather✞<3><STEAM_1:1:530561868><>" toggled noclip on "H<7><STEAM_1:1:181342971><>"
L 11/15/2022 - 15:13:58: [funcommands.smx] "7iour<4><STEAM_1:0:37571034><>" toggled noclip on "清风看看大骚逼<6><STEAM_1:0:626148676><>"
L 11/15/2022 - 15:14:03: [funcommands.smx] "7iour<4><STEAM_1:0:37571034><>" toggled noclip on "清风看看大骚逼<6><STEAM_1:0:626148676><>"
L 11/15/2022 - 15:14:03: [funcommands.smx] "Godfather✞<3><STEAM_1:1:530561868><>" toggled noclip on "清风看看大骚逼<6><STEAM_1:0:626148676><>"
L 11/15/2022 - 15:14:05: [funcommands.smx] "Godfather✞<3><STEAM_1:1:530561868><>" toggled noclip on "清风看看大骚逼<6><STEAM_1:0:626148676><>"
L 11/15/2022 - 15:14:07: [funcommands.smx] "Godfather✞<3><STEAM_1:1:530561868><>" toggled noclip on "Godfather✞<3><STEAM_1:1:530561868><>"
L 11/15/2022 - 15:14:09: [funcommands.smx] "Godfather✞<3><STEAM_1:1:530561868><>" toggled noclip on "H<7><STEAM_1:1:181342971><>"
L 11/15/2022 - 15:14:13: [funcommands.smx] "7iour<4><STEAM_1:0:37571034><>" toggled noclip on "H<7><STEAM_1:1:181342971><>"
L 11/15/2022 - 15:14:16: [funcommands.smx] "Godfather✞<3><STEAM_1:1:530561868><>" toggled noclip on "H<7><STEAM_1:1:181342971><>"
L 11/15/2022 - 15:14:19: [funcommands.smx] "Godfather✞<3><STEAM_1:1:530561868><>" toggled noclip on "H<7><STEAM_1:1:181342971><>"
L 11/15/2022 - 15:14:25: [funcommands.smx] "7iour<4><STEAM_1:0:37571034><>" toggled noclip on "7iour<4><STEAM_1:0:37571034><>"
L 11/15/2022 - 15:14:28: [funcommands.smx] "Godfather✞<3><STEAM_1:1:530561868><>" toggled noclip on "H<7><STEAM_1:1:181342971><>"
L 11/15/2022 - 15:14:31: [funcommands.smx] "Godfather✞<3><STEAM_1:1:530561868><>" toggled noclip on "H<7><STEAM_1:1:181342971><>"
L 11/15/2022 - 15:14:31: [funcommands.smx] "7iour<4><STEAM_1:0:37571034><>" toggled noclip on "原神<5><STEAM_1:0:736092334><>"
L 11/15/2022 - 15:14:32: [funcommands.smx] "Godfather✞<3><STEAM_1:1:530561868><>" toggled noclip on "原神<5><STEAM_1:0:736092334><>"
L 11/15/2022 - 15:14:35: [funcommands.smx] "Godfather✞<3><STEAM_1:1:530561868><>" toggled noclip on "H<7><STEAM_1:1:181342971><>"
L 11/15/2022 - 15:14:46: [funcommands.smx] "7iour<4><STEAM_1:0:37571034><>" toggled noclip on "原神<5><STEAM_1:0:736092334><>"
L 11/15/2022 - 15:14:48: [funcommands.smx] "Godfather✞<3><STEAM_1:1:530561868><>" toggled noclip on "原神<5><STEAM_1:0:736092334><>"
L 11/15/2022 - 15:14:49: [funcommands.smx] "Godfather✞<3><STEAM_1:1:530561868><>" toggled noclip on "原神<5><STEAM_1:0:736092334><>"
L 11/15/2022 - 15:14:49: [funcommands.smx] "7iour<4><STEAM_1:0:37571034><>" toggled noclip on "原神<5><STEAM_1:0:736092334><>"
L 11/15/2022 - 15:14:50: [funcommands.smx] "Godfather✞<3><STEAM_1:1:530561868><>" toggled noclip on "原神<5><STEAM_1:0:736092334><>"
L 11/15/2022 - 15:14:52: [funcommands.smx] "7iour<4><STEAM_1:0:37571034><>" toggled noclip on "原神<5><STEAM_1:0:736092334><>"
L 11/15/2022 - 15:14:53: [funcommands.smx] "Godfather✞<3><STEAM_1:1:530561868><>" toggled noclip on "原神<5><STEAM_1:0:736092334><>"
L 11/15/2022 - 15:14:54: [funcommands.smx] "Godfather✞<3><STEAM_1:1:530561868><>" toggled noclip on "原神<5><STEAM_1:0:736092334><>"
L 11/15/2022 - 15:14:58: [funcommands.smx] "Godfather✞<3><STEAM_1:1:530561868><>" toggled noclip on "原神<5><STEAM_1:0:736092334><>"
L 11/15/2022 - 15:16:27: [funcommands.smx] "7iour<4><STEAM_1:0:37571034><>" toggled noclip on "H<7><STEAM_1:1:181342971><>"
L 11/15/2022 - 15:16:37: [funcommands.smx] "7iour<4><STEAM_1:0:37571034><>" toggled noclip on "H<7><STEAM_1:1:181342971><>"
L 11/15/2022 - 15:16:39: [funcommands.smx] "7iour<4><STEAM_1:0:37571034><>" toggled noclip on "H<7><STEAM_1:1:181342971><>"
L 11/15/2022 - 15:16:59: [funcommands.smx] "7iour<4><STEAM_1:0:37571034><>" toggled noclip on "H<7><STEAM_1:1:181342971><>"
L 11/15/2022 - 15:17:01: [funcommands.smx] "7iour<4><STEAM_1:0:37571034><>" toggled noclip on "H<7><STEAM_1:1:181342971><>"
L 11/15/2022 - 15:17:18: [funcommands.smx] "Godfather✞<3><STEAM_1:1:530561868><>" toggled noclip on "Godfather✞<3><STEAM_1:1:530561868><>"
L 11/15/2022 - 15:17:20: [funcommands.smx] "7iour<4><STEAM_1:0:37571034><>" toggled noclip on "H<7><STEAM_1:1:181342971><>"
L 11/15/2022 - 15:17:23: [funcommands.smx] "Godfather✞<3><STEAM_1:1:530561868><>" ignited "Godfather✞<3><STEAM_1:1:530561868><>" (seconds "20.000000")
L 11/15/2022 - 15:17:24: [funcommands.smx] "7iour<4><STEAM_1:0:37571034><>" toggled noclip on "H<7><STEAM_1:1:181342971><>"
L 11/15/2022 - 15:17:25: [funcommands.smx] "7iour<4><STEAM_1:0:37571034><>" toggled noclip on "原神<5><STEAM_1:0:736092334><>"
L 11/15/2022 - 15:17:30: [funcommands.smx] "7iour<4><STEAM_1:0:37571034><>" toggled noclip on "7iour<4><STEAM_1:0:37571034><>"
L 11/15/2022 - 15:17:39: [funcommands.smx] "7iour<4><STEAM_1:0:37571034><>" toggled noclip on "清风看看大骚逼<6><STEAM_1:0:626148676><>"
L 11/15/2022 - 15:17:46: [funcommands.smx] "Godfather✞<3><STEAM_1:1:530561868><>" toggled noclip on "原神<5><STEAM_1:0:736092334><>"
L 11/15/2022 - 15:17:46: [funcommands.smx] "Godfather✞<3><STEAM_1:1:530561868><>" toggled noclip on "H<7><STEAM_1:1:181342971><>"
L 11/15/2022 - 15:17:50: [funcommands.smx] "7iour<4><STEAM_1:0:37571034><>" toggled noclip on "清风看看大骚逼<6><STEAM_1:0:626148676><>"
L 11/15/2022 - 15:17:53: [funcommands.smx] "7iour<4><STEAM_1:0:37571034><>" toggled noclip on "清风看看大骚逼<6><STEAM_1:0:626148676><>"
L 11/15/2022 - 15:17:54: [funcommands.smx] "Godfather✞<3><STEAM_1:1:530561868><>" toggled noclip on "原神<5><STEAM_1:0:736092334><>"
L 11/15/2022 - 15:17:54: [funcommands.smx] "Godfather✞<3><STEAM_1:1:530561868><>" toggled noclip on "H<7><STEAM_1:1:181342971><>"
L 11/15/2022 - 15:17:55: [funcommands.smx] "7iour<4><STEAM_1:0:37571034><>" toggled noclip on "清风看看大骚逼<6><STEAM_1:0:626148676><>"
L 11/15/2022 - 15:17:57: [funcommands.smx] "7iour<4><STEAM_1:0:37571034><>" toggled noclip on "清风看看大骚逼<6><STEAM_1:0:626148676><>"
L 11/15/2022 - 15:17:58: [funcommands.smx] "Godfather✞<3><STEAM_1:1:530561868><>" toggled noclip on "Godfather✞<3><STEAM_1:1:530561868><>"
L 11/15/2022 - 15:18:01: [funcommands.smx] "7iour<4><STEAM_1:0:37571034><>" toggled noclip on "H<7><STEAM_1:1:181342971><>"
L 11/15/2022 - 15:18:01: [funcommands.smx] "7iour<4><STEAM_1:0:37571034><>" toggled noclip on "H<7><STEAM_1:1:181342971><>"
L 11/15/2022 - 15:18:03: [funcommands.smx] "7iour<4><STEAM_1:0:37571034><>" toggled noclip on "原神<5><STEAM_1:0:736092334><>"
L 11/15/2022 - 15:18:06: [funcommands.smx] "Godfather✞<3><STEAM_1:1:530561868><>" toggled noclip on "Godfather✞<3><STEAM_1:1:530561868><>"
L 11/15/2022 - 15:18:07: [funcommands.smx] "7iour<4><STEAM_1:0:37571034><>" toggled noclip on "H<7><STEAM_1:1:181342971><>"
L 11/15/2022 - 15:18:08: [funcommands.smx] "Godfather✞<3><STEAM_1:1:530561868><>" toggled noclip on "Godfather✞<3><STEAM_1:1:530561868><>"
L 11/15/2022 - 15:18:10: [funcommands.smx] "7iour<4><STEAM_1:0:37571034><>" toggled noclip on "原神<5><STEAM_1:0:736092334><>"
L 11/15/2022 - 15:18:11: [funcommands.smx] "7iour<4><STEAM_1:0:37571034><>" toggled noclip on "原神<5><STEAM_1:0:736092334><>"
L 11/15/2022 - 15:18:12: [funcommands.smx] "7iour<4><STEAM_1:0:37571034><>" toggled noclip on "原神<5><STEAM_1:0:736092334><>"
L 11/15/2022 - 15:18:13: [funcommands.smx] "7iour<4><STEAM_1:0:37571034><>" toggled noclip on "清风看看大骚逼<6><STEAM_1:0:626148676><>"
L 11/15/2022 - 15:18:15: [funcommands.smx] "7iour<4><STEAM_1:0:37571034><>" toggled noclip on "原神<5><STEAM_1:0:736092334><>"
L 11/15/2022 - 15:18:18: [funcommands.smx] "Godfather✞<3><STEAM_1:1:530561868><>" toggled noclip on "清风看看大骚逼<6><STEAM_1:0:626148676><>"
L 11/15/2022 - 15:18:18: [funcommands.smx] "Godfather✞<3><STEAM_1:1:530561868><>" toggled noclip on "清风看看大骚逼<6><STEAM_1:0:626148676><>"
L 11/15/2022 - 15:18:19: [funcommands.smx] "7iour<4><STEAM_1:0:37571034><>" toggled noclip on "7iour<4><STEAM_1:0:37571034><>"
L 11/15/2022 - 15:18:20: [funcommands.smx] "Godfather✞<3><STEAM_1:1:530561868><>" toggled noclip on "清风看看大骚逼<6><STEAM_1:0:626148676><>"
L 11/15/2022 - 15:18:20: [funcommands.smx] "7iour<4><STEAM_1:0:37571034><>" toggled noclip on "7iour<4><STEAM_1:0:37571034><>"
L 11/15/2022 - 15:18:21: [funcommands.smx] "7iour<4><STEAM_1:0:37571034><>" toggled noclip on "Godfather✞<3><STEAM_1:1:530561868><>"
L 11/15/2022 - 15:18:22: [funcommands.smx] "Godfather✞<3><STEAM_1:1:530561868><>" toggled noclip on "清风看看大骚逼<6><STEAM_1:0:626148676><>"
L 11/15/2022 - 15:18:25: [funcommands.smx] "7iour<4><STEAM_1:0:37571034><>" toggled noclip on "7iour<4><STEAM_1:0:37571034><>"
L 11/15/2022 - 15:18:26: [funcommands.smx] "Godfather✞<3><STEAM_1:1:530561868><>" toggled noclip on "Godfather✞<3><STEAM_1:1:530561868><>"
L 11/15/2022 - 15:18:27: [funcommands.smx] "7iour<4><STEAM_1:0:37571034><>" toggled noclip on "7iour<4><STEAM_1:0:37571034><>"
L 11/15/2022 - 15:18:28: [funcommands.smx] "Godfather✞<3><STEAM_1:1:530561868><>" toggled noclip on "Godfather✞<3><STEAM_1:1:530561868><>"
L 11/15/2022 - 15:18:29: [funcommands.smx] "Godfather✞<3><STEAM_1:1:530561868><>" toggled noclip on "Godfather✞<3><STEAM_1:1:530561868><>"
L 11/15/2022 - 15:18:29: [funcommands.smx] "7iour<4><STEAM_1:0:37571034><>" toggled noclip on "7iour<4><STEAM_1:0:37571034><>"
L 11/15/2022 - 15:18:35: [funcommands.smx] "Godfather✞<3><STEAM_1:1:530561868><>" toggled noclip on "7iour<4><STEAM_1:0:37571034><>"
L 11/15/2022 - 15:18:36: [funcommands.smx] "Godfather✞<3><STEAM_1:1:530561868><>" toggled noclip on "7iour<4><STEAM_1:0:37571034><>"
L 11/15/2022 - 15:18:36: [funcommands.smx] "Godfather✞<3><STEAM_1:1:530561868><>" toggled noclip on "原神<5><STEAM_1:0:736092334><>"
L 11/15/2022 - 15:18:38: [funcommands.smx] "Godfather✞<3><STEAM_1:1:530561868><>" toggled noclip on "7iour<4><STEAM_1:0:37571034><>"
L 11/15/2022 - 15:18:42: [funcommands.smx] "Godfather✞<3><STEAM_1:1:530561868><>" toggled noclip on "Godfather✞<3><STEAM_1:1:530561868><>"
L 11/15/2022 - 15:18:42: [funcommands.smx] "Godfather✞<3><STEAM_1:1:530561868><>" toggled noclip on "Godfather✞<3><STEAM_1:1:530561868><>"
L 11/15/2022 - 15:18:43: [funcommands.smx] "Godfather✞<3><STEAM_1:1:530561868><>" toggled noclip on "H<7><STEAM_1:1:181342971><>"
L 11/15/2022 - 15:18:47: [funcommands.smx] "Godfather✞<3><STEAM_1:1:530561868><>" toggled noclip on "H<7><STEAM_1:1:181342971><>"
L 11/15/2022 - 15:18:49: [funcommands.smx] "Godfather✞<3><STEAM_1:1:530561868><>" toggled noclip on "7iour<4><STEAM_1:0:37571034><>"
L 11/15/2022 - 15:18:49: [funcommands.smx] "Godfather✞<3><STEAM_1:1:530561868><>" toggled noclip on "原神<5><STEAM_1:0:736092334><>"
L 11/15/2022 - 15:18:50: [funcommands.smx] "Godfather✞<3><STEAM_1:1:530561868><>" toggled noclip on "7iour<4><STEAM_1:0:37571034><>"
L 11/15/2022 - 15:18:51: [funcommands.smx] "Godfather✞<3><STEAM_1:1:530561868><>" toggled noclip on "7iour<4><STEAM_1:0:37571034><>"
L 11/15/2022 - 15:18:52: [funcommands.smx] "Godfather✞<3><STEAM_1:1:530561868><>" toggled noclip on "7iour<4><STEAM_1:0:37571034><>"
L 11/15/2022 - 15:19:02: [funcommands.smx] "7iour<4><STEAM_1:0:37571034><>" toggled noclip on "7iour<4><STEAM_1:0:37571034><>"
L 11/15/2022 - 15:19:04: [funcommands.smx] "7iour<4><STEAM_1:0:37571034><>" toggled noclip on "H<7><STEAM_1:1:181342971><>"
L 11/15/2022 - 15:19:05: [funcommands.smx] "7iour<4><STEAM_1:0:37571034><>" toggled noclip on "7iour<4><STEAM_1:0:37571034><>"
L 11/15/2022 - 15:19:06: [funcommands.smx] "7iour<4><STEAM_1:0:37571034><>" toggled noclip on "7iour<4><STEAM_1:0:37571034><>"
L 11/15/2022 - 15:19:12: [funcommands.smx] "7iour<4><STEAM_1:0:37571034><>" toggled noclip on "H<7><STEAM_1:1:181342971><>"
L 11/15/2022 - 15:19:13: [funcommands.smx] "7iour<4><STEAM_1:0:37571034><>" toggled noclip on "H<7><STEAM_1:1:181342971><>"
L 11/15/2022 - 15:19:14: [funcommands.smx] "7iour<4><STEAM_1:0:37571034><>" toggled noclip on "原神<5><STEAM_1:0:736092334><>"
L 11/15/2022 - 15:19:36: [basecommands.smx] "7iour<4><STEAM_1:0:37571034><>" changed map to "de_vertigo"
L 11/15/2022 - 15:19:39: [SM] Changed map to "de_vertigo"
L 11/15/2022 - 15:19:40: -------- Mapchange to de_vertigo --------
L 11/15/2022 - 15:19:40: [basecommands.smx] "Console<0><Console><Console>" changed cvar (cvar "mapcyclefile") (value "map_custom.txt")
L 11/15/2022 - 15:19:42: [warmod.smx] Current Map: de_vertigo, Warmod Version: 22.10.29.1916
L 11/15/2022 - 15:19:42: [chat-processor.smx] Message formats generated for game 'csgo'.
L 11/15/2022 - 15:19:42: [chat-processor.smx] Successfully hooked a SayText2 chat hook.
L 11/15/2022 - 15:20:02: [funcommands.smx] "Godfather✞<3><STEAM_1:1:530561868><>" toggled noclip on "Godfather✞<3><STEAM_1:1:530561868><>"
L 11/15/2022 - 15:20:07: [funcommands.smx] "Godfather✞<3><STEAM_1:1:530561868><>" toggled noclip on "Godfather✞<3><STEAM_1:1:530561868><>"
L 11/15/2022 - 15:20:09: [funcommands.smx] "7iour<4><STEAM_1:0:37571034><>" toggled noclip on "清风看看大骚逼<6><STEAM_1:0:626148676><>"
L 11/15/2022 - 15:20:09: [funcommands.smx] "7iour<4><STEAM_1:0:37571034><>" toggled noclip on "7iour<4><STEAM_1:0:37571034><>"
L 11/15/2022 - 15:20:10: [funcommands.smx] "7iour<4><STEAM_1:0:37571034><>" toggled noclip on "原神<5><STEAM_1:0:736092334><>"
L 11/15/2022 - 15:20:11: [funcommands.smx] "7iour<4><STEAM_1:0:37571034><>" toggled noclip on "H<7><STEAM_1:1:181342971><>"
L 11/15/2022 - 15:20:14: [funcommands.smx] "Godfather✞<3><STEAM_1:1:530561868><>" toggled noclip on "Godfather✞<3><STEAM_1:1:530561868><>"
L 11/15/2022 - 15:20:22: [funcommands.smx] "Godfather✞<3><STEAM_1:1:530561868><>" toggled noclip on "Godfather✞<3><STEAM_1:1:530561868><>"
L 11/15/2022 - 15:20:26: [funcommands.smx] "Godfather✞<3><STEAM_1:1:530561868><>" toggled noclip on "清风看看大骚逼<6><STEAM_1:0:626148676><>"
L 11/15/2022 - 15:20:28: [funcommands.smx] "Godfather✞<3><STEAM_1:1:530561868><>" toggled noclip on "Godfather✞<3><STEAM_1:1:530561868><>"
L 11/15/2022 - 15:20:34: [funcommands.smx] "7iour<4><STEAM_1:0:37571034><>" toggled noclip on "清风看看大骚逼<6><STEAM_1:0:626148676><>"
L 11/15/2022 - 15:20:34: [funcommands.smx] "Godfather✞<3><STEAM_1:1:530561868><>" toggled noclip on "H<7><STEAM_1:1:181342971><>"
L 11/15/2022 - 15:20:35: [funcommands.smx] "7iour<4><STEAM_1:0:37571034><>" toggled noclip on "H<7><STEAM_1:1:181342971><>"
L 11/15/2022 - 15:20:36: [funcommands.smx] "Godfather✞<3><STEAM_1:1:530561868><>" toggled noclip on "Godfather✞<3><STEAM_1:1:530561868><>"
L 11/15/2022 - 15:20:38: [funcommands.smx] "7iour<4><STEAM_1:0:37571034><>" toggled noclip on "H<7><STEAM_1:1:181342971><>"
L 11/15/2022 - 15:20:38: [funcommands.smx] "Godfather✞<3><STEAM_1:1:530561868><>" toggled noclip on "Godfather✞<3><STEAM_1:1:530561868><>"
L 11/15/2022 - 15:20:41: [funcommands.smx] "7iour<4><STEAM_1:0:37571034><>" toggled noclip on "原神<5><STEAM_1:0:736092334><>"
L 11/15/2022 - 15:20:44: [funcommands.smx] "Godfather✞<3><STEAM_1:1:530561868><>" toggled noclip on "Godfather✞<3><STEAM_1:1:530561868><>"
L 11/15/2022 - 15:20:45: [funcommands.smx] "Godfather✞<3><STEAM_1:1:530561868><>" toggled noclip on "Godfather✞<3><STEAM_1:1:530561868><>"
L 11/15/2022 - 15:20:47: [funcommands.smx] "7iour<4><STEAM_1:0:37571034><>" toggled noclip on "7iour<4><STEAM_1:0:37571034><>"
L 11/15/2022 - 15:20:48: [funcommands.smx] "Godfather✞<3><STEAM_1:1:530561868><>" toggled noclip on "Godfather✞<3><STEAM_1:1:530561868><>"
L 11/15/2022 - 15:20:51: [funcommands.smx] "Godfather✞<3><STEAM_1:1:530561868><>" toggled noclip on "Godfather✞<3><STEAM_1:1:530561868><>"
L 11/15/2022 - 15:20:56: [funcommands.smx] "Godfather✞<3><STEAM_1:1:530561868><>" toggled noclip on "Godfather✞<3><STEAM_1:1:530561868><>"
L 11/15/2022 - 15:20:56: [funcommands.smx] "Godfather✞<3><STEAM_1:1:530561868><>" toggled noclip on "Godfather✞<3><STEAM_1:1:530561868><>"
L 11/15/2022 - 15:20:57: [funcommands.smx] "Godfather✞<3><STEAM_1:1:530561868><>" toggled noclip on "Godfather✞<3><STEAM_1:1:530561868><>"
L 11/15/2022 - 15:21:02: [funcommands.smx] "Godfather✞<3><STEAM_1:1:530561868><>" toggled noclip on "原神<5><STEAM_1:0:736092334><>"
L 11/15/2022 - 15:21:03: [funcommands.smx] "Godfather✞<3><STEAM_1:1:530561868><>" toggled noclip on "原神<5><STEAM_1:0:736092334><>"
L 11/15/2022 - 15:21:03: [funcommands.smx] "Godfather✞<3><STEAM_1:1:530561868><>" toggled noclip on "Godfather✞<3><STEAM_1:1:530561868><>"
L 11/15/2022 - 15:21:09: [funcommands.smx] "Godfather✞<3><STEAM_1:1:530561868><>" toggled noclip on "H<7><STEAM_1:1:181342971><>"
L 11/15/2022 - 15:21:29: [basecommands.smx] "7iour<4><STEAM_1:0:37571034><>" changed map to "de_train"
L 11/15/2022 - 15:21:32: [SM] Changed map to "de_train"
L 11/15/2022 - 15:21:33: -------- Mapchange to de_train --------
L 11/15/2022 - 15:21:33: [basecommands.smx] "Console<0><Console><Console>" changed cvar (cvar "mapcyclefile") (value "map_custom.txt")
L 11/15/2022 - 15:21:35: [warmod.smx] Current Map: de_train, Warmod Version: 22.10.29.1916
L 11/15/2022 - 15:21:35: [chat-processor.smx] Message formats generated for game 'csgo'.
L 11/15/2022 - 15:21:35: [chat-processor.smx] Successfully hooked a SayText2 chat hook.
L 11/15/2022 - 15:22:00: [funcommands.smx] "Godfather✞<3><STEAM_1:1:530561868><>" toggled noclip on "Godfather✞<3><STEAM_1:1:530561868><>"
L 11/15/2022 - 15:22:00: [funcommands.smx] "Godfather✞<3><STEAM_1:1:530561868><>" toggled noclip on "清风看看大骚逼<6><STEAM_1:0:626148676><>"
L 11/15/2022 - 15:22:01: [funcommands.smx] "Godfather✞<3><STEAM_1:1:530561868><>" toggled noclip on "7iour<4><STEAM_1:0:37571034><>"
L 11/15/2022 - 15:22:05: [funcommands.smx] "Godfather✞<3><STEAM_1:1:530561868><>" toggled noclip on "清风看看大骚逼<6><STEAM_1:0:626148676><>"
L 11/15/2022 - 15:22:09: [funcommands.smx] "Godfather✞<3><STEAM_1:1:530561868><>" toggled noclip on "清风看看大骚逼<6><STEAM_1:0:626148676><>"
L 11/15/2022 - 15:22:10: [funcommands.smx] "7iour<4><STEAM_1:0:37571034><>" toggled noclip on "清风看看大骚逼<6><STEAM_1:0:626148676><>"
L 11/15/2022 - 15:22:11: [funcommands.smx] "7iour<4><STEAM_1:0:37571034><>" toggled noclip on "7iour<4><STEAM_1:0:37571034><>"
L 11/15/2022 - 15:22:11: [funcommands.smx] "Godfather✞<3><STEAM_1:1:530561868><>" toggled noclip on "清风看看大骚逼<6><STEAM_1:0:626148676><>"
L 11/15/2022 - 15:22:12: [funcommands.smx] "7iour<4><STEAM_1:0:37571034><>" toggled noclip on "7iour<4><STEAM_1:0:37571034><>"
L 11/15/2022 - 15:22:12: [funcommands.smx] "7iour<4><STEAM_1:0:37571034><>" toggled noclip on "原神<5><STEAM_1:0:736092334><>"
L 11/15/2022 - 15:22:12: [funcommands.smx] "7iour<4><STEAM_1:0:37571034><>" toggled noclip on "H<7><STEAM_1:1:181342971><>"
L 11/15/2022 - 15:22:13: [funcommands.smx] "Godfather✞<3><STEAM_1:1:530561868><>" toggled noclip on "原神<5><STEAM_1:0:736092334><>"
L 11/15/2022 - 15:22:15: [funcommands.smx] "7iour<4><STEAM_1:0:37571034><>" toggled noclip on "清风看看大骚逼<6><STEAM_1:0:626148676><>"
L 11/15/2022 - 15:22:15: [funcommands.smx] "Godfather✞<3><STEAM_1:1:530561868><>" toggled noclip on "原神<5><STEAM_1:0:736092334><>"
L 11/15/2022 - 15:22:16: [funcommands.smx] "7iour<4><STEAM_1:0:37571034><>" toggled noclip on "清风看看大骚逼<6><STEAM_1:0:626148676><>"
L 11/15/2022 - 15:22:16: [funcommands.smx] "7iour<4><STEAM_1:0:37571034><>" toggled noclip on "清风看看大骚逼<6><STEAM_1:0:626148676><>"
L 11/15/2022 - 15:22:16: [funcommands.smx] "7iour<4><STEAM_1:0:37571034><>" toggled noclip on "清风看看大骚逼<6><STEAM_1:0:626148676><>"
L 11/15/2022 - 15:22:17: [funcommands.smx] "7iour<4><STEAM_1:0:37571034><>" toggled noclip on "清风看看大骚逼<6><STEAM_1:0:626148676><>"
L 11/15/2022 - 15:22:18: [funcommands.smx] "7iour<4><STEAM_1:0:37571034><>" toggled noclip on "清风看看大骚逼<6><STEAM_1:0:626148676><>"
L 11/15/2022 - 15:22:20: [funcommands.smx] "Godfather✞<3><STEAM_1:1:530561868><>" toggled noclip on "清风看看大骚逼<6><STEAM_1:0:626148676><>"
L 11/15/2022 - 15:22:24: [funcommands.smx] "7iour<4><STEAM_1:0:37571034><>" toggled noclip on "清风看看大骚逼<6><STEAM_1:0:626148676><>"
L 11/15/2022 - 15:22:28: [funcommands.smx] "7iour<4><STEAM_1:0:37571034><>" toggled noclip on "清风看看大骚逼<6><STEAM_1:0:626148676><>"
L 11/15/2022 - 15:22:42: [funcommands.smx] "7iour<4><STEAM_1:0:37571034><>" toggled noclip on "7iour<4><STEAM_1:0:37571034><>"
L 11/15/2022 - 15:22:45: [funcommands.smx] "Godfather✞<3><STEAM_1:1:530561868><>" toggled noclip on "Godfather✞<3><STEAM_1:1:530561868><>"
L 11/15/2022 - 15:22:46: [funcommands.smx] "Godfather✞<3><STEAM_1:1:530561868><>" toggled noclip on "7iour<4><STEAM_1:0:37571034><>"
L 11/15/2022 - 15:22:47: [funcommands.smx] "Godfather✞<3><STEAM_1:1:530561868><>" toggled noclip on "7iour<4><STEAM_1:0:37571034><>"
L 11/15/2022 - 15:22:50: [funcommands.smx] "Godfather✞<3><STEAM_1:1:530561868><>" toggled noclip on "H<7><STEAM_1:1:181342971><>"
L 11/15/2022 - 15:22:50: [funcommands.smx] "7iour<4><STEAM_1:0:37571034><>" toggled noclip on "清风看看大骚逼<6><STEAM_1:0:626148676><>"
L 11/15/2022 - 15:22:53: [funcommands.smx] "Godfather✞<3><STEAM_1:1:530561868><>" toggled noclip on "Godfather✞<3><STEAM_1:1:530561868><>"
L 11/15/2022 - 15:22:55: [funcommands.smx] "7iour<4><STEAM_1:0:37571034><>" toggled noclip on "Godfather✞<3><STEAM_1:1:530561868><>"
L 11/15/2022 - 15:22:55: [funcommands.smx] "7iour<4><STEAM_1:0:37571034><>" toggled noclip on "7iour<4><STEAM_1:0:37571034><>"
L 11/15/2022 - 15:22:55: [funcommands.smx] "7iour<4><STEAM_1:0:37571034><>" toggled noclip on "原神<5><STEAM_1:0:736092334><>"
L 11/15/2022 - 15:22:56: [funcommands.smx] "7iour<4><STEAM_1:0:37571034><>" toggled noclip on "清风看看大骚逼<6><STEAM_1:0:626148676><>"
L 11/15/2022 - 15:22:57: [funcommands.smx] "Godfather✞<3><STEAM_1:1:530561868><>" toggled noclip on "Godfather✞<3><STEAM_1:1:530561868><>"
L 11/15/2022 - 15:22:57: [funcommands.smx] "7iour<4><STEAM_1:0:37571034><>" toggled noclip on "清风看看大骚逼<6><STEAM_1:0:626148676><>"
L 11/15/2022 - 15:22:58: [funcommands.smx] "7iour<4><STEAM_1:0:37571034><>" toggled noclip on "清风看看大骚逼<6><STEAM_1:0:626148676><>"
L 11/15/2022 - 15:22:59: [funcommands.smx] "Godfather✞<3><STEAM_1:1:530561868><>" toggled noclip on "Godfather✞<3><STEAM_1:1:530561868><>"
L 11/15/2022 - 15:23:01: [funcommands.smx] "7iour<4><STEAM_1:0:37571034><>" toggled noclip on "7iour<4><STEAM_1:0:37571034><>"
L 11/15/2022 - 15:23:03: [funcommands.smx] "7iour<4><STEAM_1:0:37571034><>" toggled noclip on "7iour<4><STEAM_1:0:37571034><>"
L 11/15/2022 - 15:23:04: [funcommands.smx] "7iour<4><STEAM_1:0:37571034><>" toggled noclip on "7iour<4><STEAM_1:0:37571034><>"
L 11/15/2022 - 15:23:09: [funcommands.smx] "Godfather✞<3><STEAM_1:1:530561868><>" toggled noclip on "Godfather✞<3><STEAM_1:1:530561868><>"
L 11/15/2022 - 15:23:11: [funcommands.smx] "Godfather✞<3><STEAM_1:1:530561868><>" toggled noclip on "Godfather✞<3><STEAM_1:1:530561868><>"
L 11/15/2022 - 15:23:11: [funcommands.smx] "7iour<4><STEAM_1:0:37571034><>" toggled noclip on "7iour<4><STEAM_1:0:37571034><>"
L 11/15/2022 - 15:23:16: [funcommands.smx] "7iour<4><STEAM_1:0:37571034><>" toggled noclip on "7iour<4><STEAM_1:0:37571034><>"
L 11/15/2022 - 15:23:28: [funcommands.smx] "7iour<4><STEAM_1:0:37571034><>" toggled noclip on "7iour<4><STEAM_1:0:37571034><>"
L 11/15/2022 - 15:23:30: [funcommands.smx] "7iour<4><STEAM_1:0:37571034><>" toggled noclip on "7iour<4><STEAM_1:0:37571034><>"
L 11/15/2022 - 15:24:16: [funcommands.smx] "Godfather✞<3><STEAM_1:1:530561868><>" toggled noclip on "Godfather✞<3><STEAM_1:1:530561868><>"
L 11/15/2022 - 15:24:19: [funcommands.smx] "Godfather✞<3><STEAM_1:1:530561868><>" ignited "Godfather✞<3><STEAM_1:1:530561868><>" (seconds "20.000000")
L 11/15/2022 - 15:24:48: [funcommands.smx] "Godfather✞<3><STEAM_1:1:530561868><>" toggled noclip on "Godfather✞<3><STEAM_1:1:530561868><>"
L 11/15/2022 - 15:24:50: [funcommands.smx] "Godfather✞<3><STEAM_1:1:530561868><>" toggled noclip on "Godfather✞<3><STEAM_1:1:530561868><>"
L 11/15/2022 - 15:24:52: [funcommands.smx] "Godfather✞<3><STEAM_1:1:530561868><>" toggled noclip on "Godfather✞<3><STEAM_1:1:530561868><>"
L 11/15/2022 - 15:24:58: [funcommands.smx] "Godfather✞<3><STEAM_1:1:530561868><>" set gravity on "Godfather✞<3><STEAM_1:1:530561868><>" (amount "4.000000")
L 11/15/2022 - 15:25:03: [funcommands.smx] "Godfather✞<3><STEAM_1:1:530561868><>" set gravity on "Godfather✞<3><STEAM_1:1:530561868><>" (amount "0.100000")
L 11/15/2022 - 15:26:38: [warmod.smx] "force_start" (player "Godfather✞<3><STEAM_1:1:530561868><>")
L 11/15/2022 - 15:27:10: [warmod.smx] "knife_on_3" (player "7iour<4><STEAM_1:0:37571034><>")
L 11/15/2022 - 15:27:23: [basecommands.smx] "7iour<4><STEAM_1:0:37571034><>" executed config (file "sm_competitive2v2.cfg")
L 11/15/2022 - 15:43:43: [basecommands.smx] "Godfather✞<3><STEAM_1:1:530561868><>" changed map to "mir"
L 11/15/2022 - 15:43:46: [SM] Changed map to "mir"
L 11/15/2022 - 15:43:47: -------- Mapchange to de_mirage --------
L 11/15/2022 - 15:43:47: [basecommands.smx] "Console<0><Console><Console>" changed cvar (cvar "mapcyclefile") (value "map_custom.txt")
L 11/15/2022 - 15:43:49: [warmod.smx] Current Map: de_mirage, Warmod Version: 22.10.29.1916
L 11/15/2022 - 15:43:49: [chat-processor.smx] Message formats generated for game 'csgo'.
L 11/15/2022 - 15:43:49: [chat-processor.smx] Successfully hooked a SayText2 chat hook.
L 11/15/2022 - 15:44:28: [warmod.smx] "force_start" (player "Godfather✞<3><STEAM_1:1:530561868><>")
L 11/15/2022 - 15:45:07: [warmod.smx] "knife_on_3" (player "Godfather✞<3><STEAM_1:1:530561868><>")
L 11/15/2022 - 17:06:18: -------- Mapchange to de_mirage --------
L 11/15/2022 - 17:06:19: [basecommands.smx] "Console<0><Console><Console>" changed cvar (cvar "mapcyclefile") (value "map_custom.txt")
L 11/15/2022 - 17:06:20: [warmod.smx] Current Map: de_mirage, Warmod Version: 22.10.29.1916
L 11/15/2022 - 17:06:21: [chat-processor.smx] Message formats generated for game 'csgo'.
L 11/15/2022 - 17:06:21: [chat-processor.smx] Successfully hooked a SayText2 chat hook.
L 11/15/2022 - 19:10:42: -------- Mapchange to de_mirage --------
L 11/15/2022 - 19:10:42: [basecommands.smx] "Console<0><Console><Console>" changed cvar (cvar "mapcyclefile") (value "map_custom.txt")
L 11/15/2022 - 19:10:44: [warmod.smx] Current Map: de_mirage, Warmod Version: 22.10.29.1916
L 11/15/2022 - 19:10:44: [chat-processor.smx] Message formats generated for game 'csgo'.
L 11/15/2022 - 19:10:44: [chat-processor.smx] Successfully hooked a SayText2 chat hook.
L 11/15/2022 - 19:11:32: -------- Mapchange to de_mirage --------
L 11/15/2022 - 19:11:32: [basecommands.smx] "Console<0><Console><Console>" changed cvar (cvar "mapcyclefile") (value "map_custom.txt")
L 11/15/2022 - 19:11:34: [warmod.smx] Current Map: de_mirage, Warmod Version: 22.10.29.1916
L 11/15/2022 - 19:11:34: [chat-processor.smx] Message formats generated for game 'csgo'.
L 11/15/2022 - 19:11:34: [chat-processor.smx] Successfully hooked a SayText2 chat hook.
L 11/15/2022 - 19:12:08: -------- Mapchange to de_mirage --------
L 11/15/2022 - 19:12:08: [basecommands.smx] "Console<0><Console><Console>" changed cvar (cvar "mapcyclefile") (value "map_custom.txt")
L 11/15/2022 - 19:12:10: [warmod.smx] Current Map: de_mirage, Warmod Version: 22.10.29.1916
L 11/15/2022 - 19:12:10: [chat-processor.smx] Message formats generated for game 'csgo'.
L 11/15/2022 - 19:12:10: [chat-processor.smx] Successfully hooked a SayText2 chat hook.
L 11/15/2022 - 19:13:42: -------- Mapchange to de_mirage --------
L 11/15/2022 - 19:13:42: [basecommands.smx] "Console<0><Console><Console>" changed cvar (cvar "mapcyclefile") (value "map_custom.txt")
L 11/15/2022 - 19:13:44: [warmod.smx] Current Map: de_mirage, Warmod Version: 22.10.29.1916
L 11/15/2022 - 19:13:44: [chat-processor.smx] Message formats generated for game 'csgo'.
L 11/15/2022 - 19:13:44: [chat-processor.smx] Successfully hooked a SayText2 chat hook.
L 11/15/2022 - 19:18:06: -------- Mapchange to de_mirage --------
L 11/15/2022 - 19:18:06: [basecommands.smx] "Console<0><Console><Console>" changed cvar (cvar "mapcyclefile") (value "map_custom.txt")
L 11/15/2022 - 19:18:08: [warmod.smx] Current Map: de_mirage, Warmod Version: 22.10.29.1916
L 11/15/2022 - 19:18:08: [chat-processor.smx] Message formats generated for game 'csgo'.
L 11/15/2022 - 19:18:08: [chat-processor.smx] Successfully hooked a SayText2 chat hook.
L 11/15/2022 - 19:29:32: -------- Mapchange to de_mirage --------
L 11/15/2022 - 19:29:32: [basecommands.smx] "Console<0><Console><Console>" changed cvar (cvar "mapcyclefile") (value "map_custom.txt")
L 11/15/2022 - 19:29:34: [warmod.smx] Current Map: de_mirage, Warmod Version: 22.10.29.1916
L 11/15/2022 - 19:29:34: [chat-processor.smx] Message formats generated for game 'csgo'.
L 11/15/2022 - 19:29:34: [chat-processor.smx] Successfully hooked a SayText2 chat hook.
L 11/15/2022 - 19:58:56: -------- Mapchange to de_mirage --------
L 11/15/2022 - 19:58:56: [basecommands.smx] "Console<0><Console><Console>" changed cvar (cvar "mapcyclefile") (value "map_custom.txt")
L 11/15/2022 - 19:58:58: [warmod.smx] Current Map: de_mirage, Warmod Version: 22.10.29.1916
L 11/15/2022 - 19:58:58: [chat-processor.smx] Message formats generated for game 'csgo'.
L 11/15/2022 - 19:58:58: [chat-processor.smx] Successfully hooked a SayText2 chat hook.
L 11/15/2022 - 20:15:29: -------- Mapchange to de_mirage --------
L 11/15/2022 - 20:15:29: [basecommands.smx] "Console<0><Console><Console>" changed cvar (cvar "mapcyclefile") (value "map_custom.txt")
L 11/15/2022 - 20:15:31: [warmod.smx] Current Map: de_mirage, Warmod Version: 22.10.29.1916
L 11/15/2022 - 20:15:31: [chat-processor.smx] Message formats generated for game 'csgo'.
L 11/15/2022 - 20:15:31: [chat-processor.smx] Successfully hooked a SayText2 chat hook.
L 11/15/2022 - 21:11:33: [movecommands.smx] "我是skeet破解版skc<40><STEAM_1:1:705139800><>" was moved to Spec by "L0v1 Z<34><STEAM_1:0:237026989><>"
L 11/15/2022 - 21:11:37: [warmod.smx] "force_start" (player "L0v1 Z<34><STEAM_1:0:237026989><>")
L 11/15/2022 - 21:11:58: [warmod.smx] "force_end" (player "L0v1 Z<34><STEAM_1:0:237026989><>")
L 11/15/2022 - 21:12:15: [basecommands.smx] "L0v1 Z<34><STEAM_1:0:237026989><>" executed config (file "sm_competitive.cfg")
L 11/15/2022 - 21:45:14: -------- Mapchange to de_mirage --------
L 11/15/2022 - 21:45:14: [basecommands.smx] "Console<0><Console><Console>" changed cvar (cvar "mapcyclefile") (value "map_custom.txt")
L 11/15/2022 - 21:45:16: [chat-processor.smx] Message formats generated for game 'csgo'.
L 11/15/2022 - 21:45:16: [chat-processor.smx] Successfully hooked a SayText2 chat hook.
L 11/15/2022 - 23:42:53: -------- Mapchange to de_mirage --------
L 11/15/2022 - 23:42:53: [basecommands.smx] "Console<0><Console><Console>" changed cvar (cvar "mapcyclefile") (value "map_custom.txt")
L 11/15/2022 - 23:42:55: [chat-processor.smx] Message formats generated for game 'csgo'.
L 11/15/2022 - 23:42:55: [chat-processor.smx] Successfully hooked a SayText2 chat hook.
L 11/16/2022 - 00:01:17: Log file closed.
