L 07/29/2022 - 00:03:55: SourceMod log file session started (file "/home/csgo/csgo/addons/sourcemod/logs/L20220729.log") (Version "1.12.0.6912")
L 07/29/2022 - 00:03:55: [chat-processor.smx] Successfully hooked a SayText2 chat hook.
L 07/29/2022 - 00:03:59: Log file closed.
L 07/29/2022 - 00:04:16: SourceMod log file session started (file "/home/csgo/csgo/addons/sourcemod/logs/L20220729.log") (Version "1.12.0.6912")
L 07/29/2022 - 00:04:16: [GEOIP] GeoIP2 database loaded: GeoLite2-City (2019-12-17 20:01:26 UTC) (/home/csgo/csgo/addons/sourcemod/configs/geoip/GeoLite2-City.mmdb)
L 07/29/2022 - 00:04:16: [GEOIP] GeoIP2 supported languages: de en es fr ja pt-BR ru zh-CN
L 07/29/2022 - 00:04:16: [GEOIP] Your database is older than 90 days. You should consider downloading a newer version from e.g. https://dev.maxmind.com/geoip/geolite2-free-geolocation-data
L 07/29/2022 - 00:09:48: -------- Mapchange to de_mirage --------
L 07/29/2022 - 00:09:48: [chat-processor.smx] Successfully hooked a SayText2 chat hook.
L 07/29/2022 - 00:10:52: Log file closed.
L 07/29/2022 - 00:11:10: SourceMod log file session started (file "/home/csgo/csgo/addons/sourcemod/logs/L20220729.log") (Version "1.12.0.6912")
L 07/29/2022 - 00:11:10: [GEOIP] GeoIP2 database loaded: GeoLite2-City (2019-12-17 20:01:26 UTC) (/home/csgo/csgo/addons/sourcemod/configs/geoip/GeoLite2-City.mmdb)
L 07/29/2022 - 00:11:10: [GEOIP] GeoIP2 supported languages: de en es fr ja pt-BR ru zh-CN
L 07/29/2022 - 00:11:10: [GEOIP] Your database is older than 90 days. You should consider downloading a newer version from e.g. https://dev.maxmind.com/geoip/geolite2-free-geolocation-data
L 07/29/2022 - 00:12:18: -------- Mapchange to de_mirage --------
L 07/29/2022 - 00:12:18: [chat-processor.smx] Successfully hooked a SayText2 chat hook.
L 07/29/2022 - 00:13:21: [basecommands.smx] "Console<0><Console><Console>" refreshed the admin cache.
L 07/29/2022 - 00:15:45: -------- Mapchange to de_dust2 --------
L 07/29/2022 - 00:15:51: [chat-processor.smx] Successfully hooked a SayText2 chat hook.
L 07/29/2022 - 00:16:29: -------- Mapchange to de_dust2 --------
L 07/29/2022 - 00:16:34: [chat-processor.smx] Successfully hooked a SayText2 chat hook.
L 07/29/2022 - 00:37:56: -------- Mapchange to de_dust2 --------
L 07/29/2022 - 00:38:02: [chat-processor.smx] Successfully hooked a SayText2 chat hook.
L 07/29/2022 - 01:00:18: -------- Mapchange to de_mirage --------
L 07/29/2022 - 01:00:23: [chat-processor.smx] Successfully hooked a SayText2 chat hook.
L 07/29/2022 - 01:02:19: [basecommands.smx] "UWUGIRL<6><STEAM_1:0:604583595><>" refreshed the admin cache.
L 07/29/2022 - 01:02:31: [basecommands.smx] "UWUGIRL<6><STEAM_1:0:604583595><>" refreshed the admin cache.
L 07/29/2022 - 02:37:58: -------- Mapchange to de_mirage --------
L 07/29/2022 - 02:38:04: [chat-processor.smx] Successfully hooked a SayText2 chat hook.
L 07/29/2022 - 03:11:12: -------- Mapchange to de_mirage --------
L 07/29/2022 - 03:11:19: [chat-processor.smx] Successfully hooked a SayText2 chat hook.
L 07/29/2022 - 03:21:29: -------- Mapchange to de_mirage --------
L 07/29/2022 - 03:21:34: [chat-processor.smx] Successfully hooked a SayText2 chat hook.
L 07/29/2022 - 04:50:41: -------- Mapchange to de_mirage --------
L 07/29/2022 - 04:50:47: [chat-processor.smx] Successfully hooked a SayText2 chat hook.
L 07/29/2022 - 04:57:38: -------- Mapchange to de_mirage --------
L 07/29/2022 - 04:57:44: [chat-processor.smx] Successfully hooked a SayText2 chat hook.
L 07/29/2022 - 05:08:06: -------- Mapchange to de_mirage --------
L 07/29/2022 - 05:08:11: [chat-processor.smx] Successfully hooked a SayText2 chat hook.
L 07/29/2022 - 06:27:13: -------- Mapchange to de_mirage --------
L 07/29/2022 - 06:27:19: [chat-processor.smx] Successfully hooked a SayText2 chat hook.
L 07/29/2022 - 06:29:34: -------- Mapchange to de_mirage --------
L 07/29/2022 - 06:29:39: [chat-processor.smx] Successfully hooked a SayText2 chat hook.
L 07/29/2022 - 06:44:51: -------- Mapchange to de_mirage --------
L 07/29/2022 - 06:44:56: [chat-processor.smx] Successfully hooked a SayText2 chat hook.
L 07/29/2022 - 07:07:16: [basecommands.smx] "polak fan<28><STEAM_1:0:605968756><>" kicked "Why you bully me<30><STEAM_1:0:643633257><>" (reason "")
L 07/29/2022 - 07:24:14: -------- Mapchange to de_mirage --------
L 07/29/2022 - 07:24:20: [chat-processor.smx] Successfully hooked a SayText2 chat hook.
L 07/29/2022 - 07:26:14: -------- Mapchange to de_mirage --------
L 07/29/2022 - 07:26:21: [chat-processor.smx] Successfully hooked a SayText2 chat hook.
L 07/29/2022 - 08:13:29: -------- Mapchange to de_mirage --------
L 07/29/2022 - 08:13:35: [chat-processor.smx] Successfully hooked a SayText2 chat hook.
L 07/29/2022 - 08:48:34: -------- Mapchange to de_mirage --------
L 07/29/2022 - 08:48:40: [chat-processor.smx] Successfully hooked a SayText2 chat hook.
L 07/29/2022 - 08:57:37: -------- Mapchange to de_mirage --------
L 07/29/2022 - 08:57:42: [chat-processor.smx] Successfully hooked a SayText2 chat hook.
L 07/29/2022 - 09:03:00: -------- Mapchange to de_mirage --------
L 07/29/2022 - 09:03:06: [chat-processor.smx] Successfully hooked a SayText2 chat hook.
L 07/29/2022 - 09:23:13: -------- Mapchange to de_mirage --------
L 07/29/2022 - 09:23:19: [chat-processor.smx] Successfully hooked a SayText2 chat hook.
L 07/29/2022 - 09:44:35: -------- Mapchange to de_mirage --------
L 07/29/2022 - 09:44:43: [chat-processor.smx] Successfully hooked a SayText2 chat hook.
L 07/29/2022 - 09:46:43: -------- Mapchange to de_train --------
L 07/29/2022 - 09:46:51: [chat-processor.smx] Successfully hooked a SayText2 chat hook.
L 07/29/2022 - 10:17:04: -------- Mapchange to de_train --------
L 07/29/2022 - 10:17:13: [chat-processor.smx] Successfully hooked a SayText2 chat hook.
L 07/29/2022 - 10:24:56: -------- Mapchange to de_train --------
L 07/29/2022 - 10:25:03: [chat-processor.smx] Successfully hooked a SayText2 chat hook.
L 07/29/2022 - 11:02:24: -------- Mapchange to de_train --------
L 07/29/2022 - 11:02:32: [chat-processor.smx] Successfully hooked a SayText2 chat hook.
L 07/29/2022 - 11:05:26: -------- Mapchange to de_train --------
L 07/29/2022 - 11:05:34: [chat-processor.smx] Successfully hooked a SayText2 chat hook.
L 07/29/2022 - 11:16:26: Log file closed.
L 07/29/2022 - 11:16:46: SourceMod log file session started (file "/home/csgo/csgo/addons/sourcemod/logs/L20220729.log") (Version "1.12.0.6912")
L 07/29/2022 - 11:16:46: [GEOIP] GeoIP2 database loaded: GeoLite2-City (2019-12-17 20:01:26 UTC) (/home/csgo/csgo/addons/sourcemod/configs/geoip/GeoLite2-City.mmdb)
L 07/29/2022 - 11:16:46: [GEOIP] GeoIP2 supported languages: de en es fr ja pt-BR ru zh-CN
L 07/29/2022 - 11:16:46: [GEOIP] Your database is older than 90 days. You should consider downloading a newer version from e.g. https://dev.maxmind.com/geoip/geolite2-free-geolocation-data
L 07/29/2022 - 11:17:27: -------- Mapchange to de_mirage --------
L 07/29/2022 - 11:17:27: [chat-processor.smx] Successfully hooked a SayText2 chat hook.
L 07/29/2022 - 11:23:41: -------- Mapchange to de_mirage --------
L 07/29/2022 - 11:23:48: [chat-processor.smx] Successfully hooked a SayText2 chat hook.
L 07/29/2022 - 23:18:58: SourceMod log file session started (file "/home/csgo5/csgo/addons/sourcemod/logs/L20220729.log") (Version "1.12.0.6912")
L 07/29/2022 - 23:18:58: [GEOIP] GeoIP2 database loaded: GeoLite2-City (2019-12-17 20:01:26 UTC) (/home/csgo5/csgo/addons/sourcemod/configs/geoip/GeoLite2-City.mmdb)
L 07/29/2022 - 23:18:58: [GEOIP] GeoIP2 supported languages: de en es fr ja pt-BR ru zh-CN
L 07/29/2022 - 23:18:58: [GEOIP] Your database is older than 90 days. You should consider downloading a newer version from e.g. https://dev.maxmind.com/geoip/geolite2-free-geolocation-data
L 07/29/2022 - 23:19:14: Log file closed.
L 07/29/2022 - 23:19:44: SourceMod log file session started (file "/home/csgo5/csgo/addons/sourcemod/logs/L20220729.log") (Version "1.12.0.6912")
L 07/29/2022 - 23:19:44: [GEOIP] GeoIP2 database loaded: GeoLite2-City (2019-12-17 20:01:26 UTC) (/home/csgo5/csgo/addons/sourcemod/configs/geoip/GeoLite2-City.mmdb)
L 07/29/2022 - 23:19:44: [GEOIP] GeoIP2 supported languages: de en es fr ja pt-BR ru zh-CN
L 07/29/2022 - 23:19:44: [GEOIP] Your database is older than 90 days. You should consider downloading a newer version from e.g. https://dev.maxmind.com/geoip/geolite2-free-geolocation-data
L 07/29/2022 - 23:19:47: Log file closed.
L 07/29/2022 - 23:23:08: SourceMod log file session started (file "/home/csgo5/csgo/addons/sourcemod/logs/L20220729.log") (Version "1.12.0.6912")
L 07/29/2022 - 23:23:08: [GEOIP] GeoIP2 database loaded: GeoLite2-City (2019-12-17 20:01:26 UTC) (/home/csgo5/csgo/addons/sourcemod/configs/geoip/GeoLite2-City.mmdb)
L 07/29/2022 - 23:23:08: [GEOIP] GeoIP2 supported languages: de en es fr ja pt-BR ru zh-CN
L 07/29/2022 - 23:23:08: [GEOIP] Your database is older than 90 days. You should consider downloading a newer version from e.g. https://dev.maxmind.com/geoip/geolite2-free-geolocation-data
L 07/29/2022 - 23:23:51: -------- Mapchange to de_mirage --------
L 07/29/2022 - 23:39:25: [basecommands.smx] "Console<0><Console><Console>" refreshed the admin cache.
L 07/29/2022 - 23:44:19: [basecommands.smx] "xlpee-参数+3523952128（不是本人）<3><STEAM_1:1:566074940><>" changed map to "de_dust"
L 07/29/2022 - 23:44:22: [SM] Changed map to "de_dust"
L 07/29/2022 - 23:44:22: -------- Mapchange to de_dust2_2006_accy --------
L 07/29/2022 - 23:54:00: Log file closed.
L 07/29/2022 - 23:54:15: SourceMod log file session started (file "/home/csgo5/csgo/addons/sourcemod/logs/L20220729.log") (Version "1.12.0.6912")
L 07/29/2022 - 23:54:15: [GEOIP] GeoIP2 database loaded: GeoLite2-City (2019-12-17 20:01:26 UTC) (/home/csgo5/csgo/addons/sourcemod/configs/geoip/GeoLite2-City.mmdb)
L 07/29/2022 - 23:54:15: [GEOIP] GeoIP2 supported languages: de en es fr ja pt-BR ru zh-CN
L 07/29/2022 - 23:54:15: [GEOIP] Your database is older than 90 days. You should consider downloading a newer version from e.g. https://dev.maxmind.com/geoip/geolite2-free-geolocation-data
L 07/29/2022 - 23:55:00: -------- Mapchange to de_mirage --------
L 07/29/2022 - 23:58:20: -------- Mapchange to de_mirage_winter_2020 --------
L 07/29/2022 - 23:58:37: -------- Mapchange to de_mirage_winter_2020 --------
L 07/29/2022 - 23:59:43: -------- Mapchange to de_mirage_winter_2020 --------
L 07/30/2022 - 09:16:43: Log file closed.
