L 10/08/2022 - 05:55:22: SourceMod log file session started (file "/badfupo/server1/csgo/addons/sourcemod/logs/L20221008.log") (Version "1.12.0.6912")
L 10/08/2022 - 05:55:22: [basecommands.smx] "Console<0><Console><Console>" changed cvar (cvar "mapcyclefile") (value "map_custom.txt")
L 10/08/2022 - 05:55:27: [warmod.smx] Current Map: de_inferno, Warmod Version: 19.11.21.2253
L 10/08/2022 - 05:55:28: [chat-processor.smx] Message formats generated for game 'csgo'.
L 10/08/2022 - 05:55:28: [chat-processor.smx] Successfully hooked a SayText2 chat hook.
L 10/08/2022 - 06:00:48: -------- Mapchange to de_inferno --------
L 10/08/2022 - 06:00:49: [basecommands.smx] "Console<0><Console><Console>" changed cvar (cvar "mapcyclefile") (value "map_custom.txt")
L 10/08/2022 - 06:00:53: [warmod.smx] Current Map: de_inferno, Warmod Version: 19.11.21.2253
L 10/08/2022 - 06:00:54: [chat-processor.smx] Message formats generated for game 'csgo'.
L 10/08/2022 - 06:00:54: [chat-processor.smx] Successfully hooked a SayText2 chat hook.
L 10/08/2022 - 06:16:29: -------- Mapchange to de_inferno --------
L 10/08/2022 - 06:16:30: [basecommands.smx] "Console<0><Console><Console>" changed cvar (cvar "mapcyclefile") (value "map_custom.txt")
L 10/08/2022 - 06:16:34: [warmod.smx] Current Map: de_inferno, Warmod Version: 19.11.21.2253
L 10/08/2022 - 06:16:36: [chat-processor.smx] Message formats generated for game 'csgo'.
L 10/08/2022 - 06:16:36: [chat-processor.smx] Successfully hooked a SayText2 chat hook.
L 10/08/2022 - 09:41:23: -------- Mapchange to de_inferno --------
L 10/08/2022 - 09:41:24: [basecommands.smx] "Console<0><Console><Console>" changed cvar (cvar "mapcyclefile") (value "map_custom.txt")
L 10/08/2022 - 09:41:29: [warmod.smx] Current Map: de_inferno, Warmod Version: 19.11.21.2253
L 10/08/2022 - 09:41:30: [chat-processor.smx] Message formats generated for game 'csgo'.
L 10/08/2022 - 09:41:30: [chat-processor.smx] Successfully hooked a SayText2 chat hook.
L 10/08/2022 - 11:02:13: -------- Mapchange to de_inferno --------
L 10/08/2022 - 11:02:14: [basecommands.smx] "Console<0><Console><Console>" changed cvar (cvar "mapcyclefile") (value "map_custom.txt")
L 10/08/2022 - 11:02:19: [warmod.smx] Current Map: de_inferno, Warmod Version: 19.11.21.2253
L 10/08/2022 - 11:02:20: [chat-processor.smx] Message formats generated for game 'csgo'.
L 10/08/2022 - 11:02:20: [chat-processor.smx] Successfully hooked a SayText2 chat hook.
L 10/08/2022 - 13:23:59: -------- Mapchange to de_inferno --------
L 10/08/2022 - 13:24:00: [basecommands.smx] "Console<0><Console><Console>" changed cvar (cvar "mapcyclefile") (value "map_custom.txt")
L 10/08/2022 - 13:24:04: [warmod.smx] Current Map: de_inferno, Warmod Version: 19.11.21.2253
L 10/08/2022 - 13:24:06: [chat-processor.smx] Message formats generated for game 'csgo'.
L 10/08/2022 - 13:24:06: [chat-processor.smx] Successfully hooked a SayText2 chat hook.
L 10/08/2022 - 14:04:10: -------- Mapchange to de_inferno --------
L 10/08/2022 - 14:04:11: [basecommands.smx] "Console<0><Console><Console>" changed cvar (cvar "mapcyclefile") (value "map_custom.txt")
L 10/08/2022 - 14:04:16: [warmod.smx] Current Map: de_inferno, Warmod Version: 19.11.21.2253
L 10/08/2022 - 14:04:18: [chat-processor.smx] Message formats generated for game 'csgo'.
L 10/08/2022 - 14:04:18: [chat-processor.smx] Successfully hooked a SayText2 chat hook.
L 10/08/2022 - 14:25:41: -------- Mapchange to de_inferno --------
L 10/08/2022 - 14:25:42: [basecommands.smx] "Console<0><Console><Console>" changed cvar (cvar "mapcyclefile") (value "map_custom.txt")
L 10/08/2022 - 14:25:46: [warmod.smx] Current Map: de_inferno, Warmod Version: 19.11.21.2253
L 10/08/2022 - 14:25:48: [chat-processor.smx] Message formats generated for game 'csgo'.
L 10/08/2022 - 14:25:48: [chat-processor.smx] Successfully hooked a SayText2 chat hook.
L 10/08/2022 - 14:39:44: -------- Mapchange to de_inferno --------
L 10/08/2022 - 14:39:45: [basecommands.smx] "Console<0><Console><Console>" changed cvar (cvar "mapcyclefile") (value "map_custom.txt")
L 10/08/2022 - 14:39:50: [warmod.smx] Current Map: de_inferno, Warmod Version: 19.11.21.2253
L 10/08/2022 - 14:39:52: [chat-processor.smx] Message formats generated for game 'csgo'.
L 10/08/2022 - 14:39:52: [chat-processor.smx] Successfully hooked a SayText2 chat hook.
L 10/08/2022 - 14:52:01: -------- Mapchange to de_inferno --------
L 10/08/2022 - 14:52:02: [basecommands.smx] "Console<0><Console><Console>" changed cvar (cvar "mapcyclefile") (value "map_custom.txt")
L 10/08/2022 - 14:52:07: [warmod.smx] Current Map: de_inferno, Warmod Version: 19.11.21.2253
L 10/08/2022 - 14:52:08: [chat-processor.smx] Message formats generated for game 'csgo'.
L 10/08/2022 - 14:52:08: [chat-processor.smx] Successfully hooked a SayText2 chat hook.
L 10/08/2022 - 15:00:55: -------- Mapchange to de_inferno --------
L 10/08/2022 - 15:00:56: [basecommands.smx] "Console<0><Console><Console>" changed cvar (cvar "mapcyclefile") (value "map_custom.txt")
L 10/08/2022 - 15:01:00: [warmod.smx] Current Map: de_inferno, Warmod Version: 19.11.21.2253
L 10/08/2022 - 15:01:02: [chat-processor.smx] Message formats generated for game 'csgo'.
L 10/08/2022 - 15:01:02: [chat-processor.smx] Successfully hooked a SayText2 chat hook.
L 10/08/2022 - 15:05:56: -------- Mapchange to de_inferno --------
L 10/08/2022 - 15:05:57: [basecommands.smx] "Console<0><Console><Console>" changed cvar (cvar "mapcyclefile") (value "map_custom.txt")
L 10/08/2022 - 15:06:01: [warmod.smx] Current Map: de_inferno, Warmod Version: 19.11.21.2253
L 10/08/2022 - 15:06:02: [chat-processor.smx] Message formats generated for game 'csgo'.
L 10/08/2022 - 15:06:02: [chat-processor.smx] Successfully hooked a SayText2 chat hook.
L 10/09/2022 - 01:09:54: Log file closed.
