L 10/15/2022 - 00:25:32: SourceMod log file session started (file "/badfupo/server1/csgo/addons/sourcemod/logs/L20221015.log") (Version "1.12.0.6912")
L 10/15/2022 - 00:25:32: [basecommands.smx] "Console<0><Console><Console>" changed cvar (cvar "mapcyclefile") (value "map_custom.txt")
L 10/15/2022 - 00:25:37: [warmod.smx] Current Map: de_train, Warmod Version: 19.11.21.2253
L 10/15/2022 - 00:25:39: [chat-processor.smx] Message formats generated for game 'csgo'.
L 10/15/2022 - 00:25:39: [chat-processor.smx] Successfully hooked a SayText2 chat hook.
L 10/15/2022 - 01:00:51: -------- Mapchange to de_train --------
L 10/15/2022 - 01:00:52: [basecommands.smx] "Console<0><Console><Console>" changed cvar (cvar "mapcyclefile") (value "map_custom.txt")
L 10/15/2022 - 01:00:57: [warmod.smx] Current Map: de_train, Warmod Version: 19.11.21.2253
L 10/15/2022 - 01:00:59: [chat-processor.smx] Message formats generated for game 'csgo'.
L 10/15/2022 - 01:00:59: [chat-processor.smx] Successfully hooked a SayText2 chat hook.
L 10/15/2022 - 01:24:41: -------- Mapchange to de_train --------
L 10/15/2022 - 01:24:42: [basecommands.smx] "Console<0><Console><Console>" changed cvar (cvar "mapcyclefile") (value "map_custom.txt")
L 10/15/2022 - 01:24:46: [warmod.smx] Current Map: de_train, Warmod Version: 19.11.21.2253
L 10/15/2022 - 01:24:48: [chat-processor.smx] Message formats generated for game 'csgo'.
L 10/15/2022 - 01:24:48: [chat-processor.smx] Successfully hooked a SayText2 chat hook.
L 10/15/2022 - 01:41:59: -------- Mapchange to de_train --------
L 10/15/2022 - 01:42:00: [basecommands.smx] "Console<0><Console><Console>" changed cvar (cvar "mapcyclefile") (value "map_custom.txt")
L 10/15/2022 - 01:42:05: [warmod.smx] Current Map: de_train, Warmod Version: 19.11.21.2253
L 10/15/2022 - 01:42:07: [chat-processor.smx] Message formats generated for game 'csgo'.
L 10/15/2022 - 01:42:07: [chat-processor.smx] Successfully hooked a SayText2 chat hook.
L 10/15/2022 - 01:48:07: -------- Mapchange to de_train --------
L 10/15/2022 - 01:48:09: [basecommands.smx] "Console<0><Console><Console>" changed cvar (cvar "mapcyclefile") (value "map_custom.txt")
L 10/15/2022 - 01:48:13: [warmod.smx] Current Map: de_train, Warmod Version: 19.11.21.2253
L 10/15/2022 - 01:48:15: [chat-processor.smx] Message formats generated for game 'csgo'.
L 10/15/2022 - 01:48:15: [chat-processor.smx] Successfully hooked a SayText2 chat hook.
L 10/15/2022 - 01:49:48: -------- Mapchange to de_train --------
L 10/15/2022 - 01:49:49: [basecommands.smx] "Console<0><Console><Console>" changed cvar (cvar "mapcyclefile") (value "map_custom.txt")
L 10/15/2022 - 01:49:53: [warmod.smx] Current Map: de_train, Warmod Version: 19.11.21.2253
L 10/15/2022 - 01:49:55: [chat-processor.smx] Message formats generated for game 'csgo'.
L 10/15/2022 - 01:49:55: [chat-processor.smx] Successfully hooked a SayText2 chat hook.
L 10/15/2022 - 01:58:21: -------- Mapchange to de_train --------
L 10/15/2022 - 01:58:22: [basecommands.smx] "Console<0><Console><Console>" changed cvar (cvar "mapcyclefile") (value "map_custom.txt")
L 10/15/2022 - 01:58:26: [warmod.smx] Current Map: de_train, Warmod Version: 19.11.21.2253
L 10/15/2022 - 01:58:28: [chat-processor.smx] Message formats generated for game 'csgo'.
L 10/15/2022 - 01:58:28: [chat-processor.smx] Successfully hooked a SayText2 chat hook.
L 10/15/2022 - 02:33:09: -------- Mapchange to de_train --------
L 10/15/2022 - 02:33:10: [basecommands.smx] "Console<0><Console><Console>" changed cvar (cvar "mapcyclefile") (value "map_custom.txt")
L 10/15/2022 - 02:33:15: [warmod.smx] Current Map: de_train, Warmod Version: 19.11.21.2253
L 10/15/2022 - 02:33:16: [chat-processor.smx] Message formats generated for game 'csgo'.
L 10/15/2022 - 02:33:16: [chat-processor.smx] Successfully hooked a SayText2 chat hook.
L 10/15/2022 - 03:39:58: -------- Mapchange to de_train --------
L 10/15/2022 - 03:39:59: [basecommands.smx] "Console<0><Console><Console>" changed cvar (cvar "mapcyclefile") (value "map_custom.txt")
L 10/15/2022 - 03:40:04: [warmod.smx] Current Map: de_train, Warmod Version: 19.11.21.2253
L 10/15/2022 - 03:40:06: [chat-processor.smx] Message formats generated for game 'csgo'.
L 10/15/2022 - 03:40:06: [chat-processor.smx] Successfully hooked a SayText2 chat hook.
L 10/15/2022 - 04:12:15: -------- Mapchange to de_train --------
L 10/15/2022 - 04:12:16: [basecommands.smx] "Console<0><Console><Console>" changed cvar (cvar "mapcyclefile") (value "map_custom.txt")
L 10/15/2022 - 04:12:21: [warmod.smx] Current Map: de_train, Warmod Version: 19.11.21.2253
L 10/15/2022 - 04:12:23: [chat-processor.smx] Message formats generated for game 'csgo'.
L 10/15/2022 - 04:12:23: [chat-processor.smx] Successfully hooked a SayText2 chat hook.
L 10/15/2022 - 04:22:20: -------- Mapchange to de_train --------
L 10/15/2022 - 04:22:21: [basecommands.smx] "Console<0><Console><Console>" changed cvar (cvar "mapcyclefile") (value "map_custom.txt")
L 10/15/2022 - 04:22:25: [warmod.smx] Current Map: de_train, Warmod Version: 19.11.21.2253
L 10/15/2022 - 04:22:27: [chat-processor.smx] Message formats generated for game 'csgo'.
L 10/15/2022 - 04:22:27: [chat-processor.smx] Successfully hooked a SayText2 chat hook.
L 10/15/2022 - 04:31:42: -------- Mapchange to de_train --------
L 10/15/2022 - 04:31:43: [basecommands.smx] "Console<0><Console><Console>" changed cvar (cvar "mapcyclefile") (value "map_custom.txt")
L 10/15/2022 - 04:31:47: [warmod.smx] Current Map: de_train, Warmod Version: 19.11.21.2253
L 10/15/2022 - 04:31:49: [chat-processor.smx] Message formats generated for game 'csgo'.
L 10/15/2022 - 04:31:49: [chat-processor.smx] Successfully hooked a SayText2 chat hook.
L 10/15/2022 - 05:19:02: -------- Mapchange to de_train --------
L 10/15/2022 - 05:19:03: [basecommands.smx] "Console<0><Console><Console>" changed cvar (cvar "mapcyclefile") (value "map_custom.txt")
L 10/15/2022 - 05:19:08: [warmod.smx] Current Map: de_train, Warmod Version: 19.11.21.2253
L 10/15/2022 - 05:19:10: [chat-processor.smx] Message formats generated for game 'csgo'.
L 10/15/2022 - 05:19:10: [chat-processor.smx] Successfully hooked a SayText2 chat hook.
L 10/15/2022 - 05:22:44: -------- Mapchange to de_train --------
L 10/15/2022 - 05:22:46: [basecommands.smx] "Console<0><Console><Console>" changed cvar (cvar "mapcyclefile") (value "map_custom.txt")
L 10/15/2022 - 05:22:50: [warmod.smx] Current Map: de_train, Warmod Version: 19.11.21.2253
L 10/15/2022 - 05:22:52: [chat-processor.smx] Message formats generated for game 'csgo'.
L 10/15/2022 - 05:22:52: [chat-processor.smx] Successfully hooked a SayText2 chat hook.
L 10/15/2022 - 05:51:49: -------- Mapchange to de_train --------
L 10/15/2022 - 05:51:50: [basecommands.smx] "Console<0><Console><Console>" changed cvar (cvar "mapcyclefile") (value "map_custom.txt")
L 10/15/2022 - 05:51:55: [warmod.smx] Current Map: de_train, Warmod Version: 19.11.21.2253
L 10/15/2022 - 05:51:57: [chat-processor.smx] Message formats generated for game 'csgo'.
L 10/15/2022 - 05:51:57: [chat-processor.smx] Successfully hooked a SayText2 chat hook.
L 10/15/2022 - 06:45:46: -------- Mapchange to de_train --------
L 10/15/2022 - 06:45:47: [basecommands.smx] "Console<0><Console><Console>" changed cvar (cvar "mapcyclefile") (value "map_custom.txt")
L 10/15/2022 - 06:45:52: [warmod.smx] Current Map: de_train, Warmod Version: 19.11.21.2253
L 10/15/2022 - 06:45:54: [chat-processor.smx] Message formats generated for game 'csgo'.
L 10/15/2022 - 06:45:54: [chat-processor.smx] Successfully hooked a SayText2 chat hook.
L 10/15/2022 - 08:55:37: -------- Mapchange to de_train --------
L 10/15/2022 - 08:55:39: [basecommands.smx] "Console<0><Console><Console>" changed cvar (cvar "mapcyclefile") (value "map_custom.txt")
L 10/15/2022 - 08:55:43: [warmod.smx] Current Map: de_train, Warmod Version: 19.11.21.2253
L 10/15/2022 - 08:55:45: [chat-processor.smx] Message formats generated for game 'csgo'.
L 10/15/2022 - 08:55:45: [chat-processor.smx] Successfully hooked a SayText2 chat hook.
L 10/15/2022 - 09:56:13: -------- Mapchange to de_train --------
L 10/15/2022 - 09:56:14: [basecommands.smx] "Console<0><Console><Console>" changed cvar (cvar "mapcyclefile") (value "map_custom.txt")
L 10/15/2022 - 09:56:18: [warmod.smx] Current Map: de_train, Warmod Version: 19.11.21.2253
L 10/15/2022 - 09:56:21: [chat-processor.smx] Message formats generated for game 'csgo'.
L 10/15/2022 - 09:56:21: [chat-processor.smx] Successfully hooked a SayText2 chat hook.
L 10/15/2022 - 10:58:23: -------- Mapchange to de_train --------
L 10/15/2022 - 10:58:25: [basecommands.smx] "Console<0><Console><Console>" changed cvar (cvar "mapcyclefile") (value "map_custom.txt")
L 10/15/2022 - 10:58:29: [warmod.smx] Current Map: de_train, Warmod Version: 19.11.21.2253
L 10/15/2022 - 10:58:31: [chat-processor.smx] Message formats generated for game 'csgo'.
L 10/15/2022 - 10:58:31: [chat-processor.smx] Successfully hooked a SayText2 chat hook.
L 10/15/2022 - 11:03:45: -------- Mapchange to de_train --------
L 10/15/2022 - 11:03:46: [basecommands.smx] "Console<0><Console><Console>" changed cvar (cvar "mapcyclefile") (value "map_custom.txt")
L 10/15/2022 - 11:03:51: [warmod.smx] Current Map: de_train, Warmod Version: 19.11.21.2253
L 10/15/2022 - 11:03:53: [chat-processor.smx] Message formats generated for game 'csgo'.
L 10/15/2022 - 11:03:53: [chat-processor.smx] Successfully hooked a SayText2 chat hook.
L 10/15/2022 - 11:34:14: -------- Mapchange to de_train --------
L 10/15/2022 - 11:34:16: [basecommands.smx] "Console<0><Console><Console>" changed cvar (cvar "mapcyclefile") (value "map_custom.txt")
L 10/15/2022 - 11:34:20: [warmod.smx] Current Map: de_train, Warmod Version: 19.11.21.2253
L 10/15/2022 - 11:34:23: [chat-processor.smx] Message formats generated for game 'csgo'.
L 10/15/2022 - 11:34:23: [chat-processor.smx] Successfully hooked a SayText2 chat hook.
L 10/15/2022 - 11:52:19: -------- Mapchange to de_train --------
L 10/15/2022 - 11:52:21: [basecommands.smx] "Console<0><Console><Console>" changed cvar (cvar "mapcyclefile") (value "map_custom.txt")
L 10/15/2022 - 11:52:25: [warmod.smx] Current Map: de_train, Warmod Version: 19.11.21.2253
L 10/15/2022 - 11:52:27: [chat-processor.smx] Message formats generated for game 'csgo'.
L 10/15/2022 - 11:52:27: [chat-processor.smx] Successfully hooked a SayText2 chat hook.
L 10/15/2022 - 12:00:38: -------- Mapchange to de_train --------
L 10/15/2022 - 12:00:40: [basecommands.smx] "Console<0><Console><Console>" changed cvar (cvar "mapcyclefile") (value "map_custom.txt")
L 10/15/2022 - 12:00:44: [warmod.smx] Current Map: de_train, Warmod Version: 19.11.21.2253
L 10/15/2022 - 12:00:46: [chat-processor.smx] Message formats generated for game 'csgo'.
L 10/15/2022 - 12:00:46: [chat-processor.smx] Successfully hooked a SayText2 chat hook.
L 10/15/2022 - 12:45:00: -------- Mapchange to de_train --------
L 10/15/2022 - 12:45:02: [basecommands.smx] "Console<0><Console><Console>" changed cvar (cvar "mapcyclefile") (value "map_custom.txt")
L 10/15/2022 - 12:45:06: [warmod.smx] Current Map: de_train, Warmod Version: 19.11.21.2253
L 10/15/2022 - 12:45:08: [chat-processor.smx] Message formats generated for game 'csgo'.
L 10/15/2022 - 12:45:08: [chat-processor.smx] Successfully hooked a SayText2 chat hook.
L 10/15/2022 - 14:10:58: -------- Mapchange to de_train --------
L 10/15/2022 - 14:10:59: [basecommands.smx] "Console<0><Console><Console>" changed cvar (cvar "mapcyclefile") (value "map_custom.txt")
L 10/15/2022 - 14:11:03: [warmod.smx] Current Map: de_train, Warmod Version: 19.11.21.2253
L 10/15/2022 - 14:11:06: [chat-processor.smx] Message formats generated for game 'csgo'.
L 10/15/2022 - 14:11:06: [chat-processor.smx] Successfully hooked a SayText2 chat hook.
L 10/15/2022 - 14:47:22: -------- Mapchange to de_train --------
L 10/15/2022 - 14:47:24: [basecommands.smx] "Console<0><Console><Console>" changed cvar (cvar "mapcyclefile") (value "map_custom.txt")
L 10/15/2022 - 14:47:29: [warmod.smx] Current Map: de_train, Warmod Version: 19.11.21.2253
L 10/15/2022 - 14:47:32: [chat-processor.smx] Message formats generated for game 'csgo'.
L 10/15/2022 - 14:47:32: [chat-processor.smx] Successfully hooked a SayText2 chat hook.
L 10/15/2022 - 15:01:15: -------- Mapchange to de_train --------
L 10/15/2022 - 15:01:16: [basecommands.smx] "Console<0><Console><Console>" changed cvar (cvar "mapcyclefile") (value "map_custom.txt")
L 10/15/2022 - 15:01:21: [warmod.smx] Current Map: de_train, Warmod Version: 19.11.21.2253
L 10/15/2022 - 15:01:23: [chat-processor.smx] Message formats generated for game 'csgo'.
L 10/15/2022 - 15:01:23: [chat-processor.smx] Successfully hooked a SayText2 chat hook.
L 10/15/2022 - 15:11:16: -------- Mapchange to de_train --------
L 10/15/2022 - 15:11:17: [basecommands.smx] "Console<0><Console><Console>" changed cvar (cvar "mapcyclefile") (value "map_custom.txt")
L 10/15/2022 - 15:11:22: [warmod.smx] Current Map: de_train, Warmod Version: 19.11.21.2253
L 10/15/2022 - 15:11:24: [chat-processor.smx] Message formats generated for game 'csgo'.
L 10/15/2022 - 15:11:24: [chat-processor.smx] Successfully hooked a SayText2 chat hook.
L 10/15/2022 - 15:43:39: -------- Mapchange to de_train --------
L 10/15/2022 - 15:43:40: [basecommands.smx] "Console<0><Console><Console>" changed cvar (cvar "mapcyclefile") (value "map_custom.txt")
L 10/15/2022 - 15:43:44: [warmod.smx] Current Map: de_train, Warmod Version: 19.11.21.2253
L 10/15/2022 - 15:43:47: [chat-processor.smx] Message formats generated for game 'csgo'.
L 10/15/2022 - 15:43:47: [chat-processor.smx] Successfully hooked a SayText2 chat hook.
L 10/15/2022 - 16:20:01: -------- Mapchange to de_train --------
L 10/15/2022 - 16:20:02: [basecommands.smx] "Console<0><Console><Console>" changed cvar (cvar "mapcyclefile") (value "map_custom.txt")
L 10/15/2022 - 16:20:06: [warmod.smx] Current Map: de_train, Warmod Version: 19.11.21.2253
L 10/15/2022 - 16:20:08: [chat-processor.smx] Message formats generated for game 'csgo'.
L 10/15/2022 - 16:20:08: [chat-processor.smx] Successfully hooked a SayText2 chat hook.
L 10/15/2022 - 16:53:26: -------- Mapchange to de_train --------
L 10/15/2022 - 16:53:27: [basecommands.smx] "Console<0><Console><Console>" changed cvar (cvar "mapcyclefile") (value "map_custom.txt")
L 10/15/2022 - 16:53:31: [warmod.smx] Current Map: de_train, Warmod Version: 19.11.21.2253
L 10/15/2022 - 16:53:33: [chat-processor.smx] Message formats generated for game 'csgo'.
L 10/15/2022 - 16:53:33: [chat-processor.smx] Successfully hooked a SayText2 chat hook.
L 10/15/2022 - 22:49:55: -------- Mapchange to de_train --------
L 10/15/2022 - 22:49:56: [basecommands.smx] "Console<0><Console><Console>" changed cvar (cvar "mapcyclefile") (value "map_custom.txt")
L 10/15/2022 - 22:50:01: [warmod.smx] Current Map: de_train, Warmod Version: 19.11.21.2253
L 10/15/2022 - 22:50:03: [chat-processor.smx] Message formats generated for game 'csgo'.
L 10/15/2022 - 22:50:03: [chat-processor.smx] Successfully hooked a SayText2 chat hook.
L 10/16/2022 - 00:57:43: Log file closed.
