L 11/16/2022 - 00:01:17: SourceMod log file session started (file "/csgoserver/server1/csgo/addons/sourcemod/logs/L20221116.log") (Version "1.11.0.6913")
L 11/16/2022 - 00:01:17: [basecommands.smx] "Console<0><Console><Console>" changed cvar (cvar "mapcyclefile") (value "map_custom.txt")
L 11/16/2022 - 00:01:19: [chat-processor.smx] Message formats generated for game 'csgo'.
L 11/16/2022 - 00:01:19: [chat-processor.smx] Successfully hooked a SayText2 chat hook.
L 11/16/2022 - 09:26:09: Log file closed.
L 11/16/2022 - 09:26:52: SourceMod log file session started (file "/csgoserver/server1/csgo/addons/sourcemod/logs/L20221116.log") (Version "1.11.0.6913")
L 11/16/2022 - 09:26:52: [GEOIP] GeoIP2 database loaded: GeoLite2-City (2019-12-17 20:01:26 UTC) (/csgoserver/server1/csgo/addons/sourcemod/configs/geoip/GeoLite2-City.mmdb)
L 11/16/2022 - 09:26:52: [GEOIP] GeoIP2 supported languages: de en es fr ja pt-BR ru zh-CN
L 11/16/2022 - 09:26:52: [GEOIP] Your database is older than 90 days. You should consider downloading a newer version from e.g. https://dev.maxmind.com/geoip/geolite2-free-geolocation-data
L 11/16/2022 - 09:26:52: [auto_steam_update.smx] HUD text is supported on this mod. The persistant timer will display.
L 11/16/2022 - 09:26:54: [warmod.smx] Current Map: de_mirage, Warmod Version: 22.10.29.1916
L 11/16/2022 - 09:59:31: -------- Mapchange to de_mirage --------
L 11/16/2022 - 09:59:31: [basecommands.smx] "Console<0><Console><Console>" changed cvar (cvar "mapcyclefile") (value "map_custom.txt")
L 11/16/2022 - 09:59:33: [warmod.smx] Current Map: de_mirage, Warmod Version: 22.10.29.1916
L 11/16/2022 - 09:59:33: [chat-processor.smx] Message formats generated for game 'csgo'.
L 11/16/2022 - 09:59:33: [chat-processor.smx] Successfully hooked a SayText2 chat hook.
L 11/16/2022 - 13:15:07: -------- Mapchange to de_mirage --------
L 11/16/2022 - 13:15:07: [basecommands.smx] "Console<0><Console><Console>" changed cvar (cvar "mapcyclefile") (value "map_custom.txt")
L 11/16/2022 - 13:15:09: [warmod.smx] Current Map: de_mirage, Warmod Version: 22.10.29.1916
L 11/16/2022 - 13:15:09: [chat-processor.smx] Message formats generated for game 'csgo'.
L 11/16/2022 - 13:15:09: [chat-processor.smx] Successfully hooked a SayText2 chat hook.
L 11/16/2022 - 14:00:40: -------- Mapchange to de_mirage --------
L 11/16/2022 - 14:00:40: [basecommands.smx] "Console<0><Console><Console>" changed cvar (cvar "mapcyclefile") (value "map_custom.txt")
L 11/16/2022 - 14:00:42: [warmod.smx] Current Map: de_mirage, Warmod Version: 22.10.29.1916
L 11/16/2022 - 14:00:42: [chat-processor.smx] Message formats generated for game 'csgo'.
L 11/16/2022 - 14:00:42: [chat-processor.smx] Successfully hooked a SayText2 chat hook.
L 11/16/2022 - 14:01:08: [basecommands.smx] "L0v1 Z<7><STEAM_1:0:237026989><>" kicked "GOTV<6><BOT><>" (reason "")
L 11/16/2022 - 14:01:10: [basecommands.smx] "L0v1 Z<7><STEAM_1:0:237026989><>" kicked "L0v1 Z<7><STEAM_1:0:237026989><>" (reason "")
L 11/16/2022 - 14:27:50: -------- Mapchange to de_mirage --------
L 11/16/2022 - 14:27:50: [basecommands.smx] "Console<0><Console><Console>" changed cvar (cvar "mapcyclefile") (value "map_custom.txt")
L 11/16/2022 - 14:27:52: [warmod.smx] Current Map: de_mirage, Warmod Version: 22.10.29.1916
L 11/16/2022 - 14:27:52: [chat-processor.smx] Message formats generated for game 'csgo'.
L 11/16/2022 - 14:27:52: [chat-processor.smx] Successfully hooked a SayText2 chat hook.
L 11/16/2022 - 14:57:04: -------- Mapchange to de_mirage --------
L 11/16/2022 - 14:57:04: [basecommands.smx] "Console<0><Console><Console>" changed cvar (cvar "mapcyclefile") (value "map_custom.txt")
L 11/16/2022 - 14:57:06: [warmod.smx] Current Map: de_mirage, Warmod Version: 22.10.29.1916
L 11/16/2022 - 14:57:06: [chat-processor.smx] Message formats generated for game 'csgo'.
L 11/16/2022 - 14:57:06: [chat-processor.smx] Successfully hooked a SayText2 chat hook.
L 11/16/2022 - 21:54:29: -------- Mapchange to de_mirage --------
L 11/16/2022 - 21:54:29: [basecommands.smx] "Console<0><Console><Console>" changed cvar (cvar "mapcyclefile") (value "map_custom.txt")
L 11/16/2022 - 21:54:31: [warmod.smx] Current Map: de_mirage, Warmod Version: 22.10.29.1916
L 11/16/2022 - 21:54:31: [chat-processor.smx] Message formats generated for game 'csgo'.
L 11/16/2022 - 21:54:31: [chat-processor.smx] Successfully hooked a SayText2 chat hook.
L 11/16/2022 - 21:58:36: -------- Mapchange to de_mirage --------
L 11/16/2022 - 21:58:36: [basecommands.smx] "Console<0><Console><Console>" changed cvar (cvar "mapcyclefile") (value "map_custom.txt")
L 11/16/2022 - 21:58:38: [warmod.smx] Current Map: de_mirage, Warmod Version: 22.10.29.1916
L 11/16/2022 - 21:58:38: [chat-processor.smx] Message formats generated for game 'csgo'.
L 11/16/2022 - 21:58:38: [chat-processor.smx] Successfully hooked a SayText2 chat hook.
L 11/16/2022 - 23:12:03: -------- Mapchange to de_mirage --------
L 11/16/2022 - 23:12:03: [basecommands.smx] "Console<0><Console><Console>" changed cvar (cvar "mapcyclefile") (value "map_custom.txt")
L 11/16/2022 - 23:12:05: [warmod.smx] Current Map: de_mirage, Warmod Version: 22.10.29.1916
L 11/16/2022 - 23:12:05: [chat-processor.smx] Message formats generated for game 'csgo'.
L 11/16/2022 - 23:12:05: [chat-processor.smx] Successfully hooked a SayText2 chat hook.
L 11/16/2022 - 23:30:34: -------- Mapchange to de_mirage --------
L 11/16/2022 - 23:30:34: [basecommands.smx] "Console<0><Console><Console>" changed cvar (cvar "mapcyclefile") (value "map_custom.txt")
L 11/16/2022 - 23:30:36: [warmod.smx] Current Map: de_mirage, Warmod Version: 22.10.29.1916
L 11/16/2022 - 23:30:36: [chat-processor.smx] Message formats generated for game 'csgo'.
L 11/16/2022 - 23:30:36: [chat-processor.smx] Successfully hooked a SayText2 chat hook.
L 11/16/2022 - 23:43:20: -------- Mapchange to de_mirage --------
L 11/16/2022 - 23:43:20: [basecommands.smx] "Console<0><Console><Console>" changed cvar (cvar "mapcyclefile") (value "map_custom.txt")
L 11/16/2022 - 23:43:22: [warmod.smx] Current Map: de_mirage, Warmod Version: 22.10.29.1916
L 11/16/2022 - 23:43:22: [chat-processor.smx] Message formats generated for game 'csgo'.
L 11/16/2022 - 23:43:22: [chat-processor.smx] Successfully hooked a SayText2 chat hook.
L 11/16/2022 - 23:49:42: -------- Mapchange to de_mirage --------
L 11/16/2022 - 23:49:42: [basecommands.smx] "Console<0><Console><Console>" changed cvar (cvar "mapcyclefile") (value "map_custom.txt")
L 11/16/2022 - 23:49:44: [warmod.smx] Current Map: de_mirage, Warmod Version: 22.10.29.1916
L 11/16/2022 - 23:49:44: [chat-processor.smx] Message formats generated for game 'csgo'.
L 11/16/2022 - 23:49:44: [chat-processor.smx] Successfully hooked a SayText2 chat hook.
L 11/17/2022 - 00:07:09: Log file closed.
