L 10/24/2022 - 03:12:07: SourceMod log file session started (file "/badfupo/server1/csgo/addons/sourcemod/logs/L20221024.log") (Version "1.11.0.6913")
L 10/24/2022 - 03:12:07: [basecommands.smx] "Console<0><Console><Console>" changed cvar (cvar "mapcyclefile") (value "map_custom.txt")
L 10/24/2022 - 03:12:11: [warmod.smx] Current Map: de_mirage, Warmod Version: 19.11.21.2253
L 10/24/2022 - 03:12:11: [chat-processor.smx] Message formats generated for game 'csgo'.
L 10/24/2022 - 03:12:11: [chat-processor.smx] Successfully hooked a SayText2 chat hook.
L 10/24/2022 - 04:33:52: -------- Mapchange to de_mirage --------
L 10/24/2022 - 04:33:53: [basecommands.smx] "Console<0><Console><Console>" changed cvar (cvar "mapcyclefile") (value "map_custom.txt")
L 10/24/2022 - 04:33:56: [warmod.smx] Current Map: de_mirage, Warmod Version: 19.11.21.2253
L 10/24/2022 - 04:33:57: [chat-processor.smx] Message formats generated for game 'csgo'.
L 10/24/2022 - 04:33:57: [chat-processor.smx] Successfully hooked a SayText2 chat hook.
L 10/24/2022 - 05:06:12: -------- Mapchange to de_mirage --------
L 10/24/2022 - 05:06:12: [basecommands.smx] "Console<0><Console><Console>" changed cvar (cvar "mapcyclefile") (value "map_custom.txt")
L 10/24/2022 - 05:06:16: [warmod.smx] Current Map: de_mirage, Warmod Version: 19.11.21.2253
L 10/24/2022 - 05:06:16: [chat-processor.smx] Message formats generated for game 'csgo'.
L 10/24/2022 - 05:06:16: [chat-processor.smx] Successfully hooked a SayText2 chat hook.
L 10/24/2022 - 05:51:23: -------- Mapchange to de_mirage --------
L 10/24/2022 - 05:51:23: [basecommands.smx] "Console<0><Console><Console>" changed cvar (cvar "mapcyclefile") (value "map_custom.txt")
L 10/24/2022 - 05:51:27: [warmod.smx] Current Map: de_mirage, Warmod Version: 19.11.21.2253
L 10/24/2022 - 05:51:28: [chat-processor.smx] Message formats generated for game 'csgo'.
L 10/24/2022 - 05:51:28: [chat-processor.smx] Successfully hooked a SayText2 chat hook.
L 10/24/2022 - 07:12:55: -------- Mapchange to de_mirage --------
L 10/24/2022 - 07:12:55: [basecommands.smx] "Console<0><Console><Console>" changed cvar (cvar "mapcyclefile") (value "map_custom.txt")
L 10/24/2022 - 07:12:59: [warmod.smx] Current Map: de_mirage, Warmod Version: 19.11.21.2253
L 10/24/2022 - 07:12:59: [chat-processor.smx] Message formats generated for game 'csgo'.
L 10/24/2022 - 07:12:59: [chat-processor.smx] Successfully hooked a SayText2 chat hook.
L 10/24/2022 - 09:12:20: -------- Mapchange to de_mirage --------
L 10/24/2022 - 09:12:21: [basecommands.smx] "Console<0><Console><Console>" changed cvar (cvar "mapcyclefile") (value "map_custom.txt")
L 10/24/2022 - 09:12:24: [warmod.smx] Current Map: de_mirage, Warmod Version: 19.11.21.2253
L 10/24/2022 - 09:12:25: [chat-processor.smx] Message formats generated for game 'csgo'.
L 10/24/2022 - 09:12:25: [chat-processor.smx] Successfully hooked a SayText2 chat hook.
L 10/24/2022 - 09:18:23: -------- Mapchange to de_mirage --------
L 10/24/2022 - 09:18:23: [basecommands.smx] "Console<0><Console><Console>" changed cvar (cvar "mapcyclefile") (value "map_custom.txt")
L 10/24/2022 - 09:18:27: [warmod.smx] Current Map: de_mirage, Warmod Version: 19.11.21.2253
L 10/24/2022 - 09:18:27: [chat-processor.smx] Message formats generated for game 'csgo'.
L 10/24/2022 - 09:18:27: [chat-processor.smx] Successfully hooked a SayText2 chat hook.
L 10/24/2022 - 10:09:58: -------- Mapchange to de_mirage --------
L 10/24/2022 - 10:09:58: [basecommands.smx] "Console<0><Console><Console>" changed cvar (cvar "mapcyclefile") (value "map_custom.txt")
L 10/24/2022 - 10:10:02: [warmod.smx] Current Map: de_mirage, Warmod Version: 19.11.21.2253
L 10/24/2022 - 10:10:03: [chat-processor.smx] Message formats generated for game 'csgo'.
L 10/24/2022 - 10:10:03: [chat-processor.smx] Successfully hooked a SayText2 chat hook.
L 10/24/2022 - 10:22:09: -------- Mapchange to de_mirage --------
L 10/24/2022 - 10:22:09: [basecommands.smx] "Console<0><Console><Console>" changed cvar (cvar "mapcyclefile") (value "map_custom.txt")
L 10/24/2022 - 10:22:13: [warmod.smx] Current Map: de_mirage, Warmod Version: 19.11.21.2253
L 10/24/2022 - 10:22:13: [chat-processor.smx] Message formats generated for game 'csgo'.
L 10/24/2022 - 10:22:13: [chat-processor.smx] Successfully hooked a SayText2 chat hook.
L 10/24/2022 - 11:20:17: -------- Mapchange to de_mirage --------
L 10/24/2022 - 11:20:17: [basecommands.smx] "Console<0><Console><Console>" changed cvar (cvar "mapcyclefile") (value "map_custom.txt")
L 10/24/2022 - 11:20:21: [warmod.smx] Current Map: de_mirage, Warmod Version: 19.11.21.2253
L 10/24/2022 - 11:20:22: [chat-processor.smx] Message formats generated for game 'csgo'.
L 10/24/2022 - 11:20:22: [chat-processor.smx] Successfully hooked a SayText2 chat hook.
L 10/24/2022 - 11:35:21: -------- Mapchange to de_mirage --------
L 10/24/2022 - 11:35:21: [basecommands.smx] "Console<0><Console><Console>" changed cvar (cvar "mapcyclefile") (value "map_custom.txt")
L 10/24/2022 - 11:35:25: [warmod.smx] Current Map: de_mirage, Warmod Version: 19.11.21.2253
L 10/24/2022 - 11:35:26: [chat-processor.smx] Message formats generated for game 'csgo'.
L 10/24/2022 - 11:35:26: [chat-processor.smx] Successfully hooked a SayText2 chat hook.
L 10/24/2022 - 11:42:53: -------- Mapchange to de_mirage --------
L 10/24/2022 - 11:42:54: [basecommands.smx] "Console<0><Console><Console>" changed cvar (cvar "mapcyclefile") (value "map_custom.txt")
L 10/24/2022 - 11:42:57: [warmod.smx] Current Map: de_mirage, Warmod Version: 19.11.21.2253
L 10/24/2022 - 11:42:58: [chat-processor.smx] Message formats generated for game 'csgo'.
L 10/24/2022 - 11:42:58: [chat-processor.smx] Successfully hooked a SayText2 chat hook.
L 10/24/2022 - 11:49:02: -------- Mapchange to de_mirage --------
L 10/24/2022 - 11:49:02: [basecommands.smx] "Console<0><Console><Console>" changed cvar (cvar "mapcyclefile") (value "map_custom.txt")
L 10/24/2022 - 11:49:06: [warmod.smx] Current Map: de_mirage, Warmod Version: 19.11.21.2253
L 10/24/2022 - 11:49:07: [chat-processor.smx] Message formats generated for game 'csgo'.
L 10/24/2022 - 11:49:07: [chat-processor.smx] Successfully hooked a SayText2 chat hook.
L 10/24/2022 - 13:22:39: -------- Mapchange to de_mirage --------
L 10/24/2022 - 13:22:39: [basecommands.smx] "Console<0><Console><Console>" changed cvar (cvar "mapcyclefile") (value "map_custom.txt")
L 10/24/2022 - 13:22:43: [warmod.smx] Current Map: de_mirage, Warmod Version: 19.11.21.2253
L 10/24/2022 - 13:22:44: [chat-processor.smx] Message formats generated for game 'csgo'.
L 10/24/2022 - 13:22:44: [chat-processor.smx] Successfully hooked a SayText2 chat hook.
L 10/24/2022 - 13:47:02: -------- Mapchange to de_mirage --------
L 10/24/2022 - 13:47:02: [basecommands.smx] "Console<0><Console><Console>" changed cvar (cvar "mapcyclefile") (value "map_custom.txt")
L 10/24/2022 - 13:47:06: [warmod.smx] Current Map: de_mirage, Warmod Version: 19.11.21.2253
L 10/24/2022 - 13:47:07: [chat-processor.smx] Message formats generated for game 'csgo'.
L 10/24/2022 - 13:47:07: [chat-processor.smx] Successfully hooked a SayText2 chat hook.
L 10/24/2022 - 21:18:59: -------- Mapchange to de_mirage --------
L 10/24/2022 - 21:18:59: [basecommands.smx] "Console<0><Console><Console>" changed cvar (cvar "mapcyclefile") (value "map_custom.txt")
L 10/24/2022 - 21:19:03: [warmod.smx] Current Map: de_mirage, Warmod Version: 19.11.21.2253
L 10/24/2022 - 21:19:04: [chat-processor.smx] Message formats generated for game 'csgo'.
L 10/24/2022 - 21:19:04: [chat-processor.smx] Successfully hooked a SayText2 chat hook.
L 10/25/2022 - 00:32:09: Log file closed.
