L 10/02/2022 - 00:53:10: SourceMod log file session started (file "/badfupo/server1/csgo/addons/sourcemod/logs/L20221002.log") (Version "1.12.0.6912")
L 10/02/2022 - 00:53:10: [basecommands.smx] "Console<0><Console><Console>" changed cvar (cvar "mapcyclefile") (value "map_custom.txt")
L 10/02/2022 - 00:53:15: [warmod.smx] Current Map: de_vertigo, Warmod Version: 19.11.21.2253
L 10/02/2022 - 00:53:15: [chat-processor.smx] Message formats generated for game 'csgo'.
L 10/02/2022 - 00:53:15: [chat-processor.smx] Successfully hooked a SayText2 chat hook.
L 10/02/2022 - 01:20:34: -------- Mapchange to de_vertigo --------
L 10/02/2022 - 01:20:35: [basecommands.smx] "Console<0><Console><Console>" changed cvar (cvar "mapcyclefile") (value "map_custom.txt")
L 10/02/2022 - 01:20:39: [warmod.smx] Current Map: de_vertigo, Warmod Version: 19.11.21.2253
L 10/02/2022 - 01:20:40: [chat-processor.smx] Message formats generated for game 'csgo'.
L 10/02/2022 - 01:20:40: [chat-processor.smx] Successfully hooked a SayText2 chat hook.
L 10/02/2022 - 01:26:21: -------- Mapchange to de_vertigo --------
L 10/02/2022 - 01:26:22: [basecommands.smx] "Console<0><Console><Console>" changed cvar (cvar "mapcyclefile") (value "map_custom.txt")
L 10/02/2022 - 01:26:26: [warmod.smx] Current Map: de_vertigo, Warmod Version: 19.11.21.2253
L 10/02/2022 - 01:26:27: [chat-processor.smx] Message formats generated for game 'csgo'.
L 10/02/2022 - 01:26:27: [chat-processor.smx] Successfully hooked a SayText2 chat hook.
L 10/02/2022 - 02:09:02: -------- Mapchange to de_vertigo --------
L 10/02/2022 - 02:09:03: [basecommands.smx] "Console<0><Console><Console>" changed cvar (cvar "mapcyclefile") (value "map_custom.txt")
L 10/02/2022 - 02:09:07: [warmod.smx] Current Map: de_vertigo, Warmod Version: 19.11.21.2253
L 10/02/2022 - 02:09:08: [chat-processor.smx] Message formats generated for game 'csgo'.
L 10/02/2022 - 02:09:08: [chat-processor.smx] Successfully hooked a SayText2 chat hook.
L 10/02/2022 - 02:16:06: -------- Mapchange to de_vertigo --------
L 10/02/2022 - 02:16:06: [basecommands.smx] "Console<0><Console><Console>" changed cvar (cvar "mapcyclefile") (value "map_custom.txt")
L 10/02/2022 - 02:16:11: [warmod.smx] Current Map: de_vertigo, Warmod Version: 19.11.21.2253
L 10/02/2022 - 02:16:11: [chat-processor.smx] Message formats generated for game 'csgo'.
L 10/02/2022 - 02:16:11: [chat-processor.smx] Successfully hooked a SayText2 chat hook.
L 10/02/2022 - 02:25:44: -------- Mapchange to de_vertigo --------
L 10/02/2022 - 02:25:45: [basecommands.smx] "Console<0><Console><Console>" changed cvar (cvar "mapcyclefile") (value "map_custom.txt")
L 10/02/2022 - 02:25:49: [warmod.smx] Current Map: de_vertigo, Warmod Version: 19.11.21.2253
L 10/02/2022 - 02:25:50: [chat-processor.smx] Message formats generated for game 'csgo'.
L 10/02/2022 - 02:25:50: [chat-processor.smx] Successfully hooked a SayText2 chat hook.
L 10/02/2022 - 02:28:35: -------- Mapchange to de_vertigo --------
L 10/02/2022 - 02:28:35: [basecommands.smx] "Console<0><Console><Console>" changed cvar (cvar "mapcyclefile") (value "map_custom.txt")
L 10/02/2022 - 02:28:39: [warmod.smx] Current Map: de_vertigo, Warmod Version: 19.11.21.2253
L 10/02/2022 - 02:28:40: [chat-processor.smx] Message formats generated for game 'csgo'.
L 10/02/2022 - 02:28:40: [chat-processor.smx] Successfully hooked a SayText2 chat hook.
L 10/02/2022 - 02:44:43: -------- Mapchange to de_vertigo --------
L 10/02/2022 - 02:44:44: [basecommands.smx] "Console<0><Console><Console>" changed cvar (cvar "mapcyclefile") (value "map_custom.txt")
L 10/02/2022 - 02:44:48: [warmod.smx] Current Map: de_vertigo, Warmod Version: 19.11.21.2253
L 10/02/2022 - 02:44:49: [chat-processor.smx] Message formats generated for game 'csgo'.
L 10/02/2022 - 02:44:49: [chat-processor.smx] Successfully hooked a SayText2 chat hook.
L 10/02/2022 - 03:26:29: -------- Mapchange to de_nuke --------
L 10/02/2022 - 03:26:29: [basecommands.smx] "Console<0><Console><Console>" changed cvar (cvar "mapcyclefile") (value "map_custom.txt")
L 10/02/2022 - 03:26:34: [warmod.smx] Current Map: de_nuke, Warmod Version: 19.11.21.2253
L 10/02/2022 - 03:26:35: [chat-processor.smx] Message formats generated for game 'csgo'.
L 10/02/2022 - 03:26:35: [chat-processor.smx] Successfully hooked a SayText2 chat hook.
L 10/02/2022 - 03:32:03: -------- Mapchange to de_nuke --------
L 10/02/2022 - 03:32:03: [basecommands.smx] "Console<0><Console><Console>" changed cvar (cvar "mapcyclefile") (value "map_custom.txt")
L 10/02/2022 - 03:32:08: [warmod.smx] Current Map: de_nuke, Warmod Version: 19.11.21.2253
L 10/02/2022 - 03:32:08: [chat-processor.smx] Message formats generated for game 'csgo'.
L 10/02/2022 - 03:32:08: [chat-processor.smx] Successfully hooked a SayText2 chat hook.
L 10/02/2022 - 07:24:31: -------- Mapchange to de_nuke --------
L 10/02/2022 - 07:24:31: [basecommands.smx] "Console<0><Console><Console>" changed cvar (cvar "mapcyclefile") (value "map_custom.txt")
L 10/02/2022 - 07:24:36: [warmod.smx] Current Map: de_nuke, Warmod Version: 19.11.21.2253
L 10/02/2022 - 07:24:36: [chat-processor.smx] Message formats generated for game 'csgo'.
L 10/02/2022 - 07:24:36: [chat-processor.smx] Successfully hooked a SayText2 chat hook.
L 10/02/2022 - 07:25:43: -------- Mapchange to de_nuke --------
L 10/02/2022 - 07:25:43: [basecommands.smx] "Console<0><Console><Console>" changed cvar (cvar "mapcyclefile") (value "map_custom.txt")
L 10/02/2022 - 07:25:48: [warmod.smx] Current Map: de_nuke, Warmod Version: 19.11.21.2253
L 10/02/2022 - 07:25:48: [chat-processor.smx] Message formats generated for game 'csgo'.
L 10/02/2022 - 07:25:48: [chat-processor.smx] Successfully hooked a SayText2 chat hook.
L 10/02/2022 - 07:51:02: -------- Mapchange to de_nuke --------
L 10/02/2022 - 07:51:03: [basecommands.smx] "Console<0><Console><Console>" changed cvar (cvar "mapcyclefile") (value "map_custom.txt")
L 10/02/2022 - 07:51:07: [warmod.smx] Current Map: de_nuke, Warmod Version: 19.11.21.2253
L 10/02/2022 - 07:51:08: [chat-processor.smx] Message formats generated for game 'csgo'.
L 10/02/2022 - 07:51:08: [chat-processor.smx] Successfully hooked a SayText2 chat hook.
L 10/02/2022 - 08:12:31: -------- Mapchange to de_nuke --------
L 10/02/2022 - 08:12:32: [basecommands.smx] "Console<0><Console><Console>" changed cvar (cvar "mapcyclefile") (value "map_custom.txt")
L 10/02/2022 - 08:12:36: [warmod.smx] Current Map: de_nuke, Warmod Version: 19.11.21.2253
L 10/02/2022 - 08:12:37: [chat-processor.smx] Message formats generated for game 'csgo'.
L 10/02/2022 - 08:12:37: [chat-processor.smx] Successfully hooked a SayText2 chat hook.
L 10/02/2022 - 08:23:05: -------- Mapchange to de_nuke --------
L 10/02/2022 - 08:23:05: [basecommands.smx] "Console<0><Console><Console>" changed cvar (cvar "mapcyclefile") (value "map_custom.txt")
L 10/02/2022 - 08:23:10: [warmod.smx] Current Map: de_nuke, Warmod Version: 19.11.21.2253
L 10/02/2022 - 08:23:11: [chat-processor.smx] Message formats generated for game 'csgo'.
L 10/02/2022 - 08:23:11: [chat-processor.smx] Successfully hooked a SayText2 chat hook.
L 10/02/2022 - 08:26:03: -------- Mapchange to de_mirage --------
L 10/02/2022 - 08:26:03: [basecommands.smx] "Console<0><Console><Console>" changed cvar (cvar "mapcyclefile") (value "map_custom.txt")
L 10/02/2022 - 08:26:07: [warmod.smx] Current Map: de_mirage, Warmod Version: 19.11.21.2253
L 10/02/2022 - 08:26:08: [chat-processor.smx] Message formats generated for game 'csgo'.
L 10/02/2022 - 08:26:08: [chat-processor.smx] Successfully hooked a SayText2 chat hook.
L 10/02/2022 - 08:39:09: -------- Mapchange to de_inferno --------
L 10/02/2022 - 08:39:10: [basecommands.smx] "Console<0><Console><Console>" changed cvar (cvar "mapcyclefile") (value "map_custom.txt")
L 10/02/2022 - 08:39:14: [warmod.smx] Current Map: de_inferno, Warmod Version: 19.11.21.2253
L 10/02/2022 - 08:39:15: [chat-processor.smx] Message formats generated for game 'csgo'.
L 10/02/2022 - 08:39:15: [chat-processor.smx] Successfully hooked a SayText2 chat hook.
L 10/02/2022 - 08:48:07: -------- Mapchange to de_mirage --------
L 10/02/2022 - 08:48:08: [basecommands.smx] "Console<0><Console><Console>" changed cvar (cvar "mapcyclefile") (value "map_custom.txt")
L 10/02/2022 - 08:48:12: [warmod.smx] Current Map: de_mirage, Warmod Version: 19.11.21.2253
L 10/02/2022 - 08:48:13: [chat-processor.smx] Message formats generated for game 'csgo'.
L 10/02/2022 - 08:48:13: [chat-processor.smx] Successfully hooked a SayText2 chat hook.
L 10/02/2022 - 09:46:36: [basecommands.smx] "RomanceOnlooker<472><STEAM_1:0:239856464><>" executed config (file "sm_competitive.cfg")
L 10/02/2022 - 13:34:44: -------- Mapchange to de_mirage --------
L 10/02/2022 - 13:34:45: [basecommands.smx] "Console<0><Console><Console>" changed cvar (cvar "mapcyclefile") (value "map_custom.txt")
L 10/02/2022 - 13:34:50: [chat-processor.smx] Message formats generated for game 'csgo'.
L 10/02/2022 - 13:34:50: [chat-processor.smx] Successfully hooked a SayText2 chat hook.
L 10/02/2022 - 13:36:35: -------- Mapchange to de_mirage --------
L 10/02/2022 - 13:36:35: [basecommands.smx] "Console<0><Console><Console>" changed cvar (cvar "mapcyclefile") (value "map_custom.txt")
L 10/02/2022 - 13:36:41: [chat-processor.smx] Message formats generated for game 'csgo'.
L 10/02/2022 - 13:36:41: [chat-processor.smx] Successfully hooked a SayText2 chat hook.
L 10/02/2022 - 13:57:23: -------- Mapchange to de_mirage --------
L 10/02/2022 - 13:58:04: SourceMod log file session started (file "/badfupo/server1/csgo/addons/sourcemod/logs/L20221002.log") (Version "1.12.0.6912")
L 10/02/2022 - 13:58:04: [GEOIP] GeoIP2 database loaded: GeoLite2-City (2019-12-17 20:01:26 UTC) (/badfupo/server1/csgo/addons/sourcemod/configs/geoip/GeoLite2-City.mmdb)
L 10/02/2022 - 13:58:04: [GEOIP] GeoIP2 supported languages: de en es fr ja pt-BR ru zh-CN
L 10/02/2022 - 13:58:04: [GEOIP] Your database is older than 90 days. You should consider downloading a newer version from e.g. https://dev.maxmind.com/geoip/geolite2-free-geolocation-data
L 10/02/2022 - 13:58:05: [auto_steam_update.smx] HUD text is supported on this mod. The persistant timer will display.
L 10/02/2022 - 13:58:10: [warmod.smx] Current Map: de_mirage, Warmod Version: 19.11.21.2253
L 10/02/2022 - 14:05:31: -------- Mapchange to de_mirage --------
L 10/02/2022 - 14:05:31: [basecommands.smx] "Console<0><Console><Console>" changed cvar (cvar "mapcyclefile") (value "map_custom.txt")
L 10/02/2022 - 14:05:35: [warmod.smx] Current Map: de_mirage, Warmod Version: 19.11.21.2253
L 10/02/2022 - 14:05:36: [chat-processor.smx] Message formats generated for game 'csgo'.
L 10/02/2022 - 14:05:36: [chat-processor.smx] Successfully hooked a SayText2 chat hook.
L 10/02/2022 - 14:09:32: -------- Mapchange to de_mirage --------
L 10/02/2022 - 14:09:32: [basecommands.smx] "Console<0><Console><Console>" changed cvar (cvar "mapcyclefile") (value "map_custom.txt")
L 10/02/2022 - 14:09:36: [warmod.smx] Current Map: de_mirage, Warmod Version: 19.11.21.2253
L 10/02/2022 - 14:09:36: [chat-processor.smx] Message formats generated for game 'csgo'.
L 10/02/2022 - 14:09:36: [chat-processor.smx] Successfully hooked a SayText2 chat hook.
L 10/02/2022 - 14:52:47: -------- Mapchange to de_mirage --------
L 10/02/2022 - 14:52:48: [basecommands.smx] "Console<0><Console><Console>" changed cvar (cvar "mapcyclefile") (value "map_custom.txt")
L 10/02/2022 - 14:52:52: [warmod.smx] Current Map: de_mirage, Warmod Version: 19.11.21.2253
L 10/02/2022 - 14:52:52: [chat-processor.smx] Message formats generated for game 'csgo'.
L 10/02/2022 - 14:52:52: [chat-processor.smx] Successfully hooked a SayText2 chat hook.
L 10/02/2022 - 14:54:50: -------- Mapchange to de_mirage --------
L 10/02/2022 - 14:54:50: [basecommands.smx] "Console<0><Console><Console>" changed cvar (cvar "mapcyclefile") (value "map_custom.txt")
L 10/02/2022 - 14:54:54: [warmod.smx] Current Map: de_mirage, Warmod Version: 19.11.21.2253
L 10/02/2022 - 14:54:55: [chat-processor.smx] Message formats generated for game 'csgo'.
L 10/02/2022 - 14:54:55: [chat-processor.smx] Successfully hooked a SayText2 chat hook.
L 10/02/2022 - 15:42:19: -------- Mapchange to de_mirage --------
L 10/02/2022 - 15:42:19: [basecommands.smx] "Console<0><Console><Console>" changed cvar (cvar "mapcyclefile") (value "map_custom.txt")
L 10/02/2022 - 15:42:23: [warmod.smx] Current Map: de_mirage, Warmod Version: 19.11.21.2253
L 10/02/2022 - 15:42:24: [chat-processor.smx] Message formats generated for game 'csgo'.
L 10/02/2022 - 15:42:24: [chat-processor.smx] Successfully hooked a SayText2 chat hook.
L 10/02/2022 - 15:45:45: -------- Mapchange to de_mirage --------
L 10/02/2022 - 15:45:46: [basecommands.smx] "Console<0><Console><Console>" changed cvar (cvar "mapcyclefile") (value "map_custom.txt")
L 10/02/2022 - 15:45:50: [warmod.smx] Current Map: de_mirage, Warmod Version: 19.11.21.2253
L 10/02/2022 - 15:45:50: [chat-processor.smx] Message formats generated for game 'csgo'.
L 10/02/2022 - 15:45:50: [chat-processor.smx] Successfully hooked a SayText2 chat hook.
L 10/02/2022 - 21:50:39: -------- Mapchange to de_mirage --------
L 10/02/2022 - 21:50:40: [basecommands.smx] "Console<0><Console><Console>" changed cvar (cvar "mapcyclefile") (value "map_custom.txt")
L 10/02/2022 - 21:50:44: [warmod.smx] Current Map: de_mirage, Warmod Version: 19.11.21.2253
L 10/02/2022 - 21:50:44: [chat-processor.smx] Message formats generated for game 'csgo'.
L 10/02/2022 - 21:50:44: [chat-processor.smx] Successfully hooked a SayText2 chat hook.
L 10/02/2022 - 23:37:18: -------- Mapchange to de_mirage --------
L 10/02/2022 - 23:37:18: [basecommands.smx] "Console<0><Console><Console>" changed cvar (cvar "mapcyclefile") (value "map_custom.txt")
L 10/02/2022 - 23:37:22: [warmod.smx] Current Map: de_mirage, Warmod Version: 19.11.21.2253
L 10/02/2022 - 23:37:22: [chat-processor.smx] Message formats generated for game 'csgo'.
L 10/02/2022 - 23:37:22: [chat-processor.smx] Successfully hooked a SayText2 chat hook.
L 10/03/2022 - 01:41:54: Log file closed.
