L 11/08/2022 - 04:18:03: SourceMod log file session started (file "/badfupo/server1/csgo/addons/sourcemod/logs/L20221108.log") (Version "1.11.0.6913")
L 11/08/2022 - 04:18:03: [basecommands.smx] "Console<0><Console><Console>" changed cvar (cvar "mapcyclefile") (value "map_custom.txt")
L 11/08/2022 - 04:18:07: [warmod.smx] Current Map: de_mirage, Warmod Version: 22.10.29.1916
L 11/08/2022 - 04:18:08: [chat-processor.smx] Message formats generated for game 'csgo'.
L 11/08/2022 - 04:18:08: [chat-processor.smx] Successfully hooked a SayText2 chat hook.
L 11/08/2022 - 05:17:11: -------- Mapchange to de_mirage --------
L 11/08/2022 - 05:17:11: [basecommands.smx] "Console<0><Console><Console>" changed cvar (cvar "mapcyclefile") (value "map_custom.txt")
L 11/08/2022 - 05:17:15: [warmod.smx] Current Map: de_mirage, Warmod Version: 22.10.29.1916
L 11/08/2022 - 05:17:16: [chat-processor.smx] Message formats generated for game 'csgo'.
L 11/08/2022 - 05:17:16: [chat-processor.smx] Successfully hooked a SayText2 chat hook.
L 11/08/2022 - 07:07:03: -------- Mapchange to de_mirage --------
L 11/08/2022 - 07:07:03: [basecommands.smx] "Console<0><Console><Console>" changed cvar (cvar "mapcyclefile") (value "map_custom.txt")
L 11/08/2022 - 07:07:07: [warmod.smx] Current Map: de_mirage, Warmod Version: 22.10.29.1916
L 11/08/2022 - 07:07:08: [chat-processor.smx] Message formats generated for game 'csgo'.
L 11/08/2022 - 07:07:08: [chat-processor.smx] Successfully hooked a SayText2 chat hook.
L 11/08/2022 - 07:27:15: -------- Mapchange to de_mirage --------
L 11/08/2022 - 07:27:15: [basecommands.smx] "Console<0><Console><Console>" changed cvar (cvar "mapcyclefile") (value "map_custom.txt")
L 11/08/2022 - 07:27:19: [warmod.smx] Current Map: de_mirage, Warmod Version: 22.10.29.1916
L 11/08/2022 - 07:27:20: [chat-processor.smx] Message formats generated for game 'csgo'.
L 11/08/2022 - 07:27:20: [chat-processor.smx] Successfully hooked a SayText2 chat hook.
L 11/08/2022 - 07:36:36: -------- Mapchange to de_mirage --------
L 11/08/2022 - 07:36:37: [basecommands.smx] "Console<0><Console><Console>" changed cvar (cvar "mapcyclefile") (value "map_custom.txt")
L 11/08/2022 - 07:36:41: [warmod.smx] Current Map: de_mirage, Warmod Version: 22.10.29.1916
L 11/08/2022 - 07:36:41: [chat-processor.smx] Message formats generated for game 'csgo'.
L 11/08/2022 - 07:36:41: [chat-processor.smx] Successfully hooked a SayText2 chat hook.
L 11/08/2022 - 08:09:47: -------- Mapchange to de_mirage --------
L 11/08/2022 - 08:09:47: [basecommands.smx] "Console<0><Console><Console>" changed cvar (cvar "mapcyclefile") (value "map_custom.txt")
L 11/08/2022 - 08:09:51: [warmod.smx] Current Map: de_mirage, Warmod Version: 22.10.29.1916
L 11/08/2022 - 08:09:51: [chat-processor.smx] Message formats generated for game 'csgo'.
L 11/08/2022 - 08:09:51: [chat-processor.smx] Successfully hooked a SayText2 chat hook.
L 11/08/2022 - 08:38:18: -------- Mapchange to de_mirage --------
L 11/08/2022 - 08:38:18: [basecommands.smx] "Console<0><Console><Console>" changed cvar (cvar "mapcyclefile") (value "map_custom.txt")
L 11/08/2022 - 08:38:22: [warmod.smx] Current Map: de_mirage, Warmod Version: 22.10.29.1916
L 11/08/2022 - 08:38:23: [chat-processor.smx] Message formats generated for game 'csgo'.
L 11/08/2022 - 08:38:23: [chat-processor.smx] Successfully hooked a SayText2 chat hook.
L 11/08/2022 - 09:14:35: -------- Mapchange to de_mirage --------
L 11/08/2022 - 09:14:36: [basecommands.smx] "Console<0><Console><Console>" changed cvar (cvar "mapcyclefile") (value "map_custom.txt")
L 11/08/2022 - 09:14:40: [warmod.smx] Current Map: de_mirage, Warmod Version: 22.10.29.1916
L 11/08/2022 - 09:14:41: [chat-processor.smx] Message formats generated for game 'csgo'.
L 11/08/2022 - 09:14:41: [chat-processor.smx] Successfully hooked a SayText2 chat hook.
L 11/08/2022 - 10:12:23: -------- Mapchange to de_mirage --------
L 11/08/2022 - 10:12:24: [basecommands.smx] "Console<0><Console><Console>" changed cvar (cvar "mapcyclefile") (value "map_custom.txt")
L 11/08/2022 - 10:12:28: [warmod.smx] Current Map: de_mirage, Warmod Version: 22.10.29.1916
L 11/08/2022 - 10:12:28: [chat-processor.smx] Message formats generated for game 'csgo'.
L 11/08/2022 - 10:12:28: [chat-processor.smx] Successfully hooked a SayText2 chat hook.
L 11/08/2022 - 11:08:33: -------- Mapchange to de_mirage --------
L 11/08/2022 - 11:08:34: [basecommands.smx] "Console<0><Console><Console>" changed cvar (cvar "mapcyclefile") (value "map_custom.txt")
L 11/08/2022 - 11:08:37: [warmod.smx] Current Map: de_mirage, Warmod Version: 22.10.29.1916
L 11/08/2022 - 11:08:38: [chat-processor.smx] Message formats generated for game 'csgo'.
L 11/08/2022 - 11:08:38: [chat-processor.smx] Successfully hooked a SayText2 chat hook.
L 11/08/2022 - 11:23:15: -------- Mapchange to de_mirage --------
L 11/08/2022 - 11:23:15: [basecommands.smx] "Console<0><Console><Console>" changed cvar (cvar "mapcyclefile") (value "map_custom.txt")
L 11/08/2022 - 11:23:19: [warmod.smx] Current Map: de_mirage, Warmod Version: 22.10.29.1916
L 11/08/2022 - 11:23:20: [chat-processor.smx] Message formats generated for game 'csgo'.
L 11/08/2022 - 11:23:20: [chat-processor.smx] Successfully hooked a SayText2 chat hook.
L 11/08/2022 - 12:27:41: -------- Mapchange to de_mirage --------
L 11/08/2022 - 12:27:42: [basecommands.smx] "Console<0><Console><Console>" changed cvar (cvar "mapcyclefile") (value "map_custom.txt")
L 11/08/2022 - 12:27:46: [warmod.smx] Current Map: de_mirage, Warmod Version: 22.10.29.1916
L 11/08/2022 - 12:27:46: [chat-processor.smx] Message formats generated for game 'csgo'.
L 11/08/2022 - 12:27:46: [chat-processor.smx] Successfully hooked a SayText2 chat hook.
L 11/08/2022 - 12:46:43: -------- Mapchange to de_mirage --------
L 11/08/2022 - 12:46:44: [basecommands.smx] "Console<0><Console><Console>" changed cvar (cvar "mapcyclefile") (value "map_custom.txt")
L 11/08/2022 - 12:46:48: [warmod.smx] Current Map: de_mirage, Warmod Version: 22.10.29.1916
L 11/08/2022 - 12:46:48: [chat-processor.smx] Message formats generated for game 'csgo'.
L 11/08/2022 - 12:46:48: [chat-processor.smx] Successfully hooked a SayText2 chat hook.
L 11/08/2022 - 12:56:41: -------- Mapchange to de_mirage --------
L 11/08/2022 - 12:56:42: [basecommands.smx] "Console<0><Console><Console>" changed cvar (cvar "mapcyclefile") (value "map_custom.txt")
L 11/08/2022 - 12:56:46: [warmod.smx] Current Map: de_mirage, Warmod Version: 22.10.29.1916
L 11/08/2022 - 12:56:46: [chat-processor.smx] Message formats generated for game 'csgo'.
L 11/08/2022 - 12:56:46: [chat-processor.smx] Successfully hooked a SayText2 chat hook.
L 11/08/2022 - 13:41:24: -------- Mapchange to de_mirage --------
L 11/08/2022 - 13:41:24: [basecommands.smx] "Console<0><Console><Console>" changed cvar (cvar "mapcyclefile") (value "map_custom.txt")
L 11/08/2022 - 13:41:28: [warmod.smx] Current Map: de_mirage, Warmod Version: 22.10.29.1916
L 11/08/2022 - 13:41:29: [chat-processor.smx] Message formats generated for game 'csgo'.
L 11/08/2022 - 13:41:29: [chat-processor.smx] Successfully hooked a SayText2 chat hook.
L 11/08/2022 - 18:07:07: -------- Mapchange to de_mirage --------
L 11/08/2022 - 18:07:08: [basecommands.smx] "Console<0><Console><Console>" changed cvar (cvar "mapcyclefile") (value "map_custom.txt")
L 11/08/2022 - 18:07:11: [warmod.smx] Current Map: de_mirage, Warmod Version: 22.10.29.1916
L 11/08/2022 - 18:07:12: [chat-processor.smx] Message formats generated for game 'csgo'.
L 11/08/2022 - 18:07:12: [chat-processor.smx] Successfully hooked a SayText2 chat hook.
L 11/08/2022 - 18:10:58: -------- Mapchange to de_mirage --------
L 11/08/2022 - 18:10:59: [basecommands.smx] "Console<0><Console><Console>" changed cvar (cvar "mapcyclefile") (value "map_custom.txt")
L 11/08/2022 - 18:11:03: [warmod.smx] Current Map: de_mirage, Warmod Version: 22.10.29.1916
L 11/08/2022 - 18:11:04: [chat-processor.smx] Message formats generated for game 'csgo'.
L 11/08/2022 - 18:11:04: [chat-processor.smx] Successfully hooked a SayText2 chat hook.
L 11/08/2022 - 21:51:49: -------- Mapchange to de_mirage --------
L 11/08/2022 - 21:51:50: [basecommands.smx] "Console<0><Console><Console>" changed cvar (cvar "mapcyclefile") (value "map_custom.txt")
L 11/08/2022 - 21:51:54: [warmod.smx] Current Map: de_mirage, Warmod Version: 22.10.29.1916
L 11/08/2022 - 21:51:55: [chat-processor.smx] Message formats generated for game 'csgo'.
L 11/08/2022 - 21:51:55: [chat-processor.smx] Successfully hooked a SayText2 chat hook.
L 11/09/2022 - 00:09:50: Log file closed.
