L 11/29/2022 - 13:12:01: SourceMod log file session started (file "/csgoserver/server1/csgo/addons/sourcemod/logs/L20221129.log") (Version "1.11.0.6913")
L 11/29/2022 - 13:12:01: [basecommands.smx] "Console<0><Console><Console>" changed cvar (cvar "mapcyclefile") (value "map_custom.txt")
L 11/29/2022 - 13:12:03: [chat-processor.smx] Message formats generated for game 'csgo'.
L 11/29/2022 - 13:12:03: [chat-processor.smx] Successfully hooked a SayText2 chat hook.
L 11/29/2022 - 13:24:31: [ServerChangeER.smx] addadmin --STEAM_1:0:718646586
L 11/29/2022 - 13:24:31: [basecommands.smx] "Console<0><Console><Console>" refreshed the admin cache.
L 11/29/2022 - 13:41:35: -------- Mapchange to de_mirage --------
L 11/29/2022 - 13:41:35: [basecommands.smx] "Console<0><Console><Console>" changed cvar (cvar "mapcyclefile") (value "map_custom.txt")
L 11/29/2022 - 13:41:37: [chat-processor.smx] Message formats generated for game 'csgo'.
L 11/29/2022 - 13:41:37: [chat-processor.smx] Successfully hooked a SayText2 chat hook.
L 11/29/2022 - 14:08:58: -------- Mapchange to de_mirage --------
L 11/29/2022 - 14:08:59: [basecommands.smx] "Console<0><Console><Console>" changed cvar (cvar "mapcyclefile") (value "map_custom.txt")
L 11/29/2022 - 14:09:01: [chat-processor.smx] Message formats generated for game 'csgo'.
L 11/29/2022 - 14:09:01: [chat-processor.smx] Successfully hooked a SayText2 chat hook.
L 11/29/2022 - 14:15:58: [playercommands.smx] "我的朋友是超人<35><STEAM_1:0:553307426><>" slapped "我的朋友是超人<35><STEAM_1:0:553307426><>" (damage "0")
L 11/29/2022 - 14:15:58: [playercommands.smx] "我的朋友是超人<35><STEAM_1:0:553307426><>" slapped "我的朋友是超人<35><STEAM_1:0:553307426><>" (damage "0")
L 11/29/2022 - 14:15:58: [playercommands.smx] "我的朋友是超人<35><STEAM_1:0:553307426><>" slapped "我的朋友是超人<35><STEAM_1:0:553307426><>" (damage "0")
L 11/29/2022 - 14:15:58: [playercommands.smx] "我的朋友是超人<35><STEAM_1:0:553307426><>" slapped "我的朋友是超人<35><STEAM_1:0:553307426><>" (damage "0")
L 11/29/2022 - 14:15:58: [playercommands.smx] "我的朋友是超人<35><STEAM_1:0:553307426><>" slapped "我的朋友是超人<35><STEAM_1:0:553307426><>" (damage "0")
L 11/29/2022 - 14:15:59: [playercommands.smx] "我的朋友是超人<35><STEAM_1:0:553307426><>" slapped "我的朋友是超人<35><STEAM_1:0:553307426><>" (damage "0")
L 11/29/2022 - 14:15:59: [playercommands.smx] "我的朋友是超人<35><STEAM_1:0:553307426><>" slapped "我的朋友是超人<35><STEAM_1:0:553307426><>" (damage "0")
L 11/29/2022 - 14:15:59: [playercommands.smx] "我的朋友是超人<35><STEAM_1:0:553307426><>" slapped "我的朋友是超人<35><STEAM_1:0:553307426><>" (damage "0")
L 11/29/2022 - 14:15:59: [playercommands.smx] "我的朋友是超人<35><STEAM_1:0:553307426><>" slapped "我的朋友是超人<35><STEAM_1:0:553307426><>" (damage "0")
L 11/29/2022 - 14:16:00: [playercommands.smx] "我的朋友是超人<35><STEAM_1:0:553307426><>" slapped "我的朋友是超人<35><STEAM_1:0:553307426><>" (damage "0")
L 11/29/2022 - 14:16:00: [playercommands.smx] "我的朋友是超人<35><STEAM_1:0:553307426><>" slapped "我的朋友是超人<35><STEAM_1:0:553307426><>" (damage "0")
L 11/29/2022 - 14:16:00: [playercommands.smx] "我的朋友是超人<35><STEAM_1:0:553307426><>" slapped "我的朋友是超人<35><STEAM_1:0:553307426><>" (damage "0")
L 11/29/2022 - 14:16:01: [playercommands.smx] "我的朋友是超人<35><STEAM_1:0:553307426><>" slapped "我的朋友是超人<35><STEAM_1:0:553307426><>" (damage "0")
L 11/29/2022 - 14:16:01: [playercommands.smx] "我的朋友是超人<35><STEAM_1:0:553307426><>" slapped "我的朋友是超人<35><STEAM_1:0:553307426><>" (damage "0")
L 11/29/2022 - 14:16:02: [playercommands.smx] "我的朋友是超人<35><STEAM_1:0:553307426><>" slapped "我的朋友是超人<35><STEAM_1:0:553307426><>" (damage "0")
L 11/29/2022 - 14:16:02: [playercommands.smx] "我的朋友是超人<35><STEAM_1:0:553307426><>" slapped "我的朋友是超人<35><STEAM_1:0:553307426><>" (damage "0")
L 11/29/2022 - 14:16:02: [playercommands.smx] "我的朋友是超人<35><STEAM_1:0:553307426><>" slapped "我的朋友是超人<35><STEAM_1:0:553307426><>" (damage "0")
L 11/29/2022 - 14:16:02: [playercommands.smx] "我的朋友是超人<35><STEAM_1:0:553307426><>" slapped "我的朋友是超人<35><STEAM_1:0:553307426><>" (damage "0")
L 11/29/2022 - 14:16:02: [playercommands.smx] "我的朋友是超人<35><STEAM_1:0:553307426><>" slapped "我的朋友是超人<35><STEAM_1:0:553307426><>" (damage "0")
L 11/29/2022 - 14:16:03: [playercommands.smx] "我的朋友是超人<35><STEAM_1:0:553307426><>" slapped "我的朋友是超人<35><STEAM_1:0:553307426><>" (damage "0")
L 11/29/2022 - 14:16:03: [playercommands.smx] "我的朋友是超人<35><STEAM_1:0:553307426><>" slapped "我的朋友是超人<35><STEAM_1:0:553307426><>" (damage "0")
L 11/29/2022 - 14:16:03: [playercommands.smx] "我的朋友是超人<35><STEAM_1:0:553307426><>" slapped "我的朋友是超人<35><STEAM_1:0:553307426><>" (damage "0")
L 11/29/2022 - 14:16:03: [playercommands.smx] "我的朋友是超人<35><STEAM_1:0:553307426><>" slapped "我的朋友是超人<35><STEAM_1:0:553307426><>" (damage "0")
L 11/29/2022 - 14:16:03: [playercommands.smx] "我的朋友是超人<35><STEAM_1:0:553307426><>" slapped "我的朋友是超人<35><STEAM_1:0:553307426><>" (damage "0")
L 11/29/2022 - 14:16:04: [playercommands.smx] "我的朋友是超人<35><STEAM_1:0:553307426><>" slapped "我的朋友是超人<35><STEAM_1:0:553307426><>" (damage "0")
L 11/29/2022 - 14:16:04: [playercommands.smx] "我的朋友是超人<35><STEAM_1:0:553307426><>" slapped "我的朋友是超人<35><STEAM_1:0:553307426><>" (damage "0")
L 11/29/2022 - 14:16:04: [playercommands.smx] "我的朋友是超人<35><STEAM_1:0:553307426><>" slapped "我的朋友是超人<35><STEAM_1:0:553307426><>" (damage "0")
L 11/29/2022 - 14:16:04: [playercommands.smx] "我的朋友是超人<35><STEAM_1:0:553307426><>" slapped "我的朋友是超人<35><STEAM_1:0:553307426><>" (damage "0")
L 11/29/2022 - 14:16:05: [playercommands.smx] "我的朋友是超人<35><STEAM_1:0:553307426><>" slapped "我的朋友是超人<35><STEAM_1:0:553307426><>" (damage "0")
L 11/29/2022 - 14:16:05: [playercommands.smx] "我的朋友是超人<35><STEAM_1:0:553307426><>" slapped "我的朋友是超人<35><STEAM_1:0:553307426><>" (damage "0")
L 11/29/2022 - 14:16:05: [playercommands.smx] "我的朋友是超人<35><STEAM_1:0:553307426><>" slapped "我的朋友是超人<35><STEAM_1:0:553307426><>" (damage "0")
L 11/29/2022 - 14:16:05: [playercommands.smx] "我的朋友是超人<35><STEAM_1:0:553307426><>" slapped "我的朋友是超人<35><STEAM_1:0:553307426><>" (damage "0")
L 11/29/2022 - 14:16:06: [playercommands.smx] "我的朋友是超人<35><STEAM_1:0:553307426><>" slapped "我的朋友是超人<35><STEAM_1:0:553307426><>" (damage "0")
L 11/29/2022 - 14:16:06: [playercommands.smx] "我的朋友是超人<35><STEAM_1:0:553307426><>" slapped "我的朋友是超人<35><STEAM_1:0:553307426><>" (damage "0")
L 11/29/2022 - 14:16:06: [playercommands.smx] "我的朋友是超人<35><STEAM_1:0:553307426><>" slapped "我的朋友是超人<35><STEAM_1:0:553307426><>" (damage "0")
L 11/29/2022 - 14:16:06: [playercommands.smx] "我的朋友是超人<35><STEAM_1:0:553307426><>" slapped "我的朋友是超人<35><STEAM_1:0:553307426><>" (damage "0")
L 11/29/2022 - 14:16:07: [playercommands.smx] "我的朋友是超人<35><STEAM_1:0:553307426><>" slapped "我的朋友是超人<35><STEAM_1:0:553307426><>" (damage "0")
L 11/29/2022 - 14:16:07: [playercommands.smx] "我的朋友是超人<35><STEAM_1:0:553307426><>" slapped "我的朋友是超人<35><STEAM_1:0:553307426><>" (damage "0")
L 11/29/2022 - 14:16:07: [playercommands.smx] "我的朋友是超人<35><STEAM_1:0:553307426><>" slapped "我的朋友是超人<35><STEAM_1:0:553307426><>" (damage "0")
L 11/29/2022 - 14:16:08: [playercommands.smx] "我的朋友是超人<35><STEAM_1:0:553307426><>" slapped "我的朋友是超人<35><STEAM_1:0:553307426><>" (damage "0")
L 11/29/2022 - 14:16:08: [playercommands.smx] "我的朋友是超人<35><STEAM_1:0:553307426><>" slapped "我的朋友是超人<35><STEAM_1:0:553307426><>" (damage "0")
L 11/29/2022 - 14:16:08: [playercommands.smx] "我的朋友是超人<35><STEAM_1:0:553307426><>" slapped "我的朋友是超人<35><STEAM_1:0:553307426><>" (damage "0")
L 11/29/2022 - 14:33:17: -------- Mapchange to de_mirage --------
L 11/29/2022 - 14:33:17: [basecommands.smx] "Console<0><Console><Console>" changed cvar (cvar "mapcyclefile") (value "map_custom.txt")
L 11/29/2022 - 14:33:19: [chat-processor.smx] Message formats generated for game 'csgo'.
L 11/29/2022 - 14:33:19: [chat-processor.smx] Successfully hooked a SayText2 chat hook.
L 11/29/2022 - 14:41:56: [basecommands.smx] "你冷吗？<41><STEAM_1:0:718646586><>" changed cvar (cvar "sv_regeneration_force_on") (value "1;")
L 11/29/2022 - 14:42:39: [funcommands.smx] "酷型男<39><STEAM_1:0:553307426><>" froze "Makima1337<37><STEAM_1:1:123582752><>"
L 11/29/2022 - 14:42:43: [funcommands.smx] "酷型男<39><STEAM_1:0:553307426><>" froze "你冷吗？<41><STEAM_1:0:718646586><>"
L 11/29/2022 - 14:51:39: [basecommands.smx] "Makima1337<37><STEAM_1:1:123582752><>" changed map to "over"
L 11/29/2022 - 14:51:42: [SM] Changed map to "over"
L 11/29/2022 - 14:51:43: -------- Mapchange to de_overpass --------
L 11/29/2022 - 14:51:43: [basecommands.smx] "Console<0><Console><Console>" changed cvar (cvar "mapcyclefile") (value "map_custom.txt")
L 11/29/2022 - 14:51:45: [chat-processor.smx] Message formats generated for game 'csgo'.
L 11/29/2022 - 14:51:45: [chat-processor.smx] Successfully hooked a SayText2 chat hook.
L 11/29/2022 - 14:52:09: [basecommands.smx] "Makima1337<37><STEAM_1:1:123582752><>" executed config (file "sm_competitive2v2.cfg")
L 11/29/2022 - 14:52:09: [warmod.smx] Current Map: de_overpass, Warmod Version: 22.10.29.1916
L 11/29/2022 - 14:53:12: [basecommands.smx] "Makima1337<37><STEAM_1:1:123582752><>" executed config (file "sm_competitive2v2.cfg")
L 11/29/2022 - 14:53:36: [warmod.smx] "knife_on_3" (player "Makima1337<37><STEAM_1:1:123582752><>")
L 11/29/2022 - 14:54:32: [basecommands.smx] "Makima1337<37><STEAM_1:1:123582752><>" changed map to "over"
L 11/29/2022 - 14:54:35: [SM] Changed map to "over"
L 11/29/2022 - 14:54:37: -------- Mapchange to de_overpass --------
L 11/29/2022 - 14:54:37: [basecommands.smx] "Console<0><Console><Console>" changed cvar (cvar "mapcyclefile") (value "map_custom.txt")
L 11/29/2022 - 14:54:39: [warmod.smx] Current Map: de_overpass, Warmod Version: 22.10.29.1916
L 11/29/2022 - 14:54:39: [chat-processor.smx] Message formats generated for game 'csgo'.
L 11/29/2022 - 14:54:39: [chat-processor.smx] Successfully hooked a SayText2 chat hook.
L 11/29/2022 - 14:55:01: [basecommands.smx] "Makima1337<37><STEAM_1:1:123582752><>" executed config (file "sm_competitive2v2.cfg")
L 11/29/2022 - 14:55:42: [warmod.smx] "force_start" (player "Makima1337<37><STEAM_1:1:123582752><>")
L 11/29/2022 - 15:13:29: [basecommands.smx] "Makima1337<37><STEAM_1:1:123582752><>" changed map to "ver"
L 11/29/2022 - 15:13:32: [SM] Changed map to "ver"
L 11/29/2022 - 15:13:34: -------- Mapchange to de_vertigo --------
L 11/29/2022 - 15:13:34: [basecommands.smx] "Console<0><Console><Console>" changed cvar (cvar "mapcyclefile") (value "map_custom.txt")
L 11/29/2022 - 15:13:36: [warmod.smx] Current Map: de_vertigo, Warmod Version: 22.10.29.1916
L 11/29/2022 - 15:13:36: [chat-processor.smx] Message formats generated for game 'csgo'.
L 11/29/2022 - 15:13:36: [chat-processor.smx] Successfully hooked a SayText2 chat hook.
L 11/29/2022 - 15:15:50: [warmod.smx] "force_start" (player "Makima1337<37><STEAM_1:1:123582752><>")
L 11/29/2022 - 15:30:14: [basecommands.smx] "你冷吗？<42><STEAM_1:0:718646586><>" changed map to "inf"
L 11/29/2022 - 15:30:17: [SM] Changed map to "inf"
L 11/29/2022 - 15:30:18: -------- Mapchange to de_inferno --------
L 11/29/2022 - 15:30:18: [basecommands.smx] "Console<0><Console><Console>" changed cvar (cvar "mapcyclefile") (value "map_custom.txt")
L 11/29/2022 - 15:30:20: [warmod.smx] Current Map: de_inferno, Warmod Version: 22.10.29.1916
L 11/29/2022 - 15:30:20: [chat-processor.smx] Message formats generated for game 'csgo'.
L 11/29/2022 - 15:30:20: [chat-processor.smx] Successfully hooked a SayText2 chat hook.
L 11/29/2022 - 15:32:00: [warmod.smx] "knife_on_3" (player "你冷吗？<42><STEAM_1:0:718646586><>")
L 11/29/2022 - 15:32:32: [warmod.smx] "force_start" (player "你冷吗？<42><STEAM_1:0:718646586><>")
L 11/29/2022 - 15:45:05: [basecommands.smx] "你冷吗？<42><STEAM_1:0:718646586><>" changed map to "nuke"
L 11/29/2022 - 15:45:08: [SM] Changed map to "nuke"
L 11/29/2022 - 15:45:09: -------- Mapchange to de_shortnuke --------
L 11/29/2022 - 15:45:09: [basecommands.smx] "Console<0><Console><Console>" changed cvar (cvar "mapcyclefile") (value "map_custom.txt")
L 11/29/2022 - 15:45:11: [warmod.smx] Current Map: de_shortnuke, Warmod Version: 22.10.29.1916
L 11/29/2022 - 15:45:11: [chat-processor.smx] Message formats generated for game 'csgo'.
L 11/29/2022 - 15:45:11: [chat-processor.smx] Successfully hooked a SayText2 chat hook.
L 11/29/2022 - 15:46:48: [warmod.smx] "knife_on_3" (player "你冷吗？<42><STEAM_1:0:718646586><>")
L 11/29/2022 - 15:46:54: [warmod.smx] "force_end" (player "你冷吗？<42><STEAM_1:0:718646586><>")
L 11/29/2022 - 16:05:45: [warmod.smx] "knife_on_3" (player "你冷吗？<42><STEAM_1:0:718646586><>")
L 11/29/2022 - 16:06:22: [warmod.smx] "force_start" (player "你冷吗？<42><STEAM_1:0:718646586><>")
L 11/29/2022 - 18:08:41: -------- Mapchange to de_shortnuke --------
L 11/29/2022 - 18:08:41: [basecommands.smx] "Console<0><Console><Console>" changed cvar (cvar "mapcyclefile") (value "map_custom.txt")
L 11/29/2022 - 18:08:43: [warmod.smx] Current Map: de_shortnuke, Warmod Version: 22.10.29.1916
L 11/29/2022 - 18:08:43: [chat-processor.smx] Message formats generated for game 'csgo'.
L 11/29/2022 - 18:08:43: [chat-processor.smx] Successfully hooked a SayText2 chat hook.
L 11/30/2022 - 01:19:44: Log file closed.
