L 11/18/2022 - 23:04:47: SourceMod log file session started (file "/csgoserver/server1/csgo/addons/sourcemod/logs/L20221118.log") (Version "1.11.0.6913")
L 11/18/2022 - 23:04:47: [basecommands.smx] "Console<0><Console><Console>" changed cvar (cvar "mapcyclefile") (value "map_custom.txt")
L 11/18/2022 - 23:04:49: [chat-processor.smx] Message formats generated for game 'csgo'.
L 11/18/2022 - 23:04:49: [chat-processor.smx] Successfully hooked a SayText2 chat hook.
L 11/18/2022 - 23:17:37: Log file closed.
L 11/18/2022 - 23:36:09: SourceMod log file session started (file "/csgoserver/server1/csgo/addons/sourcemod/logs/L20221118.log") (Version "1.11.0.6913")
L 11/18/2022 - 23:36:09: [GEOIP] GeoIP2 database loaded: GeoLite2-City (2019-12-17 20:01:26 UTC) (/csgoserver/server1/csgo/addons/sourcemod/configs/geoip/GeoLite2-City.mmdb)
L 11/18/2022 - 23:36:09: [GEOIP] GeoIP2 supported languages: de en es fr ja pt-BR ru zh-CN
L 11/18/2022 - 23:36:09: [GEOIP] Your database is older than 90 days. You should consider downloading a newer version from e.g. https://dev.maxmind.com/geoip/geolite2-free-geolocation-data
L 11/18/2022 - 23:36:09: [auto_steam_update.smx] HUD text is supported on this mod. The persistant timer will display.
L 11/18/2022 - 23:36:11: [warmod.smx] Current Map: de_mirage, Warmod Version: 22.10.29.1916
L 11/18/2022 - 23:36:29: -------- Mapchange to de_mirage --------
L 11/18/2022 - 23:36:29: [chat-processor.smx] Message formats generated for game 'csgo'.
L 11/18/2022 - 23:36:29: [chat-processor.smx] Successfully hooked a SayText2 chat hook.
L 11/18/2022 - 23:36:29: [basecommands.smx] "Console<0><Console><Console>" changed cvar (cvar "mapcyclefile") (value "map_custom.txt")
L 11/18/2022 - 23:36:31: [warmod.smx] Current Map: de_mirage, Warmod Version: 22.10.29.1916
L 11/18/2022 - 23:38:09: -------- Mapchange to de_mirage --------
L 11/18/2022 - 23:38:09: [basecommands.smx] "Console<0><Console><Console>" changed cvar (cvar "mapcyclefile") (value "map_custom.txt")
L 11/18/2022 - 23:38:11: [warmod.smx] Current Map: de_mirage, Warmod Version: 22.10.29.1916
L 11/18/2022 - 23:38:11: [chat-processor.smx] Message formats generated for game 'csgo'.
L 11/18/2022 - 23:38:11: [chat-processor.smx] Successfully hooked a SayText2 chat hook.
L 11/19/2022 - 06:03:44: Log file closed.
