L 10/09/2022 - 01:09:55: SourceMod log file session started (file "/badfupo/server1/csgo/addons/sourcemod/logs/L20221009.log") (Version "1.12.0.6912")
L 10/09/2022 - 01:09:55: [basecommands.smx] "Console<0><Console><Console>" changed cvar (cvar "mapcyclefile") (value "map_custom.txt")
L 10/09/2022 - 01:10:00: [warmod.smx] Current Map: de_inferno, Warmod Version: 19.11.21.2253
L 10/09/2022 - 01:10:01: [chat-processor.smx] Message formats generated for game 'csgo'.
L 10/09/2022 - 01:10:01: [chat-processor.smx] Successfully hooked a SayText2 chat hook.
L 10/09/2022 - 05:09:14: -------- Mapchange to de_inferno --------
L 10/09/2022 - 05:09:15: [basecommands.smx] "Console<0><Console><Console>" changed cvar (cvar "mapcyclefile") (value "map_custom.txt")
L 10/09/2022 - 05:09:19: [warmod.smx] Current Map: de_inferno, Warmod Version: 19.11.21.2253
L 10/09/2022 - 05:09:21: [chat-processor.smx] Message formats generated for game 'csgo'.
L 10/09/2022 - 05:09:21: [chat-processor.smx] Successfully hooked a SayText2 chat hook.
L 10/09/2022 - 05:12:21: -------- Mapchange to de_inferno --------
L 10/09/2022 - 05:12:22: [basecommands.smx] "Console<0><Console><Console>" changed cvar (cvar "mapcyclefile") (value "map_custom.txt")
L 10/09/2022 - 05:12:26: [warmod.smx] Current Map: de_inferno, Warmod Version: 19.11.21.2253
L 10/09/2022 - 05:12:28: [chat-processor.smx] Message formats generated for game 'csgo'.
L 10/09/2022 - 05:12:28: [chat-processor.smx] Successfully hooked a SayText2 chat hook.
L 10/09/2022 - 05:39:59: -------- Mapchange to de_inferno --------
L 10/09/2022 - 05:40:00: [basecommands.smx] "Console<0><Console><Console>" changed cvar (cvar "mapcyclefile") (value "map_custom.txt")
L 10/09/2022 - 05:40:05: [warmod.smx] Current Map: de_inferno, Warmod Version: 19.11.21.2253
L 10/09/2022 - 05:40:06: [chat-processor.smx] Message formats generated for game 'csgo'.
L 10/09/2022 - 05:40:06: [chat-processor.smx] Successfully hooked a SayText2 chat hook.
L 10/09/2022 - 05:47:32: -------- Mapchange to de_inferno --------
L 10/09/2022 - 05:47:33: [basecommands.smx] "Console<0><Console><Console>" changed cvar (cvar "mapcyclefile") (value "map_custom.txt")
L 10/09/2022 - 05:47:38: [warmod.smx] Current Map: de_inferno, Warmod Version: 19.11.21.2253
L 10/09/2022 - 05:47:39: [chat-processor.smx] Message formats generated for game 'csgo'.
L 10/09/2022 - 05:47:39: [chat-processor.smx] Successfully hooked a SayText2 chat hook.
L 10/09/2022 - 06:17:44: -------- Mapchange to de_inferno --------
L 10/09/2022 - 06:17:45: [basecommands.smx] "Console<0><Console><Console>" changed cvar (cvar "mapcyclefile") (value "map_custom.txt")
L 10/09/2022 - 06:17:50: [warmod.smx] Current Map: de_inferno, Warmod Version: 19.11.21.2253
L 10/09/2022 - 06:17:51: [chat-processor.smx] Message formats generated for game 'csgo'.
L 10/09/2022 - 06:17:51: [chat-processor.smx] Successfully hooked a SayText2 chat hook.
L 10/09/2022 - 09:22:45: -------- Mapchange to de_inferno --------
L 10/09/2022 - 09:22:46: [basecommands.smx] "Console<0><Console><Console>" changed cvar (cvar "mapcyclefile") (value "map_custom.txt")
L 10/09/2022 - 09:22:50: [warmod.smx] Current Map: de_inferno, Warmod Version: 19.11.21.2253
L 10/09/2022 - 09:22:52: [chat-processor.smx] Message formats generated for game 'csgo'.
L 10/09/2022 - 09:22:52: [chat-processor.smx] Successfully hooked a SayText2 chat hook.
L 10/09/2022 - 09:49:53: -------- Mapchange to de_inferno --------
L 10/09/2022 - 09:49:54: [basecommands.smx] "Console<0><Console><Console>" changed cvar (cvar "mapcyclefile") (value "map_custom.txt")
L 10/09/2022 - 09:49:58: [warmod.smx] Current Map: de_inferno, Warmod Version: 19.11.21.2253
L 10/09/2022 - 09:50:00: [chat-processor.smx] Message formats generated for game 'csgo'.
L 10/09/2022 - 09:50:00: [chat-processor.smx] Successfully hooked a SayText2 chat hook.
L 10/09/2022 - 10:24:44: -------- Mapchange to de_inferno --------
L 10/09/2022 - 10:24:45: [basecommands.smx] "Console<0><Console><Console>" changed cvar (cvar "mapcyclefile") (value "map_custom.txt")
L 10/09/2022 - 10:24:49: [warmod.smx] Current Map: de_inferno, Warmod Version: 19.11.21.2253
L 10/09/2022 - 10:24:51: [chat-processor.smx] Message formats generated for game 'csgo'.
L 10/09/2022 - 10:24:51: [chat-processor.smx] Successfully hooked a SayText2 chat hook.
L 10/09/2022 - 10:37:44: -------- Mapchange to de_inferno --------
L 10/09/2022 - 10:37:44: [basecommands.smx] "Console<0><Console><Console>" changed cvar (cvar "mapcyclefile") (value "map_custom.txt")
L 10/09/2022 - 10:37:49: [warmod.smx] Current Map: de_inferno, Warmod Version: 19.11.21.2253
L 10/09/2022 - 10:37:50: [chat-processor.smx] Message formats generated for game 'csgo'.
L 10/09/2022 - 10:37:50: [chat-processor.smx] Successfully hooked a SayText2 chat hook.
L 10/09/2022 - 11:04:06: -------- Mapchange to de_inferno --------
L 10/09/2022 - 11:04:07: [basecommands.smx] "Console<0><Console><Console>" changed cvar (cvar "mapcyclefile") (value "map_custom.txt")
L 10/09/2022 - 11:04:11: [warmod.smx] Current Map: de_inferno, Warmod Version: 19.11.21.2253
L 10/09/2022 - 11:04:13: [chat-processor.smx] Message formats generated for game 'csgo'.
L 10/09/2022 - 11:04:13: [chat-processor.smx] Successfully hooked a SayText2 chat hook.
L 10/09/2022 - 11:37:54: -------- Mapchange to de_inferno --------
L 10/09/2022 - 11:37:55: [basecommands.smx] "Console<0><Console><Console>" changed cvar (cvar "mapcyclefile") (value "map_custom.txt")
L 10/09/2022 - 11:37:59: [warmod.smx] Current Map: de_inferno, Warmod Version: 19.11.21.2253
L 10/09/2022 - 11:38:01: [chat-processor.smx] Message formats generated for game 'csgo'.
L 10/09/2022 - 11:38:01: [chat-processor.smx] Successfully hooked a SayText2 chat hook.
L 10/09/2022 - 11:43:39: -------- Mapchange to de_inferno --------
L 10/09/2022 - 11:43:40: [basecommands.smx] "Console<0><Console><Console>" changed cvar (cvar "mapcyclefile") (value "map_custom.txt")
L 10/09/2022 - 11:43:44: [warmod.smx] Current Map: de_inferno, Warmod Version: 19.11.21.2253
L 10/09/2022 - 11:43:46: [chat-processor.smx] Message formats generated for game 'csgo'.
L 10/09/2022 - 11:43:46: [chat-processor.smx] Successfully hooked a SayText2 chat hook.
L 10/09/2022 - 15:04:50: -------- Mapchange to de_inferno --------
L 10/09/2022 - 15:04:51: [basecommands.smx] "Console<0><Console><Console>" changed cvar (cvar "mapcyclefile") (value "map_custom.txt")
L 10/09/2022 - 15:04:56: [warmod.smx] Current Map: de_inferno, Warmod Version: 19.11.21.2253
L 10/09/2022 - 15:04:57: [chat-processor.smx] Message formats generated for game 'csgo'.
L 10/09/2022 - 15:04:57: [chat-processor.smx] Successfully hooked a SayText2 chat hook.
L 10/09/2022 - 15:38:39: -------- Mapchange to de_inferno --------
L 10/09/2022 - 15:38:40: [basecommands.smx] "Console<0><Console><Console>" changed cvar (cvar "mapcyclefile") (value "map_custom.txt")
L 10/09/2022 - 15:38:45: [warmod.smx] Current Map: de_inferno, Warmod Version: 19.11.21.2253
L 10/09/2022 - 15:38:46: [chat-processor.smx] Message formats generated for game 'csgo'.
L 10/09/2022 - 15:38:46: [chat-processor.smx] Successfully hooked a SayText2 chat hook.
L 10/09/2022 - 15:48:49: -------- Mapchange to de_inferno --------
L 10/09/2022 - 15:48:50: [basecommands.smx] "Console<0><Console><Console>" changed cvar (cvar "mapcyclefile") (value "map_custom.txt")
L 10/09/2022 - 15:48:55: [warmod.smx] Current Map: de_inferno, Warmod Version: 19.11.21.2253
L 10/09/2022 - 15:48:57: [chat-processor.smx] Message formats generated for game 'csgo'.
L 10/09/2022 - 15:48:57: [chat-processor.smx] Successfully hooked a SayText2 chat hook.
L 10/09/2022 - 15:57:52: -------- Mapchange to de_inferno --------
L 10/09/2022 - 15:57:53: [basecommands.smx] "Console<0><Console><Console>" changed cvar (cvar "mapcyclefile") (value "map_custom.txt")
L 10/09/2022 - 15:57:58: [warmod.smx] Current Map: de_inferno, Warmod Version: 19.11.21.2253
L 10/09/2022 - 15:57:59: [chat-processor.smx] Message formats generated for game 'csgo'.
L 10/09/2022 - 15:57:59: [chat-processor.smx] Successfully hooked a SayText2 chat hook.
L 10/09/2022 - 18:26:42: -------- Mapchange to de_inferno --------
L 10/09/2022 - 18:26:44: [basecommands.smx] "Console<0><Console><Console>" changed cvar (cvar "mapcyclefile") (value "map_custom.txt")
L 10/09/2022 - 18:26:48: [warmod.smx] Current Map: de_inferno, Warmod Version: 19.11.21.2253
L 10/09/2022 - 18:26:50: [chat-processor.smx] Message formats generated for game 'csgo'.
L 10/09/2022 - 18:26:50: [chat-processor.smx] Successfully hooked a SayText2 chat hook.
L 10/10/2022 - 03:40:05: Log file closed.
