L 09/24/2022 - 00:47:14: SourceMod log file session started (file "/badfupo/server1/csgo/addons/sourcemod/logs/L20220924.log") (Version "1.12.0.6912")
L 09/24/2022 - 00:47:14: [basecommands.smx] "Console<0><Console><Console>" changed cvar (cvar "mapcyclefile") (value "map_custom.txt")
L 09/24/2022 - 00:47:17: [warmod.smx] Current Map: de_inferno, Warmod Version: 19.11.21.2253
L 09/24/2022 - 00:47:18: [chat-processor.smx] Message formats generated for game 'csgo'.
L 09/24/2022 - 00:47:18: [chat-processor.smx] Successfully hooked a SayText2 chat hook.
L 09/24/2022 - 01:50:23: -------- Mapchange to de_inferno --------
L 09/24/2022 - 01:50:24: [basecommands.smx] "Console<0><Console><Console>" changed cvar (cvar "mapcyclefile") (value "map_custom.txt")
L 09/24/2022 - 01:50:27: [warmod.smx] Current Map: de_inferno, Warmod Version: 19.11.21.2253
L 09/24/2022 - 01:50:28: [chat-processor.smx] Message formats generated for game 'csgo'.
L 09/24/2022 - 01:50:28: [chat-processor.smx] Successfully hooked a SayText2 chat hook.
L 09/24/2022 - 01:56:57: -------- Mapchange to de_inferno --------
L 09/24/2022 - 01:56:58: [basecommands.smx] "Console<0><Console><Console>" changed cvar (cvar "mapcyclefile") (value "map_custom.txt")
L 09/24/2022 - 01:57:02: [warmod.smx] Current Map: de_inferno, Warmod Version: 19.11.21.2253
L 09/24/2022 - 01:57:03: [chat-processor.smx] Message formats generated for game 'csgo'.
L 09/24/2022 - 01:57:03: [chat-processor.smx] Successfully hooked a SayText2 chat hook.
L 09/24/2022 - 02:24:26: -------- Mapchange to de_inferno --------
L 09/24/2022 - 02:24:27: [basecommands.smx] "Console<0><Console><Console>" changed cvar (cvar "mapcyclefile") (value "map_custom.txt")
L 09/24/2022 - 02:24:30: [warmod.smx] Current Map: de_inferno, Warmod Version: 19.11.21.2253
L 09/24/2022 - 02:24:31: [chat-processor.smx] Message formats generated for game 'csgo'.
L 09/24/2022 - 02:24:31: [chat-processor.smx] Successfully hooked a SayText2 chat hook.
L 09/24/2022 - 02:32:35: -------- Mapchange to de_inferno --------
L 09/24/2022 - 02:32:36: [basecommands.smx] "Console<0><Console><Console>" changed cvar (cvar "mapcyclefile") (value "map_custom.txt")
L 09/24/2022 - 02:32:39: [warmod.smx] Current Map: de_inferno, Warmod Version: 19.11.21.2253
L 09/24/2022 - 02:32:40: [chat-processor.smx] Message formats generated for game 'csgo'.
L 09/24/2022 - 02:32:40: [chat-processor.smx] Successfully hooked a SayText2 chat hook.
L 09/24/2022 - 02:36:15: -------- Mapchange to de_inferno --------
L 09/24/2022 - 02:36:15: [basecommands.smx] "Console<0><Console><Console>" changed cvar (cvar "mapcyclefile") (value "map_custom.txt")
L 09/24/2022 - 02:36:19: [warmod.smx] Current Map: de_inferno, Warmod Version: 19.11.21.2253
L 09/24/2022 - 02:36:20: [chat-processor.smx] Message formats generated for game 'csgo'.
L 09/24/2022 - 02:36:20: [chat-processor.smx] Successfully hooked a SayText2 chat hook.
L 09/24/2022 - 03:13:39: -------- Mapchange to de_inferno --------
L 09/24/2022 - 03:13:40: [basecommands.smx] "Console<0><Console><Console>" changed cvar (cvar "mapcyclefile") (value "map_custom.txt")
L 09/24/2022 - 03:13:43: [warmod.smx] Current Map: de_inferno, Warmod Version: 19.11.21.2253
L 09/24/2022 - 03:13:44: [chat-processor.smx] Message formats generated for game 'csgo'.
L 09/24/2022 - 03:13:44: [chat-processor.smx] Successfully hooked a SayText2 chat hook.
L 09/24/2022 - 03:22:13: -------- Mapchange to de_inferno --------
L 09/24/2022 - 03:22:14: [basecommands.smx] "Console<0><Console><Console>" changed cvar (cvar "mapcyclefile") (value "map_custom.txt")
L 09/24/2022 - 03:22:17: [warmod.smx] Current Map: de_inferno, Warmod Version: 19.11.21.2253
L 09/24/2022 - 03:22:18: [chat-processor.smx] Message formats generated for game 'csgo'.
L 09/24/2022 - 03:22:18: [chat-processor.smx] Successfully hooked a SayText2 chat hook.
L 09/24/2022 - 03:53:58: -------- Mapchange to de_inferno --------
L 09/24/2022 - 03:53:59: [basecommands.smx] "Console<0><Console><Console>" changed cvar (cvar "mapcyclefile") (value "map_custom.txt")
L 09/24/2022 - 03:54:02: [warmod.smx] Current Map: de_inferno, Warmod Version: 19.11.21.2253
L 09/24/2022 - 03:54:03: [chat-processor.smx] Message formats generated for game 'csgo'.
L 09/24/2022 - 03:54:03: [chat-processor.smx] Successfully hooked a SayText2 chat hook.
L 09/24/2022 - 03:58:09: -------- Mapchange to de_inferno --------
L 09/24/2022 - 03:58:10: [basecommands.smx] "Console<0><Console><Console>" changed cvar (cvar "mapcyclefile") (value "map_custom.txt")
L 09/24/2022 - 03:58:13: [warmod.smx] Current Map: de_inferno, Warmod Version: 19.11.21.2253
L 09/24/2022 - 03:58:15: [chat-processor.smx] Message formats generated for game 'csgo'.
L 09/24/2022 - 03:58:15: [chat-processor.smx] Successfully hooked a SayText2 chat hook.
L 09/24/2022 - 04:32:29: -------- Mapchange to de_inferno --------
L 09/24/2022 - 04:32:30: [basecommands.smx] "Console<0><Console><Console>" changed cvar (cvar "mapcyclefile") (value "map_custom.txt")
L 09/24/2022 - 04:32:33: [warmod.smx] Current Map: de_inferno, Warmod Version: 19.11.21.2253
L 09/24/2022 - 04:32:34: [chat-processor.smx] Message formats generated for game 'csgo'.
L 09/24/2022 - 04:32:34: [chat-processor.smx] Successfully hooked a SayText2 chat hook.
L 09/24/2022 - 04:45:29: -------- Mapchange to de_inferno --------
L 09/24/2022 - 04:45:30: [basecommands.smx] "Console<0><Console><Console>" changed cvar (cvar "mapcyclefile") (value "map_custom.txt")
L 09/24/2022 - 04:45:33: [warmod.smx] Current Map: de_inferno, Warmod Version: 19.11.21.2253
L 09/24/2022 - 04:45:35: [chat-processor.smx] Message formats generated for game 'csgo'.
L 09/24/2022 - 04:45:35: [chat-processor.smx] Successfully hooked a SayText2 chat hook.
L 09/24/2022 - 04:50:52: -------- Mapchange to de_inferno --------
L 09/24/2022 - 04:50:52: [basecommands.smx] "Console<0><Console><Console>" changed cvar (cvar "mapcyclefile") (value "map_custom.txt")
L 09/24/2022 - 04:50:56: [warmod.smx] Current Map: de_inferno, Warmod Version: 19.11.21.2253
L 09/24/2022 - 04:50:57: [chat-processor.smx] Message formats generated for game 'csgo'.
L 09/24/2022 - 04:50:57: [chat-processor.smx] Successfully hooked a SayText2 chat hook.
L 09/24/2022 - 05:26:19: -------- Mapchange to de_inferno --------
L 09/24/2022 - 05:26:19: [basecommands.smx] "Console<0><Console><Console>" changed cvar (cvar "mapcyclefile") (value "map_custom.txt")
L 09/24/2022 - 05:26:23: [warmod.smx] Current Map: de_inferno, Warmod Version: 19.11.21.2253
L 09/24/2022 - 05:26:24: [chat-processor.smx] Message formats generated for game 'csgo'.
L 09/24/2022 - 05:26:24: [chat-processor.smx] Successfully hooked a SayText2 chat hook.
L 09/24/2022 - 05:38:55: -------- Mapchange to de_inferno --------
L 09/24/2022 - 05:38:56: [basecommands.smx] "Console<0><Console><Console>" changed cvar (cvar "mapcyclefile") (value "map_custom.txt")
L 09/24/2022 - 05:38:59: [warmod.smx] Current Map: de_inferno, Warmod Version: 19.11.21.2253
L 09/24/2022 - 05:39:00: [chat-processor.smx] Message formats generated for game 'csgo'.
L 09/24/2022 - 05:39:00: [chat-processor.smx] Successfully hooked a SayText2 chat hook.
L 09/24/2022 - 06:18:09: -------- Mapchange to de_inferno --------
L 09/24/2022 - 06:18:10: [basecommands.smx] "Console<0><Console><Console>" changed cvar (cvar "mapcyclefile") (value "map_custom.txt")
L 09/24/2022 - 06:18:13: [warmod.smx] Current Map: de_inferno, Warmod Version: 19.11.21.2253
L 09/24/2022 - 06:18:15: [chat-processor.smx] Message formats generated for game 'csgo'.
L 09/24/2022 - 06:18:15: [chat-processor.smx] Successfully hooked a SayText2 chat hook.
L 09/24/2022 - 06:30:39: -------- Mapchange to de_inferno --------
L 09/24/2022 - 06:30:40: [basecommands.smx] "Console<0><Console><Console>" changed cvar (cvar "mapcyclefile") (value "map_custom.txt")
L 09/24/2022 - 06:30:43: [warmod.smx] Current Map: de_inferno, Warmod Version: 19.11.21.2253
L 09/24/2022 - 06:30:45: [chat-processor.smx] Message formats generated for game 'csgo'.
L 09/24/2022 - 06:30:45: [chat-processor.smx] Successfully hooked a SayText2 chat hook.
L 09/24/2022 - 08:25:09: -------- Mapchange to de_inferno --------
L 09/24/2022 - 08:25:10: [basecommands.smx] "Console<0><Console><Console>" changed cvar (cvar "mapcyclefile") (value "map_custom.txt")
L 09/24/2022 - 08:25:13: [warmod.smx] Current Map: de_inferno, Warmod Version: 19.11.21.2253
L 09/24/2022 - 08:25:14: [chat-processor.smx] Message formats generated for game 'csgo'.
L 09/24/2022 - 08:25:14: [chat-processor.smx] Successfully hooked a SayText2 chat hook.
L 09/24/2022 - 10:15:20: -------- Mapchange to de_inferno --------
L 09/24/2022 - 10:15:21: [basecommands.smx] "Console<0><Console><Console>" changed cvar (cvar "mapcyclefile") (value "map_custom.txt")
L 09/24/2022 - 10:15:25: [warmod.smx] Current Map: de_inferno, Warmod Version: 19.11.21.2253
L 09/24/2022 - 10:15:26: [chat-processor.smx] Message formats generated for game 'csgo'.
L 09/24/2022 - 10:15:26: [chat-processor.smx] Successfully hooked a SayText2 chat hook.
L 09/24/2022 - 10:40:33: -------- Mapchange to de_inferno --------
L 09/24/2022 - 10:40:34: [basecommands.smx] "Console<0><Console><Console>" changed cvar (cvar "mapcyclefile") (value "map_custom.txt")
L 09/24/2022 - 10:40:37: [warmod.smx] Current Map: de_inferno, Warmod Version: 19.11.21.2253
L 09/24/2022 - 10:40:39: [chat-processor.smx] Message formats generated for game 'csgo'.
L 09/24/2022 - 10:40:39: [chat-processor.smx] Successfully hooked a SayText2 chat hook.
L 09/24/2022 - 10:52:38: -------- Mapchange to de_inferno --------
L 09/24/2022 - 10:52:39: [basecommands.smx] "Console<0><Console><Console>" changed cvar (cvar "mapcyclefile") (value "map_custom.txt")
L 09/24/2022 - 10:52:42: [warmod.smx] Current Map: de_inferno, Warmod Version: 19.11.21.2253
L 09/24/2022 - 10:52:44: [chat-processor.smx] Message formats generated for game 'csgo'.
L 09/24/2022 - 10:52:44: [chat-processor.smx] Successfully hooked a SayText2 chat hook.
L 09/24/2022 - 10:55:02: -------- Mapchange to de_inferno --------
L 09/24/2022 - 10:55:02: [basecommands.smx] "Console<0><Console><Console>" changed cvar (cvar "mapcyclefile") (value "map_custom.txt")
L 09/24/2022 - 10:55:06: [warmod.smx] Current Map: de_inferno, Warmod Version: 19.11.21.2253
L 09/24/2022 - 10:55:07: [chat-processor.smx] Message formats generated for game 'csgo'.
L 09/24/2022 - 10:55:07: [chat-processor.smx] Successfully hooked a SayText2 chat hook.
L 09/24/2022 - 11:29:06: -------- Mapchange to de_inferno --------
L 09/24/2022 - 11:29:07: [basecommands.smx] "Console<0><Console><Console>" changed cvar (cvar "mapcyclefile") (value "map_custom.txt")
L 09/24/2022 - 11:29:11: [warmod.smx] Current Map: de_inferno, Warmod Version: 19.11.21.2253
L 09/24/2022 - 11:29:13: [chat-processor.smx] Message formats generated for game 'csgo'.
L 09/24/2022 - 11:29:13: [chat-processor.smx] Successfully hooked a SayText2 chat hook.
L 09/24/2022 - 11:43:11: -------- Mapchange to de_inferno --------
L 09/24/2022 - 11:43:11: [basecommands.smx] "Console<0><Console><Console>" changed cvar (cvar "mapcyclefile") (value "map_custom.txt")
L 09/24/2022 - 11:43:15: [warmod.smx] Current Map: de_inferno, Warmod Version: 19.11.21.2253
L 09/24/2022 - 11:43:16: [chat-processor.smx] Message formats generated for game 'csgo'.
L 09/24/2022 - 11:43:16: [chat-processor.smx] Successfully hooked a SayText2 chat hook.
L 09/24/2022 - 12:12:24: -------- Mapchange to de_inferno --------
L 09/24/2022 - 12:12:25: [basecommands.smx] "Console<0><Console><Console>" changed cvar (cvar "mapcyclefile") (value "map_custom.txt")
L 09/24/2022 - 12:12:28: [warmod.smx] Current Map: de_inferno, Warmod Version: 19.11.21.2253
L 09/24/2022 - 12:12:30: [chat-processor.smx] Message formats generated for game 'csgo'.
L 09/24/2022 - 12:12:30: [chat-processor.smx] Successfully hooked a SayText2 chat hook.
L 09/24/2022 - 12:24:52: -------- Mapchange to de_inferno --------
L 09/24/2022 - 12:24:53: [basecommands.smx] "Console<0><Console><Console>" changed cvar (cvar "mapcyclefile") (value "map_custom.txt")
L 09/24/2022 - 12:24:57: [warmod.smx] Current Map: de_inferno, Warmod Version: 19.11.21.2253
L 09/24/2022 - 12:24:59: [chat-processor.smx] Message formats generated for game 'csgo'.
L 09/24/2022 - 12:24:59: [chat-processor.smx] Successfully hooked a SayText2 chat hook.
L 09/24/2022 - 12:53:03: -------- Mapchange to de_inferno --------
L 09/24/2022 - 12:53:04: [basecommands.smx] "Console<0><Console><Console>" changed cvar (cvar "mapcyclefile") (value "map_custom.txt")
L 09/24/2022 - 12:53:08: [warmod.smx] Current Map: de_inferno, Warmod Version: 19.11.21.2253
L 09/24/2022 - 12:53:09: [chat-processor.smx] Message formats generated for game 'csgo'.
L 09/24/2022 - 12:53:09: [chat-processor.smx] Successfully hooked a SayText2 chat hook.
L 09/24/2022 - 13:14:36: -------- Mapchange to de_inferno --------
L 09/24/2022 - 13:14:37: [basecommands.smx] "Console<0><Console><Console>" changed cvar (cvar "mapcyclefile") (value "map_custom.txt")
L 09/24/2022 - 13:14:40: [warmod.smx] Current Map: de_inferno, Warmod Version: 19.11.21.2253
L 09/24/2022 - 13:14:42: [chat-processor.smx] Message formats generated for game 'csgo'.
L 09/24/2022 - 13:14:42: [chat-processor.smx] Successfully hooked a SayText2 chat hook.
L 09/24/2022 - 13:58:58: -------- Mapchange to de_inferno --------
L 09/24/2022 - 13:58:59: [basecommands.smx] "Console<0><Console><Console>" changed cvar (cvar "mapcyclefile") (value "map_custom.txt")
L 09/24/2022 - 13:59:03: [warmod.smx] Current Map: de_inferno, Warmod Version: 19.11.21.2253
L 09/24/2022 - 13:59:04: [chat-processor.smx] Message formats generated for game 'csgo'.
L 09/24/2022 - 13:59:04: [chat-processor.smx] Successfully hooked a SayText2 chat hook.
L 09/24/2022 - 14:31:39: -------- Mapchange to de_inferno --------
L 09/24/2022 - 14:31:40: [basecommands.smx] "Console<0><Console><Console>" changed cvar (cvar "mapcyclefile") (value "map_custom.txt")
L 09/24/2022 - 14:31:44: [warmod.smx] Current Map: de_inferno, Warmod Version: 19.11.21.2253
L 09/24/2022 - 14:31:45: [chat-processor.smx] Message formats generated for game 'csgo'.
L 09/24/2022 - 14:31:45: [chat-processor.smx] Successfully hooked a SayText2 chat hook.
L 09/24/2022 - 14:43:54: -------- Mapchange to de_mirage --------
L 09/24/2022 - 14:43:55: [basecommands.smx] "Console<0><Console><Console>" changed cvar (cvar "mapcyclefile") (value "map_custom.txt")
L 09/24/2022 - 14:43:59: [warmod.smx] Current Map: de_mirage, Warmod Version: 19.11.21.2253
L 09/24/2022 - 14:44:00: [chat-processor.smx] Message formats generated for game 'csgo'.
L 09/24/2022 - 14:44:00: [chat-processor.smx] Successfully hooked a SayText2 chat hook.
L 09/24/2022 - 14:57:33: -------- Mapchange to de_nuke --------
L 09/24/2022 - 14:57:34: [basecommands.smx] "Console<0><Console><Console>" changed cvar (cvar "mapcyclefile") (value "map_custom.txt")
L 09/24/2022 - 14:57:37: [warmod.smx] Current Map: de_nuke, Warmod Version: 19.11.21.2253
L 09/24/2022 - 14:57:39: [chat-processor.smx] Message formats generated for game 'csgo'.
L 09/24/2022 - 14:57:39: [chat-processor.smx] Successfully hooked a SayText2 chat hook.
L 09/24/2022 - 15:07:15: -------- Mapchange to de_nuke --------
L 09/24/2022 - 15:07:16: [basecommands.smx] "Console<0><Console><Console>" changed cvar (cvar "mapcyclefile") (value "map_custom.txt")
L 09/24/2022 - 15:07:20: [warmod.smx] Current Map: de_nuke, Warmod Version: 19.11.21.2253
L 09/24/2022 - 15:07:21: [chat-processor.smx] Message formats generated for game 'csgo'.
L 09/24/2022 - 15:07:21: [chat-processor.smx] Successfully hooked a SayText2 chat hook.
L 09/24/2022 - 15:08:50: -------- Mapchange to de_nuke --------
L 09/24/2022 - 15:08:51: [basecommands.smx] "Console<0><Console><Console>" changed cvar (cvar "mapcyclefile") (value "map_custom.txt")
L 09/24/2022 - 15:08:55: [warmod.smx] Current Map: de_nuke, Warmod Version: 19.11.21.2253
L 09/24/2022 - 15:08:56: [chat-processor.smx] Message formats generated for game 'csgo'.
L 09/24/2022 - 15:08:56: [chat-processor.smx] Successfully hooked a SayText2 chat hook.
L 09/24/2022 - 15:20:27: -------- Mapchange to de_nuke --------
L 09/24/2022 - 15:20:30: [basecommands.smx] "Console<0><Console><Console>" changed cvar (cvar "mapcyclefile") (value "map_custom.txt")
L 09/24/2022 - 15:20:34: [warmod.smx] Current Map: de_nuke, Warmod Version: 19.11.21.2253
L 09/24/2022 - 15:20:35: [chat-processor.smx] Message formats generated for game 'csgo'.
L 09/24/2022 - 15:20:35: [chat-processor.smx] Successfully hooked a SayText2 chat hook.
L 09/24/2022 - 18:31:54: -------- Mapchange to de_nuke --------
L 09/24/2022 - 18:31:55: [basecommands.smx] "Console<0><Console><Console>" changed cvar (cvar "mapcyclefile") (value "map_custom.txt")
L 09/24/2022 - 18:31:59: [warmod.smx] Current Map: de_nuke, Warmod Version: 19.11.21.2253
L 09/24/2022 - 18:32:00: [chat-processor.smx] Message formats generated for game 'csgo'.
L 09/24/2022 - 18:32:00: [chat-processor.smx] Successfully hooked a SayText2 chat hook.
L 09/24/2022 - 18:59:39: -------- Mapchange to de_nuke --------
L 09/24/2022 - 18:59:40: [basecommands.smx] "Console<0><Console><Console>" changed cvar (cvar "mapcyclefile") (value "map_custom.txt")
L 09/24/2022 - 18:59:44: [warmod.smx] Current Map: de_nuke, Warmod Version: 19.11.21.2253
L 09/24/2022 - 18:59:45: [chat-processor.smx] Message formats generated for game 'csgo'.
L 09/24/2022 - 18:59:45: [chat-processor.smx] Successfully hooked a SayText2 chat hook.
L 09/24/2022 - 19:05:39: -------- Mapchange to de_nuke --------
L 09/24/2022 - 19:05:40: [basecommands.smx] "Console<0><Console><Console>" changed cvar (cvar "mapcyclefile") (value "map_custom.txt")
L 09/24/2022 - 19:05:44: [warmod.smx] Current Map: de_nuke, Warmod Version: 19.11.21.2253
L 09/24/2022 - 19:05:46: [chat-processor.smx] Message formats generated for game 'csgo'.
L 09/24/2022 - 19:05:46: [chat-processor.smx] Successfully hooked a SayText2 chat hook.
L 09/24/2022 - 19:12:30: -------- Mapchange to de_nuke --------
L 09/24/2022 - 19:12:31: [basecommands.smx] "Console<0><Console><Console>" changed cvar (cvar "mapcyclefile") (value "map_custom.txt")
L 09/24/2022 - 19:12:34: [warmod.smx] Current Map: de_nuke, Warmod Version: 19.11.21.2253
L 09/24/2022 - 19:12:36: [chat-processor.smx] Message formats generated for game 'csgo'.
L 09/24/2022 - 19:12:36: [chat-processor.smx] Successfully hooked a SayText2 chat hook.
L 09/24/2022 - 19:16:57: -------- Mapchange to de_nuke --------
L 09/24/2022 - 19:16:58: [basecommands.smx] "Console<0><Console><Console>" changed cvar (cvar "mapcyclefile") (value "map_custom.txt")
L 09/24/2022 - 19:17:02: [warmod.smx] Current Map: de_nuke, Warmod Version: 19.11.21.2253
L 09/24/2022 - 19:17:03: [chat-processor.smx] Message formats generated for game 'csgo'.
L 09/24/2022 - 19:17:03: [chat-processor.smx] Successfully hooked a SayText2 chat hook.
L 09/24/2022 - 19:24:31: -------- Mapchange to de_nuke --------
L 09/24/2022 - 19:24:32: [basecommands.smx] "Console<0><Console><Console>" changed cvar (cvar "mapcyclefile") (value "map_custom.txt")
L 09/24/2022 - 19:24:35: [warmod.smx] Current Map: de_nuke, Warmod Version: 19.11.21.2253
L 09/24/2022 - 19:24:36: [chat-processor.smx] Message formats generated for game 'csgo'.
L 09/24/2022 - 19:24:36: [chat-processor.smx] Successfully hooked a SayText2 chat hook.
L 09/24/2022 - 19:28:16: -------- Mapchange to de_nuke --------
L 09/24/2022 - 19:28:17: [basecommands.smx] "Console<0><Console><Console>" changed cvar (cvar "mapcyclefile") (value "map_custom.txt")
L 09/24/2022 - 19:28:21: [warmod.smx] Current Map: de_nuke, Warmod Version: 19.11.21.2253
L 09/24/2022 - 19:28:22: [chat-processor.smx] Message formats generated for game 'csgo'.
L 09/24/2022 - 19:28:22: [chat-processor.smx] Successfully hooked a SayText2 chat hook.
L 09/24/2022 - 19:31:30: -------- Mapchange to de_nuke --------
L 09/24/2022 - 19:31:31: [basecommands.smx] "Console<0><Console><Console>" changed cvar (cvar "mapcyclefile") (value "map_custom.txt")
L 09/24/2022 - 19:31:34: [warmod.smx] Current Map: de_nuke, Warmod Version: 19.11.21.2253
L 09/24/2022 - 19:31:36: [chat-processor.smx] Message formats generated for game 'csgo'.
L 09/24/2022 - 19:31:36: [chat-processor.smx] Successfully hooked a SayText2 chat hook.
L 09/24/2022 - 19:52:41: -------- Mapchange to de_nuke --------
L 09/24/2022 - 19:52:42: [basecommands.smx] "Console<0><Console><Console>" changed cvar (cvar "mapcyclefile") (value "map_custom.txt")
L 09/24/2022 - 19:52:45: [warmod.smx] Current Map: de_nuke, Warmod Version: 19.11.21.2253
L 09/24/2022 - 19:52:47: [chat-processor.smx] Message formats generated for game 'csgo'.
L 09/24/2022 - 19:52:47: [chat-processor.smx] Successfully hooked a SayText2 chat hook.
L 09/25/2022 - 01:21:17: Log file closed.
