L 08/06/2022 - 00:12:38: SourceMod log file session started (file "/home/csgo/csgo/addons/sourcemod/logs/L20220806.log") (Version "1.12.0.6912")
L 08/06/2022 - 00:12:38: [playercommands.smx] "Sadman<60><STEAM_1:0:151680565><>" renamed "æ›²çµ‚äºº<63><STEAM_1:1:427103416><>" (to "ºº²‚º²‚ç‚")
L 08/06/2022 - 00:13:24: [funcommands.smx] "Sadman<60><STEAM_1:0:151680565><>" set gravity on "mayi<61><STEAM_1:0:611480590><>" (amount "0.100000")
L 08/06/2022 - 00:13:37: [funcommands.smx] "Sadman<60><STEAM_1:0:151680565><>" set gravity on "Sadman<60><STEAM_1:0:151680565><>" (amount "0.100000")
L 08/06/2022 - 00:14:28: [basecommands.smx] "11<72><STEAM_1:0:584945062><>" changed map to "mir"
L 08/06/2022 - 00:14:31: [SM] Changed map to "mir"
L 08/06/2022 - 00:14:32: -------- Mapchange to de_mirage --------
L 08/06/2022 - 00:59:16: -------- Mapchange to de_mirage --------
L 08/06/2022 - 01:25:18: -------- Mapchange to de_mirage --------
L 08/06/2022 - 01:48:20: [basecommands.smx] "HVHä½ çˆ·<74><STEAM_1:0:110600653><>" changed map to "mir"
L 08/06/2022 - 01:48:23: [SM] Changed map to "mir"
L 08/06/2022 - 01:48:24: -------- Mapchange to de_mirage --------
L 08/06/2022 - 02:24:14: -------- Mapchange to de_mirage --------
L 08/06/2022 - 02:50:13: [basecommands.smx] "HVHä½ çˆ·<79><STEAM_1:0:110600653><>" changed cvar (cvar "game_mode") (value "2")
L 08/06/2022 - 02:50:16: [basecommands.smx] "HVHä½ çˆ·<79><STEAM_1:0:110600653><>" changed map to "cbble"
L 08/06/2022 - 02:50:20: [SM] Changed map to "cbble"
L 08/06/2022 - 02:50:21: -------- Mapchange to gd_cbble --------
L 08/06/2022 - 02:51:52: [basecommands.smx] "HVHä½ çˆ·<79><STEAM_1:0:110600653><>" changed cvar (cvar "game_mode") (value "2")
L 08/06/2022 - 02:52:04: [basecommands.smx] "HVHä½ çˆ·<79><STEAM_1:0:110600653><>" changed map to "ver"
L 08/06/2022 - 02:52:07: [SM] Changed map to "ver"
L 08/06/2022 - 02:52:08: -------- Mapchange to de_vertigo --------
L 08/06/2022 - 02:55:35: [basecommands.smx] "HVHä½ çˆ·<79><STEAM_1:0:110600653><>" changed cvar (cvar "mp_maxrounds") (value "16")
L 08/06/2022 - 03:00:14: [basecommands.smx] "HVHä½ çˆ·<79><STEAM_1:0:110600653><>" changed map to "over"
L 08/06/2022 - 03:00:17: [SM] Changed map to "over"
L 08/06/2022 - 03:00:18: -------- Mapchange to de_overpass --------
L 08/06/2022 - 03:02:00: [basecommands.smx] "HVHä½ çˆ·<79><STEAM_1:0:110600653><>" changed map to "over"
L 08/06/2022 - 03:02:03: [SM] Changed map to "over"
L 08/06/2022 - 03:02:04: -------- Mapchange to de_overpass --------
L 08/06/2022 - 03:02:10: -------- Mapchange to de_overpass --------
L 08/06/2022 - 03:08:29: [basecommands.smx] "HVHä½ çˆ·<79><STEAM_1:0:110600653><>" changed cvar (cvar "mp_maxrounds") (value "16")
L 08/06/2022 - 03:20:19: [basecommands.smx] "HVHä½ çˆ·<79><STEAM_1:0:110600653><>" changed map to "shortnuke"
L 08/06/2022 - 03:20:22: [SM] Changed map to "shortnuke"
L 08/06/2022 - 03:20:23: -------- Mapchange to de_shortnuke --------
L 08/06/2022 - 03:22:37: [playercommands.smx] "HVHä½ çˆ¹<83><STEAM_1:0:515881234><>" slayed "T<81><STEAM_1:0:186191751><>"
L 08/06/2022 - 03:22:46: [funcommands.smx] "HVHä½ çˆ¹<83><STEAM_1:0:515881234><>" set a FireBomb on "T<81><STEAM_1:0:186191751><>"
L 08/06/2022 - 03:29:43: [basecommands.smx] "HVHä½ çˆ·<79><STEAM_1:0:110600653><>" changed cvar (cvar "mp_maxrounds") (value "16")
L 08/06/2022 - 03:38:34: [basecommands.smx] "HVHä½ çˆ·<79><STEAM_1:0:110600653><>" changed map to "dust"
L 08/06/2022 - 03:38:37: [SM] Changed map to "dust"
L 08/06/2022 - 03:38:38: -------- Mapchange to de_shortdust --------
L 08/06/2022 - 03:41:45: [basecommands.smx] "HVHä½ çˆ·<79><STEAM_1:0:110600653><>" changed cvar (cvar "mp_maxrounds") (value "16")
L 08/06/2022 - 03:53:15: [playercommands.smx] "HVHä½ çˆ·<79><STEAM_1:0:110600653><>" slapped "çŒ›ç¾Šç¾Š+2664645085<82><STEAM_1:0:607397116><>" (damage "0")
L 08/06/2022 - 03:53:15: [playercommands.smx] "HVHä½ çˆ·<79><STEAM_1:0:110600653><>" slapped "T<81><STEAM_1:0:186191751><>" (damage "0")
L 08/06/2022 - 03:53:16: [playercommands.smx] "HVHä½ çˆ·<79><STEAM_1:0:110600653><>" slapped "çŒ›ç¾Šç¾Š+2664645085<82><STEAM_1:0:607397116><>" (damage "0")
L 08/06/2022 - 03:53:17: [playercommands.smx] "HVHä½ çˆ·<79><STEAM_1:0:110600653><>" slapped "çŒ›ç¾Šç¾Š+2664645085<82><STEAM_1:0:607397116><>" (damage "0")
L 08/06/2022 - 03:53:17: [playercommands.smx] "HVHä½ çˆ·<79><STEAM_1:0:110600653><>" slapped "T<81><STEAM_1:0:186191751><>" (damage "0")
L 08/06/2022 - 03:53:17: [playercommands.smx] "HVHä½ çˆ·<79><STEAM_1:0:110600653><>" slapped "çŒ›ç¾Šç¾Š+2664645085<82><STEAM_1:0:607397116><>" (damage "0")
L 08/06/2022 - 03:53:18: [playercommands.smx] "HVHä½ çˆ·<79><STEAM_1:0:110600653><>" slapped "çŒ›ç¾Šç¾Š+2664645085<82><STEAM_1:0:607397116><>" (damage "0")
L 08/06/2022 - 03:53:18: [playercommands.smx] "HVHä½ çˆ·<79><STEAM_1:0:110600653><>" slapped "T<81><STEAM_1:0:186191751><>" (damage "0")
L 08/06/2022 - 03:53:18: [playercommands.smx] "HVHä½ çˆ·<79><STEAM_1:0:110600653><>" slapped "çŒ›ç¾Šç¾Š+2664645085<82><STEAM_1:0:607397116><>" (damage "0")
L 08/06/2022 - 03:53:18: [playercommands.smx] "HVHä½ çˆ·<79><STEAM_1:0:110600653><>" slapped "T<81><STEAM_1:0:186191751><>" (damage "0")
L 08/06/2022 - 03:53:18: [playercommands.smx] "HVHä½ çˆ·<79><STEAM_1:0:110600653><>" slapped "T<81><STEAM_1:0:186191751><>" (damage "0")
L 08/06/2022 - 03:53:19: [playercommands.smx] "HVHä½ çˆ·<79><STEAM_1:0:110600653><>" slapped "T<81><STEAM_1:0:186191751><>" (damage "0")
L 08/06/2022 - 03:53:19: [playercommands.smx] "HVHä½ çˆ·<79><STEAM_1:0:110600653><>" slapped "çŒ›ç¾Šç¾Š+2664645085<82><STEAM_1:0:607397116><>" (damage "0")
L 08/06/2022 - 03:53:19: [playercommands.smx] "HVHä½ çˆ·<79><STEAM_1:0:110600653><>" slapped "çŒ›ç¾Šç¾Š+2664645085<82><STEAM_1:0:607397116><>" (damage "0")
L 08/06/2022 - 03:53:19: [playercommands.smx] "HVHä½ çˆ·<79><STEAM_1:0:110600653><>" slapped "T<81><STEAM_1:0:186191751><>" (damage "0")
L 08/06/2022 - 03:53:19: [playercommands.smx] "HVHä½ çˆ·<79><STEAM_1:0:110600653><>" slapped "çŒ›ç¾Šç¾Š+2664645085<82><STEAM_1:0:607397116><>" (damage "0")
L 08/06/2022 - 03:53:19: [playercommands.smx] "HVHä½ çˆ·<79><STEAM_1:0:110600653><>" slapped "T<81><STEAM_1:0:186191751><>" (damage "0")
L 08/06/2022 - 03:53:20: [playercommands.smx] "HVHä½ çˆ·<79><STEAM_1:0:110600653><>" slapped "çŒ›ç¾Šç¾Š+2664645085<82><STEAM_1:0:607397116><>" (damage "0")
L 08/06/2022 - 03:53:20: [playercommands.smx] "HVHä½ çˆ·<79><STEAM_1:0:110600653><>" slapped "T<81><STEAM_1:0:186191751><>" (damage "0")
L 08/06/2022 - 03:53:20: [playercommands.smx] "HVHä½ çˆ·<79><STEAM_1:0:110600653><>" slapped "çŒ›ç¾Šç¾Š+2664645085<82><STEAM_1:0:607397116><>" (damage "0")
L 08/06/2022 - 03:53:20: [playercommands.smx] "HVHä½ çˆ·<79><STEAM_1:0:110600653><>" slapped "T<81><STEAM_1:0:186191751><>" (damage "0")
L 08/06/2022 - 03:53:20: [playercommands.smx] "HVHä½ çˆ·<79><STEAM_1:0:110600653><>" slapped "çŒ›ç¾Šç¾Š+2664645085<82><STEAM_1:0:607397116><>" (damage "0")
L 08/06/2022 - 03:53:20: [playercommands.smx] "HVHä½ çˆ·<79><STEAM_1:0:110600653><>" slapped "çŒ›ç¾Šç¾Š+2664645085<82><STEAM_1:0:607397116><>" (damage "0")
L 08/06/2022 - 03:53:20: [playercommands.smx] "HVHä½ çˆ·<79><STEAM_1:0:110600653><>" slapped "T<81><STEAM_1:0:186191751><>" (damage "0")
L 08/06/2022 - 03:53:20: [playercommands.smx] "HVHä½ çˆ·<79><STEAM_1:0:110600653><>" slapped "çŒ›ç¾Šç¾Š+2664645085<82><STEAM_1:0:607397116><>" (damage "0")
L 08/06/2022 - 03:53:21: [playercommands.smx] "HVHä½ çˆ·<79><STEAM_1:0:110600653><>" slapped "T<81><STEAM_1:0:186191751><>" (damage "0")
L 08/06/2022 - 03:53:21: [playercommands.smx] "HVHä½ çˆ·<79><STEAM_1:0:110600653><>" slapped "çŒ›ç¾Šç¾Š+2664645085<82><STEAM_1:0:607397116><>" (damage "0")
L 08/06/2022 - 03:53:21: [playercommands.smx] "HVHä½ çˆ·<79><STEAM_1:0:110600653><>" slapped "T<81><STEAM_1:0:186191751><>" (damage "0")
L 08/06/2022 - 03:53:21: [playercommands.smx] "HVHä½ çˆ·<79><STEAM_1:0:110600653><>" slapped "çŒ›ç¾Šç¾Š+2664645085<82><STEAM_1:0:607397116><>" (damage "0")
L 08/06/2022 - 03:53:21: [playercommands.smx] "HVHä½ çˆ·<79><STEAM_1:0:110600653><>" slapped "T<81><STEAM_1:0:186191751><>" (damage "0")
L 08/06/2022 - 03:53:21: [playercommands.smx] "HVHä½ çˆ·<79><STEAM_1:0:110600653><>" slapped "çŒ›ç¾Šç¾Š+2664645085<82><STEAM_1:0:607397116><>" (damage "0")
L 08/06/2022 - 03:53:21: [playercommands.smx] "HVHä½ çˆ·<79><STEAM_1:0:110600653><>" slapped "çŒ›ç¾Šç¾Š+2664645085<82><STEAM_1:0:607397116><>" (damage "0")
L 08/06/2022 - 03:53:22: [playercommands.smx] "HVHä½ çˆ·<79><STEAM_1:0:110600653><>" slapped "T<81><STEAM_1:0:186191751><>" (damage "0")
L 08/06/2022 - 03:53:22: [playercommands.smx] "HVHä½ çˆ·<79><STEAM_1:0:110600653><>" slapped "çŒ›ç¾Šç¾Š+2664645085<82><STEAM_1:0:607397116><>" (damage "0")
L 08/06/2022 - 03:53:22: [playercommands.smx] "HVHä½ çˆ·<79><STEAM_1:0:110600653><>" slapped "T<81><STEAM_1:0:186191751><>" (damage "0")
L 08/06/2022 - 03:53:22: [playercommands.smx] "HVHä½ çˆ·<79><STEAM_1:0:110600653><>" slapped "çŒ›ç¾Šç¾Š+2664645085<82><STEAM_1:0:607397116><>" (damage "0")
L 08/06/2022 - 03:53:22: [playercommands.smx] "HVHä½ çˆ·<79><STEAM_1:0:110600653><>" slapped "T<81><STEAM_1:0:186191751><>" (damage "0")
L 08/06/2022 - 03:53:22: [playercommands.smx] "HVHä½ çˆ·<79><STEAM_1:0:110600653><>" slapped "T<81><STEAM_1:0:186191751><>" (damage "0")
L 08/06/2022 - 03:53:22: [playercommands.smx] "HVHä½ çˆ·<79><STEAM_1:0:110600653><>" slapped "T<81><STEAM_1:0:186191751><>" (damage "0")
L 08/06/2022 - 03:53:23: [playercommands.smx] "HVHä½ çˆ·<79><STEAM_1:0:110600653><>" slapped "T<81><STEAM_1:0:186191751><>" (damage "0")
L 08/06/2022 - 03:53:23: [playercommands.smx] "HVHä½ çˆ·<79><STEAM_1:0:110600653><>" slapped "T<81><STEAM_1:0:186191751><>" (damage "0")
L 08/06/2022 - 03:53:23: [playercommands.smx] "HVHä½ çˆ·<79><STEAM_1:0:110600653><>" slapped "T<81><STEAM_1:0:186191751><>" (damage "0")
L 08/06/2022 - 03:53:23: [playercommands.smx] "HVHä½ çˆ·<79><STEAM_1:0:110600653><>" slapped "T<81><STEAM_1:0:186191751><>" (damage "0")
L 08/06/2022 - 03:53:23: [playercommands.smx] "HVHä½ çˆ·<79><STEAM_1:0:110600653><>" slapped "T<81><STEAM_1:0:186191751><>" (damage "0")
L 08/06/2022 - 03:53:23: [playercommands.smx] "HVHä½ çˆ·<79><STEAM_1:0:110600653><>" slapped "T<81><STEAM_1:0:186191751><>" (damage "0")
L 08/06/2022 - 03:53:24: [playercommands.smx] "HVHä½ çˆ·<79><STEAM_1:0:110600653><>" slapped "çŒ›ç¾Šç¾Š+2664645085<82><STEAM_1:0:607397116><>" (damage "0")
L 08/06/2022 - 03:53:24: [playercommands.smx] "HVHä½ çˆ·<79><STEAM_1:0:110600653><>" slapped "çŒ›ç¾Šç¾Š+2664645085<82><STEAM_1:0:607397116><>" (damage "0")
L 08/06/2022 - 03:53:24: [playercommands.smx] "HVHä½ çˆ·<79><STEAM_1:0:110600653><>" slapped "çŒ›ç¾Šç¾Š+2664645085<82><STEAM_1:0:607397116><>" (damage "0")
L 08/06/2022 - 03:53:24: [playercommands.smx] "HVHä½ çˆ·<79><STEAM_1:0:110600653><>" slapped "çŒ›ç¾Šç¾Š+2664645085<82><STEAM_1:0:607397116><>" (damage "0")
L 08/06/2022 - 03:53:24: [playercommands.smx] "HVHä½ çˆ·<79><STEAM_1:0:110600653><>" slapped "çŒ›ç¾Šç¾Š+2664645085<82><STEAM_1:0:607397116><>" (damage "0")
L 08/06/2022 - 03:53:24: [playercommands.smx] "HVHä½ çˆ·<79><STEAM_1:0:110600653><>" slapped "çŒ›ç¾Šç¾Š+2664645085<82><STEAM_1:0:607397116><>" (damage "0")
L 08/06/2022 - 03:53:25: [playercommands.smx] "HVHä½ çˆ·<79><STEAM_1:0:110600653><>" slapped "çŒ›ç¾Šç¾Š+2664645085<82><STEAM_1:0:607397116><>" (damage "0")
L 08/06/2022 - 03:53:25: [playercommands.smx] "HVHä½ çˆ·<79><STEAM_1:0:110600653><>" slapped "çŒ›ç¾Šç¾Š+2664645085<82><STEAM_1:0:607397116><>" (damage "0")
L 08/06/2022 - 03:53:25: [playercommands.smx] "HVHä½ çˆ·<79><STEAM_1:0:110600653><>" slapped "T<81><STEAM_1:0:186191751><>" (damage "0")
L 08/06/2022 - 03:53:25: [playercommands.smx] "HVHä½ çˆ·<79><STEAM_1:0:110600653><>" slapped "T<81><STEAM_1:0:186191751><>" (damage "0")
L 08/06/2022 - 03:53:25: [playercommands.smx] "HVHä½ çˆ·<79><STEAM_1:0:110600653><>" slapped "T<81><STEAM_1:0:186191751><>" (damage "0")
L 08/06/2022 - 03:53:26: [playercommands.smx] "HVHä½ çˆ·<79><STEAM_1:0:110600653><>" slapped "T<81><STEAM_1:0:186191751><>" (damage "0")
L 08/06/2022 - 03:53:26: [playercommands.smx] "HVHä½ çˆ·<79><STEAM_1:0:110600653><>" slapped "çŒ›ç¾Šç¾Š+2664645085<82><STEAM_1:0:607397116><>" (damage "0")
L 08/06/2022 - 03:53:26: [playercommands.smx] "HVHä½ çˆ·<79><STEAM_1:0:110600653><>" slapped "çŒ›ç¾Šç¾Š+2664645085<82><STEAM_1:0:607397116><>" (damage "0")
L 08/06/2022 - 03:53:26: [playercommands.smx] "HVHä½ çˆ·<79><STEAM_1:0:110600653><>" slapped "çŒ›ç¾Šç¾Š+2664645085<82><STEAM_1:0:607397116><>" (damage "0")
L 08/06/2022 - 03:53:26: [playercommands.smx] "HVHä½ çˆ·<79><STEAM_1:0:110600653><>" slapped "çŒ›ç¾Šç¾Š+2664645085<82><STEAM_1:0:607397116><>" (damage "0")
L 08/06/2022 - 03:53:26: [playercommands.smx] "HVHä½ çˆ·<79><STEAM_1:0:110600653><>" slapped "çŒ›ç¾Šç¾Š+2664645085<82><STEAM_1:0:607397116><>" (damage "0")
L 08/06/2022 - 03:53:27: [playercommands.smx] "HVHä½ çˆ·<79><STEAM_1:0:110600653><>" slapped "çŒ›ç¾Šç¾Š+2664645085<82><STEAM_1:0:607397116><>" (damage "0")
L 08/06/2022 - 03:53:27: [playercommands.smx] "HVHä½ çˆ·<79><STEAM_1:0:110600653><>" slapped "çŒ›ç¾Šç¾Š+2664645085<82><STEAM_1:0:607397116><>" (damage "0")
L 08/06/2022 - 03:53:27: [playercommands.smx] "HVHä½ çˆ·<79><STEAM_1:0:110600653><>" slapped "T<81><STEAM_1:0:186191751><>" (damage "0")
L 08/06/2022 - 03:53:27: [playercommands.smx] "HVHä½ çˆ·<79><STEAM_1:0:110600653><>" slapped "T<81><STEAM_1:0:186191751><>" (damage "0")
L 08/06/2022 - 03:53:27: [playercommands.smx] "HVHä½ çˆ·<79><STEAM_1:0:110600653><>" slapped "T<81><STEAM_1:0:186191751><>" (damage "0")
L 08/06/2022 - 03:53:27: [playercommands.smx] "HVHä½ çˆ·<79><STEAM_1:0:110600653><>" slapped "T<81><STEAM_1:0:186191751><>" (damage "0")
L 08/06/2022 - 03:53:28: [playercommands.smx] "HVHä½ çˆ·<79><STEAM_1:0:110600653><>" slapped "T<81><STEAM_1:0:186191751><>" (damage "0")
L 08/06/2022 - 03:53:28: [playercommands.smx] "HVHä½ çˆ·<79><STEAM_1:0:110600653><>" slapped "T<81><STEAM_1:0:186191751><>" (damage "0")
L 08/06/2022 - 03:53:28: [playercommands.smx] "HVHä½ çˆ·<79><STEAM_1:0:110600653><>" slapped "T<81><STEAM_1:0:186191751><>" (damage "0")
L 08/06/2022 - 03:53:28: [playercommands.smx] "HVHä½ çˆ·<79><STEAM_1:0:110600653><>" slapped "T<81><STEAM_1:0:186191751><>" (damage "0")
L 08/06/2022 - 03:53:28: [playercommands.smx] "HVHä½ çˆ·<79><STEAM_1:0:110600653><>" slapped "T<81><STEAM_1:0:186191751><>" (damage "0")
L 08/06/2022 - 03:53:29: [playercommands.smx] "HVHä½ çˆ·<79><STEAM_1:0:110600653><>" slapped "T<81><STEAM_1:0:186191751><>" (damage "0")
L 08/06/2022 - 03:53:29: [playercommands.smx] "HVHä½ çˆ·<79><STEAM_1:0:110600653><>" slapped "T<81><STEAM_1:0:186191751><>" (damage "0")
L 08/06/2022 - 03:53:29: [playercommands.smx] "HVHä½ çˆ·<79><STEAM_1:0:110600653><>" slapped "T<81><STEAM_1:0:186191751><>" (damage "0")
L 08/06/2022 - 03:53:29: [playercommands.smx] "HVHä½ çˆ·<79><STEAM_1:0:110600653><>" slapped "T<81><STEAM_1:0:186191751><>" (damage "0")
L 08/06/2022 - 03:53:29: [playercommands.smx] "HVHä½ çˆ·<79><STEAM_1:0:110600653><>" slapped "T<81><STEAM_1:0:186191751><>" (damage "0")
L 08/06/2022 - 03:53:30: [playercommands.smx] "HVHä½ çˆ·<79><STEAM_1:0:110600653><>" slapped "T<81><STEAM_1:0:186191751><>" (damage "0")
L 08/06/2022 - 03:53:30: [playercommands.smx] "HVHä½ çˆ·<79><STEAM_1:0:110600653><>" slapped "T<81><STEAM_1:0:186191751><>" (damage "0")
L 08/06/2022 - 03:53:30: [playercommands.smx] "HVHä½ çˆ·<79><STEAM_1:0:110600653><>" slapped "T<81><STEAM_1:0:186191751><>" (damage "0")
L 08/06/2022 - 03:53:30: [playercommands.smx] "HVHä½ çˆ·<79><STEAM_1:0:110600653><>" slapped "T<81><STEAM_1:0:186191751><>" (damage "0")
L 08/06/2022 - 03:53:31: [playercommands.smx] "HVHä½ çˆ·<79><STEAM_1:0:110600653><>" slapped "çŒ›ç¾Šç¾Š+2664645085<82><STEAM_1:0:607397116><>" (damage "0")
L 08/06/2022 - 03:53:31: [playercommands.smx] "HVHä½ çˆ·<79><STEAM_1:0:110600653><>" slapped "çŒ›ç¾Šç¾Š+2664645085<82><STEAM_1:0:607397116><>" (damage "0")
L 08/06/2022 - 03:53:31: [playercommands.smx] "HVHä½ çˆ·<79><STEAM_1:0:110600653><>" slapped "HVHä½ çˆ¹<83><STEAM_1:0:515881234><>" (damage "0")
L 08/06/2022 - 03:53:31: [playercommands.smx] "HVHä½ çˆ·<79><STEAM_1:0:110600653><>" slapped "HVHä½ çˆ¹<83><STEAM_1:0:515881234><>" (damage "0")
L 08/06/2022 - 03:53:32: [playercommands.smx] "HVHä½ çˆ·<79><STEAM_1:0:110600653><>" slapped "HVHä½ çˆ¹<83><STEAM_1:0:515881234><>" (damage "0")
L 08/06/2022 - 03:53:32: [playercommands.smx] "HVHä½ çˆ·<79><STEAM_1:0:110600653><>" slapped "HVHä½ çˆ¹<83><STEAM_1:0:515881234><>" (damage "0")
L 08/06/2022 - 03:53:32: [playercommands.smx] "HVHä½ çˆ·<79><STEAM_1:0:110600653><>" slapped "HVHä½ çˆ¹<83><STEAM_1:0:515881234><>" (damage "0")
L 08/06/2022 - 03:53:33: [playercommands.smx] "HVHä½ çˆ·<79><STEAM_1:0:110600653><>" slapped "çŒ›ç¾Šç¾Š+2664645085<82><STEAM_1:0:607397116><>" (damage "0")
L 08/06/2022 - 03:53:33: [playercommands.smx] "HVHä½ çˆ·<79><STEAM_1:0:110600653><>" slapped "çŒ›ç¾Šç¾Š+2664645085<82><STEAM_1:0:607397116><>" (damage "0")
L 08/06/2022 - 03:53:33: [playercommands.smx] "HVHä½ çˆ·<79><STEAM_1:0:110600653><>" slapped "çŒ›ç¾Šç¾Š+2664645085<82><STEAM_1:0:607397116><>" (damage "0")
L 08/06/2022 - 03:53:33: [playercommands.smx] "HVHä½ çˆ·<79><STEAM_1:0:110600653><>" slapped "çŒ›ç¾Šç¾Š+2664645085<82><STEAM_1:0:607397116><>" (damage "0")
L 08/06/2022 - 03:53:33: [playercommands.smx] "HVHä½ çˆ·<79><STEAM_1:0:110600653><>" slapped "çŒ›ç¾Šç¾Š+2664645085<82><STEAM_1:0:607397116><>" (damage "0")
L 08/06/2022 - 03:53:34: [playercommands.smx] "HVHä½ çˆ·<79><STEAM_1:0:110600653><>" slapped "çŒ›ç¾Šç¾Š+2664645085<82><STEAM_1:0:607397116><>" (damage "0")
L 08/06/2022 - 03:53:34: [playercommands.smx] "HVHä½ çˆ·<79><STEAM_1:0:110600653><>" slapped "çŒ›ç¾Šç¾Š+2664645085<82><STEAM_1:0:607397116><>" (damage "0")
L 08/06/2022 - 03:53:34: [playercommands.smx] "HVHä½ çˆ·<79><STEAM_1:0:110600653><>" slapped "çŒ›ç¾Šç¾Š+2664645085<82><STEAM_1:0:607397116><>" (damage "0")
L 08/06/2022 - 03:53:34: [playercommands.smx] "HVHä½ çˆ·<79><STEAM_1:0:110600653><>" slapped "çŒ›ç¾Šç¾Š+2664645085<82><STEAM_1:0:607397116><>" (damage "0")
L 08/06/2022 - 03:53:34: [playercommands.smx] "HVHä½ çˆ·<79><STEAM_1:0:110600653><>" slapped "çŒ›ç¾Šç¾Š+2664645085<82><STEAM_1:0:607397116><>" (damage "0")
L 08/06/2022 - 03:53:35: [playercommands.smx] "HVHä½ çˆ·<79><STEAM_1:0:110600653><>" slapped "çŒ›ç¾Šç¾Š+2664645085<82><STEAM_1:0:607397116><>" (damage "0")
L 08/06/2022 - 03:53:35: [playercommands.smx] "HVHä½ çˆ·<79><STEAM_1:0:110600653><>" slapped "çŒ›ç¾Šç¾Š+2664645085<82><STEAM_1:0:607397116><>" (damage "0")
L 08/06/2022 - 03:53:35: [playercommands.smx] "HVHä½ çˆ·<79><STEAM_1:0:110600653><>" slapped "çŒ›ç¾Šç¾Š+2664645085<82><STEAM_1:0:607397116><>" (damage "0")
L 08/06/2022 - 03:53:35: [playercommands.smx] "HVHä½ çˆ·<79><STEAM_1:0:110600653><>" slapped "çŒ›ç¾Šç¾Š+2664645085<82><STEAM_1:0:607397116><>" (damage "0")
L 08/06/2022 - 03:53:35: [playercommands.smx] "HVHä½ çˆ·<79><STEAM_1:0:110600653><>" slapped "çŒ›ç¾Šç¾Š+2664645085<82><STEAM_1:0:607397116><>" (damage "0")
L 08/06/2022 - 03:53:35: [playercommands.smx] "HVHä½ çˆ·<79><STEAM_1:0:110600653><>" slapped "çŒ›ç¾Šç¾Š+2664645085<82><STEAM_1:0:607397116><>" (damage "0")
L 08/06/2022 - 03:53:36: [playercommands.smx] "HVHä½ çˆ·<79><STEAM_1:0:110600653><>" slapped "çŒ›ç¾Šç¾Š+2664645085<82><STEAM_1:0:607397116><>" (damage "0")
L 08/06/2022 - 03:53:36: [playercommands.smx] "HVHä½ çˆ·<79><STEAM_1:0:110600653><>" slapped "çŒ›ç¾Šç¾Š+2664645085<82><STEAM_1:0:607397116><>" (damage "0")
L 08/06/2022 - 03:53:36: [playercommands.smx] "HVHä½ çˆ·<79><STEAM_1:0:110600653><>" slapped "çŒ›ç¾Šç¾Š+2664645085<82><STEAM_1:0:607397116><>" (damage "0")
L 08/06/2022 - 03:53:36: [playercommands.smx] "HVHä½ çˆ·<79><STEAM_1:0:110600653><>" slapped "çŒ›ç¾Šç¾Š+2664645085<82><STEAM_1:0:607397116><>" (damage "0")
L 08/06/2022 - 03:53:36: [playercommands.smx] "HVHä½ çˆ·<79><STEAM_1:0:110600653><>" slapped "çŒ›ç¾Šç¾Š+2664645085<82><STEAM_1:0:607397116><>" (damage "0")
L 08/06/2022 - 03:53:37: [playercommands.smx] "HVHä½ çˆ·<79><STEAM_1:0:110600653><>" slapped "çŒ›ç¾Šç¾Š+2664645085<82><STEAM_1:0:607397116><>" (damage "0")
L 08/06/2022 - 03:53:37: [playercommands.smx] "HVHä½ çˆ·<79><STEAM_1:0:110600653><>" slapped "çŒ›ç¾Šç¾Š+2664645085<82><STEAM_1:0:607397116><>" (damage "0")
L 08/06/2022 - 03:53:37: [playercommands.smx] "HVHä½ çˆ·<79><STEAM_1:0:110600653><>" slapped "çŒ›ç¾Šç¾Š+2664645085<82><STEAM_1:0:607397116><>" (damage "0")
L 08/06/2022 - 03:53:37: [playercommands.smx] "HVHä½ çˆ·<79><STEAM_1:0:110600653><>" slapped "çŒ›ç¾Šç¾Š+2664645085<82><STEAM_1:0:607397116><>" (damage "0")
L 08/06/2022 - 03:53:37: [playercommands.smx] "HVHä½ çˆ·<79><STEAM_1:0:110600653><>" slapped "çŒ›ç¾Šç¾Š+2664645085<82><STEAM_1:0:607397116><>" (damage "0")
L 08/06/2022 - 03:53:38: [playercommands.smx] "HVHä½ çˆ·<79><STEAM_1:0:110600653><>" slapped "çŒ›ç¾Šç¾Š+2664645085<82><STEAM_1:0:607397116><>" (damage "0")
L 08/06/2022 - 03:53:38: [playercommands.smx] "HVHä½ çˆ·<79><STEAM_1:0:110600653><>" slapped "çŒ›ç¾Šç¾Š+2664645085<82><STEAM_1:0:607397116><>" (damage "0")
L 08/06/2022 - 03:53:38: [playercommands.smx] "HVHä½ çˆ·<79><STEAM_1:0:110600653><>" slapped "çŒ›ç¾Šç¾Š+2664645085<82><STEAM_1:0:607397116><>" (damage "0")
L 08/06/2022 - 03:53:41: [playercommands.smx] "HVHä½ çˆ·<79><STEAM_1:0:110600653><>" slapped "çŒ›ç¾Šç¾Š+2664645085<82><STEAM_1:0:607397116><>" (damage "0")
L 08/06/2022 - 03:53:41: [playercommands.smx] "HVHä½ çˆ·<79><STEAM_1:0:110600653><>" slapped "çŒ›ç¾Šç¾Š+2664645085<82><STEAM_1:0:607397116><>" (damage "0")
L 08/06/2022 - 03:53:42: [playercommands.smx] "HVHä½ çˆ·<79><STEAM_1:0:110600653><>" slapped "çŒ›ç¾Šç¾Š+2664645085<82><STEAM_1:0:607397116><>" (damage "0")
L 08/06/2022 - 03:53:42: [playercommands.smx] "HVHä½ çˆ·<79><STEAM_1:0:110600653><>" slapped "çŒ›ç¾Šç¾Š+2664645085<82><STEAM_1:0:607397116><>" (damage "0")
L 08/06/2022 - 03:53:43: [playercommands.smx] "HVHä½ çˆ·<79><STEAM_1:0:110600653><>" slapped "çŒ›ç¾Šç¾Š+2664645085<82><STEAM_1:0:607397116><>" (damage "0")
L 08/06/2022 - 03:53:44: [playercommands.smx] "HVHä½ çˆ·<79><STEAM_1:0:110600653><>" slapped "çŒ›ç¾Šç¾Š+2664645085<82><STEAM_1:0:607397116><>" (damage "0")
L 08/06/2022 - 03:53:45: [playercommands.smx] "HVHä½ çˆ·<79><STEAM_1:0:110600653><>" slapped "çŒ›ç¾Šç¾Š+2664645085<82><STEAM_1:0:607397116><>" (damage "0")
L 08/06/2022 - 03:53:45: [playercommands.smx] "HVHä½ çˆ·<79><STEAM_1:0:110600653><>" slapped "çŒ›ç¾Šç¾Š+2664645085<82><STEAM_1:0:607397116><>" (damage "0")
L 08/06/2022 - 03:53:45: [playercommands.smx] "HVHä½ çˆ·<79><STEAM_1:0:110600653><>" slapped "çŒ›ç¾Šç¾Š+2664645085<82><STEAM_1:0:607397116><>" (damage "0")
L 08/06/2022 - 03:54:48: [basecommands.smx] "HVHä½ çˆ·<79><STEAM_1:0:110600653><>" changed map to "inf"
L 08/06/2022 - 03:54:51: [SM] Changed map to "inf"
L 08/06/2022 - 03:54:52: -------- Mapchange to de_inferno --------
L 08/06/2022 - 03:56:55: [basecommands.smx] "HVHä½ çˆ·<79><STEAM_1:0:110600653><>" changed cvar (cvar "mp_maxrounds") (value "16")
L 08/06/2022 - 04:07:55: [basechat.smx] "HVHä½ çˆ·<79><STEAM_1:0:110600653><>" triggered sm_say (text 1)
L 08/06/2022 - 04:07:57: [basechat.smx] "HVHä½ çˆ·<79><STEAM_1:0:110600653><>" triggered sm_say (text 1111)
L 08/06/2022 - 07:43:59: -------- Mapchange to de_inferno --------
L 08/06/2022 - 08:05:06: [basecommands.smx] "Smile<87><STEAM_1:1:556167744><>" changed map to "bank"
L 08/06/2022 - 08:05:09: [SM] Changed map to "bank"
L 08/06/2022 - 08:05:10: -------- Mapchange to de_bank --------
L 08/06/2022 - 10:35:05: -------- Mapchange to de_bank --------
L 08/06/2022 - 10:49:46: -------- Mapchange to de_mirage --------
L 08/06/2022 - 10:51:22: [weapon_restrict.smx] "Smile<88><STEAM_1:1:556167744><>" setup a knives only round for the next round.
L 08/06/2022 - 10:51:55: [playercommands.smx] "Smile<88><STEAM_1:1:556167744><>" slayed "Smile<88><STEAM_1:1:556167744><>"
L 08/06/2022 - 10:53:34: [weapon_restrict.smx] "Smile<88><STEAM_1:1:556167744><>" setup a knives only round for the next round.
L 08/06/2022 - 10:55:06: -------- Mapchange to de_mirage --------
L 08/06/2022 - 11:03:13: -------- Mapchange to de_mirage --------
L 08/06/2022 - 12:22:13: -------- Mapchange to de_mirage --------
L 08/06/2022 - 12:44:15: -------- Mapchange to de_mirage --------
L 08/06/2022 - 12:52:18: -------- Mapchange to de_mirage --------
L 08/06/2022 - 12:56:10: -------- Mapchange to de_vertigo --------
L 08/06/2022 - 12:57:26: [basecommands.smx] "HVHä½ çˆ·<94><STEAM_1:0:110600653><>" kicked "IQ----<95><STEAM_1:0:231547068><>" (reason "")
L 08/06/2022 - 13:00:00: [basecommands.smx] "HVHä½ çˆ·<94><STEAM_1:0:110600653><>" changed cvar (cvar "mp_maxrounds") (value "16")
L 08/06/2022 - 13:13:26: [basecommands.smx] "HVHä½ çˆ·<94><STEAM_1:0:110600653><>" changed map to "nuke"
L 08/06/2022 - 13:13:29: [SM] Changed map to "nuke"
L 08/06/2022 - 13:13:30: -------- Mapchange to de_shortnuke --------
L 08/06/2022 - 14:04:28: -------- Mapchange to de_shortnuke --------
L 08/06/2022 - 14:08:28: [basecommands.smx] "HVHä½ çˆ·<99><STEAM_1:0:110600653><>" changed cvar (cvar "game_mode") (value "1")
L 08/06/2022 - 14:08:40: [basecommands.smx] "HVHä½ çˆ·<99><STEAM_1:0:110600653><>" changed map to "mir"
L 08/06/2022 - 14:08:43: [SM] Changed map to "mir"
L 08/06/2022 - 14:08:44: -------- Mapchange to de_mirage --------
L 08/06/2022 - 14:26:15: [funvotes.smx] "HVHä½ çˆ·<99><STEAM_1:0:110600653><>" initiated an alltalk vote.
L 08/06/2022 - 14:26:35: [funvotes.smx] Changing alltalk to 0 due to vote.
L 08/06/2022 - 14:27:31: [funvotes.smx] "HVHä½ çˆ·<99><STEAM_1:0:110600653><>" initiated an alltalk vote.
L 08/06/2022 - 14:27:51: [funvotes.smx] Changing alltalk to 1 due to vote.
L 08/06/2022 - 14:41:13: [basecommands.smx] "HVHä½ çˆ·<99><STEAM_1:0:110600653><>" changed map to "mir"
L 08/06/2022 - 14:41:16: [SM] Changed map to "mir"
L 08/06/2022 - 14:41:17: -------- Mapchange to de_mirage --------
L 08/06/2022 - 15:08:37: [basecommands.smx] "HVHä½ çˆ·<99><STEAM_1:0:110600653><>" changed map to "mir"
L 08/06/2022 - 15:08:40: [SM] Changed map to "mir"
L 08/06/2022 - 15:08:41: -------- Mapchange to de_mirage --------
L 08/06/2022 - 16:21:07: [basecommands.smx] "ä¸ƒåå²hvhè€å°†ç”³è¯·å‡ºæˆ˜<99><STEAM_1:0:110600653><>" changed map to "mir"
L 08/06/2022 - 16:21:10: [SM] Changed map to "mir"
L 08/06/2022 - 16:21:11: -------- Mapchange to de_mirage --------
L 08/06/2022 - 16:30:45: [basecommands.smx] "ä¸ƒåå²hvhè€å°†ç”³è¯·å‡ºæˆ˜<99><STEAM_1:0:110600653><>" changed map to "mir"
L 08/06/2022 - 16:30:48: [SM] Changed map to "mir"
L 08/06/2022 - 16:30:49: -------- Mapchange to de_mirage --------
L 08/06/2022 - 16:33:00: [basecommands.smx] "ä¸ƒåå²hvhè€å°†ç”³è¯·å‡ºæˆ˜<99><STEAM_1:0:110600653><>" kicked "å¡”å­å‡ºnlsknix 2719309088<118><STEAM_1:0:520649460><>" (reason "")
L 08/06/2022 - 16:33:03: [basecommands.smx] "ä¸ƒåå²hvhè€å°†ç”³è¯·å‡ºæˆ˜<99><STEAM_1:0:110600653><>" kicked "mind>parameter<131><STEAM_1:1:633763498><>" (reason "")
L 08/06/2022 - 16:35:33: [weapon_restrict.smx] "ä¸ƒåå²hvhè€å°†ç”³è¯·å‡ºæˆ˜<99><STEAM_1:0:110600653><>" setup a pistol round for the next round.
L 08/06/2022 - 17:01:31: [basecommands.smx] "ä¸ƒåå²hvhè€å°†ç”³è¯·å‡ºæˆ˜<99><STEAM_1:0:110600653><>" changed map to "mir"
L 08/06/2022 - 17:01:34: [SM] Changed map to "mir"
L 08/06/2022 - 17:01:35: -------- Mapchange to de_mirage --------
L 08/06/2022 - 18:37:06: -------- Mapchange to de_mirage --------
L 08/06/2022 - 18:50:48: -------- Mapchange to de_mirage --------
L 08/06/2022 - 19:58:20: -------- Mapchange to de_mirage --------
L 08/06/2022 - 20:36:10: [playercommands.smx] "ä¸ƒåå²hvhè€å°†ç”³è¯·å‡ºæˆ˜<148><STEAM_1:0:110600653><>" slayed "How2<151><STEAM_1:0:647735481><>"
L 08/06/2022 - 20:36:12: [playercommands.smx] "ä¸ƒåå²hvhè€å°†ç”³è¯·å‡ºæˆ˜<148><STEAM_1:0:110600653><>" slayed "å®‡æ™ºæ³¢åå¼¹<145><STEAM_1:0:537023773><>"
L 08/06/2022 - 20:36:15: [playercommands.smx] "ä¸ƒåå²hvhè€å°†ç”³è¯·å‡ºæˆ˜<148><STEAM_1:0:110600653><>" slayed "è›†<143><STEAM_1:0:482754457><>"
L 08/06/2022 - 20:37:03: [funcommands.smx] "Sadman<141><STEAM_1:0:151680565><>" toggled noclip on "Sadman<141><STEAM_1:0:151680565><>"
L 08/06/2022 - 20:49:52: [basebans.smx] "ä¸ƒåå²hvhåœŸæ‹¨ç”³è¯·å‡ºæˆ˜<148><STEAM_1:0:110600653><>" banned "Srav3r<146><STEAM_1:1:534628505><>" (minutes "0") (reason "Abusive")
L 08/06/2022 - 20:54:39: SourceMod log file session started (file "/home/csgo/csgo/addons/sourcemod/logs/L20220806.log") (Version "1.12.0.6912")
L 08/06/2022 - 20:54:39: [GEOIP] GeoIP2 database loaded: GeoLite2-City (2019-12-17 20:01:26 UTC) (/home/csgo/csgo/addons/sourcemod/configs/geoip/GeoLite2-City.mmdb)
L 08/06/2022 - 20:54:39: [GEOIP] GeoIP2 supported languages: de en es fr ja pt-BR ru zh-CN
L 08/06/2022 - 20:54:39: [GEOIP] Your database is older than 90 days. You should consider downloading a newer version from e.g. https://dev.maxmind.com/geoip/geolite2-free-geolocation-data
L 08/06/2022 - 20:54:39: [auto_steam_update.smx] HUD text is supported on this mod. The persistant timer will display.
L 08/06/2022 - 20:54:47: -------- Mapchange to de_mirage --------
L 08/06/2022 - 20:57:16: -------- Mapchange to de_mirage --------
L 08/06/2022 - 22:43:06: -------- Mapchange to de_mirage --------
L 08/07/2022 - 00:36:00: Log file closed.
