L 10/23/2022 - 00:27:54: SourceMod log file session started (file "/badfupo/server1/csgo/addons/sourcemod/logs/L20221023.log") (Version "1.11.0.6913")
L 10/23/2022 - 00:27:54: [basecommands.smx] "Console<0><Console><Console>" changed cvar (cvar "mapcyclefile") (value "map_custom.txt")
L 10/23/2022 - 00:27:58: [warmod.smx] Current Map: de_mirage, Warmod Version: 19.11.21.2253
L 10/23/2022 - 00:27:58: [chat-processor.smx] Message formats generated for game 'csgo'.
L 10/23/2022 - 00:27:58: [chat-processor.smx] Successfully hooked a SayText2 chat hook.
L 10/23/2022 - 01:04:06: -------- Mapchange to de_mirage --------
L 10/23/2022 - 01:04:06: [basecommands.smx] "Console<0><Console><Console>" changed cvar (cvar "mapcyclefile") (value "map_custom.txt")
L 10/23/2022 - 01:04:10: [warmod.smx] Current Map: de_mirage, Warmod Version: 19.11.21.2253
L 10/23/2022 - 01:04:10: [chat-processor.smx] Message formats generated for game 'csgo'.
L 10/23/2022 - 01:04:10: [chat-processor.smx] Successfully hooked a SayText2 chat hook.
L 10/23/2022 - 01:29:04: -------- Mapchange to de_mirage --------
L 10/23/2022 - 01:29:04: [basecommands.smx] "Console<0><Console><Console>" changed cvar (cvar "mapcyclefile") (value "map_custom.txt")
L 10/23/2022 - 01:29:08: [warmod.smx] Current Map: de_mirage, Warmod Version: 19.11.21.2253
L 10/23/2022 - 01:29:08: [chat-processor.smx] Message formats generated for game 'csgo'.
L 10/23/2022 - 01:29:08: [chat-processor.smx] Successfully hooked a SayText2 chat hook.
L 10/23/2022 - 01:45:40: -------- Mapchange to de_mirage --------
L 10/23/2022 - 01:45:40: [basecommands.smx] "Console<0><Console><Console>" changed cvar (cvar "mapcyclefile") (value "map_custom.txt")
L 10/23/2022 - 01:45:44: [warmod.smx] Current Map: de_mirage, Warmod Version: 19.11.21.2253
L 10/23/2022 - 01:45:44: [chat-processor.smx] Message formats generated for game 'csgo'.
L 10/23/2022 - 01:45:44: [chat-processor.smx] Successfully hooked a SayText2 chat hook.
L 10/23/2022 - 02:09:31: -------- Mapchange to de_mirage --------
L 10/23/2022 - 02:09:31: [basecommands.smx] "Console<0><Console><Console>" changed cvar (cvar "mapcyclefile") (value "map_custom.txt")
L 10/23/2022 - 02:09:35: [warmod.smx] Current Map: de_mirage, Warmod Version: 19.11.21.2253
L 10/23/2022 - 02:09:35: [chat-processor.smx] Message formats generated for game 'csgo'.
L 10/23/2022 - 02:09:35: [chat-processor.smx] Successfully hooked a SayText2 chat hook.
L 10/23/2022 - 02:25:34: [SM] Changed map to "de_mirage"
L 10/23/2022 - 02:25:35: -------- Mapchange to de_mirage --------
L 10/23/2022 - 02:25:36: [basecommands.smx] "Console<0><Console><Console>" changed cvar (cvar "mapcyclefile") (value "map_custom.txt")
L 10/23/2022 - 02:25:39: [warmod.smx] Current Map: de_mirage, Warmod Version: 19.11.21.2253
L 10/23/2022 - 03:12:48: -------- Mapchange to de_mirage --------
L 10/23/2022 - 03:12:48: [chat-processor.smx] Message formats generated for game 'csgo'.
L 10/23/2022 - 03:12:48: [chat-processor.smx] Successfully hooked a SayText2 chat hook.
L 10/23/2022 - 03:12:48: [basecommands.smx] "Console<0><Console><Console>" changed cvar (cvar "mapcyclefile") (value "map_custom.txt")
L 10/23/2022 - 03:12:52: [warmod.smx] Current Map: de_mirage, Warmod Version: 19.11.21.2253
L 10/23/2022 - 03:14:23: -------- Mapchange to de_mirage --------
L 10/23/2022 - 03:14:23: [basecommands.smx] "Console<0><Console><Console>" changed cvar (cvar "mapcyclefile") (value "map_custom.txt")
L 10/23/2022 - 03:14:27: [warmod.smx] Current Map: de_mirage, Warmod Version: 19.11.21.2253
L 10/23/2022 - 03:14:27: [chat-processor.smx] Message formats generated for game 'csgo'.
L 10/23/2022 - 03:14:27: [chat-processor.smx] Successfully hooked a SayText2 chat hook.
L 10/23/2022 - 03:34:07: -------- Mapchange to de_mirage --------
L 10/23/2022 - 03:34:08: [basecommands.smx] "Console<0><Console><Console>" changed cvar (cvar "mapcyclefile") (value "map_custom.txt")
L 10/23/2022 - 03:34:12: [warmod.smx] Current Map: de_mirage, Warmod Version: 19.11.21.2253
L 10/23/2022 - 03:34:12: [chat-processor.smx] Message formats generated for game 'csgo'.
L 10/23/2022 - 03:34:12: [chat-processor.smx] Successfully hooked a SayText2 chat hook.
L 10/23/2022 - 03:49:22: -------- Mapchange to de_mirage --------
L 10/23/2022 - 03:49:22: [basecommands.smx] "Console<0><Console><Console>" changed cvar (cvar "mapcyclefile") (value "map_custom.txt")
L 10/23/2022 - 03:49:26: [warmod.smx] Current Map: de_mirage, Warmod Version: 19.11.21.2253
L 10/23/2022 - 03:49:26: [chat-processor.smx] Message formats generated for game 'csgo'.
L 10/23/2022 - 03:49:26: [chat-processor.smx] Successfully hooked a SayText2 chat hook.
L 10/23/2022 - 04:50:38: -------- Mapchange to de_mirage --------
L 10/23/2022 - 04:50:38: [basecommands.smx] "Console<0><Console><Console>" changed cvar (cvar "mapcyclefile") (value "map_custom.txt")
L 10/23/2022 - 04:50:42: [warmod.smx] Current Map: de_mirage, Warmod Version: 19.11.21.2253
L 10/23/2022 - 04:50:42: [chat-processor.smx] Message formats generated for game 'csgo'.
L 10/23/2022 - 04:50:42: [chat-processor.smx] Successfully hooked a SayText2 chat hook.
L 10/23/2022 - 05:55:06: -------- Mapchange to de_mirage --------
L 10/23/2022 - 05:55:06: [basecommands.smx] "Console<0><Console><Console>" changed cvar (cvar "mapcyclefile") (value "map_custom.txt")
L 10/23/2022 - 05:55:10: [warmod.smx] Current Map: de_mirage, Warmod Version: 19.11.21.2253
L 10/23/2022 - 05:55:11: [chat-processor.smx] Message formats generated for game 'csgo'.
L 10/23/2022 - 05:55:11: [chat-processor.smx] Successfully hooked a SayText2 chat hook.
L 10/23/2022 - 06:02:01: -------- Mapchange to de_mirage --------
L 10/23/2022 - 06:02:01: [basecommands.smx] "Console<0><Console><Console>" changed cvar (cvar "mapcyclefile") (value "map_custom.txt")
L 10/23/2022 - 06:02:05: [warmod.smx] Current Map: de_mirage, Warmod Version: 19.11.21.2253
L 10/23/2022 - 06:02:05: [chat-processor.smx] Message formats generated for game 'csgo'.
L 10/23/2022 - 06:02:05: [chat-processor.smx] Successfully hooked a SayText2 chat hook.
L 10/23/2022 - 06:07:47: -------- Mapchange to de_mirage --------
L 10/23/2022 - 06:07:48: [basecommands.smx] "Console<0><Console><Console>" changed cvar (cvar "mapcyclefile") (value "map_custom.txt")
L 10/23/2022 - 06:07:51: [warmod.smx] Current Map: de_mirage, Warmod Version: 19.11.21.2253
L 10/23/2022 - 06:07:52: [chat-processor.smx] Message formats generated for game 'csgo'.
L 10/23/2022 - 06:07:52: [chat-processor.smx] Successfully hooked a SayText2 chat hook.
L 10/23/2022 - 06:13:57: -------- Mapchange to de_mirage --------
L 10/23/2022 - 06:13:57: [basecommands.smx] "Console<0><Console><Console>" changed cvar (cvar "mapcyclefile") (value "map_custom.txt")
L 10/23/2022 - 06:14:01: [warmod.smx] Current Map: de_mirage, Warmod Version: 19.11.21.2253
L 10/23/2022 - 06:14:01: [chat-processor.smx] Message formats generated for game 'csgo'.
L 10/23/2022 - 06:14:01: [chat-processor.smx] Successfully hooked a SayText2 chat hook.
L 10/23/2022 - 06:28:46: -------- Mapchange to de_mirage --------
L 10/23/2022 - 06:28:46: [basecommands.smx] "Console<0><Console><Console>" changed cvar (cvar "mapcyclefile") (value "map_custom.txt")
L 10/23/2022 - 06:28:50: [warmod.smx] Current Map: de_mirage, Warmod Version: 19.11.21.2253
L 10/23/2022 - 06:28:50: [chat-processor.smx] Message formats generated for game 'csgo'.
L 10/23/2022 - 06:28:50: [chat-processor.smx] Successfully hooked a SayText2 chat hook.
L 10/23/2022 - 07:12:17: -------- Mapchange to de_mirage --------
L 10/23/2022 - 07:12:17: [basecommands.smx] "Console<0><Console><Console>" changed cvar (cvar "mapcyclefile") (value "map_custom.txt")
L 10/23/2022 - 07:12:21: [warmod.smx] Current Map: de_mirage, Warmod Version: 19.11.21.2253
L 10/23/2022 - 07:12:21: [chat-processor.smx] Message formats generated for game 'csgo'.
L 10/23/2022 - 07:12:21: [chat-processor.smx] Successfully hooked a SayText2 chat hook.
L 10/23/2022 - 07:25:10: -------- Mapchange to de_mirage --------
L 10/23/2022 - 07:25:10: [basecommands.smx] "Console<0><Console><Console>" changed cvar (cvar "mapcyclefile") (value "map_custom.txt")
L 10/23/2022 - 07:25:14: [warmod.smx] Current Map: de_mirage, Warmod Version: 19.11.21.2253
L 10/23/2022 - 07:25:14: [chat-processor.smx] Message formats generated for game 'csgo'.
L 10/23/2022 - 07:25:14: [chat-processor.smx] Successfully hooked a SayText2 chat hook.
L 10/23/2022 - 07:48:51: -------- Mapchange to de_mirage --------
L 10/23/2022 - 07:48:52: [basecommands.smx] "Console<0><Console><Console>" changed cvar (cvar "mapcyclefile") (value "map_custom.txt")
L 10/23/2022 - 07:48:56: [warmod.smx] Current Map: de_mirage, Warmod Version: 19.11.21.2253
L 10/23/2022 - 07:48:56: [chat-processor.smx] Message formats generated for game 'csgo'.
L 10/23/2022 - 07:48:56: [chat-processor.smx] Successfully hooked a SayText2 chat hook.
L 10/23/2022 - 09:00:50: -------- Mapchange to de_mirage --------
L 10/23/2022 - 09:00:51: [basecommands.smx] "Console<0><Console><Console>" changed cvar (cvar "mapcyclefile") (value "map_custom.txt")
L 10/23/2022 - 09:00:54: [warmod.smx] Current Map: de_mirage, Warmod Version: 19.11.21.2253
L 10/23/2022 - 09:00:55: [chat-processor.smx] Message formats generated for game 'csgo'.
L 10/23/2022 - 09:00:55: [chat-processor.smx] Successfully hooked a SayText2 chat hook.
L 10/23/2022 - 09:11:14: -------- Mapchange to de_mirage --------
L 10/23/2022 - 09:11:14: [basecommands.smx] "Console<0><Console><Console>" changed cvar (cvar "mapcyclefile") (value "map_custom.txt")
L 10/23/2022 - 09:11:18: [warmod.smx] Current Map: de_mirage, Warmod Version: 19.11.21.2253
L 10/23/2022 - 09:11:18: [chat-processor.smx] Message formats generated for game 'csgo'.
L 10/23/2022 - 09:11:18: [chat-processor.smx] Successfully hooked a SayText2 chat hook.
L 10/23/2022 - 09:26:39: -------- Mapchange to de_mirage --------
L 10/23/2022 - 09:26:39: [basecommands.smx] "Console<0><Console><Console>" changed cvar (cvar "mapcyclefile") (value "map_custom.txt")
L 10/23/2022 - 09:26:43: [warmod.smx] Current Map: de_mirage, Warmod Version: 19.11.21.2253
L 10/23/2022 - 09:26:44: [chat-processor.smx] Message formats generated for game 'csgo'.
L 10/23/2022 - 09:26:44: [chat-processor.smx] Successfully hooked a SayText2 chat hook.
L 10/23/2022 - 09:51:19: -------- Mapchange to de_mirage --------
L 10/23/2022 - 09:51:19: [basecommands.smx] "Console<0><Console><Console>" changed cvar (cvar "mapcyclefile") (value "map_custom.txt")
L 10/23/2022 - 09:51:23: [warmod.smx] Current Map: de_mirage, Warmod Version: 19.11.21.2253
L 10/23/2022 - 09:51:23: [chat-processor.smx] Message formats generated for game 'csgo'.
L 10/23/2022 - 09:51:23: [chat-processor.smx] Successfully hooked a SayText2 chat hook.
L 10/23/2022 - 11:39:42: [SM] Changed map to "de_mirage"
L 10/23/2022 - 11:39:44: -------- Mapchange to de_mirage --------
L 10/23/2022 - 11:39:44: [basecommands.smx] "Console<0><Console><Console>" changed cvar (cvar "mapcyclefile") (value "map_custom.txt")
L 10/23/2022 - 11:39:48: [warmod.smx] Current Map: de_mirage, Warmod Version: 19.11.21.2253
L 10/23/2022 - 11:39:48: [chat-processor.smx] Message formats generated for game 'csgo'.
L 10/23/2022 - 11:39:48: [chat-processor.smx] Successfully hooked a SayText2 chat hook.
L 10/23/2022 - 12:07:31: -------- Mapchange to de_mirage --------
L 10/23/2022 - 12:07:31: [basecommands.smx] "Console<0><Console><Console>" changed cvar (cvar "mapcyclefile") (value "map_custom.txt")
L 10/23/2022 - 12:07:35: [warmod.smx] Current Map: de_mirage, Warmod Version: 19.11.21.2253
L 10/23/2022 - 12:07:35: [chat-processor.smx] Message formats generated for game 'csgo'.
L 10/23/2022 - 12:07:35: [chat-processor.smx] Successfully hooked a SayText2 chat hook.
L 10/23/2022 - 12:53:43: -------- Mapchange to de_mirage --------
L 10/23/2022 - 12:53:43: [basecommands.smx] "Console<0><Console><Console>" changed cvar (cvar "mapcyclefile") (value "map_custom.txt")
L 10/23/2022 - 12:53:47: [warmod.smx] Current Map: de_mirage, Warmod Version: 19.11.21.2253
L 10/23/2022 - 12:53:47: [chat-processor.smx] Message formats generated for game 'csgo'.
L 10/23/2022 - 12:53:47: [chat-processor.smx] Successfully hooked a SayText2 chat hook.
L 10/23/2022 - 13:08:15: -------- Mapchange to de_mirage --------
L 10/23/2022 - 13:08:16: [basecommands.smx] "Console<0><Console><Console>" changed cvar (cvar "mapcyclefile") (value "map_custom.txt")
L 10/23/2022 - 13:08:20: [warmod.smx] Current Map: de_mirage, Warmod Version: 19.11.21.2253
L 10/23/2022 - 13:08:20: [chat-processor.smx] Message formats generated for game 'csgo'.
L 10/23/2022 - 13:08:20: [chat-processor.smx] Successfully hooked a SayText2 chat hook.
L 10/23/2022 - 13:08:54: -------- Mapchange to de_mirage --------
L 10/23/2022 - 13:08:54: [basecommands.smx] "Console<0><Console><Console>" changed cvar (cvar "mapcyclefile") (value "map_custom.txt")
L 10/23/2022 - 13:08:58: [warmod.smx] Current Map: de_mirage, Warmod Version: 19.11.21.2253
L 10/23/2022 - 13:08:58: [chat-processor.smx] Message formats generated for game 'csgo'.
L 10/23/2022 - 13:08:58: [chat-processor.smx] Successfully hooked a SayText2 chat hook.
L 10/23/2022 - 13:42:47: -------- Mapchange to de_mirage --------
L 10/23/2022 - 13:42:48: [basecommands.smx] "Console<0><Console><Console>" changed cvar (cvar "mapcyclefile") (value "map_custom.txt")
L 10/23/2022 - 13:42:52: [warmod.smx] Current Map: de_mirage, Warmod Version: 19.11.21.2253
L 10/23/2022 - 13:42:52: [chat-processor.smx] Message formats generated for game 'csgo'.
L 10/23/2022 - 13:42:52: [chat-processor.smx] Successfully hooked a SayText2 chat hook.
L 10/23/2022 - 13:48:46: -------- Mapchange to de_mirage --------
L 10/23/2022 - 13:48:46: [basecommands.smx] "Console<0><Console><Console>" changed cvar (cvar "mapcyclefile") (value "map_custom.txt")
L 10/23/2022 - 13:48:50: [warmod.smx] Current Map: de_mirage, Warmod Version: 19.11.21.2253
L 10/23/2022 - 13:48:51: [chat-processor.smx] Message formats generated for game 'csgo'.
L 10/23/2022 - 13:48:51: [chat-processor.smx] Successfully hooked a SayText2 chat hook.
L 10/23/2022 - 14:09:00: -------- Mapchange to de_mirage --------
L 10/23/2022 - 14:09:00: [basecommands.smx] "Console<0><Console><Console>" changed cvar (cvar "mapcyclefile") (value "map_custom.txt")
L 10/23/2022 - 14:09:04: [warmod.smx] Current Map: de_mirage, Warmod Version: 19.11.21.2253
L 10/23/2022 - 14:09:04: [chat-processor.smx] Message formats generated for game 'csgo'.
L 10/23/2022 - 14:09:04: [chat-processor.smx] Successfully hooked a SayText2 chat hook.
L 10/23/2022 - 14:24:32: -------- Mapchange to de_mirage --------
L 10/23/2022 - 14:24:33: [basecommands.smx] "Console<0><Console><Console>" changed cvar (cvar "mapcyclefile") (value "map_custom.txt")
L 10/23/2022 - 14:24:37: [warmod.smx] Current Map: de_mirage, Warmod Version: 19.11.21.2253
L 10/23/2022 - 14:24:37: [chat-processor.smx] Message formats generated for game 'csgo'.
L 10/23/2022 - 14:24:37: [chat-processor.smx] Successfully hooked a SayText2 chat hook.
L 10/23/2022 - 14:46:18: -------- Mapchange to de_mirage --------
L 10/23/2022 - 14:46:19: [basecommands.smx] "Console<0><Console><Console>" changed cvar (cvar "mapcyclefile") (value "map_custom.txt")
L 10/23/2022 - 14:46:23: [warmod.smx] Current Map: de_mirage, Warmod Version: 19.11.21.2253
L 10/23/2022 - 14:46:23: [chat-processor.smx] Message formats generated for game 'csgo'.
L 10/23/2022 - 14:46:23: [chat-processor.smx] Successfully hooked a SayText2 chat hook.
L 10/23/2022 - 16:08:13: -------- Mapchange to de_mirage --------
L 10/23/2022 - 16:08:13: [basecommands.smx] "Console<0><Console><Console>" changed cvar (cvar "mapcyclefile") (value "map_custom.txt")
L 10/23/2022 - 16:08:17: [warmod.smx] Current Map: de_mirage, Warmod Version: 19.11.21.2253
L 10/23/2022 - 16:08:18: [chat-processor.smx] Message formats generated for game 'csgo'.
L 10/23/2022 - 16:08:18: [chat-processor.smx] Successfully hooked a SayText2 chat hook.
L 10/23/2022 - 16:43:46: -------- Mapchange to de_mirage --------
L 10/23/2022 - 16:43:46: [basecommands.smx] "Console<0><Console><Console>" changed cvar (cvar "mapcyclefile") (value "map_custom.txt")
L 10/23/2022 - 16:43:50: [warmod.smx] Current Map: de_mirage, Warmod Version: 19.11.21.2253
L 10/23/2022 - 16:43:51: [chat-processor.smx] Message formats generated for game 'csgo'.
L 10/23/2022 - 16:43:51: [chat-processor.smx] Successfully hooked a SayText2 chat hook.
L 10/23/2022 - 17:54:54: -------- Mapchange to de_mirage --------
L 10/23/2022 - 17:54:54: [basecommands.smx] "Console<0><Console><Console>" changed cvar (cvar "mapcyclefile") (value "map_custom.txt")
L 10/23/2022 - 17:54:58: [warmod.smx] Current Map: de_mirage, Warmod Version: 19.11.21.2253
L 10/23/2022 - 17:54:59: [chat-processor.smx] Message formats generated for game 'csgo'.
L 10/23/2022 - 17:54:59: [chat-processor.smx] Successfully hooked a SayText2 chat hook.
L 10/24/2022 - 03:12:06: Log file closed.
