L 08/29/2022 - 03:19:33: SourceMod log file session started (file "/home/csgo/csgo/addons/sourcemod/logs/L20220829.log") (Version "1.12.0.6912")
L 08/29/2022 - 03:19:33: [basecommands.smx] "Console<0><Console><Console>" changed cvar (cvar "mapcyclefile") (value "map_custom.txt")
L 08/29/2022 - 03:19:35: [chat-processor.smx] Message formats generated for game 'csgo'.
L 08/29/2022 - 03:19:35: [chat-processor.smx] Successfully hooked a SayText2 chat hook.
L 08/29/2022 - 07:02:03: -------- Mapchange to de_mirage --------
L 08/29/2022 - 07:02:03: [basecommands.smx] "Console<0><Console><Console>" changed cvar (cvar "mapcyclefile") (value "map_custom.txt")
L 08/29/2022 - 07:02:05: [chat-processor.smx] Message formats generated for game 'csgo'.
L 08/29/2022 - 07:02:05: [chat-processor.smx] Successfully hooked a SayText2 chat hook.
L 08/29/2022 - 09:06:51: -------- Mapchange to de_mirage --------
L 08/29/2022 - 09:06:51: [basecommands.smx] "Console<0><Console><Console>" changed cvar (cvar "mapcyclefile") (value "map_custom.txt")
L 08/29/2022 - 09:06:53: [chat-processor.smx] Message formats generated for game 'csgo'.
L 08/29/2022 - 09:06:53: [chat-processor.smx] Successfully hooked a SayText2 chat hook.
L 08/29/2022 - 09:56:47: [sbpp_main.smx] "pluie<311><STEAM_1:0:554871381><>" banned "過去已成回憶<309><STEAM_1:0:225274001><>" (minutes "10") (reason "General Exploit of Game/Map/Server")
L 08/29/2022 - 11:15:57: [basecommands.smx] "turbo的爹<314><STEAM_1:0:584945062><>" kicked "星之卡比<320><STEAM_1:0:536786474><>" (reason "")
L 08/29/2022 - 11:39:51: [basecommands.smx] "turbo的爹<314><STEAM_1:0:584945062><>" kicked "𝓢𝓲𝓼𝓾𝓓𝓪𝓽𝓾<322><STEAM_1:1:177264034><>" (reason "")
L 08/29/2022 - 12:43:46: -------- Mapchange to de_mirage --------
L 08/29/2022 - 12:43:47: [basecommands.smx] "Console<0><Console><Console>" changed cvar (cvar "mapcyclefile") (value "map_custom.txt")
L 08/29/2022 - 12:43:49: [chat-processor.smx] Message formats generated for game 'csgo'.
L 08/29/2022 - 12:43:49: [chat-processor.smx] Successfully hooked a SayText2 chat hook.
L 08/29/2022 - 13:21:57: -------- Mapchange to de_mirage --------
L 08/29/2022 - 13:21:58: [basecommands.smx] "Console<0><Console><Console>" changed cvar (cvar "mapcyclefile") (value "map_custom.txt")
L 08/29/2022 - 13:22:00: [chat-processor.smx] Message formats generated for game 'csgo'.
L 08/29/2022 - 13:22:00: [chat-processor.smx] Successfully hooked a SayText2 chat hook.
L 08/29/2022 - 14:57:48: -------- Mapchange to de_mirage --------
L 08/29/2022 - 14:57:48: [basecommands.smx] "Console<0><Console><Console>" changed cvar (cvar "mapcyclefile") (value "map_custom.txt")
L 08/29/2022 - 14:57:51: [chat-processor.smx] Message formats generated for game 'csgo'.
L 08/29/2022 - 14:57:51: [chat-processor.smx] Successfully hooked a SayText2 chat hook.
L 08/29/2022 - 16:35:20: -------- Mapchange to de_mirage --------
L 08/29/2022 - 16:35:20: [basecommands.smx] "Console<0><Console><Console>" changed cvar (cvar "mapcyclefile") (value "map_custom.txt")
L 08/29/2022 - 16:35:23: [chat-processor.smx] Message formats generated for game 'csgo'.
L 08/29/2022 - 16:35:23: [chat-processor.smx] Successfully hooked a SayText2 chat hook.
L 08/29/2022 - 17:17:27: -------- Mapchange to de_mirage --------
L 08/29/2022 - 17:17:27: [basecommands.smx] "Console<0><Console><Console>" changed cvar (cvar "mapcyclefile") (value "map_custom.txt")
L 08/29/2022 - 17:17:30: [chat-processor.smx] Message formats generated for game 'csgo'.
L 08/29/2022 - 17:17:30: [chat-processor.smx] Successfully hooked a SayText2 chat hook.
L 08/29/2022 - 18:30:49: -------- Mapchange to de_mirage --------
L 08/29/2022 - 18:30:50: [basecommands.smx] "Console<0><Console><Console>" changed cvar (cvar "mapcyclefile") (value "map_custom.txt")
L 08/29/2022 - 18:30:52: [chat-processor.smx] Message formats generated for game 'csgo'.
L 08/29/2022 - 18:30:52: [chat-processor.smx] Successfully hooked a SayText2 chat hook.
L 08/29/2022 - 19:26:41: -------- Mapchange to de_mirage --------
L 08/29/2022 - 19:26:42: [basecommands.smx] "Console<0><Console><Console>" changed cvar (cvar "mapcyclefile") (value "map_custom.txt")
L 08/29/2022 - 19:26:44: [chat-processor.smx] Message formats generated for game 'csgo'.
L 08/29/2022 - 19:26:44: [chat-processor.smx] Successfully hooked a SayText2 chat hook.
L 08/29/2022 - 19:27:42: [basecommands.smx] "Crench<343><STEAM_1:0:515881234><>" executed config (file "sm_competitive2v2.cfg")
L 08/29/2022 - 19:27:42: [warmod.smx] Current Map: de_mirage, Warmod Version: 19.11.21.2253
L 08/29/2022 - 19:28:03: [basecommands.smx] "Crench<343><STEAM_1:0:515881234><>" changed map to "mir"
L 08/29/2022 - 19:28:06: [SM] Changed map to "mir"
L 08/29/2022 - 19:28:07: -------- Mapchange to de_mirage --------
L 08/29/2022 - 19:28:08: [basecommands.smx] "Console<0><Console><Console>" changed cvar (cvar "mapcyclefile") (value "map_custom.txt")
L 08/29/2022 - 19:28:10: [warmod.smx] Current Map: de_mirage, Warmod Version: 19.11.21.2253
L 08/29/2022 - 19:28:10: [chat-processor.smx] Message formats generated for game 'csgo'.
L 08/29/2022 - 19:28:10: [chat-processor.smx] Successfully hooked a SayText2 chat hook.
L 08/29/2022 - 19:46:37: -------- Mapchange to de_mirage --------
L 08/29/2022 - 19:46:37: [basecommands.smx] "Console<0><Console><Console>" changed cvar (cvar "mapcyclefile") (value "map_custom.txt")
L 08/29/2022 - 19:46:39: [warmod.smx] Current Map: de_mirage, Warmod Version: 19.11.21.2253
L 08/29/2022 - 19:46:40: [chat-processor.smx] Message formats generated for game 'csgo'.
L 08/29/2022 - 19:46:40: [chat-processor.smx] Successfully hooked a SayText2 chat hook.
L 08/29/2022 - 20:18:57: -------- Mapchange to de_mirage --------
L 08/29/2022 - 20:18:57: [basecommands.smx] "Console<0><Console><Console>" changed cvar (cvar "mapcyclefile") (value "map_custom.txt")
L 08/29/2022 - 20:18:59: [warmod.smx] Current Map: de_mirage, Warmod Version: 19.11.21.2253
L 08/29/2022 - 20:19:00: [chat-processor.smx] Message formats generated for game 'csgo'.
L 08/29/2022 - 20:19:00: [chat-processor.smx] Successfully hooked a SayText2 chat hook.
L 08/29/2022 - 21:09:59: -------- Mapchange to de_mirage --------
L 08/29/2022 - 21:09:59: [basecommands.smx] "Console<0><Console><Console>" changed cvar (cvar "mapcyclefile") (value "map_custom.txt")
L 08/29/2022 - 21:10:02: [warmod.smx] Current Map: de_mirage, Warmod Version: 19.11.21.2253
L 08/29/2022 - 21:10:02: [chat-processor.smx] Message formats generated for game 'csgo'.
L 08/29/2022 - 21:10:02: [chat-processor.smx] Successfully hooked a SayText2 chat hook.
L 08/29/2022 - 21:55:45: -------- Mapchange to de_mirage --------
L 08/29/2022 - 21:55:45: [basecommands.smx] "Console<0><Console><Console>" changed cvar (cvar "mapcyclefile") (value "map_custom.txt")
L 08/29/2022 - 21:55:48: [warmod.smx] Current Map: de_mirage, Warmod Version: 19.11.21.2253
L 08/29/2022 - 21:55:48: [chat-processor.smx] Message formats generated for game 'csgo'.
L 08/29/2022 - 21:55:48: [chat-processor.smx] Successfully hooked a SayText2 chat hook.
L 08/29/2022 - 22:27:04: -------- Mapchange to de_mirage --------
L 08/29/2022 - 22:27:04: [basecommands.smx] "Console<0><Console><Console>" changed cvar (cvar "mapcyclefile") (value "map_custom.txt")
L 08/29/2022 - 22:27:07: [warmod.smx] Current Map: de_mirage, Warmod Version: 19.11.21.2253
L 08/29/2022 - 22:27:07: [chat-processor.smx] Message formats generated for game 'csgo'.
L 08/29/2022 - 22:27:07: [chat-processor.smx] Successfully hooked a SayText2 chat hook.
L 08/29/2022 - 23:09:34: -------- Mapchange to de_mirage --------
L 08/29/2022 - 23:09:35: [basecommands.smx] "Console<0><Console><Console>" changed cvar (cvar "mapcyclefile") (value "map_custom.txt")
L 08/29/2022 - 23:09:37: [warmod.smx] Current Map: de_mirage, Warmod Version: 19.11.21.2253
L 08/29/2022 - 23:09:38: [chat-processor.smx] Message formats generated for game 'csgo'.
L 08/29/2022 - 23:09:38: [chat-processor.smx] Successfully hooked a SayText2 chat hook.
L 08/29/2022 - 23:54:00: -------- Mapchange to de_mirage --------
L 08/29/2022 - 23:54:00: [basecommands.smx] "Console<0><Console><Console>" changed cvar (cvar "mapcyclefile") (value "map_custom.txt")
L 08/29/2022 - 23:54:02: [warmod.smx] Current Map: de_mirage, Warmod Version: 19.11.21.2253
L 08/29/2022 - 23:54:03: [chat-processor.smx] Message formats generated for game 'csgo'.
L 08/29/2022 - 23:54:03: [chat-processor.smx] Successfully hooked a SayText2 chat hook.
L 08/30/2022 - 00:45:57: Log file closed.
