L 09/25/2022 - 01:21:19: SourceMod log file session started (file "/badfupo/server1/csgo/addons/sourcemod/logs/L20220925.log") (Version "1.12.0.6912")
L 09/25/2022 - 01:21:19: [basecommands.smx] "Console<0><Console><Console>" changed cvar (cvar "mapcyclefile") (value "map_custom.txt")
L 09/25/2022 - 01:21:22: [warmod.smx] Current Map: de_nuke, Warmod Version: 19.11.21.2253
L 09/25/2022 - 01:21:23: [chat-processor.smx] Message formats generated for game 'csgo'.
L 09/25/2022 - 01:21:23: [chat-processor.smx] Successfully hooked a SayText2 chat hook.
L 09/25/2022 - 01:36:56: -------- Mapchange to de_nuke --------
L 09/25/2022 - 01:36:57: [basecommands.smx] "Console<0><Console><Console>" changed cvar (cvar "mapcyclefile") (value "map_custom.txt")
L 09/25/2022 - 01:37:01: [warmod.smx] Current Map: de_nuke, Warmod Version: 19.11.21.2253
L 09/25/2022 - 01:37:02: [chat-processor.smx] Message formats generated for game 'csgo'.
L 09/25/2022 - 01:37:02: [chat-processor.smx] Successfully hooked a SayText2 chat hook.
L 09/25/2022 - 02:20:28: -------- Mapchange to de_nuke --------
L 09/25/2022 - 02:20:29: [basecommands.smx] "Console<0><Console><Console>" changed cvar (cvar "mapcyclefile") (value "map_custom.txt")
L 09/25/2022 - 02:20:32: [warmod.smx] Current Map: de_nuke, Warmod Version: 19.11.21.2253
L 09/25/2022 - 02:20:34: [chat-processor.smx] Message formats generated for game 'csgo'.
L 09/25/2022 - 02:20:34: [chat-processor.smx] Successfully hooked a SayText2 chat hook.
L 09/25/2022 - 02:21:01: [basecommands.smx] "情绪被悲伤所裹挟<904><STEAM_1:1:223824936><>" changed map to "mir"
L 09/25/2022 - 02:21:04: [SM] Changed map to "mir"
L 09/25/2022 - 02:21:06: -------- Mapchange to de_mirage --------
L 09/25/2022 - 02:21:07: [basecommands.smx] "Console<0><Console><Console>" changed cvar (cvar "mapcyclefile") (value "map_custom.txt")
L 09/25/2022 - 02:21:10: [warmod.smx] Current Map: de_mirage, Warmod Version: 19.11.21.2253
L 09/25/2022 - 02:21:12: [chat-processor.smx] Message formats generated for game 'csgo'.
L 09/25/2022 - 02:21:12: [chat-processor.smx] Successfully hooked a SayText2 chat hook.
L 09/25/2022 - 03:46:37: -------- Mapchange to de_mirage --------
L 09/25/2022 - 03:46:38: [basecommands.smx] "Console<0><Console><Console>" changed cvar (cvar "mapcyclefile") (value "map_custom.txt")
L 09/25/2022 - 03:46:41: [warmod.smx] Current Map: de_mirage, Warmod Version: 19.11.21.2253
L 09/25/2022 - 03:46:43: [chat-processor.smx] Message formats generated for game 'csgo'.
L 09/25/2022 - 03:46:43: [chat-processor.smx] Successfully hooked a SayText2 chat hook.
L 09/25/2022 - 03:47:10: -------- Mapchange to de_mirage --------
L 09/25/2022 - 03:47:11: [basecommands.smx] "Console<0><Console><Console>" changed cvar (cvar "mapcyclefile") (value "map_custom.txt")
L 09/25/2022 - 03:47:15: [warmod.smx] Current Map: de_mirage, Warmod Version: 19.11.21.2253
L 09/25/2022 - 03:47:16: [chat-processor.smx] Message formats generated for game 'csgo'.
L 09/25/2022 - 03:47:16: [chat-processor.smx] Successfully hooked a SayText2 chat hook.
L 09/25/2022 - 03:47:45: -------- Mapchange to de_mirage --------
L 09/25/2022 - 03:47:46: [basecommands.smx] "Console<0><Console><Console>" changed cvar (cvar "mapcyclefile") (value "map_custom.txt")
L 09/25/2022 - 03:47:50: [warmod.smx] Current Map: de_mirage, Warmod Version: 19.11.21.2253
L 09/25/2022 - 03:47:51: [chat-processor.smx] Message formats generated for game 'csgo'.
L 09/25/2022 - 03:47:51: [chat-processor.smx] Successfully hooked a SayText2 chat hook.
L 09/25/2022 - 03:48:26: -------- Mapchange to de_mirage --------
L 09/25/2022 - 03:48:27: [basecommands.smx] "Console<0><Console><Console>" changed cvar (cvar "mapcyclefile") (value "map_custom.txt")
L 09/25/2022 - 03:48:31: [warmod.smx] Current Map: de_mirage, Warmod Version: 19.11.21.2253
L 09/25/2022 - 03:48:32: [chat-processor.smx] Message formats generated for game 'csgo'.
L 09/25/2022 - 03:48:32: [chat-processor.smx] Successfully hooked a SayText2 chat hook.
L 09/25/2022 - 04:09:16: [playercommands.smx] "情绪被悲伤所裹挟<912><STEAM_1:1:223824936><>" slapped "蔡涂坤<913><STEAM_1:0:717312391><>" (damage "0")
L 09/25/2022 - 04:09:16: [playercommands.smx] "情绪被悲伤所裹挟<912><STEAM_1:1:223824936><>" slapped "蔡涂坤<913><STEAM_1:0:717312391><>" (damage "0")
L 09/25/2022 - 04:09:16: [playercommands.smx] "情绪被悲伤所裹挟<912><STEAM_1:1:223824936><>" slapped "蔡涂坤<913><STEAM_1:0:717312391><>" (damage "0")
L 09/25/2022 - 04:09:16: [playercommands.smx] "情绪被悲伤所裹挟<912><STEAM_1:1:223824936><>" slapped "蔡涂坤<913><STEAM_1:0:717312391><>" (damage "0")
L 09/25/2022 - 04:09:17: [playercommands.smx] "情绪被悲伤所裹挟<912><STEAM_1:1:223824936><>" slapped "蔡涂坤<913><STEAM_1:0:717312391><>" (damage "0")
L 09/25/2022 - 04:09:17: [playercommands.smx] "情绪被悲伤所裹挟<912><STEAM_1:1:223824936><>" slapped "蔡涂坤<913><STEAM_1:0:717312391><>" (damage "0")
L 09/25/2022 - 04:09:17: [playercommands.smx] "情绪被悲伤所裹挟<912><STEAM_1:1:223824936><>" slapped "蔡涂坤<913><STEAM_1:0:717312391><>" (damage "0")
L 09/25/2022 - 04:09:17: [playercommands.smx] "情绪被悲伤所裹挟<912><STEAM_1:1:223824936><>" slapped "蔡涂坤<913><STEAM_1:0:717312391><>" (damage "0")
L 09/25/2022 - 04:09:17: [playercommands.smx] "情绪被悲伤所裹挟<912><STEAM_1:1:223824936><>" slapped "蔡涂坤<913><STEAM_1:0:717312391><>" (damage "0")
L 09/25/2022 - 04:09:17: [playercommands.smx] "情绪被悲伤所裹挟<912><STEAM_1:1:223824936><>" slapped "蔡涂坤<913><STEAM_1:0:717312391><>" (damage "0")
L 09/25/2022 - 04:09:17: [playercommands.smx] "情绪被悲伤所裹挟<912><STEAM_1:1:223824936><>" slapped "蔡涂坤<913><STEAM_1:0:717312391><>" (damage "0")
L 09/25/2022 - 04:09:18: [playercommands.smx] "情绪被悲伤所裹挟<912><STEAM_1:1:223824936><>" slapped "蔡涂坤<913><STEAM_1:0:717312391><>" (damage "0")
L 09/25/2022 - 04:09:18: [playercommands.smx] "情绪被悲伤所裹挟<912><STEAM_1:1:223824936><>" slapped "蔡涂坤<913><STEAM_1:0:717312391><>" (damage "0")
L 09/25/2022 - 04:09:18: [playercommands.smx] "情绪被悲伤所裹挟<912><STEAM_1:1:223824936><>" slapped "蔡涂坤<913><STEAM_1:0:717312391><>" (damage "0")
L 09/25/2022 - 04:09:19: [playercommands.smx] "情绪被悲伤所裹挟<912><STEAM_1:1:223824936><>" slapped "蔡涂坤<913><STEAM_1:0:717312391><>" (damage "0")
L 09/25/2022 - 04:09:19: [playercommands.smx] "情绪被悲伤所裹挟<912><STEAM_1:1:223824936><>" slapped "蔡涂坤<913><STEAM_1:0:717312391><>" (damage "0")
L 09/25/2022 - 04:09:19: [playercommands.smx] "情绪被悲伤所裹挟<912><STEAM_1:1:223824936><>" slapped "蔡涂坤<913><STEAM_1:0:717312391><>" (damage "0")
L 09/25/2022 - 04:09:19: [playercommands.smx] "情绪被悲伤所裹挟<912><STEAM_1:1:223824936><>" slapped "蔡涂坤<913><STEAM_1:0:717312391><>" (damage "0")
L 09/25/2022 - 04:09:20: [playercommands.smx] "情绪被悲伤所裹挟<912><STEAM_1:1:223824936><>" slapped "蔡涂坤<913><STEAM_1:0:717312391><>" (damage "0")
L 09/25/2022 - 04:09:20: [playercommands.smx] "情绪被悲伤所裹挟<912><STEAM_1:1:223824936><>" slapped "蔡涂坤<913><STEAM_1:0:717312391><>" (damage "0")
L 09/25/2022 - 04:09:20: [playercommands.smx] "情绪被悲伤所裹挟<912><STEAM_1:1:223824936><>" slapped "蔡涂坤<913><STEAM_1:0:717312391><>" (damage "0")
L 09/25/2022 - 04:09:20: [playercommands.smx] "情绪被悲伤所裹挟<912><STEAM_1:1:223824936><>" slapped "蔡涂坤<913><STEAM_1:0:717312391><>" (damage "0")
L 09/25/2022 - 04:09:20: [playercommands.smx] "情绪被悲伤所裹挟<912><STEAM_1:1:223824936><>" slapped "蔡涂坤<913><STEAM_1:0:717312391><>" (damage "0")
L 09/25/2022 - 04:09:21: [playercommands.smx] "情绪被悲伤所裹挟<912><STEAM_1:1:223824936><>" slapped "蔡涂坤<913><STEAM_1:0:717312391><>" (damage "0")
L 09/25/2022 - 04:09:21: [playercommands.smx] "情绪被悲伤所裹挟<912><STEAM_1:1:223824936><>" slapped "蔡涂坤<913><STEAM_1:0:717312391><>" (damage "0")
L 09/25/2022 - 04:09:21: [playercommands.smx] "情绪被悲伤所裹挟<912><STEAM_1:1:223824936><>" slapped "蔡涂坤<913><STEAM_1:0:717312391><>" (damage "0")
L 09/25/2022 - 04:09:21: [playercommands.smx] "情绪被悲伤所裹挟<912><STEAM_1:1:223824936><>" slapped "蔡涂坤<913><STEAM_1:0:717312391><>" (damage "0")
L 09/25/2022 - 04:09:21: [playercommands.smx] "情绪被悲伤所裹挟<912><STEAM_1:1:223824936><>" slapped "蔡涂坤<913><STEAM_1:0:717312391><>" (damage "0")
L 09/25/2022 - 04:09:22: [playercommands.smx] "情绪被悲伤所裹挟<912><STEAM_1:1:223824936><>" slapped "蔡涂坤<913><STEAM_1:0:717312391><>" (damage "0")
L 09/25/2022 - 04:09:22: [playercommands.smx] "情绪被悲伤所裹挟<912><STEAM_1:1:223824936><>" slapped "蔡涂坤<913><STEAM_1:0:717312391><>" (damage "0")
L 09/25/2022 - 04:09:22: [playercommands.smx] "情绪被悲伤所裹挟<912><STEAM_1:1:223824936><>" slapped "蔡涂坤<913><STEAM_1:0:717312391><>" (damage "0")
L 09/25/2022 - 04:09:22: [playercommands.smx] "情绪被悲伤所裹挟<912><STEAM_1:1:223824936><>" slapped "蔡涂坤<913><STEAM_1:0:717312391><>" (damage "0")
L 09/25/2022 - 04:09:22: [playercommands.smx] "情绪被悲伤所裹挟<912><STEAM_1:1:223824936><>" slapped "蔡涂坤<913><STEAM_1:0:717312391><>" (damage "0")
L 09/25/2022 - 04:09:23: [playercommands.smx] "情绪被悲伤所裹挟<912><STEAM_1:1:223824936><>" slapped "蔡涂坤<913><STEAM_1:0:717312391><>" (damage "0")
L 09/25/2022 - 04:09:23: [playercommands.smx] "情绪被悲伤所裹挟<912><STEAM_1:1:223824936><>" slapped "蔡涂坤<913><STEAM_1:0:717312391><>" (damage "0")
L 09/25/2022 - 04:09:23: [playercommands.smx] "情绪被悲伤所裹挟<912><STEAM_1:1:223824936><>" slapped "蔡涂坤<913><STEAM_1:0:717312391><>" (damage "0")
L 09/25/2022 - 04:09:23: [playercommands.smx] "情绪被悲伤所裹挟<912><STEAM_1:1:223824936><>" slapped "蔡涂坤<913><STEAM_1:0:717312391><>" (damage "0")
L 09/25/2022 - 04:09:23: [playercommands.smx] "情绪被悲伤所裹挟<912><STEAM_1:1:223824936><>" slapped "蔡涂坤<913><STEAM_1:0:717312391><>" (damage "0")
L 09/25/2022 - 04:09:24: [playercommands.smx] "情绪被悲伤所裹挟<912><STEAM_1:1:223824936><>" slapped "蔡涂坤<913><STEAM_1:0:717312391><>" (damage "0")
L 09/25/2022 - 04:09:24: [playercommands.smx] "情绪被悲伤所裹挟<912><STEAM_1:1:223824936><>" slapped "蔡涂坤<913><STEAM_1:0:717312391><>" (damage "0")
L 09/25/2022 - 04:09:24: [playercommands.smx] "情绪被悲伤所裹挟<912><STEAM_1:1:223824936><>" slapped "蔡涂坤<913><STEAM_1:0:717312391><>" (damage "0")
L 09/25/2022 - 04:09:24: [playercommands.smx] "情绪被悲伤所裹挟<912><STEAM_1:1:223824936><>" slapped "蔡涂坤<913><STEAM_1:0:717312391><>" (damage "0")
L 09/25/2022 - 04:09:24: [playercommands.smx] "情绪被悲伤所裹挟<912><STEAM_1:1:223824936><>" slapped "蔡涂坤<913><STEAM_1:0:717312391><>" (damage "0")
L 09/25/2022 - 04:09:25: [playercommands.smx] "情绪被悲伤所裹挟<912><STEAM_1:1:223824936><>" slapped "蔡涂坤<913><STEAM_1:0:717312391><>" (damage "0")
L 09/25/2022 - 04:09:25: [playercommands.smx] "情绪被悲伤所裹挟<912><STEAM_1:1:223824936><>" slapped "蔡涂坤<913><STEAM_1:0:717312391><>" (damage "0")
L 09/25/2022 - 04:09:25: [playercommands.smx] "情绪被悲伤所裹挟<912><STEAM_1:1:223824936><>" slapped "蔡涂坤<913><STEAM_1:0:717312391><>" (damage "0")
L 09/25/2022 - 04:09:25: [playercommands.smx] "情绪被悲伤所裹挟<912><STEAM_1:1:223824936><>" slapped "蔡涂坤<913><STEAM_1:0:717312391><>" (damage "0")
L 09/25/2022 - 04:09:25: [playercommands.smx] "情绪被悲伤所裹挟<912><STEAM_1:1:223824936><>" slapped "蔡涂坤<913><STEAM_1:0:717312391><>" (damage "0")
L 09/25/2022 - 04:09:26: [playercommands.smx] "情绪被悲伤所裹挟<912><STEAM_1:1:223824936><>" slapped "蔡涂坤<913><STEAM_1:0:717312391><>" (damage "0")
L 09/25/2022 - 04:09:26: [playercommands.smx] "情绪被悲伤所裹挟<912><STEAM_1:1:223824936><>" slapped "蔡涂坤<913><STEAM_1:0:717312391><>" (damage "0")
L 09/25/2022 - 04:09:26: [playercommands.smx] "情绪被悲伤所裹挟<912><STEAM_1:1:223824936><>" slapped "蔡涂坤<913><STEAM_1:0:717312391><>" (damage "0")
L 09/25/2022 - 04:09:26: [playercommands.smx] "情绪被悲伤所裹挟<912><STEAM_1:1:223824936><>" slapped "蔡涂坤<913><STEAM_1:0:717312391><>" (damage "0")
L 09/25/2022 - 04:09:26: [playercommands.smx] "情绪被悲伤所裹挟<912><STEAM_1:1:223824936><>" slapped "蔡涂坤<913><STEAM_1:0:717312391><>" (damage "0")
L 09/25/2022 - 04:09:27: [playercommands.smx] "情绪被悲伤所裹挟<912><STEAM_1:1:223824936><>" slapped "蔡涂坤<913><STEAM_1:0:717312391><>" (damage "0")
L 09/25/2022 - 04:09:27: [playercommands.smx] "情绪被悲伤所裹挟<912><STEAM_1:1:223824936><>" slapped "蔡涂坤<913><STEAM_1:0:717312391><>" (damage "0")
L 09/25/2022 - 04:09:27: [playercommands.smx] "情绪被悲伤所裹挟<912><STEAM_1:1:223824936><>" slapped "蔡涂坤<913><STEAM_1:0:717312391><>" (damage "0")
L 09/25/2022 - 04:09:27: [playercommands.smx] "情绪被悲伤所裹挟<912><STEAM_1:1:223824936><>" slapped "蔡涂坤<913><STEAM_1:0:717312391><>" (damage "0")
L 09/25/2022 - 04:09:27: [playercommands.smx] "情绪被悲伤所裹挟<912><STEAM_1:1:223824936><>" slapped "蔡涂坤<913><STEAM_1:0:717312391><>" (damage "0")
L 09/25/2022 - 04:09:28: [playercommands.smx] "情绪被悲伤所裹挟<912><STEAM_1:1:223824936><>" slapped "蔡涂坤<913><STEAM_1:0:717312391><>" (damage "0")
L 09/25/2022 - 04:09:28: [playercommands.smx] "情绪被悲伤所裹挟<912><STEAM_1:1:223824936><>" slapped "蔡涂坤<913><STEAM_1:0:717312391><>" (damage "0")
L 09/25/2022 - 04:09:28: [playercommands.smx] "情绪被悲伤所裹挟<912><STEAM_1:1:223824936><>" slapped "蔡涂坤<913><STEAM_1:0:717312391><>" (damage "0")
L 09/25/2022 - 04:09:28: [playercommands.smx] "情绪被悲伤所裹挟<912><STEAM_1:1:223824936><>" slapped "蔡涂坤<913><STEAM_1:0:717312391><>" (damage "0")
L 09/25/2022 - 04:09:29: [playercommands.smx] "情绪被悲伤所裹挟<912><STEAM_1:1:223824936><>" slapped "蔡涂坤<913><STEAM_1:0:717312391><>" (damage "0")
L 09/25/2022 - 04:09:29: [playercommands.smx] "情绪被悲伤所裹挟<912><STEAM_1:1:223824936><>" slapped "蔡涂坤<913><STEAM_1:0:717312391><>" (damage "0")
L 09/25/2022 - 04:09:29: [playercommands.smx] "情绪被悲伤所裹挟<912><STEAM_1:1:223824936><>" slapped "蔡涂坤<913><STEAM_1:0:717312391><>" (damage "0")
L 09/25/2022 - 04:09:29: [playercommands.smx] "情绪被悲伤所裹挟<912><STEAM_1:1:223824936><>" slapped "蔡涂坤<913><STEAM_1:0:717312391><>" (damage "0")
L 09/25/2022 - 04:09:29: [playercommands.smx] "情绪被悲伤所裹挟<912><STEAM_1:1:223824936><>" slapped "蔡涂坤<913><STEAM_1:0:717312391><>" (damage "0")
L 09/25/2022 - 04:09:30: [playercommands.smx] "情绪被悲伤所裹挟<912><STEAM_1:1:223824936><>" slapped "蔡涂坤<913><STEAM_1:0:717312391><>" (damage "0")
L 09/25/2022 - 04:09:30: [playercommands.smx] "情绪被悲伤所裹挟<912><STEAM_1:1:223824936><>" slapped "蔡涂坤<913><STEAM_1:0:717312391><>" (damage "0")
L 09/25/2022 - 04:09:30: [playercommands.smx] "情绪被悲伤所裹挟<912><STEAM_1:1:223824936><>" slapped "蔡涂坤<913><STEAM_1:0:717312391><>" (damage "0")
L 09/25/2022 - 04:09:32: [playercommands.smx] "情绪被悲伤所裹挟<912><STEAM_1:1:223824936><>" slapped "蔡涂坤<913><STEAM_1:0:717312391><>" (damage "0")
L 09/25/2022 - 04:09:32: [playercommands.smx] "情绪被悲伤所裹挟<912><STEAM_1:1:223824936><>" slapped "蔡涂坤<913><STEAM_1:0:717312391><>" (damage "0")
L 09/25/2022 - 04:09:32: [playercommands.smx] "情绪被悲伤所裹挟<912><STEAM_1:1:223824936><>" slapped "蔡涂坤<913><STEAM_1:0:717312391><>" (damage "0")
L 09/25/2022 - 04:09:33: [playercommands.smx] "情绪被悲伤所裹挟<912><STEAM_1:1:223824936><>" slapped "蔡涂坤<913><STEAM_1:0:717312391><>" (damage "0")
L 09/25/2022 - 04:09:33: [playercommands.smx] "情绪被悲伤所裹挟<912><STEAM_1:1:223824936><>" slapped "蔡涂坤<913><STEAM_1:0:717312391><>" (damage "0")
L 09/25/2022 - 04:09:33: [playercommands.smx] "情绪被悲伤所裹挟<912><STEAM_1:1:223824936><>" slapped "蔡涂坤<913><STEAM_1:0:717312391><>" (damage "0")
L 09/25/2022 - 04:09:33: [playercommands.smx] "情绪被悲伤所裹挟<912><STEAM_1:1:223824936><>" slapped "蔡涂坤<913><STEAM_1:0:717312391><>" (damage "0")
L 09/25/2022 - 04:09:33: [playercommands.smx] "情绪被悲伤所裹挟<912><STEAM_1:1:223824936><>" slapped "蔡涂坤<913><STEAM_1:0:717312391><>" (damage "0")
L 09/25/2022 - 04:09:34: [playercommands.smx] "情绪被悲伤所裹挟<912><STEAM_1:1:223824936><>" slapped "蔡涂坤<913><STEAM_1:0:717312391><>" (damage "0")
L 09/25/2022 - 04:09:34: [playercommands.smx] "情绪被悲伤所裹挟<912><STEAM_1:1:223824936><>" slapped "蔡涂坤<913><STEAM_1:0:717312391><>" (damage "0")
L 09/25/2022 - 04:09:34: [playercommands.smx] "情绪被悲伤所裹挟<912><STEAM_1:1:223824936><>" slapped "蔡涂坤<913><STEAM_1:0:717312391><>" (damage "0")
L 09/25/2022 - 04:09:34: [playercommands.smx] "情绪被悲伤所裹挟<912><STEAM_1:1:223824936><>" slapped "蔡涂坤<913><STEAM_1:0:717312391><>" (damage "0")
L 09/25/2022 - 04:09:35: [playercommands.smx] "情绪被悲伤所裹挟<912><STEAM_1:1:223824936><>" slapped "蔡涂坤<913><STEAM_1:0:717312391><>" (damage "0")
L 09/25/2022 - 04:09:35: [playercommands.smx] "情绪被悲伤所裹挟<912><STEAM_1:1:223824936><>" slapped "蔡涂坤<913><STEAM_1:0:717312391><>" (damage "0")
L 09/25/2022 - 04:09:35: [playercommands.smx] "情绪被悲伤所裹挟<912><STEAM_1:1:223824936><>" slapped "蔡涂坤<913><STEAM_1:0:717312391><>" (damage "0")
L 09/25/2022 - 04:09:36: [playercommands.smx] "情绪被悲伤所裹挟<912><STEAM_1:1:223824936><>" slapped "蔡涂坤<913><STEAM_1:0:717312391><>" (damage "0")
L 09/25/2022 - 04:09:36: [playercommands.smx] "情绪被悲伤所裹挟<912><STEAM_1:1:223824936><>" slapped "蔡涂坤<913><STEAM_1:0:717312391><>" (damage "0")
L 09/25/2022 - 04:09:36: [playercommands.smx] "情绪被悲伤所裹挟<912><STEAM_1:1:223824936><>" slapped "蔡涂坤<913><STEAM_1:0:717312391><>" (damage "0")
L 09/25/2022 - 04:09:37: [playercommands.smx] "情绪被悲伤所裹挟<912><STEAM_1:1:223824936><>" slapped "蔡涂坤<913><STEAM_1:0:717312391><>" (damage "0")
L 09/25/2022 - 04:50:39: -------- Mapchange to de_mirage --------
L 09/25/2022 - 04:50:40: [basecommands.smx] "Console<0><Console><Console>" changed cvar (cvar "mapcyclefile") (value "map_custom.txt")
L 09/25/2022 - 04:50:43: [warmod.smx] Current Map: de_mirage, Warmod Version: 19.11.21.2253
L 09/25/2022 - 04:50:45: [chat-processor.smx] Message formats generated for game 'csgo'.
L 09/25/2022 - 04:50:45: [chat-processor.smx] Successfully hooked a SayText2 chat hook.
L 09/25/2022 - 04:52:29: -------- Mapchange to de_mirage --------
L 09/25/2022 - 04:52:30: [basecommands.smx] "Console<0><Console><Console>" changed cvar (cvar "mapcyclefile") (value "map_custom.txt")
L 09/25/2022 - 04:52:34: [warmod.smx] Current Map: de_mirage, Warmod Version: 19.11.21.2253
L 09/25/2022 - 04:52:35: [chat-processor.smx] Message formats generated for game 'csgo'.
L 09/25/2022 - 04:52:35: [chat-processor.smx] Successfully hooked a SayText2 chat hook.
L 09/25/2022 - 05:16:19: -------- Mapchange to de_mirage --------
L 09/25/2022 - 05:16:20: [basecommands.smx] "Console<0><Console><Console>" changed cvar (cvar "mapcyclefile") (value "map_custom.txt")
L 09/25/2022 - 05:16:23: [warmod.smx] Current Map: de_mirage, Warmod Version: 19.11.21.2253
L 09/25/2022 - 05:16:24: [chat-processor.smx] Message formats generated for game 'csgo'.
L 09/25/2022 - 05:16:24: [chat-processor.smx] Successfully hooked a SayText2 chat hook.
L 09/25/2022 - 05:29:19: -------- Mapchange to de_mirage --------
L 09/25/2022 - 05:29:20: [basecommands.smx] "Console<0><Console><Console>" changed cvar (cvar "mapcyclefile") (value "map_custom.txt")
L 09/25/2022 - 05:29:23: [warmod.smx] Current Map: de_mirage, Warmod Version: 19.11.21.2253
L 09/25/2022 - 05:29:25: [chat-processor.smx] Message formats generated for game 'csgo'.
L 09/25/2022 - 05:29:25: [chat-processor.smx] Successfully hooked a SayText2 chat hook.
L 09/25/2022 - 06:24:11: -------- Mapchange to de_mirage --------
L 09/25/2022 - 06:24:12: [basecommands.smx] "Console<0><Console><Console>" changed cvar (cvar "mapcyclefile") (value "map_custom.txt")
L 09/25/2022 - 06:24:16: [warmod.smx] Current Map: de_mirage, Warmod Version: 19.11.21.2253
L 09/25/2022 - 06:24:17: [chat-processor.smx] Message formats generated for game 'csgo'.
L 09/25/2022 - 06:24:17: [chat-processor.smx] Successfully hooked a SayText2 chat hook.
L 09/25/2022 - 06:37:50: -------- Mapchange to de_mirage --------
L 09/25/2022 - 06:37:51: [basecommands.smx] "Console<0><Console><Console>" changed cvar (cvar "mapcyclefile") (value "map_custom.txt")
L 09/25/2022 - 06:37:55: [warmod.smx] Current Map: de_mirage, Warmod Version: 19.11.21.2253
L 09/25/2022 - 06:37:57: [chat-processor.smx] Message formats generated for game 'csgo'.
L 09/25/2022 - 06:37:57: [chat-processor.smx] Successfully hooked a SayText2 chat hook.
L 09/25/2022 - 07:57:50: -------- Mapchange to de_mirage --------
L 09/25/2022 - 07:57:51: [basecommands.smx] "Console<0><Console><Console>" changed cvar (cvar "mapcyclefile") (value "map_custom.txt")
L 09/25/2022 - 07:57:54: [warmod.smx] Current Map: de_mirage, Warmod Version: 19.11.21.2253
L 09/25/2022 - 07:57:56: [chat-processor.smx] Message formats generated for game 'csgo'.
L 09/25/2022 - 07:57:56: [chat-processor.smx] Successfully hooked a SayText2 chat hook.
L 09/25/2022 - 08:02:19: -------- Mapchange to de_mirage --------
L 09/25/2022 - 08:02:20: [basecommands.smx] "Console<0><Console><Console>" changed cvar (cvar "mapcyclefile") (value "map_custom.txt")
L 09/25/2022 - 08:02:23: [warmod.smx] Current Map: de_mirage, Warmod Version: 19.11.21.2253
L 09/25/2022 - 08:02:25: [chat-processor.smx] Message formats generated for game 'csgo'.
L 09/25/2022 - 08:02:25: [chat-processor.smx] Successfully hooked a SayText2 chat hook.
L 09/25/2022 - 08:28:50: -------- Mapchange to de_mirage --------
L 09/25/2022 - 08:28:51: [basecommands.smx] "Console<0><Console><Console>" changed cvar (cvar "mapcyclefile") (value "map_custom.txt")
L 09/25/2022 - 08:28:55: [warmod.smx] Current Map: de_mirage, Warmod Version: 19.11.21.2253
L 09/25/2022 - 08:28:56: [chat-processor.smx] Message formats generated for game 'csgo'.
L 09/25/2022 - 08:28:56: [chat-processor.smx] Successfully hooked a SayText2 chat hook.
L 09/25/2022 - 08:45:43: -------- Mapchange to de_mirage --------
L 09/25/2022 - 08:45:44: [basecommands.smx] "Console<0><Console><Console>" changed cvar (cvar "mapcyclefile") (value "map_custom.txt")
L 09/25/2022 - 08:45:47: [warmod.smx] Current Map: de_mirage, Warmod Version: 19.11.21.2253
L 09/25/2022 - 08:45:49: [chat-processor.smx] Message formats generated for game 'csgo'.
L 09/25/2022 - 08:45:49: [chat-processor.smx] Successfully hooked a SayText2 chat hook.
L 09/25/2022 - 09:01:25: -------- Mapchange to de_mirage --------
L 09/25/2022 - 09:01:26: [basecommands.smx] "Console<0><Console><Console>" changed cvar (cvar "mapcyclefile") (value "map_custom.txt")
L 09/25/2022 - 09:01:29: [warmod.smx] Current Map: de_mirage, Warmod Version: 19.11.21.2253
L 09/25/2022 - 09:01:31: [chat-processor.smx] Message formats generated for game 'csgo'.
L 09/25/2022 - 09:01:31: [chat-processor.smx] Successfully hooked a SayText2 chat hook.
L 09/25/2022 - 09:23:55: -------- Mapchange to de_mirage --------
L 09/25/2022 - 09:23:56: [basecommands.smx] "Console<0><Console><Console>" changed cvar (cvar "mapcyclefile") (value "map_custom.txt")
L 09/25/2022 - 09:23:59: [warmod.smx] Current Map: de_mirage, Warmod Version: 19.11.21.2253
L 09/25/2022 - 09:24:00: [chat-processor.smx] Message formats generated for game 'csgo'.
L 09/25/2022 - 09:24:00: [chat-processor.smx] Successfully hooked a SayText2 chat hook.
L 09/25/2022 - 09:46:22: -------- Mapchange to de_mirage --------
L 09/25/2022 - 09:46:23: [basecommands.smx] "Console<0><Console><Console>" changed cvar (cvar "mapcyclefile") (value "map_custom.txt")
L 09/25/2022 - 09:46:27: [warmod.smx] Current Map: de_mirage, Warmod Version: 19.11.21.2253
L 09/25/2022 - 09:46:29: [chat-processor.smx] Message formats generated for game 'csgo'.
L 09/25/2022 - 09:46:29: [chat-processor.smx] Successfully hooked a SayText2 chat hook.
L 09/25/2022 - 11:06:50: -------- Mapchange to de_mirage --------
L 09/25/2022 - 11:06:52: [basecommands.smx] "Console<0><Console><Console>" changed cvar (cvar "mapcyclefile") (value "map_custom.txt")
L 09/25/2022 - 11:06:55: [warmod.smx] Current Map: de_mirage, Warmod Version: 19.11.21.2253
L 09/25/2022 - 11:06:57: [chat-processor.smx] Message formats generated for game 'csgo'.
L 09/25/2022 - 11:06:57: [chat-processor.smx] Successfully hooked a SayText2 chat hook.
L 09/25/2022 - 12:06:17: -------- Mapchange to de_mirage --------
L 09/25/2022 - 12:06:18: [basecommands.smx] "Console<0><Console><Console>" changed cvar (cvar "mapcyclefile") (value "map_custom.txt")
L 09/25/2022 - 12:06:22: [warmod.smx] Current Map: de_mirage, Warmod Version: 19.11.21.2253
L 09/25/2022 - 12:06:23: [chat-processor.smx] Message formats generated for game 'csgo'.
L 09/25/2022 - 12:06:23: [chat-processor.smx] Successfully hooked a SayText2 chat hook.
L 09/25/2022 - 12:18:24: -------- Mapchange to de_mirage --------
L 09/25/2022 - 12:18:25: [basecommands.smx] "Console<0><Console><Console>" changed cvar (cvar "mapcyclefile") (value "map_custom.txt")
L 09/25/2022 - 12:18:28: [warmod.smx] Current Map: de_mirage, Warmod Version: 19.11.21.2253
L 09/25/2022 - 12:18:30: [chat-processor.smx] Message formats generated for game 'csgo'.
L 09/25/2022 - 12:18:30: [chat-processor.smx] Successfully hooked a SayText2 chat hook.
L 09/25/2022 - 12:32:02: -------- Mapchange to de_nuke --------
L 09/25/2022 - 12:32:03: [basecommands.smx] "Console<0><Console><Console>" changed cvar (cvar "mapcyclefile") (value "map_custom.txt")
L 09/25/2022 - 12:32:07: [warmod.smx] Current Map: de_nuke, Warmod Version: 19.11.21.2253
L 09/25/2022 - 12:32:08: [chat-processor.smx] Message formats generated for game 'csgo'.
L 09/25/2022 - 12:32:08: [chat-processor.smx] Successfully hooked a SayText2 chat hook.
L 09/25/2022 - 13:19:07: -------- Mapchange to de_nuke --------
L 09/25/2022 - 13:19:08: [basecommands.smx] "Console<0><Console><Console>" changed cvar (cvar "mapcyclefile") (value "map_custom.txt")
L 09/25/2022 - 13:19:11: [warmod.smx] Current Map: de_nuke, Warmod Version: 19.11.21.2253
L 09/25/2022 - 13:19:13: [chat-processor.smx] Message formats generated for game 'csgo'.
L 09/25/2022 - 13:19:13: [chat-processor.smx] Successfully hooked a SayText2 chat hook.
L 09/25/2022 - 14:05:14: -------- Mapchange to de_nuke --------
L 09/25/2022 - 14:05:15: [basecommands.smx] "Console<0><Console><Console>" changed cvar (cvar "mapcyclefile") (value "map_custom.txt")
L 09/25/2022 - 14:05:19: [warmod.smx] Current Map: de_nuke, Warmod Version: 19.11.21.2253
L 09/25/2022 - 14:05:20: [chat-processor.smx] Message formats generated for game 'csgo'.
L 09/25/2022 - 14:05:20: [chat-processor.smx] Successfully hooked a SayText2 chat hook.
L 09/25/2022 - 14:10:30: Log file closed.
L 09/25/2022 - 14:11:12: SourceMod log file session started (file "/badfupo/server1/csgo/addons/sourcemod/logs/L20220925.log") (Version "1.12.0.6912")
L 09/25/2022 - 14:11:12: [GEOIP] GeoIP2 database loaded: GeoLite2-City (2019-12-17 20:01:26 UTC) (/badfupo/server1/csgo/addons/sourcemod/configs/geoip/GeoLite2-City.mmdb)
L 09/25/2022 - 14:11:12: [GEOIP] GeoIP2 supported languages: de en es fr ja pt-BR ru zh-CN
L 09/25/2022 - 14:11:12: [GEOIP] Your database is older than 90 days. You should consider downloading a newer version from e.g. https://dev.maxmind.com/geoip/geolite2-free-geolocation-data
L 09/25/2022 - 14:11:13: [auto_steam_update.smx] HUD text is supported on this mod. The persistant timer will display.
L 09/25/2022 - 14:11:16: [warmod.smx] Current Map: de_mirage, Warmod Version: 19.11.21.2253
L 09/25/2022 - 21:37:36: -------- Mapchange to de_mirage --------
L 09/25/2022 - 21:37:36: [basecommands.smx] "Console<0><Console><Console>" changed cvar (cvar "mapcyclefile") (value "map_custom.txt")
L 09/25/2022 - 21:37:39: [warmod.smx] Current Map: de_mirage, Warmod Version: 19.11.21.2253
L 09/25/2022 - 21:37:39: [chat-processor.smx] Message formats generated for game 'csgo'.
L 09/25/2022 - 21:37:39: [chat-processor.smx] Successfully hooked a SayText2 chat hook.
L 09/26/2022 - 07:49:54: Log file closed.
