L 08/31/2022 - 00:14:43: SourceMod log file session started (file "/home/csgo/csgo/addons/sourcemod/logs/L20220831.log") (Version "1.12.0.6912")
L 08/31/2022 - 00:14:43: [movecommands.smx] "lightskin?☂<488><STEAM_1:1:448303934><>" was moved to Spec by "Y<490><STEAM_1:0:110600653><>"
L 08/31/2022 - 00:14:57: [warmod.smx] "force_end" (player "Y<490><STEAM_1:0:110600653><>")
L 08/31/2022 - 00:15:05: [basecommands.smx] "Y<490><STEAM_1:0:110600653><>" changed map to "mir"
L 08/31/2022 - 00:15:08: [SM] Changed map to "mir"
L 08/31/2022 - 00:15:09: -------- Mapchange to de_mirage --------
L 08/31/2022 - 00:15:10: [basecommands.smx] "Console<0><Console><Console>" changed cvar (cvar "mapcyclefile") (value "map_custom.txt")
L 08/31/2022 - 00:15:12: [warmod.smx] Current Map: de_mirage, Warmod Version: 19.11.21.2253
L 08/31/2022 - 00:15:12: [chat-processor.smx] Message formats generated for game 'csgo'.
L 08/31/2022 - 00:15:12: [chat-processor.smx] Successfully hooked a SayText2 chat hook.
L 08/31/2022 - 00:15:43: [movecommands.smx] "lightskin?☂<488><STEAM_1:1:448303934><>" was moved to Spec by "Y<490><STEAM_1:0:110600653><>"
L 08/31/2022 - 00:15:47: [warmod.smx] "force_end" (player "Y<490><STEAM_1:0:110600653><>")
L 08/31/2022 - 00:15:55: [basecommands.smx] "Y<490><STEAM_1:0:110600653><>" executed config (file "sm_competitive.cfg")
L 08/31/2022 - 09:06:45: -------- Mapchange to de_mirage --------
L 08/31/2022 - 09:06:46: [basecommands.smx] "Console<0><Console><Console>" changed cvar (cvar "mapcyclefile") (value "map_custom.txt")
L 08/31/2022 - 09:06:49: [chat-processor.smx] Message formats generated for game 'csgo'.
L 08/31/2022 - 09:06:49: [chat-processor.smx] Successfully hooked a SayText2 chat hook.
L 08/31/2022 - 12:26:27: -------- Mapchange to de_mirage --------
L 08/31/2022 - 12:26:28: [basecommands.smx] "Console<0><Console><Console>" changed cvar (cvar "mapcyclefile") (value "map_custom.txt")
L 08/31/2022 - 12:26:30: [chat-processor.smx] Message formats generated for game 'csgo'.
L 08/31/2022 - 12:26:30: [chat-processor.smx] Successfully hooked a SayText2 chat hook.
L 08/31/2022 - 12:47:54: -------- Mapchange to de_mirage --------
L 08/31/2022 - 12:47:55: [basecommands.smx] "Console<0><Console><Console>" changed cvar (cvar "mapcyclefile") (value "map_custom.txt")
L 08/31/2022 - 12:47:58: [chat-processor.smx] Message formats generated for game 'csgo'.
L 08/31/2022 - 12:47:58: [chat-processor.smx] Successfully hooked a SayText2 chat hook.
L 08/31/2022 - 13:53:32: -------- Mapchange to de_mirage --------
L 08/31/2022 - 13:53:33: [basecommands.smx] "Console<0><Console><Console>" changed cvar (cvar "mapcyclefile") (value "map_custom.txt")
L 08/31/2022 - 13:53:35: [chat-processor.smx] Message formats generated for game 'csgo'.
L 08/31/2022 - 13:53:35: [chat-processor.smx] Successfully hooked a SayText2 chat hook.
L 08/31/2022 - 14:53:55: -------- Mapchange to de_mirage --------
L 08/31/2022 - 14:53:55: [basecommands.smx] "Console<0><Console><Console>" changed cvar (cvar "mapcyclefile") (value "map_custom.txt")
L 08/31/2022 - 14:53:58: [chat-processor.smx] Message formats generated for game 'csgo'.
L 08/31/2022 - 14:53:58: [chat-processor.smx] Successfully hooked a SayText2 chat hook.
L 08/31/2022 - 16:25:19: -------- Mapchange to de_mirage --------
L 08/31/2022 - 16:25:19: [basecommands.smx] "Console<0><Console><Console>" changed cvar (cvar "mapcyclefile") (value "map_custom.txt")
L 08/31/2022 - 16:25:22: [chat-processor.smx] Message formats generated for game 'csgo'.
L 08/31/2022 - 16:25:22: [chat-processor.smx] Successfully hooked a SayText2 chat hook.
L 08/31/2022 - 17:24:49: -------- Mapchange to de_mirage --------
L 08/31/2022 - 17:24:49: [basecommands.smx] "Console<0><Console><Console>" changed cvar (cvar "mapcyclefile") (value "map_custom.txt")
L 08/31/2022 - 17:24:52: [chat-processor.smx] Message formats generated for game 'csgo'.
L 08/31/2022 - 17:24:52: [chat-processor.smx] Successfully hooked a SayText2 chat hook.
L 08/31/2022 - 18:11:36: -------- Mapchange to de_mirage --------
L 08/31/2022 - 18:11:36: [basecommands.smx] "Console<0><Console><Console>" changed cvar (cvar "mapcyclefile") (value "map_custom.txt")
L 08/31/2022 - 18:11:39: [chat-processor.smx] Message formats generated for game 'csgo'.
L 08/31/2022 - 18:11:39: [chat-processor.smx] Successfully hooked a SayText2 chat hook.
L 08/31/2022 - 19:41:53: -------- Mapchange to de_mirage --------
L 08/31/2022 - 19:41:53: [basecommands.smx] "Console<0><Console><Console>" changed cvar (cvar "mapcyclefile") (value "map_custom.txt")
L 08/31/2022 - 19:41:56: [chat-processor.smx] Message formats generated for game 'csgo'.
L 08/31/2022 - 19:41:56: [chat-processor.smx] Successfully hooked a SayText2 chat hook.
L 08/31/2022 - 21:07:40: -------- Mapchange to de_mirage --------
L 08/31/2022 - 21:07:41: [basecommands.smx] "Console<0><Console><Console>" changed cvar (cvar "mapcyclefile") (value "map_custom.txt")
L 08/31/2022 - 21:07:43: [chat-processor.smx] Message formats generated for game 'csgo'.
L 08/31/2022 - 21:07:43: [chat-processor.smx] Successfully hooked a SayText2 chat hook.
L 08/31/2022 - 21:30:21: -------- Mapchange to de_mirage --------
L 08/31/2022 - 21:30:21: [basecommands.smx] "Console<0><Console><Console>" changed cvar (cvar "mapcyclefile") (value "map_custom.txt")
L 08/31/2022 - 21:30:24: [chat-processor.smx] Message formats generated for game 'csgo'.
L 08/31/2022 - 21:30:24: [chat-processor.smx] Successfully hooked a SayText2 chat hook.
L 08/31/2022 - 23:55:59: -------- Mapchange to de_mirage --------
L 08/31/2022 - 23:56:00: [basecommands.smx] "Console<0><Console><Console>" changed cvar (cvar "mapcyclefile") (value "map_custom.txt")
L 08/31/2022 - 23:56:02: [chat-processor.smx] Message formats generated for game 'csgo'.
L 08/31/2022 - 23:56:02: [chat-processor.smx] Successfully hooked a SayText2 chat hook.
L 09/01/2022 - 00:57:38: Log file closed.
