L 12/03/2022 - 17:25:14: SourceMod log file session started (file "/csgoserver/server1/csgo/addons/sourcemod/logs/L20221203.log") (Version "1.11.0.6913")
L 12/03/2022 - 17:25:14: [basecommands.smx] "Console<0><Console><Console>" changed cvar (cvar "mapcyclefile") (value "map_custom.txt")
L 12/03/2022 - 17:25:16: [warmod.smx] Current Map: de_inferno, Warmod Version: 22.10.29.1916
L 12/03/2022 - 17:25:17: [chat-processor.smx] Message formats generated for game 'csgo'.
L 12/03/2022 - 17:25:17: [chat-processor.smx] Successfully hooked a SayText2 chat hook.
L 12/03/2022 - 17:25:35: [basecommands.smx] "酷型男<72><STEAM_1:0:553307426><>" changed map to "mir"
L 12/03/2022 - 17:25:38: [SM] Changed map to "mir"
L 12/03/2022 - 17:25:39: -------- Mapchange to de_mirage --------
L 12/03/2022 - 17:25:39: [basecommands.smx] "Console<0><Console><Console>" changed cvar (cvar "mapcyclefile") (value "map_custom.txt")
L 12/03/2022 - 17:25:41: [warmod.smx] Current Map: de_mirage, Warmod Version: 22.10.29.1916
L 12/03/2022 - 17:25:41: [chat-processor.smx] Message formats generated for game 'csgo'.
L 12/03/2022 - 17:25:41: [chat-processor.smx] Successfully hooked a SayText2 chat hook.
L 12/03/2022 - 21:32:25: -------- Mapchange to de_mirage --------
L 12/03/2022 - 21:32:25: [basecommands.smx] "Console<0><Console><Console>" changed cvar (cvar "mapcyclefile") (value "map_custom.txt")
L 12/03/2022 - 21:32:27: [warmod.smx] Current Map: de_mirage, Warmod Version: 22.10.29.1916
L 12/03/2022 - 21:32:27: [chat-processor.smx] Message formats generated for game 'csgo'.
L 12/03/2022 - 21:32:27: [chat-processor.smx] Successfully hooked a SayText2 chat hook.
L 12/03/2022 - 21:32:53: -------- Mapchange to de_mirage --------
L 12/03/2022 - 21:32:54: [basecommands.smx] "Console<0><Console><Console>" changed cvar (cvar "mapcyclefile") (value "map_custom.txt")
L 12/03/2022 - 21:32:56: [warmod.smx] Current Map: de_mirage, Warmod Version: 22.10.29.1916
L 12/03/2022 - 21:32:56: [chat-processor.smx] Message formats generated for game 'csgo'.
L 12/03/2022 - 21:32:56: [chat-processor.smx] Successfully hooked a SayText2 chat hook.
L 12/03/2022 - 21:40:06: -------- Mapchange to de_mirage --------
L 12/03/2022 - 21:40:06: [basecommands.smx] "Console<0><Console><Console>" changed cvar (cvar "mapcyclefile") (value "map_custom.txt")
L 12/03/2022 - 21:40:08: [warmod.smx] Current Map: de_mirage, Warmod Version: 22.10.29.1916
L 12/03/2022 - 21:40:08: [chat-processor.smx] Message formats generated for game 'csgo'.
L 12/03/2022 - 21:40:08: [chat-processor.smx] Successfully hooked a SayText2 chat hook.
L 12/03/2022 - 22:08:12: -------- Mapchange to de_mirage --------
L 12/03/2022 - 22:08:12: [basecommands.smx] "Console<0><Console><Console>" changed cvar (cvar "mapcyclefile") (value "map_custom.txt")
L 12/03/2022 - 22:08:14: [warmod.smx] Current Map: de_mirage, Warmod Version: 22.10.29.1916
L 12/03/2022 - 22:08:15: [chat-processor.smx] Message formats generated for game 'csgo'.
L 12/03/2022 - 22:08:15: [chat-processor.smx] Successfully hooked a SayText2 chat hook.
